24
 energy: -43.497792850187 gnorm: 0.086235287875 xtb: 6.7.1 (edcfbbe)
Cl           2.39672000000000        0.03146000000000       -0.80535000000000
C            0.73298000000000       -0.18377000000000       -0.41757000000000
C           -0.06527000000000        0.92437000000000       -0.13920000000000
C           -1.42237000000000        0.77667000000000        0.22251000000000
C           -1.97018000000000       -0.51386000000000        0.25714000000000
O           -3.21379000000000       -0.88453000000000        0.67251000000000
C           -4.42364000000000       -0.25912000000000        0.18104000000000
C           -4.96594000000000        0.82248000000000        1.15396000000000
O           -5.41972000000000        1.87172000000000        0.61008000000000
O           -4.93531000000000        0.52977000000000        2.38716000000000
C           -4.43186000000000        0.03525000000000       -1.31530000000000
C           -1.14635000000000       -1.61895000000000       -0.01817000000000
C            0.19771000000000       -1.46149000000000       -0.35584000000000
C           -2.16907000000000        2.02081000000000        0.60550000000000
H            0.37745000000000        1.91738000000000       -0.16905000000000
H           -5.17617000000000       -1.05314000000000        0.29914000000000
H           -4.26096000000000       -0.88391000000000       -1.88575000000000
H           -5.39375000000000        0.45638000000000       -1.62737000000000
H           -3.65315000000000        0.74076000000000       -1.61292000000000
H           -1.56713000000000       -2.61947000000000        0.05496000000000
H            0.81264000000000       -2.33442000000000       -0.54804000000000
H           -2.59290000000000        1.92094000000000        1.60710000000000
H           -1.50335000000000        2.89110000000000        0.63804000000000
H           -2.93882000000000        2.25596000000000       -0.13093000000000
24
 energy: -43.504763048536 gnorm: 0.036480354477 xtb: 6.7.1 (edcfbbe)
Cl           2.38426501610934        0.04075410368405       -0.81635429604711
C            0.71886872974519       -0.18353526614834       -0.41545955891987
C           -0.07776005202577        0.91456015777823       -0.13623757561789
C           -1.42162620904693        0.77389081015723        0.21857060083341
C           -1.96986010079575       -0.51967300642067        0.25260670140592
O           -3.21235492960395       -0.89565296963453        0.64447226310068
C           -4.43122987178874       -0.27414552620253        0.18550750657741
C           -4.94642671985298        0.86481948931307        1.13887782273826
O           -5.42233388698889        1.87702358506179        0.58865555117020
O           -4.91486465100759        0.58506361713037        2.34878882091491
C           -4.40899921562716        0.03939378235661       -1.30560560227054
C           -1.13817298086365       -1.61393624362444       -0.02439832062234
C            0.19614240679487       -1.46101191255032       -0.34969093393637
C           -2.17424018279902        2.01046344744848        0.60325940173530
H            0.36039781281377        1.90357453946593       -0.16570924043504
H           -5.16790936278176       -1.08270862348683        0.32871743861502
H           -4.24900007453076       -0.87856329530125       -1.87926856457718
H           -5.37323254697514        0.46409438972958       -1.58324301822603
H           -3.63415605290281        0.75362323216126       -1.58476437587651
H           -1.56216692537190       -2.60581844505642        0.04310083665720
H            0.81306949265926       -2.32606794030366       -0.55046725377248
H           -2.62709270965039        1.88777410542173        1.58583866822565
H           -1.50177944652214        2.87233836851767        0.63868440382337
H           -2.97176753898708        2.23612960050301       -0.10223127549595
24
 energy: -43.506125535357 gnorm: 0.023749941305 xtb: 6.7.1 (edcfbbe)
Cl           2.37329162857829        0.05971936037681       -0.83305260467526
C            0.70659414921866       -0.18041887777508       -0.41475412336381
C           -0.09349244399822        0.90818037511078       -0.13194844393893
C           -1.42816348425940        0.76737368866160        0.21782558905543
C           -1.97263094439643       -0.53210410340703        0.25564260306341
O           -3.21237122181184       -0.91549754753793        0.62073420920811
C           -4.43426682512802       -0.28898716472892        0.18528206215973
C           -4.96820165656536        0.88790749291824        1.12321997945961
O           -5.37435176469313        1.90142146612365        0.55128923230665
O           -4.83793771238975        0.67571103989538        2.33102468093165
C           -4.40109731173562        0.03670537093122       -1.30227388275114
C           -1.12931154481654       -1.61542974513821       -0.02428276883697
C            0.19816910297868       -1.46171985027181       -0.34698807857190
C           -2.19044183128327        1.99329576470001        0.60841801998676
H            0.33834879061053        1.89708822869719       -0.16232652707912
H           -5.15887493538639       -1.10379169081121        0.34821614225832
H           -4.24003934763599       -0.87154642449484       -1.88796914567407
H           -5.36103928986416        0.47426219443302       -1.56142439034525
H           -3.62158712492465        0.75457200241722       -1.54775430039739
H           -1.55787317635175       -2.60203731646539        0.03480910418268
H            0.82127177906684       -2.31797708387320       -0.55436348914923
H           -2.65888040507770        1.84933417328010        1.58023492638207
H           -1.52101575060179        2.85197855682584        0.64882550288204
H           -3.00832867953293        2.21435009013264       -0.07473429709331
24
 energy: -43.507418126729 gnorm: 0.013275929110 xtb: 6.7.1 (edcfbbe)
Cl           2.36971401538929        0.07669624986388       -0.84835680655570
C            0.70304164695537       -0.17750475556093       -0.41779861918805
C           -0.10231670259769        0.90596539944364       -0.13089602833901
C           -1.43432776220948        0.75916695885552        0.21857713757738
C           -1.97251766031420       -0.54552430688039        0.25742717962245
O           -3.20870337250533       -0.93422982223605        0.60839832932883
C           -4.42491407412928       -0.29090725709158        0.18727980137898
C           -4.91412045458683        0.93786672096574        1.11692162417211
O           -5.38602151209915        1.89828148419805        0.50598623204897
O           -4.81851530199576        0.73099333525300        2.32197758934462
C           -4.40483682495377        0.03302397899536       -1.30025910344291
C           -1.12088289982989       -1.62260688317772       -0.02412487095713
C            0.20495411251563       -1.46358993225489       -0.34960775518550
C           -2.20448774606501        1.97630647051904        0.61796189823673
H            0.32403121799707        1.89753088812864       -0.16177850683638
H           -5.15816737580680       -1.09171797272324        0.37345611670306
H           -4.25047241117498       -0.86964487146340       -1.89461913389886
H           -5.35711518230709        0.48915575592034       -1.55419971124755
H           -3.61420740444790        0.74176930305870       -1.53013369167039
H           -1.55113515642240       -2.60903825826468        0.03151993992354
H            0.83427910918657       -2.31413170231785       -0.55959793026656
H           -2.67313365603185        1.81835079474849        1.58829002898509
H           -1.54297032177931        2.83768203952750        0.66428139310625
H           -3.02940428278713        2.19849638249292       -0.05705511283987
24
 energy: -43.507831261043 gnorm: 0.008497598881 xtb: 6.7.1 (edcfbbe)
Cl           2.36851233754643        0.08647994570409       -0.85502891859552
C            0.70313043488394       -0.17451660478066       -0.42183719254479
C           -0.10572522585112        0.90770618204406       -0.13205430971476
C           -1.43923865769058        0.75359072203629        0.22168194812325
C           -1.97408775603381       -0.55227786807124        0.25593924463331
O           -3.21059026354953       -0.94296806210585        0.60469788820950
C           -4.42407636021117       -0.28996767451012        0.18761226606920
C           -4.90953021750758        0.94899954824088        1.11027498702427
O           -5.39917094573445        1.89447584943822        0.48169335730756
O           -4.78021555136874        0.76995910697030        2.32403992383789
C           -4.40891680563435        0.02975093261857       -1.30098507176471
C           -1.11846899596084       -1.62810422259770       -0.02423451947221
C            0.20909602421656       -1.46275044884479       -0.35243933360737
C           -2.20901878888770        1.96808442889913        0.62960520999594
H            0.31758719694863        1.90188250413451       -0.16226148953409
H           -5.16655865434349       -1.07952412364270        0.38046377635013
H           -4.26521135628892       -0.87500023720596       -1.89503401276068
H           -5.35730513668556        0.49337771380778       -1.55737976729591
H           -3.61183222162294        0.72920943573885       -1.53896194085378
H           -1.54429677159002       -2.61816073482655        0.03453839009811
H            0.84178982067096       -2.31165896044604       -0.56229601939083
H           -2.66760366505275        1.80582811381138        1.60426377284331
H           -1.55108103613475        2.83315211643076        0.68038871304383
H           -3.02941740411815        2.19482233715689       -0.04903690200154
24
 energy: -43.508054771872 gnorm: 0.008513306328 xtb: 6.7.1 (edcfbbe)
Cl           2.36437098725585        0.09872915768439       -0.86669797861848
C            0.70123118235179       -0.17087210048773       -0.42703145966730
C           -0.11091076810864        0.90889869553752       -0.13397906346809
C           -1.44378230533745        0.74711596777840        0.22616460755706
C           -1.97479549606825       -0.56008171309256        0.25729155315108
O           -3.21373584615129       -0.95262744501629        0.59789119945492
C           -4.42113960745612       -0.28373298815076        0.18618893191156
C           -4.90470475255388        0.96234872297300        1.10317807293244
O           -5.41193392779554        1.89313657678678        0.46864416305441
O           -4.74146697978895        0.80391030280421        2.31672432696228
C           -4.41159259199588        0.02614573198115       -1.30395061418881
C           -1.11445466137004       -1.63363460681124       -0.02124786501103
C            0.21313215172484       -1.46121264602039       -0.35354851823588
C           -2.21317794922954        1.95863971886184        0.64221166972184
H            0.30765620762511        1.90566701921608       -0.16525560530246
H           -5.17520818921111       -1.05937952963128        0.38547964437612
H           -4.28625351368449       -0.88469001717208       -1.89380085617766
H           -5.35461174741190        0.50192655604359       -1.55973760278325
H           -3.60419932720357        0.71080051377104       -1.55318685277340
H           -1.53400891693729       -2.62736963420578        0.04154628633306
H            0.85003001019929       -2.30779784645190       -0.56195839627904
H           -2.66368321851071        1.79136142369455        1.61998407731551
H           -1.55786544983336        2.82658855818241        0.69684804464308
H           -3.03112529050879        2.18851958172518       -0.03810776490782
24
 energy: -43.508205667831 gnorm: 0.006384982432 xtb: 6.7.1 (edcfbbe)
Cl           2.35841820198112        0.10820473246161       -0.88166033460601
C            0.69857203543375       -0.16797980621878       -0.43205156023577
C           -0.11523372482630        0.90939734654719       -0.13593378152901
C           -1.44621898964396        0.74248272276014        0.23015728436112
C           -1.97466815018434       -0.56531309251789        0.25966413472858
O           -3.21658346518490       -0.95880059168551        0.59167906608441
C           -4.41794202379945       -0.27655489232337        0.18445444867670
C           -4.90044966121096        0.97324338367227        1.09756327459577
O           -5.43407962894247        1.88707720055516        0.46205821696407
O           -4.70932947156221        0.83050596896929        2.30733961025315
C           -4.41173937191850        0.02272782670863       -1.30794606542676
C           -1.11092351986861       -1.63692156260549       -0.01646524715029
C            0.21537618205139       -1.45943748305109       -0.35295464629242
C           -2.21426221241385        1.95174922011836        0.65373246852625
H            0.29882887270135        1.90782546775096       -0.16900350692850
H           -5.18152118536346       -1.04097744070374        0.38969438446982
H           -4.30909276925654       -0.89554880729164       -1.89207352553407
H           -5.34786642872275        0.51420562927887       -1.56119158584941
H           -3.59218127078262        0.68964027738613       -1.57012906447268
H           -1.52458777375545       -2.63323222454024        0.04905356989731
H            0.85495424304307       -2.30424344633775       -0.56070887091946
H           -2.66049157110509        1.77996770971863        1.63265982806110
H           -1.55889578487496        2.82012177047063        0.71116562016959
H           -3.03231253179415        2.18425009087775       -0.02545371784334
24
 energy: -43.508333845416 gnorm: 0.004916793522 xtb: 6.7.1 (edcfbbe)
Cl           2.35166288300066        0.11309697573947       -0.89789650477692
C            0.69576630795942       -0.16626188116961       -0.43662987813206
C           -0.11796349284566        0.90943571610175       -0.13734277932784
C           -1.44665134138163        0.74051125672877        0.23363994317394
C           -1.97422286469827       -0.56722684492381        0.26291865564137
O           -3.21871714764842       -0.96070235185188        0.58801170874399
C           -4.41551208445646       -0.27157993965636        0.18236269938026
C           -4.89910269894173        0.97877075233837        1.09239715528838
O           -5.46802883848951        1.87255868525725        0.45938335923177
O           -4.67746159752946        0.85418900550903        2.29784970185860
C           -4.41015607791731        0.02005296441539       -1.31208592389444
C           -1.10905283255912       -1.63769678273740       -0.01105803188167
C            0.21537741195361       -1.45791825308707       -0.35155813885405
C           -2.21269222151194        1.94853380430973        0.66329385731442
H            0.29287802273383        1.90855423238287       -0.17226050526673
H           -5.18419171603907       -1.02992002764421        0.39097994087875
H           -4.33269641217314       -0.90447799020128       -1.89107197108542
H           -5.33677324577800        0.53174655323167       -1.56189788483268
H           -3.57615147464726        0.66647174468072       -1.58448781098750
H           -1.51831926423892       -2.63521251695566        0.05633044505563
H            0.85584748777084       -2.30194031560251       -0.55899897933041
H           -2.65803167972075        1.77281643714872        1.64176335577518
H           -1.55527753250236        2.81523403178271        0.72264559454371
H           -3.03275959033925        2.18335474420349       -0.01263800851613
24
 energy: -43.508471653136 gnorm: 0.004117252047 xtb: 6.7.1 (edcfbbe)
Cl           2.34479858753322        0.11307746894863       -0.91438289400805
C            0.69338312596949       -0.16580496049895       -0.44068365745009
C           -0.11907036559096        0.90937971541753       -0.13867516288449
C           -1.44582109983859        0.74113332044267        0.23643389354888
C           -1.97398562131323       -0.56620971977853        0.26709670569151
O           -3.22014856214042       -0.95890887283391        0.58846668628173
C           -4.41410714452862       -0.26988945582004        0.18014285277077
C           -4.90186944168584        0.97704593097378        1.08753483007522
O           -5.51477670046829        1.84712279822292        0.46234823616762
O           -4.64465650827794        0.87513641804019        2.28734883671265
C           -4.40609511975246        0.01939228157587       -1.31547344307407
C           -1.10909034007479       -1.63660816941048       -0.00480103450996
C            0.21359309840745       -1.45706775731048       -0.34938793772247
C           -2.20945706734642        1.94917683830004        0.66982430899293
H            0.29024434804066        1.90853906744849       -0.17584220362585
H           -5.18399453819969       -1.02738190611143        0.38711414020881
H           -4.35852680819205       -0.90843506427551       -1.89224131430472
H           -5.31899063535524        0.55816677937185       -1.56067101726914
H           -3.55391217352237        0.64060201639081       -1.59325374050686
H           -1.51587155500763       -2.63424628411768        0.06474444607706
H            0.85336219364953       -2.30144589207506       -0.55669625008097
H           -2.65630115297871        1.77041476647751        1.64699349025869
H           -1.54923551927592        2.81321259467811        0.73044420664144
H           -3.03170100005109        2.18598808594379       -0.00273397799046
24
 energy: -43.508610935591 gnorm: 0.005604323296 xtb: 6.7.1 (edcfbbe)
Cl           2.33908250152873        0.10918376032199       -0.92767043056787
C            0.69168946377748       -0.16664354893961       -0.44334614057456
C           -0.11917462880121        0.90914323248685       -0.13982564194036
C           -1.44480233531363        0.74338149649856        0.23816017526769
C           -1.97420936923690       -0.56375952800068        0.27175621097522
O           -3.22043882616949       -0.95556223057512        0.59338141638887
C           -4.41377228461290       -0.27271683228659        0.17838299874243
C           -4.90767484080774        0.96933834988553        1.08333287884998
O           -5.57247464831314        1.80998429218648        0.46849931262426
O           -4.60781779304407        0.89768555283352        2.27667375936834
C           -4.39892825787772        0.02218366709728       -1.31682541608454
C           -1.11050851270725       -1.63482704567896        0.00127019983130
C            0.21096737618145       -1.45739263140387       -0.34700344916712
C           -2.20710340406548        1.95215988162345        0.67194011788996
H            0.29052782450904        1.90792857260745       -0.17938736553016
H           -5.18172425602998       -1.03427951520476        0.37872684905962
H           -4.38573705338704       -0.90336816859565       -1.89809424918086
H           -5.29355985112159        0.59501809311304       -1.55488981523869
H           -3.52531290793419        0.61417739954523       -1.59232590527601
H           -1.51749974664156       -2.63167090315088        0.07333862428242
H            0.84912660243379       -2.30283225079100       -0.55451317719171
H           -2.65766582372765        1.77110643083621        1.64725895551144
H           -1.54499323934247        2.81402056135937        0.73393153179982
H           -3.03022598929642        2.19013136423229        0.00087856016069
24
 energy: -43.508690371958 gnorm: 0.008761625440 xtb: 6.7.1 (edcfbbe)
Cl           2.33661078437195        0.09928762041234       -0.93271216804254
C            0.69164830546306       -0.16952709820043       -0.44346984159962
C           -0.11709979948659        0.90874297101615       -0.14153699663611
C           -1.44297525596773        0.74807723240941        0.23733128657169
C           -1.97450099392142       -0.55877478226258        0.27727923236085
O           -3.21895939993920       -0.94895349832327        0.60652282775400
C           -4.41462259137738       -0.28000360043142        0.17824392715764
C           -4.92095625639737        0.94930760829954        1.08443869523828
O           -5.62409427656484        1.76658300667090        0.48883973081399
O           -4.59486032167645        0.90095143038960        2.26732982656124
C           -4.38674303744263        0.03155721685136       -1.31414629572062
C           -1.11383120272950       -1.63194289947208        0.00703453350426
C            0.20733786200780       -1.45926404465681       -0.34404145923130
C           -2.20516785257961        1.95975598792051        0.66365233869979
H            0.29581626783293        1.90641603201074       -0.18437556337229
H           -5.17640631301181       -1.05272741756676        0.36161276034669
H           -4.40796250209374       -0.88434424345538       -1.90794237135783
H           -5.26017494266458        0.63994474222508       -1.54287468162937
H           -3.49201172240656        0.59370033177816       -1.57914286018425
H           -1.52470610420026       -2.62678116813600        0.08199118575808
H            0.84244734396587       -2.30696329245886       -0.55186780509689
H           -2.66270213216443        1.78075836189873        1.63653500509660
H           -1.54211611958154        2.82030900340176        0.72543187724085
H           -3.02619973943589        2.19628049967942       -0.01048318423300
24
 energy: -43.508639088234 gnorm: 0.017351432109 xtb: 6.7.1 (edcfbbe)
Cl           2.33386243646214        0.09463775259939       -0.93839462858965
C            0.69098151518397       -0.17184328850563       -0.44368936768842
C           -0.11731503627883        0.90765197024621       -0.14247062704641
C           -1.44314602473089        0.74888608016116        0.23808168299029
C           -1.97456683088619       -0.55857170827884        0.28256307706995
O           -3.21735846032553       -0.94790796640948        0.61620868245472
C           -4.41369865467462       -0.28626580327648        0.17769127282767
C           -4.93170561646592        0.93838932492671        1.08184847842679
O           -5.71327144287842        1.70511660004651        0.49561631880758
O           -4.53727121038194        0.94079251331463        2.25560864423684
C           -4.37418025558654        0.04245393847545       -1.31144606255436
C           -1.11459083073902       -1.63248174166493        0.01242515726808
C            0.20619099624631       -1.46169499848591       -0.34190304773019
C           -2.20745435683733        1.96088828322268        0.65984593744276
H            0.29721555618210        1.90505978416446       -0.18802701092568
H           -5.17238202762971       -1.06599218709528        0.34869117266751
H           -4.44464372353776       -0.86199838489941       -1.92239118184591
H           -5.21932285700942        0.69968179950429       -1.52534356228061
H           -3.44973168783807        0.56267558615542       -1.56709829650621
H           -1.52853567036421       -2.62629569583164        0.09038739304144
H            0.84022444768467       -2.31007363369314       -0.55067873255123
H           -2.67144598507759        1.78013379089615        1.63016717031349
H           -1.54573497837381        2.82202991591898        0.72556365939519
H           -3.02434930214333        2.19711806850884       -0.01960612922349
24
 energy: -43.508813144972 gnorm: 0.003405982009 xtb: 6.7.1 (edcfbbe)
Cl           2.33987504367939        0.09982339466419       -0.92435909707826
C            0.69250989034546       -0.17081886455485       -0.44045710650170
C           -0.11757241593031        0.90763574950314       -0.14084369961473
C           -1.44429543830638        0.74589166707638        0.23623153831864
C           -1.97414205083265       -0.56174486927626        0.27709424962196
O           -3.21718412439899       -0.95194099915537        0.60928465062932
C           -4.41397150694161       -0.28272187614649        0.17938703192029
C           -4.92469508960594        0.94849251451606        1.08683036461423
O           -5.64890693021927        1.74635739650738        0.48696183043666
O           -4.57605603195110        0.91889385246529        2.26844263731904
C           -4.38238772837703        0.03931566295036       -1.31011634699759
C           -1.11260743724514       -1.63462953018605        0.00565840565154
C            0.20920677647334       -1.46123973976432       -0.34428075747505
C           -2.21045119184237        1.95666607605485        0.65803621610624
H            0.29594202932669        1.90544319564388       -0.18384050584440
H           -5.17454692293553       -1.05753699534678        0.35906874194893
H           -4.41385220747124       -0.86721003214398       -1.91547788500070
H           -5.24754509680907        0.65786387867344       -1.53153924360569
H           -3.48248487975578        0.59179081961654       -1.56948892458501
H           -1.52581417833147       -2.62930446417450        0.08034466419851
H            0.84516611491586       -2.30814525966092       -0.55314270495653
H           -2.67146768117660        1.77781652595420        1.62969882326297
H           -1.55043459930263        2.81981986916505        0.72297412662450
H           -3.02651434330755        2.19187202761893       -0.02281700899302
24
 energy: -43.508845582123 gnorm: 0.003894146394 xtb: 6.7.1 (edcfbbe)
Cl           2.34183965977601        0.10006379779342       -0.92063726909317
C            0.69354704105178       -0.17119006110713       -0.43960383160587
C           -0.11706124472378        0.90742310186828       -0.14141349596518
C           -1.44415065275802        0.74488346852961        0.23545630721282
C           -1.97306609319837       -0.56292427951717        0.27748101277713
O           -3.21622081790658       -0.95268859218211        0.61089518166649
C           -4.41223748455263       -0.28147099780894        0.17985306881834
C           -4.92916810485145        0.94572599070897        1.08956206771929
O           -5.66483725984160        1.73674387709961        0.49280228579332
O           -4.57738404666951        0.91719805643162        2.26795488370835
C           -4.37965691970709        0.04352394632228       -1.30871059107679
C           -1.11147527474970       -1.63591410510501        0.00610523160171
C            0.21058836267685       -1.46178433813564       -0.34370452348864
C           -2.21141652192000        1.95601275373697        0.65423663515536
H            0.29618733855932        1.90540765720270       -0.18505738628441
H           -5.17409874663401       -1.05564476546209        0.35584182095968
H           -4.42518676916833       -0.86307751101143       -1.91692481693451
H           -5.23931586005082        0.67561577232237       -1.52524411312659
H           -3.47089216033821        0.58505966810868       -1.56901521376628
H           -1.52442608839127       -2.63088729558430        0.08113035758444
H            0.84695364331798       -2.30855115457664       -0.55221251220379
H           -2.67390960114373        1.77863839364938        1.62535076013142
H           -1.55200870927352        2.81990342680347        0.71972618265673
H           -3.02483368950323        2.19032318991324       -0.03022204223971
24
 energy: -43.508885136401 gnorm: 0.003040994362 xtb: 6.7.1 (edcfbbe)
Cl           2.34555389993890        0.09954016696338       -0.91171269385251
C            0.69492216032558       -0.17233473889422       -0.43667396207612
C           -0.11634975487566        0.90656307895886       -0.14125049724903
C           -1.44404415752681        0.74352322203274        0.23368942393396
C           -1.97179731747979       -0.56450893293227        0.27758557939154
O           -3.21477699083217       -0.95319296856600        0.61323345168433
C           -4.41088176166776       -0.28163308995436        0.17993620028042
C           -4.93692020438117        0.94076181053915        1.09432523922703
O           -5.69187741317932        1.71672333313052        0.50183670610757
O           -4.56792446400786        0.92290372098875        2.26868813934063
C           -4.37516769614882        0.05135316601881       -1.30636969234224
C           -1.11019804500025       -1.63764709146564        0.00609745662188
C            0.21223416820048       -1.46307656051542       -0.34242447495034
C           -2.21417375811990        1.95472466913940        0.64716941763762
H            0.29696396893217        1.90448495939990       -0.18537462546560
H           -5.17240938821965       -1.05733490212103        0.35037271129944
H           -4.43912834825554       -0.85029853406762       -1.92160153857107
H           -5.22462825674964        0.70104435220631       -1.51501938250403
H           -3.45628407607362        0.57717571113663       -1.56604651786329
H           -1.52376592807238       -2.63254754536328        0.08053733268850
H            0.84903506984091       -2.30952086889884       -0.55098325324953
H           -2.68136441803929        1.77870963394364        1.61624128865741
H           -1.55586400899360        2.81959960513558        0.71460390027210
H           -3.02338327961468        2.18737780318518       -0.04321020901850
24
 energy: -43.508908743014 gnorm: 0.003841314040 xtb: 6.7.1 (edcfbbe)
Cl           2.35126514633939        0.09753618937619       -0.89934169064403
C            0.69739965739950       -0.17408770853378       -0.43224251783338
C           -0.11441869728099        0.90539492756982       -0.14066093565649
C           -1.44311042608965        0.74243759760800        0.23071911205261
C           -1.97005886153567       -0.56566607864040        0.27649648387950
O           -3.21285913932078       -0.95275025188978        0.61423160703660
C           -4.40929837371975       -0.28142250880798        0.17963949170943
C           -4.94495206382803        0.93486637096641        1.10125478484929
O           -5.72243999237507        1.69403838809208        0.51430995223695
O           -4.56018562349984        0.92588781392329        2.27092694240567
C           -4.37175937092199        0.06105935928368       -1.30406997837201
C           -1.10874200772011       -1.63926963545312        0.00577005683077
C            0.21438766135578       -1.46477305726636       -0.34007501064675
C           -2.21654610260092        1.95377226054275        0.63799881899379
H            0.29910545811739        1.90312798771423       -0.18506307214393
H           -5.16951695829244       -1.05963109172347        0.34442893234548
H           -4.45194716804926       -0.83316462688084       -1.92649524688982
H           -5.21072354637312        0.72462777335203       -1.50506974203864
H           -3.44617137096593        0.57259293179897       -1.56401254828427
H           -1.52292538820507       -2.63397449587689        0.07933835015147
H            0.85151745323031       -2.31111197412325       -0.54795673834406
H           -2.69028119444873        1.77870083929535        1.60409991621913
H           -1.55915600761877        2.81920711449621        0.70832994932691
H           -3.02081308359615        2.18499187517705       -0.05890691718409
24
 energy: -43.508922534142 gnorm: 0.002103340727 xtb: 6.7.1 (edcfbbe)
Cl           2.35448573797570        0.09751660869109       -0.89200081912921
C            0.69892415876396       -0.17425014959951       -0.42904072397788
C           -0.11366758426966        0.90513762344784       -0.13990878089894
C           -1.44295950703202        0.74187799619324        0.22874610604786
C           -1.96955110744307       -0.56638359482703        0.27473556358947
O           -3.21271396731683       -0.95339820221365        0.61126961145930
C           -4.40926029516581       -0.28176250935851        0.17820027206703
C           -4.94662403306128        0.93192582438468        1.10487812280308
O           -5.72832361355783        1.68602589327936        0.52197324265779
O           -4.55510458410194        0.92570277889800        2.27273261316680
C           -4.37257678911212        0.06516298449830       -1.30441116239086
C           -1.10756861612331       -1.63984124719885        0.00583662879976
C            0.21608918029073       -1.46497661726438       -0.33743132732495
C           -2.21795868908539        1.95307989992804        0.63358808031983
H            0.29937726342287        1.90296680250425       -0.18414677619224
H           -5.16944338672778       -1.06027635795021        0.34153106247648
H           -4.46320628817929       -0.82651254227211       -1.92933754570255
H           -5.20637607761274        0.73730515855203       -1.50077453100470
H           -3.44274190141749        0.56876394515267       -1.56584341143292
H           -1.52097881763274       -2.63472762812615        0.07891344352013
H            0.85390078700618       -2.31111878892009       -0.54388289865184
H           -2.69541310443294        1.77759150164828        1.59772777486974
H           -1.56064804855238        2.81824574101530        0.70618999976078
H           -3.01989071663471        2.18433487953761       -0.06589454483183
24
 energy: -43.508934411847 gnorm: 0.001586991605 xtb: 6.7.1 (edcfbbe)
Cl           2.35736944526989        0.09682144515189       -0.88686549658840
C            0.70089420544810       -0.17439739226895       -0.42648203023251
C           -0.11230705872478        0.90505368858142       -0.13948345518331
C           -1.44222070091989        0.74183928789129        0.22694379571150
C           -1.96894752037379       -0.56643576942429        0.27263739353941
O           -3.21257987362644       -0.95379006768998        0.60675871524032
C           -4.40904468025034       -0.28129749535566        0.17676588520099
C           -4.94683855048232        0.92981139826552        1.10713767194528
O           -5.73360803339672        1.68093954781431        0.52831912587000
O           -4.55330745581740        0.92244224380910        2.27347441887983
C           -4.37549144593035        0.06794926157739       -1.30541072587917
C           -1.10635705505524       -1.63994688604357        0.00630641223702
C            0.21793733240635       -1.46504545592888       -0.33453259702419
C           -2.21758518136651        1.95311748194405        0.63081859700238
H            0.30042299527030        1.90300149553844       -0.18332807680374
H           -5.16911931302739       -1.05988147671135        0.33981833256923
H           -4.47243073394856       -0.82180027102216       -1.93098844986937
H           -5.20656743240783        0.74326960329181       -1.49864907809313
H           -3.44480499513519        0.56732542488997       -1.56967329850578
H           -1.51892308553450       -2.63509896610602        0.07940071759858
H            0.85627761060384       -2.31133275116116       -0.53874552190708
H           -2.69706464572806        1.77680569980476        1.59371259738244
H           -1.55995898869436        2.81768584002080        0.70563656867432
H           -3.01797483857868        2.18535411313148       -0.06992150176450
24
 energy: -43.508952451469 gnorm: 0.001753339048 xtb: 6.7.1 (edcfbbe)
Cl           2.36461904300323        0.09550396963004       -0.87419320457649
C            0.70659393297424       -0.17457060754523       -0.41910251934065
C           -0.10876541713200        0.90482453345772       -0.13812310635774
C           -1.44034057013861        0.74169112473866        0.22234547037366
C           -1.96736654214655       -0.56678947508706        0.26719304231151
O           -3.21242002640306       -0.95630214004973        0.59247365672463
C           -4.40878686466955       -0.28115841886285        0.17207999418129
C           -4.94729360137611        0.92264156197236        1.11151851874381
O           -5.75642968071412        1.66062879650794        0.54619510775943
O           -4.53841814333401        0.91857554763703        2.27228860518014
C           -4.38412029217263        0.07622230695159       -1.30889714830905
C           -1.10225570415381       -1.64018668045825        0.00902797382057
C            0.22375781817100       -1.46515130115544       -0.32513124165043
C           -2.21655062069578        1.95322759859345        0.62375907822765
H            0.30298358188273        1.90322076631464       -0.18141373942259
H           -5.16874465426290       -1.06003874906624        0.33408054918535
H           -4.50822651134932       -0.80770429555684       -1.93830241182717
H           -5.20387261555822        0.76973586939663       -1.48962074564625
H           -3.44546287607394        0.55692083013910       -1.58064670179497
H           -1.51277013581687       -2.63602052222555        0.08275763100925
H            0.86378975005963       -2.31182987214967       -0.52252926912368
H           -2.70173761261412        1.77424523680305        1.58325512588157
H           -1.55791170142048        2.81610059779529        0.70536188028502
H           -3.01250055605865        2.18860332221958       -0.08072654563472
24
 energy: -43.508962228547 gnorm: 0.002315452837 xtb: 6.7.1 (edcfbbe)
Cl           2.36948287446038        0.09584357128628       -0.86332779576495
C            0.71036306395502       -0.17459398096800       -0.41353738702873
C           -0.10684297487225        0.90444979898990       -0.13633835794999
C           -1.43965483239112        0.74119553456867        0.21966296707737
C           -1.96675162812185       -0.56738357523199        0.26271412385042
O           -3.21251250745554       -0.95975135034561        0.58091914753269
C           -4.41009087926690       -0.28199929760737        0.16938278812782
C           -4.94515696767852        0.91899454434829        1.11313847537924
O           -5.75729143152684        1.65649802595496        0.55338785671752
O           -4.53052066737781        0.91335326394513        2.27260357000102
C           -4.39225866464714        0.08062513307853       -1.31089431246704
C           -1.09937830059563       -1.64045083764313        0.00942304290233
C            0.22787832916422       -1.46530358566671       -0.31950412444656
C           -2.21640669974718        1.95294183737712        0.61948701574415
H            0.30474767569747        1.90301982145148       -0.17860958721406
H           -5.16935495712301       -1.06129816984566        0.33268537193827
H           -4.52197717666152       -0.79930715355146       -1.94232415428869
H           -5.21020391755691        0.77627087175727       -1.48503870546480
H           -3.45446136656884        0.55900502355724       -1.58534278373976
H           -1.50993153271437       -2.63641019511670        0.08294869290567
H            0.86920363150404       -2.31204898393679       -0.51247345713926
H           -2.70345428298330        1.77376174594122        1.57798665478302
H           -1.55748569555751        2.81543816302087        0.70386506905646
H           -3.01017109193476        2.18953979463665       -0.08716411051198
24
 energy: -43.508970096126 gnorm: 0.001963765242 xtb: 6.7.1 (edcfbbe)
Cl           2.37217887063776        0.09661474658994       -0.85584376728867
C            0.71235281900252       -0.17472065077331       -0.40975340539346
C           -0.10604089396400        0.90400859750214       -0.13477093596027
C           -1.43961279800208        0.74065681791338        0.21837587537515
C           -1.96640321285980       -0.56802359293069        0.26061637072131
O           -3.21238842014042       -0.96227160025955        0.57490327902717
C           -4.41085059915684       -0.28285955207217        0.16799672177843
C           -4.94408648393073        0.91603050127512        1.11473883214694
O           -5.75898969866177        1.65304287607017        0.55816417345143
O           -4.52543002835345        0.91036944172352        2.27291042780828
C           -4.39556220685153        0.08383537163183       -1.31148566071658
C           -1.09770748119071       -1.64085146312708        0.00947310551610
C            0.23015207045479       -1.46561495170168       -0.31644871097347
C           -2.21710846947379        1.95277426369064        0.61595980558524
H            0.30560978925878        1.90259482185433       -0.17672511629140
H           -5.16968156154085       -1.06269500043056        0.33111590436001
H           -4.53137723052945       -0.79374368234655       -1.94558499379740
H           -5.21131700376085        0.78412711876228       -1.48030595714643
H           -3.45583820867177        0.55887266389844       -1.58671771160302
H           -1.50902477340222       -2.63660864518514        0.08248439076142
H            0.87213514503668       -2.31223336534768       -0.50767424391295
H           -2.70536756536943        1.77470296435339        1.57409113851641
H           -1.55830389244843        2.81545623923009        0.70060302949889
H           -3.00956816608228        2.18892607967932       -0.09247255146296
24
 energy: -43.508968352387 gnorm: 0.002368759454 xtb: 6.7.1 (edcfbbe)
Cl           2.37270903813071        0.09778631006599       -0.85146229883680
C            0.71237764420578       -0.17460874205385       -0.40775626995157
C           -0.10674580002252        0.90377947905895       -0.13393416472831
C           -1.44069089210885        0.74011103859758        0.21774381237449
C           -1.96690707408263       -0.56877318939052        0.26019667577402
O           -3.21281222776576       -0.96389027225344        0.57353579579334
C           -4.41169316904223       -0.28429655831613        0.16739808721439
C           -4.94552997462675        0.91131058980077        1.11802804178735
O           -5.75198263016356        1.65841183361831        0.56027011535506
O           -4.52171492068985        0.90625181957845        2.27406763575762
C           -4.39569823005870        0.08556220145754       -1.31103910723958
C           -1.09755886486069       -1.64131859451789        0.00950251549845
C            0.23046923825541       -1.46572130425696       -0.31520163411468
C           -2.21866495193381        1.95274260948880        0.61298282067642
H            0.30471087158888        1.90243400213110       -0.17585516181778
H           -5.17028033384022       -1.06483428273055        0.32811682981307
H           -4.53162499574184       -0.79103054011261       -1.94716125492008
H           -5.21108897963416        0.78695606337947       -1.47784461891231
H           -3.45529851114450        0.56110086193916       -1.58517162678804
H           -1.50892846394244       -2.63704034097288        0.08211614025757
H            0.87287904195572       -2.31205873596122       -0.50613546985481
H           -2.70678378642130        1.77644173966791        1.57159252036941
H           -1.56012348773317        2.81592844883482        0.69546517915882
H           -3.01124854032337        2.18714556294740       -0.09580456266587
24
 energy: -43.508980657611 gnorm: 0.001456200239 xtb: 6.7.1 (edcfbbe)
Cl           2.37301647124955        0.09852342606671       -0.84856818872188
C            0.71236773006236       -0.17457044955149       -0.40638128926798
C           -0.10724460696964        0.90360319564834       -0.13336650867696
C           -1.44144950537526        0.73975557703529        0.21730650544652
C           -1.96724067643925       -0.56927365017943        0.25991392024783
O           -3.21309692176172       -0.96489330232052        0.57262007510341
C           -4.41190730861303       -0.28475173928052        0.16686999246156
C           -4.94174525352937        0.91175324755491        1.11863019583611
O           -5.74937534938569        1.65990112294787        0.56285318770233
O           -4.52171237498172        0.90095610368750        2.27583327853152
C           -4.39572024455729        0.08663303989716       -1.31098976723599
C           -1.09747450491533       -1.64165487725861        0.00958646208434
C            0.23066659230200       -1.46582895901314       -0.31430995093903
C           -2.21976101806327        1.95275003061494        0.61094317337826
H            0.30407247496468        1.90230529519916       -0.17530266088751
H           -5.17090410156224       -1.06510675310462        0.32680407674284
H           -4.53240581728908       -0.78933421854945       -1.94814820155024
H           -5.21038703616805        0.78925185977812       -1.47658631238046
H           -3.45469469451376        0.56174358328613       -1.58475268371338
H           -1.50890592450840       -2.63734966448439        0.08194399933652
H            0.87335649017297       -2.31198127401624       -0.50506602077220
H           -2.70761313048999        1.77779545881983        1.56996578604670
H           -1.56144120982942        2.81631402176534        0.69174029881306
H           -3.01263007979889        2.18584892545736       -0.09788936758518
24
 energy: -43.508987817463 gnorm: 0.001025400009 xtb: 6.7.1 (edcfbbe)
Cl           2.37398768250082        0.09932712406108       -0.84292857135999
C            0.71267667411100       -0.17453392413972       -0.40368368246227
C           -0.10792208325395        0.90336697588118       -0.13264778033108
C           -1.44266504603867        0.73937376525516        0.21605255155808
C           -1.96777030795298       -0.56993880873137        0.25878062340758
O           -3.21353154211126       -0.96672554016910        0.56999009522575
C           -4.41201388464093       -0.28530352785950        0.16564214855613
C           -4.93704538752994        0.91047275410238        1.12024967112042
O           -5.74320910042962        1.66170669497363        0.56726920310246
O           -4.52252410324326        0.89077451427906        2.27936070280561
C           -4.39679765771476        0.08876484156937       -1.31147919050691
C           -1.09711362684789       -1.64206495143545        0.00992706591375
C            0.23138327255976       -1.46596829933047       -0.31207616311488
C           -2.22115446812831        1.95312605619247        0.60742662954978
H            0.30312744842744        1.90217807460409       -0.17444970517907
H           -5.17149497198432       -1.06514357600640        0.32526682831740
H           -4.53608926142008       -0.78515829599850       -1.95049308111107
H           -5.20965977134758        0.79378646490604       -1.47517653700811
H           -3.45512015381669        0.56178569781599       -1.58561415607719
H           -1.50853458013861       -2.63781226156834        0.08196972846506
H            0.87464994349018       -2.31191610222965       -0.50182644354059
H           -2.70636014957237        1.78128173937245        1.56815435297907
H           -1.56328364361172        2.81732822245638        0.68420219053183
H           -3.01576528130607        2.18368236199943       -0.10026648084157
24
 energy: -43.508993785637 gnorm: 0.000794592023 xtb: 6.7.1 (edcfbbe)
Cl           2.37502289631107        0.10013331363191       -0.83815724821020
C            0.71316891616882       -0.17430966523506       -0.40135454549125
C           -0.10839225348130        0.90327725081404       -0.13193038683875
C           -1.44361437956278        0.73900386881598        0.21498764726022
C           -1.96810250051158       -0.57057993123411        0.25737963669625
O           -3.21388986545242       -0.96860869265924        0.56655080742577
C           -4.41218780006125       -0.28579684455582        0.16447008706953
C           -4.93467968197090        0.90876210208052        1.12175550475619
O           -5.73691692134879        1.66524286620031        0.57052861478699
O           -4.52135282726993        0.88352280630808        2.28124998786625
C           -4.39816988255391        0.09037496165978       -1.31213219929377
C           -1.09650675576654       -1.64236961604422        0.01008392482771
C            0.23236049331494       -1.46593319612302       -0.31001052459133
C           -2.22253635458566        1.95305941932524        0.60500083082779
H            0.30227569066526        1.90224924456691       -0.17364644311977
H           -5.17202522856878       -1.06528667080541        0.32392222390193
H           -4.54104878536084       -0.78209393334578       -1.95220520804832
H           -5.20929803062020        0.79791584787004       -1.47358388112313
H           -3.45563919072575        0.56102396856569       -1.58698215487658
H           -1.50773014069795       -2.63822030310741        0.08195862681748
H            0.87626162900887       -2.31169913636365       -0.49843956665958
H           -2.70485062154742        1.78353110121450        1.56751844901572
H           -1.56519501435756        2.81803270687454        0.67782497432581
H           -3.01918339102520        2.18115853154640       -0.10113915732478
24
 energy: -43.509013285565 gnorm: 0.000909714275 xtb: 6.7.1 (edcfbbe)
Cl           2.37928609497644        0.10414485227983       -0.81968100944973
C            0.71549096486415       -0.17291941590264       -0.39201009795556
C           -0.10997131018415        0.90323299828603       -0.12887518918999
C           -1.44694982719556        0.73751518129234        0.21097820926121
C           -1.96911924491016       -0.57313553517725        0.25194117960963
O           -3.21553979852067       -0.97618810065576        0.55096774770844
C           -4.41320615075094       -0.28768905431648        0.15917318190720
C           -4.92452290018410        0.90260509850136        1.12777593927984
O           -5.71041402556817        1.68008084781818        0.58204667452718
O           -4.51532284520263        0.85691372375530        2.28841906067008
C           -4.40544373865572        0.09603154941626       -1.31583087427626
C           -1.09356196363169       -1.64349290554015        0.01108569958078
C            0.23678611934896       -1.46539216784013       -0.30132382715263
C           -2.22759894466990        1.95223415852429        0.59649695280595
H            0.29910957175533        1.90289412109530       -0.16990182961235
H           -5.17485518296492       -1.06526179365934        0.31913158259400
H           -4.56559259749763       -0.77093562004438       -1.95941496813202
H           -5.20805994671783        0.81580671202660       -1.46743597188168
H           -3.45836944807295        0.55478158994258       -1.59505879964904
H           -1.50375773465237       -2.63985306890161        0.08185918661144
H            0.88334016350142       -2.31035296362445       -0.48424582932798
H           -2.69668827519794        1.79097857712516        1.56694789693857
H           -1.57322945743060        2.82102143432934        0.65240156700686
H           -3.03403952243809        2.16936978126984       -0.10179648187376
24
 energy: -43.509026292143 gnorm: 0.001401300559 xtb: 6.7.1 (edcfbbe)
Cl           2.38533916311301        0.10938471406346       -0.79650418028455
C            0.71922890540532       -0.17116552055516       -0.38004598276231
C           -0.11095534270014        0.90315949485561       -0.12455393911429
C           -1.45017362082371        0.73543547473532        0.20585184794751
C           -1.96985130901980       -0.57642283574501        0.24418409699284
O           -3.21715253983276       -0.98539176679713        0.53046370588540
C           -4.41447420907792       -0.28984827940131        0.15286535999605
C           -4.91210345964748        0.89636066471070        1.13409907998167
O           -5.68159365302812        1.69545989135804        0.59572695594598
O           -4.50762263541332        0.82749660843663        2.29516642109236
C           -4.41586403085963        0.10339523118239       -1.31997177697654
C           -1.08929044179030       -1.64499121278878        0.01192117684192
C            0.24294548181477       -1.46462689546982       -0.29045910687900
C           -2.23322781274192        1.95046042140894        0.58627377112111
H            0.29609318783284        1.90369897131681       -0.16452792122782
H           -5.17816062343660       -1.06506768696965        0.31418053071650
H           -4.59965653489037       -0.75642809347160       -1.96726082820979
H           -5.20661399425456        0.83936171514195       -1.45858076067549
H           -3.46282283873006        0.54566060312935       -1.60646064635258
H           -1.49787499752901       -2.64208484211211        0.08151366744456
H            0.89279806027521       -2.30853707514000       -0.46646721771639
H           -2.68605175416577        1.79897499958584        1.56613567725370
H           -1.58337675110769        2.82397360079342        0.62189946654055
H           -3.05176824939163        2.15413181773234       -0.10179939756121
24
 energy: -43.509032503880 gnorm: 0.000955604362 xtb: 6.7.1 (edcfbbe)
Cl           2.38888670624880        0.11130404048708       -0.78514363778520
C            0.72157778461886       -0.17051485227379       -0.37438115776097
C           -0.11038468032984        0.90315183521916       -0.12227589615072
C           -1.45060308782999        0.73466530697683        0.20346158531891
C           -1.96962362188766       -0.57752589067323        0.24050762797989
O           -3.21754444426145       -0.98847086872776        0.52049234644898
C           -4.41511826864362       -0.29039802487099        0.14985770525437
C           -4.90767383053590        0.89335322760102        1.13714116553267
O           -5.67339683757561        1.69747244509801        0.60246322961162
O           -4.50385076806866        0.81754140042361        2.29736337749817
C           -4.42171169236043        0.10681554288730       -1.32201121752039
C           -1.08718039659133       -1.64548576233305        0.01204933990607
C            0.24592401276237       -1.46426069499700       -0.28560147792950
C           -2.23469325708355        1.94965455272467        0.58155863244175
H            0.29605477650786        1.90397693917815       -0.16099895685585
H           -5.17904108021179       -1.06505294260219        0.31242497745750
H           -4.61772082213086       -0.74898093940254       -1.97061843276905
H           -5.20596136778603        0.85061294489126       -1.45395636510590
H           -3.46617463021167        0.54049880170660       -1.61301286619727
H           -1.49506940397973       -2.64292187498216        0.08069172553974
H            0.89710216781188       -2.30780068908292       -0.45828795116865
H           -2.68069710461912        1.80230090728571        1.56492031970240
H           -1.58729868848481        2.82491325086664        0.60883748299378
H           -3.05803146535732        2.14754134459984       -0.10183155644218
24
 energy: -43.509037514432 gnorm: 0.000453682018 xtb: 6.7.1 (edcfbbe)
Cl           2.39272178455460        0.11313944881770       -0.77294379336066
C            0.72420881933656       -0.17001953826364       -0.36806216374400
C           -0.10949855157710        0.90304684734588       -0.11942276195737
C           -1.45085329118537        0.73381855124382        0.20117469241990
C           -1.96928581191849       -0.57873309087404        0.23698753639073
O           -3.21765335026400       -0.99156791184408        0.51101196020700
C           -4.41584966904599       -0.29138764564689        0.14694340598167
C           -4.90362676640872        0.89029258115770        1.14025152848062
O           -5.66825669791907        1.69873441802774        0.61011452728897
O           -4.49954354885357        0.80711070203432        2.29959757643083
C           -4.42733081152408        0.11084905880725       -1.32350645150974
C           -1.08500579068342       -1.64610333615661        0.01211624935380
C            0.24895983397133       -1.46402166379005       -0.28069292741605
C           -2.23622498556393        1.94905096253668        0.57593890224518
H            0.29639596355747        1.90413117863094       -0.15698092842030
H           -5.17978080902797       -1.06593705952709        0.30984671977736
H           -4.63614201306052       -0.74050226799641       -1.97365440802493
H           -5.20447521295964        0.86316317873455       -1.44825923602340
H           -3.46889465361036        0.53528542833739       -1.61885965914914
H           -1.49233667152604       -2.64383459923799        0.07942307951857
H            0.90125883838948       -2.30715513417130       -0.45088187841033
H           -2.67661795981778        1.80611686750663        1.56234811636330
H           -1.59103997336703        2.82594343497920        0.59523105811564
H           -3.06335867149588        2.14096958934854       -0.10407114455748
24
 energy: -43.509041912353 gnorm: 0.000827171955 xtb: 6.7.1 (edcfbbe)
Cl           2.39561323377719        0.11327315124678       -0.76513637024290
C            0.72623324081133       -0.17007854844399       -0.36416176315604
C           -0.10812874537906        0.90288466341975       -0.11726872133189
C           -1.45022961611600        0.73352338594008        0.19998870190142
C           -1.96873672637156       -0.57907223918192        0.23494102771981
O           -3.21719601972774       -0.99245509152240        0.50643301846356
C           -4.41610472999221       -0.29199620581640        0.14560784373315
C           -4.90295308500331        0.88788447912016        1.14207023061866
O           -5.67212013937735        1.69389046142239        0.61498745629907
O           -4.49516977858973        0.80473033589402        2.29978653385702
C           -4.43046585117332        0.11373183404647       -1.32388472466306
C           -1.08380558601704       -1.64632877803475        0.01169762326980
C            0.25069389116826       -1.46407304372460       -0.27830852852252
C           -2.23668345527715        1.94892931240579        0.57222531401658
H            0.29779510059639        1.90398885012600       -0.15375750778555
H           -5.17940084682176       -1.06709511238595        0.30860800097090
H           -4.64808038387008       -0.73421647569752       -1.97527018155156
H           -5.20265534434783        0.87178969338730       -1.44371615737313
H           -3.47016498442044        0.53180948070597       -1.62210766046390
H           -1.49104579004933       -2.64415558322847        0.07797576584841
H            0.90333383115648       -2.30714887421190       -0.44749389664277
H           -2.67612483592396        1.80804726946619        1.55923283654772
H           -1.59247230500543        2.82640858078806        0.58883822062102
H           -3.06436107404585        2.13811845427917       -0.10763706213362
