13
 energy: -50.075305440402 gnorm: 0.123877058978 xtb: 6.7.1 (edcfbbe)
O            1.40148000000000       -0.61211000000000       -0.47567000000000
C            2.39352000000000       -0.00053000000000        0.02063000000000
O            2.75652000000000        1.19118000000000       -0.20163000000000
C            3.19904000000000       -0.77204000000000        1.07083000000000
C            2.85685000000000       -0.22105000000000        2.42367000000000
C            1.37084000000000       -0.28680000000000        2.73860000000000
F            0.86361000000000       -1.53900000000000        2.63566000000000
F            1.15729000000000        0.08598000000000        4.03816000000000
F            0.59864000000000        0.53651000000000        2.00129000000000
F            3.53404000000000       -0.96632000000000        3.37162000000000
F            3.32699000000000        1.04812000000000        2.60896000000000
F            2.92118000000000       -2.11061000000000        1.01029000000000
F            4.53989000000000       -0.66440000000000        0.81902000000000
13
 energy: -50.085196105877 gnorm: 0.064959055817 xtb: 6.7.1 (edcfbbe)
O            1.40589064676919       -0.59481635693692       -0.50047485078281
C            2.37664707733678        0.01481652051473       -0.03468079632373
O            2.74405376637154        1.17989981451137       -0.22799354763981
C            3.19806559344518       -0.76526334945816        1.04317031633591
C            2.86633701304244       -0.23626705691244        2.42763470610893
C            1.37206658811600       -0.28758735011010        2.75391058732726
F            0.86888948842103       -1.52571950160784        2.64376842590447
F            1.16547368253995        0.07768291084020        4.04603578358829
F            0.61718949781864        0.53551766193807        2.02541126419685
F            3.51136424390011       -0.96733167871378        3.40434432844356
F            3.31047115382714        1.03027553058248        2.61013811064710
F            2.93697492118709       -2.10559445974974        1.02795102429310
F            4.54646632722494       -0.66668268489787        0.84221464790089
13
 energy: -50.088994940071 gnorm: 0.031044581081 xtb: 6.7.1 (edcfbbe)
O            1.42029250804796       -0.59592419239825       -0.54228094604354
C            2.33909557348920        0.04553199122173       -0.07255328191245
O            2.75771336855334        1.16931114328962       -0.27615472792854
C            3.19772719581136       -0.76194963985785        1.03093537355703
C            2.87240197626832       -0.24411217736909        2.43946998362749
C            1.36724480986718       -0.29101105001914        2.77369574384665
F            0.86525855765496       -1.51524184848433        2.65483833705020
F            1.17554349690036        0.06467507479367        4.05981144543471
F            0.63115135839735        0.53619967763379        2.05519782122656
F            3.49666329046835       -0.97045799757127        3.42408521143207
F            3.29808232899831        1.01917023942705        2.61713844335235
F            2.94976772618401       -2.10426959280618        1.03919244783160
F            4.54894780935933       -0.66299162785975        0.85805414852588
13
 energy: -50.090108249621 gnorm: 0.024362475733 xtb: 6.7.1 (edcfbbe)
O            1.40329391642485       -0.59502981335488       -0.53649529134214
C            2.34309863374335        0.04867235138232       -0.12784422064260
O            2.75008815233613        1.17896258604416       -0.27739531092916
C            3.20697128039187       -0.76705538769798        1.02938390047153
C            2.87486999114365       -0.24640754587866        2.44358045572012
C            1.36338068110344       -0.29293110866104        2.77999121361595
F            0.85502276960246       -1.51003112050355        2.65359410266517
F            1.18005387625207        0.05625088190947        4.06566270164888
F            0.63854726180539        0.54358278484197        2.06581576686621
F            3.48958527069724       -0.96845952807292        3.43300151887595
F            3.29217605742776        1.01789435727332        2.61722260078686
F            2.96303804145855       -2.11090535136614        1.04397472695542
F            4.55976406761323       -0.66561310591607        0.87093783530781
13
 energy: -50.090915683955 gnorm: 0.015527954190 xtb: 6.7.1 (edcfbbe)
O            1.40486979343460       -0.60413677503124       -0.55677087750563
C            2.32789275544064        0.06088452604670       -0.14089616835250
O            2.76580641365666        1.17731233881903       -0.31242255098262
C            3.20766291781262       -0.76745397736319        1.03890635605808
C            2.87469283500993       -0.24680379697480        2.45187088969810
C            1.36250581510542       -0.29578084664400        2.78848845454040
F            0.84597678193303       -1.51039575561330        2.65025315784283
F            1.18296085002529        0.04193454822120        4.07930111261739
F            0.64066739231479        0.55389604159634        2.08047296758122
F            3.49390996324874       -0.96850240776629        3.43761678027750
F            3.28963351029126        1.02026227797576        2.62498137517083
F            2.96363091809078       -2.11240255710664        1.04527447369700
F            4.55968005363627       -0.65988361615957        0.87435402935741
13
 energy: -50.091256378325 gnorm: 0.008566122566 xtb: 6.7.1 (edcfbbe)
O            1.40177600575120       -0.60547612861695       -0.56478582289430
C            2.31780950107567        0.06917109500807       -0.15580394363171
O            2.77391498133935        1.17324344220809       -0.34259279514579
C            3.20883976241960       -0.76838452106732        1.05180880231960
C            2.87519462614705       -0.24824204503375        2.45894524951517
C            1.36494900734121       -0.29892356880624        2.79339502377434
F            0.83866616286665       -1.51071821055025        2.64029500741225
F            1.18177142528790        0.02594162407287        4.08951062858478
F            0.64578026693869        0.56449710297667        2.09025445717728
F            3.50165981759781       -0.96569417821221        3.44482048473243
F            3.28736832754265        1.02338369783836        2.63006982621439
F            2.96175225402035       -2.11406281050112        1.04739711110078
F            4.56040786167188       -0.65580549931622        0.87811597084077
13
 energy: -50.091364529787 gnorm: 0.004252275626 xtb: 6.7.1 (edcfbbe)
O            1.39556090336568       -0.60052295346414       -0.56402460727830
C            2.31343395930354        0.07396570559107       -0.16624152552916
O            2.77811203207531        1.17048195350473       -0.36012461493059
C            3.20871874751654       -0.76826964187469        1.05988577165543
C            2.87625203335845       -0.25027349218784        2.46242114586969
C            1.36867842094618       -0.30206207199422        2.79501316890358
F            0.83788917885189       -1.51161601727552        2.63318455877303
F            1.17871621413436        0.01619527171305        4.09273072951507
F            0.65140898261020        0.56724028855151        2.09332430972781
F            3.50696215067447       -0.96090278046351        3.45357723317933
F            3.28522009470860        1.02492914811760        2.63070977336531
F            2.95780794733299       -2.11422581017877        1.04927338179772
F            4.56112933512182       -0.65600960003926        0.88170067495106
13
 energy: -50.091399969121 gnorm: 0.002056920491 xtb: 6.7.1 (edcfbbe)
O            1.38925052441306       -0.59349601440995       -0.55973478028393
C            2.31234962051080        0.07735660322644       -0.17200467117429
O            2.78423737935188        1.16824705150485       -0.37222325373797
C            3.20767486695131       -0.76723047314537        1.06387724907403
C            2.87685775527063       -0.25141119558510        2.46390290664784
C            1.37121539892139       -0.30525940452086        2.79570088618992
F            0.84037820319069       -1.51368753888869        2.62995249151711
F            1.17615844453272        0.01044374307901        4.09311119423771
F            0.65467365003378        0.56507890389959        2.09427650266505
F            3.51015608450060       -0.95527326478400        3.46112202643446
F            3.28258443395044        1.02617157037988        2.62937401349497
F            2.95293003700143       -2.11319845531150        1.04980630781980
F            4.56142360137130       -0.65881152544429        0.88426912711529
13
 energy: -50.091413217982 gnorm: 0.001531266332 xtb: 6.7.1 (edcfbbe)
O            1.38454575054273       -0.58751264253451       -0.55403659115523
C            2.31343040991264        0.07928556985286       -0.17405628280833
O            2.79181916886260        1.16565581450926       -0.38112185446478
C            3.20684951523579       -0.76601618386051        1.06516625087518
C            2.87670113801394       -0.25114056370359        2.46422367607240
C            1.37173419333115       -0.30778112595533        2.79620468519727
F            0.84270933373353       -1.51608136219796        2.62866184412279
F            1.17501673563058        0.00645774491123        4.09332708059282
F            0.65489760255395        0.56243864395952        2.09559265622636
F            3.51200070088640       -0.95042825350109        3.46500754909964
F            3.27959471689183        1.02778291238250        2.62771274772882
F            2.94898388825208       -2.11179619794364        1.04905234465601
F            4.56160684615281       -0.66193435591873        0.88569589385704
13
 energy: -50.091433434062 gnorm: 0.002885061047 xtb: 6.7.1 (edcfbbe)
O            1.37340150926873       -0.57282883541886       -0.53713385885285
C            2.31821223388882        0.08278157507752       -0.17645320197919
O            2.81405010204663        1.15730725081681       -0.40342257539730
C            3.20559235325569       -0.76317376126658        1.06658402029794
C            2.87539938825010       -0.24890442619175        2.46406210976864
C            1.37098199049768       -0.31362669962777        2.79755579606402
F            0.84700190835628       -1.52234131432156        2.62578596015888
F            1.17372309972573       -0.00421485381734        4.09505953073224
F            0.65213136409215        0.55707903842721        2.10082619550830
F            3.51621791530307       -0.93876320239205        3.47028594902270
F            3.27061203367757        1.03298716994806        2.62306896478026
F            2.94030909312289       -2.10814446520402        1.04618642354863
F            4.56225700851469       -0.66922747602965        0.88902468634773
13
 energy: -50.091451226413 gnorm: 0.003001240463 xtb: 6.7.1 (edcfbbe)
O            1.36694215743328       -0.56355067075971       -0.52529772638390
C            2.32221642093162        0.08397621319671       -0.17664796781812
O            2.82924788350913        1.15034846100554       -0.41729684237747
C            3.20567187076497       -0.76196118466419        1.06648799565685
C            2.87396728306165       -0.24683323390853        2.46328118329446
C            1.36942764915883       -0.31679425773996        2.79845695071118
F            0.84789768744836       -1.52586221180627        2.62379542863524
F            1.17412861673136       -0.01174037117987        4.09722296134868
F            0.64850526775247        0.55536467279375        2.10577457436581
F            3.51862545177260       -0.93210155058508        3.47030649954726
F            3.26384361237805        1.03685932175152        2.61962080872233
F            2.93647801228575       -2.10618646459779        1.04419513098047
F            4.56293808677196       -0.67258872350612        0.89153100331721
13
 energy: -50.091472826661 gnorm: 0.008833850961 xtb: 6.7.1 (edcfbbe)
O            1.33886139605036       -0.52399037492399       -0.47585387723322
C            2.33826882086155        0.08840775475004       -0.17803622965255
O            2.89267446642690        1.11993403919474       -0.47606850705289
C            3.20702311240265       -0.75813086118269        1.06580674915804
C            2.86759847904619       -0.23883723173563        2.45968832228054
C            1.36317063355552       -0.32943524317179        2.80212785459129
F            0.84919652505021       -1.53916154664715        2.61430461816741
F            1.17672392226577       -0.04443118885515        4.10726015581246
F            0.63326778368427        0.55042105183471        2.12793007361009
F            3.52809149935531       -0.90574277658653        3.46816935609999
F            3.23498402120769        1.05275292677551        2.60477904155194
F            2.92392807305147       -2.09937735625844        1.03793361589252
F            4.56610126704214       -0.68347919319359        0.90338882677439
13
 energy: -50.091504105906 gnorm: 0.002578344783 xtb: 6.7.1 (edcfbbe)
O            1.34863426084459       -0.53289666979045       -0.48748236953584
C            2.33641996450417        0.08536814533712       -0.17526756976205
O            2.87625754458041        1.12412021432267       -0.45846948556657
C            3.20786504226122       -0.76029223865029        1.06379675460432
C            2.86779701382787       -0.24031107021957        2.45891444152588
C            1.36304590056095       -0.32538611383804        2.80128664868882
F            0.84564431784034       -1.53444800851686        2.61682752901901
F            1.17885234614477       -0.03698958118011        4.10607820024640
F            0.63443659773705        0.55432485210965        2.12566410311053
F            3.52503519937140       -0.91248457866919        3.46394704845837
F            3.24000331695211        1.04918164526985        2.60605850516568
F            2.93010349864345       -2.10206808885538        1.03829922147653
F            4.56579499673172       -0.67918850731938        0.90177697256892
13
 energy: -50.091523960958 gnorm: 0.001824908099 xtb: 6.7.1 (edcfbbe)
O            1.34037453549314       -0.52123135337193       -0.47503278050674
C            2.33932946228948        0.08679544658140       -0.17696486090172
O            2.89245770869352        1.11510244535391       -0.47565132967021
C            3.20848363259537       -0.76002790550482        1.06419059348403
C            2.86602240287273       -0.23899109201250        2.45823463812760
C            1.36209106770373       -0.32858934693568        2.80231168567932
F            0.84478803779348       -1.53696917209027        2.61280983848696
F            1.17963948227622       -0.04702351540235        4.10924838656526
F            0.63147788737908        0.55431685312012        2.13249221342480
F            3.52730297211405       -0.90587287792772        3.46366058953785
F            3.23242679124704        1.05296139594685        2.60196083663555
F            2.92886748452274       -2.10138005890620        1.03847317555213
F            4.56662853501945       -0.68016081885079        0.90569701358517
13
 energy: -50.091140930655 gnorm: 0.028722613476 xtb: 6.7.1 (edcfbbe)
O            1.28406416939546       -0.44357862011077       -0.38759713501831
C            2.35892375377343        0.09382382123290       -0.18559673279268
O            2.99367678196038        1.05249425083080       -0.58360784255481
C            3.21427357091066       -0.75881340577734        1.06514971894043
C            2.85416681851235       -0.23073616275482        2.45287922838537
C            1.35519495712612       -0.34808706828150        2.80688049535308
F            0.83760825515637       -1.55107238786574        2.58313054111255
F            1.18474057682539       -0.11238162012175        4.12772636644678
F            0.61283573757204        0.55696869008561        2.17653543677607
F            3.53998799682478       -0.86387689270841        3.46078672247281
F            3.18431050818718        1.07629983626069        2.57512308587750
F            2.92653424639536       -2.09816153488080        1.03931616315281
F            4.57357262736052       -0.68394890590885        0.93070395184838
13
 energy: -50.091553451982 gnorm: 0.006646404641 xtb: 6.7.1 (edcfbbe)
O            1.31402156821248       -0.48390173801219       -0.43640760024798
C            2.34681129579751        0.09005406373845       -0.18289071804109
O            2.93822066103004        1.08472476517422       -0.52724975173219
C            3.21136430256834       -0.76068625835189        1.06520729376444
C            2.86016596464266       -0.23608779406344        2.45590568715153
C            1.35969506171527       -0.33718071918244        2.80467947801936
F            0.83954685166230       -1.54175649392140        2.59659664581404
F            1.18252025328385       -0.07986113160568        4.11894178122562
F            0.62395097512424        0.55799076594745        2.15534701200375
F            3.53263783153488       -0.88666233385192        3.46247124450533
F            3.21027720997892        1.06330360952716        2.58881617415821
F            2.93095143789479       -2.10175288335789        1.04173465551230
F            4.56972658655476       -0.67925385204040        0.91827809786667
13
 energy: -50.091572427246 gnorm: 0.003730733170 xtb: 6.7.1 (edcfbbe)
O            1.31369941998244       -0.48434005946817       -0.43444365813867
C            2.34648293018211        0.08881834595983       -0.18102204667388
O            2.93501819936646        1.08388689827068       -0.52396773662178
C            3.21186420155628       -0.76083436397977        1.06456376600496
C            2.86036553602685       -0.23623973807520        2.45568198535285
C            1.35941491171916       -0.33623849676981        2.80349690452024
F            0.83928490335849       -1.54055326798541        2.59522065884746
F            1.18207769889930       -0.07886047756326        4.11735176217788
F            0.62457786100415        0.55906665947060        2.15417325141001
F            3.53147757470595       -0.88788519458460        3.46229892188259
F            3.21198988724896        1.06236134956790        2.58936711892853
F            2.93357825559853       -2.10235768023374        1.04164621435846
F            4.57005862035136       -0.67789397460904        0.91706285795137
13
 energy: -50.091588690086 gnorm: 0.001524305996 xtb: 6.7.1 (edcfbbe)
O            1.31115053695794       -0.48242530657444       -0.42897618471057
C            2.34443904782229        0.08733487021475       -0.17921343649750
O            2.93339793339515        1.07893367754998       -0.52676018081769
C            3.21223724179054       -0.76064267778050        1.06471686485832
C            2.86046846831469       -0.23671512039460        2.45612763165865
C            1.35922321611910       -0.33518248410790        2.80206223832503
F            0.83849036600222       -1.53823653345830        2.58955371653878
F            1.18080461105178       -0.08154004404515        4.11608383618734
F            0.62641584266328        0.56267191530361        2.15514379708835
F            3.52945066356446       -0.88932222874486        3.46367613871904
F            3.21445311294848        1.06098060574240        2.59083555085532
F            2.93926186856734       -2.10349497823550        1.04291603107550
F            4.57009709080277       -0.67343169546946        0.91526399671942
13
 energy: -50.091604592392 gnorm: 0.003061792287 xtb: 6.7.1 (edcfbbe)
O            1.30237882091971       -0.47783852471652       -0.41330517001786
C            2.34357895464715        0.08489830391914       -0.17790484901798
O            2.93553370047227        1.06902551051237       -0.53675149790863
C            3.21416813489508       -0.75954509137190        1.06513792303505
C            2.86044292228410       -0.23661345276364        2.45635627895689
C            1.35844747528476       -0.33449989935408        2.79968447608120
F            0.83649900144994       -1.53536702693455        2.57810638303127
F            1.17888474316769       -0.08965127426390        4.11517520124717
F            0.62830337144633        0.56941780172239        2.15860080019276
F            3.52704210397611       -0.89005129450226        3.46522076823349
F            3.21571593466062        1.06046778009441        2.59256975953710
F            2.94708801199508       -2.10387981003883        1.04399202960379
F            4.57180682480121       -0.66743302230262        0.91454789702574
13
 energy: -50.091657356285 gnorm: 0.004943100087 xtb: 6.7.1 (edcfbbe)
O            1.27321763071626       -0.45773529743099       -0.36018318703066
C            2.34146397858568        0.07788463454710       -0.17442651504594
O            2.95341408767432        1.03130376722396       -0.58206168307022
C            3.21976416255512       -0.75536641833172        1.06675200263483
C            2.85896622173407       -0.23551861037728        2.45716991444922
C            1.35500876742206       -0.33421489461640        2.79404901268803
F            0.82865821355792       -1.52706878807569        2.54092943687407
F            1.17418332396138       -0.12191331316403        4.11569761491066
F            0.63188355218995        0.59141051475235        2.17617745276676
F            3.52070280265133       -0.88992595913891        3.46893287557777
F            3.21511119811514        1.06101324730068        2.59646038387840
F            2.97097157530722       -2.10395216406603        1.04695057463068
F            4.57654448552958       -0.64698671862303        0.91498211673640
13
 energy: -50.091547620515 gnorm: 0.017796418327 xtb: 6.7.1 (edcfbbe)
O            1.23349975938720       -0.42861376239153       -0.28435246274419
C            2.33780004104132        0.06720204034565       -0.17036239658071
O            2.98003245036843        0.97305414724717       -0.65361198977459
C            3.22794233437628       -0.74880680306223        1.06940153943830
C            2.85631126113156       -0.23426659265735        2.45878360237445
C            1.34952718835011       -0.33379980067034        2.78705431977665
F            0.81452903166154       -1.51281499249987        2.48666947404634
F            1.16825089470572       -0.17159035395472        4.11803982684848
F            0.63699907979170        0.62553164919516        2.20616103506786
F            3.51160289767997       -0.89158062551668        3.47290818410119
F            3.21354574694407        1.06186222354385        2.60267220150332
F            3.00679817105525       -2.10326376148033        1.05062819721802
F            4.58305114350690       -0.61398336809876        0.91743846872489
13
 energy: -50.091737908776 gnorm: 0.002779649649 xtb: 6.7.1 (edcfbbe)
O            1.24089260957276       -0.42670516604235       -0.28216122261475
C            2.33987231012600        0.06521054148457       -0.17095701546414
O            2.97704181403797        0.96531380298398       -0.65738164418427
C            3.22888805622870       -0.74658844823283        1.06873511379305
C            2.85537201761642       -0.23327695124712        2.45796349219092
C            1.34899600696121       -0.33388634852775        2.78771496417382
F            0.81209211268095       -1.50992884463966        2.48638624010405
F            1.16926399065422       -0.17522516300126        4.11820773362112
F            0.63590079881288        0.62618008871706        2.21153549551802
F            3.51248400922031       -0.89307781976296        3.46877970540044
F            3.21155607592477        1.06306175866394        2.60372170598861
F            3.00414942678417       -2.09923973302753        1.04776261869839
F            4.58338077137970       -0.61290771736809        0.92112281277476
13
 energy: -50.091752416309 gnorm: 0.001060717242 xtb: 6.7.1 (edcfbbe)
O            1.24149543008429       -0.42473229860565       -0.28078088824744
C            2.34041331621482        0.06537817305882       -0.17276469538202
O            2.97699041491287        0.96167315206090       -0.66518659942681
C            3.23004900403936       -0.74521170134249        1.06873964401935
C            2.85508786937252       -0.23306084680454        2.45824799676756
C            1.34887597151289       -0.33456803802036        2.78843916846184
F            0.81079747589068       -1.50867515827276        2.48577162218117
F            1.17005296634060       -0.17836488315751        4.11883194173918
F            0.63589988236392        0.62644795651903        2.21491635839345
F            3.51313375328665       -0.89364784368922        3.46773139413712
F            3.20965196061382        1.06377360760352        2.60512443904603
F            3.00274155742168       -2.09700226322745        1.04699900600685
F            4.58470039794595       -0.61307985612228        0.92536061230373
13
 energy: -50.091758128713 gnorm: 0.002106005038 xtb: 6.7.1 (edcfbbe)
O            1.23955176757272       -0.41744664025281       -0.27363971510265
C            2.34332449336825        0.06365520258539       -0.17872509289469
O            2.97956022750171        0.95442513914428       -0.68086985116292
C            3.23238761088142       -0.74283741953490        1.06885907922487
C            2.85409174580461       -0.23237225293326        2.45873926323004
C            1.34822331622735       -0.33641858307827        2.78992843233927
F            0.80850864010389       -1.50749423248710        2.48390903062303
F            1.17142437695205       -0.18519451824925        4.12066240111306
F            0.63539048654466        0.62693856759535        2.22129307511184
F            3.51442942351744       -0.89288953682204        3.46634678639378
F            3.20473209169668        1.06579207633185        2.60707356820792
F            3.00065443863585       -2.09344115797242        1.04528206070847
F            4.58761138119341       -0.61378664432681        0.93257096220799
13
 energy: -50.091763418756 gnorm: 0.002646692579 xtb: 6.7.1 (edcfbbe)
O            1.23802953767373       -0.41142055219098       -0.26781340023761
C            2.34383531739715        0.06660317184507       -0.17915962769525
O            2.98550565317539        0.94380844294897       -0.69916029745194
C            3.23407618116533       -0.74029709798433        1.06920966107122
C            2.85300531341889       -0.23155110296969        2.45940879453969
C            1.34743198916956       -0.33839859396610        2.79146259277929
F            0.80666988634487       -1.50713084783671        2.48156502996213
F            1.17262572932826       -0.19243566114169        4.12289649123869
F            0.63448355237247        0.62755750289824        2.22769666932811
F            3.51577590410043       -0.89153318736680        3.46536414804465
F            3.19992704737537        1.06786747666483        2.60898132008594
F            2.99865268877215       -2.09012941784000        1.04309738776206
F            4.58987119970643       -0.61401013306080        0.93788123057304
13
 energy: -50.091773557862 gnorm: 0.001274036079 xtb: 6.7.1 (edcfbbe)
O            1.23659289823373       -0.40835490453942       -0.26463423289197
C            2.34461921844637        0.06607035128649       -0.17878388311005
O            2.98833701390408        0.94202104743463       -0.69809846369654
C            3.23340138718529       -0.74071121027311        1.06906347092289
C            2.85268858388013       -0.23127202260349        2.45892314948576
C            1.34714867262311       -0.33870002754192        2.79111126453334
F            0.80720353895314       -1.50833756221666        2.48078570036422
F            1.17251069489014       -0.19310801697045        4.12299198593740
F            0.63357574665217        0.62747272075567        2.22761147504944
F            3.51582493169077       -0.88957782116797        3.46576729690918
F            3.19933155156888        1.06830223965410        2.60726545561232
F            2.99945333586174       -2.09107135754685        1.04332728750051
F            4.58920242611047       -0.61380343627100        0.93609949338352
13
 energy: -50.091789322919 gnorm: 0.002697882285 xtb: 6.7.1 (edcfbbe)
O            1.22963821793378       -0.38780261484677       -0.24513351960741
C            2.34919534581612        0.06605714864684       -0.17953181086693
O            3.00584141938561        0.92276389086539       -0.71539577538249
C            3.23262049343854       -0.73973023369592        1.06876570455355
C            2.85004629530405       -0.22933589333898        2.45743976052584
C            1.34510249227935       -0.34211553692570        2.79163628508365
F            0.80673381167618       -1.51190227616530        2.47495222204827
F            1.17363392678981       -0.20517513026972        4.12592767372295
F            0.62860446651998        0.62797973432707        2.23641583981780
F            3.51746942012838       -0.88029330541276        3.46596679307699
F            3.19128455188689        1.07233489819071        2.60163541720898
F            3.00081829585082       -2.09116170571461        1.04253763276731
F            4.58890126299052       -0.61268897566023        0.93621377705149
13
 energy: -50.091798080216 gnorm: 0.002531904184 xtb: 6.7.1 (edcfbbe)
O            1.22744792681532       -0.37867181322516       -0.23785068426661
C            2.35104816812722        0.06619653542394       -0.18039278835873
O            3.01259754501419        0.91313837152327       -0.72570733838055
C            3.23295416443464       -0.73900132973857        1.06872300869524
C            2.84876282654757       -0.22837969955927        2.45684841802821
C            1.34420188692616       -0.34363450310967        2.79232541714737
F            0.80578555182275       -1.51225096726195        2.47203325434605
F            1.17459122251411       -0.21210813132363        4.12752908193883
F            0.62651661612693        0.62859746560333        2.24250726846608
F            3.51827230254634       -0.87666931869242        3.46552305784552
F            3.18728194492029        1.07432468552607        2.59939747947758
F            3.00100901166493       -2.09042750001134        1.04206387136835
F            4.58942083253961       -0.61218379515459        0.93842995369268
13
 energy: -50.091824993447 gnorm: 0.004298798244 xtb: 6.7.1 (edcfbbe)
O            1.21802933063323       -0.33660752834787       -0.20552331634158
C            2.35947735392908        0.06647999795411       -0.18425148433860
O            3.04143966351671        0.86995284544412       -0.77133707176012
C            3.23435635323149       -0.73665172703485        1.06883337664109
C            2.84318763606096       -0.22370187604272        2.45417016111128
C            1.34031494538614       -0.35015397392606        2.79514595467754
F            0.80180931091005       -1.51290828851702        2.45701605078975
F            1.17884219994952       -0.24503608406554        4.13430066442696
F            0.61727752060372        0.63176692574348        2.27098533752327
F            3.52157458822942       -0.85969191459493        3.46412943129598
F            3.16992040744868        1.08349923995848        2.58808529407986
F            3.00233516128032       -2.08802987906967        1.04173749011590
F            4.59132552882072       -0.60998773750152        0.94813811177868
13
 energy: -50.091845451092 gnorm: 0.001160943426 xtb: 6.7.1 (edcfbbe)
O            1.21675692630678       -0.32083536915840       -0.19609637953949
C            2.36249987128678        0.06549777075151       -0.18458186956581
O            3.04930153614101        0.85358523201043       -0.78347676647498
C            3.23486319475313       -0.73733054626923        1.06885575220775
C            2.84096991600865       -0.22147699578276        2.45232706757926
C            1.33884890345839       -0.35172580577407        2.79584303910467
F            0.79970806232881       -1.51102834683466        2.44864431468476
F            1.18103831657468       -0.26006568395841        4.13645522785805
F            0.61377060982405        0.63470634217621        2.28466367888939
F            3.52245637098252       -0.85174558440288        3.46361475741978
F            3.16399831595441        1.08720867728030        2.58063831842751
F            3.00404968983934       -2.08870623201656        1.04305621445616
F            4.59162828654146       -0.60915345802145        0.95148664495296
13
 energy: -50.091771473306 gnorm: 0.014181106562 xtb: 6.7.1 (edcfbbe)
O            1.20181424936969       -0.24755834812555       -0.14037889019431
C            2.37610992802641        0.06349150632042       -0.18906312461839
O            3.09186227184281        0.77809473719288       -0.85459348101366
C            3.23789606257070       -0.73518986230481        1.06978302873182
C            2.83231096864610       -0.21171408623463        2.44771518674176
C            1.33261402171132       -0.36151076585699        2.79877958663185
F            0.79305661046374       -1.50867931054213        2.41396584571390
F            1.18789257012470       -0.32231976412776        4.14569016244580
F            0.59968274958682        0.64323596156311        2.33546154456348
F            3.52742517225609       -0.81981248655478        3.46293645293733
F            3.13630064287868        1.10386232566393        2.55908803929621
F            3.00789683861130       -2.08656550566193        1.04667890303950
F            4.59502791391164       -0.60640440133172        0.96536674572472
13
 energy: -50.091865044179 gnorm: 0.002637248810 xtb: 6.7.1 (edcfbbe)
O            1.20925189415792       -0.28321346690377       -0.16660879132319
C            2.36919196064475        0.06395068196520       -0.18662042280294
O            3.06878237707119        0.81446277420934       -0.81969207338729
C            3.23663314251866       -0.73630982513554        1.06979182368179
C            2.83706711283745       -0.21584012186172        2.45052827333608
C            1.33591595900202       -0.35652446574220        2.79676039927786
F            0.79636924100236       -1.50874230994031        2.42761185063850
F            1.18415419686891       -0.29408025551016        4.14024789274702
F            0.60767768871599        0.63991777739299        2.31085818566441
F            3.52495865639246       -0.83478822928277        3.46414054849682
F            3.15045477010788        1.09607968158097        2.57027107694510
F            3.00590214074130       -2.08766314661265        1.04648558398391
F            4.59353085993914       -0.60831909415935        0.95765565274194
13
 energy: -50.091871130552 gnorm: 0.001222077540 xtb: 6.7.1 (edcfbbe)
O            1.20896831928834       -0.27878292756434       -0.16248468638903
C            2.36964944668836        0.06344254249664       -0.18649306212058
O            3.06982410400293        0.80844449912812       -0.82444881861218
C            3.23679658338636       -0.73583386286842        1.07019000686268
C            2.83696564878524       -0.21478595919966        2.45078002779095
C            1.33569073580577       -0.35694707944366        2.79656434209613
F            0.79578389233262       -1.50753179066411        2.42275523170742
F            1.18418738501070       -0.29995348360180        4.14009487455166
F            0.60771264804210        0.64148572981408        2.31458833891029
F            3.52541713247608       -0.83248268216734        3.46467458284070
F            3.14913388975255        1.09729734714479        2.56998296035562
F            3.00605274117276       -2.08725109123188        1.04767724229118
F            4.59370747325623       -0.60817124184240        0.95754895971517
13
 energy: -50.091881053882 gnorm: 0.000674613457 xtb: 6.7.1 (edcfbbe)
O            1.20565499624424       -0.25910713558373       -0.14550514250867
C            2.37170105523985        0.06166217570880       -0.18659724538618
O            3.07675041535990        0.78450071526506       -0.84324352051036
C            3.23800153122883       -0.73412138252085        1.07111644386345
C            2.83601566294470       -0.21122791159789        2.45069068335174
C            1.33455684004982       -0.35913627224663        2.79610537218303
F            0.79357670443148       -1.50418909919636        2.40723848053807
F            1.18456577491393       -0.32074329809361        4.13997970657847
F            0.60656247938476        0.64611649022909        2.32850320136037
F            3.52719147590545       -0.82370572881485        3.46556440865673
F            3.14282268087871        1.10201586803223        2.56759651343799
F            3.00731827815010       -2.08579114043511        1.05097953348297
F            4.59517210526826       -0.60734328074615        0.95900156495241
13
 energy: -50.091875823151 gnorm: 0.006130918292 xtb: 6.7.1 (edcfbbe)
O            1.20028579772289       -0.21363783537723       -0.11012203008352
C            2.37903452792602        0.05916203910765       -0.18971451612055
O            3.09735527341529        0.73111527643500       -0.89014559216440
C            3.23937940867915       -0.73064042389315        1.07268804473777
C            2.83194792994023       -0.20424468995185        2.44965081901126
C            1.33110777905364       -0.36482309437571        2.79746631655430
F            0.78780289488878       -1.49837296032170        2.37880079089189
F            1.18747497332988       -0.36558394487693        4.14313704127361
F            0.60113962289335        0.65497402124142        2.36292426521099
F            3.53093846372857       -0.80464992698588        3.46591308889241
F            3.12656241133555        1.11240355748603        2.55981300653721
F            3.01007898632757       -2.08296820258102        1.05624842660149
F            4.59678193075908       -0.60380381590661        0.96477033865756
13
 energy: -50.091890379375 gnorm: 0.001627189301 xtb: 6.7.1 (edcfbbe)
O            1.20281668979622       -0.23207418734290       -0.12588562107265
C            2.37619180632645        0.06038138322122       -0.18898101596530
O            3.08919562362150        0.75342838428647       -0.87032282254214
C            3.23870999502156       -0.73221907214775        1.07184970620513
C            2.83335883312124       -0.20745747057560        2.44977665833750
C            1.33244075492655       -0.36257954375495        2.79726564177452
F            0.79006221725532       -1.50101806923311        2.39243599045876
F            1.18657932606991       -0.34590729636716        4.14204549391313
F            0.60296512361413        0.65067347799990        2.34867767119663
F            3.52930031745551       -0.81297022960722        3.46527724353838
F            3.13306792309708        1.10790241721859        2.56267290582214
F            3.00920049357549       -2.08434795600790        1.05372269063716
F            4.59600089611904       -0.60488183768954        0.96289545769674
13
 energy: -50.091893856695 gnorm: 0.001238094165 xtb: 6.7.1 (edcfbbe)
O            1.20203449961431       -0.22377765827735       -0.12206820286284
C            2.37735449587570        0.06008777420270       -0.19001729070567
O            3.09292586835868        0.74494922053461       -0.87619089637540
C            3.23907318759028       -0.73204145770719        1.07176045845361
C            2.83220009964428       -0.20676954510049        2.44897592149671
C            1.33174869074424       -0.36356119546571        2.79790675919828
F            0.78906979608026       -1.50055759140559        2.39050458394773
F            1.18770913715805       -0.35121073533109        4.14293067140643
F            0.60134893767634        0.65101406006943        2.35405846659086
F            3.52954894866661       -0.81031763880946        3.46461906443752
F            3.13022152545746        1.10929498197941        2.56028125202778
F            3.01024092321270       -2.08431346707438        1.05378905957085
F            4.59641388992110       -0.60386674761486        0.96488015281414
13
 energy: -50.091900988008 gnorm: 0.001630774600 xtb: 6.7.1 (edcfbbe)
O            1.20210534082974       -0.19934907934608       -0.11040360711890
C            2.38165113680179        0.05997011943610       -0.19428621387298
O            3.10459466515582        0.71731417396273       -0.89989486342880
C            3.23892262996771       -0.73012644578769        1.07217248835175
C            2.82876577421303       -0.20444035321694        2.44815008968922
C            1.32965282149836       -0.36668173762039        2.80068642299273
F            0.78596941968908       -1.49902880298023        2.38340539255915
F            1.19101128398590       -0.36911812116246        4.14660375880222
F            0.59681895976584        0.65255976514766        2.37187978311575
F            3.53056651657416       -0.80283151976205        3.46352993208030
F            3.12171113637586        1.11346326343544        2.55572554587781
F            3.01190451082751       -2.08285958998739        1.05403544844008
F            4.59621580431521       -0.59994167211867        0.96982582251170
13
 energy: -50.091901253227 gnorm: 0.004054937629 xtb: 6.7.1 (edcfbbe)
O            1.20013434479454       -0.16629450889668       -0.09120470105818
C            2.38651008799245        0.05943330419635       -0.19816512707495
O            3.11758977580405        0.68241149752685       -0.92745702039618
C            3.23950665357603       -0.72833078474389        1.07275131894637
C            2.82533042863420       -0.20102032201465        2.44716796078386
C            1.32744639911596       -0.37041160862609        2.80249976354864
F            0.78342861551796       -1.49783440546758        2.37194796885671
F            1.19388619609439       -0.39140342517370        4.14942145073688
F            0.59146084419349        0.65379431917268        2.39119087877429
F            3.53195307512520       -0.79215070064259        3.46324282251925
F            3.11167116660206        1.11897345873904        2.54987068571346
F            3.01412582732412       -2.08157006154038        1.05538188404590
F            4.59684658522555       -0.59666676252934        0.97478211460396
13
 energy: -50.091908851634 gnorm: 0.001448627194 xtb: 6.7.1 (edcfbbe)
O            1.20081288400153       -0.17013371522176       -0.09415617229329
C            2.38555601584560        0.05986326040091       -0.19788784292319
O            3.11487369697119        0.68699916142227       -0.92323001987106
C            3.23941897756630       -0.72839674988777        1.07270337118734
C            2.82595935160417       -0.20166841401667        2.44763242833775
C            1.32792641627305       -0.36975207263850        2.80219560545201
F            0.78451322342962       -1.49883829255348        2.37466816213978
F            1.19327123584031       -0.38637550297366        4.14892118086673
F            0.59199288722109        0.65243392938377        2.38681522961270
F            3.53148525514083       -0.79434931677720        3.46354995920658
F            3.11368129330426        1.11779795681642        2.55154028705895
F            3.01362764371292       -2.08154172463792        1.05477289211372
F            4.59677111908913       -0.59710851931639        0.97390491911201
13
 energy: -50.091913404943 gnorm: 0.000742653274 xtb: 6.7.1 (edcfbbe)
O            1.20073410306448       -0.15609596443642       -0.08738450194170
C            2.38636469555871        0.06041060265206       -0.19904454495815
O            3.11827322780596        0.67186190499336       -0.93446680068509
C            3.23996754106049       -0.72676550127132        1.07306090984378
C            2.82522000067491       -0.20028536808874        2.44798600977606
C            1.32739597613948       -0.37101639320244        2.80268382420667
F            0.78491651396111       -1.49957978093468        2.37170554839082
F            1.19364941054745       -0.39277190250693        4.14945911755094
F            0.58958536608431        0.65124340402382        2.39174427841238
F            3.53181619178127       -0.79144456233631        3.46388730090611
F            3.11083925628745        1.11952082566722        2.55166263250045
F            3.01352331163301       -2.07982749213478        1.05463067780908
F            4.59760440540137       -0.59631977242480        0.97550554818867
