42
 energy: -47.906996341006 gnorm: 0.036770943111 xtb: 6.7.1 (edcfbbe)
C            1.02889000000000        0.03234000000000        0.33701000000000
C            0.78953000000000        1.43382000000000       -0.20353000000000
C            1.19054000000000        1.59950000000000       -1.67133000000000
C            0.46086000000000        0.68728000000000       -2.66208000000000
C           -1.06474000000000        0.82514000000000       -2.68491000000000
C           -1.59788000000000        2.21500000000000       -3.04971000000000
C           -1.13402000000000        2.77151000000000       -4.40043000000000
C           -1.39396000000000        1.87275000000000       -5.61352000000000
C           -2.85980000000000        1.50347000000000       -5.86121000000000
C           -3.77408000000000        2.67575000000000       -6.20992000000000
N           -3.34290000000000        3.33435000000000       -7.46913000000000
C           -2.81968000000000        4.58316000000000       -7.43149000000000
C           -2.41727000000000        5.21898000000000       -8.60042000000000
C           -2.55915000000000        4.56457000000000       -9.81654000000000
C           -3.10971000000000        3.29056000000000       -9.84326000000000
C           -3.50521000000000        2.69377000000000       -8.65216000000000
H            0.37301000000000       -0.70006000000000       -0.14276000000000
H            0.82499000000000        0.00418000000000        1.41221000000000
H            2.06712000000000       -0.27744000000000        0.18113000000000
H           -0.26157000000000        1.70687000000000       -0.06094000000000
H            1.37643000000000        2.14138000000000        0.39468000000000
H            1.04202000000000        2.64668000000000       -1.95953000000000
H            2.26793000000000        1.41207000000000       -1.76419000000000
H            0.86057000000000        0.87743000000000       -3.66501000000000
H            0.71056000000000       -0.35788000000000       -2.44343000000000
H           -1.46672000000000        0.08772000000000       -3.38984000000000
H           -1.47173000000000        0.54301000000000       -1.70671000000000
H           -2.69394000000000        2.18005000000000       -3.03283000000000
H           -1.31585000000000        2.92873000000000       -2.26627000000000
H           -1.61363000000000        3.74467000000000       -4.55584000000000
H           -0.05831000000000        2.97964000000000       -4.35181000000000
H           -0.98500000000000        2.36366000000000       -6.50458000000000
H           -0.82035000000000        0.94489000000000       -5.50441000000000
H           -2.88758000000000        0.76694000000000       -6.67328000000000
H           -3.26732000000000        0.99115000000000       -4.98258000000000
H           -4.80125000000000        2.33034000000000       -6.37678000000000
H           -3.80473000000000        3.42162000000000       -5.40966000000000
H           -2.72412000000000        5.06535000000000       -6.46299000000000
H           -1.99484000000000        6.22108000000000       -8.56377000000000
H           -2.24542000000000        5.04762000000000      -10.74124000000000
H           -3.23153000000000        2.76569000000000      -10.78848000000000
H           -3.94748000000000        1.70171000000000       -8.63261000000000
42
 energy: -47.909560725428 gnorm: 0.015057024980 xtb: 6.7.1 (edcfbbe)
C            1.02583763586447        0.03142942325951        0.33344197158187
C            0.78405789685915        1.43347748743441       -0.20818425816919
C            1.18465694992365        1.60478624477667       -1.67405648219264
C            0.45944407180438        0.69267781253632       -2.66531914715407
C           -1.06437336935561        0.82481420058804       -2.69320892094755
C           -1.60269832753184        2.21121282534019       -3.05399037562820
C           -1.13671697764816        2.77350773005495       -4.39986668180432
C           -1.39351754616216        1.88029862057439       -5.61610851382952
C           -2.85413928728779        1.50278270299820       -5.87123610058556
C           -3.76488932970529        2.67687234147421       -6.22666731440056
N           -3.34774186665254        3.34196315682169       -7.47047180768543
C           -2.81647324997674        4.57310493747116       -7.43377702179105
C           -2.41306442302173        5.21009780895094       -8.59199872329120
C           -2.55743484951973        4.56064388670639       -9.80969109613714
C           -3.10888421602666        3.28679583802901       -9.82879517900928
C           -3.50091283873201        2.70227080410755       -8.64043492334665
H            0.37728781810191       -0.69934690499231       -0.14695169315250
H            0.82569039457421        0.00220110800777        1.40390761199053
H            2.06036444857002       -0.27005343440324        0.17479111107272
H           -0.26730246484924        1.69993397826587       -0.07321626619231
H            1.37091612491636        2.14269084851115        0.38331572477040
H            1.03025998193103        2.64951239684381       -1.95993141982283
H            2.25750991983007        1.40713323248230       -1.76339688739349
H            0.85981628083353        0.88850560853535       -3.66473755106677
H            0.70231208758060       -0.34763949820205       -2.43270143579642
H           -1.45941747840820        0.08685205152512       -3.39857578745180
H           -1.46261220066506        0.55791400294844       -1.71100958235917
H           -2.69677041264239        2.17013802405780       -3.03416594226876
H           -1.30535558623369        2.92097835140850       -2.27775185439740
H           -1.61531725101200        3.74714285090911       -4.54719030288704
H           -0.06156221001787        2.96322297887075       -4.35165522331478
H           -0.98344585229125        2.37186216646867       -6.50546363219119
H           -0.83439941203948        0.95052938586971       -5.49117404496122
H           -2.88766086713542        0.76475712563759       -6.67813913926965
H           -3.26610516946182        1.01881160035708       -4.98301305438649
H           -4.78926032328964        2.31972069548913       -6.37217108895382
H           -3.77327730715830        3.41782943456078       -5.42598037841484
H           -2.72029347275116        5.04815083620379       -6.46783925626013
H           -1.99580787731418        6.20601451950256       -8.54491409962050
H           -2.24960479465128        5.04067360989672      -10.72904783460396
H           -3.24098880203234        2.75771924724032      -10.76208083584186
H           -3.94544584721578        1.71705996288172       -8.61469256283629
42
 energy: -47.909982901554 gnorm: 0.005254283734 xtb: 6.7.1 (edcfbbe)
C            1.02373102904217        0.03225866633507        0.32576957990562
C            0.77358749896698        1.43538689211724       -0.21292452414021
C            1.17865986223827        1.60978620289581       -1.67758884311159
C            0.45875710352480        0.69558084436962       -2.67098511748643
C           -1.06543625765160        0.82314276123648       -2.69976514667696
C           -1.60585723479310        2.20904069089178       -3.05877490510564
C           -1.13798397809722        2.77524373018931       -4.40237607980651
C           -1.38940477105624        1.88313915506418       -5.62070418175540
C           -2.84914652388348        1.50460977420975       -5.87581198630825
C           -3.76150607551843        2.68210047515696       -6.23095640267559
N           -3.34946396676099        3.34380646474347       -7.46421268445361
C           -2.81051663557238        4.56493499049333       -7.42964059561483
C           -2.40707427381989        5.20266039072290       -8.58460763505982
C           -2.55620938474871        4.55615103214033       -9.80410510085172
C           -3.11240952661478        3.28298621880895       -9.81819728957838
C           -3.50181405254080        2.70507928919002       -8.62875197606399
H            0.37952242419399       -0.69838737171696       -0.15616797937153
H            0.82456251546991        0.00224564088480        1.39401905381265
H            2.05855943844732       -0.26057882498768        0.16482183798106
H           -0.27926288307050        1.69350117302776       -0.08198938824132
H            1.35631812047734        2.14568657276552        0.37841206291472
H            1.02013147106575        2.65333443510756       -1.95994293585802
H            2.24976792582806        1.41134464757751       -1.76460611816162
H            0.86141173593427        0.89378943538961       -3.66755062221837
H            0.70019811985057       -0.34141738832783       -2.43218243601800
H           -1.45529378513905        0.08469445988177       -3.40517803515467
H           -1.46029076309347        0.56080140991142       -1.71722579265602
H           -2.69833920784901        2.16467095110877       -3.03835120864221
H           -1.30435348218406        2.91578682168357       -2.28436360277300
H           -1.61367891428440        3.75024344962336       -4.54386761907303
H           -0.06374252109192        2.95569678498348       -4.35126418519001
H           -0.97770821964747        2.37623753437024       -6.50738465807411
H           -0.83419177908169        0.95476764170401       -5.48790031974248
H           -2.88349759503446        0.76429503801399       -6.67802271181312
H           -3.26300362303283        1.03617626635311       -4.98286914956602
H           -4.78406859825751        2.31911061363918       -6.36464809402933
H           -3.75526476443103        3.41639517040766       -5.42555940533971
H           -2.71089170191722        5.03732395544892       -6.46440359284644
H           -1.98543499089733        6.19299698762620       -8.52992670941400
H           -2.24970700076546        5.03325658952498      -10.72118274020568
H           -3.24725953304545        2.74785425194361      -10.74406696949365
H           -3.94971520115891        1.72331617549033       -8.59911579204292
42
 energy: -47.910074767224 gnorm: 0.002865543891 xtb: 6.7.1 (edcfbbe)
C            1.02185418034838        0.03348781593625        0.31986417768866
C            0.76514096710327        1.43675987752141       -0.21704365048776
C            1.17368197925108        1.61473806428001       -1.68062200338844
C            0.45849547370260        0.69763632506826       -2.67529959150053
C           -1.06626306674011        0.82177320588773       -2.70542620296160
C           -1.60756623485037        2.20819368331683       -3.06217467145780
C           -1.13586249426614        2.77658573085837       -4.40380868973790
C           -1.38687193789754        1.88487738897167       -5.62281982495033
C           -2.84639507330812        1.50398888049085       -5.87451458317177
C           -3.75972818309782        2.68449412790847       -6.22692442852398
N           -3.35067083894111        3.34394923916560       -7.45729093223845
C           -2.80439925655805        4.56160457720542       -7.42456492920169
C           -2.39898840256143        5.19733928614238       -8.58034127402164
C           -2.55323110164003        4.55168171696056       -9.79992524260665
C           -3.11479285547367        3.28032716815958       -9.81218514681978
C           -3.50600580040696        2.70546739398522       -8.62176365403229
H            0.38117515363074       -0.69896562965942       -0.16395482448426
H            0.82272375018962        0.00086063792880        1.38792305257458
H            2.05824255462494       -0.25303226621299        0.15770860092590
H           -0.28950866053554        1.68813119105113       -0.08907162159698
H            1.34199175867817        2.14930016210852        0.37684476573014
H            1.01217759831146        2.65776862606400       -1.96236110125286
H            2.24526836303810        1.41960157494695       -1.76492369095156
H            0.86218494930776        0.89681528094925       -3.67089100314823
H            0.70222339687239       -0.33815331743726       -2.43543553841738
H           -1.45405400635828        0.08363721869646       -3.41183070872444
H           -1.46083362927294        0.55795544577795       -1.72363831802943
H           -2.69977702079209        2.16300816286537       -3.04346068220090
H           -1.30734277022865        2.91316242284146       -2.28616985969532
H           -1.61035442809535        3.75194514885019       -4.54427140324574
H           -0.06182473809873        2.95547723026434       -4.34997947241384
H           -0.97596559876662        2.37860201408083       -6.50919880974461
H           -0.83061653329375        0.95776253659752       -5.48962492690103
H           -2.88258354090246        0.76407503272672       -6.67634001661132
H           -3.25804489392047        1.03811779081330       -4.98012031665794
H           -4.78216321471017        2.32045128872994       -6.35506515689085
H           -3.74793466728437        3.41435063722452       -5.41762633699456
H           -2.69975585660216        5.03388900209794       -6.45943877357492
H           -1.97213567013505        6.18521677132098       -8.52363495812799
H           -2.24777727920578        5.02770992731782      -10.71759858538076
H           -3.25335067156707        2.74321901312313      -10.73619519183359
H           -3.95768169954757        1.72523961507406       -8.59095447494031
42
 energy: -47.910184794498 gnorm: 0.003474338256 xtb: 6.7.1 (edcfbbe)
C            1.01857051512243        0.03647300541661        0.30999518475435
C            0.74923217080479        1.43909984930688       -0.22390128347731
C            1.16487978322331        1.62311945755176       -1.68498630384561
C            0.45944454101414        0.70138674853120       -2.68290699781770
C           -1.06609832079700        0.81894622922974       -2.71594168569065
C           -1.60877995182107        2.20628329435421       -3.06820866488256
C           -1.13150080950677        2.77820635445577       -4.40659012162376
C           -1.38284694667771        1.88726256020879       -5.62640800616030
C           -2.84261264037243        1.50364337860337       -5.87002777775894
C           -3.75822629382690        2.68814724964319       -6.21637334936679
N           -3.35223950493583        3.34405318129596       -7.44456812749022
C           -2.79306914798750        4.55693030808585       -7.41519751144392
C           -2.38405073709609        5.18791953921775       -8.57329950708476
C           -2.54737843264612        4.54305451380508       -9.79202563864833
C           -3.11965533151020        3.27613740155013       -9.80168976692153
C           -3.51477904898827        2.70599249808171       -8.60989742470120
H            0.38498566728056       -0.70055768035490       -0.17693728084786
H            0.81863748925577       -0.00123761448667        1.37792889744803
H            2.05810948017029       -0.23925763815734        0.14732445337988
H           -0.30908692030052        1.67803545097455       -0.10197570697454
H            1.31399573423931        2.15659412911959        0.37569960904587
H            0.99760426603971        2.66526273264222       -1.96649258068117
H            2.23827850701334        1.43599024815132       -1.76395886051286
H            0.86499128247288        0.90242962777309       -3.67724022660202
H            0.70853441907391       -0.33287962620272       -2.44250733211566
H           -1.45020011675547        0.08238188679134       -3.42583355086848
H           -1.46183870961016        0.54946006956155       -1.73627134645515
H           -2.70092270547781        2.16030132452417       -3.05376695471827
H           -1.31268622999662        2.90829612602995       -2.28798856887775
H           -1.60333014099545        3.75470889831546       -4.54647654863313
H           -0.05738728154087        2.95518008278716       -4.34886663113879
H           -0.97610771036817        2.38246956877306       -6.51368216956045
H           -0.82304210631409        0.96194134093377       -5.49598304059349
H           -2.88328840735864        0.76555618108938       -6.67285788282790
H           -3.24889236127636        1.03762914083261       -4.97402783860310
H           -4.78129395983510        2.32419100225962       -6.33707168059002
H           -3.73934291324970        3.41273403804036       -5.40239335076061
H           -2.68057099442570        5.03015347282498       -6.45070308543028
H           -1.94672491144500        6.17167190479992       -8.51543456352275
H           -2.24015958256647        5.01579574332401      -10.71123237883018
H           -3.26368714407269        2.73646452321779      -10.72378070133472
H           -3.97478449395555        1.72907949709802       -8.57759369723566
42
 energy: -47.910262058130 gnorm: 0.004746231351 xtb: 6.7.1 (edcfbbe)
C            1.01545816679085        0.03991773221969        0.30156176211856
C            0.73389191796491        1.44091323311385       -0.23028183126218
C            1.15644017964196        1.63094731037944       -1.68850719519892
C            0.46106654469898        0.70524042542618       -2.68980636401731
C           -1.06486753687379        0.81607259378160       -2.72667002563418
C           -1.60908446517239        2.20404192430665       -3.07387922327095
C           -1.12703652918144        2.77929992237928       -4.40894822248904
C           -1.37957831870756        1.88996343471561       -5.62966492667610
C           -2.83956429513716        1.50361577531589       -5.86548673144953
C           -3.75719375016598        2.69040241956016       -6.20463787042335
N           -3.35357144876559        3.34441018883079       -7.43305407789413
C           -2.78229117835686        4.55248988164002       -7.40627027077878
C           -2.36878875797692        5.17809338869568       -8.56620865385193
C           -2.54021978438945        4.53370626127848       -9.78373616834351
C           -3.12532901300513        3.27263992315880       -9.79144339644287
C           -3.52469823797562        2.70723664828942       -8.59875560184555
H            0.38955325824784       -0.70220466840770       -0.18816672108291
H            0.81411243811033       -0.00245312746403        1.36922429660656
H            2.05797603612051       -0.22565843150876        0.13975096096117
H           -0.32789720107801        1.66793389234922       -0.11448704029802
H            1.28649730224341        2.16363642729748        0.37470532165244
H            0.98341302005634        2.67227380103850       -1.96999914412852
H            2.23179659471002        1.45206047370486       -1.76223570214666
H            0.86853791695037        0.90879361329134       -3.68293455006560
H            0.71559347315709       -0.32792489084458       -2.44975037316071
H           -1.44472262755913        0.08181727155564       -3.44139821100823
H           -1.46287330629833        0.53952295657612       -1.74969681709115
H           -2.70133930949162        2.15736864353687       -3.06360491116579
H           -1.31725167446964        2.90334679743058       -2.28940382787244
H           -1.59629619544620        3.75710974076452       -4.54839822153862
H           -0.05265298965677        2.95458111538845       -4.34849592984048
H           -0.97825952288638        2.38751996603651       -6.51818144930062
H           -0.81571623022787        0.96614384216930       -5.50398059825806
H           -2.88482543913380        0.76803518736986       -6.67041231928811
H           -3.24014703172911        1.03465751300201       -4.96856053172222
H           -4.78123223330462        2.32765261482799       -6.32023209395289
H           -3.73327362730897        3.41275548607693       -5.38877532785514
H           -2.66254007756805        5.02600399013292       -6.44250489152015
H           -1.92090342942314        6.15757374143007       -8.50897614154745
H           -2.22950669030113        5.00246847552860      -10.70427067695096
H           -3.27577146683504        2.73245674871090      -10.71258898476127
H           -3.99422448026672        1.73458775691523       -8.56498731720475
42
 energy: -47.910334449893 gnorm: 0.004219020864 xtb: 6.7.1 (edcfbbe)
C            1.01232602433625        0.04392178520254        0.29416161999458
C            0.71833904543116        1.44251967354910       -0.23625907141993
C            1.14794655766091        1.63866520276044       -1.69127937303578
C            0.46352100840117        0.70956542792000       -2.69657967663447
C           -1.06257344633171        0.81289481502277       -2.73838566764303
C           -1.60879096640900        2.20126844947976       -3.07965475212843
C           -1.12292885635520        2.78031955669169       -4.41122739381853
C           -1.37678387278621        1.89356851790615       -5.63332949422020
C           -2.83692408551918        1.50422193170132       -5.86167929820527
C           -3.75681882328956        2.69145671765940       -6.19199707601723
N           -3.35545211590054        3.34507041797060       -7.42223598371143
C           -2.77095358925059        4.54712000287093       -7.39698207090121
C           -2.35162222088994        5.16671654845179       -8.55813756540411
C           -2.53168280093127        4.52316963229570       -9.77458327048608
C           -3.13299226950073        3.26977118221798       -9.78095631932166
C           -3.53721311420349        2.70961462764977       -8.58762887977776
H            0.39526638806544       -0.70382455277504       -0.19855337549575
H            0.80859180812461       -0.00278116272665        1.36124216709010
H            2.05786818646510       -0.21116622095427        0.13468170807872
H           -0.34676818887395        1.65740653401280       -0.12707946115829
H            1.25829496966806        2.17069968860595        0.37383905697780
H            0.96900164489653        2.67914917509739       -1.97262682453266
H            2.22520196163359        1.46825443830603       -1.75955758494374
H            0.87332607700502        0.91640473809102       -3.68824751426325
H            0.72358487066575       -0.32256054766087       -2.45724090814880
H           -1.43697692069816        0.08170896999094       -3.45937672332035
H           -1.46372319775284        0.52790314049351       -1.76486285377278
H           -2.70115181217953        2.15371597200957       -3.07312864175579
H           -1.32097031909108        2.89773156274087       -2.29097460002023
H           -1.58952456216270        3.75969233575346       -4.54956237851178
H           -0.04820624521536        2.95356892875902       -4.34875711164797
H           -0.98183632495875        2.39472126267371       -6.52290457477017
H           -0.80844119656411        0.97129131894176       -5.51385677882372
H           -2.88632981097027        0.77183704501047       -6.66952272044776
H           -3.23129244534858        1.03011529082421       -4.96444948468807
H           -4.78199423593953        2.33065593183764       -6.30389418099941
H           -3.72864704688183        3.41353463340668       -5.37607225874810
H           -2.64405010675479        5.01988014736930       -6.43382299396565
H           -1.89177360883555        6.14098065263316       -8.50268574085228
H           -2.21467725848517        4.98664584032535      -10.69592430265932
H           -3.29124236653938        2.73102444518552      -10.70180776294071
H           -4.01824673373434        1.74259594269902       -8.55224988294991
42
 energy: -47.910399310016 gnorm: 0.002444285571 xtb: 6.7.1 (edcfbbe)
C            1.00921071625445        0.04840282971022        0.28792528183294
C            0.70243705144989        1.44407828601278       -0.24166176017505
C            1.13952463266401        1.64669767994170       -1.69320748845000
C            0.46703438230190        0.71454976362738       -2.70320281558951
C           -1.05915291896169        0.80928702970620       -2.75136102985813
C           -1.60839533443452        2.19779432826100       -3.08563657722224
C           -1.11968764475329        2.78176059199207       -4.41345368318399
C           -1.37446354834553        1.89879653644615       -5.63785316049656
C           -2.83446407930067        1.50536105901251       -5.85969765453768
C           -3.75734294544465        2.69131041373893       -6.17926186716554
N           -3.35889007101517        3.34606884387582       -7.41211219829863
C           -2.75805124595266        4.53982019101600       -7.38700060274942
C           -2.33089640901644        5.15270598778006       -8.54864414145402
C           -2.52135541132472        4.51104091340043       -9.76446070507920
C           -3.14396635628289        3.26795059339699       -9.77043830577082
C           -3.55424493280722        2.71382852358363       -8.57666535722607
H            0.40263509659107       -0.70540493613900       -0.20858298849298
H            0.80153944885969       -0.00254384803837        1.35398965799640
H            2.05803587113840       -0.19521816994919        0.13253547434658
H           -0.36582318584020        1.64635402698863       -0.13963727729316
H            1.22928112918466        2.17775444473213        0.37324388096506
H            0.95454322912061        2.68631398902213       -1.97404409535745
H            2.21846743318283        1.48474843772259       -1.75563032390762
H            0.87975990548585        0.92559014244865       -3.69292002088564
H            0.73276912335528       -0.31640809645175       -2.46473130250582
H           -1.42649568185600        0.08179661264387       -3.47986570177856
H           -1.46403821290620        0.51466418190771       -1.78209704504228
H           -2.70075202400708        2.14872239078666       -3.08208553283897
H           -1.32409381168350        2.89106319167420       -2.29285772525864
H           -1.58400591923720        3.76266505888888       -4.54937307397817
H           -0.04471322659992        2.95294539368383       -4.34932805774906
H           -0.98626743235397        2.40503104456378       -6.52773588403583
H           -0.80124785754012        0.97842687979151       -5.52549898311557
H           -2.88677278905974        0.77696242591071       -6.67124007616383
H           -3.22197437254048        1.02421238812483       -4.96284308801060
H           -4.78361677737172        2.33262478871164       -6.28802578969359
H           -3.72502703414789        3.41390423130488       -5.36398605345382
H           -2.62279439137271        5.01010533143155       -6.42399097632330
H           -1.85604742305701        6.11993974314967       -8.49541212751678
H           -2.19569479775003        4.96811066934530      -10.68598470693845
H           -3.31252098047439        2.73295118690426      -10.69161872015993
H           -4.04976120415073        1.75428491933968       -8.53969739738460
42
 energy: -47.910443565676 gnorm: 0.001486758587 xtb: 6.7.1 (edcfbbe)
C            1.00718580835837        0.05207775145164        0.28482384161571
C            0.69072665139438        1.44531420982704       -0.24469105501197
C            1.13374668009246        1.65293758314295       -1.69355192863300
C            0.47089171417010        0.71882813728117       -2.70774336479702
C           -1.05541598537852        0.80604010368123       -2.76176028036450
C           -1.60831465465634        2.19428760761917       -3.09000981622687
C           -1.11874293171916        2.78353169714468       -4.41483671849712
C           -1.37313121559714        1.90453297298240       -5.64207791082699
C           -2.83257136478622        1.50665188312903       -5.86064432403750
C           -3.75891821583803        2.69028911716692       -6.17076741281756
N           -3.36345992429266        3.34705573248329       -7.40550888746863
C           -2.74596499840497        4.53186002185008       -7.37917643385222
C           -2.31118295997179        5.13917090616203       -8.54059322983058
C           -2.51260640884638        4.50081933675044       -9.75659318628602
C           -3.15644884334893        3.26844370730189       -9.76338274917485
C           -3.57247706200941        2.71939188136962       -8.56945430291190
H            0.41018776391837       -0.70654618144640       -0.21571584150716
H            0.79456976521310       -0.00211131493420        1.34964973212484
H            2.05882575029107       -0.18189448998401        0.13454907125279
H           -0.37971088052581        1.63782132394544       -0.14846092197133
H            1.20752513064357        2.18299581662636        0.37358185626072
H            0.94433775458451        2.69189858191421       -1.97367003895759
H            2.21372149510710        1.49708495534782       -1.75117804204709
H            0.88630936625362        0.93376267574909       -3.69552683117565
H            0.74100675820833       -0.31107740974380       -2.46993696164237
H           -1.41597813973521        0.08164465539074       -3.49664795442521
H           -1.46330994434720        0.50337962037896       -1.79629809611810
H           -2.70053011376490        2.14298305919747       -3.08792621745703
H           -1.32641056106852        2.88487345276825       -2.29420016773689
H           -1.58245856380726        3.76518642011980       -4.54739506886203
H           -0.04380274127788        2.95391894735834       -4.34960979101796
H           -0.98981230000626        2.41600485023456       -6.53112969563379
H           -0.79585414812518        0.98609029047453       -5.53546317949765
H           -2.88526635690897        0.78217431948248       -6.67582593134417
H           -3.21458931361901        1.01864330045781       -4.96492407389967
H           -4.78571859662866        2.33253993022440       -6.27716391503296
H           -3.72359307978712        3.41296422315951       -5.35571537215973
H           -2.60242384253764        4.99831884406111       -6.41567963235641
H           -1.82114931934627        6.09881421391923       -8.48870275017580
H           -2.17850703613877        4.95222306739984      -10.67767921170673
H           -3.33557322570338        2.73855456141636      -10.68538489090281
H           -4.08243191005699        1.76756963713928       -8.53172831488974
42
 energy: -47.910499638046 gnorm: 0.003220842904 xtb: 6.7.1 (edcfbbe)
C            1.00578218961794        0.05675888843738        0.28446050805006
C            0.67813906362473        1.44686618932921       -0.24600368744261
C            1.12865464606434        1.66038074160154       -1.69167150036138
C            0.47777704963491        0.72455582705666       -2.71177747640574
C           -1.04880002795874        0.80121954129731       -2.77406415068087
C           -1.60877738319752        2.18833625957100       -3.09429282154565
C           -1.12064929925731        2.78681185722868       -4.41534820528484
C           -1.37225279332453        1.91432123753121       -5.64788661382218
C           -2.83003685827651        1.50875035974086       -5.86602713996237
C           -3.76308303715997        2.68783842888867       -6.16383768842048
N           -3.37231028501629        3.34840117035086       -7.40000061040150
C           -2.72669282118762        4.51771638450726       -7.37026837762115
C           -2.28046935819227        5.11782323879808       -8.53060268117311
C           -2.50136133153375        4.48764810225608       -9.74802994051015
C           -3.17941346019069        3.27344848142413       -9.75778582617492
C           -3.60412437724953        2.73078170869551       -8.56406397409907
H            0.42302333565842       -0.70795201736793       -0.22314026594907
H            0.78336707793203       -0.00146751693067        1.34697027719229
H            2.06143471374883       -0.16429715179879        0.14425967323598
H           -0.39463875620541        1.62769043806784       -0.15714105880861
H            1.18299783971237        2.18912227618615        0.37597060716506
H            0.93444316873554        2.69865677778070       -1.97052134761470
H            2.20959104983484        1.51115264146261       -1.74309583094934
H            0.89691082132055        0.94527472616310       -3.69665449727005
H            0.75337856716885       -0.30396481143151       -2.47509386726301
H           -1.39929285667987        0.08065524493761       -3.51723650310883
H           -1.46027139448970        0.48799354675709       -1.81376707908682
H           -2.70064127125069        2.13199198730018       -3.09299255161061
H           -1.33003602140157        2.87559891563913       -2.29481934410810
H           -1.58656575673739        3.76819420022020       -4.54137807403834
H           -0.04622285872937        2.95883360652091       -4.34905974874209
H           -0.99394361022487        2.43424103034220       -6.53410833250773
H           -0.78930689385445        0.99896449401986       -5.54852321796885
H           -2.87988519163562        0.79075193710915       -6.68728863744130
H           -3.20563736002380        1.01008479626640       -4.97335049105547
H           -4.78961242610665        2.32898479725777       -6.26738849221832
H           -3.72521392780940        3.40950008394442       -5.34808894526291
H           -2.56890784628790        4.97596215272549       -6.40512553295910
H           -1.76537318898185        6.06422948436602       -8.47899589176324
H           -2.15527768509232        4.93163999690950      -10.66788161771614
H           -3.37645498494880        2.75365758666868      -10.68176964386939
H           -4.13756646004851        1.79189236017035       -8.52672940042588
42
 energy: -47.910547354475 gnorm: 0.003324564550 xtb: 6.7.1 (edcfbbe)
C            1.00667700779625        0.05877701109377        0.28733765130547
C            0.67455232707120        1.44746983211615       -0.24437863699221
C            1.12828182938488        1.66321342531504       -1.68883187668899
C            0.48246723719738        0.72712145875213       -2.71200242063281
C           -1.04433094703859        0.79819587597785       -2.77805360122892
C           -1.60958967493694        2.18403077312538       -3.09463701274786
C           -1.12406341124818        2.78887383110721       -4.41387647666262
C           -1.37230150042845        1.92039965012803       -5.65006356411976
C           -2.82848252277707        1.51013997882556       -5.87125385108632
C           -3.76646607584707        2.68643012985842       -6.16457606427951
N           -3.37811858740917        3.34892926504444       -7.40011292325658
C           -2.71450350544939        4.50795180793351       -7.36807109277928
C           -2.26275096333994        5.10503204990087       -8.52760174403618
C           -2.49745773923558        4.48246331463520       -9.74654621867401
C           -3.19558328622644        3.28004001228570       -9.75873326438228
C           -3.62450245282034        2.73973023413493       -8.56538337905217
H            0.43220195262414       -0.70887213081213       -0.22504131115979
H            0.77687520024668       -0.00142121620299        1.34817004332883
H            2.06460034162922       -0.15578165566393        0.15470273011325
H           -0.39918217437185        1.62346070557154       -0.15869838552107
H            1.17453021413338        2.19173616201054        0.37896860899980
H            0.93242841727162        2.70133690957047       -1.96693976150708
H            2.20956608614284        1.51632962002345       -1.73752619684511
H            0.90315966165659        0.95117920383644       -3.69539166583958
H            0.76079041793248       -0.30083229223729       -2.47637596733456
H           -1.38959828957462        0.07898705182131       -3.52471434429968
H           -1.45691109749011        0.48008391886670       -1.82002708254584
H           -2.70118638886895        2.12329748954553       -3.09342495727486
H           -1.33316627996838        2.87005933305449       -2.29340032824968
H           -1.59388715971512        3.76890888361426       -4.53537062955377
H           -0.05027856008325        2.96450848095653       -4.34724927224242
H           -0.99497041885023        2.44524178484267       -6.53370747130714
H           -0.78640656633458        1.00678738067568       -5.55378400258594
H           -2.87462907646903        0.79622826369013       -6.69636400613517
H           -3.20239719174722        1.00570566737615       -4.98126898491482
H           -4.79182809834962        2.32437448386901       -6.26709989023928
H           -3.72920348655456        3.40657936894417       -5.34752889331085
H           -2.54676193810675        4.95974207992675       -6.40152754015440
H           -1.73213006802846        6.04251567218384       -8.47454511842307
H           -2.14606168570597        4.92337950111054      -10.66563787788791
H           -3.40438723850770        2.76751091184740      -10.68411476380053
H           -4.17231430760260        1.80920577134551       -8.52946845599576
42
 energy: -47.910637954063 gnorm: 0.002730890065 xtb: 6.7.1 (edcfbbe)
C            1.01046325638895        0.06240673260426        0.29540845508924
C            0.66993000684904        1.44823130499043       -0.23951036139429
C            1.12896782832851        1.66748333839253       -1.68202207099402
C            0.49182091229863        0.73116741923227       -2.71083787833744
C           -1.03542950290452        0.79159532957722       -2.78301929023980
C           -1.61167212984725        2.17449022978136       -3.09323133092028
C           -1.13196070868638        2.79261661015485       -4.40882422795491
C           -1.37226011658275        1.93220184452354       -5.65246367590358
C           -2.82478805388168        1.51314226398847       -5.88195408320923
C           -3.77302026794861        2.68415864665580       -6.16986325617919
N           -3.38909765944999        3.34962118514754       -7.40312795339974
C           -2.68909256053483        4.48767414968877       -7.36712661659842
C           -2.22842768272496        5.08019231382492       -8.52530965098077
C           -2.49264804830146        4.47506760669887       -9.74757255138639
C           -3.23037043333137        3.29634114911891       -9.76433918216637
C           -3.66557420938630        2.75901349312648       -8.57167664505577
H            0.45292183167195       -0.71128067017736       -0.22676334125725
H            0.76495406152883       -0.00144875796046        1.35268017560839
H            2.07305643951813       -0.13934285570772        0.17895887276532
H           -0.40566041790625        1.61561531652485       -0.15909290614106
H            1.16132616755584        2.19662552829608        0.38591129675174
H            0.93039922468211        2.70543631768776       -1.95888879312618
H            2.21096731755661        1.52455986310701       -1.72613408083009
H            0.91482696107087        0.96186032630598       -3.69164439910071
H            0.77555316074743       -0.29591039532929       -2.47790971046393
H           -1.37150124940356        0.07417392611682       -3.53535652577549
H           -1.44929751362942        0.46492540610461       -1.82857708923705
H           -2.70270348318734        2.10411332063336       -3.09269515955512
H           -1.34091137680514        2.85859695199531       -2.28842324577926
H           -1.61139452775922        3.76912470667283       -4.52122020039796
H           -0.05967995312449        2.97755710493797       -4.34144282794182
H           -0.99511850023386        2.46631472619383       -6.53061417399960
H           -0.78099948113817        1.02166548180834       -5.56130079522123
H           -2.86263260984848        0.80702934789744       -6.71439228786973
H           -3.19760191965801        0.99850025193077       -4.99762650233187
H           -4.79517215844401        2.31343209716375       -6.27110875788922
H           -3.73924649627080        3.40121273840908       -5.34998818668003
H           -2.49995446933793        4.92565265295587       -6.39779531954939
H           -1.66725808197282        5.99962729120419       -8.46814054903831
H           -2.13385777083826        4.91173643366643      -10.66564368555077
H           -3.46366625116354        2.79867835177005      -10.69231305533108
H           -4.24150953389501        1.84519092028738       -8.53915843242767
42
 energy: -47.910712547567 gnorm: 0.002327046814 xtb: 6.7.1 (edcfbbe)
C            1.01635142209215        0.06491809972733        0.30539652695602
C            0.66968966974026        1.44821268925055       -0.23265571353112
C            1.13176609058514        1.67019394692972       -1.67395520122630
C            0.50095357341555        0.73432001038377       -2.70750148896368
C           -1.02670623364116        0.78466172361992       -2.78328653957033
C           -1.61478726730080        2.16389789446788       -3.08838454980742
C           -1.14168146327037        2.79521303160868       -4.40048646419996
C           -1.37259179947087        1.94240323741380       -5.65132464596891
C           -2.82103175380377        1.51621250035761       -5.89218688921506
C           -3.77826200180059        2.68240137002685       -6.18001297815210
N           -3.39712903126450        3.34964994598774       -7.41043346615497
C           -2.66486103219395        4.46756845693274       -7.37159330117534
C           -2.19963146403098        5.05803380502780       -8.52886559470223
C           -2.49351653910218        4.47266419131293       -9.75430458488853
C           -3.26443600951483        3.31599726205065       -9.77459567879254
C           -3.70191136109537        2.77893736029469       -8.58254860781292
H            0.47410951881547       -0.71344206878911       -0.22577914147875
H            0.75595000648539       -0.00250261892339        1.35904137541267
H            2.08251624575577       -0.12631399109608        0.20439808426485
H           -0.40705454158295        1.60954259452410       -0.15522285204910
H            1.15515377511947        2.19965882415374        0.39389005971605
H            0.93126452586423        2.70819491303134       -1.94951974123068
H            2.21430874268574        1.53013495182769       -1.71519212694263
H            0.92475452945079        0.97168219326779       -3.68638603372117
H            0.79024041237506       -0.29212657164531       -2.47821045903644
H           -1.35543637866505        0.06775721061149       -3.53929825886316
H           -1.44015106476147        0.45093204889275       -1.83111603332581
H           -2.70516166868999        2.08293919181707       -3.08888164726846
H           -1.35074061384042        2.84676906872598       -2.28017600706237
H           -1.63242742533390        3.76720728356295       -4.50439355026662
H           -0.07127252922651        2.99156668780920       -4.33211125588176
H           -0.99325419667059        2.48455054596398       -6.52367691560125
H           -0.77701934798872        1.03433151911587       -5.56357862958864
H           -2.84967674650890        0.81641419148057       -6.73044424141953
H           -3.19613071108070        0.99391439615717       -5.01363034939792
H           -4.79653106372083        2.30181396453854       -6.28194133850861
H           -3.75086314462087        3.39716476863255       -5.35782088634957
H           -2.45433480040481        4.89098300543197       -6.39983028002688
H           -1.61145305270101        5.96006631487519       -8.46714437724998
H           -2.13166722574112        4.90757601527699      -10.67194444220392
H           -3.52204729352175        2.83395460844755      -10.70481073595554
H           -4.30261075083551        1.88099542691792       -8.55363103875952
42
 energy: -47.910762885572 gnorm: 0.002418913390 xtb: 6.7.1 (edcfbbe)
C            1.02178336177525        0.06577635945416        0.31256692230132
C            0.67182104794085        1.44782835787426       -0.22647324778910
C            1.13497369368189        1.67200185436144       -1.66715263181539
C            0.50785526653838        0.73672556728815       -2.70377993923696
C           -1.02010198383229        0.77893887126879       -2.77999143177082
C           -1.61806261433512        2.15471467660969       -3.08185479308812
C           -1.15016583218464        2.79571098123915       -4.39120873299276
C           -1.37302265321324        1.94806937230521       -5.64698777811691
C           -2.81824719649528        1.51823582175984       -5.89815717366820
C           -3.78029456471152        2.68135282470125       -6.19044540534244
N           -3.39994407430842        3.34898152630672       -7.41909584732718
C           -2.64720083058466        4.45282860839968       -7.37951204015057
C           -2.18226475597225        5.04394232099666       -8.53667285175305
C           -2.49797121461882        4.47487830987706       -9.76382504089895
C           -3.28957312015127        3.33322491196997       -9.78534680949361
C           -3.72468035473525        2.79380154141844       -8.59345225486338
H            0.48922658934962       -0.71493239954750       -0.22448613400624
H            0.75199204190788       -0.00476417659020        1.36358108024926
H            2.08971672482015       -0.11914383518644        0.22140823575321
H           -0.40558756829647        1.60593128606281       -0.15009684533216
H            1.15423259951195        2.20079892628956        0.40090127256221
H            0.93284930223049        2.71012584475824       -1.94147582802008
H            2.21800642721639        1.53414675695160       -1.70729369282702
H            0.93076134563248        0.97947539337686       -3.68180602955129
H            0.80218935364335       -0.28926600920171       -2.47816487642957
H           -1.34461751743034        0.06149635278454       -3.53747454854944
H           -1.43161842755256        0.44053319430757       -1.82847951614570
H           -2.70780086138661        2.06490737772710       -3.08372494296658
H           -1.36031036059198        2.83701822099886       -2.27095654616216
H           -1.65008900722691        3.76367269629824       -4.48978604436628
H           -0.08150330643426        3.00168189633076       -4.32149113919747
H           -0.99042753623901        2.49505825245603       -6.51502143733935
H           -0.77494740770258        1.04135931634908       -5.56041842469108
H           -2.83980701316970        0.82116443244193       -6.73880069788438
H           -3.19756075807890        0.99281488419037       -5.02342854335231
H           -4.79569008088632        2.29400289358912       -6.29433711075586
H           -3.75908095388289        3.39579603537880       -5.36762364403620
H           -2.42120844167165        4.86517323020941       -6.40668707107859
H           -1.57790444027793        5.93413410324377       -8.47216748208638
H           -2.13866141582904        4.91124269493990      -10.68185393987472
H           -3.56434344489266        2.86309989282200      -10.71646981526106
H           -4.34004001755557        1.90651083319006       -8.56660722264460
42
 energy: -47.910806083102 gnorm: 0.003270537167 xtb: 6.7.1 (edcfbbe)
C            1.02644460956589        0.06755039219827        0.31735263930947
C            0.66998826277013        1.44803069526681       -0.22123488969148
C            1.13619477304798        1.67698866205048       -1.66020664694438
C            0.51647606103945        0.74121140186403       -2.70117379108021
C           -1.01183177166374        0.77127952976120       -2.77820312976977
C           -1.62215967991281        2.14283561442098       -3.07475964934506
C           -1.15878063419057        2.79551686296305       -4.37988294359524
C           -1.37263316598515        1.95405537619196       -5.64134570641465
C           -2.81445841551274        1.52017076105070       -5.90255466542799
C           -3.78065942252650        2.68013192262986       -6.19901892603931
N           -3.40121527714004        3.34773223515930       -7.42738831494353
C           -2.62258164349712        4.43471570396035       -7.38769787532144
C           -2.15877013227543        5.02639599295025       -8.54539050219140
C           -2.50329287153931        4.47659659735613       -9.77387063994575
C           -3.32112620735416        3.35242313639812       -9.79559374071494
C           -3.75217720973669        2.81024363387574       -8.60336522466461
H            0.50561933701816       -0.71647570803847       -0.22672722073522
H            0.74716898666193       -0.00795178646683        1.36557847622641
H            2.09682345546222       -0.10819421193155        0.23600414987833
H           -0.40887021331134        1.59988492488771       -0.14783816391313
H            1.14596528456098        2.20343294701685        0.40883711750798
H            0.93022202261368        2.71490873021899       -1.93297003583020
H            2.22027426106249        1.54424765450448       -1.69768932689533
H            0.93821582174264        0.99125252879215       -3.67806301843436
H            0.81883701960138       -0.28370932198212       -2.48008833824481
H           -1.33035330046374        0.05372912806679       -3.53866210179598
H           -1.42112466691320        0.42534830128596       -1.82800007126723
H           -2.71106452004899        2.04243662433609       -3.07926039698859
H           -1.37292798092289        2.82369814045593       -2.25969690822249
H           -1.66779397891721        3.75941172031544       -4.47279106248426
H           -0.09211277132746        3.01119295728733       -4.30759460986320
H           -0.98742986888962        2.50686705454880       -6.50485545303584
H           -0.77110309187999        1.04901450577218       -5.55703471457856
H           -2.82921872743618        0.82525420613396       -6.74514960283852
H           -3.19774995701906        0.99152026912908       -5.03127809199792
H           -4.79384498660317        2.28781745152441       -6.30453050233536
H           -3.76455098661961        3.39559771573597       -5.37677494062624
H           -2.37632303178149        4.83425650230121       -6.41414217491685
H           -1.53250133970063        5.90234728525975       -8.47913458343875
H           -2.14685426639621        4.91450582904715      -10.69273403537987
H           -3.61897941739207        2.89687310466983      -10.72756271287553
H           -4.38706035818931        1.93590492903294       -8.57765767013395
42
 energy: -47.910860764318 gnorm: 0.003412367532 xtb: 6.7.1 (edcfbbe)
C            1.03230515687320        0.06720392167669        0.31951819866658
C            0.67079476837185        1.44760036222724       -0.21506282398977
C            1.13767656973546        1.68321281949023       -1.65259887797199
C            0.52495243410237        0.74653124038502       -2.69699082177892
C           -1.00361751128549        0.76209342344576       -2.77057745193811
C           -1.62852891999303        2.12794607953513       -3.06253687271243
C           -1.16916627592174        2.79208565505541       -4.36289576081771
C           -1.37215825403192        1.95549104232757       -5.62908655470896
C           -2.81090187790639        1.52167008816318       -5.90292864203925
C           -3.77567324661535        2.68043392281042       -6.21122041365187
N           -3.39420083653624        3.34516769758033       -7.44084658405970
C           -2.59837243218621        4.41804647395186       -7.40424678686554
C           -2.14442335830963        5.01439872692123       -8.56397615663217
C           -2.51820837060783        4.48593726384836       -9.79188790298368
C           -3.34949292829459        3.37410044870925       -9.80994652393024
C           -3.76816711085107        2.82481312957306       -8.61645626220276
H            0.51851367108370       -0.71723577228233       -0.22966093707583
H            0.74904567259257       -0.01471292524759        1.36574320761172
H            2.10333305787549       -0.10231873200111        0.24212862868450
H           -0.40880491866650        1.59533818689961       -0.14231339452991
H            1.14268767975760        2.20317074660754        0.41814933181333
H            0.92621361999134        2.72080694319382       -1.92303613958085
H            2.22284499752312        1.55691642439288       -1.68909216157755
H            0.94246367056746        1.00507700058906       -3.67366929379006
H            0.83800962085041       -0.27672362819554       -2.48179022924454
H           -1.31792265554074        0.04285164042931       -3.53164494296729
H           -1.40718296451402        0.40963724703933       -1.81998197012449
H           -2.71621701645079        2.01519209094431       -3.07075789363035
H           -1.38992474654439        2.80768573873625       -2.24311858260846
H           -1.68781523247908        3.75113220336576       -4.45198574969420
H           -0.10501379027472        3.01818148960180       -4.28650697532709
H           -0.98108028001159        2.51138893000681       -6.48813758978022
H           -0.76958296711065        1.05092188983807       -5.54391082177890
H           -2.81930832184988        0.82425906969950       -6.74320469555140
H           -3.20292042131068        0.99592654693955       -5.03356921762128
H           -4.78768600892647        2.28652662289051       -6.32013762129778
H           -3.76499723860885        3.39992330301104       -5.39209324673247
H           -2.33248757032694        4.80509317985444       -6.43167174443012
H           -1.50484254657460        5.87914603862687       -8.49867558525827
H           -2.17380084526764        4.93026428510989      -10.71286945038130
H           -3.66929765515265        2.93354076835486      -10.74104314952989
H           -4.41436461717447        1.96032841589582       -8.58955953798031
42
 energy: -47.910897400326 gnorm: 0.003030787123 xtb: 6.7.1 (edcfbbe)
C            1.03486224236297        0.06888408409754        0.31768221560777
C            0.66428265351673        1.44853411432572       -0.21260255134154
C            1.13446050032870        1.69230460561700       -1.64761613770063
C            0.53282021690745        0.75305749362798       -2.69628236026876
C           -0.99588857019143        0.75290147332711       -2.76993006603881
C           -1.63365353241270        2.11417443059486       -3.05546845833016
C           -1.17585645356287        2.78961169511659       -4.35056668731076
C           -1.37014003300990        1.95824066544690       -5.62168322227232
C           -2.80690493251799        1.52332425433651       -5.90331705387201
C           -3.77057624627505        2.68143862212344       -6.21526361748088
N           -3.38972541412606        3.34377738262211       -7.44734498581347
C           -2.57138674250323        4.40169597761208       -7.41322829566467
C           -2.12236049158942        4.99872906690813       -8.57470459575581
C           -2.52616345627416        4.48777477951650       -9.80154176048545
C           -3.37937163081653        3.38997258229229       -9.81666258028000
C           -3.78999222406213        2.83787493986353       -8.62162569786985
H            0.52959302154589       -0.71762567972147       -0.23710911300275
H            0.74806161381962       -0.01971723048528        1.36251043157390
H            2.10788289742349       -0.09136491406591        0.24358185945619
H           -0.41681234949523        1.58783635193942       -0.14327762641483
H            1.12796623976783        2.20557101273027        0.42510723534851
H            0.91523627952419        2.72889095398369       -1.91599874062793
H            2.22088025638941        1.57519636670724       -1.68077293354812
H            0.94798977144614        1.01982930370443       -3.67182670184722
H            0.85685967843343       -0.26769448580308       -2.48508694554156
H           -1.30329592472522        0.03398195825931       -3.53438868423918
H           -1.39603862552013        0.39186252330618       -1.82098420103533
H           -2.72020952902927        1.99097727434246       -3.06760684957558
H           -1.40429346009032        2.79150371094149       -2.23132886202779
H           -1.70103071810690        3.74566639842302       -4.43516712947014
H           -0.11352082482819        3.02239467763836       -4.26988917128006
H           -0.97614456931653        2.51833374058591       -6.47680064305139
H           -0.76590650267214        1.05462480282304       -5.53759538359701
H           -2.81147610025264        0.82543376502782       -6.74341455380165
H           -3.20294898404501        0.99753187635885       -5.03553200380997
H           -4.78306990767225        2.28866203722865       -6.32344550778039
H           -3.75940054774072        3.40382431782172       -5.39858212650569
H           -2.28479048439622        4.77765158463497       -6.44148648175616
H           -1.46632136261738        5.85217492787882       -8.51209460894327
H           -2.18975406785455        4.93534751695197      -10.72391562319327
H           -3.72101548479791        2.96243440750649      -10.74662678733023
H           -4.45016620096339        1.98342663385454       -8.59226299312112
42
 energy: -47.910931296878 gnorm: 0.001670034024 xtb: 6.7.1 (edcfbbe)
C            1.03470299008311        0.06927264084255        0.31178287603501
C            0.65759415301978        1.44910848975151       -0.21364536028881
C            1.12878184698361        1.69928935518846       -1.64706089578095
C            0.53519855373662        0.75722795140512       -2.69751101101223
C           -0.99321575361181        0.74775069349389       -2.77147769983408
C           -1.63650502631372        2.10689071035869       -3.05326340058178
C           -1.17696647517341        2.78714231291905       -4.34518130208099
C           -1.36766229471333        1.95740608438629       -5.61791257111956
C           -2.80488014399752        1.52418807611328       -5.90090579420243
C           -3.76401866488539        2.68422282467814       -6.21262415003338
N           -3.38373043347946        3.34353232160118       -7.44801533550672
C           -2.56084237412313        4.39750827619496       -7.41773640393424
C           -2.11702430302210        4.99455158399010       -8.58105190136343
C           -2.53184541506272        4.48800219368134       -9.80450305066195
C           -3.38817790095309        3.39222124472226       -9.81523970393881
C           -3.79285923973166        2.83963092383327       -8.61851521156906
H            0.52970080497010       -0.71722468466257       -0.24334226911571
H            0.75256905586701       -0.02301888799789        1.35755748936987
H            2.10813886260757       -0.08712820256531        0.23270792805484
H           -0.42416924821922        1.58246944873968       -0.14590569536545
H            1.11626178708391        2.20610920710267        0.42722772984467
H            0.90239613030210        2.73457207922813       -1.91410399256983
H            2.21582853653241        1.59007842422777       -1.67836933456865
H            0.94873938493409        1.02801706551748       -3.67238768178580
H            0.86604370801300       -0.26108230295646       -2.48720655220009
H           -1.29649502057623        0.02976937660839       -3.53822518971073
H           -1.39141899218310        0.38199971795296       -1.82390207594564
H           -2.72226166383339        1.97959795543771       -3.06830984585320
H           -1.41159526570672        2.78211758582041       -2.22658445907651
H           -1.70305435897001        3.74271292761878       -4.42867893655878
H           -0.11530765248866        3.02057044053851       -4.26118985542898
H           -0.97224193895186        2.51821533149337       -6.47169163533011
H           -0.76407158388081        1.05370636941450       -5.53338393338857
H           -2.81011796827988        0.82474477730818       -6.73995331189060
H           -3.20201537857858        0.99987451018789       -5.03264370666786
H           -4.77917551675718        2.29712722007475       -6.31769046868013
H           -3.74708417281926        3.40903645438354       -5.39829184249516
H           -2.26606615209168        4.77054144013633       -6.44798657907249
H           -1.45494933634485        5.84475100054241       -8.52355981817156
H           -2.20085302361906        4.93739662888354      -10.72761791534859
H           -3.73822047787091        2.96876582537582      -10.74294057889339
H           -4.45645003789427        1.98738460843046       -8.58481655327749
42
 energy: -47.910948670597 gnorm: 0.002219329191 xtb: 6.7.1 (edcfbbe)
C            1.03599661653950        0.06938183149489        0.30514018304698
C            0.64959998858384        1.44924721437228       -0.21349340221388
C            1.12023800900968        1.70917422247736       -1.64520190436149
C            0.53830839667583        0.76277526831121       -2.69780466729640
C           -0.98966189217297        0.74030341426626       -2.77354722809426
C           -1.64105446975907        2.09647354939727       -3.05026451548583
C           -1.17924444713513        2.78366913952458       -4.33782224117645
C           -1.36426665486512        1.95637147767577       -5.61304199363412
C           -2.80203692624208        1.52599767041283       -5.90014855134228
C           -3.75435345034576        2.69008414072123       -6.20924676331632
N           -3.37439436334215        3.34435786033531       -7.44833174540103
C           -2.54267994220370        4.39119237760198       -7.42333138653982
C           -2.10642712264067        4.98651296181996       -8.59012925154079
C           -2.54283395633830        4.48730170487296       -9.81030662709874
C           -3.40227255994818        3.39510926305777       -9.81458355400575
C           -3.79826415155227        2.84386930155933       -8.61445771516251
H            0.53023039228084       -0.71676818325855       -0.24908050630224
H            0.76204143812138       -0.02766683802357        1.35263950706405
H            2.10924851471808       -0.08254145259112        0.21762431651124
H           -0.43272358969332        1.57383600182122       -0.14637246070992
H            1.10197810429205        2.20602771551003        0.43101335695431
H            0.88244005891227        2.74240366327857       -1.90985415089343
H            2.20803648074718        1.61219934599089       -1.67496792831144
H            0.95032361032630        1.03927603665349       -3.67144913848115
H            0.87868969936014       -0.25206246124599       -2.48822012258594
H           -1.28605504848006        0.02405495762440       -3.54402589158999
H           -1.38602915222881        0.36744732122837       -1.82853263469624
H           -2.72584087497533        1.96314386294645       -3.06969147901557
H           -1.42242487694262        2.76907908511870       -2.22022100206850
H           -1.70788725584646        3.73809437929477       -4.41921811386407
H           -0.11851611050697        3.01954730681165       -4.24955520638714
H           -0.96578031541639        2.51835413054342       -6.46429613910380
H           -0.76216773865578        1.05230913931183       -5.52753636844441
H           -2.80795346107938        0.82760371956566       -6.74035336116017
H           -3.20125939880517        1.00128428454064       -5.03318413259850
H           -4.77345555768162        2.31176617542821       -6.30922875201712
H           -3.72782291250033        3.41702116795930       -5.39706118885228
H           -2.23652065926296        4.76007240673488       -6.45603132839838
H           -1.44182579495821        5.83300761057983       -8.54054650826362
H           -2.21968666596069        4.93747064082922      -10.73538197018225
H           -3.76648464337095        2.97761799116142      -10.73965525977990
H           -4.46452731665641        1.99465059428639       -8.57439217320012
42
 energy: -47.910958143680 gnorm: 0.001565500345 xtb: 6.7.1 (edcfbbe)
C            1.03671665142887        0.06892789271342        0.30415104701016
C            0.64852950912712        1.44889961169171       -0.21278921036085
C            1.11830824424910        1.71076522500503       -1.64448164115930
C            0.53843103144403        0.76338274558902       -2.69725245100682
C           -0.98947275551942        0.73933282378261       -2.77423097931731
C           -1.64146887895349        2.09527583524040       -3.05073973787264
C           -1.17893331137391        2.78286167650424       -4.33782359093338
C           -1.36331943808335        1.95579507471939       -5.61322434257536
C           -2.80133873475171        1.52672174965670       -5.90121290272638
C           -3.75281962878884        2.69239785410133       -6.20780402555998
N           -3.37469919956732        3.34619142357203       -7.44725486104669
C           -2.54342874105602        4.39283204810776       -7.42407692018199
C           -2.10848822575193        4.98674419141156       -8.59197156799259
C           -2.54336886648731        4.48554178867845       -9.81084123300699
C           -3.40395828778358        3.39405680553332       -9.81373877960154
C           -3.79902183833651        2.84451819281997       -8.61249552145119
H            0.52970005586250       -0.71723426584049       -0.24898782074553
H            0.76552145511417       -0.02852287572089        1.35234759824861
H            2.10975866798673       -0.08263220932882        0.21376842929327
H           -0.43395741496801        1.57166160618576       -0.14521327119042
H            1.10008188600488        2.20571585391387        0.43226717257951
H            0.87774098271793        2.74346254845471       -1.90848667027607
H            2.20629974256337        1.61673049140109       -1.67455271116892
H            0.95090829200545        1.04009034961531       -3.67063296435697
H            0.87984827704094       -0.25094545469354       -2.48704728205392
H           -1.28443302734965        0.02355443860982       -3.54554188783125
H           -1.38641336212629        0.36538533111311       -1.82992781159116
H           -2.72621621476718        1.96153763226431       -3.07114408192246
H           -1.42376880007617        2.76768398952117       -2.22028009336394
H           -1.70758117702987        3.73725167092978       -4.41924029566109
H           -0.11825645270896        3.01901249559820       -4.24900972762466
H           -0.96392656416358        2.51753082132962       -6.46414524513384
H           -0.76194591345059        1.05132594353166       -5.52730352376100
H           -2.80770268554842        0.83057155137366       -6.74318108716380
H           -3.20051884751802        1.00001673288181       -5.03554013972622
H           -4.77267161289864        2.31561839486232       -6.30552471636703
H           -3.72337708448915        3.41860878370077       -5.39512263522734
H           -2.23480897897113        4.76148345966045       -6.45696844194527
H           -1.43979843326274        5.83167099246902       -8.54352663104807
H           -2.22116201514250        4.93478236751938      -10.73667752562561
H           -3.76747171095159        2.97524829927006      -10.73779638220463
H           -4.46483659366901        1.99519611225201       -8.57089553634861
42
 energy: -47.910970041867 gnorm: 0.002251675943 xtb: 6.7.1 (edcfbbe)
C            1.03986284542237        0.06740368960974        0.30450018122007
C            0.64772612666073        1.44743841133068       -0.20922996243827
C            1.11524995613491        1.71318953751018       -1.64114840958820
C            0.53917409091840        0.76411932093630       -2.69447880557813
C           -0.98865502451596        0.73761527994829       -2.77501209908922
C           -1.64188629674718        2.09289252869864       -3.05231319800201
C           -1.17852428055395        2.78129260178312       -4.33862841546690
C           -1.36170680289884        1.95519382056194       -5.61465150482547
C           -2.79974954467415        1.52869179944174       -5.90575912974360
C           -3.75129173495646        2.69772679438410       -6.20576699690440
N           -3.37743293693248        3.35140015694215       -7.44503566122320
C           -2.54406622469777        4.39654578170772       -7.42604002671941
C           -2.10930761767991        4.98609492331389       -8.59630383543415
C           -2.54248533915641        4.48073769364038       -9.81309411346312
C           -3.40779126619996        3.39228154841502       -9.81262463646899
C           -3.80267078605560        2.84741788286088       -8.60910517826808
H            0.53057602813680       -0.71926784064747       -0.24648558547551
H            0.77365613843925       -0.03067848169167        1.35399324520080
H            2.11273554074181       -0.08310526733901        0.20886649728752
H           -0.43519902946844        1.56699802796555       -0.14027892790480
H            1.09809658269572        2.20452879973268        0.43681035296287
H            0.86917353611345        2.74487433912027       -1.90360795169970
H            2.20379234070252        1.62512912088290       -1.67229840089743
H            0.95344899181555        1.04038888676523       -3.66732050633901
H            0.88173771142922       -0.24961367388842       -2.48268048445805
H           -1.28056332513600        0.02225678652101       -3.54776787678883
H           -1.38756192037540        0.36197035318313       -1.83208032428354
H           -2.72659983960332        1.95804030556237       -3.07469486495397
H           -1.42666151989218        2.76543025525771       -2.22107953251463
H           -1.70738030823676        3.73548575130643       -4.42003357741354
H           -0.11802901962287        3.01847318967435       -4.24894983538587
H           -0.95963989557395        2.51646433861563       -6.46465241586458
H           -0.76184298289926        1.04960245314248       -5.52801604631037
H           -2.80591338393035        0.83958569572972       -6.75324964172020
H           -3.19922760925034        0.99534033429957       -5.04444419741619
H           -4.77196696873766        2.32244154614770       -6.29847858118955
H           -3.71636963417814        3.42138010077878       -5.39116101061652
H           -2.23515765207046        4.76685990379646       -6.46029365373689
H           -1.43796165698292        5.82898824444890       -8.55015814398330
H           -2.22130049649077        4.92661916597978      -10.74114874718748
H           -3.77261038935865        2.97071784056706      -10.73516926362413
H           -4.47299640233449        2.00009805300511       -8.56507873369322
42
 energy: -47.910975734540 gnorm: 0.000824838295 xtb: 6.7.1 (edcfbbe)
C            1.04072123628009        0.06700897549362        0.30553713882151
C            0.64786484548080        1.44672651451952       -0.20832050957287
C            1.11509087906647        1.71310935038125       -1.64013891995142
C            0.53954487750923        0.76408067855832       -2.69371821420497
C           -0.98817826841467        0.73755470931354       -2.77498133874778
C           -1.64183824743401        2.09247274209523       -3.05285533164078
C           -1.17826025438099        2.78123854214500       -4.33888156235085
C           -1.36193262604957        1.95572430898501       -5.61522156357634
C           -2.79987160502841        1.52926055737392       -5.90660835134061
C           -3.75155125988955        2.69823412099363       -6.20573659486015
N           -3.37798603183824        3.35200016236287       -7.44529889978699
C           -2.54445464867172        4.39720406776047       -7.42661220931241
C           -2.10898590691467        4.98596918023480       -8.59712119005833
C           -2.54409352909291        4.48085058155396       -9.81415340289251
C           -3.40877549611709        3.39233941636771       -9.81287662610148
C           -3.80407497560471        2.84807884023531       -8.60938337683426
H            0.53107307759517       -0.71967952142255       -0.24502541815966
H            0.77543036850855       -0.03120308284935        1.35526694690157
H            2.11351868517287       -0.08345884711103        0.20901338856956
H           -0.43502635472158        1.56641526509402       -0.13911887080958
H            1.09820604477918        2.20371824973487        0.43777282753288
H            0.86877109636803        2.74477418258449       -1.90244384783833
H            2.20364374088054        1.62523530645865       -1.67117422036333
H            0.95421958267236        1.04031466772646       -3.66642348570926
H            0.88198939679727       -0.24969140306474       -2.48174693938478
H           -1.27979497275051        0.02165820236970       -3.54747664022107
H           -1.38729603265525        0.36231512800118       -1.83193604114200
H           -2.72640911591713        1.95706510569516       -3.07551612305760
H           -1.42721414285410        2.76507388942378       -2.22158827078378
H           -1.70678495813629        3.73567829030756       -4.42001534341332
H           -0.11770223561837        3.01782782040875       -4.24907158694828
H           -0.95975618891528        2.51722975472565       -6.46509845708784
H           -0.76229853305796        1.04987016610080       -5.52900587492782
H           -2.80606778491513        0.84051381006411       -6.75439681013178
H           -3.19964000464742        0.99566217315784       -5.04555987111955
H           -4.77225598308177        2.32289953117310       -6.29809045194819
H           -3.71619890368098        3.42201397837200       -5.39125437717973
H           -2.23548307953936        4.76846091908398       -6.46089788668365
H           -1.43875189847124        5.82944179559640       -8.55111331996197
H           -2.22043238461270        4.92439208457758      -10.74247281744870
H           -3.77291964656096        2.96974240110968      -10.73533517463899
H           -4.47335876153789        2.00092738430874       -8.56507038163377
42
 energy: -47.910979727792 gnorm: 0.001056213450 xtb: 6.7.1 (edcfbbe)
C            1.04284710365582        0.06584702580649        0.30775067203777
C            0.64831942242459        1.44520316569316       -0.20557281179459
C            1.11488152029860        1.71278969129683       -1.63731202918626
C            0.54044740603118        0.76404141957729       -2.69168833083253
C           -0.98710593167462        0.73721759216432       -2.77471115861127
C           -1.64163606365198        2.09143065279879       -3.05397853771977
C           -1.17758652533489        2.78074271378557       -4.33952728586610
C           -1.36218843424873        1.95667753388328       -5.61667082815207
C           -2.80018962897528        1.53095262763153       -5.90834929829527
C           -3.75211621005896        2.69992975374485       -6.20590186540217
N           -3.37964761707036        3.35375026214182       -7.44619603406300
C           -2.54624664157872        4.39925186256818       -7.42862008418369
C           -2.10969702927192        4.98633690383260       -8.59961648429910
C           -2.54523339644797        4.47926701810621       -9.81669934517328
C           -3.41038798370809        3.39181484900508       -9.81365153337587
C           -3.80698611549174        2.84926629625008       -8.60992635592373
H            0.53247065058905       -0.72127452094362       -0.24152306712127
H            0.77993406782635       -0.03238752885593        1.35809416329395
H            2.11552408481274       -0.08412137430948        0.20905341508813
H           -0.43461921776758        1.56422264102871       -0.13579243060035
H            1.09827566253164        2.20230242628217        0.44066047344887
H            0.86755403504616        2.74435784135151       -1.89896169041703
H            2.20352622448689        1.62592094819712       -1.66837151793080
H            0.95623066500654        1.04033732346778       -3.66394852732336
H            0.88266622788948       -0.24978932111232       -2.47943202713539
H           -1.27775880839920        0.02034573936429       -3.54683318777631
H           -1.38695969163425        0.36268467293401       -1.83162082839232
H           -2.72593370177112        1.95469626415332       -3.07769597311644
H           -1.42862724870906        2.76435861220829       -2.22260641403795
H           -1.70517069578045        3.73582121364810       -4.41991693699608
H           -0.11682812970792        3.01599061870166       -4.24958176533127
H           -0.95997611534262        2.51893832458953       -6.46613810976880
H           -0.76296390088867        1.05033457003284       -5.53159418861871
H           -2.80645949983632        0.84322895568871       -6.75696224630703
H           -3.20017144087211        0.99628381864552       -5.04800438328707
H           -4.77292879200170        2.32465052828649       -6.29729376796034
H           -3.71572867271528        3.42394174469470       -5.39169414139961
H           -2.23650795206064        4.77196676467938       -6.46331997690149
H           -1.44008682086763        5.82992242403711       -8.55426392898876
H           -2.21964073129695        4.92061621653642      -10.74536972121410
H           -3.77497330322666        2.96837978020627      -10.73574770664539
H           -4.47564077020754        2.00280194820234       -8.56461420371928
42
 energy: -47.910982979877 gnorm: 0.001007035674 xtb: 6.7.1 (edcfbbe)
C            1.04487338983730        0.06463033012003        0.30959736544442
C            0.64867696836756        1.44378175732961       -0.20302742221270
C            1.11462040529811        1.71272952834558       -1.63475033611216
C            0.54116096166280        0.76406077143929       -2.68975505890529
C           -0.98630741504684        0.73687094318513       -2.77434835874796
C           -1.64139852738132        2.09063447851030       -3.05479451904709
C           -1.17681070485427        2.78014647738173       -4.34005137038076
C           -1.36230946368089        1.95722449946029       -5.61781964453578
C           -2.80054734211842        1.53237706889247       -5.90971259117198
C           -3.75226928466505        2.70180783774339       -6.20618929202059
N           -3.38082691793592        3.35521905604610       -7.44710916929851
C           -2.54754242448655        4.40074344699992       -7.43075059404996
C           -2.11100483929451        4.98671928914371       -8.60222356792483
C           -2.54596624266457        4.47798127487030       -9.81876902700728
C           -3.41201009996582        3.39133126415969       -9.81448232680932
C           -3.80881504957175        2.84991955514434       -8.61021292029563
H            0.53390462645411       -0.72288028050159       -0.23858771766818
H            0.78403247141292       -0.03363162011906        1.36046904062532
H            2.11746836787928       -0.08472403246774        0.20890877911283
H           -0.43439133067352        1.56149702851068       -0.13283444201237
H            1.09800450483069        2.20112385644351        0.44341379893028
H            0.86612766574523        2.74420784427996       -1.89567246838702
H            2.20336983154580        1.62706509721572       -1.66601117477250
H            0.95788396730734        1.04059254908616       -3.66154748205300
H            0.88330650486384       -0.24977483171030       -2.47735009072983
H           -1.27586808237608        0.01958887216598       -3.54649177056226
H           -1.38698806736909        0.36259365540963       -1.83148815048570
H           -2.72557278920915        1.95300784266990       -3.07957031786434
H           -1.42972978798860        2.76394919574247       -2.22336312515042
H           -1.70350660976423        3.73576151328542       -4.41985474405742
H           -0.11581442585898        3.01435909231879       -4.25008665759659
H           -0.96009824248980        2.52014518252209       -6.46684530917507
H           -0.76344571490553        1.05054688567835       -5.53373396779623
H           -2.80707952652843        0.84552210579234       -6.75905435754373
H           -3.20045893272106        0.99678651196806       -5.04989898544907
H           -4.77332206295738        2.32696840744116       -6.29654753242440
H           -3.71475011840771        3.42594668559401       -5.39216049293831
H           -2.23774575299401        4.77465515699116       -6.46599235881171
H           -1.44104215246149        5.83009384450973       -8.55777696621238
H           -2.21963180007347        4.91816717105633      -10.74771272352813
H           -3.77704687062969        2.96720311150665      -10.73611885900165
H           -4.47844908613085        2.00410157583967       -8.56384309137180
42
 energy: -47.910987436169 gnorm: 0.000369878085 xtb: 6.7.1 (edcfbbe)
C            1.04918962236283        0.06204563823430        0.31294860798774
C            0.64902242830540        1.44078650570188       -0.19793567145580
C            1.11366650642766        1.71278522233632       -1.62958323229109
C            0.54235768038292        0.76434226912729       -2.68600460427001
C           -0.98496127095005        0.73633128288085       -2.77383249427770
C           -1.64080501236399        2.08941760286827       -3.05627101971016
C           -1.17520105431349        2.77894186041026       -4.34117168228912
C           -1.36236805822634        1.95795072714419       -5.62000535905920
C           -2.80127706779811        1.53513135572272       -5.91208882005826
C           -3.75211763280143        2.70587959375345       -6.20668194232774
N           -3.38273415299934        3.35811153259586       -7.44875751791862
C           -2.54941160379107        4.40347127226026       -7.43482051245077
C           -2.11335992040175        4.98704698538544       -8.60765879341850
C           -2.54797078094340        4.47571506476986       -9.82282256013946
C           -3.41540038807750        3.38995458400551       -9.81623473610352
C           -3.81188021594253        2.85116926149219       -8.61057968618014
H            0.53721147034188       -0.72617432454210       -0.23328428216281
H            0.79244063549689       -0.03655046733070        1.36480556697958
H            2.12163156253872       -0.08583175406104        0.20827701501728
H           -0.43435569092846        1.55530601335238       -0.12717307233359
H            1.09661969417835        2.19863427238146        0.44916069282565
H            0.86249656149373        2.74402621951855       -1.88887462708721
H            2.20263814960832        1.62990984562051       -1.66132579464543
H            0.96083203618990        1.04131725108898       -3.65690726702934
H            0.88445053314773       -0.24940758038773       -2.47316084986799
H           -1.27223497923588        0.01865640288921       -3.54640151343010
H           -1.38741736954490        0.36220328184860       -1.83167089150475
H           -2.72481543782991        1.95053351260783       -3.08282475822320
H           -1.43132940174020        2.76343820944690       -2.22480757427898
H           -1.69993219546759        3.73569985190827       -4.42006101346741
H           -0.11368043273058        3.01098785020236       -4.25127303697787
H           -0.96002620351337        2.52188756326728       -6.46826910574286
H           -0.76450086695843        1.05047883076186       -5.53760983565546
H           -2.80864957825065        0.84978325659129       -6.76268132850278
H           -3.20123120035297        0.99823371527298       -5.05314098390567
H           -4.77392216514652        2.33245000503921       -6.29449435577190
H           -3.71169630385075        3.43017567249960       -5.39294567499651
H           -2.23945232475702        4.77922938214055       -6.47102852908555
H           -1.44310735244730        5.83051094695708       -8.56532379388073
H           -2.22161476542674        4.91401822706757      -10.75265027697535
H           -3.78144747174352        2.96443052026838      -10.73677244241668
H           -4.48297598194064        2.00602253690292       -8.56221224291697
