21
 energy: -27.340022092641 gnorm: 0.058334737178 xtb: 6.7.1 (edcfbbe)
C            0.94368000000000       -0.14384000000000       -0.28099000000000
N            0.65243000000000       -0.88874000000000        0.92422000000000
N            1.30242000000000       -2.07685000000000        1.14141000000000
C            0.83046000000000       -2.47343000000000        2.26748000000000
N           -0.09678000000000       -1.60747000000000        2.80381000000000
C           -0.19984000000000       -0.60759000000000        1.91719000000000
C           -0.82997000000000       -1.75224000000000        4.05172000000000
C           -0.03376000000000       -1.25126000000000        5.25188000000000
C            0.17880000000000        0.25484000000000        5.22847000000000
H            0.48204000000000        0.84507000000000       -0.21859000000000
H            0.53736000000000       -0.68154000000000       -1.14147000000000
H            2.02567000000000       -0.02956000000000       -0.38830000000000
H            1.08696000000000       -3.37941000000000        2.79817000000000
H           -0.84065000000000        0.26249000000000        1.98893000000000
H           -1.78054000000000       -1.21449000000000        3.96132000000000
H           -1.06767000000000       -2.81452000000000        4.18123000000000
H           -0.57254000000000       -1.51562000000000        6.16900000000000
H            0.94056000000000       -1.75143000000000        5.29203000000000
H           -0.77717000000000        0.78562000000000        5.17655000000000
H            0.69586000000000        0.57652000000000        6.13809000000000
H            0.78927000000000        0.55824000000000        4.37273000000000
21
 energy: -27.343329615723 gnorm: 0.027221558064 xtb: 6.7.1 (edcfbbe)
C            0.93488009101125       -0.13979803228671       -0.27113052305059
N            0.65346757929205       -0.88252949813957        0.92940334786307
N            1.28787690889274       -2.05198428006428        1.16317199334425
C            0.82279594203222       -2.47402745633223        2.28805423307106
N           -0.10561205876774       -1.61426388926514        2.80538418886770
C           -0.18716375615908       -0.61271450362586        1.91961886047249
C           -0.83414726421600       -1.75929199879708        4.04992950012444
C           -0.02837177975107       -1.24903360639415        5.24439105803263
C            0.18103879427513        0.25896328170815        5.21802511023703
H            0.47538430456665        0.84620146320250       -0.21691093475550
H            0.54465630145900       -0.68006019184070       -1.13457116847860
H            2.01423993845119       -0.03866633160466       -0.38264701592538
H            1.09417830226433       -3.38187943121130        2.79650595865166
H           -0.82145544657386        0.25164975644185        1.98852402088585
H           -1.77303446259676       -1.20654394560674        3.95984698692747
H           -1.06718573886145       -2.82037809952297        4.17848907539030
H           -0.57598015658833       -1.51994583255339        6.14908635713279
H            0.93816503229670       -1.75788551160441        5.28293298853156
H           -0.77183138827128        0.78486703860055        5.17477902541265
H            0.69372525369718        0.57534105601064        6.12335578298521
H            0.79096360354713        0.56677001288552        4.36864115427991
21
 energy: -27.344062221551 gnorm: 0.008862031330 xtb: 6.7.1 (edcfbbe)
C            0.93389055475063       -0.13780208555804       -0.25732347470013
N            0.65744406573523       -0.88048663469697        0.93700170156624
N            1.28020387579893       -2.03344418394691        1.17520652783565
C            0.81518405112114       -2.47445247912575        2.29918545086445
N           -0.11621158033906       -1.61927133775108        2.80375534824213
C           -0.18664116168184       -0.61805410420928        1.91973546956087
C           -0.83946970484846       -1.76078344325261        4.04776025455159
C           -0.02475006667463       -1.24758466460908        5.23996062448387
C            0.18353230059760        0.26035395656922        5.20688181948033
H            0.47140284290522        0.84423278111341       -0.20599161567825
H            0.55224435626820       -0.68027450169637       -1.12319623888727
H            2.01265214782443       -0.04105622716606       -0.37322697735753
H            1.10508948572523       -3.38520304007607        2.78439435841847
H           -0.82045464207089        0.24310020109636        1.98859346439682
H           -1.77288613768339       -1.20083546169469        3.96435195895993
H           -1.06792885827193       -2.82023196499921        4.17919243704669
H           -0.57404714471289       -1.51678443356214        6.14156387747719
H            0.93866299864419       -1.75902591694180        5.27373589579947
H           -0.76937422257077        0.78145804584043        5.16798566834337
H            0.69798477483292        0.57515076781301        6.10862878419761
H            0.79006206465015        0.56578472685366        4.35668466539848
21
 energy: -27.344168949495 gnorm: 0.004853799086 xtb: 6.7.1 (edcfbbe)
C            0.93588751805588       -0.13662158308098       -0.25011885787462
N            0.65976672277660       -0.88131839783644        0.94213454496386
N            1.28319777138112       -2.02939015562005        1.18065473925651
C            0.81360545837824       -2.47457860761528        2.30316249356203
N           -0.12192922860991       -1.62191542866458        2.80329519630402
C           -0.19171021564894       -0.61972624353942        1.92091936600043
C           -0.84386571631168       -1.76203449923790        4.04740104041256
C           -0.02404182285227       -1.24737435764858        5.23696096127815
C            0.18593606710349        0.26036692995452        5.19947418508497
H            0.47097986883138        0.84419519192343       -0.19855966884576
H            0.55622021640460       -0.67881705654637       -1.11768475043869
H            2.01477070984618       -0.03717812783783       -0.36623001944147
H            1.11053108172126       -3.38772220511915        2.77832059994650
H           -0.82883781855588        0.23982062343441        1.99011860962822
H           -1.77670083803855       -1.20089320531048        3.96772748707053
H           -1.07209739145842       -2.82091934675329        4.18191278483107
H           -0.57094345239624       -1.51356321793290        6.14079557615691
H            0.93881730221050       -1.75989870603471        5.26764887051509
H           -0.76689413216024        0.78207709654972        5.16243315116902
H            0.70449177378352        0.57735521840895        6.09860948485757
H            0.78940612553938        0.56292607850698        4.34590420556313
21
 energy: -27.344237250776 gnorm: 0.002576379423 xtb: 6.7.1 (edcfbbe)
C            0.93938357133132       -0.13353065538853       -0.24056228135098
N            0.66239997563210       -0.88252744067561        0.94919561434069
N            1.28854496396071       -2.02659167270589        1.18915546224208
C            0.81214410346232       -2.47456275011043        2.30942221839495
N           -0.13013714222548       -1.62640488834152        2.80301388736265
C           -0.20042189370909       -0.62275209095222        1.92207596957640
C           -0.85031256714190       -1.76417025949864        4.04781255756168
C           -0.02366539972749       -1.24735475968172        5.23280336546896
C            0.18992564202580        0.25969178183789        5.18740072265262
H            0.47139800638765        0.84605492655588       -0.18740644303784
H            0.56197406581922       -0.67408128707491       -1.11074866441565
H            2.01843787362557       -0.02921681203027       -0.35502308348347
H            1.11809283962160       -3.39004130745191        2.77375272408798
H           -0.84341718869268        0.23329121500363        1.99063871416052
H           -1.78306120015121       -1.20238877179593        3.97166303063588
H           -1.07960103063268       -2.82228668483427        4.18715360683161
H           -0.56580630249126       -1.50804506346947        6.14137706161915
H            0.93847494279358       -1.76176226571567        5.25943948354888
H           -0.76210182318408        0.78413364856004        5.15387605244350
H            0.71581229764073        0.58022089385714        6.08186577927130
H            0.78852626565528        0.55711424391247        4.32797422208904
21
 energy: -27.344253521469 gnorm: 0.002244659852 xtb: 6.7.1 (edcfbbe)
C            0.94077460577393       -0.13105376897041       -0.23626812550742
N            0.66245665999879       -0.88278400574066        0.95196234030828
N            1.29080879522752       -2.02581978473897        1.19351921475975
C            0.81176285087376       -2.47455841351423        2.31251094514706
N           -0.13369655734384       -1.62920212073014        2.80328639338480
C           -0.20423262505775       -0.62511729944134        1.92237242183741
C           -0.85310984936851       -1.76570501682926        4.04863749442546
C           -0.02375214943788       -1.24725756287856        5.23087182407845
C            0.19218823759630        0.25922512374198        5.18071638187770
H            0.47191339337661        0.84812893751538       -0.18128172156705
H            0.56477397781127       -0.66988458455639       -1.10805971170509
H            2.01990727486888       -0.02512296146322       -0.34848754403449
H            1.12082138954074       -3.39011695609323        2.77462198777583
H           -0.85012867837326        0.22867282405157        1.98984408399582
H           -1.78588968578795       -1.20381064037968        3.97280661263944
H           -1.08315417683041       -2.82350878497925        4.18994457355120
H           -0.56382063306843       -1.50469591148892        6.14169021682436
H            0.93779091418832       -1.76297839711992        5.25658023809555
H           -0.75900869532865        0.78546405726717        5.14902400824183
H            0.72192396383564        0.58154895949574        6.07233936746988
H            0.78826098750498        0.55336630685244        4.31824899840119
21
 energy: -27.344269519727 gnorm: 0.001323545048 xtb: 6.7.1 (edcfbbe)
C            0.94183132614167       -0.12811834419213       -0.23224988878193
N            0.66160265485977       -0.88271561880798        0.95420836029519
N            1.29318231397148       -2.02487024339870        1.19797160826367
C            0.81217963462431       -2.47412366163506        2.31564146185548
N           -0.13697898066556       -1.63227696193689        2.80369213999348
C           -0.20793719716735       -0.62820129127500        1.92226441407678
C           -0.85576523179465       -1.76731832062619        4.04971227818932
C           -0.02423166904259       -1.24718921022623        5.22909486809688
C            0.19492022689576        0.25853566781293        5.17378621215576
H            0.47251531266092        0.85078094282681       -0.17497474226654
H            0.56751008229631       -0.66471268300069       -1.10584667256912
H            2.02107198765378       -0.02135737476795       -0.34145772053177
H            1.12352044222264       -3.38882718981339        2.77803317075013
H           -0.85729904836676        0.22279186311640        1.98775974955339
H           -1.78853627315191       -1.20531623982774        3.97331796569786
H           -1.08659625281367       -2.82483572519773        4.19257193547793
H           -0.56293526584414       -1.50078673212224        6.14182524418792
H            0.93633002394713       -1.76486740596126        5.25492051343400
H           -0.75503444327023        0.78709427358256        5.14426238531058
H            0.72892327270202        0.58227179124012        6.06220124078217
H            0.78831708414110        0.54883246421050        4.30814547602877
21
 energy: -27.344286096922 gnorm: 0.001695828362 xtb: 6.7.1 (edcfbbe)
C            0.94333210647228       -0.12335651429829       -0.22534997987144
N            0.65967198580185       -0.88217685379720        0.95777897611000
N            1.29698628374264       -2.02188172300506        1.20474044717059
C            0.81360884785349       -2.47305411020730        2.32025708107730
N           -0.14222102387795       -1.63714344365218        2.80425828372846
C           -0.21450937460240       -0.63369750387059        1.92189078817300
C           -0.85996046055810       -1.77007587012896        4.05128796153696
C           -0.02530638708128       -1.24716444188477        5.22656446586122
C            0.19990152488825        0.25731449240451        5.16246320385173
H            0.47366834071029        0.85518703409770       -0.16501421015359
H            0.57209593032974       -0.65628357944860       -1.10215937457509
H            2.02285982091935       -0.01626087484426       -0.32981283555780
H            1.12810259890398       -3.38579718962125        2.78470590081118
H           -0.86998212473993        0.21268547747389        1.98375371985457
H           -1.79252297735181       -1.20773249258671        3.97413031432967
H           -1.09136885981406       -2.82718832891611        4.19639872342464
H           -0.56324756622897       -1.49377307157760        6.14164074160146
H            0.93326657761279       -1.76855404901529        5.25375743236901
H           -0.74781516358703        0.78982850473706        5.13633474049143
H            0.74100647972999        0.58309801948516        6.04559718911986
H            0.78902344087691        0.54081651865600        4.29165643064681
21
 energy: -27.344294844525 gnorm: 0.001256786532 xtb: 6.7.1 (edcfbbe)
C            0.94419189859917       -0.12064401333479       -0.22060231607255
N            0.65847551827512       -0.88155754835253        0.96034458751601
N            1.29936463201390       -2.01870213880224        1.20863663377401
C            0.81499794881159       -2.47216925475348        2.32279168311326
N           -0.14545187574298       -1.63975053169266        2.80450132668582
C           -0.21930866681074       -0.63678928373158        1.92199342481246
C           -0.86251610685646       -1.77214558250481        4.05188091282809
C           -0.02621342529863       -1.24727820940309        5.22528716399930
C            0.20333379440297        0.25637859952263        5.15511453903524
H            0.47465078464419        0.85787389299101       -0.15940052455371
H            0.57480286587671       -0.65151563348532       -1.09950121720798
H            2.02399431824018       -0.01376255150876       -0.32270626099430
H            1.13104399816384       -3.38356192351336        2.78884630543143
H           -0.87850209402011        0.20700779830577        1.98181719880368
H           -1.79502863914495       -1.20981889696550        3.97501990144483
H           -1.09339769766494       -2.82909426326663        4.19857318181085
H           -0.56486246452809       -1.48868002010666        6.14128913853297
H            0.93088289429113       -1.77121007675256        5.25431981965726
H           -0.74279766272396        0.79165704709489        5.13019042307273
H            0.74855174434984        0.58359451604097        6.03515305849930
H            0.79037823512226        0.53495807421886        4.28133101981127
21
 energy: -27.344301148296 gnorm: 0.000385782823 xtb: 6.7.1 (edcfbbe)
C            0.94474622442269       -0.11812149762394       -0.21628556041885
N            0.65743416008995       -0.88068623207186        0.96292281075401
N            1.30149246915391       -2.01518487876037        1.21223798826408
C            0.81656038797294       -2.47117035833771        2.32508101628157
N           -0.14804710638061       -1.64180117117954        2.80486350750670
C           -0.22369474197734       -0.63901996477711        1.92263634926091
C           -0.86459053446707       -1.77457823896368        4.05226263233965
C           -0.02756892426185       -1.24740358322007        5.22450979324186
C            0.20681476115733        0.25523453681832        5.14771254646256
H            0.47586556755378        0.86068312450950       -0.15445597844265
H            0.57629929902692       -0.64709886878202       -1.09681979059489
H            2.02481730631113       -0.01183362116023       -0.31681119164807
H            1.13363279443095       -3.38108512294664        2.79317465202237
H           -0.88587149866829        0.20259587678950        1.98081217571463
H           -1.79755675133808       -1.21309648334036        3.97588838264847
H           -1.09413657783971       -2.83155479541809        4.20040518742147
H           -0.56794540388919       -1.48302903918167        6.14094755441751
H            0.92785362537409       -1.77409156898095        5.25654169770541
H           -0.73754403879562        0.79357598765160        5.12227910711439
H            0.75488919471573        0.58421210353101        6.02528830650766
H            0.79313978740839        0.52824379544448        4.27168881344120
21
 energy: -27.344303876231 gnorm: 0.000275077129 xtb: 6.7.1 (edcfbbe)
C            0.94492413906183       -0.11611423087170       -0.21320745786929
N            0.65697462853954       -0.87990825153415        0.96498794372343
N            1.30308670047915       -2.01275293144198        1.21477487880714
C            0.81766714087603       -2.47045275462267        2.32672116539292
N           -0.14958655474751       -1.64321071089617        2.80534711914065
C           -0.22637738297331       -0.64035314370575        1.92347204482245
C           -0.86593562477746       -1.77664890123086        4.05262199221776
C           -0.02897303054665       -1.24734852445981        5.22418533667546
C            0.20950041505207        0.25436086718296        5.14191129753823
H            0.47675872529837        0.86298674723259       -0.15035653896971
H            0.57631730243195       -0.64364642233751       -1.09456616891185
H            2.02511880977310       -0.01049984991864       -0.31327631787511
H            1.13549513575443       -3.37949103708510        2.79598982882089
H           -0.89048744089931        0.19982857319164        1.98068541145389
H           -1.79969661859560       -1.21649716685347        3.97634458752467
H           -1.09386251724914       -2.83383297796924        4.20167193167836
H           -0.57125259581001       -1.47811537519516        6.14071416344951
H            0.92503438860136       -1.77637969409780        5.25936969266909
H           -0.73333244547425        0.79528208274752        5.11429544592448
H            0.75850377237827        0.58510378960279        6.01824285765024
H            0.79671305282719        0.52247991226272        4.26495078613678
