28
 energy: -32.897524816460 gnorm: 0.056651952421 xtb: 6.7.1 (edcfbbe)
O            0.81411000000000        0.39685000000000       -0.54180000000000
C            0.30825000000000       -0.88321000000000       -0.20337000000000
C            1.01740000000000       -1.94196000000000       -1.04162000000000
C            2.54646000000000       -1.83871000000000       -1.00923000000000
N            3.22376000000000       -2.85373000000000       -0.06350000000000
C            4.76809000000000       -2.69341000000000       -0.18269000000000
C            5.23465000000000       -3.93516000000000       -0.91650000000000
C            4.28550000000000       -5.00320000000000       -0.42407000000000
C            2.93975000000000       -4.31034000000000       -0.48749000000000
C            2.81463000000000       -2.61979000000000        1.38206000000000
H            0.20088000000000        1.06313000000000       -0.17642000000000
H            0.46033000000000       -1.04324000000000        0.86665000000000
H           -0.76712000000000       -0.90485000000000       -0.40816000000000
H            0.65374000000000       -2.93758000000000       -0.77016000000000
H            0.71521000000000       -1.77318000000000       -2.08398000000000
H            2.94682000000000       -2.05494000000000       -2.00762000000000
H            2.90148000000000       -0.84617000000000       -0.71259000000000
H            5.18682000000000       -2.65538000000000        0.82906000000000
H            5.00666000000000       -1.76488000000000       -0.71019000000000
H            5.13228000000000       -3.79911000000000       -1.99968000000000
H            6.28046000000000       -4.17202000000000       -0.70147000000000
H            4.31387000000000       -5.90524000000000       -1.04174000000000
H            4.52445000000000       -5.28728000000000        0.60750000000000
H            2.56172000000000       -4.29698000000000       -1.51575000000000
H            2.19086000000000       -4.74908000000000        0.17862000000000
H            3.03311000000000       -1.57929000000000        1.63812000000000
H            1.74852000000000       -2.83397000000000        1.48522000000000
H            3.38413000000000       -3.30221000000000        2.02053000000000
28
 energy: -32.903047190019 gnorm: 0.027100157216 xtb: 6.7.1 (edcfbbe)
O            0.83646198904461        0.38653540880467       -0.53824243528347
C            0.31396954796582       -0.88384955286758       -0.19345399229413
C            1.02033295561678       -1.94106604206355       -1.04325794264643
C            2.54696151880805       -1.86806414794927       -0.99240406807468
N            3.23331589706818       -2.85237652721915       -0.06529233909795
C            4.75051160340973       -2.69374071574017       -0.18654732084483
C            5.23772660665703       -3.93104822258521       -0.92073536707666
C            4.28448145577283       -5.00230967387801       -0.42059709667990
C            2.94596607756860       -4.28730546967245       -0.47751703468689
C            2.81765118792061       -2.62451758947997        1.34952155435034
H            0.23917266103112        1.06557431180361       -0.19588137486684
H            0.45869548145214       -1.05850382992819        0.88030046485616
H           -0.76000396265615       -0.92605858542476       -0.40769856753978
H            0.65780505439474       -2.93097225588277       -0.76641443791172
H            0.72150851607969       -1.76678360642336       -2.08102301421789
H            2.95542609558146       -2.06568368775117       -1.98642107345479
H            2.85147890031095       -0.86275109719040       -0.69244061864405
H            5.16598857340827       -2.65138375497620        0.82051285759767
H            4.98347986998987       -1.76523328067985       -0.70450039862472
H            5.13904318417984       -3.80462224064008       -2.00110238306059
H            6.27996434332877       -4.15608959043614       -0.69968604674192
H            4.29722262909989       -5.90014318813351       -1.03680365815203
H            4.52901973806441       -5.29059016939019        0.60413703557531
H            2.56419939816374       -4.27603466440866       -1.49921433115123
H            2.19725158144060       -4.72273633974512        0.18227922523859
H            3.03109037470293       -1.59334311972198        1.62226542510647
H            1.75456227122033       -2.82262368593781        1.46128707630135
H            3.37353645037519       -3.29920868248272        1.99865986202460
28
 energy: -32.904551474617 gnorm: 0.005266138612 xtb: 6.7.1 (edcfbbe)
O            0.87208656068078        0.36385932418767       -0.52839621592538
C            0.32739449717288       -0.89356188101706       -0.18663179439862
C            1.02714573377287       -1.96030023190506       -1.03776082298003
C            2.55526600169823       -1.88434998358163       -0.97978373898473
N            3.23010699480141       -2.85199361119951       -0.06801959336792
C            4.72306332791310       -2.68544111337087       -0.19077655947576
C            5.23197981782990       -3.92039296082532       -0.92212830314332
C            4.27880212859875       -4.99766620723087       -0.41833830512723
C            2.94301895249989       -4.26951432637881       -0.47060434855775
C            2.82084924933661       -2.62498008457233        1.32345706437013
H            0.28863542992537        1.06094276160644       -0.21353186909766
H            0.45929083138205       -1.07694244221308        0.88998558307291
H           -0.74530422457549       -0.93676116453764       -0.40748217683535
H            0.65178226252581       -2.94519493707855       -0.76369427998042
H            0.73408936207698       -1.77104080418409       -2.07068430115307
H            2.96632034087610       -2.06241854015905       -1.97411394081124
H            2.82026403524083       -0.86756514147362       -0.67639794566868
H            5.14936078483245       -2.64372202428366        0.80984199483442
H            4.95953134224306       -1.75747634773637       -0.70443147452144
H            5.13978435338220       -3.80517380931062       -2.00166157321237
H            6.27217420476430       -4.13103604160130       -0.69008264407742
H            4.27978459252429       -5.89065369452657       -1.03677184892815
H            4.53076470643575       -5.28914476392672        0.60105685792070
H            2.56311643354082       -4.27055699485526       -1.49114002328067
H            2.19556342953029       -4.70914248192293        0.18441362817064
H            3.03736803574733       -1.59913871404853        1.61178550455451
H            1.75571723998180       -2.80413461543619        1.43738513871309
H            3.35886357526167       -3.30142916841841        1.98423598789085
28
 energy: -32.904687231863 gnorm: 0.003233694623 xtb: 6.7.1 (edcfbbe)
O            0.89268898241787        0.35049377291864       -0.52158707710101
C            0.32939867388946       -0.89877024883502       -0.18528953313379
C            1.02205088425570       -1.96904930557645       -1.03879607498111
C            2.55130179617100       -1.88735940139943       -0.97977788976576
N            3.22975942868205       -2.85008329054433       -0.06753070984193
C            4.72166185252570       -2.68187626797551       -0.19110252107776
C            5.23199691568066       -3.91700019565354       -0.92268863432350
C            4.27917613991781       -4.99462757226907       -0.41897441393750
C            2.94231457509735       -4.26714937627201       -0.46952375193804
C            2.81749772408588       -2.62271134146089        1.32396557918506
H            0.31517797853821        1.05850251281615       -0.21769790111346
H            0.45646414716116       -1.08634521241260        0.89118672597950
H           -0.74296221616962       -0.92776566380564       -0.40812546493857
H            0.64536585098764       -2.95328854731492       -0.76483741385841
H            0.72920982101163       -1.77755997817113       -2.07146734629935
H            2.96337604063809       -2.05969335505795       -1.97512546380129
H            2.81122577010408       -0.87010079094915       -0.67554496914262
H            5.15280506863313       -2.63993113147953        0.80856569181793
H            4.95796235638481       -1.75339911173227       -0.70602481579446
H            5.14116299601992       -3.80299439900950       -2.00269635935581
H            6.27220848438879       -4.12452660102103       -0.68747141578946
H            4.27730959877193       -5.88614005240717       -1.03987176013772
H            4.53262478606372       -5.28781046577254        0.59978366715919
H            2.56237407632316       -4.27077249491865       -1.49096741094086
H            2.19478456702820       -4.70792751824004        0.18619271851386
H            3.04212070235128       -1.59799181286925        1.61473785153592
H            1.74937472948455       -2.79359888073874        1.43480878676946
H            3.34838826955592       -3.30545326984836        1.98558990631154
28
 energy: -32.904795092245 gnorm: 0.003132431440 xtb: 6.7.1 (edcfbbe)
O            0.92719756198523        0.33388219370316       -0.50471685615247
C            0.33109741118733       -0.90343745433062       -0.18492928800550
C            1.01412181319378       -1.98012555574202       -1.03925954302376
C            2.54452148789796       -1.89111038973434       -0.98197538648603
N            3.22615651884529       -2.84931998893257       -0.06813901164095
C            4.71700022880936       -2.67652357668856       -0.19190511689450
C            5.23187815081545       -3.91149819155383       -0.92274888531275
C            4.28232110525187       -4.99206684875763       -0.42040549747060
C            2.94285212980296       -4.26824328249261       -0.46745706599305
C            2.81409051556474       -2.61911824807370        1.32540873354636
H            0.35723388875750        1.05696180490876       -0.22057509047122
H            0.44428926671855       -1.10238176900469        0.89121529811501
H           -0.73993745807039       -0.90622865712261       -0.41595159014688
H            0.63800467231114       -2.96371485910625       -0.76338825450818
H            0.72036087756879       -1.78995978881452       -2.07194524249139
H            2.95719317434113       -2.05955769990645       -1.97801049531429
H            2.79749002238008       -0.87254982972578       -0.67875217002418
H            5.14998139452727       -2.63226083600380        0.80798816416071
H            4.95057461175723       -1.74671632513912       -0.70816493420360
H            5.14395690773506       -3.79821562351899       -2.00331159561791
H            6.27231281206780       -4.11388696988540       -0.68312428163196
H            4.27929807616326       -5.88120247094988       -1.04507464164255
H            4.53801787355747       -5.28774061767007        0.59727493662315
H            2.56111493002060       -4.27419245821603       -1.48910276870120
H            2.19662542913641       -4.71042085108181        0.19028146204851
H            3.05265654657568       -1.59704158473550        1.61863314114532
H            1.74238590318921       -2.77605085772046        1.43163509262653
H            3.33402414790935       -3.31220926370456        1.98623088746747
28
 energy: -32.904849846472 gnorm: 0.002785147345 xtb: 6.7.1 (edcfbbe)
O            0.94953663045638        0.32795084839257       -0.48769721092966
C            0.33121091462821       -0.90304765807484       -0.18588572403518
C            1.00910619619344       -1.98432000467816       -1.03917117553558
C            2.53999671224945       -1.89554907588167       -0.98443878758576
N            3.22409446868499       -2.85014656680557       -0.06866588421322
C            4.71455976493983       -2.67331868577612       -0.19260318771519
C            5.23265609437969       -3.90746372473143       -0.92264475363159
C            4.28562658613969       -4.99031520176673       -0.42107617969479
C            2.94375249751167       -4.27067401361326       -0.46553643795749
C            2.81175172314046       -2.61800470509295        1.32547764926850
H            0.38162559388494        1.05745673009114       -0.21810696717050
H            0.42829895372851       -1.11245872072564        0.89024272829429
H           -0.73731033003062       -0.88713890992378       -0.42845772122674
H            0.63351783175150       -2.96684172082016       -0.75900340886252
H            0.71351687056241       -1.79888160215797       -2.07221252593039
H            2.95176084533341       -2.06602573236877       -1.98032336671774
H            2.79132498576428       -0.87630731830350       -0.68370634466875
H            5.14728192180705       -2.62710288863898        0.80737455480257
H            4.94548497717325       -1.74312620904740       -0.70961410827335
H            5.14612343748679       -3.79403145484623       -2.00327832743118
H            6.27329339191538       -4.10702509980421       -0.68145097476793
H            4.28388749605751       -5.87814848947682       -1.04763517016367
H            4.54314237813745       -5.28764931154858        0.59565654175347
H            2.55942502730162       -4.27835886966293       -1.48631497892736
H            2.20001079617472       -4.71379508074670        0.19451966627052
H            3.05810676551970       -1.59800780781307        1.61890390951745
H            1.73897637553561       -2.76673166582664        1.43009465010658
H            3.32606109357282       -3.31586706035145        1.98528353542531
28
 energy: -32.904923036169 gnorm: 0.002794651577 xtb: 6.7.1 (edcfbbe)
O            0.98520307507784        0.32275306237386       -0.45277230878789
C            0.33043896261424       -0.89927220296417       -0.18779365709496
C            1.00235733900350       -1.98769837005372       -1.03786220034574
C            2.53365882870618       -1.90333151859976       -0.98984567690247
N            3.22025081983918       -2.85254352903434       -0.07006136326925
C            4.71023857718618       -2.66901467015136       -0.19372842907545
C            5.23416710840858       -3.90074826296372       -0.92275002724721
C            4.29245877580538       -4.98843998906447       -0.42197499419736
C            2.94652724870987       -4.27624038885264       -0.46208459143704
C            2.80778361852407       -2.61685462527479        1.32391554087266
H            0.41676923826724        1.05971429689269       -0.20937954642905
H            0.39337582890414       -1.12780030888105        0.88813393633381
H           -0.73141865674749       -0.85267503426826       -0.45699700627886
H            0.62671850776644       -2.96749341667606       -0.74741173984049
H            0.70299648460239       -1.81337447362981       -2.07183822573110
H            2.94163770719214       -2.08226405928449       -1.98545560395779
H            2.78659019855221       -0.88287220126829       -0.69567181973186
H            5.14100137240230       -2.61954628438774        0.80650809109022
H            4.93588036336111       -1.73833123228930       -0.71140342777547
H            5.14882748468514       -3.78711428788690       -2.00333502064808
H            6.27533583354086       -4.09612509156846       -0.68065602842306
H            4.29497365849020       -5.87486433200287       -1.05054310650252
H            4.55329867675585       -5.28738276496473        0.59332691909055
H            2.55624496015089       -4.28806871137054       -1.48031519829609
H            2.20882540395411       -4.72108315342768        0.20308498537727
H            3.06261085084705       -1.59962947210395        1.61668233738223
H            1.73460059178180       -2.75553155506876        1.42698416139844
H            3.31546714161880       -3.31909742322846        1.98297400042670
28
 energy: -32.904955676515 gnorm: 0.002367669049 xtb: 6.7.1 (edcfbbe)
O            1.00078025795031        0.32233692153175       -0.43104879725069
C            0.33011269139659       -0.89579362246175       -0.18860545695410
C            1.00037790412611       -1.98746637084812       -1.03672016668291
C            2.53156757138328       -1.90799248522911       -0.99358895277874
N            3.21859697078603       -2.85448139084454       -0.07106040797989
C            4.70843901125036       -2.66756921521365       -0.19399529944245
C            5.23506591235379       -3.89728145139750       -0.92328600689498
C            4.29650376076660       -4.98778994443508       -0.42217572237189
C            2.94834299964933       -4.27978802162371       -0.45999865345932
C            2.80477171417064       -2.61640136860582        1.32141909752327
H            0.43069995847887        1.06128031703764       -0.20077763369825
H            0.37255246659625       -1.13349011340062        0.88598264909247
H           -0.72613786169467       -0.83469505186937       -0.47409185859728
H            0.62404814239551       -2.96527299347192       -0.73966487754586
H            0.69836490057637       -1.81971322592511       -2.07098973635466
H            2.93607699074689       -2.09421360961318       -1.98924067256664
H            2.78853017843254       -0.88674007682139       -0.70451037602616
H            5.13761893541672       -2.61740820122912        0.80645823976076
H            4.93165317565928       -1.73649553497644       -0.71113720502452
H            5.14887810537469       -3.78355462896561       -2.00371020263849
H            6.27678902149931       -4.09080693825209       -0.68232224694466
H            4.30204389652819       -5.87411553735926       -1.05083794411578
H            4.55940911634190       -5.28647566748662        0.59259060665444
H            2.55409810020667       -4.29471759363511       -1.47630433511701
H            2.21485172766019       -4.72577811440121        0.20859577618503
H            3.05918923764829       -1.59923326502092        1.61272802739968
H            1.73203328423945       -2.75396121110548        1.42401762030770
H            3.31156183006070       -3.31731160437638        1.98200453552108
28
 energy: -32.904976115772 gnorm: 0.001477703244 xtb: 6.7.1 (edcfbbe)
O            1.01229035860859        0.32070464393851       -0.41354280418219
C            0.33000408770935       -0.89393330639329       -0.18835723050820
C            0.99965804160248       -1.98727445832171       -1.03594054326764
C            2.53060315820294       -1.91139295047615       -0.99659211671823
N            3.21749347308032       -2.85570476317788       -0.07171807124954
C            4.70715703750809       -2.66705981996781       -0.19373251309478
C            5.23528676974445       -3.89478370498337       -0.92449967892225
C            4.29945508868116       -4.98743521783194       -0.42222484273044
C            2.94980458978424       -4.28202398264459       -0.45810048887001
C            2.80166677586765       -2.61515485889929        1.31874799884017
H            0.44180190244244        1.06225427248176       -0.19254377909860
H            0.35705836894928       -1.13862984253349        0.88422947475045
H           -0.72116233231552       -0.82277276980888       -0.48680084167511
H            0.62203762264289       -2.96364076543713       -0.73556166103539
H            0.69609199672519       -1.82213166265251       -2.07001552964371
H            2.93222481154367       -2.10327267803385       -1.99246649845815
H            2.79163594149828       -0.88935255012975       -0.71200571399127
H            5.13548604154967       -2.61797839365428        0.80696734779357
H            4.92945194661874       -1.73515484632772       -0.70934092988120
H            5.14691742427094       -3.78094249777791       -2.00472118934275
H            6.27775091004038       -4.08690912729212       -0.68568538238641
H            4.30677437377007       -5.87409147701257       -1.05038304177077
H            4.56432131280060       -5.28495812829890        0.59236145830831
H            2.55230704942919       -4.29997250235057       -1.47286323262476
H            2.21975612071166       -4.72904528968089        0.21337573685371
H            3.05123374311278       -1.59613991525687        1.60769631839474
H            1.72940791091313       -2.75629373403773        1.42093442758306
H            3.31030547450756       -3.31183967343879        1.98251332692755
28
 energy: -32.904999675813 gnorm: 0.001516713921 xtb: 6.7.1 (edcfbbe)
O            1.03406237812916        0.31461323761891       -0.38251143196366
C            0.33057433966604       -0.89341236877273       -0.18765151163867
C            0.99858840539561       -1.98815880525559       -1.03726648394591
C            2.52920974977469       -1.91744394654233       -1.00221758968008
N            3.21569284869026       -2.85725747012021       -0.07228798863638
C            4.70509954747141       -2.66617340539486       -0.19267861776898
C            5.23442331376023       -3.89048623464715       -0.92757541395047
C            4.30377109729999       -4.98645452517209       -0.42207908415247
C            2.95147122653731       -4.28536630776220       -0.45371705171440
C            2.79550083643022       -2.61085931826249        1.31479689701966
H            0.46597003448904        1.06173425410603       -0.17362448568941
H            0.33254334145756       -1.15246317935968        0.88108491285276
H           -0.71249840947417       -0.80348015974373       -0.50684010203097
H            0.61829146535292       -2.96309968937909       -0.73586445408501
H            0.69397252552653       -1.82250170750791       -2.07070078841752
H            2.92738951194278       -2.11733994604443       -1.99817770552271
H            2.79580367683128       -0.89409550406131       -0.72482158562841
H            5.13289674007037       -2.62105522579892        0.80853559027527
H            4.92703806398929       -1.73197653380554       -0.70434444764162
H            5.14047094819964       -3.77595897538756       -2.00733464079186
H            6.27861684848334       -4.07983839661021       -0.69391726007128
H            4.31253581948179       -5.87379067166370       -1.04924540150647
H            4.57285037414452       -5.28153999538562        0.59219809415631
H            2.54850490546268       -4.30838610462695       -1.46614057416391
H            2.22693500066040       -4.73396717512475        0.22281809945105
H            3.03215966196614       -1.58629661139024        1.59678890911943
H            1.72429549924359       -2.76344349693852        1.41664565293702
H            3.31065024901764       -3.29643173696683        1.98585846318892
28
 energy: -32.905021380674 gnorm: 0.002211008597 xtb: 6.7.1 (edcfbbe)
O            1.04469324512596        0.30762726856788       -0.36412373687606
C            0.33260860451346       -0.89661390365694       -0.18695862395750
C            0.99958317089189       -1.98847253841141       -1.04255538893813
C            2.53005361055237       -1.92058007613448       -1.00690632191264
N            3.21443274550305       -2.85720065241985       -0.07204338654552
C            4.70381215183206       -2.66648597515348       -0.19082968237779
C            5.23195312710069       -3.88851332148733       -0.93052721019059
C            4.30500279425515       -4.98588948316117       -0.42168306442359
C            2.95144514834287       -4.28666677548985       -0.44946000650935
C            2.79060316126255       -2.60517364179386        1.31302852396064
H            0.48162801846836        1.05718078101415       -0.15373770553398
H            0.32393671307781       -1.16511941928658        0.87819670460301
H           -0.70625672368247       -0.79594473205452       -0.51288132348304
H            0.61740442013708       -2.96430261351681       -0.74704341212400
H            0.69632550907216       -1.81612935387901       -2.07527175152196
H            2.92870268323500       -2.12486924802155       -2.00176361258510
H            2.79818014911704       -0.89664864695131       -0.73328040954685
H            5.13156866239965       -2.62671608666204        0.81090685642055
H            4.92714972572602       -1.72987822643926       -0.69786564439411
H            5.13220235708481       -3.77246394821258       -2.00970223482324
H            6.27765681450263       -4.07629942888615       -0.70231039188748
H            4.31277113177632       -5.87375633625476       -1.04806643924521
H            4.57765582722345       -5.27925589782868        0.59220240121194
H            2.54505775818083       -4.31245791428262       -1.46055939593990
H            2.22989712595217       -4.73538126752076        0.23035280383638
H            3.01266122213123       -1.57446287187409        1.58631832965689
H            1.72111682772245       -2.77247903381407        1.41588766534044
H            3.31497401849569       -3.27797665638854        1.99040645778648
28
 energy: -32.905042653551 gnorm: 0.002477598986 xtb: 6.7.1 (edcfbbe)
O            1.07651147025080        0.29210234371569       -0.32307254999280
C            0.33504189705580       -0.90281253915617       -0.18665304129009
C            0.99892169065289       -1.99085935745928       -1.05151633106316
C            2.52955659675178       -1.92758264870549       -1.01491188054785
N            3.21143331631513       -2.85719384309245       -0.07135933159273
C            4.70034307910464       -2.66520697815736       -0.18823265337768
C            5.22768559694332       -3.88309547287824       -0.93562101877435
C            4.30807943405876       -4.98397506070230       -0.42169887100168
C            2.95142553747933       -4.28959554733889       -0.44079313112665
C            2.78256871346848       -2.59482036072077        1.31084303787394
H            0.51975752695072        1.04969212556789       -0.12100920047728
H            0.29814457560961       -1.19533214058383        0.87372477758339
H           -0.69621400027776       -0.77417738476590       -0.53278200739227
H            0.61294135205808       -2.96805968789692       -0.76563696683659
H            0.69881398278489       -1.80834937388888       -2.08357614741053
H            2.92893227852192       -2.14027406869739       -2.00769311735514
H            2.79841624737057       -0.90216960707038       -0.74871715031599
H            5.12842700884829       -2.63324641124802        0.81401670818701
H            4.92440315758516       -1.72463838875454       -0.68815583484836
H            5.11909594307770       -3.76436107909330       -2.01378270343555
H            6.27589456665032       -4.06711418671468       -0.71573968765569
H            4.31437326646522       -5.87171041675872       -1.04828155479713
H            4.58813469765197       -5.27624374968743        0.59058701347413
H            2.53733410985796       -4.32085625573846       -1.44895748266108
H            2.23652904933525       -4.73871883609606        0.24611944815470
H            2.98638505141317       -1.55609322792557        1.57024590737709
H            1.71557320138370       -2.78023136563298        1.41513893496375
H            3.31831065263259       -3.25000648051920        1.99724483433897
28
 energy: -32.905060058623 gnorm: 0.001209864150 xtb: 6.7.1 (edcfbbe)
O            1.07739294675527        0.28863328714060       -0.31728813105043
C            0.33681850589332       -0.90601473392659       -0.18647742592010
C            1.00047653190682       -1.98977836898699       -1.05616544641686
C            2.53122718891285       -1.92835577341640       -1.01729546776314
N            3.21107000871468       -2.85656818574688       -0.07097389912119
C            4.70002698365779       -2.66536401556235       -0.18694710836033
C            5.22583956013062       -3.88255346574777       -0.93640571553030
C            4.30715879297165       -4.98358115792120       -0.42159299556390
C            2.95034601175392       -4.28959143597611       -0.43822334489915
C            2.78096035822923       -2.59139261111131        1.31056270635095
H            0.52161826459944        1.04521073071358       -0.11004477714666
H            0.30028368392276       -1.20269700944725        0.87212208162640
H           -0.69409661318222       -0.77564146318373       -0.53036740954674
H            0.61333322702129       -2.96850161740977       -0.77667578814739
H            0.70241113692229       -1.80127447613901       -2.08787403295668
H            2.93188736036675       -2.14350768886295       -2.00893685109913
H            2.79974795781709       -0.90282803512048       -0.75244813658862
H            5.12796586683036       -2.63599497379016        0.81533419479933
H            4.92506774220655       -1.72407797723588       -0.68479010304265
H            5.11518810531781       -3.76274710567433       -2.01417950580431
H            6.27442465341299       -4.06662419452929       -0.71876351457032
H            4.31239902881676       -5.87105749737525       -1.04855264957010
H            4.58898752730023       -5.27650248610781        0.58993381804256
H            2.53417645141457       -4.32185566095755       -1.44547319240102
H            2.23698979440915       -4.73792126255551        0.25062870512271
H            2.98122008445599       -1.55169813108367        1.56636883774990
H            1.71504857999777       -2.78029340587310        1.41563250223052
H            3.31885025944459       -3.24235128411250        1.99862264957706
28
 energy: -32.905092157042 gnorm: 0.002260027148 xtb: 6.7.1 (edcfbbe)
O            1.10101338275890        0.26866047090985       -0.26621685010380
C            0.34368487008129       -0.91975786038306       -0.18602132312410
C            1.00492192386351       -1.98655550838780       -1.07761152033901
C            2.53596052388514       -1.93617399025477       -1.03190522347162
N            3.20743990692621       -2.85441419628575       -0.06959378888981
C            4.69651694768337       -2.66537144855859       -0.18104806240387
C            5.21816170932512       -3.87698337231820       -0.94174371670333
C            4.30717518855295       -4.98145619538704       -0.42176225918461
C            2.94777135584400       -4.29200367426988       -0.42325330421986
C            2.77053219035718       -2.57285388964255        1.30746028993911
H            0.55070818477667        1.02508624571346       -0.04785582443404
H            0.28591947331248       -1.24776479991955        0.86292855793781
H           -0.68023582953029       -0.76380908898734       -0.53893170955997
H            0.61101583521948       -2.97066740414222       -0.82484492711812
H            0.71567216417616       -1.77240996756142       -2.10756175821743
H            2.93969878820769       -2.16837795795095       -2.01844262757279
H            2.80665360295797       -0.90893294190640       -0.77887651712436
H            5.12308079797843       -2.64857802503928        0.82195980339512
H            4.92438696952810       -1.71936910807629       -0.66795368370796
H            5.09614467627216       -3.75193264704904       -2.01768938428073
H            6.26935070225440       -4.05926159475649       -0.73583564283506
H            4.30888801764557       -5.86734240170824       -1.05110504841342
H            4.59972744326867       -5.27682682514987        0.58590803539622
H            2.51695802370844       -4.33250846277926       -1.42416713462023
H            2.24593386098630       -4.73771845488510        0.27888009368239
H            2.95355110040339       -1.52656433892723        1.54459462513399
H            1.70860159662276       -2.77785149681283        1.41395279001309
H            3.31758659293433       -3.20319106548386        2.00646611082697
28
 energy: -32.905106996721 gnorm: 0.001788147122 xtb: 6.7.1 (edcfbbe)
O            1.10732146330170        0.26157910252861       -0.24915949838205
C            0.34433737676041       -0.92424385447721       -0.18541639878634
C            1.00673404931829       -1.98484984386409       -1.08315466293848
C            2.53757315545476       -1.93842581522056       -1.03629943715654
N            3.20678459937358       -2.85365401843637       -0.06953567254066
C            4.69592894933230       -2.66547852289489       -0.17941496925165
C            5.21655828917642       -3.87541048700127       -0.94293215535378
C            4.30710414946693       -4.98107179335550       -0.42249027601315
C            2.94718655174208       -4.29245802601744       -0.41844445697364
C            2.76793194044436       -2.56686845829846        1.30543059479577
H            0.55749089134239        1.01811956004131       -0.02832086537002
H            0.27800231461151       -1.26163433062661        0.85974820172822
H           -0.67678879065293       -0.76029412032966       -0.54342398959677
H            0.61030293214285       -2.96990007626958       -0.83890428357530
H            0.72053192331120       -1.76249012919429       -2.11203652601287
H            2.94104223482208       -2.17692210572241       -2.02140721575735
H            2.81086663251580       -0.91056169211487       -0.78809958526991
H            5.12150180353782       -2.65240362753112        0.82400442364397
H            4.92503428771239       -1.71821878289414       -0.66313851343139
H            5.09239321448599       -3.74892451650073       -2.01839323074994
H            6.26812123725412       -4.05782622192126       -0.73940592736567
H            4.30762596204100       -5.86589476050134       -1.05335288722907
H            4.60270176901312       -5.27804869516209        0.58377351782753
H            2.51028196647525       -4.33622073101601       -1.41639519321760
H            2.25009779636325       -4.73719166930484        0.28895043620861
H            2.94981140481703       -1.51968366525253        1.53858766738402
H            1.70621058572178       -2.77199810322136        1.41128916048811
H            3.31413131011492       -3.19395461544101        2.00767174289656
28
 energy: -32.905122087211 gnorm: 0.004462030724 xtb: 6.7.1 (edcfbbe)
O            1.13758113397876        0.23378898312578       -0.17443066135924
C            0.34669556390990       -0.94034304932148       -0.18489731398704
C            1.01218168371102       -1.98027316080859       -1.10538011367342
C            2.54208939620713       -1.94927916883194       -1.05433189795185
N            3.20397302425749       -2.85120071429378       -0.06900733658368
C            4.69347465487683       -2.66564404786288       -0.17311059952466
C            5.21097268553648       -3.86840138637368       -0.94818089977951
C            4.30802610698283       -4.97928668321586       -0.42586465138301
C            2.94531063780185       -4.29493576191447       -0.39860731596404
C            2.75749012052676       -2.54239838239847        1.29750110521998
H            0.59217863869735        0.99152294692854        0.05581268580675
H            0.23619901503459       -1.31916536737843        0.84437514139024
H           -0.66027713078557       -0.74001087024741       -0.57043714849201
H            0.60586986365586       -2.96850078596158       -0.89226986635381
H            0.73732547260437       -1.72653697469465       -2.13007649051113
H            2.94351181539666       -2.21214949942130       -2.03444467500212
H            2.82628915351229       -0.91893961680796       -0.82522654460036
H            5.11573857962287       -2.66706135793765        0.83191294240109
H            4.92693133685516       -1.71316554672694       -0.64434657416395
H            5.07854517758394       -3.73621703281675       -2.02192511116984
H            6.26427466907284       -4.05074064180738       -0.75363707107532
H            4.30375433698832       -5.85934614958847       -1.06342036184558
H            4.61658458018432       -5.28313148440730        0.57456807336382
H            2.48283753140887       -4.35251637677208       -1.38419306102829
H            2.26851181904728       -4.73643613369665        0.33086244003021
H            2.93545961614974       -1.49058169885400        1.51434139154596
H            1.69557416114456       -2.74709291371043        1.39998841877475
H            3.29971635603792       -3.15688712420399        2.01415549591689
28
 energy: -32.905133227201 gnorm: 0.001817450314 xtb: 6.7.1 (edcfbbe)
O            1.12224002398166        0.23602449901620       -0.18744822596822
C            0.34413724046321       -0.94072566904514       -0.18527072598686
C            1.01381788578333       -1.97865634658953       -1.10398504407366
C            2.54328003914797       -1.94589804556467       -1.05164875171754
N            3.20578604406305       -2.85003274621310       -0.06895463074205
C            4.69570136817267       -2.66703542115518       -0.17364154479905
C            5.21285204769610       -3.87135052918834       -0.94606980594014
C            4.30540706022381       -4.98050654030632       -0.42732508745197
C            2.94478617680229       -4.29242425137985       -0.40002802097888
C            2.76188311989030       -2.54313803310585        1.29779267899387
H            0.57470596914220        0.98966090822000        0.05257938596230
H            0.24185499274366       -1.31239680766619        0.84344878450205
H           -0.66477400303127       -0.75139923016797       -0.56475724711678
H            0.60803975316850       -2.96673340770833       -0.89249596885670
H            0.74042468679511       -1.72344062775307       -2.12803687910015
H            2.94429669244948       -2.20613534158086       -2.03220777011479
H            2.82855106231053       -0.91627547123746       -0.82033734601513
H            5.11750772400095       -2.66643019796966        0.83138528336456
H            4.93007181679866       -1.71606741360707       -0.64708798428875
H            5.08547742246187       -3.73958923748661       -2.02028138642483
H            6.26465251978008       -4.05676644620634       -0.74688335030870
H            4.29977212657455       -5.85898711885015       -1.06703656266735
H            4.61160947642348       -5.28752062389535        0.57270217210952
H            2.48163468386452       -4.34888430689561       -1.38454445598470
H            2.26795384828331       -4.73265217585784        0.32945402697175
H            2.95337935781670       -1.49542266026723        1.52085858401429
H            1.69721962006001       -2.73376693522279        1.39799230798771
H            3.29455124413368       -3.16837982231553        2.01155756463098
28
 energy: -32.905147255178 gnorm: 0.001584503938 xtb: 6.7.1 (edcfbbe)
O            1.12920640738818        0.23475540024192       -0.18681178099243
C            0.34387445461259       -0.93943347585860       -0.18688601014246
C            1.01253132212930       -1.98131707512165       -1.10307691052399
C            2.54255198150378       -1.94608607180190       -1.05026441527336
N            3.20529154195145       -2.85091187790947       -0.06840451264600
C            4.69477044703119       -2.66620468984531       -0.17418583565081
C            5.21154295706312       -3.87070145819103       -0.94763272364074
C            4.30612146082825       -4.98012741397740       -0.42671568282627
C            2.94470539978445       -4.29339810097280       -0.40053728363432
C            2.76121021616474       -2.54419220060696        1.29957329040415
H            0.58523620329348        0.99163118614361        0.04955768016420
H            0.23773776079574       -1.31177235529871        0.84288941657042
H           -0.66383197291646       -0.74456995794301       -0.57004780783149
H            0.60807165998389       -2.96926160842427       -0.88709264557729
H            0.73781349345283       -1.73125798479426       -2.12833365134391
H            2.94596415353308       -2.20270319913146       -2.03085532475941
H            2.82348122172298       -0.91669219261681       -0.81576738899512
H            5.11813632060700       -2.66567928926470        0.83045371775743
H            4.92818644973890       -1.71464226082447       -0.64749744173745
H            5.08184861365751       -3.73876565232710       -2.02182780705546
H            6.26427536704316       -4.05421624726422       -0.75048172122839
H            4.30028485957275       -5.85956190507219       -1.06498633540667
H            4.61304501597775       -5.28532432444614        0.57369916538325
H            2.48486207447007       -4.34827397959511       -1.38694758477071
H            2.26570679973754       -4.73475228592066        0.32623422524274
H            2.94444087929184       -1.49350308870820        1.51963134432990
H            1.69805071046604       -2.74453709057078        1.40219498772774
H            3.30170420111526       -3.16343079989813        2.01384903645724
28
 energy: -32.905158237463 gnorm: 0.001466283997 xtb: 6.7.1 (edcfbbe)
O            1.13274890733305        0.22863399649825       -0.17495145508677
C            0.34295337953123       -0.94239309776755       -0.18930479358392
C            1.01384293078541       -1.98166253933567       -1.10747677370821
C            2.54373802923192       -1.94632687443323       -1.05179195568004
N            3.20531895575471       -2.84965374016435       -0.06754571028053
C            4.69487438149168       -2.66662175399790       -0.17345624269804
C            5.21023535073318       -3.87045047908855       -0.94889937083313
C            4.30508437978295       -4.97996923816209       -0.42788504089696
C            2.94388629906685       -4.29259546654945       -0.39700130938405
C            2.76093136286007       -2.53957821037818        1.29961215017367
H            0.59104081022591        0.98508018066680        0.06751395001758
H            0.22662053382673       -1.32152749709005        0.83696068299246
H           -0.66078883358515       -0.74091748337316       -0.57892974770255
H            0.60895773096636       -2.97021882267738       -0.89524550301415
H            0.74155927878740       -1.72861031188029       -2.13263357754208
H            2.94851901846682       -2.20432720143786       -2.03148364591648
H            2.82417888572493       -0.91667812701159       -0.81794872859351
H            5.11866860047332       -2.66820481037914        0.83104251820537
H            4.92911303536510       -1.71454091021430       -0.64530028506828
H            5.07962875214147       -3.73733318435901       -2.02284149727375
H            6.26307271774437       -4.05470296975965       -0.75294559948168
H            4.29703229644999       -5.85812688418300       -1.06791252410965
H            4.61438016073555       -5.28736736769218        0.57111949783997
H            2.47982609453717       -4.34888351771709       -1.38144124581020
H            2.26804121596063       -4.73310743679022        0.33332915182204
H            2.94535770222476       -1.48869182089209        1.51748476802306
H            1.69751370297728       -2.73825964090032        1.40236442096094
H            3.30048432040669       -3.15789479093057        2.01529786662969
28
 energy: -32.905186919835 gnorm: 0.003473502394 xtb: 6.7.1 (edcfbbe)
O            1.15151352608179        0.19251530153431       -0.10795418114092
C            0.33599324754813       -0.95897904137045       -0.20341903280363
C            1.02289882951966       -1.98305564463327       -1.12972379355648
C            2.55214897215479       -1.94755169342921       -1.05955010405290
N            3.20648170484995       -2.84395042536488       -0.06335323267512
C            4.69637601806200       -2.66815283088780       -0.16932100702102
C            5.20172848568267       -3.86889579622149       -0.95602486419369
C            4.29789807136047       -4.97907139319341       -0.43406586878220
C            2.93803115297609       -4.28894225982981       -0.37849867524045
C            2.76135771571669       -2.51385573244352        1.29930305087077
H            0.62105331170582        0.94643863556026        0.16841999688957
H            0.16141361375993       -1.37505463184719        0.80209647941610
H           -0.64436834052109       -0.71791849637952       -0.63236758693538
H            0.61685658681729       -2.97497702333716       -0.93602201531827
H            0.76335778416011       -1.71695834879820       -2.15500395744480
H            2.96532999903256       -2.21162338635911       -2.03423433375882
H            2.83019034669874       -0.91699725767825       -0.82779091317274
H            5.12171715453468       -2.68221420954888        0.83464995621792
H            4.93592345087901       -1.71307439665469       -0.63272931487465
H            5.06482274588959       -3.72904871493647       -2.02839484272131
H            6.25540729525867       -4.05752896888080       -0.76814470799035
H            4.27777822378187       -5.85077538662832       -1.08276866833669
H            4.61931417628570       -5.29793646854558        0.55747014602268
H            2.45252821228066       -4.35133879117576       -1.35231587097638
H            2.27808532456890       -4.72463451387475        0.36946510369926
H            2.94925338848706       -1.46051235221853        1.50349819149160
H            1.69674085801740       -2.70555398193481        1.40217957507441
H            3.29698814441126       -3.12528219092267        2.02433047131447
28
 energy: -32.905198958573 gnorm: 0.000962650316 xtb: 6.7.1 (edcfbbe)
O            1.14400303495510        0.19539203691073       -0.11854723787873
C            0.33433889668033       -0.95693845011031       -0.20601902231496
C            1.02318864805480       -1.98419745741422       -1.12682828081715
C            2.55241569369097       -1.94384803046670       -1.05544518550177
N            3.20774403706601       -2.84316407191822       -0.06298492479309
C            4.69774584969438       -2.66893099229488       -0.17057016782310
C            5.20239275402621       -3.87133825697855       -0.95536653096805
C            4.29608746384360       -4.97960938577480       -0.43383117023035
C            2.93782264510824       -4.28692660283986       -0.38160147089579
C            2.76459739630013       -2.51656994533952        1.30108799206277
H            0.61197451029942        0.94625815620708        0.16147182982498
H            0.16388121483944       -1.36711583103684        0.80001498027848
H           -0.64617300134693       -0.72121244892428       -0.63253010693409
H            0.62026077992378       -2.97582135445608       -0.92692771170354
H            0.76209803216430       -1.72531925134671       -2.15321951243420
H            2.96715316473668       -2.20203158924882       -2.03090610562288
H            2.82748437822575       -0.91362773310595       -0.81884211658997
H            5.12402742160640       -2.68065819708991        0.83288657885268
H            4.93730252127061       -1.71514103418526       -0.63644927334375
H            5.06693676944283       -3.73219631701366       -2.02796871168633
H            6.25552523707425       -4.06138534919982       -0.76606242223375
H            4.27552806718501       -5.85174624855130       -1.08175190167722
H            4.61509279232196       -5.29816932879953        0.55836668634624
H            2.45638094232399       -4.34625498014405       -1.35721686909540
H            2.27424516376554       -4.72247497549513        0.36258732793520
H            2.95629655483523       -1.46480293074729        1.50879498080504
H            1.69936934009150       -2.70496912729759        1.40439550017885
H            3.29909969182086       -3.13213030333853        2.02319284626082
28
 energy: -32.905204836398 gnorm: 0.000351826586 xtb: 6.7.1 (edcfbbe)
O            1.14520391160439        0.19425181218563       -0.11316512692123
C            0.33525074637594       -0.95739657695969       -0.20505743489862
C            1.02338434517345       -1.98331283159458       -1.12707386609202
C            2.55242936273224       -1.94389995685962       -1.05652148774932
N            3.20751907808623       -2.84281691076977       -0.06383675893062
C            4.69755004248580       -2.66913442223350       -0.17099246764473
C            5.20244964880215       -3.87154353005824       -0.95529905609487
C            4.29650448955845       -4.97954296297878       -0.43228567260748
C            2.93825274403512       -4.28676955552355       -0.38216815160102
C            2.76371567818665       -2.51608365869926        1.29962242102879
H            0.61191932431187        0.94482024141053        0.16455967510365
H            0.16287868406940       -1.36959224581058        0.79950924060152
H           -0.64419237666651       -0.71920825949985       -0.63187297878958
H            0.62035561081656       -2.97527043279192       -0.92735963278396
H            0.76185793225949       -1.72420190554469       -2.15354830970174
H            2.96623931675108       -2.20317127711736       -2.03199950908903
H            2.82877063834491       -0.91357139742259       -0.82103059070672
H            5.12328746143928       -2.68077349865281        0.83258110339981
H            4.93728633431565       -1.71547851869948       -0.63683359148880
H            5.06560801979418       -3.73329121530274       -2.02772757653817
H            6.25566476255166       -4.06142979594665       -0.76708055206326
H            4.27724011279938       -5.85301707794718       -1.07856011436961
H            4.61497989842170       -5.29586846999015        0.56093106800712
H            2.45781100071550       -4.34657874654534       -1.35844948648904
H            2.27353298343717       -4.72191306965876        0.36153151656863
H            2.95471233893263       -1.46450384180040        1.50683437923979
H            1.69878634828631       -2.70485936208572        1.40283205110742
H            3.29782156237967       -3.13077253310294        2.02219090950405
28
 energy: -32.905213297752 gnorm: 0.000787096553 xtb: 6.7.1 (edcfbbe)
O            1.14952923293507        0.18987943517938       -0.09982221124928
C            0.33617123084028       -0.95868180457535       -0.20279302382448
C            1.02357046808061       -1.98184074478355       -1.12776959809718
C            2.55255251657421       -1.94423217546138       -1.05919515960704
N            3.20730481174929       -2.84235112378850       -0.06590876260399
C            4.69745189405744       -2.66874056814339       -0.17203729130559
C            5.20210448142038       -3.87179029917900       -0.95505930355313
C            4.29694867644799       -4.97898665313487       -0.42853098603747
C            2.93852911068683       -4.28670093114953       -0.38344848598960
C            2.76240347784513       -2.51494387313272        1.29661449116656
H            0.61474253216778        0.94146961415880        0.17168770812842
H            0.15834488221252       -1.37635959177356        0.79841563291620
H           -0.64061133202733       -0.71396111350708       -0.63158613733304
H            0.62052405229966       -2.97451262415177       -0.93004517394602
H            0.76125532350051       -1.72118312707879       -2.15383785097577
H            2.96472429222448       -2.20543818292012       -2.03484224085971
H            2.83104119217523       -0.91383931716390       -0.82559451384716
H            5.12224425046998       -2.68034134995507        0.83188154275449
H            4.93791254665299       -1.71532760083710       -0.63793024835883
H            5.06238500353389       -3.73568456695038       -2.02735656247753
H            6.25569872932875       -4.06092103448470       -0.76898347829625
H            4.27983488419045       -5.85562108576215       -1.07060859929036
H            4.61429703781144       -5.29006275610529        0.56683922198202
H            2.46108360614917       -4.34769971665441       -1.36130680576068
H            2.27113015326564       -4.72102085815232        0.35857667196180
H            2.95125566421068       -1.46291647850614        1.50256357899579
H            1.69782468890672       -2.70525493855332        1.39945885646789
H            3.29656659229056       -3.12786653343381        2.02034872904088
28
 energy: -32.905221942797 gnorm: 0.000925438326 xtb: 6.7.1 (edcfbbe)
O            1.15615430235051        0.18269626846300       -0.08205984651927
C            0.33691321673728       -0.96078144863265       -0.20026566092798
C            1.02321038077407       -1.98090270648256       -1.12983221166968
C            2.55217062892018       -1.94436295498809       -1.06239280725110
N            3.20668275020690       -2.84145196896387       -0.06814358149881
C            4.69699945939309       -2.66825530103661       -0.17384867896512
C            5.20175401562037       -3.87253324233862       -0.95484008667925
C            4.29743707454415       -4.97829310795679       -0.42396742354161
C            2.93885544891878       -4.28627451093332       -0.38463955356233
C            2.76089665752015       -2.51315542359593        1.29379498459229
H            0.62120702839725        0.93691802233941        0.18181150625601
H            0.15053835989385       -1.38562927509108        0.79648066931810
H           -0.63592532695729       -0.70659492450680       -0.63242706557366
H            0.62036903830172       -2.97440516639623       -0.93563037331605
H            0.76051978552077       -1.71683358373951       -2.15494980901610
H            2.96307654639008       -2.20756746469180       -2.03807122514945
H            2.83212304516251       -0.91398353315666       -0.83046646790479
H            5.12117480045452       -2.67898199572806        0.83036727160203
H            4.93796571758740       -1.71534329014542       -0.64043163843391
H            5.05942266716484       -3.73910910908336       -2.02718829812623
H            6.25582724941386       -4.06064269681094       -0.77060340734917
H            4.28227091803938       -5.85856523681514       -1.06106253379323
H            4.61361057569433       -5.28324471553315        0.57372155204786
H            2.46529125358355       -4.34840393105432       -1.36435479129654
H            2.26834135784759       -4.71934434021210        0.35526114111370
H            2.94682890948953       -1.46023039438267        1.49808228963155
H            1.69675520488577       -2.70589458343732        1.39680612315641
H            3.29634893414525       -3.12375938508939        2.01857992285733
28
 energy: -32.905231396515 gnorm: 0.000806345281 xtb: 6.7.1 (edcfbbe)
O            1.16335903740810        0.17323944486986       -0.06151946365973
C            0.33670763450626       -0.96341246437159       -0.19808298740604
C            1.02291338813395       -1.97992068623340       -1.13263807233564
C            2.55193068953151       -1.94465405013629       -1.06604183416289
N            3.20617702352190       -2.84065013399027       -0.07059511975335
C            4.69655402983452       -2.66708490520175       -0.17628356668349
C            5.20121186187913       -3.87349818527002       -0.95415071078718
C            4.29738779530088       -4.97757682616444       -0.41923840656086
C            2.93860580105030       -4.28590995068808       -0.38545410118066
C            2.75995217809880       -2.51090584002109        1.29103235593952
H            0.63004715216635        0.93105463791777        0.19533450879674
H            0.13993088912785       -1.39707169809741        0.79298476712516
H           -0.63111301801929       -0.69765018170692       -0.63457264926476
H            0.62005098636889       -2.97413527668057       -0.94298806875553
H            0.76030827155123       -1.71120826063143       -2.15647471577041
H            2.96224844405490       -2.20954153978353       -2.04155708641739
H            2.83261247816651       -0.91437999868342       -0.83510794703497
H            5.12049885079622       -2.67569281146202        0.82810249711918
H            4.93767186194189       -1.71512572733128       -0.64475997269078
H            5.05775649864350       -3.74325516522045       -2.02680444507570
H            6.25559886666049       -4.06037854179883       -0.77043362174184
H            4.28338271380465       -5.86121363572271       -1.05159914017784
H            4.61237387808046       -5.27692466624649        0.58049066238227
H            2.46912177766053       -4.34937018367797       -1.36702759590156
H            2.26518510042315       -4.71764306776172        0.35244508978380
H            2.94240556370552       -1.45683086042365        1.49310227403394
H            1.69639834002473       -2.70660476988464        1.39475032125106
H            3.29754190557747       -3.11858465559768        2.01681702892994
28
 energy: -32.905242515732 gnorm: 0.000820783252 xtb: 6.7.1 (edcfbbe)
O            1.17126057554106        0.16142448764854       -0.03806443458591
C            0.33639998520427       -0.96692244167141       -0.19604566391639
C            1.02234606843989       -1.97911436306405       -1.13678046591011
C            2.55132216208007       -1.94446332047905       -1.06997445698217
N            3.20539310420133       -2.83930155281634       -0.07319466403219
C            4.69583751596298       -2.66572991363097       -0.17946473962049
C            5.20105101680408       -3.87505207883066       -0.95280498573041
C            4.29678317503899       -4.97687924211292       -0.41450772221882
C            2.93799820080604       -4.28497854894038       -0.38590282742108
C            2.75919460934867       -2.50765835464204        1.28830194999615
H            0.64124979841053        0.92316629927199        0.21394043931402
H            0.12712325759893       -1.41092479878213        0.78805807971738
H           -0.62527794244454       -0.68792571648883       -0.63788487171144
H            0.61943265881884       -2.97416305265145       -0.95288569734644
H            0.76047479178077       -1.70469221998594       -2.15914753199072
H            2.96146724706893       -2.21098361076243       -2.04514337433012
H            2.83235583056681       -0.91427895135322       -0.83971743977836
H            5.11993903431232       -2.67036358124164        0.82494320996714
H            4.93683842611197       -1.71546987009761       -0.65147820791030
H            5.05840930647236       -3.74854127528262       -2.02608988797330
H            6.25542925049660       -4.06104327986144       -0.76768507147563
H            4.28339517410338       -5.86328565165375       -1.04286198119086
H            4.61034973715383       -5.27172212734358        0.58690646008969
H            2.47206171782908       -4.35006582086384       -1.36896573817658
H            2.26211074041229       -4.71501778240666        0.35046767191150
H            2.93790824481517       -1.45220127660927        1.48754030287061
H            1.69629120520618       -2.70668811135582        1.39323076111226
H            3.29967510785952       -3.11205384399250        2.01494088732360
28
 energy: -32.905255695019 gnorm: 0.000995775401 xtb: 6.7.1 (edcfbbe)
O            1.17837245475568        0.14807165066583       -0.01313387628643
C            0.33552087458695       -0.97098793476697       -0.19431333890039
C            1.02213247175458       -1.97789693648609       -1.14150041354105
C            2.55107028017789       -1.94423699246078       -1.07468537382875
N            3.20481261218724       -2.83765846748661       -0.07621296132008
C            4.69526359321611       -2.66403923267417       -0.18317571934816
C            5.20128929910558       -3.87716285096618       -0.95043252036993
C            4.29546484403474       -4.97650649358977       -0.41003281114113
C            2.93702455452018       -4.28368393206031       -0.38612871252749
C            2.75882038225740       -2.50352269434020        1.28510172636945
H            0.65270238923731        0.91303680619411        0.23800163154794
H            0.11303132011366       -1.42620195083127        0.78181055005169
H           -0.61953187077890       -0.67782061814615       -0.64130517238620
H            0.61912993891980       -2.97386597406638       -0.96405132381778
H            0.76104771151602       -1.69720527847278       -2.16224252381738
H            2.96129086332851       -2.21236989742659       -2.04942012241033
H            2.83230536104167       -0.91413940082999       -0.84499469081677
H            5.11941234639285       -2.66292000611340        0.82125555375528
H            4.93595957123206       -1.71619361126624       -0.66027679553135
H            5.06173639457552       -3.75476229796838       -2.02464875883393
H            6.25518576331555       -4.06273990408234       -0.76174282864034
H            4.28216485360733       -5.86488402905803       -1.03552867003726
H            4.60710271006145       -5.26834475235515        0.59276346676905
H            2.47379065040717       -4.35061157472836       -1.37026259074070
H            2.25913036277452       -4.71160610876301        0.34944661693116
H            2.93381914034270       -1.44671456506594        1.48109240141484
H            1.69662757056223       -2.70568285926544        1.39156236732570
H            3.30214355675458       -3.10428009358952        2.01278489013142
28
 energy: -32.905272303252 gnorm: 0.001198070997 xtb: 6.7.1 (edcfbbe)
O            1.18596722481105        0.13187882966954        0.01581362102511
C            0.33487186494494       -0.97624531634677       -0.19233780611943
C            1.02191476313105       -1.97629834212718       -1.14743909306303
C            2.55070290711406       -1.94345833223605       -1.08035917203090
N            3.20421019217115       -2.83526207842446       -0.08007891030307
C            4.69475916950945       -2.66208890365320       -0.18765354870203
C            5.20219192340152       -3.88001176880370       -0.94673741659243
C            4.29325510921014       -4.97611120192491       -0.40513387337575
C            2.93549659430044       -4.28168364091322       -0.38635949955246
C            2.75855702239967       -2.49778123224876        1.28077118549456
H            0.66532871459642        0.89897550480989        0.27083403501435
H            0.09694979406935       -1.44476091396293        0.77393337225782
H           -0.61229697477727       -0.66701671879975       -0.64522687385331
H            0.61884854391967       -2.97351329387489       -0.97783355422505
H            0.76177468508056       -1.68809769840625       -2.16628789146188
H            2.96060847481379       -2.21394964105523       -2.05458037481274
H            2.83265776390712       -0.91333816368859       -0.85194896629104
H            5.11876786287754       -2.65313047216245        0.81679438188687
H            4.93538410187073       -1.71769966096041       -0.67169570142704
H            5.06797921921349       -3.76265059388374       -2.02222493083565
H            6.25507831672846       -4.06578531628699       -0.75217493900117
H            4.27989031185558       -5.86601131825291       -1.02844246713746
H            4.60212190816412       -5.26598225707457        0.59902117979034
H            2.47450458197199       -4.35111963381951       -1.37133338340620
H            2.25568698572727       -4.70685383417859        0.34896653656911
H            2.92982729018706       -1.43956011706542        1.47273641729457
H            1.69711308708115       -2.70291523488589        1.38894233446382
H            3.30466856171987       -3.09445864944318        2.00976533839516
28
 energy: -32.905291567285 gnorm: 0.001174203855 xtb: 6.7.1 (edcfbbe)
O            1.19348814444857        0.11266796872664        0.04903418893552
C            0.33392068106113       -0.98256308215315       -0.19006596870641
C            1.02213840072210       -1.97374338886793       -1.15434241555960
C            2.55080060837683       -1.94255632711147       -1.08800395370271
N            3.20369625738535       -2.83203376705778       -0.08511317254488
C            4.69438132011970       -2.65993061130598       -0.19301081591287
C            5.20362023630594       -3.88382024820956       -0.94160710232781
C            4.29036588044374       -4.97603115272042       -0.39933760769392
C            2.93386128563804       -4.27891660913966       -0.38694712025564
C            2.75828260454823       -2.49038388072520        1.27493167398924
H            0.67813383209063        0.87997835441401        0.31415407077618
H            0.07882690024035       -1.46610595723147        0.76436756150296
H           -0.60433452119670       -0.65474390113040       -0.64842016332590
H            0.61920544197862       -2.97255511216768       -0.99412983581581
H            0.76281672401921       -1.67689977462847       -2.17091874476234
H            2.95989945973829       -2.21626168816405       -2.06172753092769
H            2.83411577664906       -0.91240477705984       -0.86173631714696
H            5.11756351325551       -2.64120800348388        0.81160707216416
H            4.93513293368631       -1.71994691301248       -0.68558460496774
H            5.07659764272819       -3.77258341695687       -2.01862624949418
H            6.25497215230729       -4.07031613750744       -0.73921672176504
H            4.27708805005881       -5.86748769051823       -1.02052313317558
H            4.59530145233747       -5.26410614395614        0.60652925104913
H            2.47507664774832       -4.35132609214704       -1.37274167838291
H            2.25166890391829       -4.70031031997941        0.34836230989620
H            2.92588684998016       -1.43073745671702        1.46214534213170
H            1.69757856437347       -2.69808694077255        1.38484221942560
H            3.30673425703747       -3.08251693041673        2.00580944659842
28
 energy: -32.905309433489 gnorm: 0.001053744273 xtb: 6.7.1 (edcfbbe)
O            1.20135293770174        0.09153920967268        0.08387206650640
C            0.33366626953073       -0.98970202605266       -0.18763455326930
C            1.02235839832290       -1.97069596560785       -1.16210401074037
C            2.55085414335909       -1.94111903232927       -1.09629573612627
N            3.20334535478979       -2.82832143955056       -0.09105266576710
C            4.69433127423352       -2.65764746044932       -0.19879032143316
C            5.20527032082466       -3.88798119802212       -0.93570085953047
C            4.28684561279419       -4.97549260062998       -0.39237315664617
C            2.93169835721456       -4.27574477946166       -0.38790210234879
C            2.75801830741382       -2.48201944902800        1.26779839867784
H            0.69068432376324        0.85645166112871        0.36520317890480
H            0.06063684244751       -1.48924397680836        0.75356757111413
H           -0.59495419774691       -0.64227981863115       -0.65113040759373
H            0.61958585213828       -2.97132832638172       -1.01230554488783
H            0.76361443052603       -1.66403418091981       -2.17604304164370
H            2.95834052963701       -2.21900235432494       -2.06951675097742
H            2.83645922643770       -0.91083725267503       -0.87335314564308
H            5.11634953419213       -2.62870384010719        0.80597597614358
H            4.93593431493755       -1.72265447770958       -0.70037862556810
H            5.08565910776543       -3.78380886231350       -2.01422855031853
H            6.25487045947526       -4.07528726041325       -0.72509058834844
H            4.27400426245340       -5.86907293274301       -1.01063043605927
H            4.58706212321190       -5.26099148765473        0.61568590902883
H            2.47595972399811       -4.35165768313330       -1.37492907695224
H            2.24629349077642       -4.69286149329271        0.34702355003805
H            2.92251797909384       -1.42112217606697        1.45006438024042
H            1.69795389162757       -2.69155201044322        1.37925086268723
H            3.30810712908092       -3.06975878605179        2.00074768051388
28
 energy: -32.905322094189 gnorm: 0.000747358116 xtb: 6.7.1 (edcfbbe)
O            1.20761586326226        0.07148584692221        0.11487492010361
C            0.33329662343409       -0.99627609958652       -0.18533224292459
C            1.02295938760651       -1.96691587964358       -1.16942481806177
C            2.55136072930107       -1.93954259703336       -1.10509875178017
N            3.20286996635678       -2.82443405563495       -0.09718982011423
C            4.69414582838387       -2.65574510596667       -0.20455882998350
C            5.20653493638543       -3.89236391387398       -0.92995402668363
C            4.28365769907730       -4.97517688209973       -0.38458315921164
C            2.93013828800891       -4.27239397628022       -0.38961750765173
C            2.75778673137048       -2.47416393052962        1.26062296326743
H            0.70068074974769        0.83105511101839        0.41765136159680
H            0.04485346372601       -1.50981444635564        0.74323853308196
H           -0.58665898535102       -0.63074537619764       -0.65177115004521
H            0.62055389939978       -2.96927924599872       -1.02989539794789
H            0.76487922277085       -1.65108069889808       -2.18074641321281
H            2.95710629663597       -2.22143570263766       -2.07798239710458
H            2.83942609585652       -0.90928148872546       -0.88544417673687
H            5.11451020982260       -2.61729925285984        0.80048186298009
H            4.93670568444171       -1.72552196956866       -0.71439723527905
H            5.09308554104312       -3.79553514367303       -2.00976931029220
H            6.25450293690095       -4.08034675163099       -0.71220292939156
H            4.27192078401629       -5.87181290032732       -0.99858616559697
H            4.57888011910873       -5.25632252427868        0.62625758062456
H            2.47839407617216       -4.35159444555615       -1.37830297510489
H            2.24060816540378       -4.68494748081095        0.34411050084649
H            2.92022563815028       -1.41233904434165        1.43870798754670
H            1.69811653140484       -2.68456023028369        1.37316521061666
H            3.30866351756345       -3.05854181514817        1.99547638646025
28
 energy: -32.905328281055 gnorm: 0.000437442443 xtb: 6.7.1 (edcfbbe)
O            1.21042032739434        0.06237452840365        0.12912780102184
C            0.33330799287059       -0.99892214454065       -0.18484166985110
C            1.02314191284226       -1.96460715595783       -1.17309100477690
C            2.55147516170136       -1.93853691190883       -1.10876961824144
N            3.20293109179055       -2.82271034208940       -0.10030422480108
C            4.69442848390013       -2.65494569482167       -0.20768330617867
C            5.20684778630237       -3.89450481028230       -0.92763369713279
C            4.28217164558520       -4.97442169568263       -0.37935259873028
C            2.92928039444784       -4.27086122906734       -0.39082302718905
C            2.75810745689421       -2.47112648203866        1.25704995783096
H            0.70414806906367        0.81675928304417        0.44514496666353
H            0.03711823722538       -1.51950386605415        0.73729063991628
H           -0.58234382172723       -0.62497540794046       -0.65293206355495
H            0.62061090666472       -2.96773245364121       -1.03871356498602
H            0.76551118548724       -1.64395789915147       -2.18309034946752
H            2.95603151057142       -2.22239656143108       -2.08154510164758
H            2.84122052283214       -0.90830543450178       -0.89098881329914
H            5.11425163615579       -2.61257168277013        0.79729254277351
H            4.93776613255923       -1.72699729550685       -0.72109635196799
H            5.09431125219268       -3.80185199897206       -2.00778622261036
H            6.25436865665942       -4.08231179817136       -0.70821131776026
H            4.27152837126949       -5.87397385112421       -0.98915360043819
H            4.57476120102205       -5.25093845508407        0.63359082131375
H            2.48126284093115       -4.35158669283487       -1.38117685751969
H            2.23635971871465       -4.68115771422961        0.34112036954575
H            2.92051192905117       -1.40924959873881        1.43388048206549
H            1.69850455719143       -2.68113505016974        1.37007307564953
H            3.30878484040716       -3.05478158473707        1.99235273337363
28
 energy: -32.905332643485 gnorm: 0.000775526725 xtb: 6.7.1 (edcfbbe)
O            1.21047814173824        0.05858883360351        0.13431492138753
C            0.33302118006810       -0.99985483376844       -0.18513364281700
C            1.02351805580866       -1.96273389762389       -1.17518802841703
C            2.55179742658413       -1.93724802415764       -1.11060962475126
N            3.20288705815380       -2.82165781112296       -0.10226591606280
C            4.69454383366168       -2.65472075166063       -0.20990800063931
C            5.20628029235799       -3.89613534014863       -0.92690777986908
C            4.28158926867681       -4.97396691287761       -0.37461849253559
C            2.92923032523568       -4.26990531923879       -0.39244639041033
C            2.75882324959560       -2.47039842159226        1.25524044320850
H            0.70377113254301        0.80701623555214        0.46310057093897
H            0.03369258153402       -1.52295413144101        0.73391000767286
H           -0.58071291978448       -0.62228671670069       -0.65351689126205
H            0.62104056053873       -2.96627460144007       -1.04358135743353
H            0.76683450854439       -1.63998060622046       -2.18472729744682
H            2.95590003975256       -2.22154726486660       -2.08344436319754
H            2.84237067893911       -0.90716518874027       -0.89319270036746
H            5.11407621753599       -2.61059268501851        0.79507991325945
H            4.93833503723978       -1.72791037310816       -0.72502312742516
H            5.09196279920695       -3.80675420293884       -2.00712898945450
H            6.25400082281932       -4.08357343622805       -0.70852893902919
H            4.27239589947717       -5.87692497337501       -0.97935640534237
H            4.57250698192247       -5.24454083328447        0.64045384372522
H            2.48550860518281       -4.35135118944164       -1.38474674684665
H            2.23269661609705       -4.67884962287968        0.33683181674723
H            2.92286284093050       -1.40899932127600        1.43282159297561
H            1.69893645356229       -2.67877501006815        1.36819228364004
H            3.30847231207805       -3.05543359993758        1.99010929975356
