37
 energy: -53.768023982718 gnorm: 0.051437228732 xtb: 6.7.1 (edcfbbe)
C            0.46608000000000        0.07483000000000        0.17528000000000
N            0.56093000000000       -1.32129000000000       -0.24206000000000
C            0.01206000000000       -1.80639000000000       -1.41949000000000
C            0.18331000000000       -3.15865000000000       -1.41298000000000
N            0.86494000000000       -3.47696000000000       -0.24668000000000
C            1.12405000000000       -2.34329000000000        0.42760000000000
S            1.95587000000000       -2.28733000000000        1.98155000000000
C            3.00277000000000       -0.87031000000000        1.75067000000000
C            3.92308000000000       -0.79816000000000        0.69832000000000
C            4.73425000000000        0.32960000000000        0.55084000000000
C            4.63858000000000        1.38410000000000        1.45731000000000
C            3.74196000000000        1.30925000000000        2.52054000000000
C            2.93314000000000        0.18193000000000        2.67270000000000
C            1.24728000000000       -4.84102000000000        0.14033000000000
C            2.35027000000000       -5.31323000000000       -0.77227000000000
C            2.05970000000000       -6.13092000000000       -1.87662000000000
C            3.07422000000000       -6.53881000000000       -2.74352000000000
C            4.38826000000000       -6.13727000000000       -2.51675000000000
C            4.69163000000000       -5.33227000000000       -1.42092000000000
C            3.67938000000000       -4.92117000000000       -0.55202000000000
H            0.27824000000000        0.13698000000000        1.24905000000000
H           -0.37191000000000        0.55497000000000       -0.33970000000000
H            1.38502000000000        0.59793000000000       -0.09702000000000
H           -0.45863000000000       -1.12266000000000       -2.10551000000000
H           -0.09422000000000       -3.94316000000000       -2.09618000000000
H            4.03495000000000       -1.61251000000000       -0.01330000000000
H            5.45439000000000        0.38325000000000       -0.26338000000000
H            5.27845000000000        2.25773000000000        1.34694000000000
H            3.68486000000000        2.12369000000000        3.24023000000000
H            2.25467000000000        0.13740000000000        3.52299000000000
H            1.56305000000000       -4.89531000000000        1.18506000000000
H            0.36160000000000       -5.48174000000000        0.05062000000000
H            1.04326000000000       -6.46693000000000       -2.07256000000000
H            2.84382000000000       -7.17682000000000       -3.59439000000000
H            5.17929000000000       -6.46119000000000       -3.18997000000000
H            5.72228000000000       -5.03317000000000       -1.24152000000000
H            3.94673000000000       -4.30469000000000        0.30286000000000
37
 energy: -53.773104582625 gnorm: 0.021875181318 xtb: 6.7.1 (edcfbbe)
C            0.48318380310580        0.06647847405624        0.16861434283417
N            0.56588531274741       -1.31973952929354       -0.24166974204477
C            0.00660486246827       -1.81531099991551       -1.39711697599611
C            0.18786452742398       -3.15845081566544       -1.39302293625778
N            0.86709976166234       -3.47642626619292       -0.24112984588442
C            1.11448576947685       -2.34346442512483        0.43423037219483
S            1.95989091060419       -2.28103753027509        1.96941080636312
C            2.99658606015679       -0.84632807374593        1.73926493194271
C            3.91164675017272       -0.79026588289980        0.69452865704992
C            4.72531193955037        0.32411230598070        0.55634391157932
C            4.63789741274237        1.37128893689692        1.46209873770305
C            3.74753654918161        1.29723255177470        2.52267303539142
C            2.92894179264911        0.18802852305066        2.66595710567667
C            1.25770491193067       -4.83325190942460        0.12599231071614
C            2.35946685971691       -5.31544515412965       -0.78539868655879
C            2.06862941699577       -6.12500703195469       -1.87954723518174
C            3.07703607045496       -6.53540415727581       -2.73686812090454
C            4.38469752176317       -6.13655840814018       -2.51094822153209
C            4.68344917343455       -5.33353665066195       -1.42141578760900
C            3.67585736943567       -4.92325892216284       -0.56258611136659
H            0.30678450831860        0.12362074331057        1.24173858407657
H           -0.35593839650983        0.53515919437145       -0.34603362422056
H            1.39934333044299        0.59999489985026       -0.08651048217521
H           -0.46276881696369       -1.15076585060658       -2.09495536460476
H           -0.08732424040308       -3.92767425377608       -2.08652378442602
H            4.00598898405669       -1.60616863374626       -0.01091342781549
H            5.43570773052936        0.37198419214334       -0.25693750065984
H            5.26979204832764        2.24104619149067        1.34653809148951
H            3.68571640065235        2.10583268741082        3.23686460598620
H            2.24854952208541        0.13150304522960        3.50524093464714
H            1.57587688340424       -4.84420844568062        1.17116448553126
H            0.37242686037329       -5.47080619963488        0.03435234791992
H            1.05478759457040       -6.45762114602777       -2.06205283606377
H            2.84359787392168       -7.16929354709525       -3.58078793712354
H            5.17119856908722       -6.45646694452679       -3.18008188605210
H            5.70559332480607       -5.03245295950576       -1.23826385739056
H            3.92850104762715       -4.31092800810316        0.29380110276571
37
 energy: -53.774048571804 gnorm: 0.009341317724 xtb: 6.7.1 (edcfbbe)
C            0.49848279955793        0.05933265309912        0.16714783925882
N            0.57377909999319       -1.31816289333189       -0.24411496168380
C            0.01049452457389       -1.81763357645613       -1.38783144867572
C            0.19248531411050       -3.15897843182932       -1.38213978531514
N            0.87138196376875       -3.47662067695351       -0.23982468845988
C            1.11622910581761       -2.34373623887376        0.43453002677668
S            1.95626252396649       -2.28197583573252        1.96230373083738
C            2.99033163221860       -0.83440983298328        1.73451561879966
C            3.89521428652464       -0.78741518673244        0.68568630026966
C            4.71265878698927        0.32084663882540        0.55204723187688
C            4.63437085005051        1.36274617646362        1.46216710627979
C            3.74520756850925        1.29198773406655        2.52203129489692
C            2.92048011476774        0.19055937367647        2.66433240127042
C            1.26482263034681       -4.82713698215791        0.12312725152522
C            2.36373118767062       -5.31108166570835       -0.79239232801741
C            2.07059151064692       -6.12005757328735       -1.88056651812316
C            3.07798080495332       -6.53287953523163       -2.73374958326660
C            4.38409819579760       -6.13438074058040       -2.50824214819420
C            4.68207788013542       -5.33097291146358       -1.42090123880366
C            3.67566875012517       -4.91887429207554       -0.56669067934652
H            0.33185371307391        0.11569694585743        1.24183511312400
H           -0.33762672114619        0.52907036191364       -0.34652242394218
H            1.41548574579917        0.59593035095704       -0.07906987220989
H           -0.46802601812175       -1.17103826249133       -2.09393219949217
H           -0.09531478444357       -3.91592722286069       -2.08140752797444
H            3.97008599712201       -1.60397214963840       -0.01823657232929
H            5.42069160609676        0.36264216666289       -0.25987972798660
H            5.27385068269020        2.22346469192961        1.35163100215703
H            3.69281262619343        2.09188421632007        3.24224947015440
H            2.23443506510119        0.12611087259390        3.49451684640007
H            1.59415205870669       -4.81461719660234        1.16477608462364
H            0.38363436326237       -5.46759269550503        0.03495349503419
H            1.05597139927863       -6.44681277611880       -2.05577676074306
H            2.84263222614547       -7.16738772004623       -3.57299883615632
H            5.16916764147171       -6.45611557799560       -3.17329331019421
H            5.70064165334870       -5.02953664442985       -1.23481647590738
H            3.91681321489704       -4.30654556327979        0.29058627353682
37
 energy: -53.774251676604 gnorm: 0.004516309527 xtb: 6.7.1 (edcfbbe)
C            0.50943496382072        0.05792223081463        0.16607085376798
N            0.57684697861121       -1.31736407001743       -0.24657820517437
C            0.01117836440740       -1.81741632274101       -1.38663244216350
C            0.19109566773109       -3.16032630537234       -1.37923318777357
N            0.87078826616543       -3.47755369219619       -0.23957214739632
C            1.11667493628182       -2.34413988169666        0.43412866281247
S            1.94795087298200       -2.28352479899604        1.96166684476426
C            2.98249596274281       -0.83082956950677        1.73296708123566
C            3.88027014740833       -0.78714855702755        0.67819953531519
C            4.70338104918129        0.31775060538789        0.54686958020845
C            4.63524035597796        1.35462853426786        1.46407807046198
C            3.74732993442586        1.28682789029977        2.52542572527833
C            2.91512233058540        0.19001435240689        2.66639001610914
C            1.26890875154341       -4.82434392226179        0.12628258100738
C            2.36585057916549       -5.30695597094636       -0.79328102645492
C            2.07080748764681       -6.11638047800687       -1.88072856965187
C            3.07905744272336       -6.53097741453911       -2.73278256007176
C            4.38556332826993       -6.13327192490623       -2.50650001764631
C            4.68429743171601       -5.32701141085451       -1.42096102955085
C            3.67781705526568       -4.91332807205232       -0.56745464812958
H            0.34668172245604        0.11477375962683        1.24184394822216
H           -0.32363927371747        0.53435500694691       -0.34573569697559
H            1.42937401089085        0.59155395186625       -0.07865036242667
H           -0.47164636306733       -1.18035508942164       -2.09847650454971
H           -0.10493058647572       -3.91049213440956       -2.08255661224972
H            3.94303827879239       -1.60313554687046       -0.02706847587559
H            5.40711719928371        0.35937943058342       -0.26897370875406
H            5.27974815490386        2.21165250268665        1.35514611377736
H            3.69941768394285        2.08567868249941        3.24729514584297
H            2.22721915279056        0.12277847771943        3.49431607335911
H            1.60729313355796       -4.80631216646671        1.16437224197730
H            0.39122253996950       -5.46927185187110        0.04470424093018
H            1.05515866814353       -6.44089208958506       -2.05343875206301
H            2.84327837311740       -7.16731847024488       -3.57055966204849
H            5.17077808430647       -6.45714148833561       -3.17020105018681
H            5.70277141992005       -5.02568213529228       -1.23425531959295
H            3.91461589453342       -4.29973206148734        0.28993326366566
37
 energy: -53.774366383233 gnorm: 0.002390943261 xtb: 6.7.1 (edcfbbe)
C            0.52090947455688        0.05871090221427        0.16269339621933
N            0.57697158451472       -1.31688666354970       -0.24979819702208
C            0.01053798300692       -1.81725590859955       -1.38827564632342
C            0.18671732140291       -3.16247698912311       -1.37823660719164
N            0.86644132890649       -3.47902520299802       -0.23895772712871
C            1.11429726050057       -2.34446530110310        0.43380048419859
S            1.93398134158905       -2.28364270407347        1.96390243960081
C            2.97440571095632       -0.83084921910816        1.73497688714552
C            3.86197536816562       -0.78801841025545        0.67108242129341
C            4.69019075801783        0.31393651490893        0.53943347380614
C            4.63479962634505        1.34501053758714        1.46473005921585
C            3.75135017067803        1.27984622625218        2.53020737562159
C            2.91339643812428        0.18650927295500        2.67248054748010
C            1.27301223708290       -4.82184972014754        0.13156849935871
C            2.36840934466262       -5.30202974231868       -0.79225685793433
C            2.07203594284783       -6.11224290480458       -1.87968331849903
C            3.08111356470227       -6.52801981439320       -2.73140243993926
C            4.38795756937337       -6.13065498361087       -2.50473298093939
C            4.68772865562397       -5.32124657162784       -1.42117225056134
C            3.68112526402620       -4.90634169270535       -0.56761450392845
H            0.36026393354924        0.11746932079091        1.23908837545073
H           -0.30774845755712        0.54485308823822       -0.34776433327864
H            1.44598194969828        0.58442840823818       -0.08296741423649
H           -0.47394297140855       -1.18871539611239       -2.10671113432733
H           -0.11657625415432       -3.90635830721503       -2.08548813918437
H            3.91045662577821       -1.60099616236025       -0.03884091484314
H            5.38762146215187        0.35703269026884       -0.28257897802688
H            5.28824220896834        2.19644288090963        1.35915005396405
H            3.71238273971964        2.07695920748961        3.25560699001528
H            2.22621682344541        0.11844860117571        3.50105187922420
H            1.62065323247307       -4.79984038976647        1.16602208140550
H            0.39958935059123       -5.47353238651384        0.06014456940807
H            1.05549257131210       -6.43516531482151       -2.05145166267328
H            2.84539397998048       -7.16611842118494       -3.56856447778204
H            5.17377716315006       -6.45772867410611       -3.16702579996206
H            5.70672356016515       -5.01927707058998       -1.23536929433411
H            3.91572513705319       -4.29049969993926        0.28900314470802
37
 energy: -53.774413051373 gnorm: 0.002803022624 xtb: 6.7.1 (edcfbbe)
C            0.52628872617785        0.06038672070174        0.15802829011564
N            0.57469648825595       -1.31695133741836       -0.25190670155690
C            0.00950835183146       -1.81791116164028       -1.39062466371701
C            0.18382599222758       -3.16408839383521       -1.37858734892177
N            0.86202098608208       -3.47988596623832       -0.23789508023754
C            1.11055906406247       -2.34432242154748        0.43394222581068
S            1.92280403904891       -2.28204034294760        1.96741267191374
C            2.96866728883970       -0.83257151603772        1.73753678957934
C            3.84926775062394       -0.78882875405155        0.66763980214354
C            4.68083820983749        0.31075897387083        0.53473992207596
C            4.63530557397455        1.33789893235629        1.46507410903623
C            3.75736456554209        1.27314776074678        2.53514324642500
C            2.91595830798046        0.18223468452981        2.67856218775086
C            1.27507100820722       -4.82050402715133        0.13509606442774
C            2.37004850797040       -5.29865446743135       -0.79065952923378
C            2.07364439236292       -6.10918569631396       -1.87823674056466
C            3.08283407978509       -6.52522789842833       -2.73007858496307
C            4.38970788102223       -6.12779732010310       -2.50357423031529
C            4.68969668703673       -5.31679848578754       -1.42110385802909
C            3.68308769912016       -4.90173664291203       -0.56730252959232
H            0.36538207808955        0.12183568078667        1.23420794586613
H           -0.29906799027178        0.55168807674181       -0.35328656409467
H            1.45516028935176        0.57889958074042       -0.08932731524829
H           -0.47369387652607       -1.19238180070496       -2.11250047830756
H           -0.12144817261179       -3.90603495741250       -2.08691607719204
H            3.89018001661634       -1.59915065154773       -0.04580509573995
H            5.37248145990049        0.35572363740579       -0.29242816976269
H            5.29173685593423        2.18725135073340        1.35882142280104
H            3.72457985803178        2.06935558142714        3.26223408500905
H            2.23282759524072        0.11442632209467        3.51073200435324
H            1.62648928126342       -4.79548936818550        1.16813037330077
H            0.40436099535972       -5.47678311368912        0.07000543749720
H            1.05707041673268       -6.43243353730020       -2.05009570114894
H            2.84737954734505       -7.16379141021274       -3.56730971450329
H            5.17577941660222       -6.45594954334829       -3.16556866557870
H            5.70895808641970       -5.01396729344460       -1.23657855308455
H            3.91823854253285       -4.28471119444529        0.28852902368578
37
 energy: -53.774472293226 gnorm: 0.002832947569 xtb: 6.7.1 (edcfbbe)
C            0.53156239994305        0.06318262373558        0.14929995701052
N            0.57038144146202       -1.31725599420021       -0.25462502990211
C            0.00857994771841       -1.81965421962885       -1.39440881370935
C            0.18152487134362       -3.16636681549183       -1.37939671037034
N            0.85594848278779       -3.48067700683416       -0.23560147944151
C            1.10393553097059       -2.34365009494952        0.43478469846625
S            1.90587061542098       -2.27819680618228        1.97421853482884
C            2.96084061567052       -0.83646218048025        1.74271648397346
C            3.83143865162605       -0.79095401532369        0.66457353038264
C            4.66678251821888        0.30534473990827        0.52815083761843
C            4.63507574624282        1.32814205000677        1.46364607925427
C            3.76748306580435        1.26259011590413        2.54213519049629
C            2.92261990240599        0.17476357930711        2.68868470719784
C            1.27752271631970       -4.81862147386234        0.13975621176501
C            2.37232581088922       -5.29380640271367       -0.78775980689700
C            2.07632541907655       -6.10417336540369       -1.87575495600182
C            3.08520262986727       -6.51978149605976       -2.72823704938982
C            4.39203510065009       -6.12209265930396       -2.50226855669494
C            4.69195114055372       -5.31019487742007       -1.42046627575321
C            3.68547927686023       -4.89571683870842       -0.56605530762306
H            0.36900033967328        0.13002623988081        1.22470152405866
H           -0.28897081679620        0.55929748079815       -0.36538402384503
H            1.46550996100617        0.57139959235770       -0.10023370969232
H           -0.47127718311511       -1.19597034470585       -2.11998810610281
H           -0.12369168625510       -3.90802392077891       -2.08776068918242
H            3.86238434237621       -1.59719096269676       -0.05411877532847
H            5.34992832416047        0.35222529019528       -0.30610126627026
H            5.29455190760267        2.17497946109759        1.35484108122554
H            3.74526352471531        2.05643948676289        3.27242303274251
H            2.24746234502651        0.10802981958707        3.52780265780469
H            1.63193314313535       -4.78874398848108        1.17167138283475
H            0.41031598114843       -5.48057138831083        0.08153081254351
H            1.06005195300159       -6.42844501869076       -2.04818109837510
H            2.85004832477111       -7.15832624457227       -3.56575101940009
H            5.17822471792553       -6.45078465768409       -3.16422038643621
H            5.71138574012128       -5.00646216465660       -1.23745369576337
H            3.92260319767086       -4.27788754240115        0.28888003397576
37
 energy: -53.774534666851 gnorm: 0.002564041001 xtb: 6.7.1 (edcfbbe)
C            0.53550454140278        0.06619167185071        0.13693156215725
N            0.56539101703973       -1.31766537548005       -0.25804111588699
C            0.00874332687168       -1.82263371357803       -1.39920567688855
C            0.18131595850501       -3.16929323097784       -1.38022785878462
N            0.85030119227980       -3.48107768712793       -0.23235659239245
C            1.09569377225272       -2.34233168292831        0.43615947497561
S            1.88549786107119       -2.27250822406975        1.98304255416719
C            2.95109014606420       -0.84109831373157        1.74913437471925
C            3.80931789512148       -0.79376567701368        0.66116188045855
C            4.64939208265001        0.29814927366969        0.52011995036641
C            4.63540872093425        1.31609157961175        1.46126323451130
C            3.78189200963021        1.24855934688182        2.55101481006932
C            2.93249778584569        0.16504783631513        2.70158363756653
C            1.28001503603588       -4.81619675770407        0.14507722364722
C            2.37491599497510       -5.28792843167552       -0.78378563989623
C            2.07951165330111       -6.09757662210486       -1.87240327048601
C            3.08784181200021       -6.51182612476364       -2.72594372067480
C            4.39455253505829       -6.11344352371826       -2.50073811167785
C            4.69404738730063       -5.30168151729324       -1.41884461915328
C            3.68778454753530       -4.88869394749018       -0.56347541152130
H            0.37028579828716        0.14097757136950        1.21120416712586
H           -0.27946888808148        0.56518120308582       -0.38367394408256
H            1.47456118805963        0.56389958320091       -0.11400889079123
H           -0.46672706061490       -1.19973091336572       -2.12829734108019
H           -0.12150470021843       -3.91278612167011       -2.08748661617898
H            3.82817263321199       -1.59544005856827       -0.06331971828423
H            5.32184148179495        0.34627245853077       -0.32264879675040
H            5.29699691955788        2.16056151986935        1.34773479068049
H            3.77375862133473        2.03835523481907        3.28599464663727
H            2.26844685694113        0.09899948427450        3.54993234562063
H            1.63641631787082       -4.78031394880290        1.17618875019911
H            0.41646083096029       -5.48347444621052        0.09213224291569
H            1.06376246427717       -6.42338066838166       -2.04520397763402
H            2.85284108669968       -7.14987485069742       -3.56379918006437
H            5.18062809537209       -6.44140489218230       -3.16315161870168
H            5.71333931682497       -4.99695562156168       -1.23693894181180
H            3.92708376184741       -4.27079441238096        0.29092539692349
37
 energy: -53.774590506564 gnorm: 0.002143049918 xtb: 6.7.1 (edcfbbe)
C            0.53691045206489        0.06833622587788        0.12376624724182
N            0.56148477831321       -1.31804853414479       -0.26183952811385
C            0.01034560552130       -1.82628175403979       -1.40421242631923
C            0.18342772563386       -3.17247230091579       -1.38093690268990
N            0.84685707601794       -3.48104255766175       -0.22911223524695
C            1.08815936932331       -2.34068843126674        0.43750848730704
S            1.86704491084474       -2.26654485494325        1.99092353888744
C            2.94224369163446       -0.84504657888913        1.75492968534807
C            3.78814873421334       -0.79615996737202        0.65749304435113
C            4.63282761336226        0.29134773186037        0.51218257325432
C            4.63657066297760        1.30439882463248        1.45862319653392
C            3.79759724292036        1.23400939843722        2.55958434738918
C            2.94343542191138        0.15514101246775        2.71401789889673
C            1.28147930594673       -4.81393278289199        0.15007348921626
C            2.37691893610365       -5.28269708516477       -0.77934096556736
C            2.08226011908082       -6.09131027122341       -1.86874781492407
C            3.09026955045169       -6.50299476882666       -2.72356660980432
C            4.39663499110554       -6.10304919099449       -2.49901475319756
C            4.69531807369631       -5.29241742316634       -1.41619177713202
C            3.68909655240295       -4.88197069872217       -0.55962121990243
H            0.36879250286573        0.15164448299710        1.19691000219967
H           -0.27339083963833        0.56744853205818       -0.40361125612434
H            1.47953220939356        0.55889525166374       -0.12712375351940
H           -0.46110014858786       -1.20348893929695       -2.13604779589200
H           -0.11518204250246       -3.91936430983857       -2.08645261240594
H            3.79433547377718       -1.59353026295702       -0.07223560509717
H            5.29475982039935        0.33990353695240       -0.33862164806281
H            5.30035552479530        2.14632925292495        1.34073286570773
H            3.80446750251569        2.01835100939647        3.30030922734466
H            2.29030063464571        0.08856559103841        3.57082478969722
H            1.63859665337256       -4.77322002302824        1.18073971401448
H            0.42063403928292       -5.48456445302510        0.09917466527289
H            1.06709105913728       -6.41878424939232       -2.04143615496088
H            2.85543798156395       -7.14026400545621       -3.56183584882681
H            5.18258329619346       -6.42889965966845       -3.16230234292775
H            5.71410888319192       -4.98647722040419       -1.23446590217971
H            3.92925663606813       -4.26471052701611        0.29497338023140
37
 energy: -53.774640250309 gnorm: 0.001820994350 xtb: 6.7.1 (edcfbbe)
C            0.53574158538827        0.06955326186076        0.11056580009628
N            0.55873888670532       -1.31846407834794       -0.26627084782197
C            0.01367671941511       -1.83043892947194       -1.40993525623532
C            0.18761671811812       -3.17604376672503       -1.38193747372607
N            0.84528163950281       -3.48083577494346       -0.22606591153503
C            1.08146568913422       -2.33889764853688        0.43870770025806
S            1.85063125256341       -2.26065782241000        1.99733828836337
C            2.93419455481381       -0.84779780663889        1.75939275005843
C            3.76780334642097       -0.79750193023666        0.65269988197166
C            4.61757925072903        0.28534375030494        0.50413896264594
C            4.63969393672713        1.29249519611012        1.45663563534444
C            3.81492936826478        1.21892619463075        2.56801268965506
C            2.95489661358988        0.14537293840019        2.72542927861542
C            1.28163969457508       -4.81213272267701        0.15516079445268
C            2.37815125693448       -5.27849894585229       -0.77413304759780
C            2.08446475282804       -6.08575545166898       -1.86467310718970
C            3.09258434520502       -6.49339796957319       -2.72104672125538
C            4.39826983447525       -6.09085237507736       -2.49684519491927
C            4.69580194842840       -5.28222468233924       -1.41231225531270
C            3.68934260679347       -4.87555136135447       -0.55424609613076
H            0.36422600688878        0.16099700307105        1.18258125997737
H           -0.27093008890789        0.56680839920872       -0.42374269161794
H            1.48053613918349        0.55652420269324       -0.13885902508956
H           -0.45400776993892       -1.20786308261199       -2.14445484803731
H           -0.10522382388337       -3.92707732510131       -2.08570294052240
H            3.76054054035350       -1.59068223834647       -0.08169711029765
H            5.26896967639799        0.33421116707403       -0.35453740162020
H            5.30616877601935        2.13154701520586        1.33521524145116
H            3.83709331183145        1.99690399711719        3.31492183724485
H            2.31205831618352        0.07686092893882        3.58960516205195
H            1.63846025635026       -4.76849054378478        1.18570440237480
H            0.42243859961805       -5.48437469955781        0.10372134517491
H            1.06990284420715       -6.41509063173747       -2.03682396566123
H            2.85815368842661       -7.12942905510718       -3.56015969319627
H            5.18421790700325       -6.41307798120924       -3.16156522359225
H            5.71380702146350       -4.97449118202371       -1.23010512687154
H            3.92869459819122       -4.25950604928146        0.30133290849328
37
 energy: -53.774693401622 gnorm: 0.002029177988 xtb: 6.7.1 (edcfbbe)
C            0.53057077092348        0.07014206640293        0.09296020240945
N            0.55586950946862       -1.31930135112912       -0.27371135724353
C            0.02069533377726       -1.83677576104106       -1.41976181302633
C            0.19578410193997       -3.18168778009082       -1.38466042148416
N            0.84434900845226       -3.48079295994761       -0.22239945377817
C            1.07263564371168       -2.33651337735728        0.43996119106107
S            1.82953048540860       -2.25253699917599        2.00407127738570
C            2.92399060630739       -0.84992328488097        1.76342142122617
C            3.74028199382855       -0.79741425283254        0.64378856441612
C            4.59821224216448        0.27834916063740        0.49226942116292
C            4.64718218378673        1.27513073678811        1.45485007942717
C            3.84163263407034        1.19704557011367        2.57967416072688
C            2.97168200345912        0.13188927046336        2.73982901195516
C            1.27976499754594       -4.81062823143409        0.16275893920531
C            2.37865026798337       -5.27438142013838       -0.76538265796328
C            2.08700351327788       -6.07930044618523       -1.85814514247071
C            3.09603498093653       -6.47899224978526       -2.71708882943161
C            4.40012799275585       -6.07111717289501       -2.49280847649509
C            4.69543726806068       -5.26626303871951       -1.40492658650111
C            3.68811182547234       -4.86690984965642       -0.54438224600847
H            0.35323481981274        0.17089608307644        1.16337708420137
H           -0.27241580355241        0.56330752515124       -0.45043330271091
H            1.47693514679589        0.55632541693266       -0.15289799588661
H           -0.44148016005841       -1.21554661543361       -2.15904179703579
H           -0.08736477160199       -3.93829286927771       -2.08679248056841
H            3.71239702389091       -1.58393232067124       -0.09745070495964
H            5.23494087607350        0.32833231558132       -0.37715769408729
H            5.31995722407510        2.10863248255056        1.33097434050699
H            3.88615418514606        1.96490645954935        3.33599548922231
H            2.34223195051028        0.05925052223659        3.61303766505925
H            1.63482140778172       -4.76534777267077        1.19371419947142
H            0.42153504432958       -5.48347520643966        0.10840394043525
H            1.07346555045419       -6.41192494590786       -2.02935674638226
H            2.86295901697856       -7.11259810099802       -3.55828562156593
H            5.18647258370542       -6.38622681085474       -3.16024776569843
H            5.71203425329557       -4.95489809252499       -1.22158734428945
H            3.92418428903300       -4.25301669943455        0.31348144971369
37
 energy: -53.774716590672 gnorm: 0.001622802853 xtb: 6.7.1 (edcfbbe)
C            0.52655392778528        0.06980578854022        0.08776327799701
N            0.55465353297543       -1.31990319031704       -0.27735972098193
C            0.02404308347848       -1.83915697656347       -1.42477283979751
C            0.19922990175160       -3.18401169510807       -1.38703730898671
N            0.84356986798564       -3.48120712332597       -0.22187062354470
C            1.06913724678692       -2.33595717084173        0.43973300362222
S            1.82240504936310       -2.24953153483957        2.00489331931706
C            2.92084212170763       -0.84976217002020        1.76304015072577
C            3.73103264774787       -0.79581160138397        0.63904344384781
C            4.59301413834637        0.27674730046266        0.48783255183807
C            4.65248876706357        1.26805915225322        1.45522410246373
C            3.85300157750919        1.18836130521042        2.58391568287988
C            2.97830009182972        0.12691482104841        2.74369749196263
C            1.27763110976228       -4.81080911447354        0.16563811668457
C            2.37796835704456       -5.27390248805191       -0.76131090109346
C            2.08790249882504       -6.07802099384838       -1.85513607588377
C            3.09782472821126       -6.47359203348952       -2.71502573209114
C            4.40084726433169       -6.06255097252872       -2.49034990763601
C            4.69468369756731       -5.25921697372864       -1.40091568091242
C            3.68655889088139       -4.86371967875753       -0.53951084459960
H            0.34667883408454        0.17157254588982        1.15764998063173
H           -0.27594474238945        0.56134435784510       -0.45785492118600
H            1.47279297523965        0.55742282898978       -0.15647715060603
H           -0.43558476621398       -1.21933555755017       -2.16680593243641
H           -0.08020756397115       -3.94175823771051       -2.08936633597008
H            3.69526238342474       -1.57893348540886       -0.10514272966783
H            5.22469432336027        0.32819545768840       -0.38511141812727
H            5.32894911396041        2.09869099292625        1.33184401708606
H            3.90566108780526        1.95210903405894        3.34356716875798
H            2.35322726991671        0.05242403474093        3.61975456179427
H            1.63112029110807       -4.76567889535936        1.19719197955875
H            0.41925978226867       -5.48350467108607        0.10996914240436
H            1.07502950866687       -6.41270870786842       -2.02633545818754
H            2.86610554140657       -7.10609326335862       -3.55750066608157
H            5.18772358477122       -6.37395781216898       -3.15899766149276
H            5.71057737989929       -4.94559872218699       -1.21722870036425
H            3.92057649570884       -4.25051454967661        0.31940261807404
37
 energy: -53.774757278576 gnorm: 0.001145999139 xtb: 6.7.1 (edcfbbe)
C            0.51627335096424        0.06851012042653        0.07977628940338
N            0.55177211446699       -1.32123861009294       -0.28585515907087
C            0.03033182322746       -1.84343035989510       -1.43604552351624
C            0.20534021380959       -3.18842633962512       -1.39348595528834
N            0.84084059441084       -3.48244533229316       -0.22252613218822
C            1.06148460191061       -2.33529646526911        0.43791566115220
S            1.80869647626781       -2.24336465122736        2.00422229227952
C            2.91527570980812       -0.84839865443668        1.75984255237279
C            3.71385447790761       -0.79096868394472        0.62762498489653
C            4.58521302907362        0.27445292422664        0.47877268934087
C            4.66610287566750        1.25330665945401        1.45704662605167
C            3.87693408330013        1.17070073884194        2.59238638382218
C            2.99182294125786        0.11717900123798        2.74969464177196
C            1.27174294386435       -4.81174407096491        0.17041960748196
C            2.37572983680294       -5.27368230975997       -0.75295842326808
C            2.09024566551167       -6.07669845390863       -1.84887397503157
C            3.10284406405778       -6.46345037266549       -2.70989113079577
C            4.40317667683717       -6.04495156495375       -2.48365569828484
C            4.69279572979391       -5.24421288205826       -1.39105299489130
C            3.68218119564255       -4.85705169171968       -0.52880078560509
H            0.33233057667050        0.16842066390755        1.14910768231107
H           -0.28693568366290        0.55690737934048       -0.46777848949052
H            1.46104751947854        0.56092223358001       -0.16157394306742
H           -0.42375083498299       -1.22750249794334       -2.18460849597353
H           -0.06762811414151       -3.94698898609745       -2.09727122062769
H            3.66153272253950       -1.56566851982577       -0.12423016389566
H            5.20795629911978        0.32972936303407       -0.40030605947418
H            5.35205742690124        2.07686327204168        1.33673542708204
H            3.94623337806567        1.92555756070744        3.35948712519841
H            2.37398414422898        0.03962985052833        3.63041481797538
H            1.62086360825185       -4.76682928442104        1.20367737720306
H            0.41284322766112       -5.48395551666219        0.11200301327131
H            1.07914778342192       -6.41648543143054       -2.02094094459216
H            2.87515906283200       -7.09407743466154       -3.55506416315847
H            5.19182816940270       -6.34846795618193       -3.15414322607954
H            5.70703193308445       -4.92548757678165       -1.20628751924831
H            3.91125037654744       -4.24494612050478        0.33227283193221
37
 energy: -53.774778661708 gnorm: 0.000957266721 xtb: 6.7.1 (edcfbbe)
C            0.50731330900629        0.06738177191804        0.07595181455921
N            0.54834644525726       -1.32195730713793       -0.29213085292440
C            0.03240429323631       -1.84529771212465       -1.44411078877050
C            0.20740783983977       -3.19037092138598       -1.39920381613598
N            0.83734317175839       -3.48307855678293       -0.22486812829337
C            1.05564076199075       -2.33494277743254        0.43479377943574
S            1.80018997762971       -2.23883946168228        2.00193355789716
C            2.91226256192409       -0.84776584806532        1.75586512237312
C            3.70415157638066       -0.78701831203920        0.61916858774921
C            4.58266816758255        0.27305232624373        0.47340152969956
C            4.67736613801654        1.24315909226679        1.45902999069664
C            3.89382186887329        1.15806893007163        2.59822636835937
C            3.00153340154079        0.11010333904368        2.75232998634324
C            1.26653671056697       -4.81209624861265        0.17166162386390
C            2.37372722433513       -5.27318174378136       -0.74790572340805
C            2.09285160146421       -6.07677109423613       -1.84457099191551
C            3.10798671514568       -6.45825075946715       -2.70500031887527
C            4.40616959426125       -6.03390839218835       -2.47729904293068
C            4.69145709988286       -5.23369900060717       -1.38308997867013
C            3.67833736870252       -4.85186626167896       -0.52149038299684
H            0.32266603908081        0.16363551955199        1.14552430900311
H           -0.29792065079380        0.55361658093150       -0.47067783559084
H            1.45015182021750        0.56363742266761       -0.16443533353955
H           -0.41781439020237       -1.23121340559006       -2.19636679843667
H           -0.06238060189753       -3.94926055767735       -2.10387384174633
H            3.64279230486107       -1.55527974437683       -0.13822996874509
H            5.20030034145284        0.33134998848001       -0.40921839431091
H            5.36909210516584        2.06213141404782        1.34092517495032
H            3.97298549471004        1.90677332391884        3.37027458190785
H            2.38854898112401        0.03095150809351        3.63655345366435
H            1.61154167361379       -4.76606247333770        1.20631630166461
H            0.40774969172379       -5.48434159044784        0.11104041523120
H            1.08345507087974       -6.42097133049228       -2.01817815229373
H            2.88404574116195       -7.08876601230319       -3.55127778123584
H            5.19662121909858       -6.33230691196114       -3.14799912722087
H            5.70419750667711       -4.91075820603052       -1.19730091888465
H            3.90406182573279       -4.23944658779396        0.34028157952526
37
 energy: -53.774795186590 gnorm: 0.000918661697 xtb: 6.7.1 (edcfbbe)
C            0.49938965922823        0.06659895853753        0.07446457203400
N            0.54417843882972       -1.32186207932959       -0.29726375383194
C            0.03074943452659       -1.84539581294560       -1.44998575131978
C            0.20591228829414       -3.19056479669821       -1.40431011030424
N            0.83292533798949       -3.48303296217231       -0.22858072345402
C            1.05026933553870       -2.33452708744984        0.43076257839692
S            1.79432730396566       -2.23544259735741        1.99814468692197
C            2.91142905807366       -0.84822640438795        1.75170034056010
C            3.69909251418167       -0.78430449869708        0.61243902543713
C            4.58290714082827        0.27177952840446        0.46981209439558
C            4.68697834202278        1.23499804880402        1.46065823918885
C            3.90629962133538        1.14758500713844        2.60170972906061
C            3.00918072146081        0.10364912724823        2.75274983287797
C            1.26167071712970       -4.81157801380080        0.17047394215187
C            2.37213339370316       -5.27186281591135       -0.74515094386333
C            2.09628981966971       -6.07770219589224       -1.84136534238346
C            3.11434023173306       -6.45633026615259       -2.69952459268486
C            4.41047813606792       -6.02670969716794       -2.47012515872672
C            4.69084914473083       -5.22474061959331       -1.37592063431919
C            3.67481749732169       -4.84597431836254       -0.51654233293048
H            0.31671302292139        0.15823074721836        1.14481889714963
H           -0.30892978814005        0.55161078268514       -0.46867713844914
H            1.44001178181644        0.56657430093416       -0.16639293969719
H           -0.41721720324859       -1.23229458245570       -2.20429631074574
H           -0.06292233010218       -3.94903268467241       -2.10973313366794
H            3.63014856574211       -1.54629109200253       -0.15118563321607
H            5.19792205341676        0.33233415107428       -0.41437039100212
H            5.38432235047850        2.04973652183089        1.34597795973183
H            3.99300423817857        1.89063951179678        3.37855094302117
H            2.39846435007968        0.02362321388716        3.63830302901806
H            1.60304517320461       -4.76372841480102        1.20623227109856
H            0.40355910209665       -5.48450077795607        0.10785801337918
H            1.08855384831130       -6.42581833735248       -2.01682731811257
H            2.89432806673764       -7.08844697650342       -3.54559488264573
H            5.20309281744599       -6.32216873039739       -3.13943346333744
H            5.70206431454946       -4.89809771759116       -1.18855523724721
H            3.89723149988183       -4.23231641990676        0.34522963751428
37
 energy: -53.774812234072 gnorm: 0.001104950315 xtb: 6.7.1 (edcfbbe)
C            0.49114129728152        0.06653070240325        0.07320946370003
N            0.53810307161062       -1.32093406770124       -0.30235275487311
C            0.02588227117593       -1.84415393490771       -1.45555981742366
C            0.20136278482570       -3.18945511230932       -1.40988888977263
N            0.82689371718462       -3.48216319851562       -0.23363861519972
C            1.04371679608698       -2.33363007283447        0.42570614779154
S            1.78763620528595       -2.23228157319822        1.99352672794790
C            2.90878129425572       -0.84910052423641        1.74559606291983
C            3.69199692184923       -0.78167974249130        0.60345932987739
C            4.58283617324098        0.26937617922164        0.46529606655383
C            4.69861673605711        1.22453763525990        1.46331865802194
C            3.92109897572310        1.13453433162554        2.60669227247845
C            3.01725764627679        0.09571193251109        2.75313962136467
C            1.25634276146112       -4.80994824626684        0.16747440799206
C            2.37094352980680       -5.26887216521680       -0.74348554005283
C            2.10147070910899       -6.07862803140952       -1.83836624110195
C            3.12344817981590       -6.45583970081796       -2.69242331261357
C            4.41727586501326       -6.02055687925736       -2.46058933662511
C            4.69131182714345       -5.21486191937987       -1.36750093745516
C            3.67136884769061       -4.83790295454435       -0.51200586292977
H            0.31281268642615        0.15373715931236        1.14478177808526
H           -0.32095015002382        0.55106844296386       -0.46480488323768
H            1.42943802553901        0.56956206841914       -0.16994374704655
H           -0.42081772687660       -1.23127006329878       -2.21076082482854
H           -0.06757675649558       -3.94741666715487       -2.11584405872212
H            3.61797558056232       -1.53821854231387       -0.16428124177055
H            5.19489954664838        0.33197847981577       -0.42100906353987
H            5.40028259259480        2.03566637608540        1.35109356092261
H            4.01402012236882        1.87236576805679        3.38735609129062
H            2.40959623622193        0.01429142042482        3.64091274034581
H            1.59368181386769       -4.76002070824494        1.20433494893262
H            0.39965490403500       -5.48434812897749        0.10237435026571
H            1.09565122038705       -6.43107220072064       -2.01619349264646
H            2.90834495280072       -7.09126846228877       -3.53725351835335
H            5.21290019341883       -6.31447251587135       -3.12689064017595
H            5.70063851824509       -4.88365162631818       -1.17812771694165
H            3.88957262938722       -4.22120345782187        0.34869826681834
37
 energy: -53.774832587651 gnorm: 0.001176949204 xtb: 6.7.1 (edcfbbe)
C            0.48234215432316        0.06769189764313        0.07139731774766
N            0.52991728840703       -1.31885409387918       -0.30717791039077
C            0.01760750264172       -1.84153064739126       -1.46057948275701
C            0.19380530722824       -3.18691349752488       -1.41566759375603
N            0.81948364535509       -3.48007437627828       -0.23968489605291
C            1.03608073489765       -2.33176428942402        0.41998038574253
S            1.77995040037363       -2.22947671159497        1.98828715364637
C            2.90702133634500       -0.85195331245800        1.74035715421643
C            3.68564230834665       -0.78114564303531        0.59528910126794
C            4.58307882365369        0.26476489697199        0.46092167954098
C            4.70950195504521        1.21208514044200        1.46455371571823
C            3.93602791812299        1.11930298035799        2.61069820785894
C            3.02581193218544        0.08575573033831        2.75344123826531
C            1.25047335833768       -4.80698689226046        0.16265855137233
C            2.37026303862604       -5.26378652257242       -0.74295784940836
C            2.10858053705124       -6.07940064486557       -1.83541087460299
C            3.13565070856005       -6.45667443074457       -2.68336259437984
C            4.42682006511365       -6.01518294017982       -2.44827984318035
C            4.69296553512722       -5.20314329056731       -1.35789669168194
C            3.66800992001521       -4.82662689368954       -0.50812178984042
H            0.31074628841454        0.15182085610059        1.14442811451771
H           -0.33410897066405        0.55205581414171       -0.46030787347822
H            1.41819832610151        0.57294634012044       -0.17634509842772
H           -0.42936663462338       -1.22826880775216       -2.21533327295723
H           -0.07581926634610       -3.94446804139126       -2.12193662418115
H            3.60251268364428       -1.53051741385014       -0.17941764341787
H            5.19083488809693        0.32996171371228       -0.42855591110490
H            5.41711504470325        2.01850283847367        1.35566744294158
H            4.03856453397413        1.85001576130516        3.39766609218667
H            2.42216714001655        0.00195028092716        3.64409353672389
H            1.58328256148302       -4.75570410030503        1.20076604665749
H            0.39586487673255       -5.48353460533152        0.09408047985170
H            1.10491159098155       -6.43657511126355       -2.01594958599703
H            2.92655918679932       -7.09709756172197       -3.52596419572204
H            5.22640214233394       -6.30904311684715       -3.10987975963204
H            5.70005666439075       -4.86660550773535       -1.16596338179663
H            3.88065447420618       -4.20511579786883        0.35055665450794
37
 energy: -53.774861839171 gnorm: 0.001451902810 xtb: 6.7.1 (edcfbbe)
C            0.46892459996795        0.07107566386681        0.06731062724498
N            0.51524124697026       -1.31459522832094       -0.31368565512170
C            0.00145636008519       -1.83650755010373       -1.46679158115831
C            0.17942786782047       -3.18183514426887       -1.42377411989818
N            0.80726010782131       -3.47566480479917       -0.24922623862789
C            1.02333931923884       -2.32788205036462        0.41134422199992
S            1.76725663718072       -2.22617696347535        1.97995366275809
C            2.90467682124098       -0.85792746710336        1.73344391397141
C            3.67384558038773       -0.78142289650980        0.58212655594478
C            4.58078600350388        0.25668392874749        0.45221614104380
C            4.72670048685920        1.19037031894964        1.46627884712216
C            3.96130142852085        1.09268481232276        2.61751294202190
C            3.04154500766113        0.06749657224970        2.75583152786418
C            1.24123557717637       -4.80134214551281        0.15347521065297
C            2.36991389285906       -5.25402281521687       -0.74346689388574
C            2.12136620174771       -6.08053264994755       -1.83086198324799
C            3.15712805658665       -6.45899669942611       -2.66775224481588
C            4.44378647872181       -6.00729133140441       -2.42714081078373
C            4.69650454173891       -5.18285452551342       -1.34274678063351
C            3.66299449464520       -4.80565789653357       -0.50356820849847
H            0.30932652110259        0.15303152983007        1.14242002330021
H           -0.35436337123080        0.55500651076138       -0.45429830819605
H            1.40116770736240        0.57859734614393       -0.18974361969017
H           -0.44763059204701       -1.22238880814657       -2.21972716529014
H           -0.09103173130866       -3.93886082909966       -2.13039054408935
H            3.57706153507215       -1.52076645690904       -0.20086257701902
H            5.18349805380659        0.32426397433284       -0.43987410339628
H            5.44359233716530        1.98935083100702        1.36207850651826
H            4.07690959938401        1.81323490933263        3.41150692748746
H            2.44223446717011       -0.01923269055254        3.64859237176745
H            1.56659374272096       -4.74957610783959        1.19387531733863
H            0.39020214455434       -5.48154202349984        0.07809097527174
H            1.12116767369542       -6.44508544129441       -2.01576394886495
H            2.95826777799582       -7.10868450439040       -3.50584009000208
H            5.25027522478123       -6.30290322373309       -3.07962581375955
H            5.69992187390138       -4.83802140005471       -1.14625207755328
H            3.86572632514174       -4.17561474352185        0.35138499222234
37
 energy: -53.774886668245 gnorm: 0.001485439771 xtb: 6.7.1 (edcfbbe)
C            0.45572726465905        0.07607372133551        0.06211734460936
N            0.49891907771615       -1.30941700920975       -0.31901291426325
C           -0.01738427949999       -1.83037400350884       -1.47148222206607
C            0.16286607495339       -3.17551020736688       -1.43110009424534
N            0.79476129619158       -3.47008593978105       -0.25893809873085
C            1.01036064989872       -2.32304633788491        0.40301809454328
S            1.75381440422262       -2.22414581734748        1.97189963978283
C            2.90029256561422       -0.86410903409734        1.72587095284365
C            3.66123511803414       -0.78364638582824        0.56995343521144
C            4.57979033886461        0.24518219266431        0.44486496721794
C            4.74449925663053        1.16569564172019        1.46745964665727
C            3.98717730637307        1.06410121883759        2.62309565297418
C            3.05603811906458        0.04832353048473        2.75715019021084
C            1.23122776769068       -4.79513562562747        0.14216821016680
C            2.36978771287156       -5.24265693128065       -0.74534277088070
C            2.13603234547569       -6.08149607266927       -1.82660388462023
C            3.18162271031099       -6.46186942287440       -2.65045669206602
C            4.46311529784671       -5.99909317096781       -2.40342805199125
C            4.70071141429444       -5.16051434355889       -1.32636275710909
C            3.65756255539252       -4.78195941960046       -0.49972867943142
H            0.30921524558469        0.15854717545345        1.13899753199810
H           -0.37416216474518        0.55934038288887       -0.44959056009223
H            1.38456566336334        0.58441030834629       -0.20629314526622
H           -0.47040215802246       -1.21508485419984       -2.22125320446574
H           -0.10827704062893       -3.93225369991057       -2.13775100763625
H            3.55011869640353       -1.51366056137581       -0.21937870432503
H            5.17320808808281        0.31735597462851       -0.45386480498977
H            5.46860873382258        1.95806045151949        1.36532972377582
H            4.11946387752972        1.77329365652942        3.42547167386215
H            2.46540198780752       -0.04399215893980        3.65561797389962
H            1.54770574360560       -4.74587221805364        1.18549283572413
H            0.38373101897697       -5.47856920015625        0.05731185967681
H            1.13982482155052       -6.45458429568859       -2.01597691989963
H            2.99447118068222       -7.12239037033800       -3.48288285362173
H            5.27746232845832       -6.29731470251376       -3.04505549451799
H            5.69990577143225       -4.80584071055770       -1.12543968651473
H            3.84861120949335       -4.14135176106882        0.35017281357706
37
 energy: -53.774900544515 gnorm: 0.001031356150 xtb: 6.7.1 (edcfbbe)
C            0.44986785694148        0.08012756876029        0.05842233035281
N            0.48920618149201       -1.30589081090705       -0.32090277033811
C           -0.02913548518186       -1.82587282696589       -1.47293695271116
C            0.15225138515614       -3.17092624514167       -1.43460495517961
N            0.78726647619857       -3.46626050130538       -0.26422489959323
C            1.00304882706130       -2.31988597509894        0.39901001907145
S            1.74538566637835       -2.22443160293705        1.96838105741952
C            2.89875631822645       -0.86941061498421        1.72413539010971
C            3.65243456005596       -0.78645942765466        0.56307087880502
C            4.57544314686183        0.23775687884835        0.43763969156294
C            4.75256901646754        1.15019728873638        1.46552343457893
C            4.00354430652461        1.04517397327576        2.62690133402792
C            3.06667652224991        0.03475709745235        2.76066075190394
C            1.22446447338700       -4.79168588682142        0.13410187032811
C            2.36951829512289       -5.23528664324751       -0.74726007844409
C            2.14586894541410       -6.08202355884595       -1.82426524561833
C            3.19808975783494       -6.46337705747842       -2.63914271223553
C            4.47593463171870       -5.99322983649743       -2.38773298592299
C            4.70323201587661       -5.14548420200379       -1.31586347338780
C            3.65363218177598       -4.76649688894258       -0.49778391954727
H            0.31100848945665        0.16519804756475        1.13594849470391
H           -0.38267858846694        0.56352472096533       -0.44865187253874
H            1.37743906731893        0.58680743398714       -0.21744885968636
H           -0.48538724301829       -1.20991383083187       -2.22024301851402
H           -0.11952123900647       -3.92742337008885       -2.14131920090129
H            3.53082109541551       -1.51075005113444       -0.23047443355505
H            5.16498096145818        0.31104040205917       -0.46307820845829
H            5.48186721461850        1.93809138971710        1.36422697143581
H            4.14431322542607        1.74872367528957        3.43182283213477
H            2.48022944312589       -0.05967419153519        3.66146963091717
H            1.53451438149985       -4.74668444009820        1.17959257394560
H            0.37891028743548       -5.47640965078419        0.04125675142180
H            1.15247136685037       -6.46074404918501       -2.01678475709139
H            3.01893267113570       -7.13050229224188       -3.46785748598590
H            5.29556309269585       -6.29278266219379       -3.02193425333680
H            5.69951117217810       -4.78433634106549       -1.11212190806611
H            3.83657952231639       -4.11904551866306        0.34851797839020
37
 energy: -53.774907091571 gnorm: 0.000935203729 xtb: 6.7.1 (edcfbbe)
C            0.44888619461219        0.08239801606325        0.05668040278439
N            0.48467593675162       -1.30429824839525       -0.32083091043492
C           -0.03527103131803       -1.82335601969316       -1.47250585570637
C            0.14611285284908       -3.16842691463765       -1.43556356663320
N            0.78288941622898       -3.46463799893805       -0.26636017090783
C            0.99934799493594       -2.31884863463737        0.39779556438178
S            1.74155650771242       -2.22592737153266        1.96708716998182
C            2.89763082801533       -0.87254609112293        1.72343038096582
C            3.64673800670624       -0.78849818693390        0.55952696199456
C            4.57251921357005        0.23314547432997        0.43371229191755
C            4.75646777013915        1.14172563946136        1.46383331912944
C            4.01037788252042        1.03607171516615        2.62621234907975
C            3.07202180159811        0.02760234377955        2.76168272826164
C            1.21963707536918       -4.79101706367390        0.12912799820437
C            2.36873135887181       -5.23184523495923       -0.74845405726790
C            2.15158200408593       -6.08299889019158       -1.82312667739992
C            3.20781168189022       -6.46356537001387       -2.63305344675940
C            4.48321361532443       -5.98832619049237       -2.37900000925610
C            4.70394585081025       -5.13552143843589       -1.30995708795208
C            3.65037183521584       -4.75731488982654       -0.49682571563651
H            0.31319337671812        0.16971648088612        1.13426042086818
H           -0.38400623694823        0.56649353815015       -0.44904186169855
H            1.37660245039030        0.58677916381494       -0.22268141767304
H           -0.49288541662124       -1.20688389616923       -2.21853788057565
H           -0.12606070079321       -3.92458787431364       -2.14247147163952
H            3.52113812395072       -1.51098279765469       -0.23387294137875
H            5.15969841893698        0.30697180312475       -0.46809054592295
H            5.48767311082230        1.92779922123959        1.36208062173534
H            4.15804545548853        1.73594918254602        3.43354352758029
H            2.48837419125158       -0.06762363722741        3.66381280790471
H            1.52519920172492       -4.75012424462080        1.17628645902599
H            0.37478417870950       -5.47572999881733        0.02993881189931
H            1.16003562892577       -6.46513614321516       -2.01807364136571
H            3.03372705832169       -7.13416080406262       -3.45984442120812
H            5.30608389436249       -6.28785017613614       -3.00883919515357
H            5.69841372737814       -4.77097486427848       -1.10393247832788
H            3.82834674149486       -4.10705959857971        0.34810153718046
37
 energy: -53.774911488742 gnorm: 0.000293766036 xtb: 6.7.1 (edcfbbe)
C            0.45093474138236        0.08184325889694        0.05745701311371
N            0.48587482858538       -1.30476701561810       -0.32051742107229
C           -0.03414232141728       -1.82319285466918       -1.47241509486148
C            0.14606354020457       -3.16843243618423       -1.43558823801379
N            0.78217469396092       -3.46537837986487       -0.26624743260549
C            0.99959161379243       -2.31982789651732        0.39802540374271
S            1.74225823927393       -2.22723114512853        1.96720110326245
C            2.89757853053980       -0.87315320224816        1.72308162752652
C            3.64722780223415       -0.78964092421215        0.55970600608366
C            4.57252858774878        0.23250184353021        0.43335203403329
C            4.75576929819300        1.14218072583475        1.46269084637343
C            4.01084285700562        1.03600693739805        2.62596633622917
C            3.07197311568394        0.02743242107362        2.76121300880526
C            1.21797646649696       -4.79229888283667        0.12882132591708
C            2.36773757720825       -5.23246665768514       -0.74813354184330
C            2.15173031395271       -6.08300222357999       -1.82357052271100
C            3.20859168244629       -6.46230503156704       -2.63328572421467
C            4.48347818985976       -5.98624321670493       -2.37839937118726
C            4.70312828711277       -5.13436092764648       -1.30832085088807
C            3.64894002556385       -4.75754698625309       -0.49535352930783
H            0.31420335194812        0.16873975824712        1.13503981240085
H           -0.38114709426957        0.56678423601688       -0.44891490778094
H            1.37941634793041        0.58540812774480       -0.22085839115244
H           -0.49085625947369       -1.20639124716304       -2.21867880229412
H           -0.12670055310112       -3.92417657064081       -2.14265423475322
H            3.52072405658346       -1.51178703097122       -0.23453302140730
H            5.15821976127038        0.30724387518172       -0.46967364696586
H            5.48601975595759        1.92901387553099        1.36010876410554
H            4.15706159491224        1.73723843941843        3.43205843228162
H            2.48897150192103       -0.06778993694748        3.66395035803504
H            1.52247347665542       -4.75229565609937        1.17637519493595
H            0.37291775547592       -5.47656380499725        0.02820988061713
H            1.16069529299406       -6.46625469220887       -2.01902172576052
H            3.03544024425067       -7.13270152308225       -3.46051106662682
H            5.30676164187794       -6.28434646592835       -3.00836068260711
H            5.69708796919972       -4.76851895936312       -1.10204038025294
H            3.82606308604161       -4.10730983075354        0.34987143884046
