16
 energy: -20.213431894010 gnorm: 0.033192082231 xtb: 6.7.1 (edcfbbe)
C           -0.71287000000000       -1.26368000000000       -0.24149000000000
C            0.72461000000000       -1.17381000000000        0.27846000000000
O            1.35693000000000        0.02781000000000       -0.18007000000000
C            0.67517000000000        1.20300000000000        0.27609000000000
C           -0.76390000000000        1.23203000000000       -0.24612000000000
N           -1.47374000000000       -0.03009000000000        0.17426000000000
H           -0.74227000000000       -1.28675000000000       -1.33550000000000
H           -1.24595000000000       -2.12617000000000        0.16705000000000
H            0.75369000000000       -1.20155000000000        1.37398000000000
H            1.30786000000000       -2.02153000000000       -0.09398000000000
H            0.70139000000000        1.23330000000000        1.37163000000000
H            1.22337000000000        2.07361000000000       -0.09670000000000
H           -1.33255000000000        2.07359000000000        0.15802000000000
H           -0.79263000000000        1.24905000000000       -1.34027000000000
H           -2.41488000000000       -0.05009000000000       -0.24005000000000
H           -1.60347000000000       -0.03080000000000        1.19476000000000
16
 energy: -20.215756428443 gnorm: 0.017610038913 xtb: 6.7.1 (edcfbbe)
C           -0.71966349428513       -1.25369770632133       -0.24105955906619
C            0.71125196880494       -1.15507792644275        0.28065120294433
O            1.33095452384027        0.02714255232024       -0.19001849498599
C            0.66273430688344        1.18371632869295        0.27798268731996
C           -0.77040817525495        1.22180828992726       -0.24530465928961
N           -1.47833430688469       -0.03024251775914        0.18376122285149
H           -0.71846242247132       -1.28692116763642       -1.33284085799307
H           -1.21798156976688       -2.14090766626921        0.15344592216789
H            0.73138735129124       -1.18475237076762        1.37837541486819
H            1.30578307308423       -1.98494284623817       -0.10577578731010
H            0.68035756150051        1.21604988694084        1.37567739103899
H            1.22296637153354        2.03672513144953       -0.10927840710817
H           -1.30528750230949        2.08931460680572        0.14508080415864
H           -0.76925237978598        1.25055178358221       -1.33720957064945
H           -2.42213194891501       -0.05028466256742       -0.22093995574127
H           -1.58315335726473       -0.03056171571669        1.20752264679436
16
 energy: -20.216165814402 gnorm: 0.005579524666 xtb: 6.7.1 (edcfbbe)
C           -0.72354625090551       -1.24417861595230       -0.24391487022668
C            0.70925440429316       -1.14715374063029        0.28006762900665
O            1.32508214567617        0.02691371023046       -0.18191456452887
C            0.66122247353871        1.17569372514047        0.27712629800708
C           -0.77397863797178        1.21208655912462       -0.24783320655192
N           -1.47859747663001       -0.03033269586209        0.18834408283257
H           -0.71317020886386       -1.27068978022265       -1.33470589818030
H           -1.21383537455361       -2.14010708777142        0.13804928516115
H            0.71784665011321       -1.18169197651779        1.37920228045318
H            1.30737264146126       -1.97328365448431       -0.10604219246408
H            0.66768298041343        1.21299396951150        1.37618278747331
H            1.22504109475304        2.02491520280679       -0.11049765139629
H           -1.30103890807893        2.08841580769598        0.13053765883233
H           -0.76381412157830        1.23501279024994       -1.33869774539936
H           -2.42849922288434       -0.05043796047348       -0.20102238420954
H           -1.55626218878264       -0.03023625284542        1.21518849119077
16
 energy: -20.216248150137 gnorm: 0.001801478423 xtb: 6.7.1 (edcfbbe)
C           -0.72519284238271       -1.24140726508509       -0.24831690611704
C            0.70922074963724       -1.14614945502835        0.28028759689179
O            1.32602388426470        0.02684960937593       -0.17473206274081
C            0.66134607645464        1.17466647551084        0.27711531123513
C           -0.77556957751914        1.20921036205178       -0.25202991703184
N           -1.47486872077619       -0.03031764460138        0.19151918131962
H           -0.71232316442806       -1.26060533967714       -1.33946953591954
H           -1.21557130293365       -2.14017776331442        0.12589414259689
H            0.71013260492645       -1.18538384821139        1.38044391958000
H            1.30509452771777       -1.97509202802349       -0.10283548724307
H            0.66031660173308        1.21676519767627        1.37716184619815
H            1.22268989930298        2.02645240615882       -0.10804353342562
H           -1.30269754790055        2.08822321881602        0.11906070073703
H           -0.76300286320476        1.22533215778003       -1.34322238299855
H           -2.43097863339948       -0.05049616937418       -0.18285825524472
H           -1.53385969149233       -0.02994991405426        1.22009538216257
16
 energy: -20.216271433158 gnorm: 0.002382363969 xtb: 6.7.1 (edcfbbe)
C           -0.72615497725550       -1.23899836899377       -0.25321828991420
C            0.70936927903187       -1.14716607719758        0.28098094759418
O            1.32900096974060        0.02681950684215       -0.16780729423029
C            0.66156523523176        1.17564887742316        0.27755983241881
C           -0.77650422625652        1.20674082837372       -0.25676088299475
N           -1.47276464506796       -0.03033062108803        0.19500767258212
H           -0.71085977047365       -1.24886824447562       -1.34495654091875
H           -1.21894771122217       -2.13979809943766        0.11232051420002
H            0.70363376398246       -1.19058484772749        1.38163672860475
H            1.30361086185948       -1.97922082708403       -0.09890742210722
H            0.65406326515370        1.22207153088713        1.37808190361002
H            1.22105630542639        2.03031125639728       -0.10488933081506
H           -1.30596718333410        2.08753510757863        0.10620993666852
H           -0.76158916097405        1.21407485762611       -1.34851487808144
H           -2.43609790769032       -0.05063702439876       -0.16108421093186
H           -1.51265409815202       -0.02967785472522        1.22441131431515
16
 energy: -20.216275877966 gnorm: 0.001175874560 xtb: 6.7.1 (edcfbbe)
C           -0.72596489979135       -1.23948764748483       -0.25301525177171
C            0.70876574742290       -1.14738455164592        0.28124934439238
O            1.32863299250770        0.02681836423976       -0.16840983970823
C            0.66094374358420        1.17584050489964        0.27784526634761
C           -0.77633161369558        1.20724322074792       -0.25658437005811
N           -1.47283802579905       -0.03032522698752        0.19493686083216
H           -0.71043041949124       -1.24931776364726       -1.34462031355663
H           -1.21892157193459       -2.14021014472731        0.11253446422640
H            0.70406118550674       -1.19002639628959        1.38160854304446
H            1.30368616477302       -1.97863461188268       -0.09929115997677
H            0.65445326953675        1.22149011994636        1.37807467845881
H            1.22116667101218        2.02973934353712       -0.10520070725806
H           -1.30596304997763        2.08797112882489        0.10637021395768
H           -0.76115372359917        1.21451880636249       -1.34821189579932
H           -2.43582164003241       -0.05064317606373       -0.16115909899766
H           -1.51352483002247       -0.02967196982934        1.22394326586699
16
 energy: -20.216277232475 gnorm: 0.000533512242 xtb: 6.7.1 (edcfbbe)
C           -0.72568190315289       -1.23961545900405       -0.25309723152194
C            0.70766143636193       -1.14782881489223        0.28163099555143
O            1.32786840873868        0.02680435482293       -0.16865775891901
C            0.65981732177202        1.17622986649050        0.27822904543070
C           -0.77605581351008        1.20739044581507       -0.25668476358131
N           -1.47305299795675       -0.03032049239960        0.19530814603755
H           -0.70924802259661       -1.24865146205907       -1.34449445133601
H           -1.21904205130411       -2.14045785203039        0.11151186205102
H            0.70373152214962       -1.18957379666079        1.38157999860731
H            1.30399800689140       -1.97761756920151       -0.09974675344607
H            0.65409083478692        1.22098961439551        1.37804998034549
H            1.22153169312900        2.02873855079312       -0.10559908429802
H           -1.30609685517862        2.08823167883562        0.10531558159396
H           -0.75994531056206        1.21389537953298       -1.34810641557312
H           -2.43620014209290       -0.05067182985278       -0.15923249834582
H           -1.51261612747555       -0.02962261458530        1.22406334740385
