26
 energy: -35.650664815933 gnorm: 0.046507996935 xtb: 6.7.1 (edcfbbe)
C            2.46329000000000        0.55905000000000       -0.14183000000000
N            1.06984000000000        0.11617000000000       -0.11398000000000
C            0.68848000000000       -1.21364000000000       -0.07819000000000
C           -0.66088000000000       -1.23341000000000        0.08332000000000
N           -1.08124000000000        0.08464000000000        0.11727000000000
C           -0.01776000000000        0.91944000000000        0.00117000000000
C           -0.04002000000000        2.43065000000000        0.00030000000000
C           -0.84659000000000        3.11957000000000        0.91214000000000
C           -0.86328000000000        4.51512000000000        0.91066000000000
C           -0.08116000000000        5.22198000000000       -0.00125000000000
C            0.72146000000000        4.53746000000000       -0.91238000000000
C            0.74591000000000        3.14202000000000       -0.91231000000000
C           -2.48713000000000        0.48635000000000        0.14435000000000
H            2.73414000000000        0.82131000000000       -1.16722000000000
H            2.59825000000000        1.41489000000000        0.52397000000000
H            3.11605000000000       -0.24866000000000        0.20274000000000
H            1.43837000000000       -1.98235000000000       -0.15762000000000
H           -1.38782000000000       -2.02375000000000        0.16381000000000
H           -1.43300000000000        2.59461000000000        1.66056000000000
H           -1.47845000000000        5.05755000000000        1.62651000000000
H           -0.09721000000000        6.31060000000000       -0.00185000000000
H            1.32040000000000        5.09699000000000       -1.62884000000000
H            1.34755000000000        2.63374000000000       -1.66016000000000
H           -2.76582000000000        0.74173000000000        1.16938000000000
H           -2.64710000000000        1.33706000000000       -0.52249000000000
H           -3.11575000000000       -0.34064000000000       -0.19939000000000
26
 energy: -35.655686379070 gnorm: 0.022427038942 xtb: 6.7.1 (edcfbbe)
C            2.45581365515016        0.57128940444795       -0.14524380372270
N            1.07221081371630        0.14049748485378       -0.10211814875161
C            0.68775054901081       -1.17571919703569       -0.06119961000313
C           -0.66127479340066       -1.19550628872307        0.06623944004431
N           -1.08432781492581        0.10887273985143        0.10540737482388
C           -0.01788262260942        0.92755044189123        0.00114481605262
C           -0.03969209248901        2.40789742485369        0.00029358515370
C           -0.83603130277408        3.10164373565538        0.91360860718566
C           -0.85186364401808        4.48832353088267        0.90988080965799
C           -0.08074635060211        5.19410592753693       -0.00123457608509
C            0.71084747879913        4.51034813300537       -0.91157794384469
C            0.73588083093465        3.12379773045767       -0.91378466565199
C           -2.48002166163245        0.49880124894284        0.14779600831493
H            2.74470339617114        0.82414040288385       -1.16530770396847
H            2.59194182747054        1.43600358850864        0.50245998276470
H            3.09348415189274       -0.23967177618190        0.20617155815611
H            1.42029973985201       -1.95539351693559       -0.13368920375335
H           -1.37055537251361       -1.99630934202851        0.13979392082374
H           -1.42297044002291        2.57749536474120        1.65288985641405
H           -1.46862883083885        5.02368960161561        1.61832359968481
H           -0.09669218814941        6.27577333804601       -0.00182936535889
H            1.31158506880318        5.06287434313798       -1.62061900815413
H            1.33803057621755        2.61636105624577       -1.65249266854359
H           -2.77645888037096        0.74424440234354        1.16750330389824
H           -2.64140706349246        1.35836490971437       -0.50096282402666
H           -3.09346503017838       -0.33099468871114       -0.20278334111045
26
 energy: -35.656931750753 gnorm: 0.005274575836 xtb: 6.7.1 (edcfbbe)
C            2.45027655580974        0.58417149210761       -0.14212328138781
N            1.07563302692297        0.15816151668537       -0.08718002634094
C            0.68826459111010       -1.14896137466334       -0.05134864729793
C           -0.66258021678509       -1.16878653838416        0.05632066532419
N           -1.08826919253116        0.12640972968954        0.09045823269917
C           -0.01797120420469        0.93355592564071        0.00113246157177
C           -0.03941851801157        2.38938549528494        0.00029607501109
C           -0.83163711840904        3.08661330093724        0.91524184858708
C           -0.84690231124800        4.46828324276382        0.91102713454341
C           -0.08045202936013        5.17421258025125       -0.00122644218782
C            0.70648043154830        4.49017352383089       -0.91271594086465
C            0.73193142757664        3.10864775175814       -0.91541974382056
C           -2.47486951472811        0.51183223721408        0.14469765686873
H            2.74927723899682        0.81857731916422       -1.16388569844428
H            2.59210746209804        1.46615279528532        0.48086660086327
H            3.08177035675446       -0.22326951066514        0.22217392368401
H            1.40252648650829       -1.94385683629100       -0.11557250583788
H           -1.35313150957326       -1.98428143922071        0.12160137668948
H           -1.40748804719478        2.55786722592026        1.65626378168666
H           -1.45682737710626        4.99690492837575        1.62506055091217
H           -0.09633200880715        6.25185778999218       -0.00181528163794
H            1.30058397733438        5.03575255790459       -1.62733190569981
H            1.32312760442429        2.59628970266940       -1.65586834675791
H           -2.78084493085596        0.73853642648486        1.16613011958537
H           -2.64247492726234        1.38852292571996       -0.47935828216009
H           -3.08225025300646       -0.31427276845574       -0.21875432558881
26
 energy: -35.657137641219 gnorm: 0.003928929387 xtb: 6.7.1 (edcfbbe)
C            2.44943726295836        0.58807139490271       -0.13919901831160
N            1.07705479996400        0.15897261873185       -0.08123898116855
C            0.68919663087065       -1.14760662232542       -0.04652749738388
C           -0.66355293273333       -1.16746634839761        0.05146784061579
N           -1.08971584295416        0.12716964146634        0.08450790958106
C           -0.01796747273453        0.93325922058529        0.00113091808307
C           -0.03939445186083        2.38770548127040        0.00029369647670
C           -0.82654954717231        3.08473969774269        0.92061824757482
C           -0.84149364894774        4.46609235203080        0.91690628504109
C           -0.08041183383943        5.17171110821134       -0.00122755259464
C            0.70114273875621        4.48781580998908       -0.91859964174162
C            0.72690012232592        3.10661750274602       -0.92080299216695
C           -2.47414702787030        0.51574844672523        0.14179327813084
H            2.75064637898209        0.80639856138637       -1.16493122589372
H            2.58941528944568        1.48285666240454        0.46752422244574
H            3.08347269498970       -0.21071679416219        0.24064134787400
H            1.39685459818648       -1.94900538763409       -0.10311414225153
H           -1.34730986877443       -1.98928000531162        0.10910541197717
H           -1.39792364835813        2.55166624904883        1.66287783093355
H           -1.45030305327348        4.99307855390618        1.63355358560839
H           -0.09628908871436        6.24929845356860       -0.00181687740996
H            1.29417748233980        5.03172422817387       -1.63582977555645
H            1.31374781385878        2.58979929182861       -1.66248509603724
H           -2.78183364979071        0.72630934119848        1.16722479248081
H           -2.64029635700815        1.40531858292389       -0.46599729978874
H           -3.08432738864577       -0.30179804101014       -0.23720526651816
26
 energy: -35.657427593902 gnorm: 0.007213914367 xtb: 6.7.1 (edcfbbe)
C            2.44790314380606        0.59511105112635       -0.13078410166796
N            1.07946872353359        0.15735384813240       -0.06785691274700
C            0.69066357444450       -1.14902038766809       -0.03924209206788
C           -0.66498133115857       -1.16893311568499        0.04410229464069
N           -1.09208663810315        0.12545915705883        0.07109756801987
C           -0.01793677022280        0.93101745312377        0.00113082881892
C           -0.03938537547896        2.38707066246818        0.00029201605550
C           -0.81376682440856        3.08275566289490        0.93356830281059
C           -0.82930959498773        4.46420949834060        0.92951090809965
C           -0.08035809258050        5.16852550979007       -0.00123593492662
C            0.68902684642854        4.48555093509030       -0.93122205886646
C            0.71418147592160        3.10423425385432       -0.93376348435765
C           -2.47282469313918        0.52280935650992        0.13343054748467
H            2.75489989341535        0.76791445022913       -1.16643721070853
H            2.57662664051870        1.52227824813780        0.43313557987014
H            3.08911802913071       -0.17827117657041        0.29379064046798
H            1.38519099570831       -1.96309245017154       -0.07951129856811
H           -1.33523564292363       -2.00305502299325        0.08540291277237
H           -1.37178280701032        2.54114983025011        1.68187239060382
H           -1.42854566235597        4.98955606774998        1.65684491366543
H           -0.09623572338925        6.24662958599990       -0.00182684596038
H            1.27254050340984        5.02752261602378       -1.65914161953568
H            1.28792251353728        2.57847950158890       -1.68148154469957
H           -2.78489181387834        0.68767690793079        1.16886419691321
H           -2.62872941078081        1.44514634834293       -0.43155602910107
H           -3.09094195943666       -0.26959879155459       -0.29031396701599
26
 energy: -35.657543789036 gnorm: 0.006480048654 xtb: 6.7.1 (edcfbbe)
C            2.44733331958302        0.59691077233165       -0.12627084455708
N            1.07963839378184        0.15594713997276       -0.06401749697055
C            0.69090440639693       -1.15055340647530       -0.03795303044946
C           -0.66517855438640       -1.17047524163839        0.04277527016772
N           -1.09221831925304        0.12404095730928        0.06724577065941
C           -0.01791998791838        0.92974612774567        0.00113322621905
C           -0.03938965951607        2.38729970416318        0.00029449364742
C           -0.80598683240407        3.08222596499410        0.94038343458660
C           -0.82116111446849        4.46402567321237        0.93646981201622
C           -0.08034251474164        5.16771914099411       -0.00124107517300
C            0.68089188409856        4.48511148270381       -0.93818824790141
C            0.70642064432971        3.10346034472930       -0.94057735091242
C           -2.47231011542805        0.52461190927558        0.12894121654382
H            2.75977518711829        0.74878552684509       -1.16341081202429
H            2.56752484784818        1.53532773778442        0.41906154714668
H            3.08981199094218       -0.16370647207639        0.31909003055729
H            1.38287983056123       -1.96670117303467       -0.07343169457318
H           -1.33281888507706       -2.00660469264543        0.07926893524670
H           -1.35814542089881        2.53939135685871        1.69231320000535
H           -1.41468356998426        4.99009898417893        1.66818825821820
H           -0.09622313659954        6.24612745631124       -0.00183589521985
H            1.25867336552891        5.02763109256040       -1.67049697542629
H            1.27434162295137        2.57629440119488       -1.69191634792240
H           -2.78917444556447        0.66839208659247        1.16589476844351
H           -2.62003833378371        1.45846843580790       -0.41745766450341
H           -3.09207460311614       -0.25509530969555       -0.31559252782475
26
 energy: -35.657764852629 gnorm: 0.004081304843 xtb: 6.7.1 (edcfbbe)
C            2.44662587489143        0.59889415365982       -0.11757086592568
N            1.07900320179252        0.15372802153565       -0.05998475805848
C            0.69098850431726       -1.15305412043552       -0.03681316419348
C           -0.66519095364772       -1.17298180012399        0.04156162984544
N           -1.09152424602173        0.12183189632769        0.06319432740169
C           -0.01789339246432        0.92766044162120        0.00114193884386
C           -0.03939354825095        2.38744108682858        0.00030515422335
C           -0.79058873443712        3.08093175123960        0.95269089039856
C           -0.80518450435011        4.46333865378534        0.94873504424026
C           -0.08031377466164        5.16612434969796       -0.00125345230857
C            0.66495032078930        4.48392171109426       -0.95046612972849
C            0.69106871780777        3.10168086756603       -0.95287225605525
C           -2.47166496128560        0.52658921830736        0.12028406586741
H            2.77330531060111        0.70999841491294       -1.15439317437601
H            2.54885607155068        1.55657227823366        0.39239269974497
H            3.08657385438812       -0.13834188991659        0.36778732698093
H            1.38378169884818       -1.96780314351186       -0.06781608507857
H           -1.33368683860732       -2.00774509254550        0.07353902929936
H           -1.33203134294449        2.53925134628659        1.71276607057621
H           -1.38446038311723        4.99197419445943        1.68992879952346
H           -0.09619690486965        6.24484602285892       -0.00185781558893
H            1.22841927933752        5.02855716123787       -1.69226128759645
H            1.24824106951616        2.57532808835928       -1.71234852609167
H           -2.80151033972181        0.62918115295782        1.15698026441287
H           -2.60203983879821        1.48026995416847       -0.39074711672967
H           -3.08960414066207       -0.22971471860485       -0.36425260962725
26
 energy: -35.657930441520 gnorm: 0.005418839313 xtb: 6.7.1 (edcfbbe)
C            2.44619076339114        0.60103807228555       -0.10669111859367
N            1.07853686569426        0.15292704404529       -0.05575066089051
C            0.69111325049736       -1.15394478841828       -0.03432671876155
C           -0.66527418355538       -1.17388543771712        0.03899002433167
N           -1.09103526921542        0.12102895876022        0.05894822145466
C           -0.01787698757957        0.92618966334324        0.00115661873512
C           -0.03939377324101        2.38632184860455        0.00031773752346
C           -0.77183637874180        3.07862975053813        0.96727696092024
C           -0.78505942613227        4.46124301149829        0.96403481032335
C           -0.08026254561708        5.16344430108762       -0.00126409035608
C            0.64489907867483        4.48118764090414       -0.96578156077886
C            0.67235524707554        3.09878223513712       -0.96745514416152
C           -2.47129332749406        0.52871592913220        0.10945189092328
H            2.79266018161675        0.66067561443573       -1.14251027736451
H            2.52983825007234        1.58479414623587        0.35709615272237
H            3.07921478478631       -0.10905818239300        0.42905419516505
H            1.38772963853205       -1.96537257867358       -0.06288247678386
H           -1.33768684228305       -2.00544901328805        0.06846333882009
H           -1.30032271717323        2.53849581151212        1.73738679814486
H           -1.34694791180258        4.99183970783483        1.71699483921414
H           -0.09612902630633        6.24205561332725       -0.00187401825990
H            1.19095391152366        5.02723118848816       -1.71934609958159
H            1.21653852138440        2.57355687712372       -1.73694406328395
H           -2.81935787261861        0.57925876545064        1.14521960997688
H           -2.58389010867663        1.50907585935638       -0.35540520110621
H           -3.08313412281148       -0.20030203861083       -0.42548976833312
26
 energy: -35.658041094703 gnorm: 0.003261229237 xtb: 6.7.1 (edcfbbe)
C            2.44653020176139        0.60066077732446       -0.09719889848063
N            1.07790393726054        0.15330846190176       -0.05511233928004
C            0.69076851851186       -1.15406812728588       -0.03381033115700
C           -0.66492438271503       -1.17400535371293        0.03841677062379
N           -1.09041675164677        0.12142005155529        0.05831147177348
C           -0.01787920917286        0.92606958433118        0.00117182955814
C           -0.03938440878493        2.38565994659780        0.00033816598152
C           -0.75636775781751        3.07759163229879        0.97831541824822
C           -0.76816084910667        4.46020499356504        0.97601113167465
C           -0.08024275114362        5.16242211984443       -0.00127438745905
C            0.62804626776451        4.47961831082914       -0.97776291611694
C            0.65693119672556        3.09725575339249       -0.97846151725954
C           -2.47162445399471        0.52830322420382        0.09998662414353
H            2.81049120589235        0.62855925718346       -1.12564907767369
H            2.52084482633352        1.59581816966175        0.33560675368299
H            3.06969537757043       -0.09003479731368        0.46918343040913
H            1.39522500596260       -1.95906655599212       -0.06543413995147
H           -1.34536117070788       -1.99937152322654        0.07091402221559
H           -1.27480307316820        2.53961734587033        1.75658555161545
H           -1.31544115985972        4.99181701579968        1.73851008508891
H           -0.09609959641932        6.24072835681262       -0.00189229515431
H            1.15946438593887        5.02621542854849       -1.74088805024167
H            1.19098097999374        2.57386381796036       -1.75611829652239
H           -2.83622150823933        0.54658947524712        1.12842540754305
H           -2.57523186572357        1.52036633752931       -0.33389766057820
H           -3.07419296521506       -0.18106370292592       -0.46560675268371
26
 energy: -35.658061669140 gnorm: 0.005301308030 xtb: 6.7.1 (edcfbbe)
C            2.44632194785659        0.60184034954371       -0.08797550284899
N            1.07827843759733        0.15410112013310       -0.05107354616435
C            0.69087858497811       -1.15356260163370       -0.03040952558699
C           -0.66505745886245       -1.17351184186690        0.03495331542409
N           -1.09082033837131        0.12219075848117        0.05426644627346
C           -0.01788210597278        0.92605004378524        0.00118197499482
C           -0.03936351485786        2.38477140889060        0.00035433842416
C           -0.74047287055888        3.07660068775657        0.99010980317106
C           -0.75169488647494        4.45898220066052        0.98802306600298
C           -0.08021780864050        5.16091473142688       -0.00128484055184
C            0.61163406797428        4.47788341399640       -0.98978144684328
C            0.64109820566296        3.09576944568181       -0.99022840674837
C           -2.47145760163032        0.52946447779072        0.09079305865407
H            2.82753992405287        0.58757634908859       -1.11357415144273
H            2.51187918641492        1.61807129750702        0.30428937568094
H            3.06143944244534       -0.06540354674397        0.51981612451649
H            1.39767747890843       -1.95712993864316       -0.06140077197081
H           -1.34787429844916       -1.99752119082270        0.06678629171246
H           -1.24694107161589        2.53694118584490        1.77576130373734
H           -1.28461255960191        4.98999484358202        1.76126215826382
H           -0.09607666882635        6.23899909578564       -0.00191537042307
H            1.12869900120248        5.02343352626038       -1.76366687102334
H            1.16321750192070        2.57031838175028       -1.77526839524415
H           -2.85203604719593        0.50507947345649        1.11643942093766
H           -2.56695023938285        1.54289808106280       -0.30256260410957
H           -3.06667630857267       -0.15627175277413       -0.51622524483609
26
 energy: -35.658096301607 gnorm: 0.001192482384 xtb: 6.7.1 (edcfbbe)
C            2.44649394869323        0.60100530731967       -0.08928199112682
N            1.07857098279932        0.15475591387202       -0.05170950199997
C            0.69082895460259       -1.15301862935267       -0.03038291229515
C           -0.66502280011493       -1.17296437632452        0.03495041208079
N           -1.09112972824849        0.12284022201527        0.05490810581643
C           -0.01789113816238        0.92678226830613        0.00117989676873
C           -0.03937041452324        2.38521470044214        0.00034828471348
C           -0.74268715305079        3.07760002290177        0.98790220331548
C           -0.75417670024941        4.45983326925986        0.98565339471293
C           -0.08023408063079        5.16187782620982       -0.00128109957795
C            0.61408598190140        4.47881541197841       -0.98740968806657
C            0.64327708969905        3.09684162395998       -0.98803323775284
C           -2.47160494019754        0.52863189662175        0.09208591070552
H            2.82497170582643        0.59510526528645       -1.11338065365412
H            2.51767573803512        1.61198943220071        0.30952096434352
H            3.06114284144908       -0.06977953587649        0.50998935551192
H            1.39665727950283       -1.95751651680527       -0.06242245300332
H           -1.34684272983436       -1.99787392826369        0.06784349675606
H           -1.25022721052155        2.53655382584244        1.77171580903893
H           -1.28965408025279        4.98972175349977        1.75726613361628
H           -0.09609935798339        6.23997889675928       -0.00191242843227
H            1.13374755537252        5.02332408424405       -1.75965682932147
H            1.16652801749669        2.57004410470199       -1.77122036288532
H           -2.84970582042376        0.51269240286442        1.11621826212803
H           -2.57255768604888        1.53664712629429       -0.30780751433574
H           -3.06624625513574       -0.16062236795731       -0.50641355705674
26
 energy: -35.658109364438 gnorm: 0.001375697830 xtb: 6.7.1 (edcfbbe)
C            2.44675683226798        0.60039679694131       -0.08575189324422
N            1.07875551727916        0.15549610807253       -0.05065286151735
C            0.69071392995657       -1.15257049552511       -0.02944822039469
C           -0.66492104624741       -1.17251128472527        0.03401836987074
N           -1.09133503272576        0.12357654795653        0.05385048599348
C           -0.01789897627515        0.92739499691601        0.00117943880975
C           -0.03937919664273        2.38593216044429        0.00034848011462
C           -0.73601956472165        3.07847482103162        0.99267215388465
C           -0.74697196132083        4.46068716475753        0.99084428362749
C           -0.08024940709895        5.16253166016499       -0.00128328733913
C            0.60685811428491        4.47945130963215       -0.99259820401842
C            0.63659065437990        3.09751531939733       -0.99280244085301
C           -2.47185057934174        0.52801536225660        0.08855244134398
H            2.83265314638906        0.57781426166879       -1.10674928343985
H            2.51655709986815        1.61717992996796        0.29722324530467
H            3.05698700505477       -0.05970950552596        0.52946727697598
H            1.39613609714759       -1.95744137088586       -0.06164653149431
H           -1.34632400515861       -1.99778159498056        0.06707066487597
H           -1.23815431052468        2.53545271050727        1.77874665726397
H           -1.27787660657787        4.98970827036351        1.76607138518078
H           -0.09611930452538        6.24071637084346       -0.00191595340777
H            1.12197593685959        5.02295541340735       -1.76845499783217
H            1.15450446813292        2.56858244513567       -1.77824355763972
H           -2.85687421262510        0.49519247566023        1.10959857382148
H           -2.57159445091006        1.54187689712764       -0.29552851073079
H           -3.06239014692446       -0.15045677060974       -0.52589771515634
26
 energy: -35.658116764337 gnorm: 0.001411447097 xtb: 6.7.1 (edcfbbe)
C            2.44713122822594        0.59998568106162       -0.08278573591276
N            1.07873424419794        0.15568245276094       -0.04959528679910
C            0.69074464160805       -1.15246826906645       -0.02892508394252
C           -0.66495799598281       -1.17240698818379        0.03350487991588
N           -1.09131670553438        0.12376733232698        0.05279548541967
C           -0.01789751051249        0.92752236305824        0.00118127701717
C           -0.03938539803398        2.38664585951044        0.00034950765780
C           -0.73058387651476        3.07896483043370        0.99654769215877
C           -0.74160058661771        4.46129203838865        0.99443195309794
C           -0.08025859295321        5.16276701170497       -0.00128353642103
C            0.60146606442703        4.47989718302129       -0.99618615567733
C            0.63114964265297        3.09784454227201       -0.99667463410970
C           -2.47220876166967        0.52759986977696        0.08558112016461
H            2.83931122510597        0.55950543447188       -1.10102432906931
H            2.51364215896238        1.62359834845412        0.28361536467647
H            3.05373326150686       -0.04917904961132        0.54784379077003
H            1.39514765717260       -1.95805798448767       -0.05990255322997
H           -1.34532271077549       -1.99836544723399        0.06534764840379
H           -1.22791587764995        2.53530020084639        1.78522989838637
H           -1.26742509649759        4.99059142573254        1.77333463876690
H           -0.09613594250807        6.24107593257634       -0.00191860747511
H            1.11149131097094        5.02353016625272       -1.77572339301480
H            1.14427945987908        2.56812878591301       -1.78472986139184
H           -2.86299852098256        0.47667748099179        1.10389653647656
H           -2.56885299981680        1.54842364491430       -0.28192004862174
H           -3.05944031866005       -0.13984284588537       -0.54432056724698
26
 energy: -35.658121183621 gnorm: 0.000635227536 xtb: 6.7.1 (edcfbbe)
C            2.44745251830550        0.59972376536544       -0.08261787759819
N            1.07864177828197        0.15572293933590       -0.04951115530560
C            0.69083240748192       -1.15230436407284       -0.02902561005384
C           -0.66505364355869       -1.17224089201099        0.03365433042055
N           -1.09122406835812        0.12381781771957        0.05270157782061
C           -0.01789707513706        0.92761129384335        0.00115801807195
C           -0.03939224788186        2.38715690281742        0.00033444594817
C           -0.72896737298464        3.07925686848083        0.99769977674666
C           -0.73985688362077        4.46170228553502        0.99566724151377
C           -0.08026971176152        5.16308242900471       -0.00126992652028
C            0.59970481688909        4.48027472675584       -0.99740484800301
C            0.62952731074359        3.09810810643514       -0.99783746263799
C           -2.47251841091278        0.52734102373917        0.08538282362371
H            2.84217886849535        0.55022295336309       -1.09890624112494
H            2.51265444396798        1.62558662237107        0.27573589712578
H            3.05199709577335       -0.04390317308859        0.55508894245890
H            1.39406280759950       -1.95878101652101       -0.05876804022502
H           -1.34422404245279       -1.99904879774347        0.06428165852584
H           -1.22544561690018        2.53593213593044        1.78685088160549
H           -1.26553082221273        4.99141718880459        1.77407032845223
H           -0.09614922050474        6.24146402673644       -0.00189317148815
H            1.10957031424766        5.02433672096636       -1.77642615311362
H            1.14180638061923        2.56872388811922       -1.78636386232505
H           -2.86557618372317        0.46743418228720        1.10172288692992
H           -2.56793440227990        1.55038062022283       -0.27415597323374
H           -3.05785904011595       -0.13453825439643       -0.55149848761440
