18
 energy: -26.487828115328 gnorm: 0.112580922218 xtb: 6.7.1 (edcfbbe)
N            1.02795000000000        0.10491000000000       -0.35411000000000
N            0.34489000000000       -0.94131000000000       -1.02705000000000
C            0.55160000000000       -2.28579000000000       -0.78339000000000
C           -0.27777000000000       -2.91240000000000       -1.66722000000000
N           -0.90242000000000       -1.87881000000000       -2.36059000000000
N           -0.51665000000000       -0.66308000000000       -1.98539000000000
C           -1.88135000000000       -2.00294000000000       -3.44176000000000
C           -3.25375000000000       -1.79907000000000       -2.87494000000000
C           -4.08826000000000       -0.81289000000000       -3.23260000000000
H            0.52075000000000        0.98399000000000       -0.43942000000000
H            1.25516000000000       -0.11763000000000        0.61166000000000
H            1.25534000000000       -2.59892000000000       -0.03697000000000
H           -0.50993000000000       -3.93254000000000       -1.90823000000000
H           -1.64033000000000       -1.27284000000000       -4.22273000000000
H           -1.80327000000000       -3.00297000000000       -3.88161000000000
H           -3.58978000000000       -2.51751000000000       -2.13074000000000
H           -5.07656000000000       -0.72965000000000       -2.78552000000000
H           -3.82375000000000       -0.06567000000000       -3.97635000000000
18
 energy: -26.498372748627 gnorm: 0.044989288261 xtb: 6.7.1 (edcfbbe)
N            1.01669703722065        0.08912443742843       -0.36545617286326
N            0.34389393259814       -0.93418705666078       -0.99833329466561
C            0.54180489403165       -2.26501572516893       -0.78354092766243
C           -0.28134028007558       -2.88637677071397       -1.68456727920790
N           -0.89454107859961       -1.88471047276136       -2.37584582023257
N           -0.51112024648190       -0.69933432623191       -1.95451194468808
C           -1.88534127006538       -2.00364627322734       -3.43545005216146
C           -3.26276202934905       -1.79550037851374       -2.87392046421599
C           -4.07783601276015       -0.81623987484033       -3.22762872682500
H            0.52712475630016        0.97382800027160       -0.46651025513953
H            1.25326886904727       -0.12383162200924        0.59799088667325
H            1.23736148303456       -2.60086930583879       -0.04175426297036
H           -0.50207571158162       -3.90972430384783       -1.91205913062701
H           -1.65379968089008       -1.25704696340932       -4.19947071385150
H           -1.79851351580055       -3.00173272652858       -3.87524635480878
H           -3.58500007817899       -2.51680279095901       -2.13349501982611
H           -5.06336124689226       -0.73398110062487       -2.79762787926182
H           -3.81258982155724       -0.07907274636402       -3.96953258766586
18
 energy: -26.500672163605 gnorm: 0.012333808014 xtb: 6.7.1 (edcfbbe)
N            0.99431437899684        0.07363457811832       -0.37618606960979
N            0.33860148687399       -0.93093173872134       -0.98099985003392
C            0.52869890076429       -2.25524510216251       -0.78114529526629
C           -0.28424250811007       -2.87048262573403       -1.70005736685335
N           -0.88874067661546       -1.88449441159219       -2.38142162293297
N           -0.51007265448807       -0.71626811403592       -1.93659473818019
C           -1.88299234519437       -1.99725771582064       -3.42697066025694
C           -3.26566800791041       -1.79701245803887       -2.86564482290962
C           -4.07386721472706       -0.82365115572239       -3.22971121006883
H            0.53934360682236        0.97369798208052       -0.50523874966225
H            1.24929354812318       -0.12191695535552        0.58598971774041
H            1.21184357951006       -2.62324267670395       -0.04263003984029
H           -0.48083741373965       -3.90184390253865       -1.91327680489766
H           -1.66611958822187       -1.23598633675640       -4.17936770618668
H           -1.78902489184896       -2.99263304095919       -3.86822062441278
H           -3.57428723745192       -2.52584574283176       -2.12895968721149
H           -5.05666607275531       -0.73138879641810       -2.80531465558470
H           -3.79770689002756       -0.08425178680738       -3.96120981383267
18
 energy: -26.501000694274 gnorm: 0.009230559611 xtb: 6.7.1 (edcfbbe)
N            0.98673709952835        0.07265592176145       -0.37653891445651
N            0.33349961983141       -0.93299091541873       -0.97585693837547
C            0.52358373329213       -2.25862038159810       -0.77817489685257
C           -0.28623110611440       -2.87221279890661       -1.70262703362947
N           -0.88924001069054       -1.88425367904410       -2.38177799610637
N           -0.51596312041248       -0.71583073537438       -1.93142626932048
C           -1.88185810576597       -1.99226651717192       -3.42643626194702
C           -3.26436619941046       -1.79814949716118       -2.85922891984865
C           -4.06954432524455       -0.82058565373909       -3.22207881554931
H            0.55105936212426        0.97962453929174       -0.52375529737638
H            1.25477745729683       -0.10994233869634        0.58461466320000
H            1.20004821051632       -2.64092209215079       -0.04105139418182
H           -0.46793297694785       -3.90735082394496       -1.91143432350837
H           -1.67185328369558       -1.22289215643545       -4.17259122425391
H           -1.78707392983743       -2.98392315759169       -3.87527720223668
H           -3.57043635501527       -2.53309297849306       -2.12748112751082
H           -5.06120313636471       -0.73579459217581       -2.81474185042328
H           -3.79213293309006       -0.08857214315098       -3.96109619762292
18
 energy: -26.501191322587 gnorm: 0.006175311279 xtb: 6.7.1 (edcfbbe)
N            0.97575069606131        0.07327281204277       -0.37412474799238
N            0.32711843335884       -0.93625964826705       -0.96882639360206
C            0.51666735895654       -2.26348554743802       -0.77298738969873
C           -0.29082898922602       -2.87483187183020       -1.70374472176974
N           -0.89118644932448       -1.88374899259940       -2.38202452300937
N           -0.52205113359241       -0.71397107655842       -1.92711004331905
C           -1.88023383173116       -1.98468576236676       -3.42779635140565
C           -3.26717949438318       -1.80826529365356       -2.85999940650813
C           -4.07361061580461       -0.83174896453405       -3.22767872069179
H            0.56923643864913        0.98714333032333       -0.55394576089631
H            1.26225234760468       -0.08832527590090        0.58458144137762
H            1.18059352884813       -2.66848270776011       -0.03722603255804
H           -0.44946366084036       -3.91553077699062       -1.90407013811525
H           -1.67959389672598       -1.20314805567504       -4.16362234048092
H           -1.78131966239805       -2.96925384055877       -3.89078956476934
H           -3.56422187831257       -2.54483819357051       -2.12644529494564
H           -5.06003868282101       -0.73087127881720       -2.81096275865735
H           -3.78002050831877       -0.08808885584546       -3.95018725295788
18
 energy: -26.501249153651 gnorm: 0.002547632378 xtb: 6.7.1 (edcfbbe)
N            0.97742062210556        0.07352750741058       -0.37228768632116
N            0.33062187168288       -0.93687802197747       -0.96980361282191
C            0.51717171753107       -2.26340739756959       -0.77212263419177
C           -0.29255739856726       -2.87450923861444       -1.70144422222967
N           -0.89009967789340       -1.88377584269636       -2.38258681693091
N           -0.51619652670279       -0.71404510635448       -1.93062382077654
C           -1.87996341035577       -1.98244086802407       -3.42870460913032
C           -3.26559954640541       -1.80587808274129       -2.85781517307404
C           -4.07223871059752       -0.82797058808979       -3.21992605973437
H            0.57176057544132        0.98402586294553       -0.55813157171647
H            1.26133102233054       -0.08716865855068        0.58565890267447
H            1.17769572389270       -2.66989265017852       -0.03489425714555
H           -0.45266343756531       -3.91474576774285       -1.89923274746751
H           -1.67865360986377       -1.19918688778465       -4.16198680491393
H           -1.78184563539879       -2.96507023541312       -3.89628364529227
H           -3.56452849864070       -2.54778846230760       -2.13059624544693
H           -5.06456488880080       -0.73814375491649       -2.81429676970279
H           -3.78522019219253       -0.09177180739467       -3.95188222577835
18
 energy: -26.501270329568 gnorm: 0.001340372815 xtb: 6.7.1 (edcfbbe)
N            0.97982749726534        0.07302217410711       -0.37191015095975
N            0.33278266617976       -0.93717981590969       -0.97017344042308
C            0.51514275942608       -2.26310061983369       -0.77008755061772
C           -0.29555473734502       -2.87386665058821       -1.69908140703949
N           -0.88936696701310       -1.88333965588288       -2.38301325420926
N           -0.51184320520379       -0.71392410503861       -1.93270988311345
C           -1.87884070998729       -1.98014475695702       -3.43034757024342
C           -3.26479312075351       -1.80698597393571       -2.85974409255144
C           -4.07408868827848       -0.83032182814299       -3.21842988668313
H            0.57716069949096        0.98279079416207       -0.56432239226947
H            1.26052490796302       -0.08697594819198        0.58633562933819
H            1.17330335243818       -2.66999409990500       -0.03132110766644
H           -0.45850270578059       -3.91353587913973       -1.89573421277264
H           -1.67677654910186       -1.19434555625540       -4.16060949469225
H           -1.77902051881988       -2.96101335273659       -3.90138540321327
H           -3.56272390115318       -2.55103363619118       -2.13433790367051
H           -5.06635584226201       -0.74433802138967       -2.81234366808771
H           -3.78900493706462       -0.09083306817083       -3.94774421112518
18
 energy: -26.501312624878 gnorm: 0.002897420568 xtb: 6.7.1 (edcfbbe)
N            0.98916071121698        0.07033775985826       -0.37201542346596
N            0.33831146569349       -0.93818327892714       -0.96993935395735
C            0.50625867191020       -2.26330410434637       -0.76202616190412
C           -0.30705157010646       -2.87191660332160       -1.69086800843768
N           -0.88724739429230       -1.88028027473568       -2.38350609060445
N           -0.49900304535895       -0.71188838843856       -1.93782115426471
C           -1.87421388249114       -1.97000106950858       -3.43532793237502
C           -3.26196651057544       -1.81256709902664       -2.86658855546134
C           -4.08135887186296       -0.84095204289323       -3.21546284847864
H            0.60137282516840        0.98076028572525       -0.58739648964644
H            1.26058166670720       -0.08577735850432        0.58853301682983
H            1.15711838659455       -2.67250569716102       -0.01836974111352
H           -0.48020547493845       -3.91022480253800       -1.88452359731226
H           -1.67170387771347       -1.17334987903435       -4.15381768188285
H           -1.76687264413098       -2.94408815408911       -3.91913402075011
H           -3.55542332872208       -2.56457087030114       -2.14738225447787
H           -5.07254597502838       -0.76674709055618       -2.80544623754833
H           -3.80334115207017       -0.08986133220157       -3.93586746514919
18
 energy: -26.501335889701 gnorm: 0.002758207444 xtb: 6.7.1 (edcfbbe)
N            0.99511046927455        0.06847583651897       -0.37339896138237
N            0.34034885601650       -0.93823865785785       -0.96961307193269
C            0.50066275263646       -2.26384290986522       -0.75769888550107
C           -0.31334924596263       -2.87052351635224       -1.68717667475266
N           -0.88647008141190       -1.87745061760973       -2.38372853855810
N           -0.49353744775398       -0.70987553365621       -1.93996307265103
C           -1.87167480408735       -1.96408439173950       -3.43747272259076
C           -3.26044125044705       -1.81591351536806       -2.86924716051880
C           -4.08460386279796       -0.84683033315099       -3.21418394902684
H            0.61599185769892        0.98042320837603       -0.59664205580235
H            1.26276049574912       -0.08529795228998        0.58872516431239
H            1.14790642868037       -2.67443556502440       -0.01140753805340
H           -0.49227277904903       -3.90833453400178       -1.87925751714410
H           -1.67084741931498       -1.16173471212333       -4.15009858434036
H           -1.76004934342661       -2.93458633179261       -3.92755521506202
H           -3.55094804132495       -2.57236820172635       -2.15335849865727
H           -5.07658034705717       -0.78009867320326       -2.80441121179498
H           -3.81013623742226       -0.09040359913347       -3.93047150654359
18
 energy: -26.501376524360 gnorm: 0.001727321149 xtb: 6.7.1 (edcfbbe)
N            1.00571640735417        0.06505987566574       -0.37603669590207
N            0.34342429464391       -0.93779172055433       -0.96937143470538
C            0.49155748817662       -2.26469681569488       -0.75136254566514
C           -0.32343185029246       -2.86775303903104       -1.68187020378970
N           -0.88519256941378       -1.87194016250046       -2.38442348305161
N           -0.48483394021027       -0.70604642915881       -1.94375444025383
C           -1.86780901261000       -1.95472677886982       -3.44037456403202
C           -3.25829735287856       -1.82160829458172       -2.87282726475205
C           -4.08954700376172       -0.85668463755863       -3.21302810726461
H            0.64006951984631        0.98033941621487       -0.60699464180344
H            1.26675950184246       -0.08550130900751        0.58900328375635
H            1.13352937594632       -2.67674428911869       -0.00094432676746
H           -0.51240945993461       -3.90470790720092       -1.87154895983933
H           -1.67132948969650       -1.14390240770378       -4.14439680341684
H           -1.74936123575919       -2.91966108158211       -3.93968172741546
H           -3.54357045185681       -2.58468523745078       -2.16176929168749
H           -5.08241768587723       -0.80061186069689       -2.80326549083589
H           -3.82098653551863       -0.09345732117020       -3.92431330257406
18
 energy: -26.501456843957 gnorm: 0.003242466004 xtb: 6.7.1 (edcfbbe)
N            1.03551060594528        0.05546815448583       -0.38228682070665
N            0.35274230603959       -0.93632530213267       -0.96952080103590
C            0.46763040243639       -2.26624006750750       -0.73538034275550
C           -0.35067505360200       -2.85938809640255       -1.66816244033975
N           -0.88190109222857       -1.85661018569593       -2.38705509138114
N           -0.46049927004207       -0.69561178480220       -1.95474370048038
C           -1.85822815695124       -1.93023817155661       -3.44809086878507
C           -3.25319406519734       -1.83658190108106       -2.88114712085729
C           -4.10281275789592       -0.88305346043540       -3.20980397097794
H            0.70458418647393        0.98024642339364       -0.63067791349662
H            1.27749699669568       -0.08671083547519        0.59024953625762
H            1.09454224919511       -2.68271585411222        0.02611281681789
H           -0.56509124825472       -3.89385809339323       -1.85034451505643
H           -1.67454264124097       -1.09750345500165       -4.12997114360548
H           -1.72202657774445       -2.88038006590733       -3.97189263250253
H           -3.52384438036072       -2.61695434103294       -2.18273906379100
H           -5.09899396946213       -0.85536068316588       -2.80271283252459
H           -3.84882753380576       -0.10330228017708       -3.90879309477926
18
 energy: -26.501503217125 gnorm: 0.004806307932 xtb: 6.7.1 (edcfbbe)
N            1.05861408704574        0.04850990353992       -0.38735342443726
N            0.36063107034553       -0.93488027758033       -0.97040591322380
C            0.45089807149278       -2.26572296190443       -0.72457977405584
C           -0.37114511212170       -2.85195422200805       -1.65775216858113
N           -0.88015105022933       -1.84530796213525       -2.38844881275424
N           -0.44256441101199       -0.68822799803542       -1.96241856316996
C           -1.85180475206481       -1.91264226357827       -3.45337148038392
C           -3.24984353925214       -1.84750228418998       -2.88818653949829
C           -4.11269579912065       -0.90272245023485       -3.20801127241501
H            0.74843689733214        0.97733394529953       -0.64415112333126
H            1.28787634921385       -0.08898888903383        0.58949788705755
H            1.06590349115394       -2.68551932621386        0.04513159134384
H           -0.60360309907768       -3.88412522906101       -1.83335953128312
H           -1.67676633794566       -1.06541102232980       -4.11951275760394
H           -1.70289638277938       -2.85163594240251       -3.99419043316992
H           -3.50991260433805       -2.64075585555667       -2.20002075311062
H           -5.11018150691807       -0.89463214596071       -2.80252929700746
H           -3.86892537172442       -0.11093501861444       -3.89729763437564
18
 energy: -26.501557272417 gnorm: 0.006069110077 xtb: 6.7.1 (edcfbbe)
N            1.09330021100157        0.03710236482458       -0.39388472740136
N            0.37216190132222       -0.93333774771853       -0.97074404129681
C            0.42590935122748       -2.26399928050591       -0.70853430985033
C           -0.40199058058397       -2.83985462890127       -1.64253236977906
N           -0.87846193452158       -1.82868995240120       -2.38983045773687
N           -0.41520826751924       -0.67814377134897       -1.97351134168345
C           -1.84320770334784       -1.88641297421948       -3.46064538983343
C           -3.24539308167316       -1.86379255562054       -2.89929015117766
C           -4.12745462742932       -0.93209898015972       -3.20500820490653
H            0.81538315296041        0.97331807165396       -0.66588802407631
H            1.30404344650240       -0.09186885516782        0.58883844068709
H            1.02226410480795       -2.69003764034477        0.07260166485151
H           -0.65840172545586       -3.86814648653269       -1.80811803389261
H           -1.68090354958793       -1.01828875407198       -4.10295491552178
H           -1.67534556507993       -2.80792664113822       -4.02669123907079
H           -3.48959479115824       -2.67664513542328       -2.22785605964484
H           -5.12714704124607       -0.95389644744885       -2.80427281818291
H           -3.89808330021876       -0.12240058547528       -3.87863802148392
18
 energy: -26.501613077679 gnorm: 0.005186624450 xtb: 6.7.1 (edcfbbe)
N            1.12026818847904        0.02873764189369       -0.39981725760748
N            0.38163581282045       -0.93187269150377       -0.97190675437942
C            0.40944569465234       -2.26035805178952       -0.69837839955331
C           -0.42479014991805       -2.82909403497226       -1.63089078763142
N           -0.87880321292639       -1.81650064035857       -2.38917338154000
N           -0.39655785317836       -0.67144255057366       -1.98004994405021
C           -1.83830200712692       -1.86824308489348       -3.46460918418102
C           -3.24278982412746       -1.87552075144884       -2.90902774995945
C           -4.13786849097764       -0.95350178010423       -3.20421158038133
H            0.85798284481343        0.96617990533072       -0.67479216346582
H            1.32137902982461       -0.09613670273284        0.58507072816500
H            0.99216900711049       -2.69024727224721        0.09032943208460
H           -0.69815892347970       -3.85376923601815       -1.78825585827381
H           -1.68443325943002       -0.98752287985546       -4.09037212076392
H           -1.65671700723024       -2.77655761611457       -4.04667100027578
H           -3.47642139731883       -2.70253127414445       -2.25176369959409
H           -5.13842903980659       -0.99659168430877       -2.80844256673765
H           -3.91773941217997       -0.13014729615861       -3.86399771185492
18
 energy: -26.501664278057 gnorm: 0.002657647414 xtb: 6.7.1 (edcfbbe)
N            1.14854164531447        0.01819170177844       -0.40375892640907
N            0.39277038642094       -0.93186110501864       -0.97193508121950
C            0.39246405217440       -2.25623870123774       -0.68675607787076
C           -0.44916505013130       -2.81705328997264       -1.61813347431677
N           -0.87930692578305       -1.80381337807641       -2.38751482461487
N           -0.37426041039044       -0.66542249393053       -1.98714196311231
C           -1.83415319787196       -1.84793900715985       -3.46786100139866
C           -3.24065370833117       -1.88788475325883       -2.92017031035031
C           -4.14994723376775       -0.97657145430461       -3.20297014946574
H            0.90699266930892        0.95971317182443       -0.69134831135035
H            1.33799976055590       -0.09945104736594        0.58353593389556
H            0.95997208535508       -2.69224523203467        0.10870596286893
H           -0.73801723104254       -3.83749881253724       -1.76655088351072
H           -1.68916662976364       -0.95290417400886       -4.07449021194759
H           -1.63718455523590       -2.74086981708258       -4.06810448726095
H           -3.46369534007703       -2.73099904555607       -2.28061062605114
H           -5.15122441408760       -1.04309794514507       -2.81446023747573
H           -3.94009590264713       -0.13917461691315       -3.84739533041007
18
 energy: -26.501689750630 gnorm: 0.001923279392 xtb: 6.7.1 (edcfbbe)
N            1.17584735328151        0.00990070398754       -0.40902022708931
N            0.40578398530992       -0.93199925164874       -0.97400653843980
C            0.37804473576954       -2.25252603879218       -0.67582957674492
C           -0.47212204874282       -2.80629333882466       -1.60442364513842
N           -0.87926830849773       -1.79214988394142       -2.38542439007039
N           -0.35251899118668       -0.65983979828879       -1.99444672857196
C           -1.83008417756202       -1.82904715619893       -3.47085612712304
C           -3.23827375576730       -1.89917984604767       -2.93175866746285
C           -4.16159019429795       -0.99786202703313       -3.20231801271174
H            0.94596983971302        0.95068856794067       -0.70444174411259
H            1.35548823435734       -0.10343406176675        0.58003436722175
H            0.93254460875157       -2.69264562443509        0.12607454617785
H           -0.77963790127100       -3.82274540657804       -1.74378753322361
H           -1.69211804759322       -0.92043579315185       -4.05944160537885
H           -1.61798799305511       -2.70782351417472       -4.08767798670466
H           -3.45273142638334       -2.75699488747744       -2.30904079892486
H           -5.16418388238305       -1.08867735147423       -2.82139084807634
H           -3.96129203044241       -0.14405529209453       -3.82920448362629
18
 energy: -26.501674023139 gnorm: 0.004858204923 xtb: 6.7.1 (edcfbbe)
N            1.18417219511501        0.00689461411499       -0.41163566404818
N            0.41180827365620       -0.93392409135946       -0.97420514255756
C            0.37552598672711       -2.24984838942523       -0.67234606550859
C           -0.47915028708918       -2.80096116516880       -1.59901373491991
N           -0.88094430315822       -1.78924782558352       -2.38165405285531
N           -0.34686972524117       -0.66099462829294       -1.99353435211199
C           -1.83071790728825       -1.82286935370633       -3.46936678870165
C           -3.23827959937852       -1.90284858230467       -2.93860987045279
C           -4.16447116514309       -1.00444292772301       -3.20319023045158
H            0.95124414422212        0.94461055596413       -0.70959499333825
H            1.36657972033641       -0.10470975610919        0.57602489295847
H            0.92736002979275       -2.69180065839266        0.12923074270240
H           -0.79259095574820       -3.81472572619332       -1.73498400310932
H           -1.69348465386063       -0.91171389166978       -4.05126819908222
H           -1.61271314631615       -2.69515197484328       -4.08991789841820
H           -3.45273215166194       -2.76614537764155       -2.32621573613748
H           -5.16565475877989       -1.10304153967859       -2.82718581731743
H           -3.96721169618412       -0.14419928198676       -3.81949308665042
18
 energy: -26.501701608061 gnorm: 0.002413900850 xtb: 6.7.1 (edcfbbe)
N            1.20072700820121        0.00143148036037       -0.41541851959593
N            0.41800584729746       -0.93412616344055       -0.97382139056565
C            0.36348577030375       -2.24910370582584       -0.66379405014704
C           -0.49462468907399       -2.79481136092917       -1.59059598208822
N           -0.88061406604831       -1.78145296978441       -2.38102101920973
N           -0.33375416975967       -0.65710012940848       -1.99778482501705
C           -1.82677592411932       -1.80935936516365       -3.47217099105985
C           -3.23617141975229       -1.91118878824832       -2.94544531552528
C           -4.17149019336861       -1.01894637263402       -3.20187307546740
H            0.98236513085994        0.94200332607870       -0.72280642503174
H            1.37676880199430       -0.10534782282715        0.57454237578500
H            0.90717088928172       -2.69448081820224        0.14236786791255
H           -0.82046728687442       -3.80613361995678       -1.72168848726368
H           -1.69521931358573       -0.88761414922121       -4.04115067797829
H           -1.59854351908413       -2.67197427641909       -4.10551681443701
H           -3.44403133643488       -2.78513676123645       -2.34367368624725
H           -5.17327213443710       -1.13298479431601       -2.82911101277322
H           -3.98168939539966       -0.14879370882569       -3.80799797129023
18
 energy: -26.501706708264 gnorm: 0.000880711380 xtb: 6.7.1 (edcfbbe)
N            1.19805916054173        0.00238654733908       -0.41564262536738
N            0.41566420097212       -0.93371029571076       -0.97345351241392
C            0.36352478813230       -2.24997155556323       -0.66441811073957
C           -0.49341873962678       -2.79622751637200       -1.59134599226689
N           -0.88067697441544       -1.78216139768949       -2.38154334849644
N           -0.33552385524181       -0.65688716551067       -1.99827894128431
C           -1.82635610427343       -1.81091719820473       -3.47233416548659
C           -3.23561169062742       -1.91043999393968       -2.94440101606303
C           -4.16996949228165       -1.01703033361382       -3.20148994448403
H            0.97973461247082        0.94324744244387       -0.72116751907502
H            1.37637951811842       -0.10511548452516        0.57421613226681
H            0.90905084473662       -2.69417021181652        0.14140006916698
H           -0.81879838641450       -3.80775441678770       -1.72365140382348
H           -1.69499979424420       -0.89038696145232       -4.04278402205962
H           -1.59942727465776       -2.67461490059612       -4.10425170076658
H           -3.44343890732008       -2.78322515663258       -2.34104584184055
H           -5.17287563547481       -1.13116096825834       -2.82899964304285
H           -3.97944627039384       -0.14698043310982       -3.80776841422355
18
 energy: -26.501708693990 gnorm: 0.000692034036 xtb: 6.7.1 (edcfbbe)
N            1.19663400040330        0.00300763267716       -0.41652454117879
N            0.41417894465579       -0.93336111871700       -0.97286490806090
C            0.36318527171922       -2.25028309436603       -0.66429646856188
C           -0.49320987011197       -2.79687993825684       -1.59121519326340
N           -0.88167036557585       -1.78260320269749       -2.38072357569326
N           -0.33794552192480       -0.65697612752726       -1.99700565625588
C           -1.82613169272214       -1.81146371324908       -3.47202864170119
C           -3.23593833212800       -1.91155003249309       -2.94480287781787
C           -4.16899141102056       -1.01661693538849       -3.20151016357932
H            0.97892350176220        0.94398768044271       -0.72129378956347
H            1.37946721727136       -0.10475301683411        0.57257441674169
H            0.90977553612047       -2.69390984829733        0.14145819610891
H           -0.81885885204895       -3.80843198873046       -1.72365177257278
H           -1.69540940221207       -0.88960540917270       -4.04135573629093
H           -1.59829738647900       -2.67455101065958       -4.10519754175288
H           -3.44449610577113       -2.78536541973600       -2.34299112965075
H           -5.17144922369776       -1.12920386608233       -2.82858363511142
H           -3.97789630823983       -0.14656059091208       -3.80694698179591
