18
 energy: -28.319563671812 gnorm: 0.079151733568 xtb: 6.7.1 (edcfbbe)
C            1.08372000000000       -0.01462000000000       -0.03402000000000
O            0.49605000000000        0.65690000000000       -1.15683000000000
C            0.99875000000000        1.90392000000000       -1.38273000000000
O            1.96512000000000        2.38694000000000       -0.81170000000000
C            0.35018000000000        2.52806000000000       -2.61637000000000
N            0.79845000000000        1.80532000000000       -3.86659000000000
C           -1.18398000000000        2.53533000000000       -2.52549000000000
O           -1.60234000000000        3.68373000000000       -1.80201000000000
H            0.59827000000000       -0.98881000000000        0.06766000000000
H            0.91336000000000        0.55815000000000        0.88249000000000
H            2.15302000000000       -0.17369000000000       -0.20207000000000
H            0.72814000000000        3.55209000000000       -2.71565000000000
H            0.53459000000000        0.81078000000000       -3.83526000000000
H            0.40991000000000        2.23189000000000       -4.71674000000000
H            1.82557000000000        1.84750000000000       -3.94020000000000
H           -1.62917000000000        2.60633000000000       -3.52340000000000
H           -1.58621000000000        1.64585000000000       -2.03228000000000
H           -2.57413000000000        3.65647000000000       -1.70054000000000
18
 energy: -28.324957648151 gnorm: 0.031466255348 xtb: 6.7.1 (edcfbbe)
C            1.07930603435736       -0.01412665368244       -0.03154640387870
O            0.51533453489110        0.66274780969806       -1.16046128942048
C            1.02762233453870        1.87655666938202       -1.41857161861641
O            1.92631941425569        2.38991329784831       -0.81603017964914
C            0.33500238824569        2.53242693481401       -2.62305699333471
N            0.79804583332129        1.80478198258237       -3.85675420646125
C           -1.19765704526242        2.52809807590878       -2.53711369987113
O           -1.57034468310214        3.67454286778903       -1.80005227156049
H            0.57359471593849       -0.97631410540745        0.04872758496016
H            0.92085741460665        0.56831439407904        0.87637815979328
H            2.14896259336143       -0.16520176249847       -0.18615667099874
H            0.68467573637692        3.57029976896943       -2.68736426793246
H            0.52805389785961        0.81072989560502       -3.81739727208060
H            0.39822948101641        2.23108572657147       -4.70388360268513
H            1.82548500369719        1.85336568618088       -3.92846704461038
H           -1.62319602445409        2.59117640345559       -3.54950783021602
H           -1.55944092747916        1.61791036642641       -2.04396543036608
H           -2.53155070216873        3.67583264227798       -1.67650696307172
18
 energy: -28.325970785660 gnorm: 0.017418156298 xtb: 6.7.1 (edcfbbe)
C            1.07885694788367       -0.01394481081252       -0.03960113928093
O            0.52636697775004        0.67797439388253       -1.16552194212886
C            1.01537489932950        1.88850256242605       -1.40037156491410
O            1.91210012320948        2.40130368148921       -0.81829712974308
C            0.32997820631695        2.52854304222101       -2.62842150053693
N            0.80047385600294        1.80028520413061       -3.85289148856056
C           -1.20283280393329        2.52100476474155       -2.54068897325571
O           -1.54467421697068        3.66662448193828       -1.80509378242023
H            0.56213904903522       -0.96916689413798        0.01506332297179
H            0.91725989491402        0.56431269800675        0.86891574064088
H            2.15106058173686       -0.15683449482855       -0.17772345091554
H            0.65997062237915        3.57384147040736       -2.67476040688308
H            0.52413515708831        0.80814457030490       -3.80041147865590
H            0.39174184207284        2.22037023214517       -4.70042761643241
H            1.82729081228649        1.85235104809356       -3.92436848212032
H           -1.62109264165294        2.57447119314248       -3.55944286347699
H           -1.55078048286205        1.60282775907739       -2.04978091729003
H           -2.49806882458654        3.69152909777223       -1.65790632699799
18
 energy: -28.326280739430 gnorm: 0.004533165495 xtb: 6.7.1 (edcfbbe)
C            1.07501655462534       -0.01429378901932       -0.04192530237284
O            0.53688615662501        0.68176982452076       -1.17431347811982
C            1.02138755560185        1.89102164155002       -1.40142796989416
O            1.90283836798021        2.42591875524465       -0.80519124841027
C            0.33125117785296        2.52648012818512       -2.63703247797749
N            0.80433282223010        1.79885731176499       -3.85604466663943
C           -1.20312426613878        2.51697131177927       -2.54004573741487
O           -1.53199823362327        3.65868017756634       -1.80295428017333
H            0.55353581301306       -0.96602900989062        0.00128772311426
H            0.90515886999809        0.56267886611032        0.86640509057742
H            2.14863041995485       -0.15966698656176       -0.16801564279822
H            0.65038191372572        3.57462540223391       -2.67879971934706
H            0.52776105146912        0.80744520729673       -3.79355222961617
H            0.38894794095675        2.21187822752453       -4.70395881437003
H            1.83017870989211        1.85461791737791       -3.92945694145917
H           -1.62926324358538        2.56831781089450       -3.55604161221594
H           -1.55098241416098        1.59715034745161       -2.05246796070307
H           -2.48163919641683        3.69571685597105       -1.63819473217980
18
 energy: -28.326374559106 gnorm: 0.005373250092 xtb: 6.7.1 (edcfbbe)
C            1.07142614315424       -0.01497780179151       -0.04430256880235
O            0.54636916777017        0.68400426070724       -1.18304251287450
C            1.02256128203649        1.89748437171845       -1.40026423843028
O            1.89140819031235        2.44759548177065       -0.79583523800822
C            0.33467094558077        2.52747909144657       -2.64439590082811
N            0.80690103911644        1.79642552640435       -3.85869033929343
C           -1.20083872859425        2.51617865216181       -2.53855275146075
O           -1.52484466836489        3.65313820459990       -1.79789764628233
H            0.54943602852355       -0.96624758452602       -0.00937975352919
H            0.88963390476961        0.56003055426889        0.86361983168634
H            2.14616001198534       -0.16243398644350       -0.15926003440988
H            0.64911289998071        3.57567997734836       -2.68965378520068
H            0.53418380813655        0.80477615351992       -3.78695618466578
H            0.38659978046615        2.20040066164513       -4.70835936018146
H            1.83182230071071        1.85681904136846       -3.93543873773783
H           -1.63519026037699        2.56736699998580       -3.55164175620422
H           -1.54870758241858        1.59452285788413       -2.05371937500460
H           -2.47140426278843        3.69389753793139       -1.61795964877270
18
 energy: -28.326432854572 gnorm: 0.006279204636 xtb: 6.7.1 (edcfbbe)
C            1.06834515260564       -0.01468832725618       -0.04745797428801
O            0.55515170314143        0.68537339850831       -1.19212157171551
C            1.02260258259858        1.90455032167029       -1.39909857628551
O            1.87870183284047        2.46501190380734       -0.78625101558985
C            0.33775870059162        2.52945659654398       -2.64970514575872
N            0.80779059584169        1.79258269012178       -3.85992785672668
C           -1.19813770391252        2.51719454155912       -2.53802396994737
O           -1.51953672679178        3.64892466482252       -1.79026650632144
H            0.54738690355308       -0.96689475244113       -0.01969738239352
H            0.87391690095887        0.55847018025212        0.85929596738917
H            2.14413744291969       -0.16261178714897       -0.15115652635395
H            0.65121992044470        3.57696754124890       -2.70079105379322
H            0.54157691075100        0.79990568909447       -3.77929554890446
H            0.38261018944881        2.18667080811557       -4.71175597019461
H            1.83192924154378        1.85857767890706       -3.94131384396031
H           -1.63825019672294        2.57209264764999       -3.54895544419523
H           -1.54438178675432        1.59231958894519       -2.05707098616986
H           -2.46352166305787        3.68823661559966       -1.59813659479087
18
 energy: -28.326547724502 gnorm: 0.008171461166 xtb: 6.7.1 (edcfbbe)
C            1.06236325831537       -0.01284767152449       -0.05670392793411
O            0.57576452175838        0.68719003154110       -1.21470354791957
C            1.02096163414296        1.92105454790373       -1.39661560259801
O            1.84424531346981        2.50236872216673       -0.75942886833601
C            0.34427611533596        2.53428563948034       -2.66029111794643
N            0.80852806362130        1.78098307446149       -3.86105432293081
C           -1.19163433915573        2.52161232209606       -2.53813286685408
O           -1.50730909620842        3.63967347345552       -1.76848900151661
H            0.54573330760642       -0.96843561414343       -0.04506300627642
H            0.83807234826455        0.55651980170395        0.84614056166712
H            2.14088020052760       -0.15832198317297       -0.13293478046171
H            0.65873127288321        3.57995351339800       -2.72589147509626
H            0.55922099200929        0.78548049538150       -3.75794811426550
H            0.37028159735725        2.15055815578850       -4.71774761975747
H            1.83079613899166        1.86059691725360       -3.95555684867475
H           -1.64124395093702        2.59234426663227       -3.54477236124788
H           -1.53429325001311        1.58765501296947       -2.07026973348477
H           -2.44607412796957        3.67146929460870       -1.55226736636667
18
 energy: -28.326683291633 gnorm: 0.009671565714 xtb: 6.7.1 (edcfbbe)
C            1.05718611327310       -0.00958843452040       -0.06957527781399
O            0.59904499744555        0.68912892149392       -1.24077762052231
C            1.01630987981109        1.94021087025760       -1.39357185912388
O            1.79880645600058        2.54095487406154       -0.72491789001343
C            0.35128176796407        2.54028493630646       -2.67081602404026
N            0.80860955011415        1.76465416882295       -3.85956098712557
C           -1.18407347939965        2.52942872252487       -2.54022862989891
O           -1.49315958085126        3.62818865858477       -1.73883936952615
H            0.54801547618035       -0.96995654521151       -0.07581583731820
H            0.79991723852705        0.55555562518228        0.82770992132188
H            2.13846872224443       -0.14839514448784       -0.11442441018970
H            0.66997976730688        3.58328885253850       -2.75398674657656
H            0.57942672718208        0.76648160711681       -3.72706361008839
H            0.35314864755137        2.10375281223291       -4.72109784285603
H            1.82827184627060        1.85953027655401       -3.97181818500153
H           -1.64060318598347        2.62720190384820       -3.54231341433969
H           -1.52470729933058        1.58328862120884       -2.09393129442945
H           -2.42662364430641        3.64812927348616       -1.50070092245777
18
 energy: -28.326896740621 gnorm: 0.008342833926 xtb: 6.7.1 (edcfbbe)
C            1.05460187340469       -0.00462341669086       -0.08508151160822
O            0.62092263580365        0.69202173376577       -1.26525087617112
C            1.00758198486904        1.95957452728216       -1.39035603586661
O            1.74567008294309        2.57217487734320       -0.68776877643922
C            0.35770971163406        2.54708510739402       -2.67911489858476
N            0.80773568468795        1.74451457069163       -3.85373594718326
C           -1.17652639031071        2.54149781507031       -2.54552122764900
O           -1.47925551230956        3.61442593624277       -1.70286346014465
H            0.55633199253040       -0.97076989682048       -0.10767484981472
H            0.76767696213266        0.55585652779175        0.80544482024370
H            2.13740588188802       -0.13237331309773       -0.10062107388231
H            0.68521424006573        3.58618281480097       -2.78133384715356
H            0.59907290544279        0.74553284080265       -3.68700638858410
H            0.33300447264620        2.05003015897778       -4.71844071126687
H            1.82385770765593        1.85304831780985       -3.98712794532565
H           -1.63463754147913        2.67901763840621       -3.54310429422298
H           -1.51864611865549        1.58071692136173       -2.13090085588111
H           -2.40842057294942        3.61822683886834       -1.45127212046550
18
 energy: -28.327157367919 gnorm: 0.007337551402 xtb: 6.7.1 (edcfbbe)
C            1.05851217366652        0.00014116090073       -0.10008290447968
O            0.64094503333213        0.69176493836174       -1.28519177241969
C            0.99508436596572        1.97215521016334       -1.38820103062500
O            1.68629842975640        2.59282758254184       -0.64746511807712
C            0.36186694683606        2.55078609299590       -2.68404957413621
N            0.80540509577046        1.72438764386594       -3.84564003071091
C           -1.17119260077680        2.55596707652260       -2.55438669215543
O           -1.46469066604381        3.60145135902982       -1.67137846100971
H            0.57358922181932       -0.97186207820773       -0.13436777106771
H            0.74890345653054        0.55638792482619        0.78364474883895
H            2.14253561852358       -0.11116000327663       -0.09176245605405
H            0.69969017137441        3.58586299850600       -2.79849346758594
H            0.60817550986976        0.72941688517294       -3.64736734703193
H            0.31415391148947        2.00323492678807       -4.70850938485309
H            1.81742401223815        1.83717484168375       -3.99855839753648
H           -1.62427483648031        2.73795088845089       -3.54718603340118
H           -1.52060123641686        1.58371525313599       -2.17515565218403
H           -2.39252460745485        3.59193729853866       -1.41757865551073
18
 energy: -28.327369320812 gnorm: 0.008215107539 xtb: 6.7.1 (edcfbbe)
C            1.06761228640443        0.00256012307568       -0.11539796804033
O            0.66642749899200        0.68797567461083       -1.30777921507324
C            0.97868199282396        1.98305681522368       -1.38414042297760
O            1.61994451366500        2.61250074863811       -0.60545274790385
C            0.36600376275801        2.55381208230290       -2.68898566503286
N            0.80276321641688        1.70372881916713       -3.83628087361146
C           -1.16727935272154        2.57351166391567       -2.56476196084294
O           -1.44917770124262        3.58973957713871       -1.64580016884360
H            0.60004907857027       -0.97720038180213       -0.16347636965295
H            0.72952086171016        0.55236464893659        0.76292588456139
H            2.15461323225255       -0.08656913368015       -0.07992358728939
H            0.71298255758072        3.58485152483522       -2.81144162216808
H            0.61253556189204        0.71499148347507       -3.60183810446670
H            0.29318820543942        1.95585575290079       -4.69590268187026
H            1.81082003019805        1.81658325511033       -4.00851042891229
H           -1.61321780320413        2.79779366901565       -3.55111187095772
H           -1.52855906893505        1.59299074842258       -2.22207754324865
H           -2.37760887260022        3.57359292871338       -1.39177465366944
18
 energy: -28.327139969284 gnorm: 0.026930257587 xtb: 6.7.1 (edcfbbe)
C            1.08672820925037        0.00135160591341       -0.12213720063725
O            0.67775349167125        0.68312716305970       -1.30980753015287
C            0.95923289078223        1.98030240400511       -1.37965890084127
O            1.57632840965520        2.59703860370266       -0.59068962490016
C            0.36511442927382        2.55373459399580       -2.68508260332436
N            0.79867847457663        1.69185482684722       -3.82337410011613
C           -1.17023493706911        2.59288460931205       -2.57727894930163
O           -1.44698024948641        3.58384003846131       -1.63918993985468
H            0.63773148202156       -0.98503884658883       -0.17007828697956
H            0.74336045563256        0.54442269058832        0.75494803000125
H            2.17241164325390       -0.06608453739090       -0.08493398277555
H            0.72307374305829        3.58052400192320       -2.80340142760425
H            0.60204637856410        0.71391655446126       -3.56535568361061
H            0.28072454641314        1.93404910743326       -4.67515422969016
H            1.80440142178983        1.79143954814474       -4.00416162126052
H           -1.59796319168887        2.84820696160848       -3.55871861485931
H           -1.55059990327477        1.61202985088857       -2.26643268322910
H           -2.38250729442374        3.57454082363462       -1.41122265086386
18
 energy: -28.327598682050 gnorm: 0.010491760138 xtb: 6.7.1 (edcfbbe)
C            1.09236912977808        0.00069675942384       -0.13363147717344
O            0.70600600684413        0.67955533200301       -1.33401937605524
C            0.94811115741608        1.99317111200660       -1.37428946793857
O            1.51349462165908        2.63481702375713       -0.54685163984017
C            0.37082218382975        2.55620803001083       -2.69461815780584
N            0.79652713541850        1.67455112381643       -3.82042793702849
C           -1.16588596245897        2.60593070108701       -2.58357477897252
O           -1.43219764482110        3.57194576707056       -1.61284176522804
H            0.65645343788566       -0.99164065655704       -0.19539288584899
H            0.71819299014238        0.53835666990247        0.73790081808721
H            2.17936491844708       -0.05501724298391       -0.07000472829626
H            0.73398894849815        3.57965788092448       -2.82314331801664
H            0.61263192650385        0.69862004722946       -3.53020388943940
H            0.26255832779909        1.88887875102668       -4.67408729607494
H            1.79974425838242        1.78070923871266       -4.01690950793802
H           -1.59389050866645        2.89243360790303       -3.55968885026383
H           -1.55264388369132        1.61507216509941       -2.30112738642708
H           -2.36634704296642        3.56819368956731       -1.37881835573979
18
 energy: -28.327667010918 gnorm: 0.004470001661 xtb: 6.7.1 (edcfbbe)
C            1.09331751359327       -0.00096918641733       -0.13070934788349
O            0.70448398667246        0.68084708275735       -1.33045342441947
C            0.94951898195599        1.99251644996674       -1.37310187698295
O            1.52078611666808        2.63542303913080       -0.55484219450319
C            0.36953428903982        2.55580537156950       -2.69432971065819
N            0.79556081151451        1.67596946770414       -3.82085481879335
C           -1.16726639512610        2.60496118598302       -2.58290642796307
O           -1.43577620151247        3.57156865833738       -1.61364158369641
H            0.65675098649269       -0.99376531535075       -0.19412386314638
H            0.71785137048081        0.53431918290077        0.74242680281261
H            2.18080174306841       -0.05840687670733       -0.06900238960300
H            0.73374799602366        3.57882963119313       -2.82371384382053
H            0.61486009920568        0.69864636837204       -3.53519554751830
H            0.26534917216677        1.89107189445811       -4.67694206964777
H            1.79969959634810        1.78452655216474       -4.01388400033599
H           -1.59597568743333        2.88851812477339       -3.55957551273303
H           -1.55288514346573        1.61480095824500       -2.29785528713262
H           -2.37105923569265        3.57747741091925       -1.38302490397491
18
 energy: -28.327790409187 gnorm: 0.003065845829 xtb: 6.7.1 (edcfbbe)
C            1.10958725927151       -0.00541735352887       -0.13550893843402
O            0.72238926381045        0.68002705957414       -1.33635987086684
C            0.93466329847448        1.99749241422949       -1.36431932590930
O            1.46992300816375        2.65323759116636       -0.53327317704866
C            0.36940666862812        2.55596537009561       -2.69670291151352
N            0.78911632640874        1.66113835615962       -3.81263020945459
C           -1.16862317102669        2.62054231537525       -2.59108920339975
O           -1.43240175057264        3.55874810468447       -1.59302411312508
H            0.68916876175848       -1.00552975272415       -0.20925609142149
H            0.71483931915932        0.51781696868427        0.73619328957550
H            2.19672185909747       -0.04893437636190       -0.06481737601295
H            0.74709515425323        3.57306163125909       -2.83336178320173
H            0.62068613724444        0.68777576819642       -3.50667991666436
H            0.25423489065144        1.85597648369775       -4.67064495373420
H            1.79220344634057        1.77225571377395       -4.01299226940900
H           -1.58904762826532        2.93700330142289       -3.56265693643553
H           -1.56653453686400        1.62519922783030       -2.33664844108514
H           -2.37412830653331        3.59578117646525       -1.38795777185943
18
 energy: -28.327847078219 gnorm: 0.006852191170 xtb: 6.7.1 (edcfbbe)
C            1.12771032246522       -0.01183654932945       -0.13698607153387
O            0.73428150647320        0.67691240560562       -1.33570166139912
C            0.92257411939190        1.99532635096397       -1.35627526552132
O            1.42821759394296        2.66277362694554       -0.51506046500196
C            0.36711250098299        2.55305562155290       -2.69512367643871
N            0.78194185202417        1.65197534043446       -3.80613303489984
C           -1.17080877148766        2.63174807131257       -2.59471002273410
O           -1.43291638055215        3.55063805068376       -1.58395110343005
H            0.72048746069936       -1.01650893414885       -0.21606375289769
H            0.72476014211250        0.50035370204591        0.73477182702535
H            2.21386994566604       -0.04360528396844       -0.06671431252735
H            0.75650157050177        3.56502703043780       -2.83343743286921
H            0.61956027897193        0.68244403035710       -3.49193287960129
H            0.24700206735039        1.83776902893478       -4.66380855362268
H            1.78452445864229        1.76221189132320       -4.01005871539002
H           -1.58278075929266        2.96650836154960       -3.56065854326720
H           -1.57966393435066        1.63817460366273       -2.35898685294101
H           -2.38307397354148        3.62917265163671       -1.42089948295003
18
 energy: -28.327856761629 gnorm: 0.007951665890 xtb: 6.7.1 (edcfbbe)
C            1.13945819931347       -0.01260874646680       -0.14473659262329
O            0.75104984629047        0.67453069906695       -1.34586959063649
C            0.90967904846310        2.00044005794381       -1.35013862359015
O            1.38353051983777        2.67163131668635       -0.49301334423446
C            0.36773203967649        2.55405120375218       -2.69584668482518
N            0.77793222268939        1.63766816779156       -3.79757390036881
C           -1.16988696278502        2.64557237623005       -2.60121973877572
O           -1.42764496468412        3.53774974244339       -1.56047855791900
H            0.74800315794423       -1.02347074463678       -0.23495083873393
H            0.71712943508008        0.49015019842675        0.72550094724220
H            2.22739757640962       -0.02635054610935       -0.06054637024907
H            0.76665034364084        3.56161040580642       -2.83912561472652
H            0.62296569300846        0.67136919652730       -3.45977161895045
H            0.23116417234912        1.80419872067820       -4.65416818981353
H            1.77798117261014        1.74988973311743       -4.01444736285153
H           -1.57373551722358        3.01379005177683       -3.56165978810588
H           -1.58899927699773        1.64482894912569       -2.39731123040767
H           -2.38110670562262        3.63708921783988       -1.42637290043065
18
 energy: -28.327894868654 gnorm: 0.003314222475 xtb: 6.7.1 (edcfbbe)
C            1.13171854813602       -0.01069293931817       -0.14139798492753
O            0.73966708237402        0.67599107500223       -1.34021919867018
C            0.91735364078771        1.99764371309167       -1.35340302307300
O            1.41247187900970        2.66070403397819       -0.50618511418484
C            0.36713589791437        2.55382421894001       -2.69376841424208
N            0.78108898858672        1.64558813161531       -3.80145993449248
C           -1.16949316662029        2.63697199473164       -2.59695191629509
O           -1.43250154325101        3.54329179937540       -1.57104681892852
H            0.73215140804784       -1.01733629216385       -0.22639848420575
H            0.72182606926064        0.49696704079195        0.73074146375825
H            2.21920754596249       -0.03228128183954       -0.06501985491265
H            0.75970819130032        3.56417639751246       -2.83335497667495
H            0.62005531789200        0.67640745802548       -3.47612701073545
H            0.23755099794555        1.82335461620317       -4.65758797127025
H            1.78162028699100        1.75731318053485       -4.01388488612302
H           -1.57743114682551        2.98774914337977       -3.55989925107570
H           -1.58132084032028        1.63870248316698       -2.37719797534439
H           -2.38150915719118        3.63376522697233       -1.42856864860251
18
 energy: -28.327909986945 gnorm: 0.001785268242 xtb: 6.7.1 (edcfbbe)
C            1.13541944286526       -0.01191402282072       -0.14167397826379
O            0.74326162550301        0.67434146809167       -1.34095999322766
C            0.91508715807678        1.99699348000959       -1.35196544429815
O            1.40268067527268        2.66250462397302       -0.50053180302869
C            0.36665458101257        2.55266715129717       -2.69346538832892
N            0.77981140633547        1.64395590782048       -3.80060828003089
C           -1.16988972467727        2.63770148612741       -2.59788350803023
O           -1.43228295771960        3.54132317677527       -1.57093543531170
H            0.73958174307534       -1.01989673372501       -0.22838504681729
H            0.72207551231755        0.49389332134426        0.73033618838742
H            2.22287109606275       -0.03005578719467       -0.06372200059836
H            0.76122273391046        3.56227378603031       -2.83348314094516
H            0.61854149947378        0.67579658499313       -3.47582734141853
H            0.23662878190535        1.82195902312748       -4.65559299227758
H            1.77982519191725        1.75478171373296       -4.01360847062474
H           -1.57697049863928        2.99113859804807       -3.55907951497855
H           -1.58323879070442        1.64111114912618       -2.37989373823359
H           -2.38197947598754        3.64356507324327       -1.43445011197372
18
 energy: -28.327920098781 gnorm: 0.003184072335 xtb: 6.7.1 (edcfbbe)
C            1.14239493900719       -0.01343249031108       -0.14314436255762
O            0.74950229825250        0.67288772711172       -1.34191413578449
C            0.90978784291865        1.99706608489405       -1.34875722829805
O            1.38240127558647        2.66454431282666       -0.48986661746004
C            0.36597842937717        2.55147962259291       -2.69267054999362
N            0.77759054936380        1.63931157230901       -3.79762266755748
C           -1.17036386183415        2.64055098828443       -2.60041587752686
O           -1.43168731002573        3.53325186755316       -1.56253609847506
H            0.75433395404339       -1.02358558347243       -0.23279825224630
H            0.72432570764442        0.48795299617855        0.72847387797837
H            2.22901343836950       -0.02465719816935       -0.06263808480443
H            0.76452949715356        3.55938721864392       -2.83419936905700
H            0.61909794796809        0.67182792079761       -3.46772313824737
H            0.23014680002230        1.81242505828220       -4.65131765233176
H            1.77629134151225        1.75149192678912       -4.01514068842988
H           -1.57334373542629        3.00775489219824       -3.55856819190782
H           -1.58839505592797        1.64239468268863       -2.39510120106151
H           -2.38230405800502        3.66148840080251       -1.44578976223923
18
 energy: -28.327926272633 gnorm: 0.001706476732 xtb: 6.7.1 (edcfbbe)
C            1.14326695442062       -0.01348429450856       -0.14404079209261
O            0.75243608618158        0.67173728457775       -1.34402028235482
C            0.90910963452745        1.99745837656402       -1.34848456905927
O            1.37867618036542        2.66432581135422       -0.48772596277980
C            0.36600579708186        2.55148744440794       -2.69239631023212
N            0.77738037453142        1.63825947644079       -3.79699449725780
C           -1.17023659200612        2.64073959197705       -2.60022571296369
O           -1.43195574832200        3.53148504802383       -1.56088855126709
H            0.75806879367598       -1.02493171430307       -0.23595438754852
H            0.72050613952246        0.48680808423300        0.72716911120772
H            2.23061252455451       -0.02095952676349       -0.05923175497425
H            0.76461781381042        3.55932133494410       -2.83458001160346
H            0.61897302370000        0.67062680067418       -3.46609917789943
H            0.22821537520411        1.81062244337891       -4.65003599050586
H            1.77555492031090        1.75075828533271       -4.01624076654254
H           -1.57281145773692        3.00974892210432       -3.55745187994498
H           -1.58843549626330        1.64236390778375       -2.39693217597297
H           -2.38068432355824        3.66577272377840       -1.44759628820862
18
 energy: -28.327929607208 gnorm: 0.000656304637 xtb: 6.7.1 (edcfbbe)
C            1.14354201555644       -0.01339380138337       -0.14370606158492
O            0.75390012131447        0.67139733417393       -1.34415287810014
C            0.90882422319247        1.99696176364229       -1.34891423899782
O            1.37834532398275        2.66371595779585       -0.48901734549914
C            0.36591699807444        2.55101403647708       -2.69257476823713
N            0.77722662161220        1.63859833142977       -3.79777079762308
C           -1.17072565830950        2.64069089247819       -2.59973769833347
O           -1.43167766677763        3.53080094614028       -1.55983211121514
H            0.75977946000648       -1.02543921218557       -0.23519332587619
H            0.71824748518184        0.48622323903138        0.72584714185223
H            2.23002885285636       -0.01965906340153       -0.05649552772901
H            0.76405961395066        3.55901431555777       -2.83443103948368
H            0.61894432292402        0.67083456171982       -3.46755840748161
H            0.22887161551304        1.81165916526449       -4.65111356677438
H            1.77580928994505        1.75084265385787       -4.01609658890373
H           -1.57342160027721        3.00923587340088       -3.55731238881598
H           -1.58894053347105        1.64221161032241       -2.39620200951622
H           -2.37943048527467        3.66743139567830       -1.44746838768070
