33
 energy: -45.537694607586 gnorm: 0.063640888149 xtb: 6.7.1 (edcfbbe)
C            1.43270000000000        0.13805000000000       -0.42841000000000
C            0.87192000000000       -0.98347000000000       -1.29001000000000
C            1.09579000000000       -2.37767000000000       -0.69761000000000
C            0.38046000000000       -2.64757000000000        0.62405000000000
N           -1.08647000000000       -2.76094000000000        0.41263000000000
C           -1.61171000000000       -3.94406000000000        0.01412000000000
C           -2.97890000000000       -4.08385000000000       -0.17801000000000
C           -3.81581000000000       -2.98983000000000        0.03691000000000
C           -3.26258000000000       -1.78303000000000        0.46021000000000
C           -1.88865000000000       -1.69597000000000        0.64923000000000
C           -5.27222000000000       -3.16808000000000       -0.18592000000000
O           -5.78792000000000       -4.26718000000000       -0.28645000000000
O           -5.87624000000000       -1.96419000000000       -0.30169000000000
C           -7.28896000000000       -2.00175000000000       -0.56995000000000
C           -7.54241000000000       -2.20060000000000       -2.05326000000000
H            0.90453000000000        0.21883000000000        0.52555000000000
H            1.32828000000000        1.09716000000000       -0.94582000000000
H            2.49600000000000       -0.02010000000000       -0.22197000000000
H           -0.19306000000000       -0.80962000000000       -1.47556000000000
H            1.36600000000000       -0.94349000000000       -2.26851000000000
H            0.78500000000000       -3.12140000000000       -1.44136000000000
H            2.17228000000000       -2.52264000000000       -0.54451000000000
H            0.71269000000000       -3.60176000000000        1.05024000000000
H            0.56661000000000       -1.87618000000000        1.37709000000000
H           -0.92635000000000       -4.77180000000000       -0.14946000000000
H           -3.38844000000000       -5.04117000000000       -0.49900000000000
H           -3.88738000000000       -0.91267000000000        0.65067000000000
H           -1.41912000000000       -0.77442000000000        0.98257000000000
H           -7.78087000000000       -2.77542000000000        0.03067000000000
H           -7.69786000000000       -1.03653000000000       -0.25378000000000
H           -7.16237000000000       -3.16969000000000       -2.39170000000000
H           -8.61259000000000       -2.15232000000000       -2.27332000000000
H           -7.02486000000000       -1.43402000000000       -2.63911000000000
33
 energy: -45.541979702691 gnorm: 0.024660702461 xtb: 6.7.1 (edcfbbe)
C            1.42754235180417        0.13775003793628       -0.42270181242740
C            0.86133403729222       -0.98380091301525       -1.28379463915970
C            1.08860426820386       -2.38062187379945       -0.70245817947823
C            0.36673507584222       -2.65416820163958        0.61642924160043
N           -1.08716245086205       -2.76494263486785        0.42675450486579
C           -1.60770776740012       -3.93401984070296        0.02013503642415
C           -2.96494466361937       -4.07582609161004       -0.18054603773063
C           -3.80689084121851       -2.98568805349051        0.03362561447734
C           -3.24714743133604       -1.78221544899928        0.45376829266707
C           -1.88070537631112       -1.70418954175572        0.64326979484623
C           -5.27548373636446       -3.15917235903329       -0.19954624156524
O           -5.78790045863839       -4.24285662927157       -0.28534800662451
O           -5.88905712359847       -1.97730736225548       -0.29204537228679
C           -7.29608294156943       -2.00160278142057       -0.57576657068980
C           -7.54291427675055       -2.20320876791802       -2.06070195478002
H            0.91141399774946        0.22571006071756        0.53227542066933
H            1.32752365483390        1.09015221000409       -0.93952328809241
H            2.48552390442952       -0.02452680833331       -0.22481058474258
H           -0.20422020131207       -0.81537743395464       -1.46568991368769
H            1.35630744097433       -0.95348657436799       -2.25761530471214
H            0.78168439259769       -3.13081565878207       -1.43675824463070
H            2.15925642915835       -2.51745201221685       -0.52940297753468
H            0.71604780060600       -3.60052180506570        1.03885853429265
H            0.56120182469393       -1.86585541423688        1.34544410414631
H           -0.92342147876879       -4.75624680092657       -0.13904888431775
H           -3.37785476106149       -5.02675149810059       -0.49228995201455
H           -3.86941930184047       -0.91808048788370        0.63996054895905
H           -1.41054864712191       -0.78934068266259        0.97610742291925
H           -7.76861379633133       -2.79468468924858        0.01266870380994
H           -7.67765408529234       -1.03150195710100       -0.24402237541252
H           -7.17440600942470       -3.17619236280638       -2.38600895372346
H           -8.60864987385288       -2.15104768545181       -2.26633852858174
H           -7.03489995551117       -1.42948993773970       -2.63634939748504
33
 energy: -45.542728921184 gnorm: 0.010010213947 xtb: 6.7.1 (edcfbbe)
C            1.42131830801112        0.13227534548359       -0.41858681886963
C            0.84685132036131       -0.98650458403059       -1.27975062667813
C            1.08156027558199       -2.38353460087050       -0.70372739201332
C            0.35969832147810       -2.65823529269404        0.61997635662480
N           -1.08121433102054       -2.76602351028020        0.43509949377935
C           -1.60143317597444       -3.92834161980823        0.02420557272714
C           -2.95448871126293       -4.07014444740192       -0.18344000200122
C           -3.79679970190500       -2.97875881515443        0.02628826494309
C           -3.23295283672870       -1.77658763610194        0.44495587136089
C           -1.86961179272099       -1.70603494219919        0.63948299757641
C           -5.27682699637195       -3.15364650447912       -0.19958383953617
O           -5.78333108555969       -4.23515867036166       -0.29301854961926
O           -5.89077382523901       -1.98567589597308       -0.28582561811436
C           -7.29742124267539       -2.00432778439485       -0.57830253451910
C           -7.54649116545537       -2.20229188518917       -2.06443599304006
H            0.91385669951974        0.22306858631519        0.53906699704851
H            1.32098368032767        1.08184264412155       -0.93516231835838
H            2.47804367052264       -0.03561752660677       -0.23010696812086
H           -0.22009579160933       -0.81956169861639       -1.45191648712905
H            1.33668996038541       -0.95445420640619       -2.25372317741217
H            0.77956167226635       -3.13439961225346       -1.43705611784876
H            2.14907386076514       -2.51257548509015       -0.51997129157480
H            0.71991078435722       -3.59964027295130        1.03962951763979
H            0.56373424618490       -1.85774941480772        1.33188672265054
H           -0.91837704309657       -4.75035394010657       -0.12854745833537
H           -3.37264168039227       -5.01524040327375       -0.49513965026645
H           -3.85483977930074       -0.91418471419837        0.62229979437357
H           -1.39845369269409       -0.79403885497514        0.97278052625406
H           -7.76496329048630       -2.80594023100174        0.00152504025040
H           -7.66241995252306       -1.03252057661284       -0.23991932899971
H           -7.18584896638142       -3.17749378587492       -2.38220273549170
H           -8.61188157074073       -2.14712595699825       -2.25973896342878
H           -7.04292616762314       -1.42840370720783       -2.63851128387130
33
 energy: -45.542886043208 gnorm: 0.004328382735 xtb: 6.7.1 (edcfbbe)
C            1.41615382958534        0.12868593414822       -0.41735199702969
C            0.83551482037768       -0.98960614612726       -1.27592628927541
C            1.07945269318706       -2.38600093166443       -0.70293842748408
C            0.36008489798857       -2.65970999750839        0.62562794506402
N           -1.07594130174587       -2.76655755746558        0.44146617187126
C           -1.59699634413964       -3.92849145622527        0.02971450617866
C           -2.94914214202893       -4.06866050792883       -0.18352493654471
C           -3.78984974915222       -2.97454050932036        0.01990773313252
C           -3.22589076636397       -1.77135813559194        0.43610616569027
C           -1.86312815938379       -1.70407009364845        0.63746058687526
C           -5.27241118894231       -3.15080610536614       -0.21297993483351
O           -5.77426464920255       -4.23624714604802       -0.30474506807683
O           -5.88783429796265       -1.98703293528188       -0.28923274969245
C           -7.29746636212773       -2.00502295060256       -0.57690526779685
C           -7.55077943862089       -2.20050380335670       -2.06330206368595
H            0.91509284657299        0.21936511540125        0.54377323691911
H            1.31357174130954        1.07870163518910       -0.93268890713557
H            2.47377426123932       -0.04208643839385       -0.23612162896590
H           -0.23337659228045       -0.82437923317003       -1.43783606410211
H            1.31642660356603       -0.95409496596303       -2.25396494056358
H            0.77815979692847       -3.13798778847997       -1.43494909319026
H            2.14711281349988       -2.50960980134807       -0.51986715946061
H            0.72543703761182       -3.59866075603904        1.04516272448485
H            0.57038464562683       -1.85498516926746        1.33060767950861
H           -0.91447165667173       -4.75217686867197       -0.11828275298774
H           -3.37051467919290       -5.01151481765215       -0.49726093227256
H           -3.84801139450784       -0.90735016485359        0.60478941473239
H           -1.39167070575588       -0.79199507952680        0.97113247966641
H           -7.76289033867576       -2.80957175316870       -0.00002860918180
H           -7.65859309990987       -1.03424479988916       -0.23480061858821
H           -7.19363347876254       -3.17608192153820       -2.38253285370243
H           -8.61745299077016       -2.14356048194064       -2.25264453229202
H           -7.04935665129599       -1.42722436870011       -2.63933381726115
33
 energy: -45.543018271874 gnorm: 0.004410428215 xtb: 6.7.1 (edcfbbe)
C            1.40770713453584        0.12406618714085       -0.41688144433615
C            0.81745997748701       -0.99447946362224       -1.26936803733765
C            1.07735332675552       -2.38909404872191       -0.70016642576498
C            0.36391474174350       -2.66250221590161        0.63551978042415
N           -1.06803368376243       -2.76812463366106        0.45148937441394
C           -1.59063885849354       -3.93078057983319        0.03945332565480
C           -2.94149428466721       -4.06628675103565       -0.18583374656865
C           -3.77888378775032       -2.96722262911610        0.00618634524452
C           -3.21543948475930       -1.76313544909996        0.42001908547073
C           -1.85369998266183       -1.70077547401706        0.63462952420294
C           -5.26384555504358       -3.14614666002062       -0.22941216371804
O           -5.75437611067745       -4.23786907422493       -0.33165494606693
O           -5.88232060139413       -1.98679927266862       -0.29537946217945
C           -7.29641302222234       -2.00621049431761       -0.57493669738932
C           -7.55922706282440       -2.19740724291833       -2.06061497480950
H            0.91759223441009        0.21375868809091        0.55045339263476
H            1.29956738787602        1.07517763059204       -0.92984542598560
H            2.46748590682033       -0.04847433833150       -0.24774060538608
H           -0.25512961021276       -0.83356015007242       -1.41289337286169
H            1.28098213853385       -0.95355894745423       -2.25599571466700
H            0.77569974809881       -3.14384792371733       -1.42895241823175
H            2.14651776791193       -2.50464482716320       -0.52275448290666
H            0.73463161407860       -3.59905971408418        1.05512705945888
H            0.58134952773866       -1.85461057452092        1.33415900815139
H           -0.90916450866604       -4.75784173028638       -0.09927032640632
H           -3.36742579554783       -5.00777979062651       -0.49897122728422
H           -3.83699013772160       -0.89559929924264        0.57598073018681
H           -1.38177613520341       -0.78837058991213        0.96889117779172
H           -7.75745623690090       -2.81330610818824        0.00101693527233
H           -7.65561685496500       -1.03768617318714       -0.22741700691383
H           -7.20626138393367       -3.17295753478797       -2.38484517523592
H           -8.62794788182299       -2.13789890375257       -2.24187791009995
H           -7.06063052675962       -1.42435191133754       -2.63958417475743
33
 energy: -45.543083847397 gnorm: 0.004935813286 xtb: 6.7.1 (edcfbbe)
C            1.40168302287614        0.12258551438962       -0.41808769434975
C            0.80632884968654       -0.99750220868845       -1.26473328118577
C            1.07651810980843       -2.39033397293921       -0.69684577803475
C            0.36815710941799       -2.66473337500850        0.64212520155261
N           -1.06377296312583       -2.76950960064473        0.45720063118851
C           -1.58717729531521       -3.93325167318439        0.04702181924337
C           -2.93709759464913       -4.06567021317946       -0.18518202302751
C           -3.77219894543066       -2.96314653425880       -0.00334492984109
C           -3.20890076264434       -1.75874363017552        0.40896830100203
C           -1.84810593593150       -1.69903379388083        0.63230411113163
C           -5.25626070855010       -3.14270465065826       -0.24556665067155
O           -5.74072812474265       -4.23677400915036       -0.35511242649445
O           -5.87817874949297       -1.98477011064805       -0.30135109812665
C           -7.29480719017725       -2.00710472704961       -0.57331664007024
C           -7.56544614792408       -2.19490317001989       -2.05773808614849
H            0.91910904012845        0.21136565876205        0.55332407755516
H            1.28806779846139        1.07384574172497       -0.93000260762969
H            2.46313455847951       -0.04827574872847       -0.25704992335930
H           -0.26853685406858       -0.84044283544255       -1.39640423001445
H            1.25772225332118       -0.95437040573525       -2.25717844643552
H            0.77464688769466       -3.14758863138970       -1.42309935714877
H            2.14718542789536       -2.50105743327366       -0.52469505303735
H            0.73962029587690       -3.60135746367505        1.06110279675457
H            0.58710359789616       -1.85743600330856        1.34062614764811
H           -0.90663501569856       -4.76253954008720       -0.08440875932078
H           -3.36465938542072       -5.00676464749151       -0.49826109519632
H           -3.82884825048390       -0.88832768414688        0.55698777871138
H           -1.37585652417998       -0.78694976839310        0.96767095219115
H           -7.75078489826610       -2.81617161576205        0.00386299777781
H           -7.65531354205316       -1.04057761122518       -0.22123190303716
H           -7.21417481416230       -3.16970732748871       -2.38697388049573
H           -8.63516899422609       -2.13452965696617       -2.23411305252240
H           -7.06913425499986       -1.42089887227650       -2.63796789860878
33
 energy: -45.543156524483 gnorm: 0.003544116682 xtb: 6.7.1 (edcfbbe)
C            1.39382050626209        0.12264540435306       -0.42069240413136
C            0.79390247025919       -1.00070260874764       -1.25904742184372
C            1.07583063320715       -2.39102153301095       -0.69159795810338
C            0.37380785325780       -2.66818494588726        0.64939656557359
N           -1.05977753008434       -2.77211985024378        0.46401037431327
C           -1.58392554117919       -3.93692167969406        0.05705561022590
C           -2.93244017563280       -4.06528513306491       -0.18414839616980
C           -3.76492652735049       -2.95868410420306       -0.01562611970709
C           -3.20097914954687       -1.75453312659748        0.39551752730842
C           -1.84168112246627       -1.69815209048409        0.62949723308319
C           -5.24702991744303       -3.13816184554974       -0.26488903974994
O           -5.72617791570992       -4.23273977634981       -0.38938655519396
O           -5.87340973343692       -1.98122884070196       -0.30764676553515
C           -7.29181615485447       -2.00837432865425       -0.57149642890167
C           -7.57254640221825       -2.19161036669839       -2.05394410088962
H            0.92102090032405        0.21020009038907        0.55567644849986
H            1.27157529901361        1.07320427618228       -0.93207993753702
H            2.45750066383835       -0.04368618621590       -0.27008212000082
H           -0.28317575897680       -0.84868272064266       -1.37806643130602
H            1.23190959107556       -0.95683816809953       -2.25742838745055
H            0.77477980252331       -3.15156578286201       -1.41502655395756
H            2.14832539007156       -2.49587617657705       -0.52539860339386
H            0.74447343453709       -3.60627621601350        1.06613393785186
H            0.59231561914541       -1.86346433293770        1.35085923130328
H           -0.90489032503201       -4.76877589877094       -0.06490273842161
H           -3.36114989864723       -5.00680151176486       -0.49488077919562
H           -3.81790126290695       -0.88054854240067        0.53498443158648
H           -1.36876300646028       -0.78684660154939        0.96586295188155
H           -7.74028280971339       -2.82056929460844        0.00752061002481
H           -7.65508378239846       -1.04459732040924       -0.21312455670488
H           -7.22273735231832       -3.16500214693051       -2.38981563833180
H           -8.64320782514289       -2.13095535661770       -2.22405558668797
H           -7.07986997199658       -1.41522328463689       -2.63464839843905
33
 energy: -45.543213306665 gnorm: 0.002230057865 xtb: 6.7.1 (edcfbbe)
C            1.38491030696835        0.12432435352329       -0.42422816290307
C            0.78142218903834       -1.00355074557683       -1.25338066092489
C            1.07494888824687       -2.39101280547117       -0.68505160946833
C            0.37919987426238       -2.67238415294147        0.65686398346482
N           -1.05609190028515       -2.77606550425661        0.47167365967893
C           -1.58074552060334       -3.94183319101919        0.06918587126902
C           -2.92763170810363       -4.06655482342404       -0.18126844272421
C           -3.75771496550348       -2.95577690260649       -0.02788283913010
C           -3.19263205177288       -1.75171692837127        0.38141882042036
C           -1.83508089024583       -1.69869248621996        0.62603284012338
C           -5.23729701833298       -3.13380448588775       -0.28729504486046
O           -5.71400963747018       -4.22677860604746       -0.43048774438475
O           -5.86816099349012       -1.97783802980906       -0.31346136928628
C           -7.28754864426515       -2.00950974589762       -0.56932977903206
C           -7.57958515049573       -2.18682550000568       -2.04981599992820
H            0.92384612907614        0.21013918366279        0.55788391490309
H            1.25099672118241        1.07342629512412       -0.93536701640413
H            2.45132945824499       -0.03524973728279       -0.28634349371856
H           -0.29750574838991       -0.85673005551886       -1.36107577919499
H            1.20759754339921       -0.96044846785608       -2.25660670125737
H            0.77661835427948       -3.15488222474779       -1.40631574481385
H            2.14897418635173       -2.48882941572389       -0.52321813860359
H            0.74936938956792       -3.61237149550468        1.07002506910610
H            0.59649626553583       -1.87060936924519        1.36236331747925
H           -0.90359144420491       -4.77641549565055       -0.04208870631875
H           -3.35694752690800       -5.00865912893297       -0.48915911062310
H           -3.80619890776997       -0.87398386120060        0.51113702878791
H           -1.36154490598632       -0.78803116220109        0.96254419108342
H           -7.72787945850382       -2.82611516614472        0.01019088030256
H           -7.65297125622092       -1.04886830790371       -0.20327276661720
H           -7.23161226732961       -3.15837595622906       -2.39307010720171
H           -8.65140168996340       -2.12626830238347       -2.21152436892292
H           -7.09206762030873       -1.40708777825003       -2.63054599030063
33
 energy: -45.543247879992 gnorm: 0.001881672762 xtb: 6.7.1 (edcfbbe)
C            1.37724823477494        0.12703255225400       -0.42762633286134
C            0.77237913251137       -1.00544864639162       -1.24934762546113
C            1.07448492608190       -2.39048596836746       -0.67924851640521
C            0.38243872581687       -2.67573180730796        0.66277367188820
N           -1.05346758618914       -2.78025518713346        0.47822582016703
C           -1.57838115473385       -3.94698883996373        0.08028349182328
C           -2.92392342302234       -4.06963714796596       -0.17765799599122
C           -3.75231983580054       -2.95579038882263       -0.03679780289942
C           -3.18643070937914       -1.75126884588282        0.37007258203161
C           -1.83034683391058       -1.70040447576897        0.62255518225181
C           -5.22989488213978       -3.13158909873256       -0.30531513013425
O           -5.70656738207731       -4.22188728138735       -0.46749486283686
O           -5.86367331348574       -1.97646513795916       -0.31636652959443
C           -7.28322592170378       -2.01006610770545       -0.56713003477313
C           -7.58456666493445       -2.18108139028620       -2.04646371173207
H            0.92696057538928        0.21025504908564        0.55961336868360
H            1.23124572192445        1.07469207018931       -0.93809526646959
H            2.44617631789010       -0.02523432569090       -0.30168835874341
H           -0.30759083331986       -0.86262398864506       -1.35034076179967
H            1.19155977731340       -0.96392137639446       -2.25519251694075
H            0.78009607415607       -3.15685420351607       -1.39955007975840
H            2.14926895964988       -2.48165736321577       -0.51867411237823
H            0.75355161862397       -3.61678174089192        1.07263389238428
H            0.59875518537629       -1.87585495688012        1.37111202488866
H           -0.90290373030611       -4.78386228074071       -0.02191361977560
H           -3.35346971613140       -5.01246123733046       -0.48259937444694
H           -3.79786758415277       -0.87100700628700        0.49131389392338
H           -1.35665195083747       -0.78960862722821        0.95794252276069
H           -7.71834133480934       -2.83078246066088        0.01062306415556
H           -7.64890997653949       -1.05205271422268       -0.19417372893819
H           -7.23851490791352       -3.15081741053738       -2.39623991372415
H           -8.65751363354776       -2.12067229836218       -2.19993016230216
H           -7.10211387457463       -1.39806735724967       -2.62677307699231
33
 energy: -45.543278520500 gnorm: 0.001945671480 xtb: 6.7.1 (edcfbbe)
C            1.36756193856324        0.13199337280793       -0.43235233349388
C            0.76408378085139       -1.00718540485369       -1.24592963186376
C            1.07502049435521       -2.38888107978396       -0.67167225114007
C            0.38440094095738       -2.67888040632291        0.66969405759447
N           -1.05095428441830       -2.78623372512921        0.48535170694979
C           -1.57585806767163       -3.95508777264173        0.09506940776697
C           -2.91992001991801       -4.07727527137962       -0.17085159028755
C           -3.74680452954163       -2.96036413059060       -0.04578212243742
C           -3.18079808858191       -1.75403118561892        0.35623934015404
C           -1.82643017910688       -1.70404966110793        0.61655363867788
C           -5.22174105900521       -3.13207275922254       -0.32717133093513
O           -5.70020082783787       -4.21749490037543       -0.51538199747139
O           -5.85806697007049       -1.97787799849662       -0.31688623473264
C           -7.27729236224673       -2.01029223442777       -0.56330059512086
C           -7.58910021269955       -2.17033299598455       -2.04215105760849
H            0.93177444114421        0.20937573893819        0.56168349935889
H            1.20254748264039        1.07783495588433       -0.94052150661296
H            2.43996281861205       -0.00785712808354       -0.32298913679297
H           -0.31665461872853       -0.86924121801567       -1.34313418372265
H            1.17907756321108       -0.96851395034029       -2.25321325180410
H            0.78774760078611       -3.15824395226394       -1.39161966628484
H            2.15001281424851       -2.47114553230440       -0.50901863635089
H            0.75855097768021       -3.62007942048423        1.07613486637070
H            0.59900336260379       -1.88015832963139        1.38025500113043
H           -0.90229181696736       -4.79469406814067        0.00447745978420
H           -3.34915231860747       -5.02150676485729       -0.47142414245223
H           -3.79117860632230       -0.87185368103581        0.46660208463851
H           -1.35336968553578       -0.79177708636019        0.94856920485655
H           -7.70919664547063       -2.83645735015842        0.00887826796412
H           -7.64104096056834       -1.05553394810167       -0.18081767668704
H           -7.24546140722042       -3.13709326183025       -2.40141203604458
H           -8.66346918333661       -2.11011395277283       -2.18483701007896
H           -7.11327237179843       -1.38225489731418       -2.62051214332460
33
 energy: -45.543298088805 gnorm: 0.001302766124 xtb: 6.7.1 (edcfbbe)
C            1.36429773543811        0.13452027098607       -0.43401361525968
C            0.76517645000008       -1.00762262722555       -1.24672644051706
C            1.07708009015056       -2.38780742797336       -0.66923802876688
C            0.38297425523946       -2.67803690361654        0.67119279566618
N           -1.05103577650188       -2.78793896572342        0.48534172364821
C           -1.57541879287069       -3.95857655883991        0.09933192973567
C           -2.91931168950851       -4.08290238837565       -0.16753861357216
C           -3.74660433005551       -2.96609818362209       -0.04705314996246
C           -3.18181981920024       -1.75797361565732        0.35181888865411
C           -1.82776210290914       -1.70600971082909        0.61253711473905
C           -5.22091900902243       -3.13630951795743       -0.33144338932193
O           -5.69968754148104       -4.21962811284384       -0.52921303479267
O           -5.85707465253501       -1.98233628640892       -0.31288781552594
C           -7.27591851470148       -2.01056238405403       -0.56072888768685
C           -7.58823231194650       -2.16284679374317       -2.04057294460049
H            0.93314489505550        0.20709024205043        0.56214696928236
H            1.18996370323275        1.07993107490741       -0.93957970348406
H            2.43789335356822        0.00212711428662       -0.33035427086482
H           -0.31552682479582       -0.87171117951989       -1.34773414166673
H            1.18351598537126       -0.97017780058688       -2.25284909520366
H            0.79383508460945       -3.15853998489467       -1.38918858787976
H            2.15149411367335       -2.46720241900068       -0.50233959332723
H            0.75925718957639       -3.61786775327378        1.07853169578635
H            0.59593655646624       -1.87804707921231        1.38072727259571
H           -0.90175649406944       -4.79851749532028        0.01244604271397
H           -3.34774504218522       -5.02843476250394       -0.46529933570612
H           -3.79377224660102       -0.87662542559878        0.45902265216224
H           -1.35576949672842       -0.79195349986618        0.94148678291356
H           -7.71056669661148       -2.83865235820914        0.00642195371694
H           -7.63726128788582       -1.05690092536852       -0.17396649530866
H           -7.24460850041424       -3.12759104856757       -2.40485889842356
H           -8.66272168193719       -2.10250576451498       -2.18146368081079
H           -7.11356660042080       -1.37167172892232       -2.61542609893326
33
 energy: -45.543320749389 gnorm: 0.001638346333 xtb: 6.7.1 (edcfbbe)
C            1.35883192179397        0.13787064639317       -0.43665463560891
C            0.76786149633594       -1.00919964910088       -1.24861329587756
C            1.08135592692742       -2.38646405759136       -0.66510739284262
C            0.38076894495726       -2.67537789999025        0.67356268649164
N           -1.05154742326803       -2.78937935012217        0.48376818389080
C           -1.57432837420994       -3.96328647154623        0.10477484142542
C           -2.91810555786364       -4.09174096173941       -0.16248901447381
C           -3.74705504767917       -2.97562472704589       -0.04897165158034
C           -3.18474970013667       -1.76425898487718        0.34429296087297
C           -1.83098931839425       -1.70811623913759        0.60499452961600
C           -5.22080826292133       -3.14519067318194       -0.33749471297822
O           -5.69777858582496       -4.22679474576439       -0.55103141937470
O           -5.85710208848704       -1.99125217103791       -0.30396605689335
C           -7.27551543640135       -2.01245165982915       -0.55544292334469
C           -7.58517908760290       -2.14875077379779       -2.03763850542905
H            0.93515406738670        0.20115358720604        0.56360612335008
H            1.16785216600984        1.08275466394971       -0.93769412022242
H            2.43514193267850        0.01907277595765       -0.34260647753611
H           -0.31302530407539       -0.87758474608836       -1.35674040125055
H            1.19213023757102       -0.97322327649121       -2.25284935955754
H            0.80444441706567       -3.16039124480600       -1.38398218797822
H            2.15496525819294       -2.46176410899756       -0.49129563352730
H            0.75919208051378       -3.61275800787659        1.08438596411750
H            0.58968603186718       -1.87267333164491        1.38108430954524
H           -0.89945000895990       -4.80297602980082        0.02338225424728
H           -3.34454593341941       -5.03964540638684       -0.45586536541022
H           -3.79966080525370       -0.88427199217544        0.44665789001925
H           -1.36088989287796       -0.79107794800895        0.92866189035070
H           -7.71506153264006       -2.84447168962636        0.00248620156718
H           -7.63406443106129       -1.06129439330468       -0.16001056808873
H           -7.23997103863242       -3.10922482140723       -2.41201503861695
H           -8.65955828087090       -2.08803380690070       -2.17914351352778
H           -7.11050837072043       -1.35095250522840       -2.60351556137545
33
 energy: -45.543331791544 gnorm: 0.001424470590 xtb: 6.7.1 (edcfbbe)
C            1.35563091254337        0.13909171885682       -0.43795795113046
C            0.77120833060858       -1.01085700724960       -1.25046338964287
C            1.08419683716112       -2.38629354526932       -0.66282812442437
C            0.37919378456419       -2.67275961761749        0.67435878191112
N           -1.05249194681243       -2.78895032663179        0.48135372550402
C           -1.57370001431683       -3.96445679878411        0.10509425648589
C           -2.91751976591779       -4.09582183450748       -0.16108241814996
C           -3.74811373270615       -2.98084275657264       -0.04962518008454
C           -3.18732272171283       -1.76750513631863        0.33976763189888
C           -1.83368874614389       -1.70851205049249        0.60004552980967
C           -5.22222854194660       -3.15135269580152       -0.33760387708613
O           -5.69738914228682       -4.23207500543275       -0.55451357453653
O           -5.85852904489462       -1.99826581930457       -0.29796474714051
C           -7.27677360258304       -2.01564568662125       -0.55215106732237
C           -7.58193237060868       -2.13973713194211       -2.03616113451967
H            0.93386164741575        0.19770888331328        0.56303566402427
H            1.15733973699994        1.08346150311940       -0.93635640750744
H            2.43239800270838        0.02770166237656       -0.34585656621142
H           -0.30936195971127       -0.88161863924106       -1.36447155454852
H            1.20043798960408       -0.97566994905519       -2.25267113426477
H            0.81079030352337       -3.16228870798254       -1.38072066293176
H            2.15723193427172       -2.46003416625031       -0.48488154899726
H            0.75756701461364       -3.60851278180969        1.08890325287887
H            0.58510462105557       -1.86798716168842        1.38034295022903
H           -0.89728539850967       -4.80305185365964        0.02532173724885
H           -3.34243676350994       -5.04512560008479       -0.45220995803795
H           -3.80398956817509       -0.88863546198798        0.44083129024050
H           -1.36477986591483       -0.78987072874405        0.92080557709969
H           -7.71933287459388       -2.85059567385763       -0.00092285329996
H           -7.63472059376646       -1.06679220669935       -0.15056324465265
H           -7.23460812034739       -3.09676152083906       -2.41742808390402
H           -8.65586329246219       -2.07835840759747       -2.18131301271301
H           -7.10540304814985       -1.33696549562271       -2.59358390622508
33
 energy: -45.543331947154 gnorm: 0.003063848117 xtb: 6.7.1 (edcfbbe)
C            1.35242356644269        0.14031460284964       -0.43926387375503
C            0.77456022930313       -1.01251798275948       -1.25231653157660
C            1.08704280725691       -2.38612313737141       -0.66054408600202
C            0.37761627168492       -2.67013683753030        0.67515675225078
N           -1.05343810511591       -2.78852012288353        0.47893541356739
C           -1.57307039976044       -3.96562843314358        0.10541384601039
C           -2.91693268493646       -4.09990857655142       -0.15967444740553
C           -3.74917409924286       -2.98606884484911       -0.05027984408827
C           -3.18989983703426       -1.77075624788258        0.33523493544542
C           -1.83639244183174       -1.70890796837419        0.59508804454355
C           -5.22365136370565       -3.15752545379596       -0.33771238896543
O           -5.69699811803325       -4.23736534738840       -0.55800592418840
O           -5.85995950585658       -2.00529167486645       -0.29195080526161
C           -7.27803451503530       -2.01884681996426       -0.54885289639098
C           -7.57867908761548       -2.13070667757008       -2.03468107077119
H            0.93256619708804        0.19425833906977        0.56246419219290
H            1.14680750398403        1.08416871651410       -0.93501800422611
H            2.42964911888943        0.03634563261001       -0.34911317985938
H           -0.30569316019410       -0.88566095816344       -1.37221553139452
H            1.20875906394437       -0.97812199317588       -2.25249256863086
H            0.81714742732934       -3.16419023756355       -1.37745235060710
H            2.15950279368882       -2.45830122355953       -0.47845581138343
H            0.75593883282326       -3.60426040302099        1.09342912109102
H            0.58051537124111       -1.86329301128881        1.37960101401737
H           -0.89511689190799       -4.80312711880867        0.02726422494497
H           -3.34032364782693       -5.05061407148779       -0.44854923058419
H           -3.80832488971277       -0.89300514653286        0.43499382731808
H           -1.36867601771153       -0.78866091322660        0.91293561021847
H           -7.72361109759366       -2.85673407954119       -0.00433959262472
H           -7.63538023505784       -1.07230260512516       -0.14109686376708
H           -7.22923445590339       -3.08427457268884       -2.42285207311751
H           -8.65216078613081       -2.06866509552217       -2.18348706563801
H           -7.10028784346963       -1.32295173640683       -2.58363284136287
33
 energy: -45.543340793851 gnorm: 0.001458311869 xtb: 6.7.1 (edcfbbe)
C            1.35019454869040        0.14030781688399       -0.43996515495124
C            0.77297001113606       -1.01369051594754       -1.25180273745358
C            1.08743781592819       -2.38644771059426       -0.65898975325754
C            0.37815135385755       -2.67019470556243        0.67646247529404
N           -1.05310072819699       -2.78855016538529        0.47964271824718
C           -1.57248968767006       -3.96587336911670        0.10659832524096
C           -2.91607912163936       -4.09984497638278       -0.15984225251832
C           -3.74827850679952       -2.98581219666378       -0.05180344903496
C           -3.18897762770632       -1.77031839601948        0.33283235495838
C           -1.83567184155302       -1.70848547727141        0.59364895492001
C           -5.22285631625622       -3.15806395316643       -0.33953758099753
O           -5.69461689566155       -4.23832665344133       -0.56576721917707
O           -5.86034276485923       -2.00635589442799       -0.28988958223051
C           -7.27826725568406       -2.02082233587086       -0.54753903584558
C           -7.57809836737021       -2.12765779299624       -2.03380401340547
H            0.93206150822148        0.19355087332940        0.56272944984283
H            1.14161897307102        1.08358697729155       -0.93589785788842
H            2.42808273668678        0.03847856612309       -0.35192122541507
H           -0.30754629227893       -0.88827412276336       -1.37081165422136
H            1.20617760648468       -0.97958475323333       -2.25235685792999
H            0.81850338210811       -3.16547639235352       -1.37525751939471
H            2.16004339425859       -2.45716440475031       -0.47696274928670
H            0.75608906740009       -3.60425466883308        1.09523852999660
H            0.58047843643624       -1.86329645672266        1.38099545202681
H           -0.89452577226944       -4.80356592043236        0.03005614024197
H           -3.33946090153046       -5.05081561748789       -0.44787194801532
H           -3.80686916575399       -0.89177104416010        0.43006621840300
H           -1.36795826417582       -0.78804710351960        0.91082774951301
H           -7.72273223497271       -2.86141058696696       -0.00623086747676
H           -7.63703412427160       -1.07625927671083       -0.13627432780498
H           -7.22817104292969       -3.07973302384814       -2.42527951139450
H           -8.65147322918370       -2.06542327040843       -2.18312549286537
H           -7.09976869351680       -1.31778344859043       -2.57963757812034
33
 energy: -45.543352869061 gnorm: 0.002074301656 xtb: 6.7.1 (edcfbbe)
C            1.34440512516609        0.13993663256031       -0.44164535308432
C            0.76819712767984       -1.01691276519876       -1.25014990636732
C            1.08793376618470       -2.38770140655203       -0.65492827312553
C            0.38006891165070       -2.67100909085412        0.67993280012433
N           -1.05207533999549       -2.78835039889300        0.48184845852000
C           -1.57109457379048       -3.96580256319287        0.10912310287517
C           -2.91402837605233       -4.09839969358916       -0.16019937830380
C           -3.74565198687084       -2.98330542512209       -0.05560700938930
C           -3.18577951877772       -1.76756395121714        0.32666865576629
C           -1.83290180741800       -1.70676557770993        0.59048887584606
C           -5.22003208842700       -3.15772176120910       -0.34502414790083
O           -5.68873147741317       -4.23876166225391       -0.58047323615017
O           -5.86168606298936       -2.00790604060683       -0.28630653028901
C           -7.27921973318348       -2.02763816242983       -0.54458990900473
C           -7.57667508852493       -2.12021777536784       -2.03203701966316
H            0.92833358765184        0.19400391825288        0.56241358946502
H            1.13145572505464        1.08128607517574       -0.94019947385595
H            2.42356567952315        0.04128287961539       -0.35644026182349
H           -0.31297968088032       -0.89509809648817       -1.36606648212116
H            1.19827319313217       -0.98366757433809       -2.25183866548053
H            0.82108845252797       -3.16884363751424       -1.36983402426358
H            2.16105824312967       -2.45471021755231       -0.47396980021897
H            0.75623245556611       -3.60551947396161        1.09944464902130
H            0.58139586924670       -1.86452398337987        1.38530120586898
H           -0.89351807627796       -4.80404078466631        0.03546715702447
H           -3.33765613239013       -5.04919273879898       -0.44820537752347
H           -3.80148636113421       -0.88678843151024        0.41848126898522
H           -1.36490001271474       -0.78634066018301        0.90697162406740
H           -7.71833661183860       -2.87722340574743       -0.01298761368930
H           -7.64413106326687       -1.08985188336905       -0.12290458660561
H           -7.22522181224857       -3.06796987276696       -2.43256290236359
H           -8.64981729385731       -2.05754119913102       -2.18260283177755
H           -7.09859503846258       -1.30452127199983       -2.56903860456343
33
 energy: -45.543359197641 gnorm: 0.001716569780 xtb: 6.7.1 (edcfbbe)
C            1.34235487276202        0.14002342153764       -0.44248925971712
C            0.76794382179892       -1.01820791810209       -1.25031614179347
C            1.08851189479096       -2.38821945398967       -0.65366747329416
C            0.38018314561841       -2.67078935469519        0.68090017015669
N           -1.05198412963854       -2.78797669701142        0.48204241344228
C           -1.57074210907970       -3.96545307529473        0.10912441914680
C           -2.91355760815363       -4.09805657944346       -0.16064117864998
C           -3.74523115103719       -2.98297546542826       -0.05636971452392
C           -3.18540222002200       -1.76701552328539        0.32501798383699
C           -1.83257864716931       -1.70626556480332        0.58948653050777
C           -5.21957995090682       -3.15830119177778       -0.34503125593181
O           -5.68742487908556       -4.23932508888561       -0.58139260219088
O           -5.86251979681205       -2.00953893775929       -0.28468320624650
C           -7.27986895289841       -2.03114144134751       -0.54361375927074
C           -7.57569341437489       -2.11645788979296       -2.03186419139204
H            0.92508283382062        0.19501012852181        0.56087728071900
H            1.12954894416318        1.08067241582431       -0.94215029546303
H            2.42124236251975        0.04207550441294       -0.35571088656068
H           -0.31322559794556       -0.89754330699814       -1.36708241335033
H            1.19866390333242       -0.98547977162275       -2.25168063614625
H            0.82280916670491       -3.17018880841268       -1.36811799394474
H            2.16160170346154       -2.45412271518579       -0.47211297592415
H            0.75579697687548       -3.60524049956522        1.10109688535199
H            0.58116332258992       -1.86408317833369        1.38616577583146
H           -0.89311851372254       -4.80366152781315        0.03590522317432
H           -3.33720326640121       -5.04889800628113       -0.44847371550364
H           -3.80082832659201       -0.88605150343511        0.41602730576774
H           -1.36464569937176       -0.78570753532723        0.90566301794283
H           -7.71729527545691       -2.88458291134818       -0.01690676684905
H           -7.64737251636549       -1.09652042439017       -0.11723680571681
H           -7.22306111517426       -3.06195789328684       -2.43665173121462
H           -8.64871060258848       -2.05368275941253       -2.18352083727517
H           -7.09736917564232       -1.29771644726676       -2.56406316491931
33
 energy: -45.543379211931 gnorm: 0.002246743079 xtb: 6.7.1 (edcfbbe)
C            1.32912122021002        0.14105253753838       -0.44866525633472
C            0.76786607205340       -1.02633038352254       -1.25275744864947
C            1.09315765192877       -2.39067702696547       -0.64553013873077
C            0.38013933791758       -2.66850668016723        0.68712094843894
N           -1.05153710425840       -2.78583772331942        0.48311985417729
C           -1.56839978924384       -3.96424321882887        0.11064796471180
C           -2.91049438384866       -4.09816470694241       -0.16112069655595
C           -3.74311987701212       -2.98351193940048       -0.05988700061660
C           -3.18442435750258       -1.76563722909240        0.31619243866779
C           -1.83192199993515       -1.70394084483487        0.58354477700139
C           -5.21647262992789       -3.16378785189068       -0.34742845843580
O           -5.67893640232697       -4.24416230707639       -0.59141314773403
O           -5.86789511640681       -2.02135342262736       -0.27366198622470
C           -7.28406167014115       -2.05346721877148       -0.53709294312283
C           -7.56933724360027       -2.08961853769841       -2.03064623010494
H            0.90376323746087        0.20101007991753        0.55053502994193
H            1.11544376815187        1.07709965234958       -0.95581670174878
H            2.40708514033111        0.04950067198156       -0.35224941034472
H           -0.31317602636610       -0.91326610096266       -1.37739241886256
H            1.20488882844454       -0.99727782041395       -2.25135418073911
H            0.83560891981303       -3.17838075787643       -1.35675145007995
H            2.16568210776283       -2.44937988652775       -0.45838419424142
H            0.75333925673024       -3.60203157134588        1.11182165496563
H            0.57869647947571       -1.85988408956751        1.39110756111544
H           -0.89024646425667       -4.80204243937954        0.04024843361641
H           -3.33362793867790       -5.04939589574197       -0.44835393668988
H           -3.79941666512682       -0.88432045468117        0.40261699128899
H           -1.36499845146835       -0.78203488696020        0.89735352465049
H           -7.71140792520711       -2.93232174230638       -0.04371162033975
H           -7.66769960261070       -1.13974458753564       -0.07926588902948
H           -7.20798763707058       -3.01934788869878       -2.46472557339694
H           -8.64151621809465       -2.02740760590333       -2.18883599372360
H           -7.09062451719772       -1.24996812274706       -2.53073450287070
33
 energy: -45.543387261806 gnorm: 0.001565171629 xtb: 6.7.1 (edcfbbe)
C            1.32703484944011        0.14162135181781       -0.45014750477547
C            0.76885073545157       -1.02748719001761       -1.25380215541887
C            1.09434275425897       -2.39065076412279       -0.64429603827372
C            0.37969869308223       -2.66753886433956        0.68801433018392
N           -1.05155815135164       -2.78565873314441        0.48318769014769
C           -1.56789108350504       -3.96460683504689        0.11156367985896
C           -2.90988450958769       -4.09942564549381       -0.16039615148589
C           -3.74316130312191       -2.98520363567344       -0.05979387916651
C           -3.18517875870019       -1.76682037870928        0.31589106313210
C           -1.83272572470054       -1.70417631200422        0.58303013641260
C           -5.21613743326272       -3.16597470571864       -0.34838184313191
O           -5.67735849334214       -4.24611851718548       -0.59664514842351
O           -5.86862334095515       -2.02430286293185       -0.27153277696327
C           -7.28448081326545       -2.05643008180375       -0.53636489479072
C           -7.56859613957361       -2.08423490492663       -2.02991904922306
H            0.89985871361924        0.20208167781739        0.54819987104432
H            1.11295510630198        1.07680084381764       -0.95868025832678
H            2.40491609035618        0.05182341163992       -0.35170355047951
H           -0.31204585673751       -0.91575806839595       -1.38109746223853
H            1.20814363967091       -0.99922631947072       -2.25148483217427
H            0.83854489655644       -3.17958883266756       -1.35472620167384
H            2.16658661559380       -2.44811239760459       -0.45528789577666
H            0.75319751363020       -3.60049657424843        1.11364635580309
H            0.57761114701057       -1.85818781997544        1.39130732410126
H           -0.88938918845919       -4.80222009905122        0.04188894977616
H           -3.33251808833838       -5.05099774545499       -0.44727822173721
H           -3.80095910379610       -0.88602016807945        0.40208458275679
H           -1.36629731328231       -0.78175106488029        0.89610897979259
H           -7.71133328228724       -2.93794786012565       -0.04860991835422
H           -7.66966922842163       -1.14615094493317       -0.07426341409239
H           -7.20535075326723       -3.01066359236563       -2.46866898251944
H           -8.64064544622468       -2.02242536246652       -2.18877763272281
H           -7.09044674279234       -1.24153100425396       -2.52453515126144
33
 energy: -45.543410192079 gnorm: 0.002704311850 xtb: 6.7.1 (edcfbbe)
C            1.31146906127195        0.14532556939010       -0.46091196064884
C            0.77319364027246       -1.03606050617622       -1.26031633369617
C            1.10210783443525       -2.39069470384921       -0.63456371051313
C            0.37757619615971       -2.66099415246530        0.69544481607117
N           -1.05129549015620       -2.78469204135676        0.48505385423404
C           -1.56378870134070       -3.96754724961583        0.11972506632422
C           -2.90483344467383       -4.10818067622202       -0.15489295012451
C           -3.74236467708550       -2.99646241119011       -0.06073923215619
C           -3.18932926634686       -1.77453277099137        0.31197189983340
C           -1.83743749390448       -1.70561052302223        0.57917410566013
C           -5.21259920021189       -3.18081743478580       -0.35893006525231
O           -5.66496358923163       -4.25891174365565       -0.63757674782802
O           -5.87340877397494       -2.04483179676394       -0.25698376684562
C           -7.28747089010417       -2.07829573302090       -0.53007968929492
C           -7.56284966613817       -2.04491165919716       -2.02544661731504
H            0.87355906658980        0.20969461534510        0.53282004635037
H            1.09264353691370        1.07397889570482       -0.97993820501461
H            2.38968165174632        0.06805844134438       -0.35100296217575
H           -0.30706404804863       -0.93424465511825       -1.40342239103036
H            1.22589275843760       -1.01350229609997       -2.25265231676273
H            0.85824557253164       -3.18841082753096       -1.33926083324203
H            2.17273645585805       -2.43886825406701       -0.43402872331459
H            0.75284306517181       -3.59000229740068        1.12790413721523
H            0.57058874337940       -1.84655226618736        1.39405543037362
H           -0.88292219114811       -4.80402347487943        0.05633181595357
H           -3.32391734448385       -5.06229560375366       -0.43889791122055
H           -3.80989764299726       -0.89636537073115        0.39439675688964
H           -1.37441323083925       -0.77950383334835        0.88680096479974
H           -7.70842965360428       -2.98378581370488       -0.08343780270372
H           -7.68372367770250       -1.19222529762858       -0.03199455502957
H           -7.18666549326900       -2.94791786194718       -2.50169603276524
H           -8.63444719810265       -1.98738041491473       -2.18741466503814
H           -7.09122590940424       -1.17681585215857       -2.48096142173374
33
 energy: -45.543418320348 gnorm: 0.001598195088 xtb: 6.7.1 (edcfbbe)
C            1.30985410810329        0.14548273968174       -0.46292724404712
C            0.77323803726009       -1.03717841735315       -1.26124313385005
C            1.10254680177528       -2.39065575933517       -0.63328010862311
C            0.37779024354971       -2.65974889188952        0.69678217120256
N           -1.05094838453754       -2.78450545848098        0.48638201915489
C           -1.56266484793475       -3.96766671569194        0.12105633694630
C           -2.90345045158141       -4.10907422677928       -0.15439918796079
C           -3.74176612449056       -2.99789121555678       -0.06069126456119
C           -3.18982936621454       -1.77592023385363        0.31360478459742
C           -1.83809696144003       -1.70611449299076        0.58103983031743
C           -5.21133320664607       -3.18255145195570       -0.36168525405548
O           -5.66299346996526       -4.25985797628086       -0.64198823839524
O           -5.87326237881755       -2.04757781835156       -0.25812649146234
C           -7.28734377510775       -2.08163221014118       -0.53090702772548
C           -7.56349166901765       -2.03928761604128       -2.02496603569584
H            0.86691155568287        0.21411366965107        0.52871305763874
H            1.09504310484122        1.07255060447172       -0.98681149665592
H            2.38772316121206        0.06652753532856       -0.34784539358402
H           -0.30682952558704       -0.93642209651065       -1.40552862991045
H            1.22711722517717       -1.01563818985843       -2.25301802612505
H            0.85929289521947       -3.18932597221829       -1.33686640990861
H            2.17302434585809       -2.43799781798637       -0.43236128470829
H            0.75351807988693       -3.58803335701229        1.13030220452336
H            0.57031572008453       -1.84433562118228        1.39431828016090
H           -0.88134645752310       -4.80376008659058        0.05786752322091
H           -3.32164782521786       -5.06325683090588       -0.43930560625713
H           -3.81121657388360       -0.89827435193990        0.39660544482718
H           -1.37578858337816       -0.77983909630894        0.88906706919340
H           -7.70618514685290       -2.99051852802059       -0.09040742140720
H           -7.68517170438048       -1.19986730864969       -0.02727366044011
H           -7.18489737726529       -2.93756707910802       -2.50670773735297
H           -8.63535633877327       -1.98408906017688       -2.18582121957495
H           -7.09526511003636       -1.16746666796133       -2.47504784948239
33
 energy: -45.543423221942 gnorm: 0.000531988865 xtb: 6.7.1 (edcfbbe)
C            1.30999723997584        0.14547070895130       -0.46380627737628
C            0.77212567423589       -1.03757369330221       -1.26072400770787
C            1.10149803093835       -2.39123933192301       -0.63289046001579
C            0.37821354297678       -2.65904588393874        0.69757375828430
N           -1.05096548059131       -2.78438635998006        0.48746516493691
C           -1.56194819939057       -3.96743255143700        0.12126101219869
C           -2.90245241227911       -4.10912043456359       -0.15517657210825
C           -3.74105539755066       -2.99829889276896       -0.06159760985809
C           -3.18965887880264       -1.77634969066551        0.31334319025734
C           -1.83820667635951       -1.70624166174585        0.58194332233121
C           -5.21085829372465       -3.18318405374548       -0.36248037806438
O           -5.66195163969189       -4.25955541512407       -0.64455138661785
O           -5.87263242175513       -2.04857368066943       -0.25826662332864
C           -7.28685392505459       -2.08221632706826       -0.53105168026436
C           -7.56388955132131       -2.03849806370574       -2.02493831423105
H            0.86673895748528        0.21587980615275        0.52721387489223
H            1.09730956754362        1.07258977833297       -0.98810231313073
H            2.38733137548278        0.06479038609035       -0.34759526967027
H           -0.30792008106936       -0.93654929813953       -1.40341219957508
H            1.22452273950538       -1.01664473559565       -2.25291742763944
H            0.85727782460076       -3.18994893865251       -1.33623622445051
H            2.17232435891376       -2.43891177522772       -0.43350653964840
H            0.75382692598894       -3.58684839137934        1.13231907762493
H            0.57016530592459       -1.84293780050073        1.39447389324773
H           -0.88017932691126       -4.80305257730899        0.05818663585701
H           -3.31991761473382       -5.06349224379913       -0.44048021838714
H           -3.81096071067920       -0.89885893320786        0.39659922099426
H           -1.37628165167963       -0.77999843787579        0.89045323596205
H           -7.70620766628479       -2.99114445855173       -0.09026134090075
H           -7.68362443729050       -1.20033944205654       -0.02646146979655
H           -7.18485822728443       -2.93554731099133       -2.50832563846755
H           -8.63606137827389       -1.98504696307914       -2.18548392598464
H           -7.09735757284419       -1.16507333252230       -2.47403650936373
