19
 energy: -23.935803303897 gnorm: 0.043233429909 xtb: 6.7.1 (edcfbbe)
C            0.89715000000000       -0.00308000000000       -0.09315000000000
N            0.56032000000000        1.08111000000000       -1.01249000000000
C            0.81457000000000        2.42284000000000       -0.77982000000000
C            0.34802000000000        3.10731000000000       -1.86206000000000
N           -0.17741000000000        2.16846000000000       -2.73245000000000
C           -0.03549000000000        0.92936000000000       -2.21474000000000
C           -0.46717000000000       -0.34605000000000       -2.86109000000000
C           -0.79763000000000        2.46928000000000       -4.02046000000000
H            0.00874000000000       -0.61527000000000        0.08268000000000
H            1.24192000000000        0.40355000000000        0.86151000000000
H            1.69109000000000       -0.60916000000000       -0.53729000000000
H            1.29687000000000        2.71991000000000        0.13555000000000
H            0.32079000000000        4.15026000000000       -2.12690000000000
H           -1.55509000000000       -0.31484000000000       -2.93392000000000
H           -0.00041000000000       -0.38311000000000       -3.84633000000000
H           -0.13948000000000       -1.18607000000000       -2.25027000000000
H           -0.25003000000000        1.94958000000000       -4.81091000000000
H           -1.83742000000000        2.13228000000000       -4.00084000000000
H           -0.77069000000000        3.54530000000000       -4.21231000000000
19
 energy: -23.939020917614 gnorm: 0.017999829810 xtb: 6.7.1 (edcfbbe)
C            0.89818714830604        0.00319892835574       -0.10242748877822
N            0.56206080738445        1.08166170875704       -1.01128486740445
C            0.80634801432162        2.41346398868796       -0.78454854996222
C            0.34361598624427        3.09479910392207       -1.86262212046778
N           -0.17520333401087        2.16884917708572       -2.73165900367913
C           -0.03243681190731        0.94353832194924       -2.20542852820007
C           -0.46340544761699       -0.32020858670331       -2.85121929488878
C           -0.79023357585014        2.46106100822469       -4.01050424194736
H            0.01874076099708       -0.61256777618894        0.08632080137178
H            1.24216593902818        0.42074062539505        0.84121430172589
H            1.69175996690077       -0.61188196408615       -0.52860112253143
H            1.28452158331570        2.72832711301827        0.12092560068280
H            0.32562150605901        4.13728891272706       -2.10892351574932
H           -1.54782248349970       -0.33041018863941       -2.95084352805878
H           -0.02325899988666       -0.39204201405950       -3.84423218916162
H           -0.15047842532905       -1.17675930373963       -2.26347305543340
H           -0.25303123078943        1.94924672031316       -4.80929192359221
H           -1.82928105709177        2.13024622511666       -4.00684220770587
H           -0.75922034657518        3.53310799986430       -4.19184906621983
19
 energy: -23.939592333488 gnorm: 0.006141065165 xtb: 6.7.1 (edcfbbe)
C            0.89865396560097        0.00718753595549       -0.10640157476056
N            0.56183650505385        1.07738875314411       -1.01139250538054
C            0.80162611872058        2.40348340826886       -0.78842177041203
C            0.33915349515896        3.08514884468507       -1.86526188617198
N           -0.17591477309430        2.16672333014825       -2.73379753774106
C           -0.03188245159910        0.94784120032732       -2.20242416076015
C           -0.46204952916593       -0.30691656412933       -2.84696466323867
C           -0.78558999745673        2.45615113381684       -4.00516964684427
H            0.02463248485813       -0.61188643039380        0.09264713678651
H            1.24700141882151        0.43226293794374        0.83105123458323
H            1.69063803022302       -0.61419439114556       -0.52536983691669
H            1.27609625982971        2.73981531623546        0.11005322184210
H            0.33014057519965        4.13164522434769       -2.08989853204187
H           -1.54639259760560       -0.33202324196513       -2.95830958603138
H           -0.03361583185517       -0.39059287379868       -3.84532569368181
H           -0.15574454922449       -1.17221329073417       -2.26853388593751
H           -0.25220217419071        1.94772459110774       -4.80817587242719
H           -1.82467075949323        2.12650693504496       -4.01162826970650
H           -0.75306618978111        3.52760758114114       -4.18196617115963
19
 energy: -23.939659963484 gnorm: 0.003438530488 xtb: 6.7.1 (edcfbbe)
C            0.89991465629484        0.00763332445054       -0.10600242607511
N            0.56124130167920        1.07515209804604       -1.01122282267800
C            0.79992760258942        2.40091725418372       -0.78814811026549
C            0.33735284202171        3.08353280725203       -1.86566079681343
N           -0.17706716709321        2.16593176727536       -2.73458182813534
C           -0.03270589573907        0.94660016203730       -2.20279353954399
C           -0.46349196700299       -0.30674758099728       -2.84803589103345
C           -0.78432198987981        2.45523897889326       -4.00534065766148
H            0.02699111200064       -0.61180437842286        0.09851991162429
H            1.25241539637841        0.43450838355088        0.82961240225834
H            1.69025093825241       -0.61626577017839       -0.52534328368283
H            1.27296771166572        2.74741951471333        0.10750416297971
H            0.33296130247235        4.13237392898552       -2.08032678949569
H           -1.54813837070408       -0.33026048175704       -2.95928480240109
H           -0.03555368318699       -0.38895068865747       -3.84706107257494
H           -0.15790707524732       -1.17316661650197       -2.27046143522549
H           -0.25003072772648        1.94764340099871       -4.80894534917447
H           -1.82359681459276        2.12483285923431       -4.01526920929692
H           -0.75255917218200        3.52707103689400       -4.18244846280463
19
 energy: -23.939691024043 gnorm: 0.001291948781 xtb: 6.7.1 (edcfbbe)
C            0.90163661017920        0.00741915492007       -0.10505310490782
N            0.56026296331116        1.07340383019581       -1.01070487025314
C            0.79810087280882        2.39923592450584       -0.78710606609766
C            0.33513907892330        3.08289694437078       -1.86538652594480
N           -0.17846256015245        2.16551473019448       -2.73483846160181
C           -0.03360139475103        0.94492880925455       -2.20335477167349
C           -0.46562203060267       -0.30805970101500       -2.84989911755174
C           -0.78303329153965        2.45449434456008       -4.00666041962813
H            0.02892173708583       -0.61057649814704        0.10662765175278
H            1.26093911691792        0.43538577606229        0.82801550443171
H            1.68846558830838       -0.61950104625849       -0.52749975507381
H            1.26960895837860        2.75589727055324        0.10543223526401
H            0.33529019380892        4.13379640503688       -2.06986153668239
H           -1.55064796684221       -0.32789163292644       -2.95960157189633
H           -0.03692617260276       -0.38760943570516       -3.84897002892821
H           -0.16041182761886       -1.17472686487506       -2.27236425985148
H           -0.24588758669745        1.94802525053836       -4.80976468610876
H           -1.82211831313609        2.12228045563222       -4.01994012590354
H           -0.75300397577897        3.52674628310258       -4.18436008934539
19
 energy: -23.939695096392 gnorm: 0.000574256353 xtb: 6.7.1 (edcfbbe)
C            0.90234183984902        0.00692016687291       -0.10506087428340
N            0.55980309681375        1.07361977273054       -1.01033413699333
C            0.79703966969895        2.39941185955606       -0.78633560177438
C            0.33409525662228        3.08319381820625       -1.86486225288423
N           -0.17886604068311        2.16575598153204       -2.73443263935786
C           -0.03363480448845        0.94489374223067       -2.20327709755491
C           -0.46625492505157       -0.30836363661305       -2.85014511142276
C           -0.78236858315188        2.45415635537773       -4.00760418155180
H            0.02869106077719       -0.60830817519751        0.11055547708336
H            1.26668577857051        0.43465879541282        0.82607963442498
H            1.68566175363083       -0.62197641841064       -0.53096744524926
H            1.26786421014376        2.75770632151050        0.10559608877513
H            0.33472826746848        4.13416959043607       -2.06744387598333
H           -1.55132088036984       -0.32698678796066       -2.95926783050043
H           -0.03721270918379       -0.38767697562047       -3.84898265662638
H           -0.16135093195559       -1.17483691361214       -2.27233487203368
H           -0.24274084647211        1.94862778039608       -4.80957461045107
H           -1.82077516686904        2.12020624815402       -4.02194951721061
H           -0.75373604534940        3.52648847499877       -4.18494849640604
