36
 energy: -43.159685088308 gnorm: 0.059302479518 xtb: 6.7.1 (edcfbbe)
C            0.78765000000000       -0.19315000000000       -0.56227000000000
N            0.37771000000000        1.19396000000000       -0.57734000000000
N           -0.95722000000000        1.48829000000000       -0.68509000000000
C           -0.98391000000000        2.77153000000000       -0.64229000000000
N            0.26429000000000        3.33726000000000       -0.50244000000000
C            1.11887000000000        2.30469000000000       -0.48571000000000
C            0.59121000000000        4.75181000000000       -0.40171000000000
C            0.50791000000000        5.26216000000000        1.03600000000000
C            1.50395000000000        4.61553000000000        2.00610000000000
C            2.98311000000000        4.82415000000000        1.66412000000000
C            3.45797000000000        6.28047000000000        1.68274000000000
C            3.35329000000000        6.98687000000000        3.03892000000000
C            4.11035000000000        6.31962000000000        4.19085000000000
C            5.60578000000000        6.19251000000000        3.94273000000000
H            0.42333000000000       -0.69070000000000       -1.46470000000000
H            0.37554000000000       -0.67982000000000        0.32573000000000
H            1.87886000000000       -0.25103000000000       -0.53242000000000
H           -1.85679000000000        3.40620000000000       -0.69657000000000
H            2.19694000000000        2.35182000000000       -0.39853000000000
H            1.58454000000000        4.91374000000000       -0.83198000000000
H           -0.11853000000000        5.30541000000000       -1.02802000000000
H            0.64223000000000        6.34946000000000        1.03754000000000
H           -0.50420000000000        5.07716000000000        1.41724000000000
H            1.30466000000000        4.99528000000000        3.01492000000000
H            1.30863000000000        3.53768000000000        2.05538000000000
H            3.58755000000000        4.23421000000000        2.36278000000000
H            3.19493000000000        4.40472000000000        0.67447000000000
H            4.50009000000000        6.30908000000000        1.34259000000000
H            2.89418000000000        6.86036000000000        0.94271000000000
H            3.72695000000000        8.01195000000000        2.92076000000000
H            2.29845000000000        7.08296000000000        3.32157000000000
H            3.95822000000000        6.91952000000000        5.09631000000000
H            3.68932000000000        5.33091000000000        4.40325000000000
H            6.04936000000000        7.16541000000000        3.70877000000000
H            6.10313000000000        5.79925000000000        4.83518000000000
H            5.81925000000000        5.50700000000000        3.11731000000000
36
 energy: -43.163492101714 gnorm: 0.027593025982 xtb: 6.7.1 (edcfbbe)
C            0.79548402791034       -0.18213471646662       -0.56321129490147
N            0.38188527732074        1.19670276199781       -0.57111656808948
N           -0.92877179714774        1.50670392851609       -0.67367820928205
C           -0.97909882656877        2.79361287071712       -0.63185095599602
N            0.26568594305386        3.34498087116567       -0.50701852773599
C            1.10700374129540        2.30327269360492       -0.47004370888853
C            0.59193044720141        4.75374892237078       -0.40476354163081
C            0.50670719566844        5.25152550130838        1.03960972743601
C            1.50814290016369        4.60386473780293        1.99965016729302
C            2.98453939993270        4.82386170904039        1.65943074087591
C            3.45448007899315        6.27983133168512        1.68325399008369
C            3.34561046855866        6.98223252419066        3.03862510896771
C            4.10680344168420        6.31531790010992        4.18591408746412
C            5.60406861564746        6.19072240477236        3.93922867102787
H            0.42044885537657       -0.67824920720455       -1.45837670358733
H            0.37470343279215       -0.67822247783108        0.31218585217422
H            1.88232709616666       -0.24585731619276       -0.53383599110600
H           -1.86189223112661        3.40447546041306       -0.69121352087479
H            2.17682846371449        2.34709069709959       -0.38255070574591
H            1.59317080345210        4.90463855155476       -0.81458759799867
H           -0.11875428427069        5.30625098099981       -1.02672841620578
H            0.65865037246489        6.33207544158056        1.02509038083707
H           -0.50549665494788        5.07549777744404        1.41674370168377
H            1.31314570978685        5.00115880387135        2.99773176211826
H            1.31369145752974        3.52648285233016        2.05276249470137
H            3.58129596796883        4.24791758892377        2.37086840158725
H            3.20173692784030        4.41166602798496        0.66816047645887
H            4.49757516405448        6.30113739166376        1.35710968836608
H            2.88829149202787        6.85941529329814        0.94790026460909
H            3.72897810367154        7.99934914466390        2.91551096833044
H            2.29275050253409        7.07409276826778        3.32107364952910
H            3.95033348157982        6.91901037155568        5.08433097268626
H            3.68693575674915        5.32717702799532        4.39216692145877
H            6.03851789162340        7.16168412234097        3.70648539911655
H            6.10015530520824        5.80366618641018        4.82834416897165
H            5.81973547209046        5.51156907201505        3.11569814626576
36
 energy: -43.164325960416 gnorm: 0.009041118872 xtb: 6.7.1 (edcfbbe)
C            0.79736379872190       -0.16951890605304       -0.55898132712806
N            0.38049342645184        1.20208190107768       -0.56072155312813
N           -0.91010685873772        1.51654754358607       -0.66196380588799
C           -0.97409282435423        2.80839380670608       -0.62880734398482
N            0.26907164036556        3.35052953773296       -0.51115323918237
C            1.10213845468619        2.30527869852951       -0.46221791736589
C            0.59698918541716        4.75449314157443       -0.40550785892399
C            0.51042362887334        5.24854990210143        1.04305425762582
C            1.51203333666374        4.59565680070738        1.99692325195505
C            2.98722992409063        4.81913351944921        1.65451858334249
C            3.45036471161631        6.27754299257943        1.68009508471874
C            3.33834901441415        6.97719679448143        3.03636280814181
C            4.09984167136367        6.30831249771024        4.18250049474932
C            5.59880451644941        6.19163828472600        3.93365988382692
H            0.41506808403733       -0.66310068954739       -1.45209872159835
H            0.37496278902186       -0.67626955996706        0.30923204277774
H            1.88192560938085       -0.23265266594452       -0.53392984614337
H           -1.86975204366566        3.39379603687906       -0.69045867566952
H            2.16908006564817        2.34949345160940       -0.37415635336813
H            1.60349083611502        4.90286465318110       -0.79895819149950
H           -0.11204361834472        5.30747156594434       -1.02476111007332
H            0.67432693257345        6.32511608161804        1.02354647747005
H           -0.50099897537657        5.07620252286893        1.41738301855822
H            1.32161563954378        4.99748235727111        2.99139175292086
H            1.31998947697866        3.51863810522325        2.04932284378319
H            3.58085271840712        4.25150452772073        2.37161049321732
H            3.21048169485056        4.41135198549437        0.66355152331962
H            4.49374729461029        6.29703513400145        1.36308224091640
H            2.88480231297647        6.85760844354607        0.94684861685359
H            3.72373552190868        7.99120470625764        2.91268090527625
H            2.28725857294411        7.06493861706112        3.31997015603494
H            3.94149711196663        6.91096019339296        5.07892958047626
H            3.68449118432793        5.31848301327049        4.38376453088494
H            6.02418940057265        7.16447374108768        3.70170360136129
H            6.09401138835266        5.80832475618102        4.82163768177603
H            5.81596437714872        5.51550650794139        3.11084611396663
36
 energy: -43.164457178054 gnorm: 0.005043994660 xtb: 6.7.1 (edcfbbe)
C            0.79642666434149       -0.16354339024316       -0.55519156746956
N            0.37764446568541        1.20655235769810       -0.55349570991628
N           -0.90877468034079        1.52058240787076       -0.65551029265978
C           -0.97247458613300        2.81444630080741       -0.62666510587603
N            0.27142483853606        3.35403870528123       -0.51134531756855
C            1.10371312929465        2.30891709460033       -0.45892629597645
C            0.60165288547798        4.75647305200710       -0.40553092921330
C            0.51421418307446        5.24826929051730        1.04483851335599
C            1.51502428684556        4.59055059267465        1.99587927852198
C            2.99005024619248        4.81530822985690        1.65252382071165
C            3.44974005997245        6.27520902330739        1.67758845691288
C            3.33225502466544        6.97355480699660        3.03439109315218
C            4.09471103401438        6.30393938550218        4.17974619912330
C            5.59457313939887        6.19307778808386        3.93067693444064
H            0.41302816849688       -0.65581428532049       -1.44919650387921
H            0.37654621110359       -0.67487022466785        0.31195200414666
H            1.88106628366732       -0.22513286780918       -0.53261876851432
H           -1.87392390389732        3.38945681786051       -0.69163426547115
H            2.17119144702864        2.35452815298385       -0.37078224257732
H            1.60956772354109        4.90491665025811       -0.79450851853972
H           -0.10530578470958        5.31194308453361       -1.02427932080156
H            0.68201045668036        6.32399286931440        1.02758450849732
H           -0.49744598483140        5.07757728408217        1.41851170440247
H            1.32714658057471        4.98928466033229        2.99191906573328
H            1.32262427881530        3.51363037316369        2.04547548619035
H            3.58510181193617        4.24968076194099        2.36956779268040
H            3.21457617069950        4.40771532226047        0.66212824170196
H            4.49353145175713        6.29781064084627        1.36272958186049
H            2.88407810543362        6.85383931373339        0.94363434363044
H            3.71583126933482        7.98832282076084        2.91294961304401
H            2.28064006841057        7.05860983819280        3.31676085074655
H            3.93402303899867        6.90338106379858        5.07771639900062
H            3.68282616242817        5.31212359656631        4.37779401600458
H            6.01481953648133        7.16832994304424        3.69868436330864
H            6.09178541079102        5.81135839718592        4.81836099981795
H            5.81370080623389        5.51821014197845        3.10717157147893
36
 energy: -43.164555977554 gnorm: 0.003166559365 xtb: 6.7.1 (edcfbbe)
C            0.79505013090464       -0.15526386625392       -0.54800972918193
N            0.37337711649148        1.21408789156247       -0.54283182692280
N           -0.91038638430572        1.52868978681551       -0.64554535897473
C           -0.97031635018442        2.82469954521399       -0.62303635069146
N            0.27463267563339        3.36072633875046       -0.51124355634745
C            1.10667645197413        2.31544624230013       -0.45534151125427
C            0.60903754623087        4.76135072904784       -0.40465859247850
C            0.52178609910846        5.24834729400626        1.04829542853631
C            1.52144457982420        4.58144180344093        1.99395159841093
C            2.99591980824703        4.80826212672466        1.64857213187310
C            3.44883986868643        6.27058375721499        1.67312359963187
C            3.32256222921397        6.96667653077167        3.03054507078645
C            4.08554255035154        6.29668708875629        4.17545195341589
C            5.58644423439480        6.19676767074409        3.92637446451295
H            0.41140512810651       -0.64634590683457       -1.44326753929417
H            0.37977607132828       -0.67121179665810        0.31897012585931
H            1.88019471995882       -0.21415774905581       -0.52856958070031
H           -1.87892651314252        3.38731870748662       -0.69227525987257
H            2.17470200652959        2.36280424615169       -0.36698735522005
H            1.61813670736444        4.90913948744955       -0.79028015105806
H           -0.09445016489022        5.32196982646239       -1.02268295199770
H            0.69355820691389        6.32352153819704        1.03753783292667
H           -0.49045680794629        5.07917916826760        1.42103234158602
H            1.33655034184347        4.97173640328858        2.99423904437925
H            1.32799624840180        3.50439689375151        2.03627678902879
H            3.59428979850424        4.24463642375303        2.36457546074525
H            3.22128643245202        4.40046609539756        0.65864039963985
H            4.49354701085366        6.29956468313485        1.36137187848944
H            2.88312238100585        6.84604170575730        0.93666182686319
H            3.70075890539525        7.98420941041089        2.91365179586446
H            2.26937595474873        7.04584207193396        3.30943229100019
H            3.91990887009143        6.89017572894473        5.07667863204554
H            3.67967918361653        5.30117804208247        4.36802668719366
H            5.99912831770054        7.17573378014845        3.69432531458622
H            6.08723748186907        5.81796708638797        4.81375504879701
H            5.81016916272397        5.52360121444694        3.10214004782169
36
 energy: -43.164583891790 gnorm: 0.002830415921 xtb: 6.7.1 (edcfbbe)
C            0.79464037106732       -0.15181093522734       -0.54400144098257
N            0.37217698947973        1.21777619770394       -0.53935752576689
N           -0.91191674915984        1.53361925539376       -0.64174648401081
C           -0.96956737689926        2.82992424000258       -0.62116504609364
N            0.27547198459351        3.36468147555260       -0.51148921567960
C            1.10717876187907        2.31869533930600       -0.45481570988154
C            0.61192698710728        4.76474311740658       -0.40367174578760
C            0.52589683677149        5.24778571347320        1.05057566869258
C            1.52578904238185        4.57592845671444        1.99240143448118
C            2.99967218528735        4.80480867696107        1.64605770082579
C            3.44913552481744        6.26802132725935        1.67077089944679
C            3.31758778486831        6.96286740132603        3.02820339615697
C            4.08081328162066        6.29352959702397        4.17313038922110
C            5.58209090981691        6.19910723005604        3.92535948433382
H            0.41152009203201       -0.64335174419868       -1.43919073820263
H            0.38058822324675       -0.66756736564907        0.32355882541342
H            1.87997776674058       -0.20940444638073       -0.52488352293348
H           -1.87972688351138        3.38994459172464       -0.69103102455869
H            2.17509250353725        2.36620360907069       -0.36657016225953
H            1.62101633632582        4.91168499284521       -0.78982629846801
H           -0.09054675760572        5.32794673528026       -1.02070500800784
H            0.69846489949782        6.32294575458072        1.04411259919496
H           -0.48641279558507        5.07841369363393        1.42331142765527
H            1.34182257162364        4.96058829521980        2.99522622283739
H            1.33205439066551        3.49862403279268        2.02953708618040
H            3.59992462836195        4.24169944943531        2.36111131828185
H            3.22492453600225        4.39735321137397        0.65587870180793
H            4.49439215649987        6.30026782953082        1.36073768992731
H            2.88345878964823        6.84173193137165        0.93277751711551
H            3.69250893393436        7.98199331869403        2.91347196536081
H            2.26341582506406        7.03850301779481        3.30481764781852
H            3.91193367332980        6.88436957763717        5.07559854633780
H            3.67798040708692        5.29627133624528        4.36327450600872
H            5.99134666000013        7.17953050499929        3.69318713506707
H            6.08416951127839        5.82228264113632        4.81294796862750
H            5.80879799819481        5.52656193990973        3.10130579184016
36
 energy: -43.164615853129 gnorm: 0.001892211886 xtb: 6.7.1 (edcfbbe)
C            0.79385362292643       -0.14834845938161       -0.53954470133642
N            0.37138153239078        1.22180244271920       -0.53726547871020
N           -0.91403717555781        1.53937849722747       -0.63830111489737
C           -0.96924161146145        2.83548587613315       -0.61906582289171
N            0.27571125965708        3.36936742450718       -0.51213755368276
C            1.10667872509718        2.32219772791431       -0.45534399329785
C            0.61437797666873        4.76897540303489       -0.40192838517991
C            0.53098248159060        5.24605683459420        1.05392301329393
C            1.53235191662066        4.56872450494722        1.99012344077821
C            3.00515474120880        4.80134254315379        1.64233610492379
C            3.45012729186181        6.26557993372323        1.66784401562884
C            3.31216959865945        6.95901388596320        3.02506750446212
C            4.07490096624276        6.29084147049950        4.17070676590797
C            5.57652751469982        6.20170797363137        3.92540346312634
H            0.41162677492231       -0.64122669772508       -1.43410350606477
H            0.37982627802921       -0.66202783555659        0.32901387982293
H            1.87929539007030       -0.20491493932209       -0.51969483410270
H           -1.87944246341645        3.39569094971727       -0.68819619448740
H            2.17440676712521        2.36923932675941       -0.36793902615218
H            1.62297852693234        4.91482967549543       -0.79020832510271
H           -0.08786974711244        5.33497886970799       -1.01688590400722
H            0.70356661092714        6.32132513855067        1.05292837356141
H           -0.48097122144177        5.07543668290706        1.42743271856168
H            1.34927961961117        4.94583093138678        2.99612028107075
H            1.33924711659735        3.49091155021746        2.02010101706515
H            3.60786948601498        4.23884122796451        2.35603659425863
H            3.23006771264751        4.39489167728144        0.65148770158399
H            4.49616926468984        6.30142501349996        1.36056186239903
H            2.88491785788137        6.83733395918892        0.92779732459395
H            3.68325143304044        7.97991877158691        2.91267519592200
H            2.25682558745431        7.03033943820480        3.29859783217572
H            3.90202672431629        6.87941512241762        5.07395320143094
H            3.67494415071913        5.29196958276607        4.35847617718859
H            5.98271421532907        7.18317468923095        3.69274641182118
H            6.07901938838205        5.82756678043533        4.81384430285417
H            5.80691168667553        5.52919402661818        3.10233765748192
36
 energy: -43.164658902182 gnorm: 0.002877401279 xtb: 6.7.1 (edcfbbe)
C            0.79132750397798       -0.14135644840210       -0.53113508497834
N            0.37000365773430        1.22950658064418       -0.53496723755324
N           -0.91719109836388        1.54934140201003       -0.63290554739313
C           -0.96954663454900        2.84503178013057       -0.61599573530656
N            0.27554183311140        3.37798746418038       -0.51435643911664
C            1.10489816561615        2.32900377431901       -0.45780037235358
C            0.61743853091955        4.77668295530949       -0.39841474698420
C            0.54059100843943        5.24105239503256        1.06112552536531
C            1.54651084125590        4.55385286088964        1.98510781790851
C            3.01695013284227        4.79498336366961        1.63389772453396
C            3.45307981277888        6.26143951315697        1.66184383600234
C            3.30218012329572        6.95235219132523        3.01865031466413
C            4.06313311100524        6.28686639228911        4.16675054306427
C            5.56591760940172        6.20677326649794        3.92751653981913
H            0.41053473927281       -0.63767756981063       -1.42398621899608
H            0.37546930606610       -0.65007710043228        0.33922311368917
H            1.87673113017717       -0.19747822073148       -0.50895103551675
H           -1.87873000838826        3.40764791978624       -0.68269310362142
H            2.17269191818965        2.37487732273480       -0.37363096055562
H            1.62475812135370        4.92169359222895       -0.79082087646923
H           -0.08594945816920        5.34763377451181       -1.00760297251313
H            0.71309070632586        6.31637006590484        1.07026884151788
H           -0.46987114665999        5.06708663579962        1.43746511543220
H            1.36596869059744        4.91670057974896        2.99690191378364
H            1.35611289027793        3.47498985362050        2.00145884882995
H            3.62459288546595        4.23399409169267        2.34474283890319
H            3.24132893600661        4.39174191800930        0.64140946467210
H            4.50078182703428        6.30369855857699        1.36101480922534
H            2.88923679534896        6.82987958098526        0.91807502327329
H            3.66664873921480        7.97610007826400        2.91026806422451
H            2.24472650731290        7.01570290422435        3.28606311321269
H            3.88249949190747        6.87262710570431        5.07029276213349
H            3.66799670748890        5.28537843716134        4.35073721403907
H            5.96669697902189        7.18999605590770        3.69362245543441
H            6.06770903784914        5.83828220120321        4.81855070529312
H            5.80374060683979        5.53358472385714        3.10717374633618
36
 energy: -43.164682401228 gnorm: 0.002627609207 xtb: 6.7.1 (edcfbbe)
C            0.78903491122477       -0.13715912783232       -0.52665275961504
N            0.36882856116373        1.23378710656730       -0.53421113833393
N           -0.91837977903732        1.55388669569493       -0.63045392174830
C           -0.97042991202873        2.84955228739005       -0.61512754855977
N            0.27519743611598        3.38225606704085       -0.51626083853252
C            1.10399501820312        2.33300099006714       -0.45983462464643
C            0.61789743974682        4.78033576586453       -0.39669903772539
C            0.54564170858035        5.23731430303658        1.06540058933914
C            1.55499880544314        4.54534395998247        1.98198708249844
C            3.02407225690427        4.79137048095359        1.62836674939966
C            3.45546132422979        6.25922121335733        1.65824413307433
C            3.29724014609619        6.94889735971275        3.01485109235594
C            4.05658188845318        6.28525774260482        4.16516000304295
C            5.56041822260016        6.21005813451162        3.93031825238374
H            0.40878371241632       -0.63573105476028       -1.41848903325292
H            0.37151378123799       -0.64317473709165        0.34455704002912
H            1.87432290366944       -0.19419298202848       -0.50294742801534
H           -1.87885588655277        3.41361996348825       -0.68062650587868
H            2.17215188651727        2.37837554484344       -0.37852453247179
H            1.62421331017142        4.92644174064881       -0.79110535760299
H           -0.08717041495376        5.35391182549484       -1.00133120750013
H            0.71824013981707        6.31247815372618        1.07973453195283
H           -0.46347314737583        5.06113234944039        1.44424151400062
H            1.37672184845041        4.90101809829804        2.99661653074025
H            1.36656135441552        3.46608326268756        1.99167295205585
H            3.63457893748031        4.23116689151680        2.33727039627907
H            3.24806086241763        4.39069794536630        0.63477785828423
H            4.50409875107998        6.30480791100007        1.36148625804757
H            2.89263791651406        6.82615799762133        0.91262520094155
H            3.65847043635253        7.97390375412332        2.90837340271359
H            2.23870176487878        7.00819787070337        3.27867774547446
H            3.87136938470494        6.87017507184345        5.06827150822582
H            3.66408856747163        5.28242615924238        4.34743326799337
H            5.95817929794641        7.19439554763791        3.69593524597060
H            6.06089614067483        5.84486843413011        4.82339795859565
H            5.80295042496976        5.53638727311651        3.11176462048441
36
 energy: -43.164716897945 gnorm: 0.001578619101 xtb: 6.7.1 (edcfbbe)
C            0.78408932599774       -0.13023181131893       -0.51931855469339
N            0.36626783217647        1.24089752601982       -0.53374728590484
N           -0.92047527714313        1.56104329390782       -0.62725004221939
C           -0.97273260941242        2.85666734467260       -0.61459561982380
N            0.27408456552051        3.38906991169783       -0.52008855792219
C            1.10234590249471        2.33985117256001       -0.46387070758775
C            0.61717068295821        4.78609361688498       -0.39370991500278
C            0.55427790181032        5.22998493287841        1.07320263817260
C            1.57053417537570        4.53044586171541        1.97630815508977
C            3.03705763343473        4.78524765691247        1.61781490226362
C            3.46074778216959        6.25542516349772        1.65179496341657
C            3.28955312757293        6.94316534521019        3.00792958975217
C            4.04536993644087        6.28317378151424        4.16284631393281
C            5.55134075879339        6.21664479778506        3.93741046019395
H            0.40500979087565       -0.63288834438845       -1.40948470660298
H            0.36302226541599       -0.63130188299608        0.35327880800282
H            1.86913396282140       -0.18970450757635       -0.49241526683452
H           -1.87934945009662        3.42383397463819       -0.67824726294481
H            2.17117347174609        2.38433006999817       -0.38811897155876
H            1.62111247186804        4.93572795876678       -0.79249126322631
H           -0.09214545055805        5.36413241624898       -0.98885292176159
H            0.72652354694089        6.30491029640239        1.09622694304875
H           -0.45199436538440        5.04928502062846        1.45734373616257
H            1.39688414006978        4.87414968450620        2.99571185496698
H            1.38586482082814        3.45054740571198        1.97507524249173
H            3.65285091002915        4.22578944514710        2.32256754380665
H            3.25976422150706        4.38989572908574        0.62188255640170
H            4.51104673908479        6.30647846393133        1.36235656434787
H            2.90002931062934        6.82008031714903        0.90298078364945
H            3.64554625701170        7.97017656660725        2.90451258224610
H            2.22909744231580        6.99591495413392        3.26512777422688
H            3.85130218057342        6.86703793007886        5.06474257452867
H            3.65755685389707        5.27802428072931        4.34227432918078
H            5.94410030575592        7.20297122584254        3.70282302326166
H            6.04836640717519        5.85711733145442        4.83468049706274
H            5.80307242930321        5.54228306996311        3.12219923987612
36
 energy: -43.164738448382 gnorm: 0.001255288850 xtb: 6.7.1 (edcfbbe)
C            0.77555132891332       -0.12047944865436       -0.50926319599022
N            0.36116156556796        1.25108235984300       -0.53329490594743
N           -0.92444567771909        1.57158991231354       -0.62342163375462
C           -0.97685136484041        2.86725085757623       -0.61459667952431
N            0.27171450468755        3.39873967768571       -0.52558690446041
C            1.09940723028548        2.34964877572697       -0.46935055762638
C            0.61483592868644        4.79413318408773       -0.38880175999906
C            0.56765456159590        5.21840003704159        1.08536443859693
C            1.59501791501457        4.50833687159956        1.96755777119300
C            3.05742933856556        4.77602843491641        1.60091766212258
C            3.47013935490109        6.24945159056416        1.64171033725192
C            3.27924816892355        6.93444072377847        2.99684237300421
C            4.02848136949041        6.28021907063679        4.15952275203912
C            5.53789949875478        6.22846243968626        3.95080583434191
H            0.39872330281621       -0.62857346860971       -1.39747609990154
H            0.34911040404935       -0.61468846387075        0.36495649167522
H            1.86025101822341       -0.18348397464872       -0.47721772670854
H           -1.88104679583867        3.43831887790889       -0.67630560257647
H            2.16897732896453        2.39272061548482       -0.40136495529833
H            1.61436086943402        4.95050304815361       -0.79584295311594
H           -0.10214197863385        5.37875441516800       -0.96810307044698
H            0.73890348568725        6.29302158708735        1.12098691363013
H           -0.43397070917566        5.03051702223920        1.47820760080037
H            1.42900572461651        4.83444293148209        2.99403354809970
H            1.41577916632730        3.42760743994507        1.95060794127808
H            3.68163929384174        4.21663162288676        2.29828240907565
H            3.27698130614960        4.38940872003126        0.60090192492482
H            4.52300753380482        6.30831912838953        1.36353169824447
H            2.91313841964992        6.81097548340578        0.88780337570349
H            3.62757312629304        7.96445309155300        2.89791538059163
H            2.21578499986306        6.97784913340677        3.24330284286521
H            3.81894220279298        6.86179502713145        5.05960313031344
H            3.64856234196429        5.27105567450489        4.33365903116457
H            5.92291304000342        7.21830466835549        3.71777624988565
H            6.02832617385036        5.87678429461812        4.85484235414369
H            5.80553602248803        5.55424863857583        3.14039398440415
36
 energy: -43.164744961263 gnorm: 0.000781404459 xtb: 6.7.1 (edcfbbe)
C            0.77429875341776       -0.12099118038248       -0.51044417114584
N            0.35970516880635        1.25065541308950       -0.53357058790548
N           -0.92566025132190        1.57160980483543       -0.62457725247152
C           -0.97761583111801        2.86734580131282       -0.61518453540403
N            0.27082824562330        3.39832437767089       -0.52492170980994
C            1.09845840483367        2.34903292526164       -0.46850895231814
C            0.61387766606730        4.79361892104162       -0.38797252586357
C            0.56859855842142        5.21774562315343        1.08593272229916
C            1.59653883299855        4.50834698206786        1.96721784313775
C            3.05855768930115        4.77590292892052        1.59974943102585
C            3.47186959240724        6.24900295016165        1.64116650524846
C            3.28024672928352        6.93410589872602        2.99585670571030
C            4.02813962928699        6.28017214205893        4.15935727853588
C            5.53774499381866        6.23088708122824        3.95381628700365
H            0.39797215907388       -0.62824571110071       -1.39925925129876
H            0.34776358533980       -0.61590319932585        0.36316956957399
H            1.85899661519949       -0.18360537289358       -0.47802412999483
H           -1.88216291218985        3.43767350412276       -0.67758142078156
H            2.16780732934789        2.39193466291542       -0.39966679812063
H            1.61252613920266        4.95095242244567       -0.79673849853450
H           -0.10416974642907        5.37804597045091       -0.96572647775382
H            0.73963035787470        6.29231037477828        1.12120731142311
H           -0.43257103587799        5.02956889730302        1.47956137256506
H            1.43130117172254        4.83470579811956        2.99341044956642
H            1.41692265298690        3.42788168200912        1.95082004355057
H            3.68322575721018        4.21565599629723        2.29599291772288
H            3.27691330694207        4.38992662279968        0.59926230751705
H            4.52479211558297        6.30754216042666        1.36351300231723
H            2.91557695818116        6.81078106901924        0.88691055793729
H            3.62874942789608        7.96402081805556        2.89682350966465
H            2.21671519861777        6.97794992390971        3.24137122875118
H            3.81593628239194        6.86061521688856        5.05941081185255
H            3.64953582810868        5.27033350837992        4.33214261861507
H            5.92201172008653        7.22151519272902        3.72306082535644
H            6.02662280985172        5.87842994508722        4.85827448149455
H            5.80791609705266        5.55842084843737        3.14304853053317
36
 energy: -43.164757504517 gnorm: 0.000815476582 xtb: 6.7.1 (edcfbbe)
C            0.77065829455219       -0.12287630977196       -0.51453821216709
N            0.35548540963076        1.24906177259662       -0.53416423117467
N           -0.92947992452138        1.57125243335759       -0.62770268795471
C           -0.97985892313453        2.86724576349036       -0.61642698997301
N            0.26822651614052        3.39695146414837       -0.52243434415990
C            1.09531683186985        2.34681143426062       -0.46540372266093
C            0.61146120017789        4.79229746458602       -0.38600973688255
C            0.57123582761209        5.21708059081604        1.08751275926995
C            1.60072763300415        4.50844305250050        1.96707725994996
C            3.06185805358775        4.77541667770276        1.59628043777712
C            3.47666329804451        6.24799730951087        1.63938956894714
C            3.28260855320867        6.93358743293345        2.99328181298094
C            4.02683176122101        6.27972368764896        4.15888811432058
C            5.53744175861001        6.23797147725439        3.96215109294251
H            0.39531898174685       -0.62734499017853       -1.40526198165930
H            0.34414117688676       -0.62052830858968        0.35731154902142
H            1.85541965638322       -0.18445628293701       -0.48169151082767
H           -1.88553821234002        3.43549412714994       -0.68058006666384
H            2.16428933621898        2.38919215302061       -0.39351951267020
H            1.60808347418209        4.95061288765790       -0.79971838534916
H           -0.10939854483323        5.37617379119309       -0.96054085521290
H            0.74212459269956        6.29177493015610        1.12138864659168
H           -0.42896624487905        5.02927299465328        1.48383565610170
H            1.43784981641462        4.83569504339176        2.99330633947930
H            1.42076995429618        3.42802464142140        1.95215805692462
H            3.68795021614006        4.21297327265870        2.28964124954720
H            3.27719627595727        4.39128922574654        0.59436470916734
H            4.53021650014465        6.30542208704956        1.36367890940179
H            2.92252969239396        6.81046199498037        0.88385613338763
H            3.63244643833550        7.96320006082637        2.89476069254107
H            2.21853510373881        6.97893033572565        3.23606837724265
H            3.80636683550845        6.85621554721797        5.05950051212699
H            3.65202314050311        5.26756327496399        4.32641925657582
H            5.91919825757795        7.23145298902010        3.73937316941578
H            6.02239562997199        5.88238066889728        4.86747426472102
H            5.81547163294737        5.57150530494098        3.14917366892127
36
 energy: -43.164766065398 gnorm: 0.000959213987 xtb: 6.7.1 (edcfbbe)
C            0.76635397953293       -0.12425751963089       -0.51841735699586
N            0.35122482375383        1.24785884656122       -0.53533365325045
N           -0.93352392454454        1.57083218961527       -0.63137392765007
C           -0.98301311468567        2.86689707530804       -0.61784551026353
N            0.26487688869189        3.39582055894178       -0.52002531929369
C            1.09136192747147        2.34508826200442       -0.46303358223920
C            0.60853768833842        4.79120962422213       -0.38353278931983
C            0.57427214429640        5.21585500016011        1.09015951818104
C            1.60670342549872        4.50715772366437        1.96630825836932
C            3.06687259169078        4.77449952797399        1.59194612456984
C            3.48235877649881        6.24693318316462        1.63662100990780
C            3.28462716411271        6.93280798473941        2.98986712275120
C            4.02431666681607        6.27876931256919        4.15830923873570
C            5.53646572035252        6.24636593690482        3.97186658038453
H            0.39185375704800       -0.62642660838113       -1.41080064068351
H            0.33908789532032       -0.62409095123038        0.35181023269375
H            1.85110455768697       -0.18577247488584       -0.48480668242954
H           -1.88900154706558        3.43456629596951       -0.68322332126696
H            2.16018677031397        2.38696795455309       -0.38844719175755
H            1.60327426162477        4.95001844178729       -0.80179066082585
H           -0.11505335416691        5.37517077041227       -0.95471034785079
H            0.74598025828663        6.29051977899832        1.12320242744429
H           -0.42472257992095        5.02884706318949        1.49012193430526
H            1.44651480700451        4.83434492904126        2.99300535385847
H            1.42645969518956        3.42675311293283        1.95195207188061
H            3.69504447905195        4.21021478195269        2.28205638663360
H            3.27886403849035        4.39260950390725        0.58845739157620
H            4.53676215055651        6.30372461806832        1.36388588871379
H            2.93066682725093        6.80964263313319        0.87943960131708
H            3.63541390123596        7.96221623624395        2.89224635079624
H            2.21970644212442        6.97908051667368        3.22896462552376
H            3.79476081975087        6.85078565682116        5.05956821761907
H            3.65409480766518        5.26388274291348        4.31967817016246
H            5.91466740799436        7.24333732704771        3.75834820771890
H            6.01708366942898        5.88720439095918        4.87816860858886
H            5.82341617730325        5.58683557369530        3.15625766209451
36
 energy: -43.164771774361 gnorm: 0.000673990831 xtb: 6.7.1 (edcfbbe)
C            0.76188190263163       -0.12549387314636       -0.52240119717359
N            0.34733063608254        1.24671821115626       -0.53693563930544
N           -0.93725749914887        1.57013802352616       -0.63496239036568
C           -0.98651852162355        2.86616746287669       -0.61927449268132
N            0.26136049063074        3.39474594616683       -0.51770194257330
C            1.08728219215364        2.34362036540872       -0.46088742874148
C            0.60593837442805        4.79002276308793       -0.38105416774614
C            0.57753737661849        5.21469899820348        1.09286260268895
C            1.61248723014478        4.50550911614857        1.96589992063800
C            3.07153967623929        4.77360182252318        1.58742075754782
C            3.48763406170293        6.24596466188652        1.63394026737906
C            3.28633458448471        6.93228485906154        2.98659851301824
C            4.02189391528026        6.27809095892618        4.15754301796963
C            5.53550099828511        6.25465060520034        3.98119245762567
H            0.38808366341531       -0.62569265310431       -1.41622977363533
H            0.33343832016917       -0.62713598545467        0.34626130707751
H            1.84655640157083       -0.18765215805083       -0.48776472951984
H           -1.89211823322743        3.43437803956480       -0.68567481395082
H            2.15601935798215        2.38509674143357       -0.38368054429562
H            1.59928299549558        4.94854340013481       -0.80262524070070
H           -0.11953978304986        5.37434198044860       -0.94957508498249
H            0.75013803096405        6.28926442364726        1.12491966495448
H           -0.42002891438490        5.02847805020202        1.49669587749600
H            1.45503227220382        4.83198058769196        2.99341621616623
H            1.43276238587943        3.42492509488663        1.95127907283892
H            3.70147747735173        4.20806016902534        2.27483921952916
H            3.28096539507580        4.39368547173554        0.58260822611284
H            4.54283300613339        6.30213964320196        1.36410362191449
H            2.93829225426059        6.80896294424575        0.87531638605031
H            3.63832757472322        7.96137214070954        2.89018439108077
H            2.22064588404026        6.97940871262851        3.22219914267359
H            3.78307740838007        6.84547504734278        5.05938527277765
H            3.65635041469530        5.26058927965574        4.31246411540960
H            5.90974023275806        7.25518338719947        3.77774982156321
H            6.01178565291077        5.89137592359883        4.88817695306669
H            5.83153278474115        5.60276983823187        3.16261062009224
36
 energy: -43.164774089939 gnorm: 0.000298430018 xtb: 6.7.1 (edcfbbe)
C            0.75860352533653       -0.12627423040486       -0.52496380954216
N            0.34490254133535        1.24604258963408       -0.53811387721192
N           -0.93948581717377        1.56981515312144       -0.63753391314175
C           -0.98881633534810        2.86572801936738       -0.62014702675426
N            0.25923593760101        3.39407296641976       -0.51631229856839
C            1.08475981591879        2.34273410116373       -0.45979599608240
C            0.60496148928161        4.78905932287294       -0.37929462361424
C            0.57920080355795        5.21369272345472        1.09478790522832
C            1.61626760065448        4.50411419546551        1.96529643781612
C            3.07486577158062        4.77306941800067        1.58539942870621
C            3.49063431257597        6.24566827047572        1.63211775948910
C            3.28726616807988        6.93201617666944        2.98457796512447
C            4.02027276334795        6.27747409395548        4.15703465543050
C            5.53469906811950        6.26027392144821        3.98670580602724
H            0.38523127261386       -0.62513409820485       -1.41976240442926
H            0.32899126244135       -0.62893445194655        0.34261667892835
H            1.84320315073212       -0.18936856404589       -0.48947937301313
H           -1.89370231926486        3.43504393312298       -0.68685743458398
H            2.15348602886547        2.38390984857925       -0.38115943071528
H            1.59792053285630        4.94674555852520       -0.80202590611088
H           -0.12086694387476        5.37420815463653       -0.94659546637979
H            0.75277991504558        6.28813773868859        1.12627100320647
H           -0.41759980572108        5.02821478671915        1.50086837478524
H            1.46029665937487        4.82970152137979        2.99334536775338
H            1.43693248146076        3.42344084154446        1.95012514784182
H            3.70611770143508        4.20714649872278        2.27135272792921
H            3.28290934460420        4.39422858547906        0.57993953650226
H            4.54631127239845        6.30163101280114        1.36403135759533
H            2.94246495457989        6.80867008458824        0.87263149842368
H            3.63979573327437        7.96097380503843        2.88872500072153
H            2.22112885773974        6.97946888849797        3.21814532863663
H            3.77603163589441        6.84181226591855        5.05923366567567
H            3.65793512629713        5.25827458182502        4.30795063250855
H            5.90624986104534        7.26311952507861        3.79018456796970
H            6.00847514151991        5.89367237675966        4.89368027795691
H            5.83614049181224        5.61382038464901        3.16592043588999
