30
 energy: -35.272652548415 gnorm: 0.036542712105 xtb: 6.7.1 (edcfbbe)
C            1.34585000000000       -0.37232000000000        0.56314000000000
C            0.75483000000000        0.51679000000000        1.64723000000000
C            0.94218000000000        2.01350000000000        1.38134000000000
C            0.22584000000000        2.55772000000000        0.14608000000000
N           -1.23451000000000        2.72363000000000        0.40384000000000
C           -2.04876000000000        1.69880000000000        0.04702000000000
C           -3.42169000000000        1.77302000000000        0.19620000000000
C           -3.98245000000000        2.93290000000000        0.69666000000000
C           -3.16115000000000        4.00571000000000        1.04824000000000
C           -1.75379000000000        3.88098000000000        0.92706000000000
C           -0.85607000000000        5.03556000000000        1.29515000000000
C           -3.80758000000000        5.26452000000000        1.56915000000000
H            0.80732000000000       -0.26973000000000       -0.38290000000000
H            1.28479000000000       -1.42295000000000        0.86482000000000
H            2.39958000000000       -0.13218000000000        0.38904000000000
H           -0.30448000000000        0.27817000000000        1.78560000000000
H            1.25151000000000        0.27456000000000        2.59491000000000
H            0.61677000000000        2.55842000000000        2.27472000000000
H            2.01567000000000        2.21007000000000        1.26944000000000
H            0.62583000000000        3.53340000000000       -0.14720000000000
H            0.34799000000000        1.91277000000000       -0.72999000000000
H           -1.58441000000000        0.80650000000000       -0.36482000000000
H           -4.05448000000000        0.93533000000000       -0.08856000000000
H           -5.06548000000000        3.00088000000000        0.80229000000000
H           -0.72273000000000        5.68783000000000        0.42692000000000
H           -1.27422000000000        5.62428000000000        2.11707000000000
H            0.12418000000000        4.70589000000000        1.64445000000000
H           -4.89340000000000        5.24693000000000        1.42538000000000
H           -3.61168000000000        5.37416000000000        2.64022000000000
H           -3.42929000000000        6.14090000000000        1.03293000000000
30
 energy: -35.276279947166 gnorm: 0.015018023624 xtb: 6.7.1 (edcfbbe)
C            1.33810668124257       -0.36744230689559        0.55688804069503
C            0.74337903410864        0.52182829997050        1.64138798420684
C            0.93484393451082        2.01950160036323        1.38813362863635
C            0.20316896640933        2.57285471954215        0.16428884024585
N           -1.24576328510620        2.73615456048157        0.39359798426509
C           -2.04091894516432        1.70617252817824        0.05219209181323
C           -3.40691078563229        1.76824464266057        0.20252341800972
C           -3.97144915674403        2.93122778296295        0.69909919599652
C           -3.15677900501498        4.00211995776148        1.05270231427321
C           -1.76304713207827        3.87823291029917        0.91301085893860
C           -0.86411384985266        5.01097694301953        1.29045855501326
C           -3.78413374586073        5.26148007864333        1.56558649380800
H            0.81282563801287       -0.27019476691859       -0.39225684500947
H            1.27959340943228       -1.41141102083218        0.85884621178854
H            2.38700791320546       -0.12665888565477        0.39257200214186
H           -0.31668327166430        0.29011756903300        1.77731151564937
H            1.24044707811600        0.28873081501858        2.58657421647817
H            0.61417437046249        2.56750589449620        2.27774525776974
H            2.00329514296112        2.21163461369168        1.25544686700461
H            0.61419021656470        3.54196511249965       -0.12547094622952
H            0.32822709399972        1.90427525926989       -0.69012667652148
H           -1.56629690695748        0.82641809896288       -0.35840904086212
H           -4.02578875711930        0.93032356386968       -0.08406990395914
H           -5.04571500520092        3.00700259203614        0.80120267695697
H           -0.73135390593600        5.67298567033960        0.43357104333611
H           -1.30474634109663        5.59540062488399        2.09631397457255
H            0.11566412604563        4.68074944382923        1.62754387005516
H           -4.86367069678942        5.22701036392092        1.42852300428915
H           -3.58623829730625        5.38203884334265        2.63019903176817
H           -3.40514451754792        6.13679449122433        1.04004433486966
30
 energy: -35.276869847036 gnorm: 0.005482014655 xtb: 6.7.1 (edcfbbe)
C            1.32800477423897       -0.35590817036896        0.55353042747168
C            0.72695502369899        0.52984768283182        1.63881818842220
C            0.92556357699230        2.02725782135152        1.39172577576008
C            0.19119322396289        2.58159612207737        0.16467067980898
N           -1.24567482002105        2.73724687338000        0.39143373557127
C           -2.03186447584262        1.70434638609434        0.05554841699784
C           -3.39572647449960        1.76002333096594        0.20612153994653
C           -3.96273902932034        2.92586777728328        0.69869884348291
C           -3.15132084329022        3.99715728986542        1.05150871179437
C           -1.76211055963579        3.87046233521093        0.90973102986041
C           -0.86804357852729        4.99760846399534        1.29023638072630
C           -3.76778867226024        5.25615090658726        1.56303688257326
H            0.81162793836651       -0.25780848100801       -0.39881824043074
H            1.26656403769217       -1.39747197536891        0.85443738677063
H            2.37619559184847       -0.11364999673909        0.39967547245864
H           -0.33451019060232        0.30258751061603        1.76663003878338
H            1.21978883021139        0.29394158795346        2.58312171571834
H            0.61301689260766        2.57272624559197        2.28451345731489
H            1.99062208098367        2.21467903082785        1.24455300847949
H            0.60781929028771        3.54644550800011       -0.12354407571295
H            0.32332582372957        1.89896227704550       -0.67613172825887
H           -1.55020064534600        0.83180830030088       -0.35559720070260
H           -4.00620637505074        0.91823656632196       -0.07393070273284
H           -5.03279173421301        3.00465028148537        0.80475332692324
H           -0.73078706377946        5.66554185302236        0.43826670936384
H           -1.32103195186821        5.58053859116078        2.08692065884632
H            0.10901864173540        4.66941388307163        1.62664714211197
H           -4.84548828188585        5.22175905749165        1.43515453861440
H           -3.56181770772185        5.38394324928687        2.62475527193429
H           -3.38542332249124        6.12807969166529        1.03896260810275
30
 energy: -35.276974928594 gnorm: 0.002652060349 xtb: 6.7.1 (edcfbbe)
C            1.31989873599417       -0.34881529062614        0.55277489418803
C            0.71558862744336        0.53624593761296        1.63729655410955
C            0.92373403972328        2.03250389589361        1.39259561583486
C            0.19046203216994        2.58524536914320        0.16134402724481
N           -1.24283619323794        2.73686165743011        0.38609945486930
C           -2.02761440811389        1.70087796067283        0.05417989866877
C           -3.39115316671850        1.75267734009594        0.21052036006145
C           -3.95927067275106        2.91876369111688        0.70250172782745
C           -3.14923915376550        3.99247208655085        1.05164523936663
C           -1.75944446065398        3.86753464751551        0.90663781893206
C           -0.86680937734675        4.99421629700679        1.29173332452148
C           -3.76231759756435        5.25244091893224        1.56232706808225
H            0.80936557987975       -0.24662782147243       -0.40243794190871
H            1.25402108636708       -1.39102374847286        0.85054364550468
H            2.36933889399003       -0.10719605034803        0.40607920491909
H           -0.34790077797823        0.31400897896180        1.75718506964031
H            1.20091174131405        0.29522223858899        2.58389990776387
H            0.61246565129216        2.57905242105092        2.28476371271090
H            1.98879737803225        2.21520640055065        1.24422377965258
H            0.60874371943663        3.54874762838011       -0.12717364062432
H            0.33019259307759        1.89887089003051       -0.67458360208456
H           -1.54336452601118        0.82979798762890       -0.35695953160107
H           -3.99919491008661        0.90797072978862       -0.06541658817990
H           -5.02930579387307        2.99818345421896        0.80855145402347
H           -0.72627556877241        5.66461566586942        0.44143489535442
H           -1.32232060956683        5.57583646856627        2.08749156813705
H            0.10912564726971        4.66600413124388        1.63033686047584
H           -4.84090204802042        5.22015853574302        1.44267909598401
H           -3.54766154948599        5.38447227850279        2.62260296184165
H           -3.38086491204353        6.12171529982363        1.03255316468408
30
 energy: -35.277057922375 gnorm: 0.002590723004 xtb: 6.7.1 (edcfbbe)
C            1.30669785450771       -0.33995361833887        0.55288911310082
C            0.69813178340553        0.54556562586028        1.63493859266242
C            0.92227229766285        2.03939442109704        1.39270832701521
C            0.19363923162267        2.59130711366288        0.15536258589433
N           -1.23690164275884        2.73636104836897        0.37888503076431
C           -2.02052834257179        1.69638671510802        0.05079417471256
C           -3.38346375654765        1.74257998436404        0.21672163126208
C           -3.95364496873298        2.90791513729297        0.70834521488407
C           -3.14601256769128        3.98528392354676        1.05245091930869
C           -1.75478908064153        3.86400066262661        0.90442537066397
C           -0.86356785065900        4.99161438557350        1.29315181370149
C           -3.75675102458040        5.24630330958604        1.56227439979232
H            0.80581926267616       -0.22995362297995       -0.40703671254727
H            1.23164860972149       -1.38349424390037        0.84478185524251
H            2.35892238020611       -0.10258568426902        0.41718180809361
H           -0.36911551417584        0.33349701348862        1.74175077053568
H            1.16937363387444        0.29596881175694        2.58665431441215
H            0.61175509915314        2.58959297346035        2.28257404765237
H            1.98856320148255        2.21373735861774        1.24632007671116
H            0.61207618577928        3.55480569196841       -0.13269909386319
H            0.34321491739279        1.90307783366543       -0.67679136555307
H           -1.53371448137448        0.82804303251261       -0.36404048381402
H           -3.98869941848854        0.89272407462736       -0.05136209697466
H           -5.02394865242593        2.98408854534766        0.81997118590349
H           -0.71852967462349        5.66333204827553        0.44410541040810
H           -1.32077798763233        5.57204034852804        2.08876129237439
H            0.11103818167900        4.66255170529202        1.63563711548871
H           -4.83700322592543        5.21444576029371        1.45561255794751
H           -3.52893962340713        5.38541939508538        2.61976161543725
H           -3.38059482692752        6.11199024948116        1.02130052878306
30
 energy: -35.277091502829 gnorm: 0.002647284069 xtb: 6.7.1 (edcfbbe)
C            1.29862202298903       -0.33774230451188        0.55392889070236
C            0.68898404152065        0.54980962332769        1.63346341488015
C            0.92259182108344        2.04194429758677        1.39189037656632
C            0.19781202711669        2.59511793422976        0.15252801587708
N           -1.23301552284746        2.73739128338629        0.37519775365707
C           -2.01559471105522        1.69592308905777        0.04750200697048
C           -3.37790129940187        1.73830995866906        0.21968143734319
C           -3.94959504532500        2.90166356977131        0.71372889889039
C           -3.14383859459710        3.98152117972086        1.05427145319820
C           -1.75230346719372        3.86350415628487        0.90377774907821
C           -0.86179979368342        4.99212487796561        1.29247866071292
C           -3.75566816708554        5.24229712179212        1.56379838525355
H            0.80344829924125       -0.22317276564924       -0.40854087360661
H            1.21670127598393       -1.38158844739962        0.84311692448216
H            2.35277694077880       -0.10544072043111        0.42402672662112
H           -0.38023157820646        0.34422894921730        1.73391475621362
H            1.15232845316417        0.29641023793714        2.58813537118369
H            0.61271641953457        2.59492011238322        2.28029229304875
H            1.99017157120585        2.21091175487184        1.24793166427506
H            0.61531594993193        3.55973122210147       -0.13377574254941
H            0.35042279265723        1.90851844728595       -0.68028045359634
H           -1.52808643477776        0.82986046729554       -0.37172670034259
H           -3.98186269893627        0.88643802303759       -0.04578220697271
H           -5.02003887291362        2.97453107913340        0.82876232491057
H           -0.71516597397631        5.66264563450100        0.44305960941793
H           -1.31937553393104        5.57310788665425        2.08764150784508
H            0.11234179394965        4.66287892526492        1.63709136822687
H           -4.83665890601595        5.20702038942531        1.46457080896963
H           -3.52088960531490        5.38649642108553        2.61898131152951
H           -3.38603720389615        6.10667759600511        1.01576426721382
30
 energy: -35.277141107690 gnorm: 0.002001354389 xtb: 6.7.1 (edcfbbe)
C            1.28605536047202       -0.33769779591145        0.55619829513410
C            0.67564226350809        0.55469359346062        1.63081025750044
C            0.92369195479689        2.04415482696695        1.38956082346345
C            0.20570620672794        2.60181088765812        0.14904617859367
N           -1.22677018496810        2.74085151352035        0.37018740217853
C           -2.00676226127639        1.69766332017348        0.04150182543432
C           -3.36797271698872        1.73327506712704        0.22318295745077
C           -3.94245116519160        2.89240234297153        0.72318785564918
C           -3.14012791326269        3.97635925422382        1.05843961561940
C           -1.74879051144631        3.86444626367103        0.90321473430965
C           -0.85985170560037        4.99515258208959        1.29010638137446
C           -3.75598365565732        5.23585313513390        1.56736777318562
H            0.80092826735942       -0.21610431702384       -0.41060154032904
H            1.19127471346848       -1.38134825189846        0.84228436348910
H            2.34370109432057       -0.11591071326929        0.43600212478187
H           -0.39628660847484        0.35910392412605        1.72246406923285
H            1.12764303983442        0.29699348853090        2.58976135738133
H            0.61601124811662        2.60139172918648        2.27625701500246
H            1.99345398246921        2.20417893235818        1.24926318360784
H            0.62188457987996        3.56872200731721       -0.13242966082325
H            0.36052683914896        1.91980193292029       -0.68714545522383
H           -1.51857706781982        0.83596939073585       -0.38622769964558
H           -3.96982870876969        0.87890274987116       -0.03967757506784
H           -5.01269984242530        2.95819348708771        0.84594950451184
H           -0.71090215168102        5.66206670009369        0.43890432096069
H           -1.31872352281434        5.57865218866781        2.08294772986509
H            0.11346580833982        4.66652804583032        1.63879776081287
H           -4.83780272064187        5.19144098174337        1.47993225062149
H           -3.51067177092074        5.38973539803864        2.61828720468399
H           -3.39961285050415        6.09875733459864        1.00785694624462
30
 energy: -35.277187826428 gnorm: 0.001807369526 xtb: 6.7.1 (edcfbbe)
C            1.27089408909199       -0.34059747375785        0.55938512965938
C            0.66075772271834        0.55927386399322        1.62757985999290
C            0.92541014574196        2.04572479730564        1.38588500839247
C            0.21501694779631        2.61055659061220        0.14552686751789
N           -1.21936265392073        2.74686315194566        0.36430063842300
C           -1.99528422805597        1.70170317748193        0.03380631539321
C           -3.35528446753304        1.72831657939891        0.22584685835511
C           -3.93331805164489        2.88174004005927        0.73460306003069
C           -3.13558350417981        3.97089405140246        1.06401873093840
C           -1.74489486367268        3.86708671236316        0.90188220360330
C           -0.85876214169733        5.00075068285773        1.28621705535466
C           -3.75762527013767        5.22765798959459        1.57305742855430
H            0.79881421387990       -0.21083734263822       -0.41286254486836
H            1.15851240336275       -1.38326468397723        0.84308688511182
H            2.33300468825670       -0.13361055583042        0.45142964279381
H           -0.41393330181607        0.37490338559735        1.71046471865243
H            1.10134209333509        0.29817289890839        2.59080450263306
H            0.62231263931380        2.60739114615154        2.27159783964882
H            1.99740205374355        2.19456825609529        1.24799148970123
H            0.63105995145231        3.57978966041343       -0.12854038526264
H            0.37128578954526        1.93447341169961       -0.69545930908946
H           -1.50602962729219        0.84555186497472       -0.40372652647674
H           -3.95414055014870        0.87145605910328       -0.03561802160841
H           -5.00287587336801        2.93864404834243        0.86744150498987
H           -0.70636262298708        5.66250680816542        0.43200655459864
H           -1.32098732168528        5.58859228814161        2.07402092166234
H            0.11319196932951        4.67413753577212        1.64114939729768
H           -4.84010029937496        5.17036001146563        1.50036933508457
H           -3.49957368841195        5.39387023798018        2.61862837229781
H           -3.41871624164230        6.08936480637749        1.00053646661836
30
 energy: -35.277234741312 gnorm: 0.002173752588 xtb: 6.7.1 (edcfbbe)
C            1.25070006039963       -0.34775421862486        0.56411592931911
C            0.64369363549018        0.56397615166631        1.62402162487391
C            0.92856772348020        2.04663619067778        1.38030386083630
C            0.22622176595586        2.62258456966693        0.14175891696149
N           -1.20992426537645        2.75662755148286        0.35694480872951
C           -1.97984502193228        1.70884764868315        0.02353337748118
C           -3.33848705642091        1.72337085532551        0.22619422207604
C           -3.92114198912307        2.86892615354223        0.74743800389670
C           -3.12995193959568        3.96466935220918        1.07143428927172
C           -1.74021518264810        3.87216141572805        0.89928131743095
C           -0.85896894960798        5.01078507270511        1.27918661213243
C           -3.76120120297042        5.21588539063760        1.58323430255345
H            0.79636190841136       -0.20745592832275       -0.41501234488311
H            1.11243407440036       -1.38805726852317        0.84588372365623
H            2.31856038770358       -0.16317428587321        0.47214929204148
H           -0.43371010880379        0.39303211163048        1.69897756966301
H            1.07324835397039        0.30073648904775        2.59128493782184
H            0.63434584425988        2.61308541927480        2.26616856286607
H            2.00257725881764        2.18046316213788        1.24190881776989
H            0.64429862321605        3.59396559156756       -0.12090396514842
H            0.38397890999643        1.95431972155682       -0.70560279364727
H           -1.48858894810867        0.85980065599844       -0.42492883791236
H           -3.93277381693599        0.86372555176639       -0.03562285247490
H           -4.98926382550905        2.91456358290069        0.89360214047200
H           -0.70036136257694        5.66403330260343        0.41943398788302
H           -1.32798286435988        5.60658528557360        2.05685691757175
H            0.11050134838157        4.68852914009776        1.64486045326726
H           -4.84376882055987        5.14113437062151        1.53046845877836
H           -3.48691964216616        5.39677533822166        2.62183087123560
H           -3.44621489778955        6.07726162601985        0.99662779547694
30
 energy: -35.277257002218 gnorm: 0.001565523522 xtb: 6.7.1 (edcfbbe)
C            1.24353857169804       -0.35109555358464        0.56605813202167
C            0.64002654657527        0.56543222237492        1.62394038170173
C            0.93051677689857        2.04677006488311        1.37828091967472
C            0.22889078366152        2.62645765718031        0.14083493723584
N           -1.20709338770952        2.76015143894406        0.35483659332776
C           -1.97520124202450        1.71144590799119        0.02036671188052
C           -3.33362010388994        1.72265429072937        0.22388632649268
C           -3.91751943002609        2.86573084979910        0.74902371459467
C           -3.12854372349894        3.96297677828465        1.07346052064957
C           -1.73895392329283        3.87420798054300        0.89794075669104
C           -0.85971275490971        5.01510817680825        1.27549118740958
C           -3.76268182511799        5.21107779415734        1.58890772784257
H            0.79464815212755       -0.20724179220634       -0.41470877704516
H            1.09541460159111       -1.38991493631384        0.84740710803593
H            2.31287999693267       -0.17555207650412        0.47856115790785
H           -0.43780108525085        0.39828831977107        1.69911717953337
H            1.06886539113888        0.30254824148120        2.59147712133444
H            0.64083962046496        2.61453371735195        2.26472461670138
H            2.00451107340234        2.17571749759521        1.23708728203615
H            0.64856148122252        3.59798702174115       -0.11777599557206
H            0.38756318049176        1.96035229798754       -0.70802773006169
H           -1.48272894237965        0.86419713275468       -0.42968407171232
H           -3.92623744538934        0.86249851924738       -0.03960105838087
H           -4.98505518143893        2.90884773798397        0.89799314692789
H           -0.69738406203805        5.66374939437736        0.41266007800678
H           -1.33211317988889        5.61532084731962        2.04741274950939
H            0.10826727233863        4.69505047698089        1.64681645844447
H           -4.84475983983130        5.13128320827728        1.54280201373980
H           -3.48345779577739        5.39396029713192        2.62558911966976
H           -3.45548952608170        6.07349648691167        1.00055169140275
30
 energy: -35.277296890877 gnorm: 0.001233370443 xtb: 6.7.1 (edcfbbe)
C            1.22647947210032       -0.35844477488057        0.57066907875063
C            0.63353876167450        0.56949382129425        1.62513926142881
C            0.93663744826940        2.04770404850973        1.37378992820121
C            0.23420942931576        2.63497445379342        0.13907548467321
N           -1.20092645326617        2.76729798353376        0.35079203022430
C           -1.96544369191200        1.71651774170726        0.01373507574010
C           -3.32393816481809        1.72184499313315        0.21592908754074
C           -3.91055036454407        2.85975355904035        0.74912444444627
C           -3.12600886585480        3.95910980706584        1.07758089253967
C           -1.73647010192221        3.87839644316245        0.89487751628181
C           -0.86141127019209        5.02478983004593        1.26570733993303
C           -3.76601321209973        5.19924054437451        1.60449365623080
H            0.79010140048083       -0.20374361321305       -0.41392300520431
H            1.05235824594997       -1.39383613279912        0.85025501155246
H            2.30007252653028       -0.20650512530878        0.49384011967076
H           -0.44534844024110        0.41132976638276        1.70393965520671
H            1.06355476185529        0.30727892572935        2.59239614370672
H            0.65887467683821        2.61919778644958        2.26149513391633
H            2.01026452829133        2.16542074529140        1.22362446814343
H            0.65708533762316        3.60694097822640       -0.11067379701598
H            0.39546416022235        1.97334381027087       -0.71266679478713
H           -1.46930537583117        0.87225130039509       -0.43727105812048
H           -3.91302350852945        0.86108901597539       -0.05294181523868
H           -4.97735411973009        2.89876770905507        0.90172786912494
H           -0.68699126428141        5.65904893424936        0.39364076289120
H           -1.34282167474083        5.63860498837130        2.02081734013610
H            0.10163133683566        4.70965517160345        1.65405739116976
H           -4.84747655789293        5.10743605443626        1.57491036176998
H           -3.47365717656142        5.38309714000785        2.63762584895752
H           -3.47736184357172        6.06598409409584        1.01366256813035
30
 energy: -35.277319635281 gnorm: 0.001189802252 xtb: 6.7.1 (edcfbbe)
C            1.21387283209364       -0.36062190751087        0.57416770252534
C            0.62937783920657        0.57439328099070        1.62716878132247
C            0.94112756060104        2.05000973492570        1.37089207871592
C            0.23802969408523        2.63990074857838        0.13716124080181
N           -1.19704364586429        2.76976124774758        0.34828830934895
C           -1.95979037676634        1.71795077104986        0.00947151088808
C           -3.31855661121921        1.72105569623414        0.21016375588065
C           -3.90698459223482        2.85615368421666        0.74731735608388
C           -3.12434772638022        3.95570544358202        1.07980416352849
C           -1.73485490336156        3.87926853480912        0.89372749202630
C           -0.86108891846184        5.02840109731736        1.25953626582245
C           -3.76704190879362        5.19075739951803        1.61571961870754
H            0.78490655052477       -0.19802529336615       -0.41239788972999
H            1.02359133082162       -1.39379951835726        0.85110766206821
H            2.28976000420064       -0.22423507469732        0.50255900808138
H           -0.45047857012640        0.42325778143141        1.70929754139138
H            1.06008366561593        0.31185578057682        2.59427250881511
H            0.67090271117608        2.62555039539648        2.25824266247450
H            2.01481892862708        2.16043097024725        1.21556551858772
H            0.66056231981906        3.61299209256681       -0.10863601409514
H            0.40118842434834        1.98098820189513       -0.71631166101466
H           -1.46128833959598        0.87500757308634       -0.44182307019625
H           -3.90614239839065        0.86025341850828       -0.06197490126807
H           -4.97406827199416        2.89294250791547        0.90036902728035
H           -0.67581736171464        5.65070820446164        0.38097965253034
H           -1.34770645966571        5.65322043296588        2.00191434888191
H            0.09725013102210        4.71523402265104        1.66146126384370
H           -4.84815328658321        5.09246509969956        1.59621857007796
H           -3.46596216947384        5.37326902438724        2.64673885057051
H           -3.48997645151801        6.06118864917167        1.02442864604946
30
 energy: -35.277345343454 gnorm: 0.001047262397 xtb: 6.7.1 (edcfbbe)
C            1.19913315519266       -0.35974109624317        0.57827729309342
C            0.62571178421429        0.58254164641097        1.63055837431961
C            0.94633127858463        2.05472578144475        1.36747994560304
C            0.24156111349024        2.64383028845155        0.13419775955670
N           -1.19381671679865        2.77029958739064        0.34499104707697
C           -1.95514085840996        1.71778559622919        0.00474021286621
C           -3.31425881170497        1.72022115386444        0.20280703857963
C           -3.90412981341417        2.85279867243252        0.74342380935713
C           -3.12247766775758        3.95128204898486        1.08191758879282
C           -1.73331918931126        3.87841104903562        0.89244799464807
C           -0.85915959711434        5.02869938434524        1.25380204796805
C           -3.76654887442298        5.18093912796088        1.62885810667214
H            0.77607380556415       -0.18900413436998       -0.40933370329428
H            0.99240895373287       -1.39012583580812        0.85274800459073
H            2.27696838138879       -0.23943025906191        0.51018625845989
H           -0.45491114263637        0.43939677249275        1.71820574997590
H            1.05842741403187        0.32011836313898        2.59687699260199
H            0.68384684859819        2.63575420438205        2.25344029150332
H            2.01998810276277        2.15794894635139        1.20695411578497
H            0.66174457102138        3.61829756737966       -0.11030811295399
H            0.40659088526258        1.98650951903357       -0.72006615262122
H           -1.45468173959726        0.87538738409600       -0.44559839037053
H           -3.90115627257576        0.85995708943815       -0.07285974256607
H           -4.97174637664521        2.88836429980286        0.89381215675709
H           -0.65720969963810        5.63547485088586        0.36814918411379
H           -1.35187582228084        5.66767398633505        1.97969799938627
H            0.09167032253860        4.71560829536662        1.67407162556333
H           -4.84718320362926        5.07713959366844        1.61868550306896
H           -3.45671584256897        5.35942253969410        2.65792465029940
H           -3.49995498787999        6.05575357686593        1.03934235116699
30
 energy: -35.277363600324 gnorm: 0.000956626950 xtb: 6.7.1 (edcfbbe)
C            1.18356111309562       -0.35808105507009        0.58326182966784
C            0.62153224732681        0.59238608797890        1.63433236802837
C            0.95089231414757        2.06103856958673        1.36319937103961
C            0.24514952147484        2.64798358259683        0.12974705226678
N           -1.19080391351765        2.77063615999376        0.34052488892382
C           -1.95049485874937        1.71763728463971       -0.00153960011548
C           -3.30996264822183        1.71901502295500        0.19506236539861
C           -3.90107463251188        2.84905109924286        0.73964816773423
C           -3.12024014186738        3.94643336840832        1.08414881718982
C           -1.73156225498855        3.87691781357192        0.89114772960336
C           -0.85614020609434        5.02731394732163        1.24926429869844
C           -3.76560653871636        5.17072773070095        1.64212791530202
H            0.76537284737873       -0.18061651344610       -0.40532015696284
H            0.96145148821582       -1.38556757247513        0.85675924110910
H            2.26319704955001       -0.25301299896071        0.51715548184443
H           -0.45987132728156        0.45776799501319        1.72727650953225
H            1.05621990452240        0.33032216226760        2.59993449697346
H            0.69570906673449        2.64803643142027        2.24739393173590
H            2.02465076942518        2.15706123760018        1.19814536721506
H            0.66254924678255        3.62374539383405       -0.11510564995746
H            0.41169281814658        1.99088041868437       -0.72440452832334
H           -1.44878922597338        0.87611394626563       -0.45249193032817
H           -3.89639046568126        0.85934241992454       -0.08379015875783
H           -4.96906660641851        2.88238020020546        0.88996973645830
H           -0.63331930414221        5.61756730582824        0.35738064130471
H           -1.35542085795941        5.68165745610192        1.95659890314898
H            0.08505252812778        4.71275281313351        1.69070330094060
H           -4.84604884485105        5.06130990900930        1.64131104510470
H           -3.44682371375294        5.34547753229938        2.66925722982113
H           -3.50924537420355        6.04976225136657        1.05373133540397
30
 energy: -35.277373941023 gnorm: 0.000783008823 xtb: 6.7.1 (edcfbbe)
C            1.17311043347409       -0.35672439816259        0.58759312328454
C            0.61865399102001        0.59988063635895        1.63692381196996
C            0.95361568014873        2.06599813113242        1.35939919712695
C            0.24724499525060        2.65027527151612        0.12542001203543
N           -1.18919785918505        2.77110719782757        0.33590213145161
C           -1.94798527604745        1.71826850616258       -0.00797208925779
C           -3.30745926040275        1.71842088439112        0.18936879692281
C           -3.89886328426036        2.84597593098304        0.73876336902501
C           -3.11853949526024        3.94284442835879        1.08633417141659
C           -1.73031625249375        3.87580847223297        0.88979651267324
C           -0.85352436194167        5.02536131611049        1.24723618070005
C           -3.76462348594280        5.16361165910367        1.65130045240365
H            0.75593494901687       -0.17852155398370       -0.40096681996101
H            0.94399916811958       -1.38155683610565        0.86327750459906
H            2.25306384857076       -0.25956638949793        0.52043579431958
H           -0.46301046171041        0.47053413969036        1.73370743701675
H            1.05509390993919        0.33948978413443        2.60214560186163
H            0.70263030173955        2.65697963925385        2.24204260051355
H            2.02742264809453        2.15767004465389        1.19208610256561
H            0.66285171847933        3.62662204495668       -0.12056300254805
H            0.41462671280623        1.99266715079038       -0.72818560412566
H           -1.44612909225052        0.87749768852696       -0.46022982928660
H           -3.89375402103260        0.85935327428159       -0.09168290602313
H           -4.96682810324452        2.87811351674452        0.88888445404233
H           -0.61426142619895        5.60403661204165        0.35259936676203
H           -1.35729734742257        5.69022264781481        1.94069289437027
H            0.07961044730567        4.70927064534403        1.70439893304582
H           -4.84445920524793        5.05134313165221        1.65488819747442
H           -3.44153102465364        5.33583693878075        2.67720231718637
H           -3.51390884667293        6.04521948490473        1.06463128843537
30
 energy: -35.277382377012 gnorm: 0.000841248679 xtb: 6.7.1 (edcfbbe)
C            1.16264457069823       -0.35637572495941        0.59249126953467
C            0.61443054056492        0.60742367998722        1.63840001049205
C            0.95572175054130        2.07095455368661        1.35495178284777
C            0.24964150412256        2.65363970001127        0.12036164422279
N           -1.18709607571054        2.77266821312379        0.33049990095576
C           -1.94477442533389        1.71999329389148       -0.01566497330138
C           -3.30384734520566        1.71754561630945        0.18418219686966
C           -3.89551504036112        2.84205004293427        0.73930382421208
C           -3.11632020801075        3.93925262861145        1.08854256282660
C           -1.72868214160206        3.87528284317086        0.88807550925173
C           -0.85106907807873        5.02412304880076        1.24563049281150
C           -3.76368308530227        5.15628598495922        1.66010287675274
H            0.74655054228099       -0.17842236970298       -0.39689910999093
H            0.92583412526938       -1.37885292073174        0.87229870252298
H            2.24370967483185       -0.26674273748424        0.52541422271890
H           -0.46782362915464        0.48408691626272        1.73680060190927
H            1.05069169222192        0.34866205877493        2.60415341656297
H            0.70902821452257        2.66591676906766        2.23612611849497
H            2.02966935195060        2.15743389552802        1.18549693252060
H            0.66435127376850        3.63036904656437       -0.12592325949266
H            0.41798086321793        1.99554392477875       -0.73266305499137
H           -1.44304024361767        0.88132084488381       -0.47193790772529
H           -3.88954565204948        0.85868344861881       -0.09866887803814
H           -4.96297784165558        2.87110524187881        0.89391869872684
H           -0.59274632797665        5.59018673306960        0.34809326865643
H           -1.36137997095374        5.70042623592103        1.92337584161037
H            0.07268499404983        4.70630856203719        1.72124943651609
H           -4.84343954559701        5.03946939606167        1.66998660494405
H           -3.43481459883235        5.32766734440447        2.68444836271664
H           -3.52001388860162        6.04003372953877        1.07328290486272
30
 energy: -35.277389694423 gnorm: 0.000704449780 xtb: 6.7.1 (edcfbbe)
C            1.15503981837177       -0.35694670330458        0.59787553228687
C            0.61014119470967        0.61330013157193        1.63940287104792
C            0.95629966943762        2.07468208763246        1.35053123591507
C            0.25139527527757        2.65660596001358        0.11503146122839
N           -1.18550985175167        2.77490459751839        0.32437445867451
C           -1.94254074348175        1.72279968613873       -0.02454127003770
C           -3.30099258490417        1.71715266592630        0.17966170323900
C           -3.89246762251466        2.83831501972355        0.74167291962761
C           -3.11432144914834        3.93624368308370        1.09120775684294
C           -1.72723933916725        3.87523779372738        0.88624702288055
C           -0.84887171001281        5.02319732269460        1.24473385395130
C           -3.76288089801035        5.15045211585927        1.66736247998597
H            0.73676153120572       -0.18513197188314       -0.39152912823137
H            0.91853169216511       -1.37719832070566        0.88435525589508
H            2.23547936372589       -0.26849224924350        0.52743161576330
H           -0.47250267149406        0.49406029961294        1.73780099532624
H            1.04535341630730        0.35714905841321        2.60631961731799
H            0.71261505753696        2.67273845103081        2.23039481037036
H            2.03033927522461        2.15718784340753        1.17991691728581
H            0.66625970528088        3.63342542140910       -0.13093981838820
H            0.42054797264501        1.99790897605165       -0.73738462230239
H           -1.44120740185763        0.88662678030851       -0.48575184805708
H           -3.88611936518278        0.85838332990293       -0.10455206470828
H           -4.95913981938021        2.86427158152448        0.90201639508833
H           -0.57369582203694        5.57931291172551        0.34678467053786
H           -1.36366238450818        5.70808487420407        1.90900416256797
H            0.06589509452342        4.70408556665100        1.73583446677547
H           -4.84215185931334        5.03057473005754        1.68072505199931
H           -3.43099834842046        5.32144118886157        2.69066946603575
H           -3.52418719523024        6.03566716808467        1.08077403108187
30
 energy: -35.277392973590 gnorm: 0.000659457877 xtb: 6.7.1 (edcfbbe)
C            1.15121592250018       -0.35823358981349        0.60094978008718
C            0.60664072584900        0.61577483927338        1.63911824710967
C            0.95687458253960        2.07582629314021        1.34806575195867
C            0.25273076463026        2.65858148727611        0.11241132054464
N           -1.18420941665640        2.77702432879733        0.32082050209741
C           -1.94081350059653        1.72519545733753       -0.02990306420110
C           -3.29876040453333        1.71707665270922        0.17732586362275
C           -3.89021662250244        2.83563528947985        0.74450106328912
C           -3.11309265525323        3.93466763100639        1.09306881647795
C           -1.72636006607841        3.87609508452469        0.88472158295353
C           -0.84811670404165        5.02423038012717        1.24319772081068
C           -3.76292354684106        5.14686134020845        1.67233214933281
H            0.73152354676139       -0.19068744075282       -0.38871711967893
H            0.91517822508132       -1.37758043911466        0.89213664383481
H            2.23193421621292       -0.26996968581361        0.52932646319336
H           -0.47644219769522        0.49886110722367        1.73600191881761
H            1.03984617809508        0.36109376720925        2.60731220700683
H            0.71546703403573        2.67541657840293        2.22749132761326
H            2.03101275095585        2.15528387508347        1.17652777842938
H            0.66829067494731        3.63549531393953       -0.13172398441616
H            0.42259865641127        2.00065308629749       -0.74048243632344
H           -1.43932800866380        0.89089833964628       -0.49414824255301
H           -3.88330145835569        0.85835116118959       -0.10815419835772
H           -4.95627246785946        2.85985331450883        0.90736444433696
H           -0.56203804012163        5.57273875134230        0.34356642633417
H           -1.36734961854539        5.71610427523891        1.89762238084823
H            0.06095497610896        4.70510741877584        1.74565234328888
H           -4.84170410666234        5.02471630452194        1.68838437332316
H           -3.42898505336556        5.31792132002314        2.69483605277738
H           -3.52818438636013        6.03304775820955        1.08582388744239
