27
 energy: -43.416698481550 gnorm: 0.068343673827 xtb: 6.7.1 (edcfbbe)
F            1.33414000000000       -0.28847000000000        0.19110000000000
C            2.63698000000000        0.08333000000000        0.07172000000000
C            2.69681000000000        1.58220000000000       -0.15159000000000
N            2.31350000000000        2.41501000000000        1.03562000000000
C            1.52081000000000        1.94931000000000        2.03406000000000
C            1.16528000000000        2.76806000000000        3.10208000000000
C            1.60220000000000        4.08587000000000        3.13421000000000
C            2.38512000000000        4.57061000000000        2.08983000000000
C            2.73255000000000        3.71101000000000        1.05026000000000
C            2.81314000000000        5.98730000000000        2.10725000000000
O            2.64728000000000        6.71733000000000        3.06693000000000
O            3.36015000000000        6.31943000000000        0.91431000000000
C            3.76877000000000        7.69448000000000        0.78253000000000
C            2.59312000000000        8.55027000000000        0.34855000000000
H            3.16749000000000       -0.22422000000000        0.97708000000000
H            3.05255000000000       -0.45234000000000       -0.78619000000000
H            3.72368000000000        1.86426000000000       -0.41064000000000
H            2.01513000000000        1.88729000000000       -0.95265000000000
H            1.15969000000000        0.92649000000000        1.99265000000000
H            0.53680000000000        2.38146000000000        3.90306000000000
H            1.31715000000000        4.73462000000000        3.96366000000000
H            3.33819000000000        4.03595000000000        0.20863000000000
H            4.21576000000000        8.06496000000000        1.71213000000000
H            4.54836000000000        7.72208000000000        0.01432000000000
H            1.80138000000000        8.54346000000000        1.10439000000000
H            2.90670000000000        9.58468000000000        0.18206000000000
H            2.15380000000000        8.16061000000000       -0.57563000000000
27
 energy: -43.421341296625 gnorm: 0.026781100599 xtb: 6.7.1 (edcfbbe)
F            1.32813764298536       -0.30788717110225        0.19826095921994
C            2.62701173116682        0.09563113084085        0.08556480630784
C            2.69161683935846        1.59788414431893       -0.13361724293388
N            2.31125204538544        2.41962213400754        1.04149447500563
C            1.53284786083306        1.95008928054878        2.03086092981864
C            1.16956458168927        2.75943260399893        3.09343161192388
C            1.60027213017229        4.07643194791929        3.13086573211214
C            2.38436988848224        4.55913126491714        2.08430941790275
C            2.72698005894601        3.70037625661014        1.05423441111574
C            2.81511265637189        5.99165339836407        2.09298121568194
O            2.65634600657714        6.70715752269943        3.04282207467063
O            3.37425838394969        6.33103324133138        0.92664417202501
C            3.76809516655731        7.70529710183428        0.77725713430993
C            2.58560276111873        8.55512222897403        0.34720784223187
H            3.15741127414572       -0.21742132340180        0.99107848447510
H            3.05079942055073       -0.42321254611322       -0.78074190973416
H            3.71280768376134        1.87184303398095       -0.41018673697309
H            2.01322365449784        1.87410361489684       -0.94764022724011
H            1.17479580522980        0.93191766949919        1.97648921406541
H            0.54586221115561        2.36404523846617        3.88317006649699
H            1.32873393719828        4.73028853205222        3.95148821193122
H            3.33371388334217        4.03164989867642        0.22241795162926
H            4.18986324850443        8.06445696738046        1.72119622971643
H            4.54948641707315        7.70363240213333        0.01184315696047
H            1.80969686538393        8.55390846494658        1.11285031174873
H            2.90925241484042        9.57946380315199        0.18436016828745
H            2.15941543072288        8.16938915906832       -0.57891246075574
27
 energy: -43.422167343416 gnorm: 0.010312621108 xtb: 6.7.1 (edcfbbe)
F            1.32913294999668       -0.32315246570599        0.20072978552773
C            2.62582986867435        0.09882695132093        0.09616331318549
C            2.68105669074127        1.60465242662103       -0.12237614052007
N            2.30697691275109        2.42230469503177        1.03848437332108
C            1.53677490502815        1.95038983133917        2.02398425825733
C            1.17373742652066        2.75314647706426        3.08870841501263
C            1.60054085483278        4.07066809773825        3.12946035969227
C            2.38406888440079        4.55121675381142        2.07959355832903
C            2.72344727906259        3.69445375413703        1.05195515735492
C            2.82299472070506        5.99481070189290        2.08887200753583
O            2.65611051141615        6.70561891767961        3.03575031675696
O            3.38104361406805        6.33411293734384        0.93659263232415
C            3.76692428906859        7.71113160076125        0.77698497328453
C            2.58380390152646        8.56094628967092        0.34516341805015
H            3.15060210553350       -0.21511163808681        1.00528443749116
H            3.05655884184717       -0.40890102194082       -0.77360316744663
H            3.69842165070706        1.87249272728068       -0.41348175669058
H            2.00260854703820        1.86152606139168       -0.94429950131195
H            1.18523564182535        0.93228966375609        1.96424176974534
H            0.55473631424494        2.34885133734757        3.87311427669799
H            1.33815554059573        4.73162088533636        3.94274360268982
H            3.33202489371343        4.03575550428838        0.22758632241897
H            4.17714917513816        8.07104456998679        1.72488591856727
H            4.54561711991665        7.69331333355889        0.01206531772325
H            1.81844692658972        8.56405359946842        1.11734204164604
H            2.91558609021444        9.58058168404394        0.18327265138845
H            2.15894434384296        8.17839632486244       -0.57948834103117
27
 energy: -43.422288136231 gnorm: 0.004628230607 xtb: 6.7.1 (edcfbbe)
F            1.33299071656360       -0.33246908806697        0.20272239975152
C            2.62813633660650        0.09698238854779        0.10036024686100
C            2.67419985221341        1.60401623230776       -0.12258120502305
N            2.30527132640044        2.42210201431288        1.03408904473737
C            1.53793432635909        1.94947988729381        2.02189587724464
C            1.17687803006199        2.75050107682876        3.08922447765334
C            1.60288352922745        4.06823212851160        3.13037172672629
C            2.38360825753517        4.54893448888708        2.07803279946881
C            2.72227356550104        3.69409816978796        1.04838258576758
C            2.81841740677116        5.99823032988916        2.08661997398430
O            2.64855475654362        6.70488598815301        3.03788252741177
O            3.37969431672538        6.33556118986072        0.93920188237136
C            3.76858484204214        7.71371511579474        0.77795440477418
C            2.58607906650624        8.56479091109508        0.34517621807106
H            3.15050189183324       -0.21178048927609        1.01229890696321
H            3.06302781199245       -0.40946790777166       -0.76717923099710
H            3.68882754155570        1.87268637541967       -0.42387995786758
H            1.99067375252785        1.85168005852911       -0.94375578706752
H            1.18664792708039        0.93135794974185        1.96074752932825
H            0.56063447300673        2.34192114330531        3.87379559007076
H            1.34443396461776        4.73244386097811        3.94206037473440
H            3.32992948146988        4.04119869469339        0.22535517663814
H            4.17681381844466        8.07530476341451        1.72565476402713
H            4.54653882321700        7.69226294413500        0.01354002267408
H            1.82199371762377        8.57156703974509        1.11826509697293
H            2.92209580637480        9.58328023369389        0.18214707481442
H            2.15890466119853        8.18352450018843       -0.57865252009129
27
 energy: -43.422372762526 gnorm: 0.003257732558 xtb: 6.7.1 (edcfbbe)
F            1.34168400508691       -0.34707716184619        0.20760112525700
C            2.63365165389617        0.09346012122993        0.10590398202910
C            2.66356558486183        1.60123964813585       -0.12649927564767
N            2.30228232185695        2.42126367382361        1.02757421037535
C            1.53800616880019        1.94871797815178        2.01968228190424
C            1.18158149434703        2.74781587683837        3.09077787459875
C            1.60602988232437        4.06592259298409        3.13075662293197
C            2.38190281132413        4.54702470983862        2.07493809360410
C            2.71927536015632        3.69451077063340        1.04216062854028
C            2.81586608513353        6.00044759211406        2.08570946141567
O            2.63434531503127        6.70210355938299        3.04034155582844
O            3.37826740844088        6.33744992542878        0.94214532747846
C            3.77057051352569        7.71743891517823        0.78034595761756
C            2.59032811736550        8.57119756112414        0.34600120043899
H            3.15467947165719       -0.20378132335054        1.02200943856877
H            3.07504751640644       -0.41405623942931       -0.75662452225668
H            3.67254180945531        1.87557233470266       -0.44419009266380
H            1.96846572240758        1.83540828178074       -0.94259023439933
H            1.18544605959796        0.93082217576912        1.95753420541143
H            0.56971857421135        2.33449417382262        3.87709229062228
H            1.35400450805098        4.73297427685333        3.94262821988213
H            3.32510652761661        4.04711278255549        0.21960984603523
H            4.17871044366573        8.07966075294322        1.72736784263069
H            4.54819711997746        7.69346225878884        0.01660815682834
H            1.82639039685204        8.58307296844004        1.11933510501506
H            2.93087032991574        9.58851453928859        0.18021479103013
H            2.15999479803487        8.19026725481757       -0.57670409307644
27
 energy: -43.422421979159 gnorm: 0.004540316716 xtb: 6.7.1 (edcfbbe)
F            1.35174317425512       -0.35989249616404        0.21459362640383
C            2.63984460724361        0.09146984075907        0.11044100873882
C            2.65382864836352        1.59872790582696       -0.13167384674009
N            2.29854009513242        2.42074635583898        1.02272878886251
C            1.53689349347780        1.94845372154584        2.01810273762605
C            1.18589852051974        2.74596678688414        3.09225005496744
C            1.61070660741616        4.06381982555443        3.13151944518847
C            2.38075974824066        4.54597901118566        2.07218783766927
C            2.71549471318015        3.69484506955396        1.03697397795181
C            2.81046091847310        6.00201335378271        2.08326193837841
O            2.62370945805494        6.69963612809882        3.04008806273674
O            3.37663256260805        6.33929673157860        0.94269425317623
C            3.77232171448620        7.71997342701144        0.78301840081508
C            2.59464332095686        8.57612218527796        0.34721775498612
H            3.16264698514022       -0.19387833774897        1.02925264868116
H            3.08653783951801       -0.41817405633962       -0.74777835404881
H            3.65638586230961        1.88131148376008       -0.46336441430437
H            1.94632910428041        1.82135243082469       -0.94066881206872
H            1.18308374915141        0.93078403867890        1.95580674683811
H            0.57760871979770        2.33058435726315        3.88060943541260
H            1.36202154509374        4.73189850148951        3.94394373345791
H            3.31841323700490        4.04916140551538        0.21296231272854
H            4.18026105035865        8.08048727657998        1.73073167733850
H            4.55117328857819        7.69529045091363        0.02056154960691
H            1.82986165483722        8.59174089105925        1.11990117834127
H            2.93784705316204        9.59247506145936        0.17933029690782
H            2.16288232835957        8.19484864981016       -0.57496203965154
27
 energy: -43.422505134425 gnorm: 0.005257520185 xtb: 6.7.1 (edcfbbe)
F            1.37291302300591       -0.38354191297049        0.23043058168800
C            2.65247770674889        0.09005059211593        0.11842576740188
C            2.63526506313311        1.59519235484829       -0.14150786538888
N            2.29031264774428        2.42053422073118        1.01508707279905
C            1.53354657362634        1.94837003799485        2.01520809500828
C            1.19232558065907        2.74344227895088        3.09399867773659
C            1.61813266041109        4.06090773242771        3.13166516755539
C            2.37892086545010        4.54482369293187        2.06686763396103
C            2.70760798567377        3.69524029755872        1.02811374165838
C            2.80481956158152        6.00280191550489        2.07985654674020
O            2.60751039040615        6.69655949260069        3.03711340465022
O            3.37676294837648        6.34187294628841        0.94327586856154
C            3.77521354243554        7.72360228577558        0.78845390014794
C            2.60174409780894        8.58273740428741        0.34930804948806
H            3.18178784932332       -0.17279381668690        1.04059204971085
H            3.10800310922319       -0.42307250898581       -0.73308900159546
H            3.62455131163527        1.89506912856157       -0.49848351136126
H            1.90385867356436        1.79645150103373       -0.93561479368408
H            1.17684250059225        0.93146765385433        1.95235912043259
H            0.59032077148160        2.32628659994265        3.88642659782452
H            1.37663236460853        4.72841971746912        3.94715108285938
H            3.30526844795427        4.04972189699922        0.20046636949093
H            4.18128828055977        8.08033920111103        1.73855548180539
H            4.55751456874382        7.69931468152218        0.02916179650885
H            1.83505585744989        8.60385383321565        1.12027461969925
H            2.94822570974378        9.59749113354803        0.17805472158042
H            2.16962790805878        8.19989763936933       -0.57242117527899
27
 energy: -43.422610672571 gnorm: 0.005529248122 xtb: 6.7.1 (edcfbbe)
F            1.40648978141166       -0.41701207116952        0.25614568819594
C            2.67207180592132        0.09087625868601        0.12866406065306
C            2.60816315731689        1.59180774873126       -0.15418829174607
N            2.27647627338871        2.42128568122414        1.00561997569730
C            1.52717925379300        1.94834858565118        2.01132628692711
C            1.19978456591037        2.74025816396775        3.09616764301998
C            1.62816395563558        4.05699638700087        3.13206826792940
C            2.37644690470006        4.54368744325985        2.05993736730425
C            2.69497478602205        3.69570409364160        1.01659491586003
C            2.79750164058634        6.00289558825411        2.07445679160456
O            2.58973379133921        6.69471341321471        3.03014260658472
O            3.37825632921349        6.34421912869212        0.94271103933210
C            3.77946198152310        7.72644071113013        0.79540249771634
C            2.61132210101109        8.58958606228455        0.35225687616148
H            3.21419914364109       -0.14078084258766        1.05278260663869
H            3.13806486859316       -0.42482060629399       -0.71596189502189
H            3.57716141633769        1.91664126635943       -0.54575962609069
H            1.84413511708098        1.76267827159287       -0.92631775866223
H            1.16748501036295        0.93230808603308        1.94806855581053
H            0.60612180622358        2.32245879682638        3.89443610781280
H            1.39545260186348        4.72234208003586        3.95207456165526
H            3.28504235134456        4.04869909826166        0.18301170429901
H            4.18169512556230        8.07749480800771        1.74952807210122
H            4.56694381205997        7.70359652418191        0.04079155596315
H            1.84267586994757        8.61734150819129        1.12130365691307
H            2.96224088791740        9.60210262793818        0.17756077340453
H            2.17928566129241        8.20517118688461       -0.56909404006350
27
 energy: -43.422726207719 gnorm: 0.006238533304 xtb: 6.7.1 (edcfbbe)
F            1.45071254332554       -0.45529137073912        0.29217740035956
C            2.69714008406072        0.09499243732384        0.13979534077804
C            2.57507794710946        1.58890599437220       -0.16727857690424
N            2.25769984369506        2.42301034472866        0.99515960944366
C            1.51821954025749        1.94812364123280        2.00696101742763
C            1.20671302113537        2.73678782389401        3.09822336491636
C            1.63822931073668        4.05280237613177        3.13192114601602
C            2.37277640022233        4.54279819673265        2.05182426591304
C            2.67793195197134        3.69633456516042        1.00322727584253
C            2.79098589436041        6.00151939744950        2.06786622714314
O            2.57331237625414        6.69484958396193        3.01948495753316
O            3.38158350748515        6.34531088996185        0.94081873548225
C            3.78476301591470        7.72734543259010        0.80267963537072
C            2.62223140691197        8.59550265082458        0.35594521570416
H            3.25829498263396       -0.10051469010016        1.06229789538814
H            3.17179984395704       -0.42073538384471       -0.70013115310481
H            3.51798351156792        1.94174721260441       -0.59814584655175
H            1.77609767661365        1.72310194730811       -0.91285295877875
H            1.15622090354516        0.93278115892499        1.94353349546983
H            0.62313248584928        2.31936661535866        3.90385297243380
H            1.41642601233693        4.71429454937259        3.95808741761454
H            3.25847191047136        4.04718570673248        0.16209046526588
H            4.18155963998618        8.07195581801453        1.76170726312323
H            4.57804941377118        7.70709579507135        0.05350886962727
H            1.85207618587365        8.62944564149930        1.12321546305853
H            2.97847509380976        9.60555334642668        0.17922100351199
H            2.19056549614358        8.21077031900673       -0.56546050208371
27
 energy: -43.422867350390 gnorm: 0.006011371116 xtb: 6.7.1 (edcfbbe)
F            1.49225129388185       -0.48195139123117        0.32785906120648
C            2.71950472925822        0.10271180688204        0.14692569117488
C            2.54801810894117        1.58749009251861       -0.17496665103271
N            2.23951260405687        2.42527506294364        0.98783747344518
C            1.50925318717371        1.94769874049689        2.00419159100462
C            1.21020787461712        2.73434473187787        3.09967807134874
C            1.64459798387018        4.04981245195976        3.13150443495122
C            2.36855106494129        4.54265626524141        2.04548704286016
C            2.66111483065039        3.69702444230229        0.99277262591952
C            2.78688247645066        5.99872741433638        2.06162986728713
O            2.56573095354702        6.69760907390777        3.00770022934190
O            3.38534633224410        6.34399186802195        0.93719090161825
C            3.78938530976034        7.72466652614062        0.80709517812442
C            2.63066790826644        8.59760659200657        0.35927803888885
H            3.30029589034319       -0.06515799358999        1.06258932576280
H            3.19560182927064       -0.40943606358682       -0.69405193946010
H            3.46704239316169        1.95998636613133       -0.63412820734012
H            1.72715324187485        1.69140725465615       -0.89852249818401
H            1.14735007466283        0.93234087349891        1.94149262351242
H            0.63483961551764        2.31872388623234        3.91163744355848
H            1.43124379941113        4.70695749875930        3.96295471167994
H            3.23294987173089        4.04583578609483        0.14483999180744
H            4.18116870283445        8.06410962605054        1.77015818164897
H            4.58683435513429        7.70754985088579        0.06201392045260
H            1.86007265720578        8.63404920248046        1.12560213990858
H            2.99129307997770        9.60598776871897        0.18403069256718
H            2.19965983121559        8.21502226626376       -0.56306994205259
27
 energy: -43.423013462132 gnorm: 0.006231899632 xtb: 6.7.1 (edcfbbe)
F            1.54443319596060       -0.51100316760410        0.37269201442741
C            2.74684302150629        0.11394431779655        0.15448907467506
C            2.51642190299354        1.58774419057133       -0.18161080963556
N            2.21855009159685        2.42813511338358        0.97964181498801
C            1.50048626671268        1.94675369179745        2.00264281731213
C            1.21247794682565        2.73141479159261        3.10210950111205
C            1.64828438193729        4.04676443119974        3.13183001474591
C            2.36163501659058        4.54206164850298        2.03965220642961
C            2.64056207607861        3.69851107118337        0.98143207409458
C            2.78312418041851        5.99576250995877        2.05551376514660
O            2.55835828166392        6.70130326507302        2.99663668274676
O            3.38990251154781        6.34032624295549        0.93462061669203
C            3.79605555696701        7.71934832792811        0.81044867754132
C            2.64057134683454        8.59796246803033        0.36237748726620
H            3.35299967868057       -0.02376657397816        1.05838145760350
H            3.21940089179545       -0.39119778621832       -0.69213403856705
H            3.40713882074162        1.98195216903918       -0.67721576031195
H            1.67011394341359        1.65175595595748       -0.88031037865564
H            1.13955542627997        0.93113152757396        1.94024298565906
H            0.64548164445027        2.31602495784846        3.91972320238853
H            1.44518519392633        4.70100354072393        3.96765472352500
H            3.20334840843139        4.04934529936832        0.12821457964698
H            4.18272738582962        8.05566701070434        1.77639200990917
H            4.59599160836459        7.70351268264916        0.06863917939143
H            1.87024997223238        8.63571576453668        1.12834753142372
H            3.00699161063349        9.60483568694526        0.19080963048910
H            2.20963963758686        8.22003086248074       -0.56149106004365
27
 energy: -43.423154500267 gnorm: 0.006510964321 xtb: 6.7.1 (edcfbbe)
F            1.60238071663184       -0.52763329102506        0.41795330219115
C            2.77527510556925        0.13064792876567        0.15593107225325
C            2.48805845419547        1.59020746539960       -0.18283625610787
N            2.19682181303081        2.43160976400231        0.97452887781052
C            1.49078507202798        1.94628875432530        2.00411003520688
C            1.20968418474514        2.72994295576979        3.10574772308002
C            1.64545860242903        4.04560590054038        3.13396703545453
C            2.35141103185797        4.54214430935784        2.03766896206262
C            2.61853230518818        3.70096587772755        0.97424813658045
C            2.77998953554762        5.99198484309396        2.05072943522026
O            2.56050993556483        6.70596989903420        2.98797135714115
O            3.39324120003817        6.33214842829526        0.93142338548260
C            3.80375027109657        7.70803703588869        0.80894753510967
C            2.64958458518167        8.59284059962539        0.36443448691212
H            3.41034493463748        0.01779376305903        1.04014429340687
H            3.23410289530187       -0.36394141834226       -0.70423928180160
H            3.34951810488238        2.00020635049075       -0.70627570112827
H            1.62826320410688        1.61669413346351       -0.85859430080588
H            1.13578970856384        0.92856504498325        1.94446513834381
H            0.64989114742227        2.31371832874629        3.92767223612114
H            1.45003083219204        4.69848692695800        3.97184026734143
H            3.17253397642853        4.05763067509379        0.11774492647535
H            4.18904794922615        8.04387870797429        1.77491547385725
H            4.60240313865754        7.69139117842474        0.06701016082113
H            1.88014638807969        8.62652289733453        1.13087193742222
H            3.02044258998976        9.59965317482695        0.20182434195725
H            2.21853231740709        8.22367976618655       -0.56247458040770
27
 energy: -43.423042957394 gnorm: 0.018928318109 xtb: 6.7.1 (edcfbbe)
F            1.72335457215505       -0.58839371326323        0.51095338597388
C            2.83760928805269        0.15540095471706        0.16723490579574
C            2.41809077712506        1.59154035938100       -0.19814271985134
N            2.15301694803404        2.43714415769926        0.95788108847785
C            1.47105583901875        1.94604190231556        2.00309121817697
C            1.21169887889004        2.72492684433701        3.11395267070582
C            1.64864353184358        4.04062156148686        3.13877131066836
C            2.33320030755446        4.54077422669328        2.03002667422372
C            2.57548760071406        3.70542459209748        0.95418865504721
C            2.76879199155609        5.98758164632213        2.04105120103153
O            2.54625966930050        6.70859111196587        2.97395709806056
O            3.39849410441301        6.32180582268620        0.92890820046217
C            3.82011643408647        7.69410801859329        0.81250737756498
C            2.67287999245799        8.59139153990919        0.36927602140422
H            3.53079600319401        0.11186065559499        1.02324319048811
H            3.28500873697881       -0.32645191640540       -0.70635768274930
H            3.21595894445910        2.05212325424961       -0.80135881163528
H            1.50164008634752        1.53099814569973       -0.81668077891715
H            1.12171486222354        0.92597936948046        1.94651830020738
H            0.66936475887297        2.30469692195072        3.94628855567454
H            1.47217628905135        4.69163794286301        3.98247604850435
H            3.11082893392850        4.07179938552692        0.08919125553838
H            4.20251224140152        8.02554279323884        1.78061715883346
H            4.62014802619836        7.67481543476594        0.07319960853565
H            1.90246320817756        8.62535833658972        1.13441327970688
H            3.05397213272554        9.59629837297720        0.21608176947356
H            2.24124584123947        8.23342227852768       -0.56155898140180
27
 energy: -43.423375413493 gnorm: 0.005433097055 xtb: 6.7.1 (edcfbbe)
F            1.67562936855709       -0.55410923703792        0.46485815319534
C            2.81187549845529        0.14704323040689        0.15877341041403
C            2.45017860335602        1.59149708656834       -0.19093135398791
N            2.17357589932590        2.43388310921852        0.96737146883226
C            1.47985295177467        1.94655512572797        2.00587415295206
C            1.20907514872818        2.72753310023874        3.11236295879917
C            1.64352582184727        4.04376611376260        3.13870339178539
C            2.33833772544756        4.54142809703873        2.03593175153688
C            2.59427916020933        3.70382628789732        0.96608909690119
C            2.77309255510596        5.98998297155155        2.04778671882977
O            2.55382305934268        6.70456651878713        2.98542461659653
O            3.39279634196774        6.32437084841138        0.93105733686134
C            3.81336910290092        7.69795772551307        0.80781314388951
C            2.66352057264288        8.59040239702133        0.36599955772500
H            3.47873039087569        0.07424521464735        1.02462286951546
H            3.26178277782489       -0.34265727884385       -0.70876186493954
H            3.27389832624650        2.03072670717725       -0.75797874854276
H            1.55924496078273        1.56910966402055       -0.83210486301221
H            1.12894818357949        0.92695401903445        1.94830685778215
H            0.65859258634504        2.30701334801864        3.93894078542260
H            1.45778584832796        4.69721406308472        3.97883061855047
H            3.13798920402350        4.06786697360552        0.10598798615282
H            4.20296567653203        8.03176693567170        1.77268395399200
H            4.61014160312963        7.67608567835844        0.06414041453121
H            1.89265248014737        8.62229698623802        1.13142869640850
H            3.03881345575079        9.59688510514752        0.21030045647176
H            2.23205269677292        8.22882920873440       -0.56378156666260
27
 energy: -43.423470535344 gnorm: 0.004047996442 xtb: 6.7.1 (edcfbbe)
F            1.70403038903900       -0.56280172243094        0.48279774751281
C            2.82422796542786        0.15484914779085        0.15644538519376
C            2.43739016673440        1.59251893069503       -0.19358025964834
N            2.16594643383713        2.43430375180457        0.96692592626386
C            1.47515342737742        1.94697707181348        2.00769345282644
C            1.20699050047095        2.72721107492321        3.11529533247964
C            1.64085376502973        4.04365385954991        3.14141856372876
C            2.33333398097992        4.54117029454040        2.03749873907752
C            2.58684257024014        3.70448963441165        0.96626593845364
C            2.77133239337742        5.98922537044162        2.04886030575200
O            2.55465299167706        6.70255024667254        2.98778635594776
O            3.39045102767672        6.32055697867751        0.93124063187937
C            3.81631465252222        7.69292377344993        0.80516520517259
C            2.66843617390923        8.58836170466079        0.36573808323762
H            3.50610091469824        0.09734645514124        1.01231649275646
H            3.26960548252762       -0.33215283816903       -0.71523285291938
H            3.24684041648547        2.04107689429180       -0.77165851687095
H            1.53914709413041        1.55676866230505       -0.82109905843116
H            1.12584839677751        0.92656233263541        1.95098031525216
H            0.65849985038781        2.30516174464063        3.94242189623284
H            1.45611095091811        4.69770061573748        3.98141470904895
H            3.12825880909016        4.07012518897310        0.10563675298996
H            4.21163140842690        8.02587395876742        1.76817763448773
H            4.61065759480615        7.66696445041710        0.05866543862694
H            1.89668144483196        8.61854007032690        1.13066551862651
H            3.04430747162977        9.59513290911370        0.21328693850383
H            2.23688372699072        8.22994943881903       -0.56539667618090
27
 energy: -43.423662684853 gnorm: 0.009361494637 xtb: 6.7.1 (edcfbbe)
F            1.83585819886696       -0.59483057286715        0.56641061690707
C            2.88387426552618        0.19004073515160        0.14976058437237
C            2.37964955764138        1.59618650535196       -0.20445461782049
N            2.13171543151266        2.43650218108152        0.96434649941021
C            1.45442794831411        1.94771771381688        2.01435057031584
C            1.19781668361121        2.72439310831172        3.12687693593862
C            1.62950131234407        4.04175574628051        3.15199364350208
C            2.31244308685792        4.53925960027660        2.04329551887472
C            2.55419297641730        3.70678443508202        0.96579733582801
C            2.76390331368169        5.98611729354909        2.05308444271674
O            2.55757452464219        6.69465356511986        2.99697037256350
O            3.38074069093802        6.30478746068303        0.93225186388311
C            3.82911237399012        7.67176506346386        0.79436490623223
C            2.69064578759873        8.58101810724547        0.36481246335003
H            3.62779850607330        0.19859781087242        0.96060856824026
H            3.30566906933519       -0.28599235275439       -0.74083627722649
H            3.12103509855686        2.09130488008251       -0.84389276824694
H            1.43748275792479        1.49079423629030       -0.76659001720052
H            1.11135774470064        0.92424035864910        1.95977671750871
H            0.65883479914027        2.29598376872499        3.95717158781379
H            1.45053569403445        4.69712931119202        3.99275316691680
H            3.08617600208744        4.07794800535469        0.10230907126488
H            4.24730749843334        8.00058617828983        1.75016585637370
H            4.61334151866374        7.62734106801635        0.03656764314356
H            1.91567337044084        8.60576351047608        1.12771062668093
H            3.07139219962607        9.58816745909416        0.22626749029124
H            2.25846958904056        8.23702482316548       -0.57214280163348
27
 energy: -43.423769237049 gnorm: 0.002949501365 xtb: 6.7.1 (edcfbbe)
F            1.82895373765011       -0.58591476901685        0.55660168274297
C            2.87952456500535        0.18978040157616        0.14748231176714
C            2.38611696556675        1.59653727882433       -0.20161517462126
N            2.13385594567213        2.43659750248682        0.96650254386793
C            1.45397728262848        1.94769947028413        2.01431908556432
C            1.19579462141353        2.72471875973061        3.12635574272566
C            1.62837130462444        4.04182146675583        3.15222508138159
C            2.31483729194860        4.53901424475879        2.04526825602191
C            2.55834980493889        3.70589345936114        0.96886999338177
C            2.76654733619265        5.98621970294047        2.05524556658399
O            2.56372964099887        6.69442928426332        2.99988815899110
O            3.37923163872267        6.30526117605890        0.93225607102010
C            3.82684531653739        7.67196503740255        0.79224340422702
C            2.68799665293502        8.58072392566567        0.36376587883105
H            3.61665356861308        0.19158290010569        0.95866483599183
H            3.30118171207698       -0.28737507915802       -0.74225309697384
H            3.13198184779063        2.08644976301903       -0.83070573781762
H            1.45243363327084        1.49874117811860       -0.76982380526443
H            1.11017961410413        0.92470272326276        1.95918745860403
H            0.65512939730827        2.29729615938421        3.95605874730870
H            1.44749015179261        4.69645511757115        3.99322688408133
H            3.09350434683577        4.07435709673987        0.10610302551320
H            4.24639504171159        8.00125596255739        1.74713495844317
H            4.60958426150124        7.62648568218951        0.03328090814165
H            1.91389135569991        8.60579552027801        1.12732520160895
H            3.06877624406124        9.58773487769064        0.22489466712691
H            2.25519672039886        8.23681115714977       -0.57277264924868
27
 energy: -43.423899919755 gnorm: 0.003799206264 xtb: 6.7.1 (edcfbbe)
F            1.89351366016720       -0.59294619409637        0.59461225227754
C            2.90711580607581        0.20943909248704        0.14263374683099
C            2.36119686050088        1.59823831342631       -0.20301188089956
N            2.11548859877381        2.43831297833546        0.96665296300679
C            1.44025161445845        1.94748994757345        2.01642053538231
C            1.18833009794425        2.72321382916613        3.13084898368036
C            1.62295416988012        4.03994140311502        3.15689218676218
C            2.30831174641191        4.53730061693149        2.04919125997035
C            2.54513378217585        3.70527636306348        0.97043455752585
C            2.76736749692752        5.98301215440511        2.05841856549592
O            2.57515829760611        6.69204334234463        3.00437107561891
O            3.37435350057405        6.29761139571300        0.93094612029314
C            3.83050200841553        7.66073681002764        0.78506220651732
C            2.69590449526254        8.57699146125148        0.36280262339376
H            3.67070829596393        0.24094917594088        0.92949020489246
H            3.31420664826530       -0.26311458977370       -0.75666167881009
H            3.07476750767447        2.10474995105928       -0.85269973748720
H            1.41787700962549        1.47013176506620       -0.74516026901172
H            1.09742206495120        0.92423305958981        1.96106854994827
H            0.65100859457518        2.29590904400642        3.96276722258832
H            1.44476433097543        4.69247277517821        4.00027014446474
H            3.07857240512771        4.07199436821219        0.10569724319859
H            4.25951405395452        7.98827618663741        1.73636585830904
H            4.60733388240800        7.60723021747898        0.02073052245859
H            1.92239899140416        8.60097551811075        1.12688610249700
H            3.08122433264195        9.58321132530511        0.23050685468612
H            2.26114974725864        8.24135968944515       -0.57580621358947
27
 energy: -43.424057168024 gnorm: 0.008663053619 xtb: 6.7.1 (edcfbbe)
F            2.01634835213964       -0.59989092790567        0.66533717085405
C            2.95910349809358        0.24719588782507        0.13657361048729
C            2.31541543606736        1.59896899502625       -0.20494129942760
N            2.08422924250667        2.43974764935308        0.96680279969493
C            1.41563828571671        1.94608269908205        2.01933177718603
C            1.17547271988318        2.71959306966680        3.13778002986386
C            1.61561686137936        4.03507367485947        3.16423858056653
C            2.29849563661306        4.53284411944989        2.05501701037997
C            2.52342874732755        3.70266559656963        0.97237621246679
C            2.76929444032166        5.97582460578940        2.06304122697668
O            2.59563471530306        6.68633388663805        3.01147847329895
O            3.36511250210423        6.28453464330567        0.92750730652213
C            3.83651914502534        7.64123348734504        0.77351806409213
C            2.71015983726419        8.57239597682475        0.36171843551999
H            3.76657049789318        0.33747663633116        0.87882492639853
H            3.33786517271302       -0.22130746618847       -0.77716703850852
H            2.96440960926002        2.13779826230463       -0.90419536237041
H            1.34864225170066        1.40612045784888       -0.69499162904304
H            1.07091235315774        0.92364983135865        1.96135911646092
H            0.64260667519427        2.29380521964486        3.97299804567653
H            1.44269943003012        4.68394159770902        4.01138014254177
H            3.05419378754192        4.06647941498882        0.10437072562725
H            4.28015290377174        7.96527470587503        1.71922130649325
H            4.60360826060987        7.57496687264146        0.00086157867088
H            1.93888955466657        8.59737881391791        1.12779619016500
H            3.10573868762493        9.57590236185105        0.23855674768441
H            2.26977139609038        8.25094992788816       -0.57906414827776
27
 energy: -43.424245181975 gnorm: 0.006407297391 xtb: 6.7.1 (edcfbbe)
F            2.07207755766882       -0.59281525111625        0.69426142573702
C            2.97990290581948        0.26665796083934        0.13533330547327
C            2.29805126904384        1.59687392633791       -0.20318517681039
N            2.07128008106958        2.43908151552198        0.96697556265275
C            1.40105502590935        1.94476894777591        2.01778201354775
C            1.16768964203395        2.71768741115138        3.13809235649225
C            1.61568904842421        4.03088214390029        3.16580447884552
C            2.30046499941027        4.52855603428535        2.05730223016338
C            2.51978109161163        3.69828267500140        0.97381524392280
C            2.77532379661164        5.96949662754165        2.06515333290028
O            2.61409005413708        6.68186131271452        3.01470153494961
O            3.36016565711898        6.28018256724760        0.92338612964984
C            3.83572669141386        7.63376716569217        0.76857507039760
C            2.71289913804357        8.57269843912333        0.36157591318539
H            3.79929581888364        0.38552585528965        0.85681965659038
H            3.34473163118639       -0.20506630857032       -0.78087703045901
H            2.91707404800912        2.14372482756086       -0.92196120082235
H            1.32873171083575        1.37425366657114       -0.67328904380468
H            1.04973982264543        0.92503659013685        1.95577052643924
H            0.63390951953716        2.29630287223864        3.97471014527454
H            1.44615109515122        4.67638851443084        4.01589671837606
H            3.05341313685937        4.05724781035869        0.10507007515977
H            4.28201877396173        7.95630472374370        1.71269309201131
H            4.59889194677431        7.56515468276399       -0.00640545948443
H            1.94588460754382        8.60336681808036        1.13131384485322
H            3.11650991745431        9.57274027148911        0.23757881973654
H            2.26598101284149        8.25607819989059       -0.57716356497709
27
 energy: -43.424425578974 gnorm: 0.005224179402 xtb: 6.7.1 (edcfbbe)
F            2.14430332861286       -0.58817091247940        0.73505964456735
C            3.00729759618595        0.28935169855489        0.13314878619258
C            2.27392489471466        1.59322955937419       -0.20293218665833
N            2.05139747321259        2.43780817594924        0.96400491994345
C            1.37838888070267        1.94620162138963        2.01474440403223
C            1.15687037143006        2.71812728708945        3.13840949034964
C            1.61720127234393        4.02722564721928        3.16766937495027
C            2.30296450516108        4.52260760601281        2.05873805128395
C            2.51333342102025        3.69222417580855        0.97313697238940
C            2.78367490227223        5.95971067391861        2.06599891380481
O            2.63850891109448        6.67158043591457        3.01846840264542
O            3.35343588724149        6.27484650565780        0.91674125016562
C            3.83460045908188        7.62544819083218        0.76377337571620
C            2.71568553389084        8.57319393766219        0.36264071994879
H            3.84393334845224        0.44320577362715        0.82557540048518
H            3.35595322485016       -0.18555445063852       -0.78727861692242
H            2.85799535748274        2.14769076106185       -0.93736525916036
H            1.30481897263688        1.33735331012289       -0.64843573909013
H            1.01959685006473        0.92911606270165        1.95044543093909
H            0.62284473206696        2.30094448720794        3.97751322121898
H            1.45595633485981        4.67103577071709        4.02093161379860
H            3.05190433251310        4.04648045049042        0.10575689603250
H            4.28418837574479        7.94513613267855        1.70713045712997
H            4.59453156769546        7.55597961569826       -0.01428736355362
H            1.95544587286819        8.61351543829742        1.13885459238514
H            3.12941704876164        9.56820336970306        0.23270913307529
H            2.25835654503835        8.25854867542899       -0.57142188566903
27
 energy: -43.424503830856 gnorm: 0.002722991015 xtb: 6.7.1 (edcfbbe)
F            2.15375035715394       -0.58214443287234        0.74810559661101
C            3.00887167550428        0.29084261884064        0.13287185395207
C            2.27091385654427        1.58991512997439       -0.20441528875797
N            2.05000288624717        2.43679721822078        0.96159066906007
C            1.37690162038590        1.94781484560578        2.01390386707502
C            1.15664479992746        2.71961452468516        3.13734237278047
C            1.61837108198528        4.02789577354654        3.16634483297689
C            2.30209937126690        4.52199865315445        2.05604212255445
C            2.51111123419607        3.69178922769946        0.96989164354057
C            2.78418939089371        5.95839016837569        2.06416393950811
O            2.64014132369552        6.66673211298599        3.01913729428412
O            3.35474184649602        6.27514918000235        0.91619700061203
C            3.83580420266994        7.62692264728053        0.76643481165970
C            2.71621754567276        8.57297056981256        0.36458171295187
H            3.84826325074207        0.45378143238988        0.81706122510110
H            3.35456434304383       -0.19109485805904       -0.78547325868601
H            2.85159983175742        2.14302743735432       -0.94305136777574
H            1.30101679605900        1.32859451920990       -0.64230331241459
H            1.01733310699641        0.93073813046918        1.95056353890554
H            0.62166284814195        2.30170882461856        3.97549032432284
H            1.45982912479948        4.67344202258962        4.01861072836847
H            3.04771240833027        4.04815406560589        0.10247379263921
H            4.28461405295012        7.94504779650443        1.71107851851255
H            4.59784076281477        7.56007115368345       -0.01080336814531
H            1.95630392670727        8.61367820458787        1.14101450856410
H            3.12754636557728        9.56865666649021        0.23135715273759
H            2.25848198944096        8.25454636724448       -0.56848091093758
27
 energy: -43.424613567009 gnorm: 0.002203865440 xtb: 6.7.1 (edcfbbe)
F            2.18370692050954       -0.57156633996926        0.78335950285316
C            3.01579390841225        0.29559650127374        0.13494780390616
C            2.26058943320418        1.58154029131410       -0.20809532175563
N            2.04388646812376        2.43446661274034        0.95507364148546
C            1.37064642286076        1.95171988847737        2.01098019282791
C            1.15430844110800        2.72371206338401        3.13412561816879
C            1.62063635127249        4.02987481629659        3.16212648103268
C            2.30109071183728        4.52002841564535        2.04857478538504
C            2.50524238847342        3.68977829514896        0.96111391258385
C            2.78865852745582        5.95462801443543        2.06013153786379
O            2.64525875753185        6.65594432202115        3.02044083241296
O            3.35974955318851        6.27569925769129        0.91476788273707
C            3.83910755661205        7.63041733135277        0.77267765874072
C            2.71717036350457        8.57191718448272        0.36968170336069
H            3.86762789045405        0.48005559820140        0.79604155937094
H            3.34920345655902       -0.20034569322093       -0.78151587818226
H            2.82920995741972        2.13437589503798       -0.95701296595480
H            1.28832718446146        1.30643266571985       -0.62880587357577
H            1.00867762731587        0.93505302374444        1.95033848435746
H            0.61837090531980        2.30438705807859        3.97098487349273
H            1.47020848261287        4.67934871073835        4.01274313965803
H            3.03823633692920        4.04961542137929        0.09323386942452
H            4.28488259700748        7.94456327539679        1.72058714765670
H            4.60581262593028        7.56956756817579       -0.00186537719853
H            1.95904589451899        8.61506808747474        1.14769962488836
H            3.12371695441497        9.56845310079388        0.22749330189118
H            2.25736428296185        8.24470863418602       -0.56009813743065
27
 energy: -43.424707770316 gnorm: 0.003454941681 xtb: 6.7.1 (edcfbbe)
F            2.22321295404298       -0.56218745398128        0.82329527474251
C            3.02666937590280        0.30227854275979        0.13647184479721
C            2.24745729767763        1.57324611333763       -0.21053089360215
N            2.03435324666524        2.43266023861084        0.94903756683895
C            1.36126112284569        1.95522177527209        2.00786569255420
C            1.15026903256079        2.72768670673998        3.13129770162006
C            1.62295045187736        4.03133596358646        3.15818957560831
C            2.30133125854797        4.51742443745121        2.04160751138836
C            2.49893679685119        3.68691412253634        0.95289554243322
C            2.79313288007467        5.95103695658904        2.05596501119055
O            2.65149232033940        6.64658857442681        3.02106739339546
O            3.36477625363762        6.27569452158375        0.91300772836948
C            3.84278532136025        7.63269005367229        0.77789215635761
C            2.71870301578328        8.57074099645672        0.37483798690732
H            3.89488084569067        0.51061253681643        0.77038764670738
H            3.34263898817796       -0.20659848866512       -0.77996611494880
H            2.79944335002518        2.12767550058344       -0.97108409250893
H            1.27326860910583        1.28098328984422       -0.61455694854464
H            0.99618118770188        0.93944028062688        1.94964215001143
H            0.61368920024530        2.30827975647298        3.96769612224552
H            1.48006382201288        4.68439498828478        4.00740994683811
H            3.02979629783344        4.04781207865195        0.08412418089411
H            4.28508092773588        7.94316818570921        1.72875887750336
H            4.61280813541994        7.57681628637763        0.00590883419852
H            1.96412621248439        8.61841856452599        1.15612446204684
H            3.12261432026488        9.56692585189763        0.22277854407994
H            2.25460677513499        8.23577961983306       -0.55039370112342
27
 energy: -43.424833353756 gnorm: 0.006593777343 xtb: 6.7.1 (edcfbbe)
F            2.30258288386462       -0.54352379261532        0.89524788512093
C            3.05043347385369        0.31830971061168        0.13756516616078
C            2.22205836041157        1.56012260543418       -0.21286578906695
N            2.01441018284307        2.42992084001195        0.94016096186011
C            1.34107572442760        1.96018441543838        2.00248496935702
C            1.14062254562720        2.73392848834789        3.12691984878080
C            1.62555762492931        4.03293815509157        3.15160530236453
C            2.30273501646840        4.51220222263333        2.03095826794734
C            2.48836003248273        3.68074156007620        0.94067716636184
C            2.80338475718301        5.94377431030215        2.05028321542773
O            2.66358975476940        6.63246658455591        3.02114218846762
O            3.37426177080325        6.27394512028388        0.91014096608265
C            3.84917357419714        7.63421280303011        0.78476676600476
C            2.72174129371405        8.56819602479576        0.38326478706979
H            3.94831286446008        0.56910234234245        0.72033509858653
H            3.33129705194668       -0.21252027146882       -0.77937164547631
H            2.73991134899064        2.11886864345683       -0.99527855877421
H            1.24571993339880        1.23348421990500       -0.58781868445546
H            0.96914913986271        0.94672949964667        1.94727598645086
H            0.60347144699079        2.31657888271743        3.96391771335363
H            1.49564444412204        4.69048187944818        3.99969073343923
H            3.01753781340706        4.03990549316110        0.06987453004526
H            4.28607750269618        7.93958784657845        1.73965082351936
H            4.62264504270694        7.58566556828136        0.01613132519924
H            1.97522554894191        8.62554887295745        1.17192985310557
H            3.12367537725737        9.56249190477538        0.21400392271641
H            2.24787548964389        8.22169607020160       -0.53296279964854
27
 energy: -43.424923732920 gnorm: 0.006643955357 xtb: 6.7.1 (edcfbbe)
F            2.34657809323561       -0.53055873923924        0.92484308074962
C            3.06575664928724        0.33080058661004        0.13743614062493
C            2.20833985412722        1.55502501109619       -0.21222996831271
N            2.00131676364704        2.42899937484016        0.93695461709135
C            1.32756758998254        1.96174720850495        1.99971894409475
C            1.13438847581686        2.73631258238682        3.12533162432936
C            1.62738602144405        4.03238238512322        3.14894664949675
C            2.30499537515073        4.50885123774612        2.02691051260531
C            2.48329158943645        3.67669061394517        0.93611133689027
C            2.80930221219112        5.93968516156260        2.04792957900680
O            2.67200433474201        6.62690348814855        3.02045975071806
O            3.37927523581173        6.27188699593711        0.90830229339308
C            3.85238213899313        7.63307536566738        0.78640832730650
C            2.72314405128902        8.56603075822687        0.38667382119761
H            3.97328930577701        0.60034358801650        0.69655118229757
H            3.33045446123556       -0.20979152941155       -0.77771167175503
H            2.70531842329131        2.11675496935085       -1.00579531918427
H            1.23323489918489        1.20784801932338       -0.57371160282823
H            0.95111462556458        0.95008848674313        1.94511883983740
H            0.59781800955342        2.32209922662440        3.96420265333538
H            1.50352709148895        4.69055328948438        3.99753816910392
H            3.01276862145807        4.03172489050691        0.06346659650668
H            4.28656093507107        7.93701483240683        1.74266055873374
H            4.62614770619259        7.58753472405102        0.01887841456567
H            1.98115111705932        8.62826395567228        1.17931324185629
H            3.12547706587966        9.55874318813203        0.21041848021088
H            2.24393935308899        8.21603032854468       -0.52499625187124
27
 energy: -43.425082104018 gnorm: 0.005142870603 xtb: 6.7.1 (edcfbbe)
F            2.40339630847391       -0.50636098279438        0.94666630802848
C            3.08837113664900        0.35479759669544        0.13575444189296
C            2.19211607186367        1.55352385128139       -0.20822497540349
N            1.98210992979116        2.42871956833708        0.93661264435036
C            1.30666755668678        1.96079226224988        1.99652832378866
C            1.12473619137433        2.73641263196919        3.12470954630682
C            1.62956955787882        4.02816976084652        3.14744708320515
C            2.31040367995106        4.50350363150246        2.02599509146700
C            2.47953741643850        3.67019331938523        0.93552985945090
C            2.81831269619355        5.93327959417982        2.04765024904829
O            2.68526642675074        6.62414302887592        3.01818395951876
O            3.38499014413077        6.26626899344120        0.90582989549789
C            3.85536714130838        7.62679797784006        0.78378166368893
C            2.72461570647094        8.56180316311487        0.38821301128222
H            3.99633604167199        0.64396607739237        0.67164619525614
H            3.33840042012096       -0.19436591610215       -0.77360573079548
H            2.65674784841843        2.11984119896794       -1.01567139016578
H            1.22322289566426        1.17550597962604       -0.55476074981555
H            0.92198780410236        0.95278501978317        1.93950068193613
H            0.58968348693325        2.33062478322438        3.96862266052368
H            1.51101713905490        4.68256802028840        3.99957672768325
H            3.01198604764249        4.01349042200380        0.05933003152174
H            4.28781437685589        7.93196938511732        1.73957197333005
H            4.62588865041460        7.58286691017206        0.01540426732566
H            1.98843509151405        8.62875738310915        1.18559460775733
H            3.13066969778245        9.55165157375230        0.20874021847202
H            2.23888053586297        8.21333476574129       -0.51889659515171
27
 energy: -43.425152203976 gnorm: 0.010191878655 xtb: 6.7.1 (edcfbbe)
F            2.49158406877176       -0.47122847320044        1.00937453935883
C            3.11596902420344        0.38496241118448        0.13323013283140
C            2.16735587710109        1.54761662906795       -0.20784615799582
N            1.96090281490034        2.42644477458299        0.93319201121317
C            1.28261100360195        1.96160092890956        1.99204766801924
C            1.11245279542230        2.73774528263428        3.12227238238813
C            1.63100016882685        4.02395381665460        3.14462531331334
C            2.31357974916449        4.49645415871506        2.02269871320860
C            2.47298586003072        3.66242126160298        0.93174951686149
C            2.82793033563941        5.92346870443493        2.04625463457068
O            2.70011266912503        6.61424210642990        3.01748822680006
O            3.39103433657855        6.25885214594768        0.90282853965867
C            3.86042047532427        7.61935894669420        0.78340048177105
C            2.72861713352204        8.55646063738479        0.39279059487182
H            4.04262955860560        0.72176010647580        0.61879086308550
H            3.33601165057953       -0.18540421571933       -0.77240361209807
H            2.58697099878143        2.11867413057867       -1.03984744849745
H            1.20137078510340        1.12623145600393       -0.52045732194595
H            0.88668527007940        0.95803659414254        1.93243956071840
H            0.57558702800773        2.33988268308038        3.96883535136891
H            1.52038060019516        4.67638926580804        3.99935486330218
H            3.00723047190584        3.99635212399191        0.05293298665056
H            4.29354387668120        7.92326853768656        1.73917809896104
H            4.62883088054255        7.57879381822386        0.01324497655359
H            2.00018327833788        8.63006165810538        1.19672834283132
H            3.13711749745131        9.54383116237499        0.20470394212244
H            2.23343179151701        8.20480934820508       -0.50787719992276
27
 energy: -43.425266393275 gnorm: 0.005451425486 xtb: 6.7.1 (edcfbbe)
F            2.48278296335956       -0.46626557359967        0.99786745081266
C            3.11274053582009        0.38777908194411        0.13110736082811
C            2.17162992496960        1.55198440561980       -0.20778125533292
N            1.96498970748191        2.42704977368956        0.93622345441097
C            1.28511232993852        1.96066202166683        1.99358171739727
C            1.11256014815039        2.73541900932760        3.12380158152410
C            1.62916661355371        4.02209618677389        3.14825726028971
C            2.31244955478524        4.49680434473107        2.02807483368265
C            2.47552351933934        3.66360722974555        0.93714758877067
C            2.82516906546528        5.92325592348891        2.04938652782268
O            2.69945006837437        6.61636126037476        3.01899105270426
O            3.38655092461225        6.25623099760400        0.90341176175149
C            3.85889942259849        7.61474006712244        0.77907821080405
C            2.72873761206473        8.55472770780828        0.39026586381501
H            4.03396694406145        0.72340246252467        0.62205574252623
H            3.34083475840010       -0.18039450212001       -0.77364934499186
H            2.59435986642144        2.12179990332928       -1.03587055246403
H            1.20757261517028        1.13560934415479       -0.52143996323210
H            0.88926580048278        0.95722961437920        1.93170918689140
H            0.57428531536718        2.33753810263415        3.96936969239536
H            1.51456949346450        4.67223904726317        4.00406568506650
H            3.01132960584293        3.99733832761295        0.05978944017816
H            4.29812890616785        7.92018426535883        1.73195998881053
H            4.62431821050941        7.57060387337304        0.00508535341783
H            1.99881723005625        8.62498653704510        1.19285332002176
H            3.13834056546059        9.54286871535799        0.20753725424790
H            2.23497829808205        8.20718187279049       -0.51314921214803
27
 energy: -43.425404087222 gnorm: 0.003895164205 xtb: 6.7.1 (edcfbbe)
F            2.53496852892969       -0.43387332855220        1.01796386982079
C            3.12974690865064        0.41493153166281        0.12499267480308
C            2.15905542159523        1.55432117548789       -0.20796354801688
N            1.95459942153885        2.42723969209143        0.93812922611778
C            1.27105984131866        1.96151655097635        1.99366248488229
C            1.10305670329030        2.73351330330068        3.12571035089244
C            1.62548431627013        4.01765233631785        3.15399865689237
C            2.31043542901488        4.49316106052766        2.03565145150439
C            2.47168365710897        3.66134281070024        0.94331013390444
C            2.82731435326589        5.91618669784521        2.05428911955658
O            2.71113052968810        6.61202159965616        3.02293257755491
O            3.38198363253552        6.24581012967721        0.90234595807099
C            3.86036017308166        7.60056888186088        0.77040569397685
C            2.73242093801781        8.54674410900347        0.38934106512411
H            4.05353251101026        0.77845228052669        0.58981351341897
H            3.35386973130183       -0.16385498079354       -0.77460031068758
H            2.55534772154733        2.12788800912613       -1.04544224129246
H            1.19958913282581        1.11589160024801       -0.49856006344500
H            0.86974926627359        0.96051750330802        1.92762430655788
H            0.56224711848238        2.33813421793606        3.97071554031405
H            1.51143672416163        4.66372754465361        4.01301921396014
H            3.01152524654739        3.99100021782878        0.06765392021531
H            4.31284507354840        7.90669750804101        1.71759115264044
H            4.61847969045090        7.55081673079402       -0.01214593005411
H            2.00489134272916        8.61530324522022        1.19402120854922
H            3.14483778872685        9.53474172397214        0.21007527066591
H            2.23487879808847        8.20458784858400       -0.51480529592655
27
 energy: -43.425550997271 gnorm: 0.006523581990 xtb: 6.7.1 (edcfbbe)
F            2.63603786024923       -0.38001517387384        1.05968743199998
C            3.16299569646220        0.46136929613304        0.11520086548222
C            2.13376787743839        1.55470150052179       -0.20818269032841
N            1.93148640263947        2.42795020537096        0.93865617760019
C            1.24499547409436        1.96458747674246        1.99369088172598
C            1.08544006952181        2.73247039896514        3.12906510791157
C            1.61775202422076        4.01288470130998        3.16262951013437
C            2.30465127828003        4.48711351851793        2.04541901497972
C            2.45913753990486        3.65764089944441        0.94975498997369
C            2.83337286789045        5.90436746698362        2.06096467262286
O            2.73524119070787        6.60205187839340        3.03032143320850
O            3.37627843406655        6.22841600254706        0.90027299804534
C            3.86454237522198        7.57780264533052        0.75695071264148
C            2.73964875597984        8.53257535239224        0.38954038672341
H            4.09313465337895        0.87384899016958        0.53023360042934
H            3.37546165373354       -0.13633397064663       -0.77623358214738
H            2.48170109694250        2.13706543580744       -1.06319928194852
H            1.18252143921525        1.07337061827718       -0.45944823277351
H            0.83729587057425        0.96640965388392        1.92360350946828
H            0.54270467162919        2.33773409572104        3.97306980095574
H            1.50954599100440        4.65492502773649        4.02568558686300
H            3.00347760247625        3.98475188322836        0.07637558432536
H            4.33720931385443        7.88306447127524        1.69539578023384
H            4.61072614165337        7.51843248586628       -0.03813149697756
H            2.01696069586913        8.59915993973985        1.19878181711773
H            3.15545142142189        9.52002287132306        0.21411198371686
H            2.23499160156947        8.19867232884027       -0.51448656198384
27
 energy: -43.425644618490 gnorm: 0.004591293401 xtb: 6.7.1 (edcfbbe)
F            2.68515226484667       -0.35076566285749        1.07025247066886
C            3.17935421781133        0.48670187126912        0.10883444367444
C            2.12342206426007        1.55623415902696       -0.20796288355971
N            1.91917521198356        2.42969803141477        0.93957970213322
C            1.23442983810580        1.96676781665721        1.99635743310215
C            1.07583574080112        2.73185073095485        3.13341684235356
C            1.60918609054157        4.01238003370538        3.17044355788333
C            2.29616032587989        4.48540292317186        2.05308659916490
C            2.44752289788467        3.65830217501992        0.95450103002876
C            2.83540459862263        5.89920144075724        2.06603920557595
O            2.75163895356357        6.59665262986296        3.03688369137720
O            3.36982336861065        6.21711860709908        0.89982991889065
C            3.86669697372564        7.56259101856938        0.74618688547093
C            2.74459918260357        8.52269471643778        0.38840049506473
H            4.10664305391008        0.91927509816632        0.50275202016939
H            3.39200471199638       -0.11666882866548       -0.77900739004707
H            2.45074308437791        2.14438884369828       -1.06661703378034
H            1.17936207612083        1.05607466636252       -0.44438773124651
H            0.82875578050009        0.96781562947414        1.92608187703308
H            0.53366330584342        2.33165744685296        3.97530944436148
H            1.50474988378161        4.65389551980114        4.03444769728222
H            2.99226735094892        3.99123988098732        0.08337002647813
H            4.35395308668831        7.86661504480417        1.67769515438876
H            4.60356414854642        7.49335884384646       -0.05725069217943
H            2.02297092003564        8.58438334455383        1.19927831922055
H            3.16157154309252        9.51075869650138        0.22001926502669
H            2.23787932491763        8.19741532252870       -0.51781034853570
27
 energy: -43.425711757469 gnorm: 0.004769707061 xtb: 6.7.1 (edcfbbe)
F            2.74359166208171       -0.31525558971907        1.09371500296432
C            3.19716027668004        0.51475672599090        0.10356866354409
C            2.11172273966950        1.55609884262924       -0.20588658149430
N            1.90403926601156        2.42992512891930        0.94028617457616
C            1.22297461688795        1.96648872703551        1.99907717886410
C            1.06609785799621        2.73108198616062        3.13707237722692
C            1.60196327515032        4.01088269826135        3.17522336842994
C            2.28854733162345        4.48203919082578        2.05675993862435
C            2.43444377445069        3.65665324907261        0.95619963021886
C            2.83836621881640        5.89318716026044        2.06797335979033
O            2.76922074176573        6.58909351494049        3.04081080698256
O            3.36585186559203        6.20619834271175        0.89821815729647
C            3.87013836709325        7.54847660770939        0.73725446275656
C            2.75023531636351        8.51364182931389        0.38859036932217
H            4.12484734327177        0.97602821511994        0.46768174343557
H            3.39932181465601       -0.09849428007743       -0.78068941027492
H            2.41356941118274        2.14742991267184       -1.07149065530512
H            1.17763338011132        1.03240970634950       -0.42830753098871
H            0.81839820858530        0.96687672569877        1.92977644557866
H            0.52483727443218        2.32783620270962        3.97833248510097
H            1.50171120882555        4.65279453040237        4.03912734411181
H            2.97643732395944        3.99451998767106        0.08459720970548
H            4.36694254797498        7.85050626455403        1.66348747023617
H            4.59830932196202        7.47198521464869       -0.07227486681866
H            2.03155826649513        8.57212709141953        1.20257102027336
H            3.16933192585254        9.50149778865500        0.22571408728604
H            2.23927866250924        8.19625422606563       -0.51765825144299
27
 energy: -43.425746059525 gnorm: 0.004166708413 xtb: 6.7.1 (edcfbbe)
F            2.77115839926610       -0.29420392385633        1.09836578246694
C            3.20478154016769        0.52996108977702        0.10152289937626
C            2.10870421260499        1.55557718845833       -0.20242280345270
N            1.89504976272287        2.42901699462033        0.94174019228038
C            1.22305841003540        1.96285334720276        2.00469669544010
C            1.06313660776213        2.73022484666775        3.14129270123757
C            1.59534412921468        4.01152754058488        3.17673120863328
C            2.27897986628542        4.48101459497636        2.05544903806676
C            2.42022235841156        3.65672132833689        0.95399410412025
C            2.83811126783536        5.89117316040978        2.06610472207940
O            2.77996507000212        6.58313779137169        3.04161254117330
O            3.36200805455521        6.20040462781869        0.89623001062625
C            3.87300893643777        7.54075965952506        0.73186275702069
C            2.75539292028768        8.50977023322697        0.38899647101035
H            4.12642348361521        1.00237925766194        0.45244881744066
H            3.40161893448564       -0.08643770725656       -0.78044895571406
H            2.39969131062083        2.14712560719615       -1.06935494766175
H            1.18341783207991        1.02068160165597       -0.42540935863394
H            0.82495351439787        0.96010243274961        1.94042733970677
H            0.52479873636843        2.32270148962327        3.98269055125128
H            1.49752464660131        4.65660561445155        4.03799599348792
H            2.95430962799314        4.00327893226357        0.07986750618739
H            4.37281651066579        7.83951316423562        1.65559374627736
H            4.59506109593472        7.45915559876441       -0.07986763443798
H            2.03821090612275        8.56483237353245        1.20475789995246
H            3.17664841765035        9.49748236722091        0.23242554232517
H            2.24213344787571        8.19968078878166       -0.51757282025994
27
 energy: -43.425789253883 gnorm: 0.004686434786 xtb: 6.7.1 (edcfbbe)
F            2.82654358201949       -0.26450584803773        1.11956178011931
C            3.22257769584200        0.55440320705099        0.09770210368403
C            2.09479677396903        1.55326496204083       -0.20029282155209
N            1.88033692803859        2.42697949155616        0.94229596188401
C            1.21232861175242        1.96047593048226        2.00716523029597
C            1.05643205696373        2.72943622101821        3.14366441204294
C            1.59184687447057        4.00918105948504        3.17735778547666
C            2.27377999184766        4.47763432939955        2.05451883745236
C            2.40824979759289        3.65370536160040        0.95219696468832
C            2.84020168957158        5.88518084368333        2.06503675711882
O            2.79138776206155        6.57570740219966        3.04216237464000
O            3.35918246129750        6.19319976176158        0.89265730688678
C            3.87633918630200        7.53123405607315        0.72706256597529
C            2.76096174008150        8.50606871061994        0.39090973614384
H            4.14441626991936        1.05194473919856        0.42135458796294
H            3.41072851712678       -0.07328760052787       -0.77770699684662
H            2.35843934866923        2.14747207929096       -1.07793406992477
H            1.17568480929723        0.99353575129393       -0.40571189544205
H            0.81383429673246        0.95782996034415        1.94477596963839
H            0.51941419960112        2.32427625030949        3.98696010861242
H            1.49785749850158        4.65388445036945        4.03939965267164
H            2.93973381022218        3.99856230419751        0.07597957318796
H            4.38225851959028        7.82719313678860        1.64867364146639
H            4.59315688436789        7.44704062822947       -0.08916337569347
H            2.04769875160516        8.56221625243904        1.21003653360943
H            3.18607995023544        9.49239620376548        0.23507718020225
H            2.24226199232150        8.20001035536862       -0.51400990430061
27
 energy: -43.425822124073 gnorm: 0.003294165128 xtb: 6.7.1 (edcfbbe)
F            2.82226549354467       -0.26743288964701        1.12084362652019
C            3.21969730845598        0.54993685893322        0.09792340378247
C            2.09474070161155        1.55078643065459       -0.20016322998494
N            1.88174376014480        2.42492772521754        0.94229011443542
C            1.21424334758521        1.95882560403227        2.00748458115988
C            1.05921863049761        2.72906320835601        3.14317573084023
C            1.59373482025379        4.00894211015528        3.17472589034857
C            2.27405811334405        4.47805067106426        2.05121073975684
C            2.40845018467131        3.65308034119070        0.94975149320419
C            2.83741566085118        5.88579812042589        2.06232600728728
O            2.78549562008573        6.57583947161516        3.03966420768357
O            3.35788264895254        6.19618895764462        0.89068468637733
C            3.87565466722188        7.53437655055072        0.72955905062521
C            2.76143000744994        8.51083552663734        0.39245013780777
H            4.14238145850900        1.04678221240372        0.42108166950234
H            3.40841769158209       -0.07996928356155       -0.77576737710728
H            2.36175387552532        2.14239362647970       -1.07655482037775
H            1.17486452297426        0.99607430967106       -0.40657929543908
H            0.81717755340969        0.95571084457401        1.94677546944106
H            0.52364207708198        2.32637773104214        3.98837796199546
H            1.49939293784203        4.65350520495999        4.03709570868947
H            2.93873322156389        3.99456619778055        0.07212952241220
H            4.38022937112662        7.82851544461879        1.65329050877809
H            4.59491121634126        7.45259291887964       -0.08564372152443
H            2.04844035209106        8.56984931070738        1.21140195770499
H            3.18828694203632        9.49613044776089        0.23408702640324
H            2.24226781524696        8.20329234785380       -0.51189105032220
27
 energy: -43.425880412579 gnorm: 0.003003572484 xtb: 6.7.1 (edcfbbe)
F            2.84622580997954       -0.25173675989358        1.13462733120966
C            3.22390353476200        0.55473919737491        0.09611516490411
C            2.08773618438464        1.54228456932515       -0.19807424282359
N            1.87646233917452        2.41868945910969        0.94267634551155
C            1.21597920194091        1.95253746461418        2.01170261379510
C            1.06315156711185        2.72694523935908        3.14493408474197
C            1.59423791551399        4.00774197106622        3.16930418709886
C            2.26777003276123        4.47771627618953        2.04186845172808
C            2.39797604851791        3.65069335004965        0.94185305619254
C            2.82945432642500        5.88460866103912        2.05393405832201
O            2.77792076288830        6.57187181914767        3.03347984046659
O            3.35102048231317        6.19889203053234        0.88315966958189
C            3.87604515520632        7.53531000257679        0.73177520938285
C            2.76800162433736        8.52077077562790        0.39741848652730
H            4.14569172862379        1.06387203061286        0.40065138347028
H            3.40812487192624       -0.08705656674619       -0.76986699317812
H            2.34278596107974        2.13031162009636       -1.07981826096734
H            1.17057902556138        0.97980471692260       -0.39410959219800
H            0.82425678925451        0.94715897670979        1.95716609409458
H            0.53296433457136        2.32907688137061        3.99559088492894
H            1.50167897784138        4.65286682029204        4.03182700575942
H            2.92128593300101        3.98628943728562        0.05868023339202
H            4.38076358390733        7.82145684313535        1.65904172678962
H            4.59786301550365        7.45616686270672       -0.08262461995423
H            2.05809160742695        8.58700530992697        1.21818852968392
H            3.20245075226971        9.50232494775499        0.23521486556168
H            2.24410843371701        8.21469806381433       -0.50498551402158
27
 energy: -43.425928847299 gnorm: 0.003668334976 xtb: 6.7.1 (edcfbbe)
F            2.88716385584379       -0.22624796823395        1.15507356880166
C            3.23214050727997        0.56495967745060        0.09315746441301
C            2.07689272756799        1.53092925557907       -0.19528733529956
N            1.86689728352030        2.41188116690709        0.94251693652565
C            1.21728648037641        1.94561688679639        2.01788610653118
C            1.06713859403982        2.72385969675657        3.14891387734670
C            1.59264800993455        4.00677215717403        3.16478987992793
C            2.25688121686632        4.47684982805055        2.03151879087834
C            2.38167782538052        3.64767789339425        0.93279120799429
C            2.81947107056835        5.88286642012886        2.04392393180189
O            2.77025507508593        6.56711700314516        3.02573754571944
O            3.34206215947935        6.20006223023153        0.87440449858667
C            3.87709146823822        7.53368665280177        0.73258258713522
C            2.77817550839648        8.53091660474668        0.40281702182606
H            4.15257390525862        1.09295263860944        0.36844376285733
H            3.40835891243345       -0.09106152126634       -0.76394476457831
H            2.31229254144974        2.11595357215768       -1.08440882813487
H            1.16598676359089        0.95375949456128       -0.37589799419733
H            0.83251855672539        0.93704030714161        1.97081022777602
H            0.54451742979767        2.32803444592426        4.00520710451592
H            1.50369438161621        4.65380004846898        4.02633955615109
H            2.89544707482233        3.98045112763435        0.04301845465675
H            4.38237421790586        7.80939428732037        1.66285082757282
H            4.60063757738534        7.45514565035976       -0.08055191855042
H            2.07213109749200        8.60470396410242        1.22614488466287
H            3.22228394429493        9.50787442127914        0.23863710251627
H            2.24793181465045        8.23004405877914       -0.49774449743656
27
 energy: -43.425973767992 gnorm: 0.002690557774 xtb: 6.7.1 (edcfbbe)
F            2.93314195260343       -0.19727556040474        1.17373393173166
C            3.24169285760177        0.57640823970828        0.08966168788849
C            2.06502753003516        1.51847948282374       -0.19220373525370
N            1.85616438293567        2.40544287268522        0.94205600749610
C            1.21987864915948        1.93867814494885        2.02524253755953
C            1.07253264523590        2.71958630127981        3.15464386534383
C            1.59012199778527        4.00591197370798        3.16178506279906
C            2.24295100439844        4.47604586017209        2.02159272512151
C            2.36266177396300        3.64479615774304        0.92398171205149
C            2.80580279987062        5.88214483928561        2.03293093970850
O            2.75906000180864        6.56454961037945        3.01635521473992
O            3.33066981472723        6.20079802438021        0.86511583604498
C            3.87816877352272        7.53051832919435        0.73226524197641
C            2.79080407590951        8.54154970874205        0.40800512792612
H            4.15881656184994        1.12373427006554        0.33295471230679
H            3.41017225983962       -0.09326780099613       -0.75821605691578
H            2.27725245858318        2.10107738859281       -1.08975483085009
H            1.16156419715144        0.92298944793154       -0.35363175750517
H            0.84298180060077        0.92655288187537        1.98549723872840
H            0.55960914442119        2.32262390663954        4.01636799269549
H            1.50518353497921        4.65573627826102        4.02145833608904
H            2.86626440369513        3.97755203671225        0.02799314804548
H            4.38446136238591        7.79461246377037        1.66510181408248
H            4.60276839761716        7.45015769498261       -0.07960116759191
H            2.08852788124773        8.62312458313210        1.23383388731229
H            3.24658703404226        9.51312266114566        0.24393050783440
H            2.25366270403062        8.24939020324200       -0.49136997936529
27
 energy: -43.425998114211 gnorm: 0.002297055988 xtb: 6.7.1 (edcfbbe)
F            2.97252594356589       -0.17157397789095        1.18905705443639
C            3.24969714667550        0.58757242219300        0.08576308530355
C            2.05573018155703        1.51061596530824       -0.18959015718765
N            1.84759845562842        2.40169366116800        0.94205216490332
C            1.22102341810419        1.93421981362049        2.03077145417762
C            1.07602788652434        2.71566816732306        3.15985071590392
C            1.58699927368335        4.00491387887621        3.16172542015319
C            2.23166134197545        4.47489574347202        2.01685534739345
C            2.34868289269904        3.64246305231736        0.91972717058587
C            2.79478936477286        5.88166209710950        2.02610134828055
O            2.74825835948820        6.56496665237152        3.00882942803787
O            3.32155930769550        6.19921601814006        0.85923549434212
C            3.87888370877231        7.52536136039067        0.73004558913339
C            2.80102374280025        8.54737899563972        0.41079550752564
H            4.16446595644028        1.15112514495414        0.30199956878749
H            3.41045569663764       -0.09274152864801       -0.75562621327814
H            2.24980720677734        2.09093036168720       -1.09261981769332
H            1.15961010813395        0.90130035937117       -0.33601151256079
H            0.84938577184164        0.91995520038847        1.99507573356606
H            0.57098489225231        2.31525688272990        4.02468329226860
H            1.50523164973586        4.65686662879619        4.01987731222999
H            2.84587388348729        3.97795675553718        0.02075875770980
H            4.38741567360989        7.78160467424978        1.66339187321261
H            4.60225113746474        7.44101407590125       -0.08209310472732
H            2.10093401660003        8.63313603915513        1.23805516167868
H            3.26617903622943        9.51494141264531        0.24978160587535
H            2.25947394684840        8.26464014319399       -0.48876228005823
27
 energy: -43.426007273743 gnorm: 0.002603068096 xtb: 6.7.1 (edcfbbe)
F            2.99115070624757       -0.15770054636064        1.19058484505072
C            3.25316749562557        0.59296626644660        0.08274618906492
C            2.05201898757608        1.50792724361204       -0.18774057410278
N            1.84466014746734        2.40076914389172        0.94282192869436
C            1.22335990259445        1.93219018840655        2.03425584986370
C            1.07965281146866        2.71226716334516        3.16406377018215
C            1.58530159811031        4.00397445356149        3.16420870218383
C            2.22468716088450        4.47453684143356        2.01701172867059
C            2.34223696386770        3.64168619293862        0.91988665698891
C            2.78484535317642        5.88317882039128        2.02296394507647
O            2.73465147353818        6.57047417968822        3.00277617515272
O            3.31511444575047        6.19746811769211        0.85689744772312
C            3.87866819736213        7.52068927062269        0.72718451953455
C            2.80767098093835        8.54996689902040        0.41118387884780
H            4.16440786646682        1.16166775459600        0.28629964021084
H            3.41131864242561       -0.09067979310514       -0.75546157274958
H            2.23664218731129        2.08682926273473       -1.09318838569531
H            1.16019140489897        0.89167067861609       -0.32510388193612
H            0.85385060721706        0.91732066141921        1.99889551024780
H            0.57970727696166        2.30746020346235        4.02972645867875
H            1.50410783826336        4.65709528921166        4.02124525845246
H            2.83751271487214        3.98099356906094        0.02108599512578
H            4.38964752056308        7.77318010563014        1.65972507192520
H            4.59993185029541        7.43163263982843       -0.08601129021624
H            2.10812244553750        8.63723184126641        1.23876317809198
H            3.27954596613327        9.51480802167117        0.25447831128663
H            2.26435745444725        8.27543553091879       -0.48956935635328
27
 energy: -43.426018890017 gnorm: 0.001539421665 xtb: 6.7.1 (edcfbbe)
F            3.01715713244659       -0.14016554419600        1.19992169831918
C            3.25920312072001        0.60240248429197        0.07915537810574
C            2.04612353642546        1.50548012714673       -0.18580676049582
N            1.83991811552956        2.39877859172723        0.94401441411092
C            1.22199573039693        1.92955362404959        2.03710105431739
C            1.08031766466225        2.70997472870659        3.16693121087435
C            1.58412971324383        4.00235442399982        3.16514890416250
C            2.22009020120246        4.47335725148507        2.01630947645581
C            2.33639231093470        3.64002614630819        0.91920286960796
C            2.77818750940546        5.88264329220155        2.02014111103881
O            2.72660332032454        6.57197060495812        2.99854455377712
O            3.31050910503658        6.19488894294667        0.85429734627705
C            3.87937769959258        7.51591064464942        0.72500382712326
C            2.81307117853873        8.55145631763356        0.41219464324166
H            4.16978227833906        1.18193362365958        0.26573620010651
H            3.41135804677700       -0.08892459559623       -0.75463562824178
H            2.21818435592452        2.08291447729946       -1.09538712401435
H            1.15852961909161        0.87999849376763       -0.31353471806560
H            0.85389271785787        0.91425629579634        2.00301664246349
H            0.58357359732979        2.30482495932746        4.03424787634813
H            1.50364973547367        4.65566595833768        4.02216194651747
H            2.82985405402130        3.97954512155943        0.01954138111024
H            4.39342643888664        7.76519207640693        1.65704648256601
H            4.59853046701137        7.42430497931023       -0.08988350925197
H            2.11429806279422        8.64014988192936        1.24024933859892
H            3.29030886243239        9.51423898685387        0.25812664302904
H            2.26806542560211        8.28230810544031       -0.48911525808210
27
 energy: -43.426026390346 gnorm: 0.001067059391 xtb: 6.7.1 (edcfbbe)
F            3.01157597897558       -0.14244980539055        1.19668048463362
C            3.25804259989293        0.60242414638019        0.07799171658256
C            2.04832664842481        1.50921077239570       -0.18570494334398
N            1.84241791862712        2.39985053986228        0.94546512589401
C            1.22057078603256        1.93050510446775        2.03616466777522
C            1.07858116309518        2.71079188101013        3.16621026038503
C            1.58458023473716        4.00207273021128        3.16629997271002
C            2.22354360305587        4.47352504871777        2.01938993125003
C            2.34136845980527        3.64051544463791        0.92210876033109
C            2.78040469687935        5.88284273048496        2.02296668256425
O            2.72369628088250        6.57475672917990        2.99914509119275
O            3.31457043487668        6.19311597886875        0.85715680905179
C            3.87975560747432        7.51507708963582        0.72449152983703
C            2.81059627861953        8.54764561701026        0.41093254508503
H            4.16974597178248        1.17895425594765        0.26809716058375
H            3.40939729498185       -0.08801287317923       -0.75661691353670
H            2.22347196035931        2.08681821912589       -1.09340506031452
H            1.16010413795517        0.88699545329365       -0.31746442641595
H            0.85010262685419        0.91615486558724        2.00041960656011
H            0.57908345676902        2.30735240580343        4.03263281187452
H            1.50277098408685        4.65401642267895        4.02449798144894
H            2.83757873409048        3.97896258169831        0.02377776087688
H            4.39495042169267        7.76755828918090        1.65524024848217
H            4.59763252789877        7.42407629455546       -0.09164388010395
H            2.11085761334125        8.63404541255564        1.23840128214412
H            3.28526518791929        9.51163355980636        0.25735387736757
H            2.26753839089100        8.27660110547417       -0.49085908291543
27
 energy: -43.426030365098 gnorm: 0.000324879444 xtb: 6.7.1 (edcfbbe)
F            3.01393998014577       -0.14041620061896        1.19605374088552
C            3.25849108495882        0.60314201583506        0.07682479553498
C            2.04830514751306        1.50943068786980       -0.18563020608693
N            1.84286435375976        2.39989571576174        0.94594834983882
C            1.22060162182186        1.93074021232926        2.03653581905305
C            1.07806402746813        2.71116992135641        3.16641581869032
C            1.58447791542316        4.00231440007540        3.16662906051156
C            2.22405830993772        4.47364588667377        2.01987525009377
C            2.34196499195336        3.64060852360484        0.92268108753176
C            2.77997530611236        5.88333586782810        2.02309865988778
O            2.72094592968464        6.57625319120423        2.99878980476944
O            3.31707387794816        6.19226302584137        0.85821783647913
C            3.88094593676830        7.51486875483584        0.72497104440646
C            2.81030722006156        8.54593687469376        0.41080961144624
H            4.17021355621987        1.17911048865028        0.26476748342524
H            3.40841263865311       -0.08849963933221       -0.75635175305830
H            2.22205354375819        2.08788991963144       -1.09331357486672
H            1.15975552276354        0.88679265383349       -0.31715761742580
H            0.84979521171991        0.91648453305179        2.00070031392496
H            0.57760600321742        2.30821506254064        4.03261548913527
H            1.50181884175584        4.65444997079127        4.02459621348192
H            2.83839682389873        3.97863475536069        0.02433186070189
H            4.39603880912197        7.76845922906947        1.65548391023140
H            4.59904441641750        7.42419767137288       -0.09104831312848
H            2.11020633305758        8.63187813158613        1.23808361536877
H            3.28359552285065        9.51066118995882        0.25682719615433
H            2.26757707301024        8.27357715619523       -0.49102549698640
