25
 energy: -32.976382564368 gnorm: 0.059250208539 xtb: 6.7.1 (edcfbbe)
O            2.40015000000000        0.16206000000000       -0.39865000000000
C            1.03859000000000        0.14387000000000       -0.38273000000000
C            0.38671000000000        1.30342000000000       -0.77612000000000
C           -1.00237000000000        1.34491000000000       -0.76716000000000
C           -1.73584000000000        0.22031000000000       -0.37419000000000
C           -1.08591000000000       -0.96450000000000        0.00740000000000
C            0.32084000000000       -0.98216000000000        0.01690000000000
N           -1.86341000000000       -2.19175000000000        0.46755000000000
C           -1.76351000000000       -2.26886000000000        1.98488000000000
C           -3.33691000000000       -2.12015000000000        0.06960000000000
C           -1.28826000000000       -3.44948000000000       -0.18173000000000
H            2.76971000000000       -0.69677000000000       -0.13656000000000
H            0.96114000000000        2.17600000000000       -1.08130000000000
H           -1.51453000000000        2.25913000000000       -1.06366000000000
H           -2.81486000000000        0.32768000000000       -0.37776000000000
H            0.87503000000000       -1.85379000000000        0.34387000000000
H           -2.18102000000000       -1.35149000000000        2.41242000000000
H           -2.33919000000000       -3.13725000000000        2.32020000000000
H           -0.71432000000000       -2.38762000000000        2.27195000000000
H           -3.40673000000000       -1.98375000000000       -1.01438000000000
H           -3.81516000000000       -3.06357000000000        0.35415000000000
H           -3.82214000000000       -1.30606000000000        0.61643000000000
H           -1.26319000000000       -3.30592000000000       -1.26653000000000
H           -0.29022000000000       -3.64884000000000        0.21713000000000
H           -1.93703000000000       -4.29432000000000        0.07209000000000
25
 energy: -32.982407953079 gnorm: 0.028743497116 xtb: 6.7.1 (edcfbbe)
O            2.38187942038235        0.14722504203055       -0.39403742780032
C            1.03174038544179        0.13161778859184       -0.37736722045574
C            0.37347482271710        1.29177098252132       -0.77124501193663
C           -1.00633301355723        1.32345458362209       -0.75923319035825
C           -1.74104242102012        0.20743381856018       -0.37085711631878
C           -1.08916955691570       -0.95826520410497        0.00966423755984
C            0.30515205406357       -0.98884819086860        0.02159566066484
N           -1.85471509451880       -2.17291185041439        0.45802582084886
C           -1.76275596186782       -2.26907589938368        1.94986033509837
C           -3.30391439639990       -2.11055156096049        0.07841410779777
C           -1.29365982773686       -3.41730475308212       -0.16571396458683
H            2.75819961087118       -0.70310552006163       -0.12917274222989
H            0.94883641320348        2.15437054948633       -1.07487123150753
H           -1.52095467598046        2.22588975333445       -1.05514969723336
H           -2.81520736145546        0.29879680859438       -0.38185849604221
H            0.85319848394370       -1.86490583287625        0.33845017144051
H           -2.16952697049492       -1.36061513413975        2.38968800715545
H           -2.33143138514637       -3.12995118536881        2.30045098889877
H           -0.72306546777427       -2.37758600524704        2.25009822313303
H           -3.39095383780516       -1.96896428183485       -0.99658088385250
H           -3.78375788879377       -3.04891615420229        0.35574063312240
H           -3.79906322881844       -1.30280255344967        0.61145363268618
H           -1.25877308774693       -3.28718106670415       -1.24501090840744
H           -0.29706168271210       -3.62324088864658        0.21446348257423
H           -1.93352533187886       -4.26523324539588        0.07699258974921
25
 energy: -32.983687878463 gnorm: 0.005398433680 xtb: 6.7.1 (edcfbbe)
O            2.36672158432081        0.13076103671212       -0.38600941796450
C            1.02693667060760        0.11763924739033       -0.36967350353584
C            0.36167724597227        1.27895379800406       -0.76502525400064
C           -1.01284286639262        1.30549410754026       -0.75584917959754
C           -1.75210210657178        0.19373944605042       -0.37134284699157
C           -1.09706395117300       -0.96165532897347        0.01179843671793
C            0.29192896059051       -0.99895686712245        0.02707229839810
N           -1.85249854299330       -2.16701520227535        0.45543177134307
C           -1.75561218844464       -2.26005706264171        1.92677845294282
C           -3.27981861829679       -2.10181257855944        0.08381105849887
C           -1.29450297271321       -3.38896776702419       -0.16241452406978
H            2.75105214997263       -0.71240580222012       -0.11665396001705
H            0.94169679366922        2.13363615488715       -1.06704376989503
H           -1.53045651363285        2.20172646914677       -1.05231421933290
H           -2.82334559065219        0.27583145095562       -0.38631774809678
H            0.83658267204311       -1.87620657247580        0.34133629609017
H           -2.16031294606469       -1.35759878232695        2.37965127363793
H           -2.31779270680556       -3.12058384623066        2.28309014411598
H           -0.71838836888191       -2.36283654201618        2.23397528537349
H           -3.38213412801535       -1.95548722443234       -0.98877887879738
H           -3.76376989398702       -3.03669920828697        0.35762048382370
H           -3.78135849599310       -1.29659320074485        0.61200058042196
H           -1.25453854706094       -3.27065620379484       -1.24265532790315
H           -0.29624831932115       -3.59817173466991        0.20721442885857
H           -1.92623932017605       -4.24097778689150        0.07809811997956
25
 energy: -32.983742663530 gnorm: 0.002314625405 xtb: 6.7.1 (edcfbbe)
O            2.36632530183468        0.12802714383819       -0.38065961942158
C            1.02769505157103        0.11659759293473       -0.36667118070565
C            0.36196008990525        1.27777167409247       -0.76463368905291
C           -1.01255038240893        1.30592822883827       -0.75946078060145
C           -1.75411863050048        0.19464555289549       -0.37549701426524
C           -1.09935079310904       -0.96137728469962        0.01053910465585
C            0.29054146536853       -0.99820957329731        0.02972129372771
N           -1.85390050123608       -2.16749087843847        0.45468502546961
C           -1.75187486190769       -2.25949172750958        1.92551777233476
C           -3.28224980734294       -2.10367370171462        0.08728869673030
C           -1.29545261601234       -3.38785423278207       -0.16531330660243
H            2.75146451938799       -0.71397240093375       -0.10718077789433
H            0.94493900814813        2.13145664755683       -1.06535201988018
H           -1.53070868771251        2.20195148172378       -1.05859413189811
H           -2.82547381497254        0.27650480291747       -0.39429664342517
H            0.83416125561176       -1.87511876738175        0.34718657209012
H           -2.15779901809858       -1.35668950646522        2.37852898596651
H           -2.31037200307371       -3.12176522737314        2.28635310290300
H           -0.71235897830072       -2.35826248159229        2.22935653301553
H           -3.38637821776141       -1.95501288742229       -0.98581662508667
H           -3.76764244547094       -3.03904591576211        0.36021581517959
H           -3.78297320370852       -1.29825498994106        0.61812336797985
H           -1.25773162125083       -3.26628077271887       -1.24608804177746
H           -0.29476620869362       -3.59553892982116        0.20141068301856
H           -1.92381490026645       -4.24374384694390        0.07443687753977
25
 energy: -32.983780934925 gnorm: 0.001604402532 xtb: 6.7.1 (edcfbbe)
O            2.36551786978682        0.12526635882248       -0.37127131616087
C            1.02827287100819        0.11545815427542       -0.36154629524548
C            0.36222254436645        1.27591861564509       -0.76416850156437
C           -1.01193238992158        1.30498292489399       -0.76614787252927
C           -1.75654471173779        0.19396739344475       -0.38388007042665
C           -1.10263246311217       -0.96140307796955        0.00830253672419
C            0.28800641106419       -0.99686501505997        0.03430146184329
N           -1.85552340684600       -2.16835708684877        0.45426520268626
C           -1.74568693543763       -2.25881918625474        1.92470443939661
C           -3.28529113362116       -2.10455875933572        0.09261106280543
C           -1.29742677232561       -3.38601242358250       -0.17135810479193
H            2.75178270832108       -0.71459659013597       -0.09109838276940
H            0.94903368093157        2.12837696552194       -1.06291205474108
H           -1.53036938318863        2.20051995913308       -1.06876860455411
H           -2.82805795243421        0.27513365790581       -0.40813020575206
H            0.82987044490431       -1.87301562018731        0.35765176274908
H           -2.15408140517034       -1.35679896693572        2.37878347427341
H           -2.29766320239656       -3.12397449558192        2.29055846100768
H           -0.70334306098163       -2.35137140959196        2.22334712719374
H           -3.39395439240111       -1.95410649064263       -0.98062757216411
H           -3.77032405009063       -3.04075072488908        0.36567897714011
H           -3.78447112335835       -1.29943661080134        0.62732210324352
H           -1.26415261261767       -3.26065222895463       -1.25266273556121
H           -0.29379640085942       -3.59238768117223        0.19034227060916
H           -1.92188513388209       -4.24541766169850        0.06850283658807
25
 energy: -32.983810520191 gnorm: 0.002467657017 xtb: 6.7.1 (edcfbbe)
O            2.36522026992212        0.12514824218885       -0.36053760127500
C            1.02868513025421        0.11545110840010       -0.35615830729829
C            0.36284336755470        1.27463073451825       -0.76449541199518
C           -1.01086466038796        1.30295518463224       -0.77421474441252
C           -1.75755016622825        0.19220381847717       -0.39329908550973
C           -1.10467159146728       -0.96091251822548        0.00654968904638
C            0.28611811793860       -0.99488995087133        0.03972150490497
N           -1.85649790279881       -2.16830635384812        0.45371934366409
C           -1.73952837076102       -2.25994329510326        1.92370741720412
C           -3.28810103933754       -2.10444219127250        0.09910061987544
C           -1.30062560951256       -3.38427362817664       -0.17759647472782
H            2.75198834690125       -0.71239222581567       -0.07362590656700
H            0.95200864716083        2.12638875612759       -1.06142415527929
H           -1.52896801793369        2.19733316769081       -1.08132652862484
H           -2.82915375052920        0.27193781613791       -0.42432726619787
H            0.82617631675867       -1.87001640597470        0.36960034629596
H           -2.15081729006267       -1.36009310451060        2.37983123900473
H           -2.28486916031682       -3.12827432178810        2.29173824684074
H           -0.69521150551174       -2.34661114614786        2.21747128310378
H           -3.40195345401366       -1.95401284763770       -0.97361615941176
H           -3.77181242494354       -3.04090809082207        0.37411708974643
H           -3.78446630329583       -1.29914629401594        0.63656800287352
H           -1.27311415279267       -3.25546390739153       -1.25882893249745
H           -0.29457031045987       -3.59014098530228        0.17798354675045
H           -1.92269448613721       -4.24512156126910        0.06314224448612
25
 energy: -32.983832007314 gnorm: 0.001908822094 xtb: 6.7.1 (edcfbbe)
O            2.36531245855809        0.12659791219502       -0.35504005542722
C            1.02864031078125        0.11605814396506       -0.35334116085681
C            0.36322392089864        1.27427046824269       -0.76506311435342
C           -1.01033812849679        1.30132401867910       -0.77870633194234
C           -1.75733035053824        0.19061985550462       -0.39822455391169
C           -1.10487991116012       -0.96060845901919        0.00617389857763
C            0.28572108818356       -0.99383357782892        0.04288784742921
N           -1.85654657859663       -2.16788727210837        0.45368551104459
C           -1.73693251946833       -2.26169860669499        1.92347378764027
C           -3.28905348184613       -2.10326511408658        0.10248423059853
C           -1.30246985135294       -3.38335733133649       -0.18065219332723
H            2.75185429264136       -0.70994647587124       -0.06546369992626
H            0.95246862123939        2.12599150337850       -1.06163070455319
H           -1.52790774951149        2.19483448699469       -1.08859234359259
H           -2.82888061741984        0.26938412624170       -0.43279080831299
H            0.82503573545414       -1.86832303335590        0.37583548352535
H           -2.15000889400980       -1.36384475003024        2.38147949316213
H           -2.27918385777124       -3.13193590930191        2.29052990832322
H           -0.69222066141756       -2.34588555673275        2.21547283284329
H           -3.40570115737822       -1.95450313140172       -0.96983368561885
H           -3.77198615097236       -3.03921482717411        0.38003162880185
H           -3.78329023492239       -1.29713006359668        0.64015445004108
H           -1.27842816331608       -3.25338362208688       -1.26162926213574
H           -0.29547729032179       -3.58920760242501        0.17144061476404
H           -1.92405082925641       -4.24395518215039        0.06111822720714
25
 energy: -32.983875084547 gnorm: 0.001084540079 xtb: 6.7.1 (edcfbbe)
O            2.36568978799587        0.13101449561318       -0.34357441021881
C            1.02833497333325        0.11789569809157       -0.34748223158580
C            0.36403095737459        1.27364187766481       -0.76706110693270
C           -1.00950423866781        1.29762150635702       -0.78853863918326
C           -1.75637091454715        0.18722379675224       -0.40781571415459
C           -1.10450680652256       -0.95994709765145        0.00640152330527
C            0.28567854228068       -0.99166459897403        0.05008330377382
N           -1.85633731859565       -2.16672772419198        0.45395792584655
C           -1.73231437828679       -2.26698189591995        1.92313797456910
C           -3.29041008184694       -2.09976582316951        0.10948326855909
C           -1.30641673063633       -3.38113876296769       -0.18663820113447
H            2.75126339398685       -0.70398794407062       -0.04953385129713
H            0.95241261648129        2.12551892467439       -1.06381461447893
H           -1.52582598070328        2.18898089679637       -1.10532095928466
H           -2.82769294760080        0.26385876000528       -0.44978775317639
H            0.82399825220973       -1.86444790399258        0.38902608127735
H           -2.14927330373576       -1.37409049710845        2.38641800880118
H           -2.26884422846432       -3.14173770524617        2.28636818033513
H           -0.68708953434781       -2.34689588547709        2.21239486578143
H           -3.41258207988958       -1.95632179664731       -0.96236972865092
H           -3.77303715011032       -3.03338197570696        0.39423298787971
H           -3.77933823213840       -1.29018679876450        0.64581119217755
H           -1.29011950581128       -3.24921028963479       -1.26711555199517
H           -0.29728388731549       -3.58686525760438        0.15768608287076
H           -1.92689120444191       -4.24130399882739        0.05785136691589
25
 energy: -32.983918301307 gnorm: 0.001318385758 xtb: 6.7.1 (edcfbbe)
O            2.36590539994492        0.13599900272750       -0.32959996608615
C            1.02800173212967        0.12010994632482       -0.34051297009244
C            0.36482443161123        1.27259992249037       -0.77003310338594
C           -1.00880881123885        1.29357099508897       -0.80028837216947
C           -1.75562173578073        0.18382878789694       -0.41836701131653
C           -1.10433728649447       -0.95941090018824        0.00696234853147
C            0.28560799541212       -0.98910340735513        0.05862774097193
N           -1.85632590301366       -2.16577705912427        0.45454301076817
C           -1.72697249346233       -2.27355040464841        1.92274131801990
C           -3.29185708513771       -2.09564129546762        0.11752533988944
C           -1.31077661612544       -3.37817102087691       -0.19358556541016
H            2.75041046815564       -0.69759107132272       -0.03064059065361
H            0.95253351893110        2.12430905348671       -1.06793718521211
H           -1.52408433754847        2.18229284972358       -1.12567340764778
H           -2.82664229926590        0.25830486106243       -0.46813488230056
H            0.82330494983376       -1.85948433180848        0.40459436845406
H           -2.14750034926357       -1.38602005064033        2.39274398867646
H           -2.25786522631538       -3.15331539412650        2.28197363222523
H           -0.68088853796698       -2.34987547504461        2.20894306822408
H           -3.41998381456150       -1.95864585670371       -0.95435665307444
H           -3.77562389154164       -3.02588813270749        0.41095333412239
H           -3.77468101458526       -1.28107286352186        0.65160445850031
H           -1.30361768704229       -3.24386165771802       -1.27376625720434
H           -0.29855047185446       -3.58343358072803        0.14141628211792
H           -1.92888093481970       -4.23907291681896        0.05406707405215
25
 energy: -32.983956324974 gnorm: 0.001272755580 xtb: 6.7.1 (edcfbbe)
O            2.36582854001264        0.14022245046198       -0.31616987461059
C            1.02782929759022        0.12215984134978       -0.33433060383788
C            0.36552649537460        1.27132942070085       -0.77355464320896
C           -1.00808556809418        1.29007274914834       -0.81130007713480
C           -1.75513854488148        0.18135828732458       -0.42725933789278
C           -1.10454845909753       -0.95875657697907        0.00783299053966
C            0.28520606722408       -0.98637056914681        0.06647662799625
N           -1.85654061908645       -2.16513594804141        0.45515729577343
C           -1.72199900779540       -2.27961835393805        1.92222931064275
C           -3.29323904086047       -2.09250502112893        0.12493114076936
C           -1.31478753185337       -3.37518983191427       -0.20000314334065
H            2.74950879735291       -0.69206061402071       -0.01235770056261
H            0.95320311133605        2.12251951251708       -1.07293466787978
H           -1.52277836515867        2.17620000152624       -1.14467834551855
H           -2.82590712907035        0.25395328056563       -0.48377260090164
H            0.82255708948803       -1.85433505077281        0.41901991468458
H           -2.14394402372255       -1.39600403254697        2.39824113388567
H           -2.24917849481723       -3.16291904324456        2.27863106388204
H           -0.67499482120206       -2.35451363606994        2.20536476164434
H           -3.42644490734345       -1.96078703715398       -0.94710740706596
H           -3.77856790452463       -3.01962931006151        0.42573856674954
H           -3.77070581174091       -1.27335076272278        0.65702134256301
H           -1.31592108239511       -3.23826952225999       -1.27993231105300
H           -0.29946363182007       -3.57955868077087        0.12636149985312
H           -1.92984445491449       -4.23771155282182        0.05019506402338
25
 energy: -32.983988463009 gnorm: 0.000977288956 xtb: 6.7.1 (edcfbbe)
O            2.36548980295756        0.14340694779067       -0.30443512837897
C            1.02771178913299        0.12378135080637       -0.32899225089550
C            0.36597006409592        1.26997462811554       -0.77667048341006
C           -1.00756424757350        1.28710557221746       -0.82048614697935
C           -1.75511091980263        0.17928961630863       -0.43467474137321
C           -1.10510086019921       -0.95839787555227        0.00823124094245
C            0.28452243386780       -0.98402441280721        0.07291146559220
N           -1.85688530433421       -2.16491712388258        0.45570713393645
C           -1.71764131758817       -2.28434932298515        1.92187703452758
C           -3.29460064704946       -2.08999251266873        0.13104283392261
C           -1.31768767408395       -3.37260936960697       -0.20558380303044
H            2.74869453533847       -0.68757778700150        0.00385227122797
H            0.95406149490884        2.12031552568086       -1.07794347250202
H           -1.52200514678213        2.17097141672506       -1.16047078917437
H           -2.82568988124636        0.25052651477629       -0.49590018575933
H            0.82160335640100       -1.84990778892563        0.43112191342819
H           -2.13846205235736       -1.40261483052740        2.40243231189697
H           -2.24357843810702       -3.16914371552023        2.27684662291130
H           -0.66981894522313       -2.36029495215566        2.20201228223689
H           -3.43199177294068       -1.96156139225784       -0.94103862823821
H           -3.78085525141042       -3.01503688651382        0.43683967874133
H           -3.76812203182177       -1.26781691698147        0.66233058060314
H           -1.32579833596394       -3.23320645376370       -1.28527514328096
H           -0.29969867111043       -3.57603715727214        0.11356027785396
H           -1.92987197910807       -4.23678307399857        0.04650512520133
25
 energy: -32.984016752766 gnorm: 0.000664808058 xtb: 6.7.1 (edcfbbe)
O            2.36507625831636        0.14611676930581       -0.29431302704911
C            1.02767599637214        0.12508779989034       -0.32479866769279
C            0.36628906536093        1.26865214296585       -0.77978977861837
C           -1.00704708797221        1.28453375796424       -0.82848771339088
C           -1.75513697848083        0.17776708571214       -0.44047843260579
C           -1.10562438889095       -0.95783507905699        0.00882817930359
C            0.28381238664756       -0.98183105697416        0.07832101497905
N           -1.85711853606181       -2.16469281296679        0.45604305104870
C           -1.71379685782222       -2.28799763968118        1.92139709190041
C           -3.29572955790259       -2.08857737768376        0.13625301060812
C           -1.32043607066705       -3.37051482538684       -0.21036653888158
H            2.74808345941326       -0.68335420572987        0.01864352700795
H            0.95495158521179        2.11824872167245       -1.08229991621485
H           -1.52135187479931        2.16646341112652       -1.17383651087025
H           -2.82561685460779        0.24771837156423       -0.50594107478651
H            0.82053382186541       -1.84597975025490        0.44138921053202
H           -2.13119394380175       -1.40639561928324        2.40530255904005
H           -2.24078293326529       -3.17247978236042        2.27588812729631
H           -0.66535663540525       -2.36729336793441        2.19859785734533
H           -3.43666998402934       -1.96115375444768       -0.93559773877252
H           -3.78244548213627       -3.01254693800642        0.44473981450542
H           -3.76607127327324       -1.26486464616511        0.66821167497167
H           -1.33419981568354       -3.22878954475511       -1.28977382782823
H           -0.30028898698258       -3.57288248226386        0.10280303799667
H           -1.92998531140527       -4.23629917725080        0.04306507017552
25
 energy: -32.984043604458 gnorm: 0.000537608557 xtb: 6.7.1 (edcfbbe)
O            2.36452714175331        0.14873287721989       -0.28479507041422
C            1.02752741735240        0.12624680159379       -0.32057457459106
C            0.36638510244379        1.26739373417501       -0.78217226430362
C           -1.00675004051964        1.28195581151513       -0.83564714620740
C           -1.75539863581843        0.17581651085203       -0.44650484164648
C           -1.10625538783819       -0.95776285093223        0.00858040087515
C            0.28304334658394       -0.98003820983690        0.08306262724484
N           -1.85738458059632       -2.16473104252520        0.45623386243604
C           -1.71001870177255       -2.29102352879876        1.92093748824853
C           -3.29692759926279       -2.08692166604804        0.14103272842875
C           -1.32249954120223       -3.36876021007437       -0.21476612743647
H            2.74751811876202       -0.67900719112479        0.03288464713667
H            0.95561856522242        2.11616145289317       -1.08618537281781
H           -1.52092538003383        2.16205903410872       -1.18604598271742
H           -2.82573808381477        0.24471984463270       -0.51505934165599
H            0.81929274682713       -1.84263330956850        0.45069598068782
H           -2.12192334590489       -1.40810982303020        2.40731163645131
H           -2.24000906709437       -3.17362416129548        2.27587326494826
H           -0.66112228835808       -2.37571953909756        2.19509885206467
H           -3.44120093211923       -1.95903130974718       -0.93037444758596
H           -3.78343309691447       -3.01071360046314        0.45046557076053
H           -3.76485341804139       -1.26289866446090        0.67489872933299
H           -1.34186362501544       -3.22495790299916       -1.29389330706144
H           -0.30028552836689       -3.57028795962344        0.09263976543143
H           -1.92975318627133       -4.23576509736454        0.04010292239082
25
 energy: -32.984070172756 gnorm: 0.000571950497 xtb: 6.7.1 (edcfbbe)
O            2.36399421416080        0.15173501081181       -0.27546597867063
C            1.02733570674379        0.12747170890675       -0.31657706742383
C            0.36639458948344        1.26623429832342       -0.78461982355392
C           -1.00649004614228        1.27925204001850       -0.84304642019487
C           -1.75551261897049        0.17380462368036       -0.45231972999778
C           -1.10665589181006       -0.95758720081215        0.00859008745348
C            0.28244005728880       -0.97823028404062        0.08769529443116
N           -1.85742186988026       -2.16474358396403        0.45635898412123
C           -1.70615332948132       -2.29366846669326        1.92046293340815
C           -3.29786913886009       -2.08561273646872        0.14565268746685
C           -1.32507317628122       -3.36737372845580       -0.21918671279291
H            2.74703288008504       -0.67395128412538        0.04756212374158
H            0.95605425106612        2.11453142747492       -1.08924177417226
H           -1.52046241230160        2.15764804619025       -1.19801845314182
H           -2.82577742496622        0.24133177314210       -0.52470626052866
H            0.81811281674434       -1.83938489901653        0.45964813158511
H           -2.11073115521737       -1.40847748376895        2.40907867060055
H           -2.24081276413063       -3.17320057579808        2.27611462198936
H           -0.65700590267108       -2.38579959450812        2.19136898542577
H           -3.44567591760936       -1.95592000032221       -0.92509070027731
H           -3.78405204041618       -3.00967089171250        0.45498513853556
H           -3.76324179723264       -1.26201648866076        0.68255288158351
H           -1.35004122640068       -3.22195931509013       -1.29803005161672
H           -0.30091317607285       -3.56776081011225        0.08247296983343
H           -1.92990462712783       -4.23555158499859        0.03755946219489
25
 energy: -32.984096362178 gnorm: 0.000618748591 xtb: 6.7.1 (edcfbbe)
O            2.36342494766463        0.15517197545685       -0.26574178977469
C            1.02706696628779        0.12883559372963       -0.31232898456376
C            0.36638911265989        1.26528768388520       -0.78649617771928
C           -1.00619638623561        1.27649839240257       -0.85022275743318
C           -1.75550793250067        0.17140449014884       -0.45887267457076
C           -1.10698825243301       -0.95765952322906        0.00789844927360
C            0.28187341609934       -0.97651389582155        0.09215325039554
N           -1.85752829913701       -2.16473420175905        0.45612382329396
C           -1.70208429838603       -2.29645650171210        1.91954935832141
C           -3.29898714266725       -2.08411669350120        0.15056927323479
C           -1.32763926305737       -3.36615866913427       -0.22331939459145
H            2.74646692545754       -0.66829744934703        0.06281753447998
H            0.95634562086358        2.11320983825392       -1.09162071561488
H           -1.51992113889686        2.15296669749147       -1.21043707764823
H           -2.82557981278514        0.23750555867988       -0.53504021908583
H            0.81690954589072       -1.83618209930048        0.46857505596673
H           -2.09807895949836       -1.40839543959540        2.41003204481242
H           -2.24242062056001       -3.17204178538125        2.27646641426187
H           -0.65283054932391       -2.39716344638499        2.18702530157629
H           -3.45030293743520       -1.95231001117369       -0.91935450330537
H           -3.78473655286821       -3.00860694750298        0.45941060455024
H           -3.76175665470977       -1.26111765953170        0.69075974267713
H           -1.35936368753139       -3.21942867941637       -1.30183494352249
H           -0.30115244210438       -3.56521421040131        0.07159822885212
H           -1.92983160479307       -4.23538301685590        0.03609015613377
25
 energy: -32.984121221811 gnorm: 0.000630867627 xtb: 6.7.1 (edcfbbe)
O            2.36278187682775        0.15885692842009       -0.25582236743573
C            1.02669829098942        0.13035404222123       -0.30771425044929
C            0.36629000910785        1.26440477796013       -0.78824240153019
C           -1.00602745580111        1.27344602504721       -0.85796408542787
C           -1.75548430251237        0.16868333022457       -0.46570747661318
C           -1.10721018756230       -0.95789273433925        0.00737205864736
C            0.28139406902357       -0.97485127336474        0.09676063258641
N           -1.85742917161403       -2.16492640427716        0.45611529597052
C           -1.69787773422793       -2.29898261235967        1.91896357529434
C           -3.29975929487976       -2.08228954064605        0.15522661130323
C           -1.33052965073743       -3.36514661707131       -0.22789037828124
H            2.74575097672343       -0.66239613125418        0.07822956316675
H            0.95641547049186        2.11222346803165       -1.09335971828701
H           -1.51942613675733        2.14821428730280       -1.22251811184129
H           -2.82538144091285        0.23315048316417       -0.54606375897029
H            0.81587893594741       -1.83304933312581        0.47734495951118
H           -2.08500969819343       -1.40811648698682        2.41161036022277
H           -2.24404439667727       -3.17049704229328        2.27691533867189
H           -0.64866484183117       -2.40875867833936        2.18288435836225
H           -3.45507607102075       -1.94872195260886       -0.91392329985957
H           -3.78509747799355       -3.00701335448850        0.46405377965037
H           -3.75970292801070       -1.25976630899670        0.69862550276292
H           -1.36963911943590       -3.21800556747315       -1.30614112921742
H           -0.30168752281365       -3.56240611390189        0.05982190488253
H           -1.92959219812954       -4.23541319084507        0.03522303688048
25
 energy: -32.984144417366 gnorm: 0.000552063470 xtb: 6.7.1 (edcfbbe)
O            2.36223088583928        0.16273121455609       -0.24578807889749
C            1.02639224659294        0.13195750326655       -0.30335026381051
C            0.36638712248180        1.26379805836949       -0.78957523754193
C           -1.00556531982463        1.27075238773451       -0.86487010948874
C           -1.75515331837298        0.16611394705553       -0.47250662730233
C           -1.10731305489463       -0.95806117906808        0.00648193026884
C            0.28097456789574       -0.97316058116042        0.10105737707015
N           -1.85747174106237       -2.16490454452708        0.45572203532777
C           -1.69375447486698       -2.30184213929432        1.91790010450676
C           -3.30080333490250       -2.08069869602030        0.16009594779855
C           -1.33349757086172       -3.36419315410766       -0.23199337629522
H            2.74499524703932       -0.65644936505536        0.09344346876264
H            0.95658194473155        2.11155535980679       -1.09467195449609
H           -1.51864892142792        2.14348963460690       -1.23496667534797
H           -2.82482361239447        0.22887888052587       -0.55741050191632
H            0.81491107494158       -1.82984572792497        0.48593588613748
H           -2.07264538263358       -1.40857091536276        2.41251294412580
H           -2.24514662324598       -3.16957972747308        2.27697441875508
H           -0.64463403053672       -2.41985811751371        2.17836620822594
H           -3.45982189117951       -1.94619985649098       -0.90829646825385
H           -3.78599964500595       -3.00527364812995        0.46967683864024
H           -3.75761718979726       -1.25797534199373        0.70586401918014
H           -1.38097597321993       -3.21678531464630       -1.30986906318549
H           -0.30196345961363       -3.55922212202200        0.04765726118420
H           -1.92906754568123       -4.23555655513101        0.03540991655226
25
 energy: -32.984166106797 gnorm: 0.000508206611 xtb: 6.7.1 (edcfbbe)
O            2.36162123224025        0.16651673590322       -0.23568776180402
C            1.02607269142080        0.13363857138308       -0.29859740126217
C            0.36650286670868        1.26315759601222       -0.79096559928316
C           -1.00514350893608        1.26778923758170       -0.87253586961785
C           -1.75485182323477        0.16341599039117       -0.47961483514570
C           -1.10742073323287       -0.95824490015288        0.00575229858468
C            0.28054192101401       -0.97145816102136        0.10557849496636
N           -1.85745640777538       -2.16493141424784        0.45542732384162
C           -1.68969453334053       -2.30469435835100        1.91690782132684
C           -3.30165758287998       -2.07883890644493        0.16486046661375
C           -1.33652983660180       -3.36322344042613       -0.23620304130482
H            2.74408149272284       -0.65079868352351        0.10822419997281
H            0.95676425621276        2.11099307468463       -1.09566625226936
H           -1.51778264072433        2.13889506417678       -1.24662208289688
H           -2.82418909471397        0.22460429073150       -0.56869982323674
H            0.81398770358767       -1.82666221124314        0.49443864417254
H           -2.06155964664525       -1.40976078590830        2.41375483264063
H           -2.24517555986720       -3.16946630745696        2.27672574931283
H           -0.64063693420623       -2.42967092699238        2.17401322473744
H           -3.46455518335071       -1.94448280334451       -0.90291730308782
H           -3.78678112602317       -3.00285346671770        0.47620259638317
H           -3.75525981889656       -1.25535154797572        0.71217447663912
H           -1.39286519471110       -3.21598211211750       -1.31366933024289
H           -0.30224649519257       -3.55572613022583        0.03493320932743
H           -1.92819604357426       -4.23576440471456        0.03598596163212
25
 energy: -32.984186626191 gnorm: 0.000457320071 xtb: 6.7.1 (edcfbbe)
O            2.36102468405933        0.17029089497783       -0.22563079390014
C            1.02575064424552        0.13524811345729       -0.29414703910301
C            0.36672242042016        1.26260477911012       -0.79198628808868
C           -1.00452345963602        1.26516938739983       -0.87900403322474
C           -1.75438186490399        0.16086621806672       -0.48615148681118
C           -1.10747615203757       -0.95841228659988        0.00514028162324
C            0.28011475936442       -0.96978172854090        0.10996703673017
N           -1.85744819086549       -2.16492025609258        0.45529305593668
C           -1.68568330926827       -2.30764058549800        1.91611590754003
C           -3.30247359311048       -2.07692682112999        0.16952612471719
C           -1.33969435450821       -3.36212587103701       -0.24060459700600
H            2.74312837716588       -0.64533234238710        0.12265471953929
H            0.95700183694762        2.11038051982340       -1.09680698761924
H           -1.51678690232130        2.13411518043029       -1.25918595375433
H           -2.82350741609747        0.22012337132154       -0.58051211059873
H            0.81310184092236       -1.82342673371537        0.50297174037500
H           -2.05201449068708       -1.41188703081032        2.41555792951838
H           -2.24395339519006       -3.17044342237642        2.27618370923183
H           -0.63660251081391       -2.43810520836874        2.16999889338480
H           -3.46933552869037       -1.94356824001029       -0.89775932528617
H           -3.78771001677153       -2.99997880289730        0.48352817365659
H           -3.75264539369503       -1.25211987849423        0.71769191329361
H           -1.40506688513092       -3.21530525375840       -1.31760449497546
H           -0.30275453107848       -3.55186028677474        0.02192291156460
H           -1.92721656831886       -4.23586371609571        0.03664071325619
25
 energy: -32.984206444715 gnorm: 0.000350524877 xtb: 6.7.1 (edcfbbe)
O            2.36047048975694        0.17408270249112       -0.21524927491768
C            1.02550274193716        0.13700241369448       -0.28934343802761
C            0.36709132755915        1.26196218666167       -0.79351254083513
C           -1.00379510898950        1.26218292358065       -0.88693674518407
C           -1.75383829262032        0.15823453174781       -0.49347646560802
C           -1.10756251173856       -0.95846958357968        0.00444701211528
C            0.27965985338996       -0.96794867369496        0.11460138573104
N           -1.85756467489488       -2.16478383728252        0.45499264818675
C           -1.68173531930197       -2.31096843546584        1.91502007452321
C           -3.30350882231838       -2.07499696447056        0.17457407919620
C           -1.34283147875579       -3.36091771462908       -0.24478002437735
H            2.74210989398924       -0.63998050337777        0.13715145569046
H            0.95744313955580        2.10980652521672       -1.09792934127322
H           -1.51545319205510        2.12950415322846       -1.27097866024710
H           -2.82252116743539        0.21597469343064       -0.59200831372560
H            0.81214059600388       -1.82004351318596        0.51172933142912
H           -2.04401936404143       -1.41516304231366        2.41716678555543
H           -2.24146106948880       -3.17279415161975        2.27509185948105
H           -0.63247394650286       -2.44522707173990        2.16578705816592
H           -3.47421152753798       -1.94335556647713       -0.89224740581721
H           -3.78901855109135       -2.99676697869049        0.49190690115048
H           -3.75005821886181       -1.24832788347713        0.72292629309243
H           -1.41758048648890       -3.21413193706291       -1.32114490870294
H           -0.30311293704924       -3.54782714580910        0.00872447299188
H           -1.92610137301959       -4.23594712717505        0.03728776140655
25
 energy: -32.984224928029 gnorm: 0.000279668223 xtb: 6.7.1 (edcfbbe)
O            2.35980905223211        0.17778635915876       -0.20502139946264
C            1.02521054732927        0.13868378367340       -0.28457577595461
C            0.36746175198283        1.26124441499248       -0.79489497333549
C           -1.00301303368262        1.25927491820734       -0.89421424551523
C           -1.75327088071372        0.15565272561808       -0.50025199037143
C           -1.10763397923121       -0.95845710248413        0.00419478959591
C            0.27917953491576       -0.96608883618459        0.11945655291731
N           -1.85760570822901       -2.16464566018485        0.45496220163461
C           -1.67782488024316       -2.31441557309101        1.91414637354757
C           -3.30432104584940       -2.07274005950307        0.17961734329685
C           -1.34606401739295       -3.35952288149795       -0.24920191384025
H            2.74097455788909       -0.63474442022401        0.15141330640477
H            0.95789442449504        2.10894906821849       -1.09951839351586
H           -1.51415848010929        2.12450830592925       -1.28387998463840
H           -2.82163113705857        0.21152536429207       -0.60386214152820
H            0.81116484217134       -1.81662517378935        0.52056707280775
H           -2.03739650803456       -1.41927851552161        2.41938631417668
H           -2.23785828342178       -3.17623679381139        2.27369876370540
H           -0.62823278757224       -2.45108356214916        2.16192430543598
H           -3.47906878194252       -1.94307121616850       -0.88677983838101
H           -3.79006078536618       -2.99309710449193        0.50058318749252
H           -3.74724953783494       -1.24413002498018        0.72798155214165
H           -1.42953017961304       -3.21263127419098       -1.32485586212268
H           -0.30392425035435       -3.54392936282103       -0.00421256565198
H           -1.92528043436561       -4.23582737899608        0.03713732116067
25
 energy: -32.984232963969 gnorm: 0.000264548459 xtb: 6.7.1 (edcfbbe)
O            2.35946026280704        0.17990468513873       -0.19978344588824
C            1.02503241946568        0.13943088869548       -0.28280877791606
C            0.36761789589554        1.26083633074520       -0.79581589637064
C           -1.00268410124394        1.25789609702556       -0.89752131068029
C           -1.75299234116140        0.15454089871146       -0.50299652054477
C           -1.10759102701119       -0.95870925162721        0.00347638013476
C            0.27903889036095       -0.96561146253772        0.12062800041852
N           -1.85764181023666       -2.16465280242625        0.45483629812608
C           -1.67558274241018       -2.31569189995016        1.91360308123973
C           -3.30478305551852       -2.07174927445200        0.18204749939268
C           -1.34790008905134       -3.35921366997578       -0.25116053208241
H            2.74039434806829       -0.63179632416994        0.15879433719551
H            0.95799730876937        2.10857461529341       -1.10040884406501
H           -1.51355603096865        2.12210574652851       -1.28960755802057
H           -2.82115562615891        0.20963787071998       -0.60860654998447
H            0.81085860148841       -1.81528696298764        0.52378417851786
H           -2.03490482964112       -1.42133024319862        2.42040284987698
H           -2.23453575913332       -3.17823889853372        2.27303599010553
H           -0.62558718254615       -2.45206988180747        2.15980901636130
H           -3.48151135087046       -1.94186774168060       -0.88396482075252
H           -3.79069266447721       -2.99163746344084        0.50400053168028
H           -3.74596401497156       -1.24278774826406        0.73126025745128
H           -1.43281708099696       -3.21133207807445       -1.32654959734958
H           -0.30555512172362       -3.54449924664829       -0.00781742898959
H           -1.92737489873380       -4.23535218308352        0.03516286214353
25
 energy: -32.984241587116 gnorm: 0.000253809949 xtb: 6.7.1 (edcfbbe)
O            2.35908795277691        0.18160423334573       -0.19474671309849
C            1.02481866969884        0.14017345351239       -0.28057106289896
C            0.36787068692630        1.26019176309278       -0.79713432934446
C           -1.00222860683202        1.25621722019032       -0.90178305052606
C           -1.75272326556381        0.15324406439582       -0.50658816167019
C           -1.10774098356565       -0.95856361289050        0.00355533552141
C            0.27868324138658       -0.96470534437810        0.12310194409682
N           -1.85777076218687       -2.16445876647531        0.45506443425513
C           -1.67352897742886       -2.31770546858183        1.91331705776729
C           -3.30536087561099       -2.07049355208856        0.18508903201489
C           -1.34942349520984       -3.35811102732688       -0.25347300160543
H            2.73967153708998       -0.62921117529313        0.16620420372438
H            0.95831027083936        2.10774889286914       -1.10209809984957
H           -1.51275051003098        2.11947051515993       -1.29638285278872
H           -2.82073290654219        0.20775966813610       -0.61393503145278
H            0.81027082408958       -1.81394930180283        0.52752300061930
H           -2.03358725668100       -1.42479206878253        2.42214089186976
H           -2.23066934407025       -3.18175894230036        2.27194356054884
H           -0.62308509157152       -2.45295032353219        2.15810116452428
H           -3.48423190510930       -1.94126557561765       -0.88062216444736
H           -3.79139320975436       -2.98975905136921        0.50861563175001
H           -3.74458444877893       -1.24065897275059        0.73461982807616
H           -1.43580721015036       -3.20856925970596       -1.32851929315200
H           -0.30671533563540       -3.54384287325901       -0.01189400567123
H           -1.92880899808492       -4.23451449454748        0.03227168173683
25
 energy: -32.984251499356 gnorm: 0.000222561589 xtb: 6.7.1 (edcfbbe)
O            2.35869100933764        0.18328840774894       -0.18935164327877
C            1.02465982645189        0.14093989975620       -0.27808498366924
C            0.36820575368153        1.25936882891211       -0.79879689067723
C           -1.00164400022659        1.25427119455998       -0.90679149707563
C           -1.75245860621709        0.15188816864122       -0.51048905195427
C           -1.10798456619395       -0.95810404741786        0.00426596526746
C            0.27822876427300       -0.96334748051557        0.12654423416539
N           -1.85791210177512       -2.16409541257034        0.45561311402030
C           -1.67130800404917       -2.32068427019630        1.91321891193237
C           -3.30600327099868       -2.06886978720683        0.18896313939831
C           -1.35112627739421       -3.35627874567811       -0.25652474601819
H            2.73883872651691       -0.62642214250799        0.17453008458974
H            0.95885366988861        2.10643013688893       -1.10473730945262
H           -1.51167140172091        2.11592547067597       -1.30563478146256
H           -2.82025526338126        0.20533694321886       -0.62077020202325
H            0.80939417422350       -1.81162198841882        0.53358274555536
H           -2.03274139706686       -1.42989586729097        2.42478536460276
H           -2.22612787874717       -3.18688734294187        2.27029511212289
H           -0.62035378249031       -2.45434740030297        2.15651253105359
H           -3.48745641351367       -1.94131860147322       -0.87652264386792
H           -3.79224755392696       -2.98710548839656        0.51516300509242
H           -3.74278963687439       -1.23751856849638        0.73818071356190
H           -1.43930928008858       -3.20419808560893       -1.33108935456333
H           -0.30791017767143       -3.54230035484929       -0.01724347011089
H           -1.93000231203643       -4.23335346653010        0.02818165279123
25
 energy: -32.984261602858 gnorm: 0.000198881974 xtb: 6.7.1 (edcfbbe)
O            2.35826708548015        0.18529606161501       -0.18339803557366
C            1.02449790450402        0.14197560732549       -0.27504023886430
C            0.36861435096350        1.25824164239913       -0.80118897932725
C           -1.00089171249285        1.25176836895891       -0.91300969238962
C           -1.75207579593705        0.15018391282597       -0.51511715779782
C           -1.10823123874070       -0.95762485657300        0.00502380655555
C            0.27770615383318       -0.96160620286725        0.13075807417855
N           -1.85807768801258       -2.16366033649692        0.45629263317142
C           -1.66883097609833       -2.32420697002046        1.91314606304986
C           -3.30672850646117       -2.06706112981024        0.19334348637129
C           -1.35305565772299       -3.35406226583396       -0.26007553855602
H            2.73800254656627       -0.62308185688529        0.18388068560358
H            0.95951043071104        2.10480087489974       -1.10804780029651
H           -1.51045237092367        2.11200018814694       -1.31545483387544
H           -2.81960108602461        0.20252929691515       -0.62843322412339
H            0.80833798039259       -1.80853693079396        0.54134989759989
H           -2.03158584956356       -1.43586735615054        2.42801882544449
H           -2.22120871353681       -3.19276923190853        2.26826809642625
H           -0.61735220395390       -2.45644843669871        2.15476032343743
H           -3.49110042727708       -1.94191202238338       -0.87191749853366
H           -3.79332575708461       -2.98383785459246        0.52313695698055
H           -3.74072257583766       -1.23369996231392        0.74173792104198
H           -1.44355085076453       -3.19899829572659       -1.33402910369182
H           -0.30920913082228       -3.54045516401408       -0.02367499517105
H           -1.93136591119606       -4.23186708001696        0.02347032833955
25
 energy: -32.984270038789 gnorm: 0.000197593767 xtb: 6.7.1 (edcfbbe)
O            2.35781782348684        0.18736756795100       -0.17760809919351
C            1.02432871070560        0.14285236551177       -0.27246228912629
C            0.36895111950140        1.25731098861288       -0.80313253402975
C           -1.00026260450944        1.24966866802020       -0.91820934267785
C           -1.75171759901426        0.14857430050090       -0.51939230328311
C           -1.10845186472642       -0.95715036114934        0.00584552940631
C            0.27721895559714       -0.95996006851634        0.13478255083285
N           -1.85820929408026       -2.16328891338208        0.45690220271074
C           -1.66641235842315       -2.32759843421492        1.91299468412993
C           -3.30738544867366       -2.06528566496582        0.19751021578679
C           -1.35497340464982       -3.35205760051003       -0.26344905852988
H            2.73721151717332       -0.61957025324232        0.19318750917762
H            0.96012566317862        2.10317941549017       -1.11138287379206
H           -1.50933690355259        2.10805357187616       -1.32528975011158
H           -2.81896411343828        0.19971191751629       -0.63596219024045
H            0.80736481607370       -1.80567911268863        0.54854799738325
H           -2.02976659409959       -1.44128076507706        2.43088163308747
H           -2.21697510760921       -3.19800114818042        2.26641719928214
H           -0.61449158173264       -2.45910198015392        2.15290390253434
H           -3.49451083638520       -1.94244268476284       -0.86752480415604
H           -3.79429188195835       -2.98067578085310        0.53070323406898
H           -3.73869503946823       -1.22997038613063        0.74512024883731
H           -1.44784182673035       -3.19429377650823       -1.33681841744531
H           -0.31048675980454       -3.53868446193211       -0.02992864221137
H           -1.93267538686032       -4.23057740321149        0.01916339755926
25
 energy: -32.984276293328 gnorm: 0.000181329816 xtb: 6.7.1 (edcfbbe)
O            2.35739274671202        0.18932446986829       -0.17254245529825
C            1.02413908961317        0.14377638271341       -0.26999046398208
C            0.36920161442224        1.25651956534471       -0.80484191492909
C           -0.99973948755652        1.24767155191697       -0.92305776911104
C           -1.75140687417210        0.14718715174442       -0.52290072210856
C           -1.10856883896188       -0.95690356132576        0.00623807636149
C            0.27687488806323       -0.95871580913311        0.13776134483520
N           -1.85828445972181       -2.16306676624534        0.45726358881108
C           -1.66431646621193       -2.33019567998480        1.91274685051894
C           -3.30789110735898       -2.06386661843492        0.20082479484372
C           -1.35667037984998       -3.35065044268598       -0.26615625069400
H            2.73654103935542       -0.61643717305164        0.20102706645529
H            0.96053146905747        2.10208089960594       -1.11362378116976
H           -1.50850781313631        2.10495510824768       -1.33276930099957
H           -2.81842675096654        0.19736144671473       -0.64195120777257
H            0.80666481966237       -1.80340657990794        0.55408228866504
H           -2.02732432188374       -1.44509949527849        2.43293485551823
H           -2.21407158946629       -3.20151619347458        2.26512954282891
H           -0.61210604597697       -2.46194178267726        2.15112643495363
H           -3.49731882322055       -1.94262305233919       -0.86397663626128
H           -3.79506751175427       -2.97816623924942        0.53660525788887
H           -3.73695469120869       -1.22710206599677        0.74799215291868
H           -1.45168219911122       -3.19098715062602       -1.33906295057378
H           -0.31164189281478       -3.53743580956418       -0.03514001740454
H           -1.93379641351307       -4.22966215618064        0.01608121570522
25
 energy: -32.984280887576 gnorm: 0.000165835593 xtb: 6.7.1 (edcfbbe)
O            2.35701691103667        0.19102204230855       -0.16844075109251
C            1.02396804964944        0.14448030585483       -0.26822669786140
C            0.36932464470573        1.25608211111456       -0.80576262134947
C           -0.99939722533259        1.24633005752631       -0.92620219562237
C           -1.75113963484477        0.14600624202048       -0.52575569268518
C           -1.10861170360666       -0.95689478421022        0.00617823528626
C            0.27664062124442       -0.95788296433386        0.13975428696639
N           -1.85833034984975       -2.16298671931992        0.45738456248799
C           -1.66260472718015       -2.33192846900782        1.91242320719299
C           -3.30827150818426       -2.06283772149717        0.20324622784942
C           -1.35803013065005       -3.34984106917678       -0.26809974082318
H            2.73599197238031       -0.61380131266685        0.20731282088457
H            0.96073544608832        2.10143769361116       -1.11495324876157
H           -1.50791266254565        2.10255456509112       -1.33844086616506
H           -2.81798835974904        0.19550423722857       -0.64648641282286
H            0.80621364843546       -1.80188376400437        0.55775273374376
H           -2.02441790952736       -1.44724200371943        2.43412465078346
H           -2.21247194730751       -3.20332783121541        2.26441053455292
H           -0.61025060498541       -2.46475927606047        2.14947792432159
H           -3.49947084049027       -1.94242903352856       -0.86131550469827
H           -3.79562069856975       -2.97643726581560        0.54064663544140
H           -3.73564451398888       -1.22518240022687        0.75038343047514
H           -1.45498287653850       -3.18908121948440       -1.34066453342351
H           -0.31251505971923       -3.53666460900732       -0.03921055080953
H           -1.93466054047023       -4.22913681148039        0.01426356612880
