35
 energy: -45.117272662511 gnorm: 0.135294263314 xtb: 6.7.1 (edcfbbe)
C           -0.34172000000000       -0.79058000000000       -0.20109000000000
C            0.28567000000000       -2.09058000000000        0.27680000000000
C            1.40430000000000       -1.87444000000000        1.29225000000000
N            0.93914000000000       -1.24063000000000        2.54120000000000
C            1.15652000000000        0.11859000000000        2.92472000000000
C            1.98699000000000        1.09648000000000        2.20977000000000
C            0.41381000000000        0.39335000000000        4.12970000000000
C           -0.23845000000000       -0.85346000000000        4.45193000000000
N            0.12032000000000       -1.83062000000000        3.46945000000000
C           -0.29740000000000       -3.22904000000000        3.45277000000000
C            0.67604000000000       -4.22187000000000        3.43529000000000
C            0.26996000000000       -5.55534000000000        3.44000000000000
C           -1.09160000000000       -5.87047000000000        3.46814000000000
C           -2.05345000000000       -4.85667000000000        3.50032000000000
C           -1.65714000000000       -3.52030000000000        3.49998000000000
C           -1.07096000000000       -1.07301000000000        5.64288000000000
H           -0.83526000000000       -0.26116000000000        0.61938000000000
H           -1.09637000000000       -0.99648000000000       -0.96690000000000
H            0.41149000000000       -0.12842000000000       -0.63926000000000
H           -0.49817000000000       -2.72900000000000        0.69484000000000
H            0.69749000000000       -2.62107000000000       -0.58967000000000
H            1.89111000000000       -2.82131000000000        1.53415000000000
H            2.18430000000000       -1.24403000000000        0.85115000000000
H            3.00887000000000        0.71769000000000        2.12179000000000
H            1.57960000000000        1.26898000000000        1.21045000000000
H            2.01487000000000        2.05025000000000        2.74445000000000
H            0.36378000000000        1.32457000000000        4.67732000000000
H            1.73254000000000       -3.97914000000000        3.46251000000000
H            1.00849000000000       -6.35530000000000        3.43607000000000
H           -1.40554000000000       -6.91390000000000        3.47348000000000
H           -3.11059000000000       -5.11627000000000        3.52366000000000
H           -2.40616000000000       -2.73593000000000        3.50421000000000
H           -2.12720000000000       -1.06981000000000        5.36157000000000
H           -0.82164000000000       -2.03052000000000        6.10782000000000
H           -0.90470000000000       -0.28240000000000        6.38062000000000
35
 energy: -45.136722059323 gnorm: 0.049976216370 xtb: 6.7.1 (edcfbbe)
C           -0.34403897327527       -0.78434283763450       -0.19528669648797
C            0.27948903614128       -2.08376648870318        0.29486353155119
C            1.39251644829839       -1.85900665694295        1.32094613326651
N            0.93403133915250       -1.21715847895207        2.55567095631514
C            1.13837073709703        0.09580379646522        2.91710649977443
C            1.98123542241820        1.06972130112227        2.19790958230169
C            0.41828291844851        0.32738460869884        4.09308655919684
C           -0.22120342994527       -0.86934072512457        4.43480056724081
N            0.11559417597979       -1.80632576045141        3.47879207227983
C           -0.29126639652395       -3.19670535645983        3.46029014333764
C            0.67044475439124       -4.20305579446247        3.44642635818498
C            0.26450880550551       -5.53221476792604        3.44376134780987
C           -1.08600269302635       -5.85080332844247        3.46818657898092
C           -2.03823008475361       -4.84150889378483        3.49687962687719
C           -1.64665065722832       -3.50843497295508        3.49098023346171
C           -1.06304379234913       -1.09690327940523        5.62483614108086
H           -0.83669899288475       -0.25216606562636        0.61786605892992
H           -1.09091561908295       -0.99486157015086       -0.95854376958427
H            0.40797445309564       -0.13157747595926       -0.63705517914199
H           -0.49676999135904       -2.72952573194834        0.71218921927236
H            0.71017321175842       -2.61455289430188       -0.55934329241440
H            1.86866862153839       -2.81320812567242        1.56246727862794
H            2.16393717589727       -1.21920555906457        0.88391518122316
H            3.00715668140580        0.71057248454803        2.10627616402211
H            1.58986761251453        1.26217785721720        1.19886001731005
H            2.00220079573272        2.01419178653335        2.74042065650267
H            0.36812086394015        1.25235861706085        4.63740760390425
H            1.72466546995528       -3.96779539709020        3.46587847909108
H            1.00025668779814       -6.32611287084515        3.43477131183941
H           -1.39714239150970       -6.88794150221795        3.47200044409939
H           -3.08910215233064       -5.09886174883751        3.52363800942600
H           -2.39510221802210       -2.73059263697223        3.50054331919806
H           -2.12167575322245       -1.08569376261671        5.36225599310477
H           -0.83453397170999       -2.05136012703056        6.09809641654160
H           -0.89617809384526       -0.30102764206717        6.35085645287627
35
 energy: -45.140490880252 gnorm: 0.016717907147 xtb: 6.7.1 (edcfbbe)
C           -0.34832137820545       -0.77924670043875       -0.18370299561793
C            0.27116697936985       -2.07817376151053        0.31654186452427
C            1.38493415012345       -1.85384636462546        1.34484442605284
N            0.92659747461969       -1.20565889951377        2.56009043474193
C            1.12365628533252        0.07386348998112        2.91029188382245
C            1.97374459406493        1.04135739126324        2.18308424846191
C            0.41907893690375        0.29537213194125        4.07654061431836
C           -0.21102531631283       -0.88409965751586        4.41716579351820
N            0.11029142887758       -1.79276959822005        3.47918372501110
C           -0.28456033131341       -3.17016898855670        3.45617467307893
C            0.67173041389360       -4.18121313944145        3.45429575658133
C            0.26738705752244       -5.50642521025660        3.45034706202574
C           -1.07922039787565       -5.82779616346762        3.46819206045323
C           -2.02782478350531       -4.81970728406592        3.49115305774282
C           -1.63757492803975       -3.49054233429251        3.47879081306304
C           -1.05670970656958       -1.12751172668356        5.60522130395108
H           -0.83831196289445       -0.23724078604579        0.62221847249104
H           -1.09242259240233       -0.99500356982050       -0.94432901583213
H            0.40715041623653       -0.13843591934990       -0.63175770001726
H           -0.50212303214425       -2.72417686154745        0.73658835069976
H            0.71666361234807       -2.61091816916299       -0.52598079868309
H            1.84941011300433       -2.81112532538129        1.59293156411198
H            2.15055554666365       -1.20571820430188        0.91509191936808
H            2.99873151233696        0.68435967505848        2.09212163779616
H            1.59000202000971        1.24068060542283        1.18396765605966
H            1.99107590779824        1.98010045142917        2.73158050151135
H            0.37159028407439        1.21638007765433        4.62205031459215
H            1.72463259564443       -3.94740391893278        3.48193210667740
H            1.00581198710333       -6.29269639602961        3.44182756489177
H           -1.38843179051652       -6.86129396250249        3.47085626963674
H           -3.07657667018731       -5.07043081555795        3.51549351654047
H           -2.38401921140902       -2.71299425625845        3.48256965910812
H           -2.11534164992249       -1.10949446587713        5.34782485777012
H           -0.83802322681736       -2.08632264549242        6.06957540701371
H           -0.88478433781175       -0.33353869790107        6.32897299453465
35
 energy: -45.141151000992 gnorm: 0.006483866305 xtb: 6.7.1 (edcfbbe)
C           -0.34942944128210       -0.77862407231240       -0.17344427958032
C            0.26518497850951       -2.07953185421123        0.32769707411243
C            1.38335433237606       -1.85756319578179        1.35101337135777
N            0.92507139759123       -1.20591995946590        2.55858437899633
C            1.12121567109358        0.07498428005099        2.90776549200691
C            1.97230700648099        1.03444167868258        2.17109075485958
C            0.41926265349902        0.30086050286048        4.08074186677584
C           -0.21046860512538       -0.88533617169609        4.41730678278938
N            0.10936893613942       -1.79118605073566        3.47554657715332
C           -0.28205920219885       -3.16193703995967        3.45070179267564
C            0.67590201748169       -4.16985918356799        3.46295589326662
C            0.27216377586792       -5.49396463031065        3.45780802828834
C           -1.07534507793962       -5.81500424265794        3.46614915321818
C           -2.02557748736687       -4.80729192668930        3.47871311562142
C           -1.63524872833374       -3.47942925174345        3.46310589841104
C           -1.05694528484174       -1.14724412710123        5.60106433001406
H           -0.83341714881414       -0.22867034144296        0.63116408088688
H           -1.09823564966728       -0.99463947285214       -0.92941960056556
H            0.40779627476389       -0.14442055282121       -0.62843413062311
H           -0.50900395282196       -2.71974578432655        0.75473123255555
H            0.70729082186482       -2.61634170829241       -0.51267529276918
H            1.84139534666186       -2.81566096625964        1.60445298253815
H            2.14978138673233       -1.21133505622225        0.92130412347747
H            2.99420310224901        0.66891929870488        2.08048383202226
H            1.58672196720438        1.22658098378940        1.17168891627427
H            1.99353350145243        1.97466779509059        2.71515103454664
H            0.37341699192593        1.21984161061504        4.62755647854998
H            1.72811806706640       -3.93255218436382        3.50247061513296
H            1.01319037589782       -6.27734135122672        3.45705651227817
H           -1.38391028144098       -6.84814376840137        3.47061875581638
H           -3.07486823855558       -5.05481355114827        3.49989949602874
H           -2.37906068319285       -2.69871377833288        3.45660091303124
H           -2.11432857276633       -1.12640838055867        5.33983579615508
H           -0.83868525266720       -2.11539733048806        6.04649435834608
H           -0.88375499784369       -0.36506021682382        6.33596966635141
35
 energy: -45.141694312717 gnorm: 0.006259352035 xtb: 6.7.1 (edcfbbe)
C           -0.35282987420622       -0.77838090975584       -0.15720001681648
C            0.25305886629396       -2.08269387734954        0.34442856044958
C            1.37914439572991       -1.86239389113497        1.35994722055879
N            0.92471007824241       -1.20234455546749        2.55884748338418
C            1.12164454214634        0.07977698902537        2.90805862038449
C            1.97191860851524        1.02711074401565        2.15431772741392
C            0.41941139107000        0.30993792012227        4.08516331785470
C           -0.20819367083217       -0.88268708968714        4.41918111468745
N            0.11143866018440       -1.78550035441800        3.47359668965698
C           -0.27675879179526       -3.14851595632099        3.44623099441782
C            0.68337567774584       -4.15312549119564        3.48539273732557
C            0.27977914340908       -5.47652214449857        3.47642547637953
C           -1.06894795392282       -5.79635033942374        3.46205089519550
C           -2.02181292289318       -4.78961113560861        3.45077876641742
C           -1.63111646265514       -3.46283942093103        3.43188102324059
C           -1.05571097780235       -1.17712957335197        5.59541406492378
H           -0.82057471788777       -0.21585283931448        0.64906421406524
H           -1.11419390260514       -0.99177559006533       -0.90178909389009
H            0.40672434644398       -0.15659827862932       -0.62621224733949
H           -0.52362022804003       -2.71077093102828        0.78506421121928
H            0.68209508301626       -2.62870950573784       -0.49540992615807
H            1.82633803265092       -2.82302812929412        1.62021871377944
H            2.14978267625840       -1.22701259954053        0.92324183702726
H            2.98933591892246        0.64879013674786        2.06278497528804
H            1.58091336489963        1.20372422011602        1.15428738752500
H            2.00216197013108        1.97385612866727        2.68480037708074
H            0.37429192433451        1.22695722819931        4.63271205806356
H            1.73404591236887       -3.90969928101598        3.54900159368446
H            1.02388988860944       -6.25687532234416        3.49365028151383
H           -1.37678655348390       -6.82931182491296        3.46790864202917
H           -3.07219874261096       -5.03352247196471        3.45699618058353
H           -2.37012188594101       -2.67674204622092        3.40085621441368
H           -2.11169579367930       -1.14910468983900        5.32944488507277
H           -0.83857019930388       -2.16349056483852        6.00355787403691
H           -0.88198780331360       -0.42140455300421        6.35705714653083
35
 energy: -45.141935174373 gnorm: 0.007037637061 xtb: 6.7.1 (edcfbbe)
C           -0.35734456089708       -0.77796707407148       -0.14739500168810
C            0.24245517686755       -2.08437025072573        0.35574707236707
C            1.37599812420409       -1.86584990938387        1.36433609670212
N            0.92658401074415       -1.19799632855007        2.56010332313368
C            1.12325513761988        0.08498694510441        2.90863329213858
C            1.97261809943917        1.02556596442036        2.14546750537014
C            0.42178025926838        0.31492618675179        4.08710139903647
C           -0.20553062227486       -0.87829959173600        4.42112976082413
N            0.11524628278499       -1.78023827308536        3.47474110292633
C           -0.27296797573063       -3.14182087691223        3.44597616571931
C            0.68761873501568       -4.14512373965187        3.50665903870299
C            0.28412612993681       -5.46861746953024        3.49503044282693
C           -1.06465338464080       -5.78758492909778        3.45805936877549
C           -2.01861453649386       -4.78179205153356        3.42472159750722
C           -1.62769921252427       -3.45527831465184        3.40656705735548
C           -1.05339541639024       -1.19225157985168        5.59210418708584
H           -0.81033173073293       -0.20641573711804        0.66134899177364
H           -1.12972450336846       -0.98814932539264       -0.88179745987292
H            0.40270238128352       -0.16591753884631       -0.62858734642108
H           -0.53596605198186       -2.70393188621981        0.80566946178734
H            0.66047784749617       -2.63857245373419       -0.48423258695566
H            1.81653758373816       -2.82847958241169        1.62920810625324
H            2.15031194454363       -1.24034073052683        0.91979743731026
H            2.98801456873487        0.64152995263871        2.05291688573060
H            1.57744352745946        1.19210909392883        1.14511721032933
H            2.00922064914766        1.97778289097777        2.66549425945323
H            0.37680081390235        1.23187113868362        4.63486696573508
H            1.73650416227429       -3.89776530513039        3.58818365986440
H            1.02866621017198       -6.24836106717266        3.52729070830808
H           -1.37229024086231       -6.82064900467133        3.46303190101577
H           -3.06937153024129       -5.02522244111544        3.41335852903698
H           -2.36349845781711       -2.66655556811380        3.35696032391887
H           -2.10924538432830       -1.15513306333567        5.32594989135675
H           -0.83905803403473       -2.19033784178124        5.97422337097102
H           -0.87773000231404       -0.45759023815385        6.37396728162126
35
 energy: -45.142159182529 gnorm: 0.004437988020 xtb: 6.7.1 (edcfbbe)
C           -0.36348912266270       -0.77733136930716       -0.13998375157424
C            0.23010563349498       -2.08555910647942        0.36553309363305
C            1.37143265107638       -1.86921261147777        1.36653565842863
N            0.92960734301217       -1.19346893884295        2.56201990371356
C            1.12646944959516        0.08992061089158        2.90976400024745
C            1.97459009975987        1.02619316497645        2.14057253539582
C            0.42520928030650        0.31859804056309        4.08759785384941
C           -0.20085980654141       -0.87333742094264        4.42438863194724
N            0.12061912980744       -1.77535654719273        3.47812949748703
C           -0.26944264689268       -3.13852576944684        3.44802006035738
C            0.69046827486781       -4.14085366648667        3.53075323785715
C            0.28754113201044       -5.46486934501873        3.51608424995312
C           -1.06017698741927       -5.78353506029178        3.45198735040405
C           -2.01412941755437       -4.77887798272454        3.39428114669770
C           -1.62333172878223       -3.45216829299856        3.38056784233015
C           -1.04948818332450       -1.19993820452208        5.59030202046574
H           -0.79981065114998       -0.19618992061857        0.67124494665070
H           -1.14789721078758       -0.98434488568776       -0.86253358845185
H            0.39601302939709       -0.17608921387221       -0.63536703999697
H           -0.54992612416165       -2.69682082507821        0.82398483486987
H            0.63696074071914       -2.64865369947152       -0.47453184004782
H            1.80644179435916       -2.83355770734797        1.63596874640583
H            2.14930750939510       -1.25368231059594        0.91367663239182
H            2.98931245634630        0.64041799795362        2.04729403434225
H            1.57616185189694        1.18530100494974        1.14001763991319
H            2.01540819787308        1.98320797159602        2.65165967473146
H            0.37961975329636        1.23684130055955        4.63442386277764
H            1.73689685124297       -3.89019283654115        3.63031888226478
H            1.03091002299401       -6.24506338113987        3.56622911684752
H           -1.36772025199125       -6.81686828776759        3.45422892456260
H           -3.06444008465126       -5.02389956290613        3.35956744969294
H           -2.35651629871473       -2.66248019455189        3.31337405554711
H           -2.10562776249614       -1.14869470281408        5.32614415802734
H           -0.84230419029434       -2.20726666866539        5.95015983707468
H           -0.86897473402678       -0.48548157870003        6.38933634120347
35
 energy: -45.142351808696 gnorm: 0.003353887938 xtb: 6.7.1 (edcfbbe)
C           -0.37108643066693       -0.77602936196826       -0.13421962053190
C            0.21665792808212       -2.08587027263627        0.37381870188459
C            1.36556766573668       -1.87291694297609        1.36690560588670
N            0.93276339528237       -1.19088086786138        2.56372158376735
C            1.12960444609181        0.09269478781347        2.90988728186137
C            1.97614989660891        1.02738238633460        2.13777928041088
C            0.43072603725405        0.32012698693981        4.08799119654114
C           -0.19473357703291       -0.86975375939442        4.42799328428611
N            0.12629082460304       -1.77237961358381        3.48244252392287
C           -0.26597783722636       -3.13804963781113        3.45122389629313
C            0.69243511426320       -4.13941690786726        3.55818311945091
C            0.29047767535689       -5.46401358430478        3.54061473964593
C           -1.05519350683335       -5.78301503691016        3.44394553316735
C           -2.00796022981873       -4.77930988200843        3.35878496152446
C           -1.61773824593438       -3.45211174321620        3.35293439416800
C           -1.04406145562560       -1.20120750181380        5.59054684175848
H           -0.78977603488101       -0.18483458554678        0.67890762100712
H           -1.16793314809543       -0.98038144807789       -0.84370975690724
H            0.38692457986670       -0.18628853986928       -0.64504643737763
H           -0.56478522139974       -2.68947593900544        0.83959384912264
H            0.61337591709355       -2.65680415271168       -0.46621966720497
H            1.79615287145552       -2.83868483041252        1.63984212188965
H            2.14560721543551       -1.26505096138539        0.90717266465123
H            2.99140372515020        0.64316019724795        2.04432118753278
H            1.57625323317548        1.18265142561584        1.13706694429380
H            2.01786128881353        1.98713122417941        2.64384071476155
H            0.38532664475266        1.23999427174017        4.63344516244773
H            1.73607352708818       -3.88643519669534        3.67744110328617
H            1.03149729726530       -6.24503131162978        3.61226352546210
H           -1.36266682366124       -6.81659595469229        3.44161413402174
H           -3.05673369266302       -5.02698575918525        3.29618899739646
H           -2.34917693292305       -2.66283649854738        3.26820241429989
H           -2.10051139563972       -1.12948562146494        5.32994521223505
H           -0.85055883522012       -2.21668877210775        5.93218282298776
H           -0.85331591575410       -0.50444659618761        6.40214406205653
35
 energy: -45.142508956606 gnorm: 0.004216190646 xtb: 6.7.1 (edcfbbe)
C           -0.37912969996402       -0.77398926891624       -0.12964675690860
C            0.20353285899402       -2.08555798478612        0.37984430837674
C            1.35877870124306       -1.87685507687293        1.36604565741980
N            0.93480000420414       -1.19105566498361        2.56470606342412
C            1.13250187536217        0.09245723584684        2.90913226292357
C            1.97700131189367        1.02782994294712        2.13589914786469
C            0.43678096777108        0.32021036292208        4.08832383350237
C           -0.18770179000871       -0.86856604351118        4.43179050659697
N            0.13087890611309       -1.77178981536447        3.48658178986733
C           -0.26274686248225       -3.13920276249518        3.45448225155867
C            0.69367213875424       -4.13933322373400        3.58714623008427
C            0.29295071282170       -5.46436685913559        3.56654413861325
C           -1.04965807596096       -5.78440138617958        3.43496992491787
C           -2.00029976426940       -4.78158125236546        3.32149187712712
C           -1.61129824650259       -3.45372777580823        3.32452483403530
C           -1.03790330557947       -1.19822650797736        5.59330223890832
H           -0.78086391131626       -0.17328772237211        0.68479022959777
H           -1.18778983612177       -0.97608944859856       -0.82614578109391
H            0.37671957991980       -0.19518377359190       -0.65539856545671
H           -0.57915145850430       -2.68266272669151        0.85136567389745
H            0.59186705692801       -2.66205335194403       -0.46035830506731
H            1.78572249357189       -2.84404969842206        1.64061425434261
H            2.13967378714262       -1.27368799734330        0.90181497915679
H            2.99349382163049        0.64690191335701        2.04282892496215
H            1.57723028803909        1.18177672486340        1.13492403152387
H            2.01637979759835        1.98834289936846        2.64085996128907
H            0.39274014196323        1.24129087695473        4.63240716936396
H            1.73433907978817       -3.88476615518002        3.72716306062536
H            1.03111963881303       -6.24577308277529        3.66201714396518
H           -1.35673849362963       -6.81816625033050        3.42700520164012
H           -3.04644227076883       -5.03187484215211        3.22950393546834
H           -2.34169119915395       -2.66563713552119        3.22236141465482
H           -2.09411520020237       -1.10132615377157        5.33701935589921
H           -0.86399878665986       -2.22146689665051        5.92070528489211
H           -0.83171426142746       -0.51597109878508        6.41313372202698
35
 energy: -45.142639734838 gnorm: 0.003808646261 xtb: 6.7.1 (edcfbbe)
C           -0.38736501618038       -0.77087218252237       -0.12557331254563
C            0.19080298523464       -2.08461391946397        0.38377262804822
C            1.35118965806345       -1.88131332255834        1.36465615682974
N            0.93509949867034       -1.19365268297503        2.56493891347268
C            1.13462597821669        0.08973556413274        2.90743827572902
C            1.97672479996362        1.02706770310894        2.13365173058278
C            0.44373383131498        0.31899215753746        4.08931588130491
C           -0.18059258722397       -0.86932037423418        4.43554861661437
N            0.13391956828346       -1.77309697139327        3.49042774819093
C           -0.25973948915536       -3.14113674005388        3.45768875488871
C            0.69402506088033       -4.13956696595871        3.61861279592595
C            0.29487768853472       -5.46494505022179        3.59466802655040
C           -1.04324113158227       -5.78678388504068        3.42557088688819
C           -1.99092068414644       -4.78511088524083        3.28174406425611
C           -1.60388543215096       -3.45650223541159        3.29381036523352
C           -1.03146488385971       -1.19256657966086        5.59836698082896
H           -0.77258524529693       -0.16170011876114        0.69014982087914
H           -1.20736231772819       -0.97033800719897       -0.80926270710565
H            0.36577281080620       -0.20217744998225       -0.66532996999169
H           -0.59312148068892       -2.67638405640901        0.85936973104499
H            0.57216262960092       -2.66435407010296       -0.45710433840965
H            1.77462157868975       -2.85033497605578        1.63895136811183
H            2.13243455842057       -1.28088750972656        0.89783572633091
H            2.99469202702439        0.64994018306130        2.04133733161217
H            1.57790627376695        1.18075781735657        1.13235277698366
H            2.01189762754360        1.98712750133726        2.64001350726700
H            0.40270931722240        1.24048440866555        4.63269302610161
H            1.73110865428213       -3.88346542568793        3.78121614119963
H            1.02981217415909       -6.24580792772083        3.71588089560007
H           -1.34924731052585       -6.82075860545985        3.41143818527806
H           -3.03321363557025       -5.03753099304676        3.15907515176689
H           -2.33326030789488       -2.66992247786097        3.17293220118759
H           -2.08646250144417       -1.06622948206068        5.34785635743261
H           -0.88202779914121       -2.22322509738615        5.91402172341226
H           -0.80468689808870       -0.52334734300445        6.42368455849938
35
 energy: -45.142716616830 gnorm: 0.002245833852 xtb: 6.7.1 (edcfbbe)
C           -0.39389169677503       -0.76675491440080       -0.12227546341517
C            0.18074975536865       -2.08308310310335        0.38486409750726
C            1.34403399320567       -1.88537120713118        1.36346552695629
N            0.93332085911075       -1.19725018834544        2.56456474185588
C            1.13581543649409        0.08586083679483        2.90575550829073
C            1.97547286043319        1.02490301045050        2.13075300998375
C            0.44952494125622        0.31726641950481        4.09046702864371
C           -0.17476657722754       -0.87119169312097        4.43901226322907
N            0.13465493587452       -1.77523210932728        3.49334455955261
C           -0.25788136771172       -3.14288721569468        3.46010708972480
C            0.69292765581957       -4.13930743542374        3.64715045062909
C            0.29560810591241       -5.46505508229971        3.62023940352934
C           -1.03713608713413       -5.78921392358399        3.41801888201219
C           -1.98171202542964       -4.78909431926160        3.24682201943163
C           -1.59708809028312       -3.45979764326177        3.26566285771984
C           -1.02544950258106       -1.18684120947771        5.60476592694111
H           -0.76606621325286       -0.15215308168036        0.69503809793447
H           -1.22262097105855       -0.96308671199018       -0.79600709732577
H            0.35684083689219       -0.20527621903748       -0.67216541803012
H           -0.60435259356249       -2.67175443600751        0.86194670523215
H            0.55773451620626       -2.66337516844867       -0.45724341306282
H            1.76393157942002       -2.85651438206340        1.63632248433103
H            2.12620807910313       -1.28672629179221        0.89602923380597
H            2.99456880919154        0.65070143489878        2.03914968283317
H            1.57724352406798        1.17778842874497        1.12922919703484
H            2.00665126819624        1.98443862537834        2.63853127457544
H            0.41206722288576        1.23847697679989        4.63386575221697
H            1.72607156013337       -3.88130475326767        3.83078407028884
H            1.02766791819673       -6.24436176132236        3.76471074601876
H           -1.34133103369129       -6.82352197011643        3.39902018448193
H           -3.01971924929679       -5.04281981121097        3.09697734997846
H           -2.32500853405101       -2.67449487732446        3.12709156668696
H           -2.07817950276483       -1.03384060222441        5.36077495824901
H           -0.89857034108820       -2.22279556349544        5.91200424340967
H           -0.77838007185997       -0.52817005815826        6.43297247874852
35
 energy: -45.142745658368 gnorm: 0.001211225467 xtb: 6.7.1 (edcfbbe)
C           -0.39700135611300       -0.76298873995407       -0.12049981287723
C            0.17574807896707       -2.08141986824852        0.38364006349138
C            1.33929018234711       -1.88786802551499        1.36311484680234
N            0.93041135818909       -1.19953981317745        2.56400321091005
C            1.13565651830703        0.08333459414480        2.90469349178763
C            1.97394377587979        1.02234290534325        2.12778344164725
C            0.45300189299381        0.31600059072086        4.09167618125727
C           -0.17209020831690       -0.87232142287503        4.44125737307425
N            0.13331992567926       -1.77642899455656        3.49480568772485
C           -0.25780984276678       -3.14360792269877        3.46150914374666
C            0.69092122505343       -4.13826245246093        3.66529518110562
C            0.29534266270373       -5.46447180057210        3.63676548595475
C           -1.03319329892618       -5.79079028412461        3.41430096239695
C           -1.97584772696475       -4.79226239790008        3.22588140710672
C           -1.59327082233559       -3.46248060041483        3.24797481496787
C           -1.02141473019975       -1.18367876169468        5.60978491067746
H           -0.76305857196581       -0.14720468555313        0.69843239906810
H           -1.22963554470268       -0.95657364075087       -0.78993914662452
H            0.35265136984936       -0.20407544907377       -0.67410687669757
H           -0.61024843829640       -2.66977515364876        0.85951465868154
H            0.55181958163809       -2.66020797765027       -0.45973628146762
H            1.75615808681421       -2.86071198152423        1.63502628738196
H            2.12321952678312       -1.29079705144997        0.89646581699419
H            2.99332622934300        0.64890392110883        2.03644766360280
H            1.57537259363294        1.17357417477346        1.12624248542566
H            2.00375643415634        1.98207450360733        2.63519428063484
H            0.41837403236324        1.23664898569962        4.63571460359744
H            1.72090134015694       -3.87822870770589        3.86195140334466
H            1.02585129967812       -6.24195681948092        3.79496916552684
H           -1.33554009931946       -6.82552457281738        3.39310989106966
H           -3.01063211742141       -5.04676008338163        3.06016337556787
H           -2.31968701990366       -2.67793899359110        3.09793728147054
H           -2.07214118636168       -1.01449001213358        5.37103122449504
H           -0.90746625258313       -2.22244224500507        5.91180918759214
H           -0.76108889835841       -0.53191121743879        6.43953619056222
35
 energy: -45.142765005649 gnorm: 0.001511028324 xtb: 6.7.1 (edcfbbe)
C           -0.39945880147124       -0.75745934502026       -0.11884335921275
C            0.17132490793038       -2.07870428806656        0.38039741038367
C            1.33342471441001       -1.89048741528806        1.36325607463628
N            0.92533288840216       -1.20101459552144        2.56309541898045
C            1.13479077527586        0.08137545943797        2.90382858579406
C            1.97204850447296        1.01820746417831        2.12307604339505
C            0.45640596547047        0.31509443849264        4.09324422910846
C           -0.16971761952493       -0.87273736122721        4.44428503691004
N            0.13010744506741       -1.77662579560135        3.49608689223359
C           -0.25927765368486       -3.14357980646280        3.46299345086740
C            0.68764585000436       -4.13556350652487        3.68558661529839
C            0.29492108134934       -5.46266105273183        3.65568488088247
C           -1.02872761448665       -5.79219790369650        3.41175061711832
C           -1.97003786692947       -4.79624720425434        3.20440683033039
C           -1.59037558258598       -3.46575213155036        3.22879082399003
C           -1.01620019927731       -1.18201918650516        5.61589475642232
H           -0.76182862235042       -0.14292208157343        0.70266781815732
H           -1.23430387051761       -0.94726861414451       -0.78649858817653
H            0.35008460837952       -0.19892456697729       -0.67308191521204
H           -0.61600167312302       -2.66848082576566        0.85245460215816
H            0.54853443906286       -2.65405379756454       -0.46484090195094
H            1.74517319563222       -2.86562231305151        1.63540845659323
H            2.12127914460873       -1.29686239402847        0.89850316681032
H            2.99110068654855        0.64389231811917        2.03164639196829
H            1.57203105802441        1.16588052329338        1.12164260423869
H            2.00263635849251        1.97932815088869        2.62755545783258
H            0.42517325387153        1.23505091741642        4.63837434717509
H            1.71370718124600       -3.87203590048186        3.89729143945274
H            1.02458410467192       -6.23753259448210        3.82924616838431
H           -1.32836987091552       -6.82769297654025        3.38876585146724
H           -3.00137609688481       -5.05232735829703        3.02096976627606
H           -2.31489006726960       -2.68212338231226        3.06510063063264
H           -2.06500097627311       -0.99566738540591        5.38423388481435
H           -0.91434495880974       -2.22441614113245        5.91007086107180
H           -0.74145468881681       -0.53968934761835        6.44870565116819
35
 energy: -45.142777869388 gnorm: 0.001603575472 xtb: 6.7.1 (edcfbbe)
C           -0.39906790359430       -0.75321375303665       -0.11894378832347
C            0.17170960553303       -2.07608390667894        0.37581249028026
C            1.33055792120362       -1.89150956982642        1.36341851708818
N            0.92109894466612       -1.20076000995035        2.56204145763037
C            1.13315634859734        0.08117714912804        2.90319547136384
C            1.97054405810021        1.01540792210031        2.11978824314947
C            0.45754785861266        0.31476221511396        4.09395470487954
C           -0.16947021118298       -0.87229016142875        4.44566871756039
N            0.12689793437645       -1.77585051106744        3.49608784136368
C           -0.26188329718721       -3.14322680789227        3.46355310335952
C            0.68447967632622       -4.13349497104180        3.69423268359381
C            0.29383592421042       -5.46125031606374        3.66464891508536
C           -1.02726457355608       -5.79302601643648        3.41311402560240
C           -1.96832778681121       -4.79887883451819        3.19782837359099
C           -1.59066123895305       -3.46783954447378        3.22175783016882
C           -1.01290574035603       -1.18265202360253        5.61905891074989
H           -0.76583495351887       -0.14388719018312        0.70428493441890
H           -1.23068670611765       -0.94046700801492       -0.79107781780342
H            0.35165386841879       -0.19031376436540       -0.66698945752563
H           -0.61644616419296       -2.66939193696949        0.84216870489175
H            0.55280869521518       -2.64674476409482       -0.47095214033067
H            1.73799056355131       -2.86805398830169        1.63711218387754
H            2.12227377369682       -1.30095375558739        0.90131131627573
H            2.98897057665429        0.63937523280850        2.02796546424499
H            1.56924363209689        1.16068237276593        1.11854030874244
H            2.00347659774872        1.97794629898303        2.62124668181767
H            0.42848263415385        1.23432642630234        4.64008577553273
H            1.70829920380080       -3.86760736576326        3.91110060682469
H            1.02338729160712       -6.23449991601140        3.84320520042111
H           -1.32522563592273       -6.82905065321048        3.39062409395522
H           -2.99761363747270       -5.05674122756402        3.01044293942512
H           -2.31436347148259       -2.68514349439306        3.05235879077075
H           -2.06136331708664       -0.99190695303934        5.39273235160716
H           -0.91304708110919       -2.22564994032131        5.90936945523225
H           -0.73331339002551       -0.54502923336481        6.45300311047832
35
 energy: -45.142784027730 gnorm: 0.001904463679 xtb: 6.7.1 (edcfbbe)
C           -0.40010953063390       -0.74445599450807       -0.11817210397097
C            0.16917473639571       -2.07101346623785        0.36832688122738
C            1.32309374888964       -1.89458460879971        1.36350734640368
N            0.91308628157327       -1.19957446993880        2.55972151457261
C            1.13067106661446        0.08135908473391        2.90156423417947
C            1.96813540585824        1.01034991412843        2.11262760505460
C            0.46148532513911        0.31468429785304        4.09564491670126
C           -0.16731974248941       -0.87066487510135        4.44906443101984
N            0.12171333875608       -1.77345715406464        3.49648493722115
C           -0.26622626069245       -3.14201813175577        3.46534327511044
C            0.67980483903489       -4.12835002122183        3.71727203889719
C            0.29362508763664       -5.45748931400347        3.68814330855391
C           -1.02305180792116       -5.79380552312587        3.41536083063648
C           -1.96420792277680       -4.80346691926784        3.17936789381938
C           -1.59071589099851       -3.47112918308382        3.20262928312949
C           -1.00504130212783       -1.18538477405594        5.62492725845820
H           -0.77379858792882       -0.14322542418473        0.70867302036732
H           -1.22692941790025       -0.92691843119003       -0.79812877222201
H            0.35389901590156       -0.17496020951771       -0.65613290492223
H           -0.62116743745653       -2.66939347662098        0.82508796368678
H            0.55585452770826       -2.63411820140622       -0.48141537830726
H            1.71978510088446       -2.87449280839318        1.64174622832027
H            2.12340995053764       -1.31227029753811        0.90549392517231
H            2.98533169432638        0.63094082683456        2.01982894176099
H            1.56434926126973        1.15110060527775        1.11172129021342
H            2.00586958737073        1.97571600164324        2.60816268143537
H            0.43698423231303        1.23381343274275        4.64319445637682
H            1.69937867486491       -3.85718435243763        3.94974394705131
H            1.02319286757094       -6.22793540097549        3.88293673480253
H           -1.31788487455813       -6.83084284310975        3.39249615878223
H           -2.99050543671360       -5.06590850811396        2.97385515199240
H           -2.31354175193731       -2.69066867712633        3.01705167085052
H           -2.05404914837890       -0.97830497819320        5.40927228152937
H           -0.91477858886575       -2.23524439586624        5.89953671187091
H           -0.71057704126614       -0.56294172337482        6.46681224022461
35
 energy: -45.142793375771 gnorm: 0.001211074712 xtb: 6.7.1 (edcfbbe)
C           -0.39845959259173       -0.74561767751548       -0.11944535608998
C            0.17231469945514       -2.07133397753513        0.36741690843639
C            1.32553485455041       -1.89361013165982        1.36270808452647
N            0.91453005078447       -1.19969872914874        2.55931404731053
C            1.13073617522517        0.08132905129047        2.90137016204943
C            1.96827919338061        1.01224368259106        2.11475002367476
C            0.45943740574236        0.31456410759501        4.09429405612514
C           -0.16799441403132       -0.87155698474008        4.44763712661949
N            0.12278008968178       -1.77428980173994        3.49543283695523
C           -0.26599401313246       -3.14262441708431        3.46425906573090
C            0.68019307578668       -4.12997405667141        3.70767818354171
C            0.29263177010284       -5.45862818817016        3.68002643605349
C           -1.02557898357602       -5.79364552618868        3.41837124833714
C           -1.96655237146343       -4.80226317443047        3.19075796208525
C           -1.59177726239567       -3.47023323071373        3.21158050966360
C           -1.00634638612464       -1.18602457035189        5.62306949007342
H           -0.77785914327651       -0.14676984865184        0.70637533745827
H           -1.22141165396998       -0.92939799416542       -0.80362800218037
H            0.35634034684885       -0.17318008779137       -0.65286373344788
H           -0.61745942487011       -2.67052909802182        0.82383040086733
H            0.55993236232783       -2.63387398155351       -0.48213866458543
H            1.72347898762627       -2.87288164084539        1.64047010582858
H            2.12490582807512       -1.30983165304145        0.90533650907720
H            2.98581025562507        0.63379097582832        2.02199391810227
H            1.56540142471739        1.15539947205041        1.11386037268161
H            2.00478185489149        1.97636139058473        2.61277634207812
H            0.43373674752263        1.23389683301431        4.64127553823178
H            1.70133034819647       -3.86047107241647        3.93425178991031
H            1.02209912506772       -6.23017462022972        3.86977663983688
H           -1.32163959268015       -6.83028388604668        3.39734337283334
H           -2.99404176485003       -5.06401977347414        2.99288563665705
H           -2.31547164982194       -2.68975682582760        3.03146796153516
H           -2.05575596668589       -0.98846164372460        5.40498494133666
H           -0.91023965189549       -2.23245822011111        5.90322952121261
H           -0.71873272424277       -0.55783470110304        6.46130122747334
35
 energy: -45.142795168994 gnorm: 0.001545822968 xtb: 6.7.1 (edcfbbe)
C           -0.39798314946401       -0.74583232381958       -0.12016029270905
C            0.17344234088994       -2.07120901508003        0.36685466465295
C            1.32670320369141       -1.89354046306781        1.36189658817674
N            0.91566479077465       -1.20006757821899        2.55873848437836
C            1.13061424435865        0.08108056567645        2.90063337201511
C            1.96800655503801        1.01390219355803        2.11590981590031
C            0.45897940438095        0.31409327952426        4.09361069295073
C           -0.16819018256499       -0.87233340333280        4.44636475850197
N            0.12387763900527       -1.77502078370079        3.49464112127797
C           -0.26526655455525       -3.14314006371941        3.46371734721541
C            0.68102989276466       -4.13121942160165        3.70577043886768
C            0.29241222921004       -5.45953616725765        3.67991322566351
C           -1.02716212143498       -5.79373327704493        3.42017622684202
C           -1.96796888701372       -4.80147926431420        3.19294432153839
C           -1.59208301082319       -3.46967251924611        3.21329374842259
C           -1.00658594523815       -1.18673187376125        5.62185064462696
H           -0.78209473732546       -0.14916632903849        0.70479730567540
H           -1.21764396413784       -0.93008817966708       -0.80800752377228
H            0.35756910219393       -0.17099608806496       -0.64937640652259
H           -0.61610819086677       -2.67058887321805        0.82317479757196
H            0.56108350994358       -2.63342513569986       -0.48275413085642
H            1.72472651030200       -2.87278664563618        1.63921801451436
H            2.12573347603071       -1.30923241559861        0.90479040829009
H            2.98587380730982        0.63645013157945        2.02300307069184
H            1.56581933561175        1.15922664345819        1.11508487185388
H            2.00326234392009        1.97679834179452        2.61645913562116
H            0.43300185369774        1.23346994136198        4.64037221455445
H            1.70292786727680       -3.86279256220858        3.92746341788978
H            1.02129707012498       -6.23155062902340        3.86570298834718
H           -1.32420748111326       -6.83006682413919        3.40116066375848
H           -2.99557619504603       -5.06250961542639        3.00259083438082
H           -2.31622826243697       -2.68931222238848        3.03665549040251
H           -2.05642617813548       -0.99198208381597        5.40261344259197
H           -0.90881276709771       -2.23237574413745        5.90354687911749
H           -0.72074754927101       -0.55647159472468        6.45909936756809
35
 energy: -45.142799296277 gnorm: 0.000544277157 xtb: 6.7.1 (edcfbbe)
C           -0.39770054415028       -0.74440337182862       -0.12051064669299
C            0.17371466117949       -2.07028782658035        0.36517295955728
C            1.32625808214716       -1.89387811678908        1.36133830002627
N            0.91497391033261       -1.20007589163016        2.55788962430475
C            1.13003437897148        0.08098030307408        2.89993228916618
C            1.96728715314448        1.01412762485738        2.11539098748366
C            0.45922526967373        0.31369335849325        4.09348582196734
C           -0.16783046623541       -0.87276089192410        4.44621004880138
N            0.12371395403313       -1.77520051350657        3.49410122643343
C           -0.26541869252862       -3.14333048346466        3.46342497533612
C            0.68060551153492       -4.13121643242018        3.70698739758300
C            0.29185749585502       -5.45950777982995        3.68204428331847
C           -1.02747115657970       -5.79378991192626        3.42264289195560
C           -1.96789374038947       -4.80178568282480        3.19398952200203
C           -1.59193100378683       -3.46996207492042        3.21261623785331
C           -1.00543557482489       -1.18784158201729        5.62209017911059
H           -0.78590535596016       -0.15046348529050        0.70462851628173
H           -1.21447200638095       -0.92811499041455       -0.81205674902561
H            0.35908785226874       -0.16700543199295       -0.64536969821287
H           -0.61608642068211       -2.67054542194620        0.82002819857579
H            0.56224658851860       -2.63118378222390       -0.48494722734826
H            1.72272807397283       -2.87367863024480        1.63903383924430
H            2.12648895542095       -1.31052185268893        0.90500699158909
H            2.98512494639251        0.63669730822351        2.02201552475553
H            1.56487356889507        1.15997952077440        1.11473967098231
H            2.00268840263706        1.97677264502330        2.61648036773582
H            0.43362813096779        1.23299965555731        4.64041000258074
H            1.70243414029190       -3.86253557851443        3.93002422568833
H            1.02053516142470       -6.23149122513830        3.87065074353915
H           -1.32469261271319       -6.83010384677827        3.40432295331910
H           -2.99573758301334       -5.06299650574490        3.00038373077349
H           -2.31607352163551       -2.68969953633068        3.03346626347286
H           -2.05545530248645       -0.99180862138558        5.40377949451968
H           -0.90818924374587       -2.23413949798915        5.90230697968166
H           -0.71827301254925       -0.55876144965728        6.46004007364059
