28
 energy: -33.425570798032 gnorm: 0.046100485229 xtb: 6.7.1 (edcfbbe)
C            0.37332000000000       -0.19911000000000       -0.49140000000000
C            0.51876000000000       -1.66818000000000       -0.12305000000000
C            1.47567000000000       -1.89830000000000        1.04236000000000
N            0.87101000000000       -1.58107000000000        2.34127000000000
C            0.82072000000000       -0.33361000000000        2.94324000000000
C            0.19435000000000       -0.49918000000000        4.14575000000000
N           -0.09529000000000       -1.84975000000000        4.26498000000000
C            0.32040000000000       -2.49044000000000        3.16149000000000
C           -0.70289000000000       -2.49744000000000        5.43276000000000
C           -2.21703000000000       -2.62450000000000        5.31054000000000
C           -2.64086000000000       -3.68956000000000        4.31082000000000
H           -0.10683000000000        0.37045000000000        0.30874000000000
H           -0.24437000000000       -0.09533000000000       -1.38925000000000
H            1.34896000000000        0.25175000000000       -0.70057000000000
H           -0.46784000000000       -2.08601000000000        0.10701000000000
H            0.90224000000000       -2.20203000000000       -1.00043000000000
H            1.76499000000000       -2.95578000000000        1.06907000000000
H            2.39586000000000       -1.31415000000000        0.93001000000000
H            1.23896000000000        0.51682000000000        2.43252000000000
H           -0.06988000000000        0.17017000000000        4.94662000000000
H            0.23688000000000       -3.55426000000000        2.97086000000000
H           -0.23115000000000       -3.47712000000000        5.56942000000000
H           -0.45568000000000       -1.89386000000000        6.31428000000000
H           -2.62666000000000       -2.89072000000000        6.29193000000000
H           -2.65625000000000       -1.66221000000000        5.02460000000000
H           -2.19815000000000       -4.65960000000000        4.55940000000000
H           -3.72953000000000       -3.80354000000000        4.32094000000000
H           -2.34280000000000       -3.42371000000000        3.29276000000000
28
 energy: -33.428763080451 gnorm: 0.019997919041 xtb: 6.7.1 (edcfbbe)
C            0.36665115532894       -0.19202573684884       -0.48149995771375
C            0.51827738804514       -1.66312839429185       -0.11783995397903
C            1.47306408677306       -1.90759180929072        1.05083790558837
N            0.87763931333456       -1.59371318243328        2.34293081572984
C            0.80726687383244       -0.35793790019626        2.93303306316517
C            0.19811067098515       -0.52270714712621        4.13814169003739
N           -0.08977858487507       -1.85677531584596        4.26853147659618
C            0.32515682110748       -2.48403438909613        3.16810030293101
C           -0.70015405157861       -2.48710169106968        5.43125011297721
C           -2.21612906072517       -2.62222716411940        5.30155909039112
C           -2.63811529128016       -3.68779635943953        4.29934045947057
H           -0.11414152970382        0.37457839121203        0.31454247959233
H           -0.24591487793247       -0.09310949396011       -1.37513649490435
H            1.33728818978318        0.25411587931456       -0.69383378768031
H           -0.45961931776848       -2.09239049735789        0.11388141814695
H            0.91234940147840       -2.20032613548528       -0.98327305855432
H            1.76713419947000       -2.96057819159993        1.07905893879828
H            2.37641969810173       -1.30294044866282        0.93377917692308
H            1.21241027893944        0.50145417414937        2.43659275697710
H           -0.05642714611686        0.16213272238222        4.92286481789853
H            0.24143463076116       -3.53831520270517        2.98154543612545
H           -0.24241790915596       -3.47168887668248        5.55890898037685
H           -0.45119251420857       -1.87842276042620        6.30507066294756
H           -2.60980191800347       -2.88480340271528        6.28578563105097
H           -2.64790013743065       -1.65777395153512        5.02382257742208
H           -2.20063781059703       -4.65276392710273        4.55255452415671
H           -3.71990249051022       -3.80028467984156        4.31221184944283
H           -2.34416006805413       -3.42411450922577        3.28390908608611
28
 energy: -33.429501945227 gnorm: 0.007288130017 xtb: 6.7.1 (edcfbbe)
C            0.35827777708008       -0.19130823876795       -0.46612960651487
C            0.51365024503373       -1.66489807527148       -0.11347771113608
C            1.47300366853110       -1.91195426772786        1.05633441243362
N            0.88329390444068       -1.60445643532601        2.34276977761630
C            0.80106956932310       -0.37620911079255        2.92515165114476
C            0.19422027069022       -0.53983321004884        4.13064043519057
N           -0.08234023421583       -1.86557513754269        4.27160710000059
C            0.33537257139690       -2.48560147364050        3.17364629744620
C           -0.69551895659905       -2.48366520231458        5.42906173865828
C           -2.21538509753428       -2.61577036439961        5.29306884463026
C           -2.63242628357532       -3.68065931412333        4.28774302481091
H           -0.12417549333873        0.36734701218910        0.33168439576276
H           -0.25410621811776       -0.09415497576933       -1.35669644319283
H            1.32592005355588        0.25584889747470       -0.67788231667950
H           -0.46010288064049       -2.10211980628545        0.11563615605027
H            0.91705680133535       -2.19476344055619       -0.97634937212194
H            1.77117464330519       -2.96152068344909        1.07796344597700
H            2.36571571572573       -1.29386505165394        0.93557881154217
H            1.19359712061892        0.49690213030840        2.44551104006370
H           -0.05437444816482        0.16544009449733        4.89752743491076
H            0.25818757261880       -3.53825937192242        2.99229714668031
H           -0.25024898737288       -3.47230425504592        5.56095879886870
H           -0.45194104389160       -1.86841352873594        6.29683180676765
H           -2.60359680090270       -2.88094024854209        6.27622189045066
H           -2.64381528880561       -1.65063050033872        5.01791062065350
H           -2.19700138481915       -4.64303729678803        4.54405608272127
H           -3.71177504009740       -3.79043096391455        4.29970330653692
H           -2.33682175558004       -3.41543718151251        3.27530123072791
28
 energy: -33.429694428072 gnorm: 0.004665550760 xtb: 6.7.1 (edcfbbe)
C            0.34821415689565       -0.19306435268179       -0.45330874768713
C            0.51211371179636       -1.66832042037753       -0.11050768893930
C            1.47617704159956       -1.91580440136878        1.05782408286483
N            0.88843785255707       -1.61160545261554        2.34301611979730
C            0.79713362982894       -0.38263489158189        2.91946308890776
C            0.19093465995621       -0.54530553702307        4.12694411368986
N           -0.07660676941403       -1.87090644611363        4.27390546735409
C            0.34605688891189       -2.49237344230778        3.17830983435446
C           -0.69298281447742       -2.48299498024824        5.42963391032572
C           -2.21450006160349       -2.61122098137307        5.28782260951269
C           -2.62872683589890       -3.67270677188212        4.27754420300073
H           -0.13515613928104        0.35773607922061        0.34943383043026
H           -0.26665450554675       -0.09280859509539       -1.34204408903640
H            1.31361582873949        0.25959069339262       -0.66346858131750
H           -0.45882450498333       -2.11175100880544        0.11777785961918
H            0.91837568736653       -2.19020174223784       -0.97650310517514
H            1.77882890946995       -2.96394926573841        1.07325792661791
H            2.36431394008285       -1.29220328991530        0.93354227675974
H            1.18003976596037        0.49904785625203        2.44746695492373
H           -0.05626858288806        0.17239229835746        4.88293972718168
H            0.27691256805338       -3.54745722473178        3.00199279981871
H           -0.25446504185083       -3.47358467889266        5.56832148387138
H           -0.45354097672723       -1.86475998618279        6.29601187915538
H           -2.60564621557598       -2.87886736560086        6.26876588912576
H           -2.63925432779110       -1.64455891616604        5.01308329926580
H           -2.19511168442666       -4.63588226110833        4.53365881278692
H           -3.70847198635496       -3.78097425933707        4.28456294800208
H           -2.32803419439847       -3.40510065583740        3.26722309478922
28
 energy: -33.429868989525 gnorm: 0.003569962573 xtb: 6.7.1 (edcfbbe)
C            0.33157067473211       -0.19645281073970       -0.43220239097544
C            0.51092016696452       -1.67410900376852       -0.10656050982097
C            1.48207479227232       -1.92177384588090        1.05791458975524
N            0.89675612920840       -1.62160046827487        2.34374965831552
C            0.79161573645265       -0.38938821716675        2.91141553795940
C            0.18378602404831       -0.55000140057944        4.12057663021093
N           -0.06773257755951       -1.87792336766967        4.27710087481466
C            0.36402157042377       -2.50410978608600        3.18579601416087
C           -0.68974028231797       -2.48310223614325        5.43172691032254
C           -2.21249745099666       -2.60441720652499        5.28058685887547
C           -2.62282472065502       -3.65892763830356        4.26146064691563
H           -0.15487545707926        0.34020259982657        0.37908666101962
H           -0.28754310938364       -0.09035982488176       -1.31818565317094
H            1.29252208638150        0.26859628529718       -0.63917861968216
H           -0.45528506399519       -2.12874753201284        0.12029112212197
H            0.91999713657323       -2.18214341802815       -0.97972506670355
H            1.78997192146574       -2.96869369259450        1.06558041471550
H            2.36655724467031       -1.29412915454950        0.92937641379027
H            1.16088612409698        0.50182049482609        2.44629793293642
H           -0.06576514362643        0.18211255436447        4.86195945197050
H            0.30920982709533       -3.56303852174374        3.01815648026436
H           -0.25838299568887       -3.47541237637669        5.58056376758477
H           -0.45534844498777       -1.86172939587921        6.29751416236224
H           -2.61150973227924       -2.87623299849427        6.25739711879859
H           -2.63123469473061       -1.63463670247400        5.00710593454634
H           -2.19376278761640       -4.62531615209844        4.51533180931940
H           -3.70369845139068       -3.76406442549262        4.25890608790269
H           -2.31277852207790       -3.38669175855101        3.25462716168969
28
 energy: -33.429958353126 gnorm: 0.004102438693 xtb: 6.7.1 (edcfbbe)
C            0.31758172612681       -0.19963078815536       -0.41600993517087
C            0.51117713815193       -1.67820724835533       -0.10301305237650
C            1.48691162427525       -1.92610599558424        1.05763456776511
N            0.90331583832902       -1.62733824465616        2.34506779418376
C            0.78796202880653       -0.39269082163650        2.90648536949177
C            0.17880985005186       -0.55180331995052        4.11598586596780
N           -0.06165593251337       -1.88137781296375        4.27896411050293
C            0.37699667456963       -2.51087586969904        3.19129626996675
C           -0.68789515995869       -2.48349159510671        5.43321532912568
C           -2.21037982009842       -2.59983735644168        5.27518291983366
C           -2.61807742217125       -3.64786875667662        4.24856719793873
H           -0.17323214009926        0.32537450791875        0.40074568710686
H           -0.30386595726321       -0.09076328476780       -1.30038664552271
H            1.27412521935390        0.27682487913334       -0.61971150469540
H           -0.45078231764250       -2.14300451019384        0.12218178027085
H            0.92238442064074       -2.17554945530441       -0.98168293850041
H            1.79646697854451       -2.97275627654753        1.06241946810442
H            2.37068510506122       -1.29786805707005        0.92716944528470
H            1.14914974883704        0.50160785373242        2.44159034922357
H           -0.07599390910805        0.18564152045249        4.84975775898264
H            0.33251471998253       -3.57157240738384        3.02992338496072
H           -0.25950897453354       -3.47636527956988        5.58657926478742
H           -0.45534991458857       -1.86126284027921        6.29925979338315
H           -2.61588421136411       -2.87514091284711        6.24863714742346
H           -2.62487761077453       -1.62743031982749        5.00390741867809
H           -2.19356328037629       -4.61731509200886        4.49983951070384
H           -3.69957846293209       -3.74981294708572        4.23828645584393
H           -2.30052595930707       -3.37164956912546        3.24477718673546
28
 energy: -33.430057765775 gnorm: 0.003756815094 xtb: 6.7.1 (edcfbbe)
C            0.30325870983325       -0.20311512049075       -0.40028863693361
C            0.51273598360548       -1.68182707929055       -0.09944310457864
C            1.49153591575579       -1.93005323517295        1.05740415193230
N            0.90941140470253       -1.63106659132725        2.34679796123176
C            0.78465892638636       -0.39436568841584        2.90260460320591
C            0.17419535261624       -0.55217392167229        4.11161345047548
N           -0.05660550829286       -1.88306829977912        4.28009872981372
C            0.38826905438535       -2.51511266299789        3.19609005518754
C           -0.68632068590206       -2.48421883357581        5.43418385255011
C           -2.20768291298169       -2.59591791275062        5.27037963419219
C           -2.61351204681109       -3.63678005732208        4.23606224960597
H           -0.19453838011164        0.30963145961483        0.42020673737348
H           -0.31866331181965       -0.09341088505799       -1.28426046908836
H            1.25466309898957        0.28619013891935       -0.59895958076813
H           -0.44444493130201       -2.15824223858295        0.12280019219676
H            0.92716291453368       -2.16814957242441       -0.98309705850877
H            1.80035583416820       -2.97706049166570        1.06195610220590
H            2.37628522002886       -1.30322918612092        0.92624995482927
H            1.14047761875219        0.49944290370329        2.43361495963359
H           -0.08860223870693        0.18565668915757        4.84142262636234
H            0.35304412451407       -3.57664869037991        3.04030477748840
H           -0.25925189593456       -3.47739951159103        5.58853018359233
H           -0.45362273318594       -1.86262928060488        6.30098935734430
H           -2.61897692399447       -2.87516594822903        6.24056046990657
H           -2.61863101639173       -1.62082085449243        5.00270550427213
H           -2.19429584515950       -4.60954620733739        4.48423371861120
H           -3.69537986981543       -3.73467083117452        4.21836709899933
H           -2.28861585786197       -3.35651809093888        3.23554247886619
28
 energy: -33.430189593824 gnorm: 0.003113294285 xtb: 6.7.1 (edcfbbe)
C            0.28198907400019       -0.20864713853224       -0.37805562510081
C            0.51604521557902       -1.68706568531752       -0.09444911137228
C            1.49772467041760       -1.93526645225685        1.05811614233998
N            0.91751301170224       -1.63477453000860        2.34945039042297
C            0.78013435338155       -0.39590631350451        2.89777878480719
C            0.16846535176268       -0.55222815201167        4.10573149696550
N           -0.05008468259287       -1.88429418559945        4.28126313304172
C            0.40281985537536       -2.51868863111208        3.20234003070363
C           -0.68364336845435       -2.48539057453805        5.43460672649655
C           -2.20339335381196       -2.59081347762540        5.26404233133338
C           -2.60733442653336       -3.62061421427679        4.21808001760552
H           -0.22922448792222        0.28542034051122        0.44584410483235
H           -0.33784751376639       -0.09962411464973       -1.26332052285648
H            1.22536242586723        0.30031999939185       -0.56663491409882
H           -0.43355411739015       -2.18187030096209        0.12170849258084
H            0.93778782318266       -2.15669655255369       -0.98405286109927
H            1.80439904557636       -2.98298344374745        1.06407879976935
H            2.38401843073725       -1.31047972404410        0.92627512515979
H            1.13044713943237        0.49534441421406        2.42030444320796
H           -0.10710501645581        0.18340692531121        4.83274260212878
H            0.37930382769530       -3.58093130675145        3.05362314352719
H           -0.25844670289738       -3.47958898356124        5.58695105927805
H           -0.44954795020826       -1.86607572108818        6.30286199641611
H           -2.62092974805922       -2.87692198872993        6.22971078445826
H           -2.61011111143661       -1.61190170926752        5.00331013525247
H           -2.19599436506900       -4.59800772274395        4.46125067248748
H           -3.68941021939446       -3.71190289374585        4.19055135025857
H           -2.27247316071772       -3.33408786280017        3.22256127145309
28
 energy: -33.430302639719 gnorm: 0.003008227020 xtb: 6.7.1 (edcfbbe)
C            0.25666959640520       -0.21630400658614       -0.35385296738793
C            0.52021779711922       -1.69361007635254       -0.08905174125970
C            1.50473037862608       -1.93982932362701        1.06033031359990
N            0.92639943436470       -1.63776366103186        2.35254451084857
C            0.77562898152076       -0.39720050398616        2.89333043062324
C            0.16313266675561       -0.55249161754560        4.10018178302594
N           -0.04266964217249       -1.88548669789263        4.28280457288476
C            0.41875854019983       -2.52132316623808        3.20911878195561
C           -0.67987525668175       -2.48704943394824        5.43424279386760
C           -2.19861812910492       -2.58537463955640        5.25715774469422
C           -2.60100533136229       -3.60181274234831        4.19731308769963
H           -0.27232347142632        0.25541547525051        0.47228835357843
H           -0.35851970364168       -0.10923390607430       -1.24229998541357
H            1.19031937944753        0.31565372262345       -0.52823671288552
H           -0.42000991752238       -2.21013297482452        0.11882225754914
H            0.95255906980333       -2.14343248891523       -0.98408849335890
H            1.81033046973685       -2.98785583225658        1.06793051988981
H            2.39134709851771       -1.31558097354214        0.92673624530640
H            1.12086605363415        0.49139668371838        2.40697285585875
H           -0.12556775963136        0.18036949423950        4.82518553701830
H            0.40678199385893       -3.58428434505919        3.06711937929861
H           -0.25814130730049       -3.48328570025745        5.58282528911390
H           -0.44450888556980       -1.87137826748144        6.30467061005568
H           -2.62136142053079       -2.88070395606719        6.21772598187377
H           -2.60103639531329       -1.60219378404317        5.00568102985914
H           -2.19858032576222       -4.58434101837531        4.43402568099563
H           -3.68318246914471       -3.68499392711269        4.15942585235324
H           -2.25543144482535       -3.30744233270989        3.20776628835421
28
 energy: -33.430380497095 gnorm: 0.002738630234 xtb: 6.7.1 (edcfbbe)
C            0.23470815885765       -0.22463564746836       -0.33567713911363
C            0.52382338306986       -1.69970000372001       -0.08489038832089
C            1.51088133201206       -1.94144231506288        1.06321507677625
N            0.93358204601671       -1.63891210724674        2.35523685822618
C            0.77297605868311       -0.39764310564589        2.89124318007544
C            0.16010768071116       -0.55297405060938        4.09738341722604
N           -0.03640273439683       -1.88660571809301        4.28450939449869
C            0.43141490518506       -2.52253637743089        3.21426256584004
C           -0.67628540043016       -2.48913989711602        5.43336622959972
C           -2.19497407781307       -2.58142212882609        5.25179875625116
C           -2.59665045522678       -3.58577312705071        4.17991732017177
H           -0.31018207387144        0.22798335926843        0.49077787258117
H           -0.37511372797894       -0.11999569479060       -1.22796496211309
H            1.15950366637835        0.32648338977956       -0.49658954808224
H           -0.40776475739873       -2.23428145634544        0.11574116141123
H            0.96591683550078       -2.13299921653932       -0.98311752037265
H            1.81828272203576       -2.98890034339705        1.07181021298312
H            2.39588001679350       -1.31531271055318        0.92706892981640
H            1.11444203767454        0.48964688858968        2.39947850483404
H           -0.13716905950349        0.17780281583511        4.82125752112863
H            0.42708290696142       -3.58591126153236        3.07617658626196
H           -0.25856573843418       -3.48762608971461        5.57818549306438
H           -0.44043580883944       -1.87750904187125        6.30632744930826
H           -2.62078826758675       -2.88558212201459        6.20805398002380
H           -2.59406855856008       -1.59471298797278        5.00918350851805
H           -2.20150828479535       -4.57261898648960        4.41005398803087
H           -3.67884708788136       -3.66181475878157        4.13432028361513
H           -2.24293571716329       -3.28413730520073        3.19554126775886
28
 energy: -33.430448993735 gnorm: 0.002113502411 xtb: 6.7.1 (edcfbbe)
C            0.21522178578860       -0.23383473163092       -0.32257279217648
C            0.52733057964276       -1.70571025881924       -0.08188130937987
C            1.51677633762582       -1.94016019968843        1.06634055499438
N            0.93937044855330       -1.63841957311366        2.35755509531228
C            0.77211507708757       -0.39726143649837        2.89143426081156
C            0.15919628038727       -0.55369621903663        4.09719404964450
N           -0.03114900183075       -1.88782702370909        4.28624029525161
C            0.44103066388063       -2.52274205358484        3.21767218129810
C           -0.67302319023952       -2.49196708938981        5.43214008868107
C           -2.19223794876404       -2.57879992080326        5.24778264888036
C           -2.59424069888192       -3.57169666321765        4.16527801841411
H           -0.34393807089624        0.20213135510965        0.50290034524492
H           -0.38909782221006       -0.13218939307667       -1.21893748538020
H            1.13145975472695        0.33404585511164       -0.47133636956066
H           -0.39584554965279       -2.25611144071853        0.11301726827014
H            0.97842584655385       -2.12532856403403       -0.98160655446087
H            1.82935809942520       -2.98606302053643        1.07564920294089
H            2.39813428146905       -1.30947542970496        0.92737320924074
H            1.11046748009817        0.49011325508080        2.39742314203849
H           -0.14275510089942        0.17569134792956        4.82060940026775
H            0.44114629608760       -3.58626759616479        3.08097904435002
H           -0.25947159904129       -3.49270710161486        5.57316414906422
H           -0.43697107961795       -1.88474721077851        6.30796971770881
H           -2.61964523603901       -2.89139837078455        6.20035031931073
H           -2.58856675723288       -1.58897370268162        5.01395892559254
H           -2.20513211896882       -4.56239036059752        4.38833606200340
H           -3.67645178554590       -3.64139925282346        4.11426657996746
H           -2.23459697150608       -3.26308520022411        3.18536995166850
28
 energy: -33.430527828257 gnorm: 0.001772989319 xtb: 6.7.1 (edcfbbe)
C            0.19346412428465       -0.24573700637018       -0.31096728527196
C            0.53206629440393       -1.71313034818674       -0.07932756664282
C            1.52421581829986       -1.93590740371769        1.06991722313703
N            0.94513281086482       -1.63641378553171        2.35988528755028
C            0.77302550474080       -0.39603536732559        2.89378421886770
C            0.16009061221382       -0.55474246625990        4.09925527520397
N           -0.02592473532552       -1.88945627063448        4.28800231234421
C            0.44944428339349       -2.52231259168062        3.21974485650165
C           -0.66969410231776       -2.49619077010677        5.43037825040728
C           -2.18975352319178       -2.57676190765709        5.24415300317462
C           -2.59327203968180       -3.55634032469437        4.15013305669818
H           -0.38130528503429        0.17199278491329        0.51291426771575
H           -0.40484143575387       -0.14843609774710       -1.21195108725735
H            1.09937878155665        0.34109584848605       -0.44705442381906
H           -0.38096095344899       -2.28150423089385        0.11035096924854
H            0.99338850766098       -2.11862925269279       -0.97987409671736
H            1.84659940586980       -2.97887548178901        1.08027128513845
H            2.39917329751597       -1.29697576191610        0.92799747167829
H            1.10816496206816        0.49270367427430        2.39988179542697
H           -0.14414385745342        0.17362020199335        4.82279168058313
H            0.45219949092803       -3.58584343978438        3.08245082809613
H           -0.26082813938644       -3.49944996319444        5.56676113844950
H           -0.43312599255555       -1.89444815779139        6.30977504524105
H           -2.61815249097371       -2.89893083971229        6.19286443599299
H           -2.58304533098624       -1.58340863033753        5.02084404296251
H           -2.21031219190348       -4.55133027539461        4.36416130283104
H           -3.67558336876521       -3.61928481623409        4.09467570347690
H           -2.22849044702282       -3.23953732001461        3.17485100898073
28
 energy: -33.430666362302 gnorm: 0.002460680490 xtb: 6.7.1 (edcfbbe)
C            0.15221951676424       -0.27073898875186       -0.29342310186547
C            0.54248082937194       -1.72788470511516       -0.07488377762199
C            1.54007149973926       -1.92347312638975        1.07632818108729
N            0.95531475883223       -1.63031704285040        2.36403450882607
C            0.77826415854459       -0.39228662141235        2.90167654169588
C            0.16483727537221       -0.55682328130221        4.10640239970961
N           -0.01741923723261       -1.89271561546647        4.29048541219792
C            0.46136979452271       -2.52045077674046        3.22056512130833
C           -0.66457600185737       -2.50568997156879        5.42636314241371
C           -2.18600960141256       -2.57413361489580        5.23817795146053
C           -2.59397490412844       -3.52837358845918        4.12347333529765
H           -0.44878078944232        0.11425637412464        0.52775079339247
H           -0.43721856883852       -0.18378782652748       -1.20155594476122
H            1.03733994942963        0.35131008115522       -0.40968254341909
H           -0.35026808425346       -2.33017171219176        0.10743677230017
H            1.02186525033988       -2.10886996108949       -0.97643846300771
H            1.88654764270777       -2.95904807327052        1.08971800775842
H            2.39973516572430       -1.26471845200501        0.92992943758279
H            1.10835230933589        0.50038074722861        2.41131459707135
H           -0.14010368383894        0.16971086895856        4.83157173414482
H            0.46578770585852       -3.58367005124731        3.07890503824132
H           -0.26370354273225       -3.51338215328004        5.55324618355555
H           -0.42591572449067       -1.91474101146600        6.31259249076736
H           -2.61583623280418       -2.91384268642700        6.18001817359879
H           -2.57358713563801       -1.57417866176817        5.03513003803941
H           -2.22129892907716       -4.53113758551595        4.31922516886717
H           -3.67660369648120       -3.57964681485095        4.06219589832646
H           -2.22197972431538       -3.19584574887537        3.15611290303041
28
 energy: -33.430766729742 gnorm: 0.002517749209 xtb: 6.7.1 (edcfbbe)
C            0.12094024662877       -0.29223724432879       -0.28234844581004
C            0.55093385406082       -1.73914443157554       -0.07034863732945
C            1.55329778780956       -1.91074631243840        1.08081031525102
N            0.96340006238998       -1.62388433586146        2.36753815689234
C            0.78451618964054       -0.38820488855829        2.91012997214360
C            0.16978819713942       -0.55832985085677        4.11363212794062
N           -0.01181408510749       -1.89525987950894        4.29155593924829
C            0.46868840143326       -2.51821560225827        3.21937767274034
C           -0.66172816665542       -2.51407493169750        5.42262078062035
C           -2.18356415270682       -2.57292079934702        5.23355348231206
C           -2.59576002920447       -3.50739096659709        4.10373258699534
H           -0.49370508037413        0.07016442154265        0.53817095745114
H           -0.46634999678982       -0.21529767298373       -1.19267963130364
H            0.98861945164933        0.35438567242717       -0.39015665756031
H           -0.32510000831440       -2.36589293295855        0.10937212663480
H            1.04078040118307       -2.10318320218206       -0.97294597208818
H            1.92105387932121       -2.93916081368350        1.09746088826328
H            2.39930355828369       -1.23502346268528        0.93165203815116
H            1.11171190026460        0.50778541436712        2.42385202377458
H           -0.13508501299454        0.16599650758316        4.84114206569274
H            0.47321027424606       -3.58092573760603        3.07258847167908
H           -0.26586046071784       -3.52472617504493        5.54133812497582
H           -0.42039253465586       -1.93167658597781        6.31388541118817
H           -2.61481009010059       -2.92555087089261        6.17005020449855
H           -2.56675382860873       -1.56817929416838        5.04622766503112
H           -2.22948026993543       -4.51540892900878        4.28429000460351
H           -3.67858100093248       -3.55093080145927        4.04014418912600
H           -2.22034948695214       -3.16223629424162        3.14202413887545
28
 energy: -33.430883180758 gnorm: 0.002764097407 xtb: 6.7.1 (edcfbbe)
C            0.07799216113281       -0.32311772250156       -0.26708356913698
C            0.56377340655148       -1.75485606094048       -0.06393442746821
C            1.57246991495191       -1.89132675280795        1.08630605852667
N            0.97532731198256       -1.61424624722428        2.37231418062147
C            0.79445831572234       -0.38221490541447        2.92272220654528
C            0.17703804821978       -0.56073155116843        4.12392598243505
N           -0.00471068805528       -1.89905988247085        4.29196628446866
C            0.47810531897074       -2.51480489735291        3.21636547741529
C           -0.65867377664286       -2.52614416346334        5.41657683764953
C           -2.18066764231120       -2.57116954075969        5.22689899458733
C           -2.59930386327931       -3.47856263350959        4.07739932244771
H           -0.55261303276449        0.00791450565548        0.55546124107759
H           -0.51057548949244       -0.26258026627729       -1.17791386317503
H            0.91986600932835        0.35930304950332       -0.36835068475571
H           -0.28782469725489       -2.41635029545672        0.11396779894549
H            1.06700542204843       -2.09582756496274       -0.96863966407973
H            1.97135224794937       -2.90855205920056        1.10758106119515
H            2.39792655198957       -1.19096207239221        0.93375421644638
H            1.11902008433726        0.51836913951630        2.44332972800632
H           -0.12773428183777        0.15991172572011        4.85516368072620
H            0.48253552911388       -3.57656976644668        3.06170139967824
H           -0.26949907916439       -3.54077377753340        5.52360887024399
H           -0.41282547762463       -1.95566908515674        6.31450142602702
H           -2.61413239720005       -2.94070885723965        6.15599105665664
H           -2.55745127503902       -1.56009056421664        5.06101148350593
H           -2.24047517883662       -4.49306820197025        4.23634364868548
H           -3.68240258486399       -3.51260820564907        4.01258271389951
H           -2.22107085793138       -3.11577334628031        3.12311853882210
28
 energy: -33.431006662648 gnorm: 0.004069100848 xtb: 6.7.1 (edcfbbe)
C            0.02114624864774       -0.36791223241868       -0.24883846612243
C            0.57874434937599       -1.77513009746715       -0.05199274648154
C            1.59838163777169       -1.86178441829720        1.09390613460260
N            0.99303076647496       -1.59911916683623        2.37992667221972
C            0.81042627927275       -0.37274644106058        2.94254258206357
C            0.18810150092246       -0.56378191960030        4.13974144390090
N            0.00467061026403       -1.90399689947960        4.29224213858920
C            0.49108629821630       -2.50888342240359        3.21171766425167
C           -0.65558158971439       -2.54298834638471        5.40739780487165
C           -2.17742144928582       -2.56958709097807        5.21636190596754
C           -2.60417446136541       -3.44074082162403        4.04148791671645
H           -0.61746547413540       -0.07166970328678        0.57848748051319
H           -0.57657458234947       -0.33196242513620       -1.15532171759893
H            0.82758706896008        0.35387213496585       -0.35312872820666
H           -0.23897532896565       -2.47739278816364        0.12875679356894
H            1.09317203278678       -2.08928185125042       -0.95944722209220
H            2.04089037415311       -2.86201355804364        1.12148990286056
H            2.39377808899339       -1.12744955716174        0.93506977146291
H            1.13262444255763        0.53437643776741        2.47393825376386
H           -0.11710871456703        0.15100942780384        4.87661005079618
H            0.49459371567073       -3.56901588116430        3.04480614198720
H           -0.27513292780982       -3.56267368900922        5.49825740822716
H           -0.40399609408460       -1.98908513771209        6.31445570048495
H           -2.61468331657953       -2.96096902386009        6.13507486085463
H           -2.54545652119322       -1.55080207111103        5.07851770939900
H           -2.25307066957189       -4.46252257808369        4.17068683370912
H           -3.68759791780669       -3.46434978967677        3.97689258668211
H           -2.22408436663857       -3.05366909032811        3.09703112300557
28
 energy: -33.431097201705 gnorm: 0.003495657019 xtb: 6.7.1 (edcfbbe)
C           -0.01753206343002       -0.40177718503558       -0.23420284866610
C            0.58873696240045       -1.78878625982095       -0.04224807732091
C            1.61523096909559       -1.83927359933437        1.09868980205489
N            1.00720027207481       -1.58727108277618        2.38600997415279
C            0.82323716749994       -0.36545490435631        2.95778877351395
C            0.19626087463049       -0.56585614409417        4.15120836322876
N            0.01159538260363       -1.90724220057036        4.29188493773334
C            0.50156035730117       -2.50380193925118        3.20828999199531
C           -0.65419876251106       -2.55463376615709        5.39947651685504
C           -2.17551160976198       -2.56782621943372        5.20645301386200
C           -2.60681103198748       -3.41430927867586        4.01595702796816
H           -0.65834447183633       -0.12964168992841        0.60064448858331
H           -0.62617437003614       -0.38766199335705       -1.13457678469860
H            0.76188336276202        0.34862533475427       -0.34688880423776
H           -0.20336217477568       -2.51765567715288        0.14371436382945
H            1.10778904819530       -2.08490943536600       -0.95300441675838
H            2.08657800131723       -2.82550876045202        1.12947760311360
H            2.38822199413807       -1.08390005985692        0.93385693933184
H            1.14537045862744        0.54597943042259        2.49776611617833
H           -0.11074637766519        0.14388266143566        4.89215943556915
H            0.50513866993539       -3.56252352934750        3.03249812141065
H           -0.28021533998555       -3.57760932165286        5.47889828251747
H           -0.39915039791322       -2.01284264313783        6.31289079335318
H           -2.61679771813992       -2.97272795744771        6.11720421960162
H           -2.53696469699355       -1.54486383453664        5.08659791000900
H           -2.25921145691971       -4.43923289041911        4.12490789766454
H           -3.69040605890784       -3.43267420284160        3.95262026671790
H           -2.22646698971765       -3.01077285161110        3.07859609243399
28
 energy: -33.431191006548 gnorm: 0.003870482347 xtb: 6.7.1 (edcfbbe)
C           -0.05573912719698       -0.43811823579710       -0.21747847878007
C            0.59625962804089       -1.80143935224146       -0.02891086043976
C            1.63112049283272       -1.81535624273886        1.10314271252251
N            1.02339354115070       -1.57423870926196        2.39286571271587
C            0.83642970945657       -0.35734154220908        2.97369897894349
C            0.20443361691727       -0.56781316774183        4.16266882503085
N            0.01878633347031       -1.91018354710035        4.29089024604474
C            0.51366341610471       -2.49765231926456        3.20481508714663
C           -0.65362381660739       -2.56592982995294        5.38987970624703
C           -2.17410379197344       -2.56549599068250        5.19405492733591
C           -2.60849210670778       -3.38882591575859        3.98995918837130
H           -0.68430347623616       -0.17988845760998        0.62818035728985
H           -0.68190524199337       -0.44889489738147       -1.10609700423271
H            0.69596889991823        0.33301495533238       -0.35112365156063
H           -0.16826730378137       -2.55553417753153        0.16597511720636
H            1.11585201137821       -2.08192752464910       -0.94423278110248
H            2.13128770016561       -2.78542279392578        1.13563259683212
H            2.37886189551679       -1.03886328490827        0.92960648437497
H            1.16088236189820        0.55774095253922        2.52296311084730
H           -0.10621727808245        0.13534808356955        4.90816049452601
H            0.51838280014761       -3.55465443479306        3.02012400404975
H           -0.28676533679582       -3.59207383354434        5.45749003921351
H           -0.39609039549491       -2.03693109598924        6.30975754608830
H           -2.62057522932440       -2.98174557057998        6.09657089016891
H           -2.52801960325550       -1.53883550785722        5.09052376577769
H           -2.26265044244354       -4.41559043208997        4.07906263752670
H           -3.69232900322147       -3.40459911781795        3.92870085676473
H           -2.22933025388302       -2.96901801001502        3.05978949108726
28
 energy: -33.431207060927 gnorm: 0.007710284627 xtb: 6.7.1 (edcfbbe)
C           -0.12976529205516       -0.50080172940104       -0.18237431054853
C            0.61487172017141       -1.82632138728079       -0.00861094523460
C            1.66282085491249       -1.77675651903335        1.11172816657668
N            1.05222921399693       -1.55406158069263        2.40384961255461
C            0.85628157442211       -0.34502322249482        2.99782204860915
C            0.21653010994283       -0.57205446103846        4.17962381196083
N            0.03274936858774       -1.91633780625953        4.28922079286219
C            0.53741965196969       -2.48880692252545        3.19974869870103
C           -0.65049012120490       -2.58619406020358        5.37345738206179
C           -2.17042119230334       -2.55959890561877        5.17385131754158
C           -2.61251466882719       -3.33939220346484        3.94171308496081
H           -0.75315606988653       -0.27824635204124        0.68172646557403
H           -0.78024668037198       -0.55356350337324       -1.05416653152696
H            0.57106077463265        0.32234842721245       -0.33973077392261
H           -0.10031652459407       -2.63435493997417        0.19345674777691
H            1.14421470474310       -2.07188497877626       -0.93200248838648
H            2.21541548120819       -2.72021656228443        1.14779723880200
H            2.36683202764855       -0.96024623444612        0.92474052690249
H            1.18303196178663        0.57584724805685        2.56047145414145
H           -0.10219772944822        0.11976087549504        4.93236643240905
H            0.54623622807729       -3.54319488067208        3.00167034482093
H           -0.29815531767366       -3.61922736145054        5.41913769770923
H           -0.38728173975551       -2.08057449517799        6.30537139211404
H           -2.62464000622273       -2.99860591701997        6.06231031208598
H           -2.51009647889734       -1.52396763706341        5.10231163511086
H           -2.27416458978938       -4.37262987292363        3.99494064699011
H           -3.69695561306375       -3.34626155610226        3.88122658086126
H           -2.23238164800564       -2.88990346144693        3.02501265848761
28
 energy: -33.431306817294 gnorm: 0.002277186709 xtb: 6.7.1 (edcfbbe)
C           -0.11278121919860       -0.49170597261880       -0.18573636385234
C            0.60863529500954       -1.82139850241699       -0.00996053936843
C            1.65493209425529       -1.78332259098642        1.10966402334456
N            1.04862680446359       -1.55691951727944        2.40250660674139
C            0.85181367840894       -0.34671899075484        2.99305286477270
C            0.21312353476290       -0.57088737129942        4.17537155919339
N            0.03117421027903       -1.91479198071847        4.28919614181545
C            0.53614780156021       -2.48957488373321        3.20155702240354
C           -0.65098457350643       -2.58187123650376        5.37480602532064
C           -2.17095823215677       -2.55949845671929        5.17473892974573
C           -2.61035459481514       -3.34926241073955        3.94953446841139
H           -0.72897385214736       -0.25514488757958        0.68090112248472
H           -0.76496692931780       -0.54065476228321       -1.05367524294710
H            0.59731053983947        0.31764724444279       -0.34822081219976
H           -0.11567656545063       -2.61087548649827        0.19320790450799
H            1.12893181283757       -2.07815283463866       -0.93236324287702
H            2.19702553958483       -2.72993419444678        1.14376179904097
H            2.36504251990221       -0.97583745633934        0.92289025060610
H            1.17916336890018        0.57221158696151        2.55201358627688
H           -0.10792061419872        0.12135119768004        4.92668314977270
H            0.54642931017226       -3.54429890237395        3.00681932741438
H           -0.29704753339018       -3.61360938426873        5.42366904742438
H           -0.38984496287455       -2.07301878950541        6.30484604897488
H           -2.62478804093118       -2.99163132633992        6.06603978534803
H           -2.51246716843604       -1.52611905740464        5.09465149427086
H           -2.26919674026680       -4.37984456835009        4.01145629521954
H           -3.69467786511233       -3.35995387906125        3.88880667995294
H           -2.23080761817326       -2.90645258622548        3.03045206819705
28
 energy: -33.431346299256 gnorm: 0.001582215771 xtb: 6.7.1 (edcfbbe)
C           -0.13345924110492       -0.51156176751022       -0.17519654933524
C            0.60995461392887       -1.82854650719554       -0.00104386476649
C            1.66366251317292       -1.77017007416087        1.11232563460562
N            1.05812069760526       -1.55021525140354        2.40651539487178
C            0.85749072517102       -0.34253624342634        3.00081810778977
C            0.21627083600121       -0.57207682945899        4.18066828259932
N            0.03630262753249       -1.91684718972212        4.28906918846449
C            0.54547564705176       -2.48682683226522        3.20086858772258
C           -0.64984553661168       -2.58846593589824        5.36909223047353
C           -2.16977033640168       -2.55734690682367        5.16703138560593
C           -2.61109254529144       -3.33501405278253        3.93438771107069
H           -0.73730873186754       -0.27550532971973        0.69789259787720
H           -0.79733126091922       -0.57398940194347       -1.03318231063829
H            0.56348825624572        0.30274786991816       -0.35223317922318
H           -0.09910416636973       -2.63192633807924        0.20744026938303
H            1.12917726834490       -2.07695248304947       -0.92630212670833
H            2.22313542064102       -2.70794171531104        1.14668971856597
H            2.35909034267261       -0.95014689609560        0.91995667727811
H            1.18400906676785        0.57844164407237        2.56273907042196
H           -0.10889592575092        0.11629046557124        4.93386421582547
H            0.55760389310172       -3.54083691188659        3.00194934356764
H           -0.30100609578885       -3.62231164452383        5.41081536260405
H           -0.38763672599143       -2.08765172628512        6.30333922381260
H           -2.62651170514687       -2.99485830867144        6.05435360451895
H           -2.50689720686236       -1.52197349255450        5.09458385174878
H           -2.27166674382490       -4.36675728293532        3.98704058637622
H           -3.69543677235927       -3.34291791572227        3.87388328294197
H           -2.23090891394631       -2.88437294213808        3.01930370254119
28
 energy: -33.431358640067 gnorm: 0.000477984030 xtb: 6.7.1 (edcfbbe)
C           -0.13448247751360       -0.51183690683874       -0.17372272046011
C            0.60966606956915       -1.82951697202808        0.00061791924639
C            1.66397589094451       -1.76982974009584        1.11278539926896
N            1.05916966487653       -1.55018098811899        2.40714531968566
C            0.85723449102624       -0.34255066351665        3.00099690327354
C            0.21610675227263       -0.57229591025735        4.18085411653880
N            0.03741653630762       -1.91716205246890        4.28962673570070
C            0.54760881238367       -2.48698668784094        3.20188719071869
C           -0.64976410136221       -2.58920639190980        5.36838502109600
C           -2.16945949434768       -2.55669846991841        5.16552710649191
C           -2.61029611792456       -3.33429668226117        3.93275285640309
H           -0.73465288633393       -0.26970091991321        0.70128898943055
H           -0.80289265570043       -0.57857245863885       -1.02680389231448
H            0.56158212193827        0.30293422593826       -0.35795895810482
H           -0.09790060275856       -2.63357417991884        0.21199485534361
H            1.12786220490735       -2.07842490614615       -0.92532439631000
H            2.22347000422345       -2.70679936930101        1.14593495030153
H            2.35806073897465       -0.95005284985106        0.91935419273536
H            1.18180831133636        0.57842030781714        2.56184703192421
H           -0.10978895806027        0.11582448459140        4.93374851821094
H            0.56030852343828       -3.54104392887026        3.00312036044208
H           -0.30215248719667       -3.62321108755167        5.40915285800723
H           -0.38812729426925       -2.08999067322704        6.30344170081099
H           -2.62718737180543       -2.99363445765817        6.05264687076884
H           -2.50568905080551       -1.52106962103329        5.09259048512402
H           -2.27293710958852       -4.36669338791728        3.98590263889369
H           -3.69425506147135       -3.33941488318182        3.87073893054223
H           -2.22777445306052       -2.88470482988453        3.01813901622574
28
 energy: -33.431371587776 gnorm: 0.001236426842 xtb: 6.7.1 (edcfbbe)
C           -0.13713226998876       -0.51320977127549       -0.17216675051265
C            0.60825797653865       -1.83016988364117        0.00456047302097
C            1.66539987155217       -1.76869151363576        1.11396882797832
N            1.06150682335964       -1.54988598025662        2.40860700259400
C            0.85669212914332       -0.34235466346200        3.00161817435564
C            0.21524873016325       -0.57270603210722        4.18119425838423
N            0.03956079783371       -1.91789475612405        4.29075767576248
C            0.55166831679847       -2.48727229528637        3.20372121731840
C           -0.64921332966838       -2.59092232383482        5.36750263125832
C           -2.16861537074469       -2.55560356381415        5.16249864210887
C           -2.60922744677222       -3.33251792936667        3.92923197801847
H           -0.72717949919978       -0.26234370471805        0.70809020227442
H           -0.81512099557098       -0.58654657968571       -1.01666727439708
H            0.55825125927430        0.29981783435562       -0.36998523409287
H           -0.09864922161585       -2.63393749783796        0.21939377053146
H            1.12345627414534       -2.08006207124251       -0.92280993725199
H            2.22551162729880       -2.70491318060485        1.14596894863948
H            2.35763060541176       -0.94829991134565        0.91923675194780
H            1.17870168785076        0.57881487126589        2.56117261612287
H           -0.11212693442478        0.11498343557353        4.93372944550632
H            0.56627629259731       -3.54143364117475        3.00548580387717
H           -0.30366401653016       -3.62553628736851        5.40625808016747
H           -0.38812313247319       -2.09440322645551        6.30406965558072
H           -2.62854174252630       -2.99129355529832        6.04911022399998
H           -2.50288555680752       -1.51940793805103        5.08862100747023
H           -2.27625670325247       -4.36622253443274        3.98428299440420
H           -3.69283420216238       -3.33276517747508        3.86384045222121
H           -2.22168197022983       -2.88549212270129        3.01537836270692
28
 energy: -33.431385402835 gnorm: 0.001227863464 xtb: 6.7.1 (edcfbbe)
C           -0.14057242076721       -0.51550355744918       -0.16914318853810
C            0.60547945895082       -1.83167125865275        0.00937468243686
C            1.66643780050143       -1.76607316526739        1.11512603691008
N            1.06508151005993       -1.54890103331751        2.41110301222230
C            0.85564338893137       -0.34167731431869        3.00322282023384
C            0.21380718303980       -0.57347928268129        4.18230615379411
N            0.04292078359452       -1.91926293493632        4.29262913276217
C            0.55827914042849       -2.48759685828005        3.20658823572434
C           -0.64858645519358       -2.59401863507040        5.36632106980892
C           -2.16756051184614       -2.55371889466342        5.15796991187054
C           -2.60722426532700       -3.32935681092487        3.92350783745502
H           -0.71425510885131       -0.25306267902960        0.71878885744569
H           -0.83393398379723       -0.59811323969033       -1.00053655881328
H            0.55258845093823        0.29386728659552       -0.38912552483420
H           -0.10052436606001       -2.63464430529644        0.23018707495481
H            1.11671734391114       -2.08480374038936       -0.91928428188996
H            2.22891309005104       -2.70105164195257        1.14571764619342
H            2.35596620625642       -0.94381304501356        0.91803850916148
H            1.17468458826963        0.58012677925302        2.56181411800566
H           -0.11642704268469        0.11346062968554        4.93432702447299
H            0.57676071168763       -3.54187366448337        3.00921356257328
H           -0.30591714961039       -3.62976146388003        5.40196369373650
H           -0.38792544556460       -2.10150347548897        6.30516642712805
H           -2.63141109266217       -2.98765445471052        6.04339197080233
H           -2.49801034128225       -1.51634872816783        5.08292618897869
H           -2.28212080639830       -4.36542593393325        3.98192110975514
H           -3.69050934610046       -3.32175023141184        3.85219845801683
H           -2.21139132047492       -2.88665834652579        3.01095601962784
28
 energy: -33.431391912651 gnorm: 0.000523840807 xtb: 6.7.1 (edcfbbe)
C           -0.14369632468267       -0.51770125779484       -0.16741054173334
C            0.60320995152118       -1.83279465763512        0.01308459782247
C            1.66733885334780       -1.76401622948761        1.11584227477109
N            1.06795051749385       -1.54791653545596        2.41294446848589
C            0.85511292112975       -0.34105518520574        3.00475775880915
C            0.21321132662707       -0.57429836323982        4.18352159483818
N            0.04532993278537       -1.92047661081770        4.29379084885863
C            0.56272083902721       -2.48771675482570        3.20815139762499
C           -0.64812745946298       -2.59635264724824        5.36563429795175
C           -2.16667785370631       -2.55253121757287        5.15467528014473
C           -2.60595182981941       -3.32660935307220        3.91911263774453
H           -0.70686658403299       -0.24902428554395        0.72464567253069
H           -0.84661253258981       -0.60496587254822       -0.99038947137388
H            0.54734343935304        0.28881969098965       -0.40106138776310
H           -0.10208750405132       -2.63521995177388        0.23815969510486
H            1.11205480719515       -2.08911338286294       -0.91590723177428
H            2.23300827426474       -2.69735357435154        1.14591502563103
H            2.35410494087819       -0.93965216203218        0.91663118782451
H            1.17299428528142        0.58143343508233        2.56384471946714
H           -0.11938431759194        0.11197508080874        4.93517111856586
H            0.58434509818397       -3.54199933320852        3.01122666705851
H           -0.30732563231898       -3.63282927185523        5.39928648495822
H           -0.38752432247245       -2.10639733982658        6.30588277749816
H           -2.63343057426120       -2.98558594232384        6.03893881871105
H           -2.49426542954866       -1.51428420310475        5.07932991115521
H           -2.28663049388027       -4.36431046395552        3.97967707919175
H           -3.68897988898075       -3.31346438364590        3.84343419364297
H           -2.20425443968886       -2.88682922749312        3.00778012424855
28
 energy: -33.431394368934 gnorm: 0.000220242448 xtb: 6.7.1 (edcfbbe)
C           -0.14557955239103       -0.51968022803663       -0.16629890878547
C            0.60168219861195       -1.83416007880167        0.01502051866293
C            1.66755417538817       -1.76192552288346        1.11598017412561
N            1.06969538750892       -1.54675798061915        2.41403049142419
C            0.85561633372155       -0.34040734047694        3.00640994718395
C            0.21338268320039       -0.57486989038571        4.18475559687026
N            0.04663585279216       -1.92125082902888        4.29425854016558
C            0.56496653256062       -2.48745209652983        3.20855213274093
C           -0.64798675134679       -2.59781192908019        5.36507901121209
C           -2.16629017311806       -2.55203475474371        5.15294921128016
C           -2.60519721205049       -3.32471263840311        3.91635448594786
H           -0.70451165968567       -0.24851680229354        0.72722164753098
H           -0.85197183524997       -0.60950276274884       -0.98604956795557
H            0.54438557940176        0.28543824797495       -0.40591490267925
H           -0.10313553350253       -2.63618611629048        0.24307915554209
H            1.10890601389152       -2.09256250367403       -0.91426686320569
H            2.23568848548079       -2.69391947269061        1.14579657587399
H            2.35220450037826       -0.93587811389215        0.91527062243683
H            1.17337415728835        0.58270488169270        2.56662799080141
H           -0.12067333293445        0.11082126305532        4.93632416693599
H            0.58816159516686       -3.54163054995146        3.01131538717684
H           -0.30795950323416       -3.63462694000552        5.39787342636342
H           -0.38745087078857       -2.10893389200150        6.30592353492102
H           -2.63448824303740       -2.98513809044372        6.03640296107591
H           -2.49244378316745       -1.51329667273971        5.07804758258734
H           -2.28897992321333       -4.36329359196689        3.97748914913252
H           -3.68806706600413       -3.30864679178855        3.83861870713818
H           -2.20060805566713       -2.88603880324790        3.00581922549119
