29
 energy: -41.175402334921 gnorm: 0.277117660608 xtb: 6.7.1 (edcfbbe)
N            1.06233000000000       -0.06800000000000        0.03862000000000
C            2.32329000000000       -0.06800000000000        0.03862000000000
C            3.84329000000000       -0.06800000000000        0.03862000000000
N            4.36380000000000       -0.91069000000000       -1.05693000000000
C            4.23570000000000       -2.25610000000000       -1.11747000000000
C            3.64970000000000       -3.14581000000000       -0.06351000000000
N            4.70179000000000       -2.65326000000000       -2.32040000000000
C            5.19238000000000       -1.55804000000000       -3.02647000000000
C            4.97136000000000       -0.43858000000000       -2.21901000000000
C            5.32447000000000        0.84703000000000       -2.62788000000000
C            5.92050000000000        0.95264000000000       -3.89225000000000
C            6.14626000000000       -0.17578000000000       -4.70126000000000
C            5.78453000000000       -1.46271000000000       -4.28423000000000
C            4.66435000000000       -4.03316000000000       -2.83037000000000
C            5.95077000000000       -4.77351000000000       -2.51969000000000
H            4.20800000000000        0.95731000000000       -0.06659000000000
H            4.22379000000000       -0.45694000000000        0.98812000000000
H            3.81544000000000       -2.68699000000000        0.91056000000000
H            2.58673000000000       -3.24448000000000       -0.28631000000000
H            4.15817000000000       -4.10878000000000       -0.10634000000000
H            5.15305000000000        1.72348000000000       -2.01554000000000
H            6.21618000000000        1.93541000000000       -4.26283000000000
H            6.61158000000000       -0.04249000000000       -5.67894000000000
H            5.95495000000000       -2.33151000000000       -4.90779000000000
H            3.80642000000000       -4.55106000000000       -2.38946000000000
H            4.49020000000000       -4.00686000000000       -3.91151000000000
H            6.13356000000000       -4.80677000000000       -1.44132000000000
H            5.90057000000000       -5.80054000000000       -2.89330000000000
H            6.80888000000000       -4.27940000000000       -2.98586000000000
29
 energy: -41.209347214777 gnorm: 0.039214917639 xtb: 6.7.1 (edcfbbe)
N            1.19435499681159       -0.05608978571352        0.04846423726898
C            2.32975402245052       -0.05667668018756        0.05066649449496
C            3.81503930923976       -0.08595688384553        0.02279804038540
N            4.34657096282049       -0.90770585699165       -1.06153822838755
C            4.23168147427007       -2.24810517997293       -1.13764112303192
C            3.65821427486957       -3.12947875583794       -0.08584663718520
N            4.69940769998227       -2.65849284218533       -2.32571350680728
C            5.18544170559460       -1.56282152092167       -3.02629189944790
C            4.95801703431428       -0.43734675201475       -2.21879281637593
C            5.32101821112825        0.83996120748204       -2.63292874698606
C            5.91551797110750        0.94216844096476       -3.88383906581432
C            6.14038250027564       -0.18003837065962       -4.68871924214853
C            5.78208389781847       -1.45636042234593       -4.27800308350806
C            4.66777090732809       -4.03097654530022       -2.82720517769886
C            5.95900555648045       -4.77002769944083       -2.51565935688545
H            4.18172511390494        0.93995441208360       -0.08592521365179
H            4.18993133417661       -0.46177147912709        0.98252797288812
H            3.80271048328761       -2.69099931570355        0.89935156154019
H            2.59081243435879       -3.25075244528612       -0.27301530294747
H            4.14599497372702       -4.10185311213499       -0.10783072726301
H            5.15285954680898        1.71648490225980       -2.02547795226240
H            6.20975309166692        1.91809915290242       -4.25189007990677
H            6.60455976153578       -0.04623820263884       -5.65878826638727
H            5.95757774046399       -2.31941104729944       -4.90204129084210
H            3.81034852436472       -4.54391911936897       -2.38398243042618
H            4.49956157723341       -3.99314927075258       -3.90688291079654
H            6.13848455365962       -4.80974632027463       -1.44184718564333
H            5.90207841455950       -5.79036532850584       -2.89037978072017
H            6.81138192576057       -4.27997517918306       -2.98428828145352
29
 energy: -41.211442664808 gnorm: 0.011435629014 xtb: 6.7.1 (edcfbbe)
N            1.24058145694891       -0.08498259273008        0.02399943115785
C            2.37831324885617       -0.07455028334352        0.03486385353682
C            3.83887256034097       -0.08659978563997        0.02702551811454
N            4.34469882178968       -0.90580924307439       -1.05789755881149
C            4.21879151737618       -2.24149963497106       -1.14777635600027
C            3.64768651727818       -3.11632348968559       -0.10043576511132
N            4.69052443744038       -2.65963311054293       -2.32616762951830
C            5.17100543451697       -1.56548940163703       -3.02523353934556
C            4.94186953394108       -0.43772836390077       -2.21895142844598
C            5.30846558312966        0.83491620503822       -2.63530469682203
C            5.90573932727578        0.93485898546711       -3.87762618749217
C            6.13120643884417       -0.18521544114782       -4.67969714782149
C            5.77129769901283       -1.45540574118446       -4.27263145887025
C            4.67095040579535       -4.02643701502512       -2.82262912394374
C            5.96664028809383       -4.76265197149844       -2.51191389001755
H            4.19362318239888        0.94031386827777       -0.09925572025972
H            4.19436219953251       -0.46192650337026        0.99399678123595
H            3.78707127329528       -2.68503401383043        0.88755093517353
H            2.57655918095141       -3.24714652614100       -0.26280367606843
H            4.12321954012086       -4.09395661928814       -0.11744847669203
H            5.14532086236211        1.71131838523941       -2.02956017489327
H            6.20675967247468        1.90595582692760       -4.23984759471868
H            6.60030611524306       -0.05297372823281       -5.64268943414842
H            5.95462971915570       -2.31580213563493       -4.89477046429343
H            3.81544350596019       -4.54020561791108       -2.37935750334815
H            4.51088436692432       -3.97862061546228       -3.90220320508664
H            6.14647188226900       -4.81024862248747       -1.44018393123172
H            5.90511231177507       -5.77844742042962       -2.89186811970761
H            6.81563291689680       -4.27226539378089       -2.98190343657040
29
 energy: -41.211702789090 gnorm: 0.003872439321 xtb: 6.7.1 (edcfbbe)
N            1.25997914445889       -0.10736534164228        0.01486695250213
C            2.39973221991347       -0.08362142844058        0.03195798136539
C            3.85330036205069       -0.08670041815106        0.02849292403562
N            4.34834178449131       -0.90803937009564       -1.05427050576866
C            4.21318889527390       -2.24093733325821       -1.15007262222433
C            3.63442015753628       -3.10885717441881       -0.10644216100607
N            4.68380787974806       -2.66175260437512       -2.32553354156954
C            5.16363931585753       -1.56905060541192       -3.02397654136594
C            4.93886326472472       -0.44093474122015       -2.21644944309960
C            5.30540158765043        0.83081221110789       -2.63412798292762
C            5.90148385401123        0.93182380035108       -3.87500292437472
C            6.12735790183245       -0.18857768061981       -4.67660837577607
C            5.76504296467414       -1.45674520966594       -4.27037961262024
C            4.67207860490518       -4.02475702029314       -2.82178991030739
C            5.97311166912136       -4.75429929076071       -2.50981304551146
H            4.20947569828109        0.93809191813115       -0.10725771255422
H            4.20970950416613       -0.45791018193925        0.99636011544438
H            3.77282468338851       -2.67989160609964        0.88294641059130
H            2.56123531929270       -3.23432903413739       -0.26151343511978
H            4.09798586922055       -4.09252789038586       -0.12223949213764
H            5.13790484773084        1.70775308361264       -2.03070429273717
H            6.20200901198520        1.90214052968184       -4.23577023540640
H            6.59813457682123       -0.05711390713267       -5.63737488600124
H            5.94862443889330       -2.31624941535162       -4.89299154684837
H            3.82058735607792       -4.54562288112710       -2.38058864530141
H            4.51875218572088       -3.97523763690122       -3.90178344677066
H            6.15171584632101       -4.80516910817694       -1.43858151150737
H            5.91427312185691       -5.76816577419000       -2.89395003989788
H            6.81905793399414       -4.25835588908948       -2.97812247310497
29
 energy: -41.211794626964 gnorm: 0.003170187950 xtb: 6.7.1 (edcfbbe)
N            1.27111309570770       -0.12620142857012        0.01331819633995
C            2.41008533882031       -0.08946922063353        0.03506197139032
C            3.86299094307700       -0.08635695337868        0.03040247533146
N            4.35275462373327       -0.91047172517826       -1.05172255058786
C            4.20982105017376       -2.24200667014016       -1.15018479214586
C            3.62135004648333       -3.10454282356418       -0.10882073646185
N            4.67812594583800       -2.66357403640278       -2.32565867225706
C            5.16014682304403       -1.57201803084533       -3.02354641584908
C            4.93975794889937       -0.44392972007629       -2.21476417949209
C            5.30501229171203        0.82789360734635       -2.63350870303079
C            5.89959846697807        0.92981666744311       -3.87468056114556
C            6.12538693739973       -0.19124056727151       -4.67620101707420
C            5.76135845385201       -1.45868826700316       -4.27010316671703
C            4.67296042026269       -4.02474490176213       -2.82234198876258
C            5.97906266074218       -4.74688440905244       -2.50865413262232
H            4.22022270196866        0.93726869768368       -0.11101669568261
H            4.22480555902743       -0.45264492674879        0.99829468239022
H            3.76144519649559       -2.67726979081269        0.88135454207375
H            2.54669644742592       -3.21870211271261       -0.26382764218797
H            4.07311521369447       -4.09396588514074       -0.12437853998169
H            5.13566060370769        1.70498444600604       -2.03052259232293
H            6.19890067349922        1.90028662695455       -4.23539223994559
H            6.59634624653860       -0.06024951336774       -5.63665621457181
H            5.94226943821164       -2.31780517378263       -4.89412369855829
H            3.82490144442372       -4.55263785539299       -2.38339070893731
H            4.52334524782070       -3.97593290282259       -3.90262226604934
H            6.15541246297625       -4.79888799256562       -1.43726740764585
H            5.92714864796283       -5.75995629752130       -2.89572880957804
H            6.82224506952387       -4.24365884068739       -2.97403813591790
29
 energy: -41.211889639782 gnorm: 0.003980324664 xtb: 6.7.1 (edcfbbe)
N            1.28316089927894       -0.15646531295264        0.01765778088545
C            2.42165397726735       -0.09804518892575        0.04521827594059
C            3.87543286823274       -0.08576962136179        0.03356275208014
N            4.35916160055601       -0.91384893072369       -1.04900734323133
C            4.20525239271187       -2.24412192424256       -1.14965017527956
C            3.60043375752133       -3.09900002140282       -0.11109414714021
N            4.66933374763676       -2.66604883298618       -2.32664719850353
C            5.15672774424033       -1.57617456563902       -3.02360957696941
C            4.94387005548625       -0.44828234439349       -2.21277397875793
C            5.30804841104930        0.82372034728020       -2.63255351894729
C            5.89914498992464        0.92628357679158       -3.87538676712221
C            6.12266703251381       -0.19561998087874       -4.67732182448920
C            5.75622010129918       -1.46241323618631       -4.27122809943139
C            4.67449915020689       -4.02588952226102       -2.82361263967195
C            5.98872122802757       -4.73474586686316       -2.50729806912543
H            4.23079609069038        0.93738139489617       -0.11554141673958
H            4.24788211748170       -0.44429489215669        1.00071204533094
H            3.74603274452881       -2.67525189855780        0.88006161393555
H            2.52344521047465       -3.19042999242886       -0.26934159990309
H            4.03210202855407       -4.09752781446170       -0.12755844673145
H            5.13816839299585        1.70085846361352       -2.02934481311584
H            6.19597144957885        1.89718370020512       -4.23730169543858
H            6.59274199474775       -0.06533417492657       -5.63839861634729
H            5.93206960076658       -2.32120795177372       -4.89755442823804
H            3.83164562777560       -4.56408990649569       -2.38726421496107
H            4.52773129446834       -3.97919262099604       -3.90415566535027
H            6.16076550260064       -4.78803246509457       -1.43529260778681
H            5.95106430391972       -5.74687397396000       -2.89884266480328
H            6.82729568546423       -4.21835644311766       -2.96715296008778
29
 energy: -41.211940416191 gnorm: 0.002337630195 xtb: 6.7.1 (edcfbbe)
N            1.29108114563987       -0.17850647971754        0.02880505004335
C            2.42782506914494       -0.10572726310808        0.05674252715501
C            3.88203790966613       -0.08605109228917        0.03590474077971
N            4.36178290481329       -0.91538062363910       -1.04849769625388
C            4.20122630392672       -2.24516581290949       -1.14997566630224
C            3.58432381245498       -3.09510373566600       -0.11366769485813
N            4.66303829119251       -2.66734962584070       -2.32807006610139
C            5.15519410141968       -1.57863119358777       -3.02423602578700
C            4.94765092318061       -0.45076916091695       -2.21215356606293
C            5.31315763560499        0.82089836969765       -2.63212970921481
C            5.90076404005210        0.92288095453768       -3.87684640982771
C            6.12035503051412       -0.19932363944311       -4.67955303177738
C            5.75230113953250       -1.46567377633512       -4.27319502353815
C            4.67637092301632       -4.02755624598586       -2.82404007736020
C            5.99663258397959       -4.72471151658273       -2.50575900793424
H            4.23232620981531        0.93807582209462       -0.11825874764218
H            4.26395553252747       -0.43990958107297        1.00126734945382
H            3.73611498473522       -2.67608770888017        0.87859527958697
H            2.50572949507672       -3.16694988465485       -0.27483208697119
H            3.99957262325877       -4.10021757082982       -0.13271601762831
H            5.14640769390285        1.69793151380992       -2.02782945688305
H            6.19713658427443        1.89366359921365       -4.23999447907621
H            6.58813268235160       -0.06960791549066       -5.64204760492642
H            5.92402562158562       -2.32438921726450       -4.90099032213967
H            3.83747510661990       -4.57217476676868       -2.38799848840917
H            4.52931066089967       -3.98325403226119       -3.90465009159962
H            6.16497978126029       -4.77891952365878       -1.43315170290259
H            5.97182010497206       -5.73606041324387       -2.90052040070287
H            6.83131110458193       -4.19751947920626       -2.96092157311932
29
 energy: -41.211979368763 gnorm: 0.001691358404 xtb: 6.7.1 (edcfbbe)
N            1.29464342446238       -0.19771833545795        0.04704448963054
C            2.43089968679351       -0.11395213246292        0.07014515703632
C            3.88518430617402       -0.08672011896126        0.03734479126118
N            4.36130668202571       -0.91540632018441       -1.04995872106316
C            4.19681045174806       -2.24501292762793       -1.15159765516324
C            3.57089426950045       -3.09164455568894       -0.11736997333267
N            4.65829662840294       -2.66773084946218       -2.32989463068543
C            5.15446559593079       -1.57996446429599       -3.02540536275586
C            4.95061408599707       -0.45194280661588       -2.21280672908428
C            5.31982334186089        0.81884164957142       -2.63222945552203
C            5.90452596057387        0.91932543076107       -3.87865664985268
C            6.11844845860794       -0.20283626274971       -4.68261341497550
C            5.74886869725175       -1.46874957750057       -4.27577547062701
C            4.67854691041273       -4.02936228697351       -2.82355733591864
C            6.00358010228242       -4.71554029731520       -2.50371511599224
H            4.22776396384653        0.93936549131366       -0.12078758493042
H            4.27675154253270       -0.43777166718397        0.99985398845423
H            3.72991358399715       -2.67884819155497        0.87628001359227
H            2.49120032140011       -3.14615579444029       -0.27930179006604
H            3.97159008959647       -4.10192677420400       -0.14102919932564
H            5.15872857307416        1.69580235892930       -2.02639875191793
H            6.20261081572499        1.88944559647230       -4.24261256971663
H            6.58303532370494       -0.07372988599808       -5.64693875099058
H            5.91705290602042       -2.32759240197008       -4.90432682484244
H            3.84304583790514       -4.57785523371322       -2.38594392408105
H            4.52942570411052       -3.98791077462793       -3.90412571833159
H            6.16886282902961       -4.77079865495114       -1.43058895659900
H            5.99041295681755       -5.72605032189680       -2.90103534123656
H            6.83473695021540       -4.17914989121068       -2.95471851296367
29
 energy: -41.212025102536 gnorm: 0.003041072690 xtb: 6.7.1 (edcfbbe)
N            1.29712319935231       -0.22363200109623        0.08897142388172
C            2.43232582296280       -0.12953261112775        0.09406974119199
C            3.88574372200085       -0.08874511951210        0.03783399692666
N            4.35578533992893       -0.91379531293257       -1.05526555943150
C            4.18808396244475       -2.24324553718822       -1.15689193291254
C            3.55189179966770       -3.08621867059640       -0.12575594379266
N            4.65220518028216       -2.66749020903978       -2.33369341300887
C            5.15351808196526       -1.58102140353148       -3.02819724370293
C            4.95329364215063       -0.45242711514297       -2.21568893474173
C            5.33197412183509        0.81611807413019       -2.63325453655356
C            5.91355125993062        0.91343794353502       -3.88166844578104
C            6.11634878743755       -0.20825697532321       -4.68836818016845
C            5.74380222641140       -1.47324670583742       -4.28063531477393
C            4.68263541801820       -4.03229209575560       -2.82174432955901
C            6.01410644201663       -4.70150678594150       -2.49907144140300
H            4.21263331162080        0.94158129475499       -0.12623154943120
H            4.29468837306421       -0.43617073591981        0.99448226746661
H            3.72574179363757       -2.68606652047048        0.87057745088913
H            2.47043546114815       -3.11477980140350       -0.28289722340876
H            3.93008032958943       -4.10409568489007       -0.16058698448616
H            5.18198420692954        1.69314126047968       -2.02489264479692
H            6.21767204844766        1.88177865865581       -4.24572801197365
H            6.57509034672174       -0.08019912451723       -5.65580768005477
H            5.90668634839631       -2.33251924996331       -4.90969512964131
H            3.85212317050400       -4.58459883453242       -2.37973476239998
H            4.52946978653134       -3.99660361296234       -3.90223425252346
H            6.17471262657589       -4.75867469555594       -1.42516741134413
H            6.01822015495626       -5.71056246207400       -2.89988687808776
H            6.84011303547253       -4.15196596624119       -2.94355707637846
29
 energy: -41.212044662975 gnorm: 0.001678163398 xtb: 6.7.1 (edcfbbe)
N            1.29660084973475       -0.23120553649880        0.10886765759450
C            2.43231233565118       -0.13562870355707        0.10249240543045
C            3.88482727573638       -0.08902737252053        0.03641543600180
N            4.35223759454665       -0.91303500101223       -1.05816284870140
C            4.18412371756957       -2.24234003514423       -1.15986394236242
C            3.54677073981537       -3.08429498640839       -0.12900566475842
N            4.65017240981377       -2.66746281911432       -2.33540786372516
C            5.15233583642003       -1.58139951934453       -3.02964138593480
C            4.95220211180427       -0.45247499790733       -2.21753936910275
C            5.33463496098845        0.81514958273680       -2.63431617408448
C            5.91740644869976        0.91162668085195       -3.88219084562854
C            6.11740337288481       -0.20998107771512       -4.68962188495517
C            5.74272252223382       -1.47437084357954       -4.28204062412954
C            4.68373706159213       -4.03286843982096       -2.82137154849462
C            6.01705045663018       -4.69749935176932       -2.49725022595019
H            4.20601663434806        0.94260590647425       -0.13047322563699
H            4.30076436119841       -0.43388678003963        0.99106910773555
H            3.72768469596319       -2.68893573420495        0.86801497164411
H            2.46444713097633       -3.10551463345354       -0.28015831169411
H            3.91790485437020       -4.10460771544656       -0.16902380969572
H            5.18696079014684        1.69231675149569       -2.02571895658001
H            6.22491460831509        1.87922731136584       -4.24518866823853
H            6.57573779845332       -0.08239830210154       -5.65720038437868
H            5.90417351425929       -2.33384061777413       -4.91111121458730
H            3.85469268961739       -4.58647355161443       -2.37834522125271
H            4.53071651037754       -3.99944372329748       -3.90191776369008
H            6.17633975580905       -4.75514852690668       -1.42316626393588
H            6.02547329244855       -5.70610264808700       -2.89891613028310
H            6.84167566959594       -4.14457531560607       -2.93994725060544
29
 energy: -41.212073249478 gnorm: 0.003393938909 xtb: 6.7.1 (edcfbbe)
N            1.29395732824524       -0.24507347715101        0.17688037478984
C            2.42968193751042       -0.15360578734685        0.12861520013708
C            3.87884232069716       -0.09011597210806        0.02994196944975
N            4.33853150941317       -0.91106074119026       -1.06862509144994
C            4.17115052427988       -2.24008696018632       -1.17014499192353
C            3.53503398964271       -3.07965172521395       -0.13799406060604
N            4.64392890747548       -2.66773197609225       -2.34158474583923
C            5.14769696973432       -1.58256436829252       -3.03499279587005
C            4.94575898550734       -0.45258331089686       -2.22450251601302
C            5.33942085548489        0.81242126574781       -2.63861268538093
C            5.92962956485400        0.90678852451438       -3.88297219344559
C            6.12420137899524       -0.21471016187785       -4.69188910796354
C            5.74162305306057       -1.47703447637651       -4.28579677154828
C            4.68660983420314       -4.03423555599911       -2.82169763421725
C            6.02437750033482       -4.68755285254602       -2.49167995539708
H            4.18192220619497        0.94542922837183       -0.14725191681328
H            4.31790917190566       -0.42468580281574        0.97858617949672
H            3.74257896128644       -2.69937801448925        0.86039928119048
H            2.44952788595862       -3.07935271379378       -0.26474379088353
H            3.88553396222186       -4.10685111756286       -0.19627972575734
H            5.19507922632459        1.69023310739549       -2.03038811645139
H            6.24788070563517        1.87228839654985       -4.24172436383714
H            6.58489480467515       -0.08868296789516       -5.65817600124023
H            5.90009023182007       -2.33715216889645       -4.91460764240525
H            3.86107636515195       -4.59172821347776       -2.37747900297912
H            4.53654269913472       -4.00747884962200       -3.90266146360658
H            6.17929553040297       -4.74566009109427       -1.41699205193025
H            6.04337535092276       -5.69516692959201       -2.89485098182240
H            6.84588823892710       -4.12660628806235       -2.92949539768236
29
 energy: -41.212082843618 gnorm: 0.001513587031 xtb: 6.7.1 (edcfbbe)
N            1.29472746405644       -0.24466969870286        0.17575664632209
C            2.42992540159354       -0.15284742452139        0.12855863349376
C            3.87896890135896       -0.08957348913668        0.02961568549581
N            4.33872397707481       -0.91153170917160       -1.06844257627378
C            4.17140028075767       -2.24068288296209       -1.16968158828812
C            3.53602446174026       -3.08005748066730       -0.13656645860843
N            4.64330091504767       -2.66803500632327       -2.34170753767179
C            5.14723731318133       -1.58281991371134       -3.03509518422780
C            4.94507465258583       -0.45286074580721       -2.22460405437275
C            5.33733398670741        0.81249726397879       -2.63893545296010
C            5.92874443521731        0.90705801250980       -3.88269452052792
C            6.12567741635672       -0.21472039898076       -4.69080002583638
C            5.74271350089112       -1.47702859377921       -4.28521185277869
C            4.68607391104382       -4.03400948687803       -2.82279137167940
C            6.02360213811241       -4.68825306500534       -2.49230878425731
H            4.18207528128221        0.94571439918223       -0.14858010979946
H            4.31836483194650       -0.42285480528833        0.97837058735349
H            3.74511472798450       -2.69934884008932        0.86109487064945
H            2.45050781647444       -3.07907309192642       -0.26237944769588
H            3.88594641535115       -4.10730507689544       -0.19454962764203
H            5.19090810501817        1.69036012630135       -2.03112717738762
H            6.24617105573749        1.87278159087326       -4.24147764518084
H            6.58846096687877       -0.08882629946402       -5.65618667790149
H            5.90200987614461       -2.33712455044093       -4.91396004237764
H            3.86012185718231       -4.59216257355126       -2.38011190385941
H            4.53716623404611       -4.00638703244403       -3.90387310732332
H            6.17819927843399       -4.74584458829713       -1.41756961957406
H            6.04195764938465       -5.69611081597573       -2.89513068198795
H            6.84550714841020       -4.12787382282560       -2.93033097510191
29
 energy: -41.212099434012 gnorm: 0.001766893835 xtb: 6.7.1 (edcfbbe)
N            1.29662043625929       -0.25637371254030        0.19652714176348
C            2.43027275829573       -0.15659938271505        0.13985485145711
C            3.87842530599837       -0.08644625348309        0.02578348471568
N            4.33538178688433       -0.91298487068531       -1.07130451525459
C            4.16845007619882       -2.24276664308910       -1.17055985751540
C            3.53558432430988       -3.07970874605110       -0.13238774865461
N            4.63770483230752       -2.66939396946812       -2.34454121438093
C            5.14385280368794       -1.58441101604134       -3.03754475894427
C            4.94019766414404       -0.45420042020482       -2.22781335718300
C            5.32897860375717        0.81225425394485       -2.64229683575537
C            5.92856429232122        0.90665674925735       -3.88213851133061
C            6.13575731801535       -0.21672409859824       -4.68617138331947
C            5.74869873516296       -1.47854309365821       -4.28347855027349
C            4.68452887294165       -4.03349708472265       -2.82872829777210
C            6.02204790422912       -4.68787141595812       -2.49329265364199
H            4.17382341328920        0.94932495671568       -0.16282202881270
H            4.32963367085763       -0.40911299392501        0.97258326113053
H            3.76392589738766       -2.70336126315783        0.86279121486619
H            2.44847688946646       -3.06312182698495       -0.24587244767353
H            3.87193896461498       -4.11103889477836       -0.19704262524587
H            5.17363762820812        1.69056178539118       -2.03661134559691
H            6.24453096689007        1.87297839720408       -4.24058548689427
H            6.60993492419043       -0.09213263036682       -5.64661358597828
H            5.91207623809402       -2.33880345908889       -4.91141904537092
H            3.85734926222307       -4.59599982924849       -2.39361185344495
H            4.54203373048028       -4.00316768706674       -3.91061247190697
H            6.17296313649773       -4.74287370678678       -1.41796940307896
H            6.04161754629688       -5.69661438225012       -2.89461199771720
H            6.84503201699053       -4.12761876164355       -2.93022997818602
29
 energy: -41.212108030907 gnorm: 0.001084595843 xtb: 6.7.1 (edcfbbe)
N            1.29560761680206       -0.25940308974529        0.20618003036846
C            2.42889514988269       -0.15954193160773        0.14332019408989
C            3.87611140189666       -0.08652732442425        0.02460530480726
N            4.33205943508728       -0.91191717192667       -1.07335101924256
C            4.16719137896139       -2.24184454942346       -1.17221290791360
C            3.53678807615302       -3.07907375883366       -0.13344089089071
N            4.63833640351481       -2.66883855013097       -2.34516846017210
C            5.14382216901994       -1.58375495499844       -3.03823390191020
C            4.93828349388682       -0.45330752180553       -2.22938756209996
C            5.32843032355494        0.81285905672035       -2.64363596101246
C            5.92996711952637        0.90663285117648       -3.88253519468344
C            6.13776169323906       -0.21685206853617       -4.68595809832974
C            5.75039311760402       -1.47860432044967       -4.28328011635840
C            4.68467952921416       -4.03331818345179       -2.82889109791618
C            6.02092488156095       -4.68841303509826       -2.49253323947267
H            4.16781062253584        0.94987148757538       -0.16539367568943
H            4.33060911567045       -0.40789076022815        0.97010221592293
H            3.77028990139759       -2.70619133939793        0.86193764171159
H            2.44978361088408       -3.06010779410685       -0.24102774525161
H            3.87039339796589       -4.11046657882115       -0.20241106883261
H            5.17311668469208        1.69133085336279       -2.03852462062820
H            6.24738470724802        1.87264855833885       -4.24071738637186
H            6.61313254161372       -0.09253493492898       -5.64563899461311
H            5.91543546078179       -2.33910582761713       -4.91025941764318
H            3.85667814897395       -4.59439112395849       -2.39373718754791
H            4.54254803121650       -4.00291752015560       -3.91082538408253
H            6.17170359236553       -4.74290085899428       -1.41720654987058
H            6.03942433855084       -5.69723532580717       -2.89278023923812
H            6.84447805619997       -4.12979428272611       -2.92971466712840
29
 energy: -41.212117618733 gnorm: 0.001681195339 xtb: 6.7.1 (edcfbbe)
N            1.29538873151072       -0.27811835761480        0.22945744232193
C            2.42767594283414       -0.17032285174961        0.15378491886508
C            3.87303523596231       -0.08608803712129        0.02212290284449
N            4.32645174064498       -0.90957890979605       -1.07761810230652
C            4.16416888817771       -2.23974463390676       -1.17566442095079
C            3.53512516952363       -3.07617330045027       -0.13619385128762
N            4.63847808177536       -2.66771273565788       -2.34663728443393
C            5.14409562748821       -1.58277409532777       -3.03958284432725
C            4.93587353252344       -0.45167029719270       -2.23250985553784
C            5.32858565794993        0.81380475619218       -2.64649763851173
C            5.93325904092470        0.90601450568288       -3.88392772240155
C            6.14199985322780       -0.21794459951552       -4.68603083124657
C            5.75385351803756       -1.47944949172769       -4.28302997898200
C            4.68508382730375       -4.03309187123851       -2.82934654437371
C            6.02014122205515       -4.68755123762458       -2.49039091733253
H            4.15406610675393        0.95239094290340       -0.17291005749355
H            4.33798722331275       -0.40240882883655        0.96451263135683
H            3.78622561359565       -2.71362230554447        0.85960287649559
H            2.44633117816916       -3.04140970564377       -0.22828936050192
H            3.85366614671505       -4.11238881995891       -0.21734306810613
H            5.17369000695794        1.69278912763126       -2.04246591661172
H            6.25312686878776        1.87132028721577       -4.24193940809333
H            6.61915502898782       -0.09444349860077       -5.64464237081256
H            5.92134597527977       -2.34052241146702       -4.90830619828271
H            3.85574875179118       -4.59259807006316       -2.39472703980948
H            4.54410577307576       -4.00272263980932       -3.91146160366044
H            6.16920144402512       -4.74127189609675       -1.41470906858664
H            6.03951534311160       -5.69679965074812       -2.88953326310644
H            6.84465846949758       -4.12950137393315       -2.92644342512635
29
 energy: -41.212125538840 gnorm: 0.001152493450 xtb: 6.7.1 (edcfbbe)
N            1.29550113120601       -0.29226164408308        0.23910827326513
C            2.42660632827053       -0.17684001480507        0.15878330079169
C            3.87071850797296       -0.08493578905748        0.02029419933873
N            4.32376759282426       -0.90787204719222       -1.07994721553219
C            4.16377492617636       -2.23843169878362       -1.17696580104856
C            3.53684670812926       -3.07459074462559       -0.13607630539215
N            4.64013927619488       -2.66669008571994       -2.34694372915022
C            5.14546346567594       -1.58163122269240       -3.03999144686120
C            4.93442691972366       -0.45009421645604       -2.23433155256700
C            5.32633649218239        0.81546809440504       -2.64870645618525
C            5.93370603317728        0.90701476583089       -3.88494938395154
C            6.14609514252126       -0.21755771818316       -4.68527126884490
C            5.75843465186954       -1.47918100686545       -4.28190766401787
C            4.68462538595342       -4.03210930323311       -2.83057534390759
C            6.01695070557610       -4.69030367120614       -2.48935397736882
H            4.14522904077688        0.95461352542712       -0.17730273046093
H            4.34129177013195       -0.39743698380439        0.96100249550966
H            3.79986058094856       -2.71910900826805        0.85892749360268
H            2.44825018898319       -3.03072311119179       -0.21758149299655
H            3.84634838486369       -4.11205938374857       -0.22451656136556
H            5.16920192618159        1.69495534098591       -2.04593785313200
H            6.25305012238831        1.87231429372232       -4.24338908756916
H            6.62599450599456       -0.09457214007780       -5.64264174630918
H            5.92905648274700       -2.34074038440009       -4.90565879869695
H            3.85266189571143       -4.58948535086098       -2.39807645028976
H            4.54561274941073       -4.00032044364734       -3.91294663261523
H            6.16484954900088       -4.74289516286936       -1.41340636369045
H            6.03338890690794       -5.70030490624030       -2.88685886262696
H            6.84385062849991       -4.13580998235925       -2.92549903792725
29
 energy: -41.212132297956 gnorm: 0.000928555424 xtb: 6.7.1 (edcfbbe)
N            1.29648577744960       -0.31349560052121        0.24936667157632
C            2.42581000016316       -0.18680664391823        0.16455107178822
C            3.86825910833525       -0.08354063626756        0.01809709475256
N            4.32225210893882       -0.90607789325031       -1.08223443532173
C            4.16390586943199       -2.23702259544657       -1.17822507933207
C            3.53835275728572       -3.07211018261304       -0.13545574842634
N            4.64200291652571       -2.66550347295100       -2.34745615054450
C            5.14773232868219       -1.58044434605084       -3.04037118020240
C            4.93392557548771       -0.44842675042404       -2.23602928805895
C            5.32385678687150        0.81742220793521       -2.65133190881751
C            5.93384467586345        0.90865295309236       -3.88634060264704
C            6.15090475541007       -0.21663094496189       -4.68448290271909
C            5.76395947294366       -1.47833851809014       -4.28072954615886
C            4.68430189093678       -4.03050376846022       -2.83240477196397
C            6.01309982832927       -4.69419215224942       -2.48738778961033
H            4.13337876205175        0.95773821375719       -0.18367742143546
H            4.34641096300263       -0.38952694018009        0.95726841047433
H            3.82046860927198       -2.72715015701665        0.85842866919291
H            2.44929122814057       -3.01119408093658       -0.20214962461024
H            3.83165818941435       -4.11347943712016       -0.23523167088589
H            5.16334157465101        1.69745733591172       -2.05011880557984
H            6.25183346991978        1.87419872414217       -4.24533673301265
H            6.63375141083952       -0.09409506204068       -5.64050222870257
H            5.93772044029947       -2.34041524915301       -4.90296217087860
H            3.84902358859910       -4.58586427924445       -2.40359845376446
H            4.54903942781856       -3.99723396217455       -3.91519841642368
H            6.15846318858344       -4.74579786445322       -1.41107423523176
H            6.02550322591964       -5.70485409252618       -2.88331884375609
H            6.84346206883377       -4.14435480478856       -2.92281390969968
29
 energy: -41.212135570681 gnorm: 0.000388513454 xtb: 6.7.1 (edcfbbe)
N            1.29615186841760       -0.32307353365963        0.24787918901640
C            2.42499234442353       -0.19084436423535        0.16367609009824
C            3.86713149892029       -0.08271248068517        0.01713899464357
N            4.32395419255887       -0.90531696626397       -1.08225548948754
C            4.16590854059370       -2.23642553050871       -1.17789896464634
C            3.54053481190691       -3.07124846685287       -0.13449336722505
N            4.64421834879923       -2.66481079163194       -2.34719216090382
C            5.15007553149077       -1.57964027434631       -3.03999773290696
C            4.93555288179644       -0.44753196441511       -2.23582280853266
C            5.32362521548845        0.81868288281516       -2.65172346337721
C            5.93319204341311        0.91042167477806       -3.88689800062044
C            6.15170572133139       -0.21494295623242       -4.68461488350003
C            5.76606169923831       -1.47690126852919       -4.28044273100918
C            4.68412995347710       -4.02940706779106       -2.83302183605375
C            6.01036748388981       -4.69811317648075       -2.48602577368085
H            4.12920891890219        0.95917181971574       -0.18522215878713
H            4.34613474579851       -0.38619674526074        0.95662023213619
H            3.82944073477026       -2.73070621314877        0.85813928548876
H            2.45214940229181       -3.00374961458960       -0.19582959839413
H            3.82716938693750       -4.11350537981253       -0.23779066839882
H            5.16186323699708        1.69872081952225       -2.05070458056112
H            6.24932406048639        1.87639435858571       -4.24636300153264
H            6.63424768939640       -0.09215545255789       -5.64081001826788
H            5.94040062578348       -2.33907248984334       -4.90245939847641
H            3.84644404855935       -4.58320098914427       -2.40674159651644
H            4.55145873131151       -3.99513071038524       -3.91607452685076
H            6.15380598586682       -4.74990407320094       -1.40945210340032
H            6.01927351734868       -5.70908068293293       -2.88192991855146
H            6.84351677980498       -4.15131036290816       -2.92040900970161
