26
 energy: -35.640437159458 gnorm: 0.048374959516 xtb: 6.7.1 (edcfbbe)
C            0.95817000000000        0.30008000000000        0.04448000000000
N            0.48098000000000        0.76162000000000        1.34132000000000
C            0.23689000000000        2.07715000000000        1.69838000000000
C           -0.18851000000000        2.06084000000000        2.99676000000000
N           -0.18966000000000        0.73533000000000        3.40086000000000
C            0.20564000000000       -0.04003000000000        2.38098000000000
C           -0.58182000000000        0.23018000000000        4.71683000000000
C           -2.01740000000000       -0.21597000000000        4.65054000000000
C           -3.05608000000000        0.69064000000000        4.91398000000000
C           -4.38877000000000        0.28398000000000        4.83376000000000
C           -4.69838000000000       -1.02773000000000        4.48231000000000
C           -3.67744000000000       -1.93654000000000        4.21380000000000
C           -2.34312000000000       -1.53510000000000        4.29730000000000
H            0.56080000000000        0.94240000000000       -0.74590000000000
H            0.62280000000000       -0.72670000000000       -0.12487000000000
H            2.05065000000000        0.33618000000000        0.03916000000000
H            0.39718000000000        2.85832000000000        0.97512000000000
H           -0.49565000000000        2.82516000000000        3.68965000000000
H            0.29366000000000       -1.12021000000000        2.39381000000000
H            0.07912000000000       -0.60008000000000        4.99033000000000
H           -0.44515000000000        1.01644000000000        5.46788000000000
H           -2.84171000000000        1.71979000000000        5.19453000000000
H           -5.18974000000000        0.98790000000000        5.05052000000000
H           -5.73789000000000       -1.34399000000000        4.42469000000000
H           -3.92616000000000       -2.96178000000000        3.94734000000000
H           -1.56738000000000       -2.27029000000000        4.09650000000000
26
 energy: -35.644184394427 gnorm: 0.019167098792 xtb: 6.7.1 (edcfbbe)
C            0.95454767484405        0.30569063597060        0.05032821138230
N            0.47383482126008        0.75590722632313        1.33910290613758
C            0.23404569426081        2.05505029912493        1.70190274457446
C           -0.18037606324257        2.03827793218871        2.99772459672153
N           -0.18148204701109        0.73024282501682        3.40509860876122
C            0.21278183203256       -0.02906785065181        2.38447246871160
C           -0.59422259385263        0.22875292497093        4.70963742047151
C           -2.03373457681670       -0.21963351414851        4.65232439298401
C           -3.06077046539167        0.68276350375913        4.91109091452768
C           -4.38415458175949        0.27981575962257        4.83130337232270
C           -4.69289003360712       -1.02564014399109        4.48360993507441
C           -3.67585850809603       -1.92886506224175        4.21814542401759
C           -2.35192099368901       -1.52797563858515        4.30036328230421
H            0.55942062896037        0.94548809012385       -0.73694576088787
H            0.62858553366854       -0.71836428196929       -0.12347285836932
H            2.04482565299825        0.34331750107270        0.02773028505398
H            0.38796164388361        2.84839997642851        0.99726253754928
H           -0.47942568652686        2.81428443969774        3.67383962955208
H            0.30225174177706       -1.09910014334410        2.39855713421220
H            0.06308919932735       -0.60269460323350        4.97880289123247
H           -0.46111211696998        1.02536685468267        5.44601407088452
H           -2.83624570498919        1.70324669916715        5.19258413788612
H           -5.17605610968798        0.98320231056805        5.04618005220773
H           -5.72526133914283       -1.34029518810555        4.42493244343739
H           -3.91605686019938       -2.94879623990313        3.95278343984329
H           -1.57074674203016       -2.25178431254358        4.10668771940732
26
 energy: -35.644831095704 gnorm: 0.007255886699 xtb: 6.7.1 (edcfbbe)
C            0.95166602985547        0.30928415172508        0.05328908446093
N            0.46998774133851        0.74948868998558        1.33667027443248
C            0.23111351338810        2.03917446362869        1.70269301866533
C           -0.17740242846663        2.02147725265251        2.99981430168593
N           -0.17384222705796        0.72356781091941        3.40900680018826
C            0.21721856789735       -0.02741151075645        2.38570191595292
C           -0.59771502534981        0.22730940315808        4.70733797680499
C           -2.04111196991962       -0.21887526502207        4.64743661908501
C           -3.06268021488100        0.68314213227394        4.90766403328478
C           -4.38340702936211        0.27997300762562        4.83044838942496
C           -4.69162712660251       -1.02430785772688        4.48407348397531
C           -3.67547895275638       -1.92693473231136        4.22141216940445
C           -2.35451844384717       -1.52536157990125        4.30032681525207
H            0.55462345002933        0.95107292727779       -0.72996896876942
H            0.63522204434709       -0.71545905892906       -0.12741079045385
H            2.04156306589459        0.35306472030054        0.02147392037687
H            0.37632587787471        2.84852578936258        1.01608867822416
H           -0.46740595960317        2.81316626439523        3.66003680897350
H            0.31092998065262       -1.09431455815674        2.40133554674058
H            0.05064619071799       -0.60802371635503        4.98071641852645
H           -0.47205633205882        1.03100327643082        5.43495724420469
H           -2.83022125144270        1.69967750630477        5.18840642370676
H           -5.17119777473214        0.98417925999849        5.04347950858156
H           -5.72096644703241       -1.33866261345356        4.42551387597197
H           -3.91080675032399       -2.94570127564601        3.95862156641211
H           -1.56782852855931       -2.24146448778071        4.11093488488718
26
 energy: -35.644942530613 gnorm: 0.004017161277 xtb: 6.7.1 (edcfbbe)
C            0.95036038926464        0.31084668806053        0.05270521686480
N            0.46960296309830        0.74591225440624        1.33597680888742
C            0.22880408041887        2.03375667791090        1.70273648119309
C           -0.17624252610125        2.01536825522994        3.00222309097968
N           -0.16924414497614        0.71900889231257        3.41152351039176
C            0.22123204957628       -0.03074878093757        2.38659877998135
C           -0.59697764333691        0.22611913135004        4.70832858822071
C           -2.04222674751103       -0.21805542681009        4.64530494377314
C           -3.06294360972339        0.68554931010256        4.90494310273315
C           -4.38404605831430        0.28193632117899        4.82790617326410
C           -4.69208257831983       -1.02333345412999        4.48386602524251
C           -3.67624672562666       -1.92704595019807        4.22202235828824
C           -2.35481427206442       -1.52553115616218        4.29985868578583
H            0.54924184926415        0.95341640520639       -0.72845233364351
H            0.64034865507713       -0.71548712491977       -0.13213871161952
H            2.04036760667609        0.36068170297584        0.01760401046134
H            0.36572066126437        2.85212769766161        1.02502083065173
H           -0.46200741821983        2.81592448502293        3.65375323301803
H            0.31871449462777       -1.09803738647476        2.40291957487628
H            0.04619663656684       -0.61090625636858        4.98739134329322
H           -0.47507800270096        1.03211477685372        5.43344908578841
H           -2.82773197916706        1.70179699992043        5.18419717268762
H           -5.17147542599709        0.98653699599163        5.04149948765306
H           -5.72142367752355       -1.33797477608526        4.42676245075741
H           -3.91093244078104       -2.94685120975041        3.96240184579701
H           -1.56608613547099       -2.23953507234762        4.11165824467311
26
 energy: -35.644986529448 gnorm: 0.001382066729 xtb: 6.7.1 (edcfbbe)
C            0.94940995195937        0.31246158412903        0.05107155058308
N            0.47008894200592        0.74297952725301        1.33610416445424
C            0.22609358017345        2.03017708402008        1.70319073743357
C           -0.17664347482210        2.01069049290555        3.00475783197046
N           -0.16473146073644        0.71430980397872        3.41412422729539
C            0.22598009324652       -0.03522649346968        2.38775823881925
C           -0.59520453044389        0.22435409932758        4.71033520023547
C           -2.04187210981884       -0.21763915544167        4.64385567729633
C           -3.06230996155692        0.68796650227711        4.90158194492632
C           -4.38415522682003        0.28440192557820        4.82490056079091
C           -4.69250836952283       -1.02188912874742        4.48385660085058
C           -3.67735030747113       -1.92716141323394        4.22296669782370
C           -2.35506086423119       -1.52621930941945        4.29985444727449
H            0.54174869682549        0.95431969716119       -0.72806227155091
H            0.64634000329101       -0.71585592545982       -0.13637596890676
H            2.03935347661838        0.37005086795974        0.01293038041110
H            0.35383346211741        2.85584838172755        1.03268577149636
H           -0.45982443765788        2.81812337607979        3.64876543256998
H            0.32799311146751       -1.10292767745777        2.40445568775110
H            0.04411900767044       -0.61345859319340        4.99562020654233
H           -0.47569206717493        1.03161877335539        5.43434388629216
H           -2.82569145621092        1.70485514888705        5.17831904918152
H           -5.17184759780289        0.99001577622228        5.03697691581156
H           -5.72252223213512       -1.33637791415719        4.42793032368337
H           -3.91282742717132       -2.94788317071763        3.96564496754426
H           -1.56568880179911       -2.23994425956427        4.11246773942013
26
 energy: -35.644993717936 gnorm: 0.000826375567 xtb: 6.7.1 (edcfbbe)
C            0.94914040629971        0.31350560004220        0.05014371761913
N            0.47065905955478        0.74246402872223        1.33687422207817
C            0.22380606495844        2.02938414173065        1.70386935637706
C           -0.17836711447785        2.00895906083522        3.00587752839760
N           -0.16304034148372        0.71222460586078        3.41525319214919
C            0.22877046766375       -0.03695579074155        2.38856964665306
C           -0.59398266561738        0.22269078650277        4.71156644497970
C           -2.04084879554547       -0.21823108155449        4.64414641568720
C           -3.06099498887537        0.68867744692037        4.89931462285560
C           -4.38324968301277        0.28625220186227        4.82213062343969
C           -4.69249800739242       -1.02036275915458        4.48323089412923
C           -3.67800624821703       -1.92681169849625        4.22371947955281
C           -2.35533833856560       -1.52691367424724        4.30094168026748
H            0.53578772408281        0.95297794175365       -0.72804217830312
H            0.65053855831708       -0.71628697650818       -0.13606606745444
H            2.03862350067483        0.37695011489886        0.00987443502321
H            0.34739658763117        2.85632028049302        1.03471836481958
H           -0.46208992699255        2.81702773089412        3.64833783096267
H            0.33378776298057       -1.10436078779077        2.40523458976861
H            0.04497094970881       -0.61493139597685        4.99853810743358
H           -0.47409077858039        1.02990293639104        5.43580847890441
H           -2.82443764027007        1.70620995681338        5.17430052212372
H           -5.17089607344759        0.99274804833372        5.03241060728667
H           -5.72298185420839       -1.33426717526123        4.42799304350830
H           -3.91475438200352       -2.94762057413967        3.96720312410952
H           -1.56687424318187       -2.24196296818342        4.11411131763132
26
 energy: -35.645000810620 gnorm: 0.000932336127 xtb: 6.7.1 (edcfbbe)
C            0.94851175433232        0.31451205715964        0.04975540966497
N            0.47105802621835        0.74262076001922        1.33787457129771
C            0.22147480306226        2.02902739545191        1.70483961777429
C           -0.18040785562569        2.00762695375393        3.00684326236153
N           -0.16188190621475        0.71082530121527        3.41620994011469
C            0.23130076218323       -0.03753723725297        2.38948499893168
C           -0.59289778746841        0.22074089285488        4.71251660283188
C           -2.03975597137037       -0.21901751310951        4.64444679383405
C           -3.05938788852868        0.68916477037975        4.89671993937363
C           -4.38195559441735        0.28814489708042        4.81911923611896
C           -4.69235765952160       -1.01869148280824        4.48232145952030
C           -3.67849192120923       -1.92633026665033        4.22469071633374
C           -2.35558347671320       -1.52761340502327        4.30245653312709
H            0.52815605683172        0.95006579928101       -0.72777908438308
H            0.65550036661403       -0.71731065360258       -0.13331856635072
H            2.03724493878711        0.38510808706059        0.00633208905976
H            0.34259245708964        2.85576940926707        1.03537157446492
H           -0.46560807264327        2.81463861010428        3.64973681476578
H            0.33924111193993       -1.10444369703194        2.40606276326086
H            0.04616380116414       -0.61703432430685        4.99911377407382
H           -0.47190896121519        1.02746663855155        5.43734857770108
H           -2.82293024443690        1.70715798927622        5.17023747733411
H           -5.16922210549871        0.99575325265993        5.02693990153626
H           -5.72312916201622       -1.33165240787281        4.42692816730124
H           -3.91641936637371       -2.94703410287926        3.96891968084662
H           -1.56827610496953       -2.24436772357785        4.11688774910482
26
 energy: -35.645012600050 gnorm: 0.001161852189 xtb: 6.7.1 (edcfbbe)
C            0.94675237718688        0.31623957204142        0.04967560611011
N            0.47138346190648        0.74290599702140        1.33943385518473
C            0.21767963783526        2.02837065190027        1.70656316110532
C           -0.18315283900971        2.00547053438111        3.00874391255907
N           -0.15978116844422        0.70878107314982        3.41802856544935
C            0.23528141555246       -0.03805963276311        2.39110228907901
C           -0.59105081042788        0.21729543525493        4.71391145327179
C           -2.03822306205618       -0.22020227798639        4.64475549473461
C           -3.05686039923835        0.69029296815844        4.89226924951387
C           -4.37995697880420        0.29151181230384        4.81333538505709
C           -4.69214508488852       -1.01576937488573        4.47985003078120
C           -3.67922690805416       -1.92564615189570        4.22635254160263
C           -2.35585594537243       -1.52892797166737        4.30540094655425
H            0.51302884086232        0.94355935248254       -0.72729139516432
H            0.66562455701092       -0.71994506688496       -0.12728205962098
H            2.03411692055097        0.40096771306999       -0.00064041252737
H            0.33553149928980        2.85503808735519        1.03646901787800
H           -0.47064703931402        2.81085697569029        3.65273414101429
H            0.34769760616590       -1.10438970617273        2.40758104554609
H            0.04724654919846       -0.62169614623853        4.99881498166709
H           -0.46842714641218        1.02282598685873        5.43991045163988
H           -2.81986921518343        1.70884315019949        5.16326903094315
H           -5.16637429444653        1.00094736593620        5.01767925753176
H           -5.72325844462827       -1.32727949055286        4.42417475155155
H           -3.91858081532733       -2.94649313625012        3.97272173619648
H           -1.56990271395213       -2.24790772050606        4.12249696234130
26
 energy: -35.645033173876 gnorm: 0.001359460819 xtb: 6.7.1 (edcfbbe)
C            0.94306932728040        0.31970616394760        0.05003007268414
N            0.47131222193978        0.74340771479144        1.34206304992380
C            0.21059373607023        2.02729143503494        1.70983892329457
C           -0.18791457240173        2.00172901058992        3.01250860527491
N           -0.15605267593763        0.70516848600881        3.42153978171696
C            0.24174153655568       -0.03896966220379        2.39391190057480
C           -0.58727085737132        0.21056700778307        4.71634767365096
C           -2.03553667505296       -0.22247049636125        4.64508883199527
C           -3.05209556031622        0.69265726400367        4.88387578740331
C           -4.37618008643881        0.29781607090689        4.80258208702877
C           -4.69159038434923       -1.01030701951433        4.47527852072286
C           -3.68065998054873       -1.92466555452664        4.22998754592775
C           -2.35630797703275       -1.53176589494461        4.31130565650658
H            0.48289072421654        0.92913546767974       -0.72679073664804
H            0.68763000578385       -0.72549536897590       -0.11499442022540
H            2.02747649039590        0.43362496054644       -0.01422999692524
H            0.32295010062103        2.85410124509394        1.03887065801010
H           -0.47940641914890        2.80437387819146        3.65830486621777
H            0.36149201346726       -1.10449378052956        2.41014350739393
H            0.04880359120978       -0.63135839488223        4.99741910689258
H           -0.46181730396353        1.01329402266653        5.44497730146082
H           -2.81310655636884        1.71192913312123        5.15035888421788
H           -5.16091687412644        1.01120031186656        4.99939447553326
H           -5.72344991145855       -1.31853205041481        4.41693034469487
H           -3.92237840056612       -2.94594815319621        3.98061778745954
H           -1.57224551245882       -2.25440579668276        4.13469978521313
26
 energy: -35.645055676433 gnorm: 0.002289420395 xtb: 6.7.1 (edcfbbe)
C            0.93796276649793        0.32526488797865        0.05086003529237
N            0.47009435106407        0.74414299528591        1.34534541155489
C            0.19976041784697        2.02578181668678        1.71451375922117
C           -0.19500581288806        1.99630569328985        3.01805872866519
N           -0.15155166510690        0.69982131816603        3.42636215398465
C            0.24956223217619       -0.04037981004554        2.39733140872511
C           -0.58144522592498        0.20028984059167        4.71960249074262
C           -2.03159887675377       -0.22652388802035        4.64673528666230
C           -3.04469473482898        0.69595723483865        4.87216951380095
C           -4.37032678027323        0.30759457429173        4.78529741810234
C           -4.69063147510830       -1.00152955593057        4.46659651851601
C           -3.68299419141641       -1.92341786219650        4.23572717185021
C           -2.35703063395698       -1.53684292940795        4.32181300499871
H            0.43945500451429        0.90585228523540       -0.72622180221305
H            0.72354580042028       -0.73271660498343       -0.09723066076985
H            2.01653815297898        0.48391385854977       -0.03344635708276
H            0.30420056296767        2.85325174363630        1.04280237721183
H           -0.49184253894245        2.79542819853614        3.66602631943430
H            0.37891376239608       -1.10487313691582        2.41305771324474
H            0.05134070925907       -0.64599222387946        4.99451309867844
H           -0.45178750809744        0.99856379950233        5.45234418437468
H           -2.80176536068782        1.71614393074650        5.13151675824609
H           -5.15231562311471        1.02661797706705        4.97228789057977
H           -5.72366930319199       -1.30506532572183        4.40556830987467
H           -3.92825930262776       -2.94564308031454        3.99379204493171
H           -1.57542472720200       -2.26435573698655        4.15463722137281
26
 energy: -35.645070444110 gnorm: 0.002000511701 xtb: 6.7.1 (edcfbbe)
C            0.93584930797412        0.32866146095597        0.05144654951300
N            0.46870084819110        0.74467480495358        1.34656385987572
C            0.19368227369653        2.02508345831526        1.71681289602446
C           -0.19928580693808        1.99341007956751        3.02078057943680
N           -0.15005912428963        0.69695534988284        3.42843575087021
C            0.25243245928106       -0.04107299862777        2.39841140526980
C           -0.57824406243329        0.19457114306012        4.72094060995013
C           -2.02949422831794       -0.22903042996263        4.64757959350842
C           -3.04040191218671        0.69759151901745        4.86590783173066
C           -4.36686486672898        0.31265432663726        4.77674305105201
C           -4.68996661934591       -0.99703158964994        4.46305253093849
C           -3.68442540692985       -1.92308536397520        4.23991755025364
C           -2.35753469223807       -1.54000673504596        4.32802959783856
H            0.42009419240322        0.89351407693553       -0.72565637364814
H            0.74332229819949       -0.73429164190393       -0.08937371736216
H            2.00985027515051        0.50957939916936       -0.04192492268311
H            0.29403170123113        2.85316280988144        1.04501520723093
H           -0.49887492750033        2.79085235802682        3.66967236601893
H            0.38624771335643       -1.10510635679726        2.41373140998904
H            0.05297918652465       -0.65396029281087        4.99215346034263
H           -0.44639186882784        0.99039925441844        5.45587761708888
H           -2.79474023374494        1.71801550027101        5.12161984357175
H           -5.14721672031096        1.03529445275778        4.95686956351876
H           -5.72373903778203       -1.29724368737627        4.39816726220217
H           -3.93175959898220       -2.94573118241022        4.00198260343974
H           -1.57716114945179       -2.27026971529008        4.16730387402852
26
 energy: -35.645089813490 gnorm: 0.001541791188 xtb: 6.7.1 (edcfbbe)
C            0.93386333425004        0.33450281898266        0.05207313423754
N            0.46593776864013        0.74548665558661        1.34773143556941
C            0.18380328324264        2.02395672570099        1.71986097909854
C           -0.20620950649389        1.98876471920944        3.02460616184671
N           -0.14876686022759        0.69222376467895        3.43085919452373
C            0.25604536787255       -0.04240037376600        2.39922657751498
C           -0.57337782402180        0.18539557639984        4.72246005341563
C           -2.02634891562537       -0.23367430221844        4.64987536819519
C           -3.03353147547358        0.69974501925861        4.85668370182544
C           -4.36137318527023        0.32077319265834        4.76272711851865
C           -4.68911787474233       -0.98955827195342        4.45661317197568
C           -3.68722653169798       -1.92279523243214        4.24740288947550
C           -2.35875999969009       -1.54575611663974        4.33952162805131
H            0.39306973091449        0.87475852086618       -0.72473431176777
H            0.77593352073355       -0.73485750022996       -0.07883474094564
H            1.99971670950609        0.54998841208627       -0.05347648993184
H            0.27796740888184        2.85341226094307        1.04868102192779
H           -0.50935610405691        2.78410521710083        3.67445344502316
H            0.39548408866698       -1.10582589323676        2.41357892953486
H            0.05593228267849       -0.66616773952309        4.98787028586493
H           -0.43800926320962        0.97748919311476        5.46066064738816
H           -2.78308142160541        1.72049443212472        5.10624639667079
H           -5.13889223374357        1.04873523716542        4.93336537930924
H           -5.72404905751968       -1.28482405414485        4.38738250305136
H           -3.93816076827629       -2.94624054297001        4.01665630755249
H           -1.58046247373285       -2.28014171876199        4.18856921207400
26
 energy: -35.645102413928 gnorm: 0.001945296179 xtb: 6.7.1 (edcfbbe)
C            0.93342030039066        0.34248965081867        0.05188837288456
N            0.46279224338707        0.74645319958717        1.34847686369700
C            0.17249413182798        2.02251637336730        1.72315184715210
C           -0.21463549402739        1.98278393632351        3.02869797445251
N           -0.14794711739092        0.68595584718108        3.43278210864914
C            0.26014764781879       -0.04447013579632        2.39919900854548
C           -0.56796827087024        0.17397202114032        4.72356617392104
C           -2.02293334435021       -0.23973455178882        4.65246882490452
C           -3.02535684506980        0.70197362271365        4.84533540308469
C           -4.35489294380851        0.33033268623969        4.74684074167079
C           -4.68865170378003       -0.98089435913013        4.45098819712033
C           -3.69166574246399       -1.92275398825944        4.25825905545597
C           -2.36124371428963       -1.55310891989754        4.35407224436725
H            0.36238920171150        0.85221315616976       -0.72445045019750
H            0.81900559940161       -0.73390890534058       -0.06741884751916
H            1.98847964237546        0.60152132041077       -0.06688073181391
H            0.25938776285069        2.85420370729029        1.05376338856574
H           -0.52136229889646        2.77620412586656        3.67906975736527
H            0.40473269166061       -1.10731651392510        2.41174715279715
H            0.05956883476395       -0.68077029823015        4.98234492356545
H           -0.42811958967156        0.96178014456479        5.46550477283709
H           -2.76903436851839        1.72314908702534        5.08705029746178
H           -5.12886086248200        1.06498188088453        4.90519631126559
H           -5.72508441920553       -1.26981368553175        4.37598774860022
H           -3.94764136540909       -2.94704732348646        4.03667562784399
H           -1.58598997595504       -2.29312207819673        4.21574323332273
26
 energy: -35.645082364541 gnorm: 0.004407698393 xtb: 6.7.1 (edcfbbe)
C            0.93788748855743        0.34730473856536        0.05065081186427
N            0.46135468805395        0.74738706620365        1.34657040183854
C            0.17019753235629        2.02262352208006        1.72305098570296
C           -0.21789269308022        1.98077948663382        3.02833789164046
N           -0.15083572649086        0.68346064767845        3.43038407632332
C            0.25825130948361       -0.04534727007443        2.39581747360419
C           -0.56727009751644        0.16965020764500        4.72157009781163
C           -2.02272237408533       -0.24316919422300        4.65398753437577
C           -3.02284256036778        0.70148316203440        4.84230275528269
C           -4.35297592776853        0.33279471102189        4.74326458095834
C           -4.68951165041701       -0.97862604049632        4.45212426247196
C           -3.69514062600320       -1.92381170985415        4.26630786026461
C           -2.36390716714190       -1.55710068079493        4.36212895917158
H            0.36579224351421        0.84673894637382       -0.72543147391861
H            0.83726589286944       -0.72579725519285       -0.06935352151630
H            1.98538360887617        0.61688084506943       -0.06619815260235
H            0.25616050099882        2.85580875689355        1.05579556457823
H           -0.52491402776725        2.77420232269371        3.67820611065426
H            0.40073909913803       -1.10843633681679        2.40657120096984
H            0.06105031069767       -0.68513534462541        4.97783299287551
H           -0.42545435592752        0.95635079408689        5.46423287292624
H           -2.76371410961447        1.72273626364343        5.08014810497040
H           -5.12517240655582        1.06971588603369        4.89749303274835
H           -5.72648276973420       -1.26516692507270        4.37588402023356
H           -3.95381194346078       -2.94839231341447        4.04958003617082
H           -1.59040423861476       -2.29934428609169        4.22880152059953
26
 energy: -35.645109147985 gnorm: 0.001456513015 xtb: 6.7.1 (edcfbbe)
C            0.93727618170337        0.34915457639586        0.05039291102649
N            0.46187041621556        0.74770837935831        1.34739293272715
C            0.16813117629262        2.02230118918299        1.72430625114759
C           -0.21941019950983        1.97915707963145        3.02968396289287
N           -0.14949110138030        0.68174553691711        3.43128862932152
C            0.26079946708401       -0.04585317534072        2.39638910509700
C           -0.56614820119971        0.16672379658539        4.72206327853373
C           -2.02198071453929       -0.24420621555800        4.65395880495198
C           -3.02124813194056        0.70232178900191        4.83868482915084
C           -4.35182116476233        0.33530245614432        4.73920054627239
C           -4.68984837016679       -0.97649787394558        4.45105912193481
C           -3.69633763201154       -1.92352859166664        4.26855975057712
C           -2.36467402414085       -1.55836679094349        4.36482258757136
H            0.35292450625879        0.83965223813202       -0.72576742007105
H            0.84948747021601       -0.72799761910989       -0.06398516441607
H            1.98295622474351        0.63313055930052       -0.07250684495462
H            0.25222052571286        2.85568102075281        1.05702375419302
H           -0.52776644689842        2.77146706657086        3.68035560329209
H            0.40595604476490       -1.10863499299816        2.40680205626048
H            0.06132331890673       -0.68919960121805        4.97693965951072
H           -0.42291313151950        0.95233175732286        5.46575193324364
H           -2.76147715898626        1.72401979799270        5.07424391021750
H           -5.12328224451311        1.07364413183621        4.89091895423811
H           -5.72712187557196       -1.26197288855050        4.37516382189876
H           -3.95616932053232       -2.94829670687927        4.05391942011374
H           -1.59222561422607       -2.30219691891457        4.23339760526862
26
 energy: -35.645109505579 gnorm: 0.002732102605 xtb: 6.7.1 (edcfbbe)
C            0.93859274572427        0.35503983241422        0.04922800720961
N            0.46310264000127        0.74901246829791        1.34794142968050
C            0.16414289508046        2.02195557913090        1.72668016923831
C           -0.22307583809505        1.97514549382954        3.03199666612083
N           -0.14802930274557        0.67727001768429        3.43156223633459
C            0.26516643910567       -0.04708351598904        2.39557240200495
C           -0.56420261175612        0.15916378339359        4.72151302194971
C           -2.02099085716879       -0.24750572023183        4.65369565433570
C           -3.01764609322205        0.70376356006535        4.82987744721136
C           -4.34932567959273        0.34086505493718        4.73074080483062
C           -4.69143390745121       -0.97200347379589        4.45150248403302
C           -3.70061324246528       -1.92365257475503        4.27708785202630
C           -2.36780044403704       -1.56237150572956        4.37284441345174
H            0.32989071832980        0.82341080445148       -0.72646831072116
H            0.88197623355661       -0.72820249141159       -0.05456161382993
H            1.97694852009541        0.67166759501053       -0.08525899174407
H            0.24471469865466        2.85647061432847        1.06038118490359
H           -0.53411194074961        2.76504004022339        3.68436713769473
H            0.41498758890115       -1.10927525289543        2.40447046357302
H            0.06167598853231       -0.69914810316391        4.97272492054017
H           -0.41736444562558        0.94219107355941        5.46746189843872
H           -2.75554338660531        1.72646964459484        5.05895403141386
H           -5.11865523223490        1.08313430383092        4.87538185713260
H           -5.72960495514564       -1.25435970702022        4.37581588854379
H           -3.96370516897396       -2.94901739913904        4.06902423582573
H           -1.59806536211328       -2.31039012161999        4.24752470980151
26
 energy: -35.645117608514 gnorm: 0.001139184996 xtb: 6.7.1 (edcfbbe)
C            0.93887960038156        0.35211757251463        0.04925595806727
N            0.46436835858210        0.74866476255329        1.34754166275182
C            0.16855269888654        2.02250049446543        1.72542323221368
C           -0.21971413795992        1.97734603095877        3.03046246226820
N           -0.14833239911064        0.67954696976850        3.43074882938146
C            0.26368876898026       -0.04634841625512        2.39546741905558
C           -0.56631267196961        0.16342080740141        4.72093186021915
C           -2.02241685410418       -0.24523914071903        4.65251235469873
C           -3.02082585638009        0.70295859435636        4.83394271425494
C           -4.35188498404164        0.33721092048215        4.73685391034860
C           -4.69172149423908       -0.97538163034971        4.45408942684678
C           -3.69907679999406       -1.92378852955604        4.27330994870048
C           -2.36698276052808       -1.55967827129089        4.36734396676248
H            0.34134815382441        0.83190632654650       -0.72639340829525
H            0.86616059836850       -0.72843074504028       -0.05904885197789
H            1.98118011896072        0.65261002526531       -0.08037463988795
H            0.25195897339329        2.85636860972491        1.05868463049829
H           -0.52921782415250        2.76808576685654        3.68254901425404
H            0.41150037235826       -1.10874385215938        2.40498874860517
H            0.06012789195352       -0.69371500550750        4.97473550271416
H           -0.42127369834405        0.94806451326988        5.46547297415992
H           -2.76080300611181        1.72547534905853        5.06590559981012
H           -5.12255838577116        1.07707698707511        4.88586130709005
H           -5.72938438649502       -1.26001249749289        4.38031294897555
H           -3.96024094353990       -2.94886988118773        4.06194366095181
H           -1.59598933294789       -2.30555576073828        4.23753876753262
26
 energy: -35.645121718950 gnorm: 0.000238942191 xtb: 6.7.1 (edcfbbe)
C            0.94072018732272        0.35243336412253        0.04858628604622
N            0.46606668275570        0.74916128869745        1.34686694088550
C            0.17159154178499        2.02314908584118        1.72511167656206
C           -0.21815614346644        1.97782011807632        3.02965609028825
N           -0.14870617467782        0.67976251950429        3.42940628901798
C            0.26332505392887       -0.04613008902499        2.39416624267757
C           -0.56768938593036        0.16402014184350        4.71946948679428
C           -2.02364443549117       -0.24492943836368        4.65137163869914
C           -3.02236892050662        0.70263297783641        4.83408283661737
C           -4.35338489177409        0.33612712958022        4.73908534244530
C           -4.69300072702479       -0.97665292562633        4.45712477409443
C           -3.70001349058641       -1.92443580490691        4.27461758098931
C           -2.36800550674940       -1.55951249240410        4.36658172371532
H            0.34479232119628        0.83295696753888       -0.72666139751948
H            0.86684256518733       -0.72726636224383       -0.06058558329764
H            1.98259371408821        0.65131273366012       -0.08039886594994
H            0.25680354722208        2.85711711152634        1.05879933985051
H           -0.52726339740625        2.76843114647467        3.68205898730275
H            0.41023066160270       -1.10856806917575        2.40327082704045
H            0.05873664281299       -0.69291756779578        4.97400671263801
H           -0.42291338103651        0.94901936430015        5.46369254542703
H           -2.76283754629876        1.72542537149891        5.06541664366943
H           -5.12422652598328        1.07538710986256        4.88961218635475
H           -5.73059668387051       -1.26211907104324        4.38603489003557
H           -3.96090307635729       -2.94965675184895        4.06363398714908
H           -1.59696263074264       -2.30497785792949        4.23505281846654
