19
 energy: -27.065328091301 gnorm: 0.274124739766 xtb: 6.7.1 (edcfbbe)
C            0.93674000000000        0.00338000000000        0.07737000000000
N           -0.32423000000000        0.00338000000000        0.07737000000000
C            2.45674000000000        0.00338000000000        0.07737000000000
N            3.06034000000000       -1.32137000000000        0.40711000000000
C            4.21028000000000       -1.35580000000000        1.12565000000000
C            4.83183000000000       -2.56669000000000        1.43024000000000
C            4.24545000000000       -3.75062000000000        0.98829000000000
C            3.07421000000000       -3.70238000000000        0.24567000000000
C            2.50042000000000       -2.47140000000000       -0.04566000000000
C            6.11270000000000       -2.60914000000000        2.21191000000000
H            2.83739000000000        0.27039000000000       -0.91425000000000
H            2.81148000000000        0.73493000000000        0.81079000000000
H            4.63259000000000       -0.40602000000000        1.44476000000000
H            4.70221000000000       -4.71480000000000        1.21450000000000
H            2.61275000000000       -4.62222000000000       -0.10925000000000
H            1.59285000000000       -2.41283000000000       -0.64257000000000
H            5.97071000000000       -3.17177000000000        3.13996000000000
H            6.89977000000000       -3.08517000000000        1.61794000000000
H            6.45437000000000       -1.60288000000000        2.47565000000000
19
 energy: -27.097535837279 gnorm: 0.035461972678 xtb: 6.7.1 (edcfbbe)
C            0.94981424592327        0.01628868733047        0.07780293487838
N           -0.18510881142856        0.01639819496924        0.07627307340938
C            2.43327832102335       -0.03355024553685        0.08424905621744
N            3.04656045591133       -1.33661363445158        0.41547779617965
C            4.19523282167112       -1.36377451132734        1.12316784432585
C            4.83286107798197       -2.56115656700768        1.42920662499632
C            4.24553809066229       -3.74731626561493        0.98504493948423
C            3.07563308020494       -3.69837149229791        0.24293910365282
C            2.49703075606292       -2.47422058471530       -0.04038133504661
C            6.10756011604681       -2.59494251942770        2.20860438294193
H            2.79875654199800        0.26456051042131       -0.90801744849095
H            2.78298364588739        0.71390108132507        0.80682473358520
H            4.61371681693234       -0.41607191699794        1.44149432705242
H            4.70426355648500       -4.70238009874084        1.21177451133878
H            2.61545496555379       -4.60981203214388       -0.11424823196783
H            1.59360428708696       -2.40585542606180       -0.63303252062325
H            5.97188621453276       -3.16790219480956        3.12662220322927
H            6.89018945613469       -3.08027563667418        1.62402128205619
H            6.44934436132961       -1.59653534823860        2.47502672278078
19
 energy: -27.099722876510 gnorm: 0.014930687580 xtb: 6.7.1 (edcfbbe)
C            1.00364265713990       -0.04014108895688        0.08565372352606
N           -0.13203711588801       -0.05616931206870        0.08923256083302
C            2.46123666182323       -0.03199717998959        0.08103925359888
N            3.04938418809663       -1.33221559513259        0.41399579895108
C            4.18847976451216       -1.36451810946513        1.12393324331398
C            4.82593639815316       -2.55758477894282        1.42984889771659
C            4.23416080893909       -3.74164444673468        0.98082744503109
C            3.06270238720821       -3.68670752745497        0.24305263833903
C            2.48814616446270       -2.46095307725725       -0.03494150430616
C            6.09671210324597       -2.58507461809904        2.20521249403280
H            2.79653654681600        0.27085740348501       -0.92062544347340
H            2.79429332474640        0.72049487609307        0.80454640723485
H            4.60288262925365       -0.42011178693998        1.44765424830372
H            4.69286492536736       -4.69344752675992        1.20560803437599
H            2.59864856068422       -4.59050110177813       -0.11984909397131
H            1.57991343592671       -2.38069859554451       -0.61530870007567
H            5.96338328123049       -3.16327762736256        3.11826463736441
H            6.87608829927632       -3.07629116259876        1.62433513350640
H            6.43562497900581       -1.58764874449259        2.47037022569863
19
 energy: -27.099975235544 gnorm: 0.006386776520 xtb: 6.7.1 (edcfbbe)
C            1.02054298641436       -0.06902467593357        0.09154076434181
N           -0.11934858882992       -0.10026096481814        0.10206295815462
C            2.47231226562699       -0.03206189412080        0.07772073222621
N            3.05962717922214       -1.32697861361955        0.40704692615962
C            4.19289727992946       -1.36420372889966        1.12054921506411
C            4.82534254326726       -2.55772710901924        1.43007874315109
C            4.22834458283864       -3.73937365084319        0.97694008280162
C            3.05581978308539       -3.67918367970397        0.24242028808312
C            2.48800573809376       -2.45106962632349       -0.03660534601792
C            6.09119678063637       -2.58278161238176        2.20731528780702
H            2.79606047845260        0.27431844361023       -0.92660725814126
H            2.80377033976778        0.72393293642777        0.79699514764425
H            4.60573303535506       -0.42146427207241        1.44901921325746
H            4.68562166407906       -4.69107419727194        1.19998114343216
H            2.58252226544417       -4.57810125258708       -0.11843727276631
H            1.57451862252581       -2.36217252480612       -0.60711544620110
H            5.95788274879544       -3.16088450131068        3.12024932463768
H            6.87185489679116       -3.07535589486492        1.62970448863503
H            6.42589539850449       -1.58416318146150        2.46999100773081
19
 energy: -27.100017441584 gnorm: 0.001939951352 xtb: 6.7.1 (edcfbbe)
C            1.02184402391926       -0.08057534179434        0.09630976595389
N           -0.11586976496608       -0.12205020173823        0.11303188062498
C            2.47397305509160       -0.03085005849755        0.07476923886186
N            3.06605891841946       -1.32307254849088        0.40248759725435
C            4.19770863021745       -1.36311625913268        1.11726793101539
C            4.82655570740259       -2.55831317112991        1.42909883764333
C            4.22598884727771       -3.73856929395445        0.97527453422531
C            3.05332617079337       -3.67569126523168        0.24198353094819
C            2.48967240495767       -2.44610715216126       -0.03857494934287
C            6.08914654967110       -2.58397242526187        2.21003595785878
H            2.79199225856098        0.27721321332795       -0.93108831495046
H            2.80628244978248        0.72856862498589        0.79007856815449
H            4.61238122694041       -0.42097735272045        1.44558877745034
H            4.68077988698571       -4.69114513839470        1.19948088632491
H            2.57424052837741       -4.57248515060532       -0.11660407457739
H            1.57603635958916       -2.35322042494106       -0.60784162465897
H            5.95386629623304       -3.16107747767242        3.12349240169492
H            6.87199130024927       -3.07721018555240        1.63562895901489
H            6.42262515049739       -1.58497839103466        2.47243009650407
19
 energy: -27.100042024021 gnorm: 0.001823974060 xtb: 6.7.1 (edcfbbe)
C            1.02043285367454       -0.08709014172409        0.10469101889197
N           -0.11717885064800       -0.14293186766263        0.13334842233594
C            2.47398428896626       -0.02893298626797        0.06960421671979
N            3.07354257761342       -1.31874173658416        0.39637588427920
C            4.20418066319824       -1.36137914784159        1.11226020582435
C            4.82828243356087       -2.55914580090746        1.42759810437066
C            4.22367288839267       -3.73795130437848        0.97504259192813
C            3.05227035144579       -3.67274420452608        0.24072578474776
C            2.49354321867121       -2.44180248700309       -0.04293448086321
C            6.08702776910355       -2.58645647461223        2.21446216677018
H            2.78254310782132        0.27912733772398       -0.93921074725364
H            2.80892741103351        0.73491089350414        0.77907722328366
H            4.62247930488808       -0.41950691226505        1.43807643853189
H            4.67497186157475       -4.69188613998093        1.20215180494681
H            2.56727088218267       -4.56752192708307       -0.11552904491523
H            1.58194838399937       -2.34536701082302       -0.61420692112082
H            5.94719084325104       -3.16227550687888        3.12836039254093
H            6.87335083406908       -3.08056317002966        1.64502632210873
H            6.42015917720163       -1.58737141265975        2.47793061687293
19
 energy: -27.100057242225 gnorm: 0.001025022585 xtb: 6.7.1 (edcfbbe)
C            1.02056607059227       -0.08561156942195        0.11089793420516
N           -0.11622708105482       -0.14515662593017        0.14664893217225
C            2.47352862096690       -0.02851587806173        0.06721134013487
N            3.07443766879199       -1.31818014671493        0.39379897049554
C            4.20499743565821       -1.36030905754854        1.10994848175574
C            4.82772794685931       -2.55845573181749        1.42752610374674
C            4.22294109884346       -3.73736298978896        0.97684578834519
C            3.05351609409089       -3.67252323883624        0.23907664582789
C            2.49588196652174       -2.44179369129589       -0.04679475041539
C            6.08572571796067       -2.58684172040268        2.21618801904660
H            2.77595213301154        0.27626710016118       -0.94415745055162
H            2.81217068060022        0.73644611103383        0.77369774224100
H            4.62435909140746       -0.41832993895554        1.43429866308447
H            4.67284761677593       -4.69143750917138        1.20663224829802
H            2.56907317347217       -4.56731232292632       -0.11762219693396
H            1.58556860282229       -2.34566834434273       -0.62011728867716
H            5.94300862057876       -3.16283166756402        3.12956592714108
H            6.87265507703447       -3.08170124595072        1.64836859670358
H            6.41986946506651       -1.58831153246576        2.48083629338007
19
 energy: -27.100077802353 gnorm: 0.000959281858 xtb: 6.7.1 (edcfbbe)
C            1.02268442179710       -0.08382060310251        0.12187335889900
N           -0.11357089315153       -0.14755719738650        0.17017236618833
C            2.47457286931468       -0.02834188367238        0.06259426865916
N            3.07507498183769       -1.31801469308433        0.38991039521722
C            4.20428541735063       -1.35905423771184        1.10811534477432
C            4.82569986861713       -2.55697540596854        1.42870064856401
C            4.22186030754387       -3.73632145331107        0.97932663578259
C            3.05548997390734       -3.67228009134532        0.23590609919233
C            2.49893782506037       -2.44196826300848       -0.05290965800696
C            6.08305006707673       -2.58639927456832        2.21881109884727
H            2.76619670741400        0.26973727352111       -0.95360048348878
H            2.82176308042792        0.73857971585525        0.76268611738191
H            4.62347759334689       -0.41709651961484        1.43226857015871
H            4.66927969499261       -4.69028243077542        1.21403159789784
H            2.57368469588515       -4.56753168465901       -0.12285460197815
H            1.59042151131110       -2.34658653897458       -0.62946285469066
H            5.93788419562441       -3.16351997997947        3.13101896866007
H            6.86971080916851       -3.08156559738974        1.65135619664148
H            6.41809687247538       -1.58863113482405        2.48490593130036
19
 energy: -27.100101853340 gnorm: 0.001151459278 xtb: 6.7.1 (edcfbbe)
C            1.02480350348106       -0.08198355870076        0.13669736397514
N           -0.11033259232968       -0.14759243727873        0.20136672718176
C            2.47577481148801       -0.02897940421295        0.05594371642283
N            3.07662247115504       -1.31807663316929        0.38462003119451
C            4.20310854248778       -1.35824413259881        1.10706804685293
C            4.82318579802171       -2.55583410889735        1.43089135558905
C            4.22042902337988       -3.73565496069300        0.98167851049746
C            3.05786323072386       -3.67221844890738        0.23179902728826
C            2.50300109381225       -2.44214060247145       -0.06077858871081
C            6.07950994610109       -2.58562982027023        2.22289704534043
H            2.75290665087013        0.26022487117724       -0.96685849066495
H            2.83530938214657        0.74214099844672        0.74524108334206
H            4.62094531903564       -0.41632912165312        1.43273379275353
H            4.66595087752756       -4.68944036938641        1.22008286913979
H            2.57871724074391       -4.56814967025067       -0.12879569767281
H            1.59681011343525       -2.34740283889884       -0.64129193278230
H            5.93339167327821       -3.16415208650541        3.13394488657248
H            6.86637561801822       -3.07991356207620        1.65509567851718
H            6.41422729662349       -1.58825411365340        2.49051457516353
19
 energy: -27.100135607520 gnorm: 0.001490730794 xtb: 6.7.1 (edcfbbe)
C            1.02800695556563       -0.07980621760751        0.15681366786325
N           -0.10584018901526       -0.14484833344929        0.24442791134961
C            2.47746017598887       -0.03061316180884        0.04602603276058
N            3.07891353249164       -1.31823454837422        0.37811034758637
C            4.20115502383452       -1.35785452676202        1.10709014306898
C            4.82026243989357       -2.55507287561259        1.43374160590737
C            4.21951406900756       -3.73522739189713        0.98243268870585
C            3.06080990733863       -3.67228106203619        0.22644352851323
C            2.50784762484103       -2.44233523921113       -0.07016630921121
C            6.07457586305741       -2.58438294031934        2.22896287627570
H            2.73444963185184        0.24535598479488       -0.98594161983375
H            2.85378707064759        0.74749338661549        0.71864736033722
H            4.61673087711926       -0.41593106873898        1.43544124330608
H            4.66294287534262       -4.68890310637526        1.22485218635585
H            2.58422778651331       -4.56886367521402       -0.13597123687155
H            1.60525661906816       -2.34794304452988       -0.65642345061429
H            5.92836425720189       -3.16551400478775        3.13822773157266
H            6.86315485068303       -3.07565996084534        1.66079824429945
H            6.40698062856869       -1.58700821384094        2.49933704862871
19
 energy: -27.100176583038 gnorm: 0.002069212817 xtb: 6.7.1 (edcfbbe)
C            1.03217898457309       -0.07738961961782        0.18143911746179
N           -0.09967601787319       -0.13799293770014        0.29668142706928
C            2.47927599295820       -0.03339737883763        0.03365997444167
N            3.08232580757256       -1.31863465203182        0.36997622262896
C            4.19917783424321       -1.35791322482236        1.10696981456739
C            4.81725573975280       -2.55478211433322        1.43683424470259
C            4.21892355802766       -3.73521485398600        0.98227491101758
C            3.06429349890164       -3.67270261661560        0.22015218115889
C            2.51351029251118       -2.44283260223033       -0.08086710120114
C            6.06831317720760       -2.58260388670774        2.23687272259433
H            2.71131748190169        0.22594389065297       -1.00895513685625
H            2.87574577439104        0.75380839161809        0.68419400204017
H            4.61126014703954       -0.41591349634956        1.43949849167270
H            4.66185759969499       -4.68859987580359        1.22634300085290
H            2.58978555810585       -4.56977858990309       -0.14392538056632
H            1.61436854569226       -2.34854400307009       -0.67244133138797
H            5.92200605496576       -3.16721050231259        3.14380483987197
H            6.86045720551284       -3.06905651339386        1.66913773054406
H            6.39622276482126       -1.58481541455566        2.51120026938753
19
 energy: -27.100208595195 gnorm: 0.002598273699 xtb: 6.7.1 (edcfbbe)
C            1.03606020949201       -0.07496853113616        0.20209636534184
N           -0.09369241279982       -0.12995513478482        0.34005286960680
C            2.48041895409884       -0.03610703353957        0.02346350006422
N            3.08514702912298       -1.31923157029421        0.36323187410699
C            4.19781036642116       -1.35816469193322        1.10626208051899
C            4.81537713639390       -2.55473412073520        1.43843156379460
C            4.21969475461068       -3.73535970021662        0.98028448024193
C            3.06747354280564       -3.67338117186242        0.21467228834111
C            2.51770837014049       -2.44370218571934       -0.08889236439117
C            6.06282872985910       -2.58095279774321        2.24386748077923
H            2.69132376598270        0.20957753424207       -1.02719160083518
H            2.89308054589230        0.75830936419839        0.65497305959779
H            4.60748009380761       -0.41595615937888        1.44119627949068
H            4.66182168587728       -4.68860144765793        1.22660590777445
H            2.59401868864368       -4.57080681207167       -0.15007261687806
H            1.62123847102274       -2.34943968823398       -0.68444237511110
H            5.91570843441733       -3.16878396441362        3.14856450677059
H            6.85908287027312       -3.06265903332029        1.67750346701523
H            6.38601876393820       -1.58271285539939        2.52224323377120
19
 energy: -27.100246262166 gnorm: 0.005315819652 xtb: 6.7.1 (edcfbbe)
C            1.04307324888386       -0.07076891984911        0.23601562821184
N           -0.08275642996817       -0.11591676933393        0.41100818607587
C            2.48204378082177       -0.04063673953974        0.00702632810480
N            3.09013241737811       -1.32032364439569        0.35136516271904
C            4.19639558093140       -1.35858006187017        1.10347807159832
C            4.81258261064263       -2.55473654128897        1.44045933248749
C            4.22079314279491       -3.73575833767620        0.97747886313542
C            3.07260401636097       -3.67475388274179        0.20595373951309
C            2.52447812424412       -2.44543387269177       -0.10198667457013
C            6.05350551125917       -2.57811112547676        2.25559720386506
H            2.65796175441702        0.18327720364095       -1.05575506320650
H            2.92042099639626        0.76473759774634        0.60742663002766
H            4.60230795343711       -0.41592589066076        1.44190601644182
H            4.66317108108675       -4.68853612336422        1.22516708824557
H            2.60087971675742       -4.57265792848985       -0.16008759611885
H            1.63141198819868       -2.35129463318483       -0.70249585886965
H            5.90379377139541       -3.17085187825023        3.15663616596012
H            6.85727778085626       -3.05228188132131        1.69289377750988
H            6.36852295410630       -1.57907657125200        2.54076299886932
19
 energy: -27.100218986931 gnorm: 0.012379330238 xtb: 6.7.1 (edcfbbe)
C            1.05010460013106       -0.06655717420038        0.27001930287410
N           -0.07179066035623       -0.10184014858204        0.48213694138629
C            2.48367150176973       -0.04517799895019       -0.00945023211994
N            3.09512940084389       -1.32141898711961        0.33946926363213
C            4.19497721673320       -1.35899653525235        1.10068627289520
C            4.80978125907114       -2.55473884247145        1.44249138503328
C            4.22189471162020       -3.73615803667931        0.97466654905704
C            3.07774776686630       -3.67613056662929        0.19721330824650
C            2.53126461248541       -2.44717079337161       -0.11511345853551
C            6.04415916257106       -2.57526207836901        2.26735562887598
H            2.62451547719046        0.15691130850184       -1.08438654529867
H            2.94782736624947        0.77118022025933        0.55976359880855
H            4.59712357206742       -0.41589541564392        1.44261508266237
H            4.66452451472938       -4.68847053935841        1.22372527534511
H            2.60775857456504       -4.57451439791166       -0.17012747664456
H            1.64161023866497       -2.35315561201183       -0.72059355111808
H            5.89184856426621       -3.17292491065144        3.16472708512277
H            6.85546861043718       -3.04187842424956        1.70832263712038
H            6.35098351009406       -1.57543106730921        2.55932893265729
19
 energy: -27.100274021680 gnorm: 0.003464877547 xtb: 6.7.1 (edcfbbe)
C            1.04813390315645       -0.06840994047893        0.25528053579011
N           -0.07436194889693       -0.10646891536689        0.44771732741377
C            2.48241582338721       -0.04357546883372       -0.00061147455882
N            3.09315874192423       -1.32135850143368        0.34408927242227
C            4.19651425133991       -1.35910609613734        1.10000313365939
C            4.81180938593706       -2.55489490061921        1.44012130587469
C            4.22218860533041       -3.73623756113907        0.97450261790799
C            3.07554605007223       -3.67593839261136        0.20092271092363
C            2.52774874782638       -2.44689187508239       -0.10878453248071
C            6.04787054613542       -2.57605644746227        2.26226351878021
H            2.63886990707142        0.17024671918687       -1.06788515031280
H            2.93371779363588        0.76633992507167        0.58243527060687
H            4.60095870796942       -0.41601206063410        1.43896159781205
H            4.66446486326537       -4.68874324064727        1.22353882545934
H            2.60406399748580       -4.57420446624767       -0.16471725957374
H            1.63571870969064       -2.35292718787455       -0.71067090305994
H            5.89547941306352       -3.17069558762640        3.16155370058275
H            6.85675702213279       -3.04636257539457        1.70335240185023
H            6.35754547947277       -1.57633342666917        2.55077710090290
19
 energy: -27.100290379743 gnorm: 0.002502677309 xtb: 6.7.1 (edcfbbe)
C            1.05065530129536       -0.06664717365151        0.26224676678615
N           -0.07018159092904       -0.10259052056731        0.46280025427839
C            2.48229020565713       -0.04443397064827       -0.00368784030366
N            3.09407786283888       -1.32184804618522        0.34102499161726
C            4.19692450373224       -1.35910157824575        1.09761678062369
C            4.81158006336914       -2.55479231675488        1.43961307655433
C            4.22288974789997       -3.73634546740347        0.97370228835896
C            3.07700466537188       -3.67657365822998        0.19888503306768
C            2.52886194526936       -2.44784644851194       -0.11126811369975
C            6.04551751075230       -2.57531449235967        2.26488411251078
H            2.63096934066628        0.16573364953395       -1.07179149001986
H            2.93766026066228        0.76638848140058        0.57318350070714
H            4.60137469099555       -0.41571910817875        1.43582730206278
H            4.66549139591632       -4.68868960062178        1.22298247761914
H            2.60591952152623       -4.57497798623614       -0.16692218124756
H            1.63682668001941       -2.35425979375941       -0.71314340525784
H            5.89073179518894       -3.17058292145328        3.16338174293554
H            6.85667216616614       -3.04452324193708        1.70855079826490
H            6.35333393360158       -1.57550580619015        2.55496390514213
19
 energy: -27.100339009595 gnorm: 0.002631772528 xtb: 6.7.1 (edcfbbe)
C            1.06133946324147       -0.05862204914658        0.29804720478031
N           -0.05171039676785       -0.08699098996537        0.53965176328555
C            2.48224980637143       -0.04809367203949       -0.01980538712603
N            3.09828870372181       -1.32353191359433        0.32708338020598
C            4.19802395425511       -1.35843254918041        1.08799993157567
C            4.80970860504454       -2.55377188710929        1.43830892794678
C            4.22597837540019       -3.73619898673737        0.97020450056396
C            3.08416297156360       -3.67886392595371        0.18868979715027
C            2.53500121170346       -2.45158505161041       -0.12406996452639
C            6.03419960495542       -2.57224829595141        2.27785777174994
H            2.59119404898063        0.13988646346406       -1.09614658972417
H            2.96134157138763        0.77022784057821        0.52534038182921
H            4.60206537880641       -0.41395474483672        1.42391530317834
H            4.66893700194692       -4.68791264799950        1.22224359626594
H            2.61577934047315       -4.57781669132792       -0.17908992579286
H            1.64408893056524       -2.35961094835946       -0.72773710906089
H            5.86865048760138       -3.17184072990428        3.17185841415369
H            6.85528996394350       -3.03581020803949        1.73197599061073
H            6.33401097680589       -1.57245901228660        2.57652201293424
19
 energy: -27.100341356131 gnorm: 0.010525227688 xtb: 6.7.1 (edcfbbe)
C            1.07719410055598       -0.04786452990713        0.35163045198157
N           -0.02366940532229       -0.06725683208823        0.65385742093831
C            2.48254743063122       -0.05381211564086       -0.04409886399445
N            3.10453768715112       -1.32567922099516        0.30637838426560
C            4.19855081181079       -1.35699925791455        1.07548141904579
C            4.80598232838401       -2.55157078493921        1.43761832219481
C            4.22961407448518       -3.73539783872502        0.96580777620063
C            3.09438854670804       -3.68163370818308        0.17365734434511
C            2.54493698558527       -2.45627034590196       -0.14447656356498
C            6.01748604395830       -2.56772112849707        2.29659098978007
H            2.53371927769976        0.10153307427763       -1.13259714779916
H            2.99758359258391        0.77596439924338        0.45415916577648
H            4.60135863663255       -0.41119941510607        1.40939676795715
H            4.67179391022279       -4.68611188851287        1.22356844707366
H            2.63048833709507       -4.58160683119919       -0.19706800528848
H            1.65621473645047       -2.36661434007776       -0.75168821650016
H            5.83797038632460       -3.17337453283514        3.18413192985008
H            6.85110994162644       -3.02386524616962        1.76375404708025
H            6.30679257741672       -1.56814945682818        2.60674633065806
19
 energy: -27.100374927667 gnorm: 0.001294877589 xtb: 6.7.1 (edcfbbe)
C            1.07214083533979       -0.05148192279795        0.33048145829714
N           -0.03170628081002       -0.07794082866377        0.60950291056033
C            2.48202193373704       -0.05102944622217       -0.03424922029332
N            3.10151882381495       -1.32467388710214        0.31424720408067
C            4.19862322468250       -1.35670653876232        1.07909233176426
C            4.80713249255233       -2.55151177689822        1.43749259008971
C            4.22805964819817       -3.73502602545274        0.96829629118621
C            3.09068093463836       -3.68036303147793        0.17943342849406
C            2.54115916116089       -2.45449840316638       -0.13686079526007
C            6.02365650843836       -2.56964370626795        2.28893145909704
H            2.55572266793681        0.11731991673828       -1.11649522273145
H            2.98197060822050        0.77318055376319        0.48334166441677
H            4.60291606382737       -0.41141848327770        1.41252565324024
H            4.66990697258574       -4.68602173245380        1.22504775441885
H            2.62588553448522       -4.58003336334835       -0.19074179880184
H            1.65110714909973       -2.36445762905603       -0.74218515614931
H            5.84772568417913       -3.17224443614432        3.17894086949798
H            6.85141552094802       -3.03057264550698        1.75182655546683
H            6.31866251696502       -1.57050661390283        2.59422202262620
19
 energy: -27.100392893715 gnorm: 0.002731686692 xtb: 6.7.1 (edcfbbe)
C            1.07936891140421       -0.04789848747576        0.34841003480669
N           -0.01876894307257       -0.07372660131447        0.65094031487368
C            2.48220925869195       -0.05307212196161       -0.04302394867422
N            3.10354053365806       -1.32543325783891        0.30615192221706
C            4.19799057580165       -1.35582680178789        1.07493912849539
C            4.80484706972531       -2.55003858368716        1.43791332910945
C            4.22813014146943       -3.73438240422676        0.96817839348775
C            3.09406949579297       -3.68124894201758        0.17420496344773
C            2.54524824502539       -2.45600023698171       -0.14542972599236
C            6.01764219766970       -2.56783237976353        2.29479488817006
H            2.53696846641625        0.10618190794349       -1.12726775670517
H            2.99281965266094        0.77363308514899        0.45958934084694
H            4.60128034217091       -0.41017320420189        1.40844057351549
H            4.66885021763678       -4.68487636422135        1.22834898726418
H            2.63150980173489       -4.58164870106861       -0.19686137393389
H            1.65662357796470       -2.36710547816251       -0.75309682978070
H            5.83759328696705       -3.17111951160059        3.18333090950907
H            6.84785669578710       -3.02818891489443        1.76117642590368
H            6.31082047249519       -1.56887300188781        2.60211042343948
19
 energy: -27.100398129459 gnorm: 0.007838184224 xtb: 6.7.1 (edcfbbe)
C            1.09901152477204       -0.03917956175086        0.39977761369921
N            0.01725309273449       -0.06139741054126        0.76131728798550
C            2.48266194649147       -0.05874813541662       -0.06504290244942
N            3.10919562179928       -1.32757949258982        0.28526046691539
C            4.19566797846866       -1.35427688097003        1.06541854699816
C            4.79865921141785       -2.54683888841076        1.43939108648908
C            4.22787750503597       -3.73324413880197        0.96721489798380
C            3.10287351789190       -3.68367709748979        0.15988094723983
C            2.55635096840147       -2.45973304257786       -0.16845849220200
C            6.00151812499513       -2.56265605974778        2.31065455979288
H            2.48238491468005        0.07319869224559       -1.15770979252614
H            3.02551624087825        0.77779610052953        0.39255901017962
H            4.59485973528588       -0.40762970498066        1.40070248608033
H            4.66519947248549       -4.68254036081205        1.23682589893383
H            2.64613664128203       -4.58598171488151       -0.21376831742148
H            1.67356142507912       -2.37338213281671       -0.78521128601940
H            5.81207068863447       -3.16725163050475        3.19612721246920
H            6.83853496306409       -3.02103828075096        1.78558600966737
H            6.28926642660225       -1.56347025973186        2.62232476618462
19
 energy: -27.100432122516 gnorm: 0.002778541606 xtb: 6.7.1 (edcfbbe)
C            1.09948347119116       -0.03824902490873        0.39347432546003
N            0.02595103851500       -0.05933827103777        0.77067311234115
C            2.48211183564349       -0.05954737587654       -0.06635598062730
N            3.10851859184128       -1.32810519140581        0.28488369342417
C            4.19338220463781       -1.35476192415058        1.06722377095654
C            4.79724935905651       -2.54708158437869        1.44064100684839
C            4.22690109215624       -3.73361910859359        0.96789590616925
C            3.10296293446187       -3.68418703689972        0.15953355889588
C            2.55692282266341       -2.46034229922356       -0.17000779596292
C            6.00097749068948       -2.56197745707235        2.31051922525287
H            2.48426094349097        0.07373587647855       -1.15615353252348
H            3.02212343189171        0.77602865192808        0.39010002546648
H            4.59079813111735       -0.40790377947703        1.40403053134201
H            4.66483071011767       -4.68277720561562        1.23698983100431
H            2.64666947306684       -4.58665904327837       -0.21431234273821
H            1.67545244696731       -2.37430949053944       -0.78840254520567
H            5.81370705515780       -3.16607386089118        3.19694194747673
H            6.83750288274977       -3.02011762957336        1.78431159720613
H            6.28879408458422       -1.56234424548442        2.62086366521401
19
 energy: -27.100435272716 gnorm: 0.003627764784 xtb: 6.7.1 (edcfbbe)
C            1.10343355626886       -0.03777526954288        0.40229282579777
N            0.02506451203524       -0.05615674224513        0.76396921241740
C            2.48187122460592       -0.05997558671699       -0.06592930523426
N            3.10863307413640       -1.32850439074335        0.28455820897395
C            4.19273254805612       -1.35526925327120        1.06783571892220
C            4.79695387337257       -2.54745660340351        1.44095372809541
C            4.22662074611338       -3.73402979700590        0.96800237052495
C            3.10307818183467       -3.68456383675904        0.15934357591500
C            2.55728514052786       -2.46070392783714       -0.17067931574843
C            6.00103197051783       -2.56158610042224        2.31014388330242
H            2.48127639376695        0.07339773075387       -1.15439239726928
H            3.02272992482645        0.77472165411640        0.38806382392312
H            4.58846308833593       -0.40831225274844        1.40636017813955
H            4.66454634993891       -4.68315435726174        1.23722125688323
H            2.64689075414966       -4.58709685757101       -0.21454647921527
H            1.67678335240684       -2.37480122688598       -0.79033387790340
H            5.81515732478833       -3.16499609575295        3.19739794043416
H            6.83715955804124       -3.01981648952002        1.78330131962801
H            6.28888842627675       -1.56155059718288        2.61928733241387
19
 energy: -27.100443632122 gnorm: 0.000523166777 xtb: 6.7.1 (edcfbbe)
C            1.10265698811151       -0.03733802944034        0.39970145151957
N            0.02601782235467       -0.05533810029583        0.76986588504144
C            2.48202179119278       -0.06005771766237       -0.06671932515335
N            3.10842565688812       -1.32869665767010        0.28439020364781
C            4.19199330563919       -1.35541020722405        1.06844034503403
C            4.79654035845594       -2.54748918667600        1.44134302959562
C            4.22655142541492       -3.73410615752807        0.96806870481971
C            3.10325143716515       -3.68472558875475        0.15902473152117
C            2.55758531936107       -2.46089781633572       -0.17142491001703
C            6.00078181554091       -2.56134429609145        2.31028234809580
H            2.48206441284688        0.07235734725879       -1.15562808341458
H            3.02332306145105        0.77478302676325        0.38753141668307
H            4.58735067270122       -0.40839356560102        1.40723652527008
H            4.66443247578639       -4.68318626520558        1.23754016445567
H            2.64727685084033       -4.58729949533508       -0.21503371611687
H            1.67759516684669       -2.37508236028289       -0.79184964004974
H            5.81531300893217       -3.16456856637306        3.19771234229679
H            6.83677798678009       -3.01962329523154        1.78325936019047
H            6.28864044369081       -1.56121306831430        2.61910916658072
19
 energy: -27.100446005058 gnorm: 0.000512157462 xtb: 6.7.1 (edcfbbe)
C            1.10319586948501       -0.03633763290076        0.40087159021556
N            0.02794118310487       -0.05226259110293        0.77520432366749
C            2.48186205426592       -0.06044379775366       -0.06754311981453
N            3.10813500462803       -1.32921325926315        0.28398654691678
C            4.19068231669624       -1.35582325968405        1.06946442200971
C            4.79583863498242       -2.54767813165359        1.44200495599859
C            4.22638635229550       -3.73439672587705        0.96825740141146
C            3.10372780304788       -3.68517419523019        0.15832158457973
C            2.55828993079421       -2.46142279239970       -0.17293066394084
C            6.00038012374475       -2.56084951522608        2.31045456735199
H            2.48063655558060        0.07040136224601       -1.15675168846333
H            3.02463297622241        0.77454032284631        0.38525697693213
H            4.58478817669710       -0.40869415971628        1.40941110001034
H            4.66432885431531       -4.68337976498290        1.23799841312715
H            2.64822738284747       -4.58783924871693       -0.21611823887222
H            1.67938529418953       -2.37582586417677       -0.79493216835241
H            5.81579587818944       -3.16338466654466        3.19850628914440
H            6.83604379458276       -3.01942270544452        1.78311898007077
H            6.28832181433045       -1.56042337441923        2.61826872800763
