20
 energy: -27.550949132270 gnorm: 0.108248886267 xtb: 6.7.1 (edcfbbe)
C            0.51372000000000       -0.07723000000000       -0.28750000000000
C            0.33652000000000       -1.56847000000000       -0.04576000000000
C            1.18444000000000       -2.08486000000000        1.11249000000000
N            0.70451000000000       -1.61016000000000        2.41546000000000
C            1.16674000000000       -0.51218000000000        3.13744000000000
C            0.41653000000000       -0.50505000000000        4.27672000000000
N           -0.40944000000000       -1.60451000000000        4.13892000000000
N           -0.26726000000000       -2.28621000000000        3.01941000000000
N           -1.39348000000000       -1.98433000000000        5.08856000000000
H            0.15284000000000        0.51090000000000        0.56115000000000
H           -0.05326000000000        0.23078000000000       -1.17182000000000
H            1.56633000000000        0.17065000000000       -0.45803000000000
H           -0.72281000000000       -1.78152000000000        0.13671000000000
H            0.62329000000000       -2.10480000000000       -0.95770000000000
H            1.16223000000000       -3.18145000000000        1.12637000000000
H            2.23247000000000       -1.78575000000000        0.99608000000000
H            1.94680000000000        0.10244000000000        2.72953000000000
H            0.34830000000000        0.11832000000000        5.14689000000000
H           -1.65876000000000       -2.96029000000000        4.96988000000000
H           -1.13493000000000       -1.76695000000000        6.04762000000000
20
 energy: -27.561006152321 gnorm: 0.044418597174 xtb: 6.7.1 (edcfbbe)
C            0.51264782045387       -0.07037855596903       -0.28076309471696
C            0.33293473287679       -1.56278819186891       -0.04021482122630
C            1.18572588015400       -2.08642402938946        1.11505239188953
N            0.71597895329230       -1.61578062335278        2.40817538538422
C            1.14772066860612       -0.53423779085298        3.11716729603609
C            0.40702226681288       -0.52568473462645        4.26927828082506
N           -0.40703205172028       -1.61310374449196        4.16232615317419
N           -0.23114582032229       -2.26647159049801        3.04744982133594
N           -1.38044604305518       -1.97778423226659        5.06832746881111
H            0.15338744395133        0.51913413414541        0.56217939041746
H           -0.05127559923381        0.23147110905793       -1.16060273315914
H            1.55967913358540        0.17271929734159       -0.45758954480435
H           -0.71908826378804       -1.78882341914478        0.14884216694571
H            0.62786978126321       -2.10832557086684       -0.93910938396989
H            1.15054555899945       -3.17925970857814        1.14074779707153
H            2.22601292086574       -1.77140969264631        0.99654706643523
H            1.92413122926084        0.09027321768661        2.72397447028932
H            0.35727574792097        0.11076238923582        5.12930657533188
H           -1.66190343305551       -2.94587919231400        4.94304162477475
H           -1.13526092686779       -1.75867907060112        6.02828368915462
20
 energy: -27.563279337094 gnorm: 0.011562241387 xtb: 6.7.1 (edcfbbe)
C            0.50956813694950       -0.06770234962265       -0.26896988386974
C            0.32889087945534       -1.56068167882605       -0.03084782922209
C            1.18588858204062       -2.09090265071205        1.12368053326061
N            0.72530433598148       -1.62261959890825        2.40811012168274
C            1.13648287580593       -0.54687392866581        3.09871528740802
C            0.40285695955845       -0.53511568837229        4.25868346285748
N           -0.40058357249657       -1.62018783896853        4.17273043172473
N           -0.20305525694859       -2.26444484220808        3.06544574642724
N           -1.35868678213865       -1.97959234646370        5.04375997954332
H            0.15321455331129        0.52126470071933        0.57296602349867
H           -0.05541974589063        0.23168121525679       -1.14564455318213
H            1.55436933755065        0.17078375288822       -0.45019979311603
H           -0.71939672560949       -1.79168094345597        0.16191386490870
H            0.62893754720201       -2.10652206718164       -0.92514040608176
H            1.14018657840687       -3.18092679856536        1.14921057717181
H            2.22108645461628       -1.76714750222812        1.00130556769565
H            1.90565907064122        0.09846072549274        2.72544216978595
H            0.37617940764906        0.12187779252775        5.10442592569667
H           -1.67533843824998       -2.93539356581926        4.90777689051500
H           -1.14136419783485       -1.75494638688706        6.00905588329517
20
 energy: -27.563647067196 gnorm: 0.008507581833 xtb: 6.7.1 (edcfbbe)
C            0.50665205307784       -0.06750478483374       -0.25684382267624
C            0.32650676202647       -1.56169939161191       -0.02495857432344
C            1.19005765760504       -2.09736858669715        1.12397776143473
N            0.73575807527433       -1.62965040799259        2.40850441964568
C            1.13813230267289       -0.54513176710517        3.09000715561174
C            0.40406351403151       -0.53099693475594        4.25095551936074
N           -0.39197279460662       -1.62333677814900        4.17183512519793
N           -0.18598505123449       -2.27737870184370        3.07042239000126
N           -1.35340945272676       -1.98318244858451        5.03473727662609
H            0.15483044204457        0.51900242155298        0.58899364835111
H           -0.06268279982354        0.23584445466510       -1.12978795887605
H            1.55099440130973        0.17089219284903       -0.44203321173707
H           -0.72087583502986       -1.79282817768485        0.17278117760532
H            0.62283388583826       -2.10341018315046       -0.92262203689376
H            1.14055242443844       -3.18712799978719        1.14537266293746
H            2.22451324045574       -1.77440675371046        0.99529358433232
H            1.89913891568156        0.11393069407727        2.72355644678145
H            0.38306651411985        0.13837966940730        5.08677018792496
H           -1.68855282367606       -2.93147898803820        4.89155326767261
H           -1.15884143147895       -1.75321752860678        6.00390498102320
20
 energy: -27.563944472641 gnorm: 0.004776416474 xtb: 6.7.1 (edcfbbe)
C            0.50173881121723       -0.06717594921954       -0.23186277421733
C            0.32388524631922       -1.56370274524130       -0.01438344118465
C            1.19985688662744       -2.11139292118921        1.12216427804637
N            0.75683148805483       -1.64307310027134        2.40872062535463
C            1.14148431864889       -0.54202458653090        3.07511021171462
C            0.40097589684965       -0.51961622607899        4.23428533549253
N           -0.37969990086292       -1.62502942630798        4.16770836868931
N           -0.15938305112958       -2.29657480033217        3.07604231781707
N           -1.34564316355199       -1.98896038830710        5.02227166646976
H            0.15927614208353        0.51081311375035        0.62443345739720
H           -0.07781459897894        0.24648841009965       -1.09547902455000
H            1.54468244279888        0.17289776228134       -0.42535760298958
H           -0.72177794307397       -1.79497994376813        0.19374746249049
H            0.60942429938379       -2.09565114039322       -0.92134217472620
H            1.14173239641850       -3.20092140247815        1.13662903892355
H            2.23493618541283       -1.79594812321216        0.98083657494755
H            1.88894251016041        0.13800618601498        2.71940583551987
H            0.38549492811344        0.17177043927529        5.05142482431694
H           -1.70382654648463       -2.92439123911503        4.86309098429466
H           -1.18633634800673       -1.75120391897631        5.99497403619327
20
 energy: -27.563993403319 gnorm: 0.002844374482 xtb: 6.7.1 (edcfbbe)
C            0.49945702500495       -0.06698918294242       -0.22061666977414
C            0.32406636847045       -1.56473282711253       -0.01071089682709
C            1.20374927861955       -2.11675411275972        1.12069738372712
N            0.76416717622003       -1.64695605123949        2.40807331491480
C            1.14301763908392       -0.54182583430117        3.06993445682768
C            0.39819583155759       -0.51536108388529        4.22694806705518
N           -0.37825424933283       -1.62283229920841        4.16404249132736
N           -0.15278551738442       -2.29943700665422        3.07614600246945
N           -1.34414928440801       -1.98900551650963        5.01813984533261
H            0.16005690045585        0.50553380277802        0.64067007969566
H           -0.08457532892497        0.25122106812242       -1.07950938905754
H            1.54115116437101        0.17575091505853       -0.41733539893576
H           -0.72058773849401       -1.79804371094983        0.20068405985024
H            0.60595533492496       -2.09211526617100       -0.92156768644781
H            1.14237579740523       -3.20615659571820        1.13484697962384
H            2.23966612511158       -1.80542957474755        0.97610153544080
H            1.88782091799904        0.14106109654680        2.71579706988588
H            0.38060425024980        0.18246905127931        5.03793312213681
H           -1.70414712495750       -2.92132476782792        4.85243188638613
H           -1.19100456597235       -1.74974210375761        5.98971374636885
20
 energy: -27.564031549059 gnorm: 0.001857251676 xtb: 6.7.1 (edcfbbe)
C            0.49596720542291       -0.06664209885455       -0.20717737807585
C            0.32501304448104       -1.56604762798413       -0.00690363528162
C            1.20802937451938       -2.12246265918397        1.11869373345387
N            0.77204421731323       -1.65077435539180        2.40722685815031
C            1.14531241923496       -0.54187061604637        3.06452095436409
C            0.39540674139358       -0.51114009449002        4.21858416367749
N           -0.37722962354688       -1.61981482186259        4.15900711838484
N           -0.14636911409947       -2.30133385253849        3.07563009685746
N           -1.34386981034641       -1.98710191522408        5.01300829962922
H            0.15965102263717        0.49851024284455        0.66017151457505
H           -0.09338787484187        0.25678290868973       -1.06018780888351
H            1.53586141818028        0.18032176253294       -0.40749873996948
H           -0.71837674020784       -1.80337435067616        0.20656745299124
H            0.60433227113423       -2.08720403995331       -0.92220710343977
H            1.14351184550179       -3.21169268841508        1.13408602550786
H            2.24494337489572       -1.81539411296460        0.97165653980428
H            1.88946235386856        0.14016262547549        2.70907148345719
H            0.37156792501617        0.19216446489938        5.02410422747860
H           -1.70287198297704       -2.91777112029001        4.84089431260259
H           -1.19421806757969       -1.74598765056685        5.98317188471624
20
 energy: -27.564054330293 gnorm: 0.002296154650 xtb: 6.7.1 (edcfbbe)
C            0.49120266152910       -0.06595360570046       -0.19205030413525
C            0.32653362453053       -1.56758442512481       -0.00328129621473
C            1.21250780231158       -2.12844252816584        1.11668978605334
N            0.78000172315051       -1.65559427811138        2.40650851060037
C            1.14788550324510       -0.54212189637135        3.05863102235026
C            0.39353677811470       -0.50715965424256        4.20966049180422
N           -0.37557643295627       -1.61770644012418        4.15353876344919
N           -0.13900883645720       -2.30472931774624        3.07544058433451
N           -1.34480273962730       -1.98309873206061        5.00599266350739
H            0.15744413906551        0.49062947510760        0.68179587107834
H           -0.10379215308309        0.26282566337769       -1.03880838866096
H            1.52906461261560        0.18641556139588       -0.39566784046567
H           -0.71561611066857       -1.81064591581809        0.21000283958249
H            0.60587356162585       -2.08064137301871       -0.92318171497215
H            1.14524001712002       -3.21746875864131        1.13298996790099
H            2.25004045047634       -1.82426386751830        0.96762308816367
H            1.89314426721452        0.13662677316967        2.69909917541511
H            0.36089689379487        0.20075401381924        5.01093635928764
H           -1.70189622466983       -2.91385382792179        4.83087823400583
H           -1.19789953733217       -1.73865686630433        5.97562218691552
20
 energy: -27.564062905472 gnorm: 0.001437204378 xtb: 6.7.1 (edcfbbe)
C            0.48927051106351       -0.06556021364813       -0.18743436456379
C            0.32747900463683       -1.56806837358974       -0.00278421625678
C            1.21382527990592       -2.13011542905624        1.11636511944875
N            0.78169655904525       -1.65757717748374        2.40627287111396
C            1.14856778028637       -0.54259549450546        3.05678561473469
C            0.39363210816058       -0.50628227264584        4.20706645378788
N           -0.37516612178908       -1.61760918480574        4.15200408313345
N           -0.13723925300503       -2.30625996972985        3.07538736653711
N           -1.34571013094236       -1.98088219588257        5.00345893208280
H            0.15516582403681        0.48805896597976        0.68809751891460
H           -0.10702620345347        0.26440403097727       -1.03275368919840
H            1.52653001855176        0.18918220465584       -0.39109370743551
H           -0.71439176159955       -1.81367488281601        0.20886098400835
H            0.60882311702113       -2.07794515213225       -0.92377160571591
H            1.14606105407079       -3.21907907587633        1.13189627771207
H            2.25124093032817       -1.82584635552868        0.96696653012796
H            1.89470519932126        0.13461698694334        2.69539630144966
H            0.35865137328942        0.20222747021103        5.00787808118857
H           -1.70232437175673       -2.91254400489518        4.83062194813795
H           -1.19901091717178       -1.73511987617137        5.97319950079272
20
 energy: -27.564073570043 gnorm: 0.001030950154 xtb: 6.7.1 (edcfbbe)
C            0.48446005181199       -0.06448104968288       -0.17740103235061
C            0.33055245951558       -1.56917706915934       -0.00299264748724
C            1.21660601398487       -2.13370999354997        1.11570057514210
N            0.78427121273375       -1.66216582699582        2.40531950533436
C            1.15025621960229       -0.54456976938855        3.05289492355398
C            0.39421724623419       -0.50474172139090        4.20150269323105
N           -0.37518158547028       -1.61706384905462        4.14848759788312
N           -0.13514921297924       -2.30901565298262        3.07466995629781
N           -1.34838777952092       -1.97498920425640        4.99857811377450
H            0.14753879612946        0.48168478145738        0.70169612664901
H           -0.11387944272295        0.26776969094008       -1.02032872518544
H            1.52036657926178        0.19701761200184       -0.37950146940945
H           -0.71070992767391       -1.82177765153042        0.20327578761534
H            0.61859226035647       -2.07124641708262       -0.92610463432611
H            1.14791771227748       -3.22256753479714        1.12870394008693
H            2.25381928870396       -1.82914666259252        0.96638511212166
H            1.89836951079129        0.12919370912491        2.68776978496735
H            0.35530253135489        0.20443791734609        5.00178245896901
H           -1.70338907478535       -2.90940945237427        4.83366767530493
H           -1.20079285960558       -1.72671185603213        5.96831425782783
20
 energy: -27.564077234883 gnorm: 0.000803962842 xtb: 6.7.1 (edcfbbe)
C            0.48240153969675       -0.06422487010906       -0.17378636556747
C            0.33192063246376       -1.56968340932845       -0.00348590301991
C            1.21767803926506       -2.13515680806183        1.11526365669976
N            0.78514072382701       -1.66359695852113        2.40462091626895
C            1.15126731370931       -0.54569141562069        3.05155027750424
C            0.39445271040073       -0.50437890303277        4.19965864748908
N           -0.37538452860659       -1.61634734046949        4.14717628014447
N           -0.13502059982305       -2.30937646140530        3.07402517944520
N           -1.34906824862560       -1.97311157389195        4.99731824585751
H            0.14325649415498        0.47877503150172        0.70647467663388
H           -0.11606092449115        0.26885558679989       -1.01634707744883
H            1.51780994270153        0.20047575874209       -0.37424772948547
H           -0.70899998027213       -1.82519984095442        0.20080630476972
H            0.62243755112023       -2.06883322315775       -0.92740220822180
H            1.14848631362551       -3.22400205481191        1.12749938614734
H            2.25511309563275       -1.83114109966222        0.96626818662542
H            1.89932158348077        0.12823948512207        2.68700328168237
H            0.35596708045694        0.20579438898337        4.99902278308219
H           -1.70402917891860       -2.90780070142627        4.83407427923785
H           -1.20190955979844       -1.72426559069578        5.96692718215561
