45
 energy: -47.821455519922 gnorm: 0.039811315950 xtb: 6.7.1 (edcfbbe)
C           -1.20707000000000        0.33531000000000       -0.25462000000000
C           -0.13173000000000        1.40532000000000        0.01432000000000
C            1.28339000000000        0.93016000000000       -0.31058000000000
C            1.61836000000000       -0.37624000000000        0.40226000000000
C            0.57249000000000       -1.45585000000000        0.13990000000000
C           -0.83565000000000       -0.96688000000000        0.47508000000000
C           -1.43257000000000        0.14997000000000       -1.77245000000000
C           -2.58283000000000       -0.78885000000000       -2.16252000000000
C           -3.96480000000000       -0.40442000000000       -1.62284000000000
C           -4.45764000000000        0.99209000000000       -2.01717000000000
C           -4.57923000000000        1.24505000000000       -3.52468000000000
C           -5.49212000000000        0.28802000000000       -4.29310000000000
N           -6.90794000000000        0.27374000000000       -3.75716000000000
C           -7.64467000000000        1.56907000000000       -3.97207000000000
C           -7.68979000000000       -0.88658000000000       -4.31799000000000
H           -2.14096000000000        0.71020000000000        0.18151000000000
H           -0.35321000000000        2.31761000000000       -0.55206000000000
H           -0.17191000000000        1.68394000000000        1.07567000000000
H            2.00361000000000        1.70179000000000       -0.01488000000000
H            1.39456000000000        0.79774000000000       -1.39288000000000
H            1.68454000000000       -0.19202000000000        1.48183000000000
H            2.60417000000000       -0.73028000000000        0.08023000000000
H            0.80477000000000       -2.34093000000000        0.74334000000000
H            0.62124000000000       -1.77040000000000       -0.90889000000000
H           -0.89222000000000       -0.78812000000000        1.55717000000000
H           -1.56196000000000       -1.75828000000000        0.26441000000000
H           -1.60977000000000        1.13186000000000       -2.22820000000000
H           -0.51981000000000       -0.23067000000000       -2.24520000000000
H           -2.62562000000000       -0.84280000000000       -3.25707000000000
H           -2.35078000000000       -1.80797000000000       -1.83243000000000
H           -4.69030000000000       -1.15474000000000       -1.95893000000000
H           -3.95997000000000       -0.47576000000000       -0.52882000000000
H           -5.42773000000000        1.16719000000000       -1.53741000000000
H           -3.78599000000000        1.74801000000000       -1.59316000000000
H           -4.91442000000000        2.27760000000000       -3.67695000000000
H           -3.58153000000000        1.19889000000000       -3.97767000000000
H           -5.54723000000000        0.56685000000000       -5.35140000000000
H           -5.11104000000000       -0.73653000000000       -4.22824000000000
H           -6.86111000000000        0.11531000000000       -2.74310000000000
H           -7.66401000000000        1.78672000000000       -5.04309000000000
H           -8.65872000000000        1.45277000000000       -3.57976000000000
H           -7.13277000000000        2.35732000000000       -3.41656000000000
H           -7.16352000000000       -1.80837000000000       -4.05624000000000
H           -8.68047000000000       -0.88409000000000       -3.85538000000000
H           -7.76152000000000       -0.76731000000000       -5.40221000000000
45
 energy: -47.824662213608 gnorm: 0.018926248221 xtb: 6.7.1 (edcfbbe)
C           -1.21046482261345        0.33425542107402       -0.25901534786518
C           -0.13445331239056        1.39615577749602        0.01472822144691
C            1.27728746371284        0.92302088908010       -0.32043723725010
C            1.61345622237789       -0.37463135266565        0.40620992557023
C            0.56997788246274       -1.45134579357158        0.12866107105810
C           -0.83349900070278       -0.95994077540760        0.47198195542041
C           -1.43649626573840        0.15274628840559       -1.76923704698874
C           -2.58317418637745       -0.78358098223985       -2.16562820161473
C           -3.96715735360281       -0.40848271436551       -1.62865478727225
C           -4.46639493102059        0.98592063746954       -2.01892175537672
C           -4.58282019779199        1.25260942656001       -3.52352839173503
C           -5.49795672312894        0.29419923358780       -4.27846993087770
N           -6.90051993474175        0.27062491781472       -3.74631185343411
C           -7.62667272943998        1.55161615873957       -3.96590243010824
C           -7.67459016711704       -0.87407361932380       -4.30694586831012
H           -2.14639118653807        0.70567148637324        0.17524872434478
H           -0.35973138576092        2.30332612968381       -0.55403725294490
H           -0.17327446299208        1.66257108976900        1.07573492845781
H            1.99161057449990        1.69664346164982       -0.02615894347997
H            1.38101659900337        0.78263761889741       -1.39979819070044
H            1.66441329078374       -0.18675615690716        1.48300513691541
H            2.59786753458795       -0.72753249310802        0.08824315387816
H            0.79598508254533       -2.33582517624679        0.73043910743571
H            0.61746936819372       -1.75395750945994       -0.92100879071317
H           -0.88422602001639       -0.77041566690098        1.54924682760827
H           -1.56137595919665       -1.74533598436298        0.25387762505672
H           -1.61011472965878        1.13921111223434       -2.21068689366700
H           -0.52413290966740       -0.23651917374300       -2.22563740542995
H           -2.61928538910624       -0.83303305095846       -3.25902739748920
H           -2.35494066684116       -1.79479579983288       -1.81968007555390
H           -4.68388685112851       -1.16760541716924       -1.96242209376421
H           -3.94922340617234       -0.46401814410880       -0.53755124423592
H           -5.43115257894222        1.16406912868190       -1.52901218580402
H           -3.78084212306924        1.73053643358641       -1.60938634451250
H           -4.91134358397984        2.28372267082312       -3.67840304369846
H           -3.59265995034411        1.17605128560820       -3.97914329691414
H           -5.54989578266860        0.57231260617757       -5.33352549682256
H           -5.10941941404904       -0.72383313871940       -4.20981151074375
H           -6.83616699772325        0.12294881823885       -2.73208488777807
H           -7.65642519125208        1.77540539455204       -5.02959934300041
H           -8.64323420160472        1.46004514800587       -3.58702971539145
H           -7.12646757766604        2.35742158298934       -3.43423448323714
H           -7.16926122952643       -1.80870506245398       -4.07111894910900
H           -8.67097489750658       -0.89092155813257       -3.86883778320249
H           -7.75593789809103       -0.76697314782009       -5.38611849816689
45
 energy: -47.825448165230 gnorm: 0.003684547408 xtb: 6.7.1 (edcfbbe)
C           -1.21698737330712        0.33384465024585       -0.26011070172575
C           -0.14207126101627        1.39452466580355        0.01273963710568
C            1.26717854031546        0.91945285032186       -0.33001238837484
C            1.60440884819723       -0.37323059199531        0.40559805562467
C            0.56315572245572       -1.44967306778692        0.11802282721229
C           -0.83872844861753       -0.95961332574215        0.46838062331611
C           -1.43827783523449        0.15712041587648       -1.76791456581584
C           -2.58210740306246       -0.77909376006879       -2.16847176924322
C           -3.96788118511585       -0.40927857831530       -1.63133521227134
C           -4.46817333413837        0.98609193400707       -2.01700439522128
C           -4.58519177048207        1.25228535809287       -3.52131111537678
C           -5.50390624353425        0.29415555515111       -4.27206162551600
N           -6.89444506236797        0.26782115817591       -3.73736792234305
C           -7.61068824629178        1.53644190462071       -3.95992378694890
C           -7.65955183910699       -0.86302135444855       -4.29511975724689
H           -2.15336898302544        0.70334824444830        0.17604218750663
H           -0.36843725321241        2.30276182584679       -0.55159601743502
H           -0.17414683862257        1.64859354412023        1.07442531210772
H            1.98042839664850        1.69557955157319       -0.04597690195560
H            1.36173781237947        0.76645285385258       -1.40656357658267
H            1.63785238279171       -0.18040447404799        1.48007744308033
H            2.59148669574735       -0.72419223361185        0.09912500944213
H            0.78647693987769       -2.33900223785520        0.71068869350634
H            0.61042405606144       -1.73619379559739       -0.93427796739059
H           -0.87901443148307       -0.76427549766528        1.54244552770662
H           -1.56726129355165       -1.74349117297140        0.25238215193029
H           -1.60947206151827        1.14526640524357       -2.20246977639404
H           -0.52788794270404       -0.23652359340656       -2.21810715098210
H           -2.61258497835121       -0.82572772468663       -3.26067197646239
H           -2.35495566008724       -1.78602352571343       -1.81626950960302
H           -4.67759039761474       -1.17494210407897       -1.96298033774809
H           -3.94316501717380       -0.45766653989502       -0.54250088128440
H           -5.42999980517845        1.16531037105075       -1.52284840416429
H           -3.77541576098990        1.72254604143198       -1.61146784500431
H           -4.90336174877048        2.28403766823882       -3.67689526276448
H           -3.59843994786452        1.15685858266384       -3.97436438636286
H           -5.55434601256261        0.57065582948219       -5.32639957129263
H           -5.10456198947561       -0.71818820244670       -4.19942037861109
H           -6.81066368618997        0.12956302654091       -2.72224021926311
H           -7.64716114917682        1.75764617579249       -5.02363423540806
H           -8.62913653974152        1.46311488854230       -3.58463360076586
H           -7.11210985369238        2.35444094666980       -3.44682659902125
H           -7.16333747581066       -1.80590197395783       -4.07616132695842
H           -8.66013288040637       -0.89025579844241       -3.86919985738575
H           -7.74406768499566       -0.75577489505945       -5.37377844561483
45
 energy: -47.825574992975 gnorm: 0.002512568712 xtb: 6.7.1 (edcfbbe)
C           -1.22241642890714        0.33495921864262       -0.26046391197039
C           -0.14717875194895        1.39501723687957        0.01412787363260
C            1.26041887252377        0.91865147080276       -0.33567805241520
C            1.59676104754190       -0.37179461152602        0.40462592111502
C            0.55781827946040       -1.44901869724919        0.11043446551959
C           -0.84325971725487       -0.95953773292191        0.46650710111810
C           -1.44136932733715        0.15968344985027       -1.76886750338695
C           -2.58303157809237       -0.77877360286731       -2.17061435350669
C           -3.96850840169868       -0.41021865831983       -1.63073184267389
C           -4.46704839727309        0.98607802642064       -2.01617606907086
C           -4.57990859791465        1.25190240376742       -3.52099006417953
C           -5.50113639491887        0.29263612020851       -4.26946872957161
N           -6.88911718644936        0.26644993799684       -3.73183438626793
C           -7.60299490306123        1.53318525090187       -3.95643316627820
C           -7.65296835871720       -0.86150131679479       -4.28808899375985
H           -2.15907029247113        0.70345198389470        0.17641789870554
H           -0.37483235033787        2.30528497691665       -0.54605124300454
H           -0.17453299855383        1.64529227755804        1.07676590046681
H            1.97620518920041        1.69542594312627       -0.06026795056131
H            1.34846997531230        0.75899646266726       -1.41184272197282
H            1.62144398439495       -0.17690874098085        1.47896074919565
H            2.58652394646638       -0.72144008199040        0.10591090090116
H            0.78209072042265       -2.34313159808102        0.69537844188747
H            0.60447059493637       -1.72652876704408       -0.94434941825169
H           -0.87886023243648       -0.76507579714827        1.54073117297665
H           -1.57277408030896       -1.74312210900505        0.25354201761636
H           -1.61251042817594        1.14759301000741       -2.20355823149619
H           -0.53044762921923       -0.23259508830703       -2.21882863598662
H           -2.61359024064167       -0.82468328759164       -3.26259635643346
H           -2.35370522859710       -1.78538308329577       -1.81951433832470
H           -4.67786484208654       -1.17569017814168       -1.96219810105643
H           -3.94222763013335       -0.46001571578071       -0.54213414303787
H           -5.42853611552124        1.16704485770243       -1.52220532757710
H           -3.77330898599500        1.72064577298438       -1.60942222528119
H           -4.89397203083918        2.28443226007264       -3.67847740227311
H           -3.59267301990081        1.15217075050924       -3.97123869768818
H           -5.55257855587664        0.56826660540435       -5.32425942324123
H           -5.09809081559957       -0.71856041264531       -4.19681924984063
H           -6.79762124459277        0.13145227032650       -2.71638563000508
H           -7.64325797494752        1.74865444204550       -5.02264215621474
H           -8.62078613875732        1.46512805983434       -3.57696397688337
H           -7.10092375239345        2.35434433703705       -3.45072143408064
H           -7.15683362593992       -1.80579419929896       -4.07287817535169
H           -8.65440480456011       -0.89075410835229       -3.86289494801964
H           -7.73734154879991       -0.75077933821511       -5.36779558347148
45
 energy: -47.825688001209 gnorm: 0.003389529303 xtb: 6.7.1 (edcfbbe)
C           -1.23128671202891        0.33680385256947       -0.26155083835051
C           -0.15587347864551        1.39658840638252        0.01485014626328
C            1.24907445809516        0.91786738784216       -0.34385232282185
C            1.58438941263964       -0.36962733115376        0.40196065377476
C            0.54855165146818       -1.44728863286211        0.09809767573805
C           -0.85166944827885       -0.96012445724573        0.46213728589136
C           -1.44740083100090        0.16315131937837       -1.77093873392887
C           -2.58574306264794       -0.77922842514929       -2.17311861353044
C           -3.97033261253671       -0.41208188496924       -1.62955223235358
C           -4.46383128547311        0.98654457341757       -2.01362026072999
C           -4.56886062944443        1.25059629222915       -3.51933727863544
C           -5.49169529576586        0.29061734349927       -4.26739191660927
N           -6.87745684243732        0.26506834227115       -3.72400619259874
C           -7.59063028118466        1.53140597137528       -3.95063054297146
C           -7.64214513157131       -0.86231006741467       -4.27665978600293
H           -2.16847007836735        0.70397284109598        0.17540937093524
H           -0.38603991841459        2.31093531538901       -0.53785408808001
H           -0.17696531672056        1.64080913652954        1.07928693039137
H            1.96949640195354        1.69506855331466       -0.08164716803117
H            1.32709097440598        0.74939511713475       -1.41964106258733
H            1.59538699299183       -0.17223152813975        1.47634556352034
H            2.57880348167755       -0.71717735151490        0.11606787498939
H            0.77495412536037       -2.34908664168592        0.67059244424761
H            0.59379524651062       -1.71135394738968       -0.96045781440134
H           -0.88099756520897       -0.76773454967305        1.53715794407742
H           -1.58332378791876       -1.74304995007450        0.25356446198955
H           -1.62033801095920        1.15061150051975       -2.20624595251784
H           -0.53485613377508       -0.22520306325419       -2.22167267137087
H           -2.61824369237828       -0.82408073390012       -3.26504415385113
H           -2.35211993481413       -1.78609220280953       -1.82508646921355
H           -4.68144421303106       -1.17542231553812       -1.96124559414514
H           -3.94246957825356       -0.46538120533914       -0.54098767914011
H           -5.42627954631637        1.17072473073139       -1.52282300910233
H           -3.76986583218899        1.71907542491414       -1.60281071356835
H           -4.87790320055568        2.28408670722743       -3.68106100887157
H           -3.57993200110664        1.14680643444503       -3.96470066012618
H           -5.54586013130093        0.56537465675789       -5.32276357362130
H           -5.08610160421914       -0.72001103791860       -4.19547749814901
H           -6.77680272818248        0.13381568212338       -2.70842954205669
H           -7.63927806657255        1.73737216200783       -5.01989393474823
H           -8.60545911119995        1.46854347562492       -3.56099724180029
H           -7.08138261357460        2.35547166866106       -3.45587598993874
H           -7.14464744331011       -1.80686177007152       -4.06386046045282
H           -8.64296994198809       -0.89219053730278       -3.84883672215037
H           -7.72834668373017       -0.74872926203504       -5.35738862536069
45
 energy: -47.825734770144 gnorm: 0.002270551188 xtb: 6.7.1 (edcfbbe)
C           -1.23690699297905        0.33784853911858       -0.26332943757779
C           -0.16134629884697        1.39721212663483        0.01420227675618
C            1.24222107183081        0.91793544398147       -0.34822800330772
C            1.57644673086334       -0.36843195646304        0.39953631374359
C            0.54242265384496       -1.44614245908172        0.09070046947421
C           -0.85708025143816       -0.96018791598141        0.45848673991119
C           -1.45241598181254        0.16468292504027       -1.77298194084677
C           -2.58862365186750       -0.78031666084032       -2.17428017952592
C           -3.97213812067042       -0.41346487930544       -1.62855799081202
C           -4.46180746899373        0.98662952183160       -2.01172210657386
C           -4.56066575004962        1.25049305397287       -3.51777266793256
C           -5.48270287054133        0.29072615417237       -4.26700383337093
N           -6.86797026916522        0.26475355313746       -3.72053556397467
C           -7.58261836759364        1.53151103650199       -3.94694820477425
C           -7.63446914035500       -0.86465907126784       -4.26913713855139
H           -2.17426775625609        0.70456564955432        0.17337838213566
H           -0.39287332500092        2.31355725616039       -0.53474145133104
H           -0.18042614766527        1.63834855908709        1.07952113875026
H            1.96472945533368        1.69493575506482       -0.09159558974107
H            1.31582516091948        0.74624372163175       -1.42376892481508
H            1.58074690330243       -0.17046365926826        1.47389734733792
H            2.57296952248093       -0.71488248514210        0.12008710688252
H            0.76992205160954       -2.35162358409158        0.65684284366189
H            0.58668300772373       -1.70355432361199       -0.96953352611125
H           -0.88423302260731       -0.76933267428606        1.53403111900078
H           -1.58991034183684       -1.74238284960709        0.25100843212488
H           -1.62767917238432        1.15190404080247       -2.20828413598161
H           -0.53894035092749       -0.22081801373055       -2.22462602049475
H           -2.62281290915529       -0.82518902399870       -3.26628197527898
H           -2.35239780918971       -1.78716206750258       -1.82745165197530
H           -4.68525912858880       -1.17471212199959       -1.96094819096052
H           -3.94393880477153       -0.46908099370385       -0.53994405190481
H           -5.42550618816837        1.17302810702072       -1.52404795995705
H           -3.76809564121678        1.71780835760614       -1.59753386722773
H           -4.86775088176113        2.28426286390337       -3.68209965643643
H           -3.57015785812447        1.14551854912687       -3.95961884340571
H           -5.53875477250009        0.56616514039343       -5.32210385126336
H           -5.07739050107717       -0.72014996303374       -4.19655897199462
H           -6.76422588342009        0.13497726710315       -2.70517191418148
H           -7.63853821559418        1.73280222154387       -5.01665339044689
H           -8.59427898012799        1.47001647593644       -3.54909398082091
H           -7.06850760672117        2.35621821633603       -3.45865596196834
H           -7.13538974406565       -1.80802989220936       -4.05528438852883
H           -8.63362092054041       -0.89336714596923       -3.83743855719479
H           -7.72374543189455       -0.75275279456775       -5.34974824051035
45
 energy: -47.825769909774 gnorm: 0.000902388081 xtb: 6.7.1 (edcfbbe)
C           -1.24202986543618        0.33871021348870       -0.26603819296367
C           -0.16649347059758        1.39778683455343        0.01211211844223
C            1.23627818078088        0.91833975701429       -0.35139475507962
C            1.56966030813627       -0.36796955172799        0.39639439576619
C            0.53632367103733       -1.44508876489165        0.08452283028391
C           -0.86261507109634       -0.96007161667311        0.45434096733728
C           -1.45774536630054        0.16558870966163       -1.77558721142066
C           -2.59220111465243       -0.78188765060763       -2.17490012047584
C           -3.97468935974375       -0.41500169987042       -1.62781684101667
C           -4.46047828497581        0.98662184715098       -2.00954095115656
C           -4.55299704825590        1.25134687531630       -3.51568031778831
C           -5.47290043953522        0.29247754893865       -4.26750081826585
N           -6.85772605001695        0.26487544138389       -3.71841998668724
C           -7.57495773087389        1.53170606246481       -3.94353366886186
C           -7.62583697026568       -0.86788575478203       -4.26172299526475
H           -2.17933914084250        0.70544766180532        0.17044351613936
H           -0.39867685544327        2.31511772777073       -0.53492355980219
H           -0.18544924552248        1.63698756475524        1.07786808078454
H            1.95953310913086        1.69475996958816       -0.09616644340021
H            1.30839207142506        0.74627019204456       -1.42677102870008
H            1.57032107726748       -0.17045424533801        1.47067997691877
H            2.56701403459716       -0.71388034915003        0.12019940278203
H            0.76426573510412       -2.35243534080118        0.64704369881978
H            0.57974407873308       -1.69868649816273       -0.97647156573802
H           -0.88920184760764       -0.77042457514372        1.53016890318664
H           -1.59620292102974       -1.74146032560798        0.24639389831697
H           -1.63596036177540        1.15259935542294       -2.21036806407097
H           -0.54365370368503       -0.21727928734348       -2.22817969250321
H           -2.62795549800468       -0.82788988551115       -3.26691961066002
H           -2.35396016098240       -1.78819616258032       -1.82776435095442
H           -4.68983710454710       -1.17426284590306       -1.96107729506158
H           -3.94640081147902       -0.47243321656768       -0.53924528308661
H           -5.42561914515986        1.17484451826022       -1.52520503585670
H           -3.76705169882656        1.71608937536203       -1.59168119108830
H           -4.85896008815234        2.28522255871146       -3.68152094890695
H           -3.56076915465586        1.14618486283465       -3.95388183187856
H           -5.53062447684335        0.57005377707775       -5.32174319005177
H           -5.06824171596396       -0.71872776385711       -4.19954917128000
H           -6.75269944848176        0.13601426928706       -2.70334726564384
H           -7.63952779270352        1.72965796676010       -5.01265098111952
H           -8.58279445111414        1.47065932011295       -3.53669637484212
H           -7.05636023244756        2.35691334215101       -3.46156769725387
H           -7.12487008333716       -1.80943861601878       -4.04527662379331
H           -8.62275871742574       -0.89498502447422       -3.82525387125242
H           -7.71942683843079       -0.76037657690445       -5.34176085285162
45
 energy: -47.825798517813 gnorm: 0.001741581549 xtb: 6.7.1 (edcfbbe)
C           -1.24889199089741        0.33967193551213       -0.27032618273657
C           -0.17331410242205        1.39839370566410        0.00812417145096
C            1.22941224468944        0.91939882160186       -0.35453280781000
C            1.56176463555713       -0.36833490477685        0.39116601455314
C            0.52809686890318       -1.44447570220474        0.07790249903425
C           -0.87016349267531       -0.95951408928656        0.44903798819769
C           -1.46507774363815        0.16596422318479       -1.77953917457598
C           -2.59763315751785       -0.78468581226489       -2.17556738393375
C           -3.97894560661348       -0.41696692772699       -1.62723143857695
C           -4.45961659627212        0.98685933530503       -2.00654966899812
C           -4.54385027572998        1.25438163498335       -3.51256767366059
C           -5.46055415782580        0.29710234903289       -4.26877679344818
N           -6.84399614180811        0.26523470744088       -3.71616355869741
C           -7.56560622946796        1.53069018170576       -3.93896171804032
C           -7.61249722886660       -0.87242160978417       -4.25169796030300
H           -2.18599267941885        0.70687885530824        0.16603264630183
H           -0.40546146817704        2.31558463683204       -0.53903588952202
H           -0.19352047491694        1.63712387828332        1.07384784597373
H            1.95234077226023        1.69494731173745       -0.09654879473023
H            1.30268039416786        0.74971301754681       -1.43004987401134
H            1.56205581188131       -0.17253011031179        1.46548628694973
H            2.55865508345897       -0.71428478008762        0.11456287709262
H            0.75595451748969       -2.35253578366491        0.63881322320947
H            0.57048147784542       -1.69613986852358       -0.98336936037588
H           -0.89709565294252       -0.77103968564008        1.52496807399529
H           -1.60417304102894       -1.74001604081984        0.23953419302918
H           -1.64698732944240        1.15249645408519       -2.21374106331052
H           -0.55049008513013       -0.21419492065074       -2.23296182971239
H           -2.63487279465203       -0.83367235360007       -3.26745345397079
H           -2.35757247496517       -1.78959560742329       -1.82600542255544
H           -4.69633747542227       -1.17377905257779       -1.96192484885391
H           -3.95073231949347       -0.47647917147598       -0.53884100646823
H           -5.42644609105396        1.17705493984014       -1.52618797068287
H           -3.76622752212236        1.71329797110868       -1.58365598930717
H           -4.84862615277778        2.28849463313733       -3.67868468762888
H           -3.54939026588677        1.14950648363333       -3.94587583955410
H           -5.52063767804218        0.57928793577372       -5.32137164869823
H           -5.05519969785669       -0.71402464007992       -4.20582255101627
H           -6.73709603208223        0.13758622832944       -2.70132847885437
H           -7.64336033686916        1.72440213326456       -5.00717969290745
H           -8.56792289960571        1.47026090743371       -3.51922525287112
H           -7.04149448042085        2.35770982936595       -3.46654867211304
H           -7.10832621515099       -1.81125456236109       -4.03154429365462
H           -8.60661580709473       -0.89865887848502       -3.80918644054122
H           -7.71219610796513       -0.77199760836464       -5.33100839766646
45
 energy: -47.825818133618 gnorm: 0.001147492234 xtb: 6.7.1 (edcfbbe)
C           -1.25240861327483        0.33954891178917       -0.27281908654487
C           -0.17717988283184        1.39868493007029        0.00512791368568
C            1.22629262024587        0.92002031037398       -0.35561676014158
C            1.55885080013011       -0.36932434126959        0.38762276449251
C            0.52387910653073       -1.44487667347247        0.07609337665232
C           -0.87423238116504       -0.95928598936828        0.44723393156616
C           -1.46845154399623        0.16473664509022       -1.78186535522775
C           -2.60092254317974       -0.78678709689301       -2.17607812442189
C           -3.98188658914972       -0.41757600772309       -1.62756882626732
C           -4.45949211530269        0.98789285986532       -2.00487346062698
C           -4.54016640628227        1.25824508270736       -3.51061633202202
C           -5.45569803827257        0.30195849899294       -4.26966988514239
N           -6.83748257422397        0.26559853175379       -3.71463860636515
C           -7.56271587130626        1.52845631200134       -3.93654640965682
C           -7.60350618411689       -0.87483311933056       -4.24628729454197
H           -2.18945150949330        0.70719441946354        0.16342059768895
H           -0.40879081442569        2.31481466321652       -0.54406234532432
H           -0.19857821001886        1.63911442807738        1.07038718322066
H            1.94823841395813        1.69525621098109       -0.09341205618823
H            1.30228227084918        0.75348395396633       -1.43154993419662
H            1.56261019473418       -0.17491658102745        1.46220019634037
H            2.55459016721505       -0.71580222578547        0.10718839594155
H            0.75148057098723       -2.35205277446827        0.63859505763191
H            0.56573141550180       -1.69829729630919       -0.98479486910264
H           -0.90130506018554       -0.77051351920860        1.52300481636182
H           -1.60815456331737       -1.73980293211550        0.23762618833676
H           -1.65108019330973        1.15073530659114       -2.21666573088267
H           -0.55377732424669       -0.21524808550431       -2.23502325340083
H           -2.63847318920771       -0.83807877846714       -3.26776257842703
H           -2.36095570846405       -1.79080801860926       -1.82431391441405
H           -4.70030241112097       -1.17284933120240       -1.96339673212629
H           -3.95385194489882       -0.47850691488039       -0.53933720731583
H           -5.42670667677110        1.17902205576437       -1.52574056995545
H           -3.76557058349899        1.71205380217825       -1.57928578482032
H           -4.84431873359279        2.29272316920179       -3.67531208326568
H           -3.54483254993406        1.15382394230017       -3.94176010221448
H           -5.51765763577157        0.58799193731197       -5.32112484390766
H           -5.04764619177682       -0.70837505779906       -4.21111362874646
H           -6.72779344293315        0.13914500888923       -2.69974938228832
H           -7.64862148928473        1.71878426156747       -5.00482790402681
H           -8.56186569754305        1.46835299602679       -3.50939288621084
H           -7.03657602115188        2.35821694434949       -3.47092319489059
H           -7.09647455285829       -1.81194670314283       -4.02490172455497
H           -8.59678568373922       -0.90295682370654       -3.80183951927348
H           -7.70572262950578       -0.77757691224639       -5.32562003542582
45
 energy: -47.825841029868 gnorm: 0.000571865756 xtb: 6.7.1 (edcfbbe)
C           -1.25734193286433        0.33878223564964       -0.27600689501753
C           -0.18234778804334        1.39841679250462        0.00059993062191
C            1.22241177945119        0.92057643933670       -0.35744612232393
C            1.55533285743716       -0.37116118510150        0.38195566980639
C            0.51832844879533       -1.44639275826131        0.07533268684017
C           -0.87916325186135       -0.95860028150491        0.44645113681856
C           -1.47241535206477        0.16104484735819       -1.78488165481797
C           -2.60590279109248       -0.79019641998281       -2.17713084949898
C           -3.98630946365021       -0.41777130220526       -1.62855459540811
C           -4.45884485736159        0.99055196378870       -2.00213396212715
C           -4.53580696861622        1.26619516113120       -3.50718388887442
C           -5.44994214473116        0.31160961820439       -4.27106652016565
N           -6.82914082399855        0.26651959810892       -3.71197136974347
C           -7.56224592902891        1.52405463898283       -3.93342299641844
C           -7.58905074294512       -0.87892489802676       -4.23909603848551
H           -2.19459446821109        0.70713036914888        0.15941407629574
H           -0.41322678413257        2.31262703167274       -0.55220333785283
H           -0.20531149327901        1.64264238690189        1.06499008480915
H            1.94304756966775        1.69544652095387       -0.08941921705435
H            1.30223056652438        0.75877609541509       -1.43406251747040
H            1.56671766096123       -0.17864457127371        1.45697903196329
H            2.54890293379472       -0.71868736896703        0.09423859352055
H            0.74584020383215       -2.35164499457891        0.64134867452680
H            0.55877541577358       -1.70425935243586       -0.98468402081742
H           -0.90561227499388       -0.76791769937119        1.52187029243228
H           -1.61331148704303       -1.73937688612707        0.23868206064559
H           -1.65380743344439        1.14614580056642       -2.22207343970323
H           -0.55777007428312       -0.22071884517166       -2.23666126629796
H           -2.64372284526041       -0.84408470062021       -3.26861449603004
H           -2.36728146511355       -1.79358243505661       -1.82285919647468
H           -4.70664005160116       -1.16992674928868       -1.96699074662273
H           -3.95909556891705       -0.48194216616672       -0.54048895265650
H           -5.42611395411229        1.18338102195803       -1.52378932112772
H           -3.76346283788523        1.71099606613071       -1.57272805671651
H           -4.83968624143629        2.30127550672896       -3.66866954902427
H           -3.53957485249845        1.16319941753889       -3.93626870738729
H           -5.51550212982990        0.60467557813087       -5.32051561623740
H           -5.03672880788316       -0.69715157968055       -4.22072471846868
H           -6.71385677164724        0.14248575284764       -2.69710031693237
H           -7.66040614977281        1.70762880123729       -5.00223436295076
H           -8.55664826176227        1.46289563892513       -3.49525063614586
H           -7.03462945103973        2.35926702014046       -3.47896523543440
H           -7.07641621824287       -1.81289899171339       -4.01642179236214
H           -8.58178918743311       -0.91204685386992       -3.79338608303352
H           -7.69336658015682       -0.78495426395789       -5.31884575859759
45
 energy: -47.825854022740 gnorm: 0.000931679410 xtb: 6.7.1 (edcfbbe)
C           -1.26059784004750        0.33744706203284       -0.27826234417536
C           -0.18642880599089        1.39817284407388       -0.00315698210588
C            1.21845592700272        0.91972215962305       -0.36042989953918
C            1.55279122148257       -0.37262585239644        0.37746514348779
C            0.51390737331612       -1.44731489852556        0.07490510447362
C           -0.88304383179836       -0.95855420213541        0.44685768796186
C           -1.47473950912220        0.15696192791600       -1.78691291501311
C           -2.61003840157358       -0.79257419633500       -2.17806993364366
C           -3.98987271435638       -0.41731674422607       -1.62962703200065
C           -4.45766650981808        0.99361808099176       -1.99958446703940
C           -4.53257676838307        1.27400523946939       -3.50385708362786
C           -5.44525283262850        0.32088773747070       -4.27192904760799
N           -6.82258017317785        0.26739476334633       -3.70959410504738
C           -7.56372327293753        1.51985521013151       -3.93097153134275
C           -7.57615309349787       -0.88295104105811       -4.23371618823461
H           -2.19807907345717        0.70631478874568        0.15614834269927
H           -0.41723485894942        2.31148899625201       -0.55766165941459
H           -0.20965262518636        1.64425049831580        1.06084672830906
H            1.93862516992252        1.69440828826373       -0.09046484058422
H            1.29938780359004        0.75986825532676       -1.43733899408655
H            1.56874029365651       -0.18035449488943        1.45261947724731
H            2.54512755990046       -0.72087861488976        0.08564882001933
H            0.74169168402638       -2.35104073727854        0.64330999526323
H            0.55284422863287       -1.70861069293794       -0.98440565202532
H           -0.90774767587907       -0.76503955360453        1.52183329449293
H           -1.61790935776587       -1.73955799822608        0.24210562347964
H           -1.65349739427264        1.14143470250339       -2.22663266631880
H           -0.56043488101154       -0.22776216806830       -2.23689748331561
H           -2.64811142567597       -0.84728171283826       -3.26948162980816
H           -2.37323544235543       -1.79608308048006       -1.82292570030698
H           -4.71210858563308       -1.16651015728919       -1.97057111536391
H           -3.96357161745046       -0.48459161802820       -0.54172303961960
H           -5.42456078997155        1.18838646903707       -1.52117634339060
H           -3.76039753491007        1.71069847948663       -1.56758944811991
H           -4.83694969502409        2.30944449308450       -3.66215003886937
H           -3.53579980884672        1.17286968118536       -3.93196081145341
H           -5.51403671986566        0.62035300259115       -5.31941466654986
H           -5.02779984303328       -0.68647357646212       -4.22895237871235
H           -6.70253953427756        0.14571614816344       -2.69488126490334
H           -7.67201049122847        1.69723415558389       -5.00003781179279
H           -8.55411490428308        1.45630323984329       -3.48409540141058
H           -7.03630901418479        2.36021739795323       -3.48585180500290
H           -7.05829461619622       -1.81380423566457       -4.00988305065984
H           -8.56861302568245       -0.92095121963679       -3.78773550448452
H           -7.68136859305748       -0.79133682642083       -5.31378738186229
45
 energy: -47.825866993434 gnorm: 0.000901384392 xtb: 6.7.1 (edcfbbe)
C           -1.26450425402318        0.33589332727367       -0.28006950710397
C           -0.18995677938395        1.39658393946474       -0.00663032968052
C            1.21479848578760        0.91842921120233       -0.36494271313508
C            1.54957353517896       -0.37368801508780        0.37323723051024
C            0.51007172657560       -1.44915972742493        0.07529040180875
C           -0.88587427944250       -0.95817193746499        0.44794272008457
C           -1.47685499632776        0.15192968482043       -1.78855508963017
C           -2.61458941136721       -0.79481379004027       -2.17925790468645
C           -3.99342967449429       -0.41596322480749       -1.63071627395735
C           -4.45592053409773        0.99776702136450       -1.99671269393357
C           -4.52994355581909        1.28341619174289       -3.50003860745759
C           -5.44029502503788        0.33167524969994       -4.27287152357930
N           -6.81600197571029        0.26845567375993       -3.70742757279368
C           -7.56700146215672        1.51504912974560       -3.92864803878756
C           -7.56195880570529       -0.88785247323525       -4.22891741146527
H           -2.20242306351275        0.70529991536031        0.15300956460938
H           -0.42121787342083        2.30922471835573       -0.56197935969575
H           -0.21242357697867        1.64407590735184        1.05707049027674
H            1.93535391703832        1.69325860456504       -0.09622617857590
H            1.29444649553380        0.75803846198007       -1.44188171671539
H            1.56918937371754       -0.18039531111365        1.44817667249439
H            2.54083836821304       -0.72262526178325        0.07870009982289
H            0.73850658959166       -2.35158857109864        0.64564971698766
H            0.54718802590442       -1.71334710382929       -0.98341260786938
H           -0.90870617136575       -0.76156706584416        1.52240219433050
H           -1.62152005162828       -1.73931621101866        0.24668530649125
H           -1.65132248844645        1.13581743393363       -2.23137358512360
H           -0.56326522330381       -0.23729900360584       -2.23617913395561
H           -2.65282851536295       -0.84933842717711       -3.27070541726855
H           -2.38032754089517       -1.79894619264513       -1.82399065410185
H           -4.71791477941955       -1.16173355919013       -1.97448468306094
H           -3.96833520954228       -0.48667067582465       -0.54296075837105
H           -5.42200384925886        1.19499568735743       -1.51758469571988
H           -3.75600031175872        1.71098399237185       -1.56254045381055
H           -4.83597497988577        2.31900628204797       -3.65435886684761
H           -3.53270313991608        1.18550347456270       -3.92779365680449
H           -5.51262720848577        0.63815057981101       -5.31809011953802
H           -5.01835378148452       -0.67408976276937       -4.23782959553983
H           -6.69171412002074        0.14918682410045       -2.69295731141551
H           -7.68554870499125        1.68602866124245       -4.99766773758465
H           -8.55318033472020        1.44753654590671       -3.47307347036008
H           -7.04104776806069        2.36092550680891       -3.49263111728049
H           -7.03797901723704       -1.81482586470279       -4.00325177584615
H           -8.55422951748342       -0.93146276002051       -3.78309413169944
H           -7.66746853679566       -0.79893708614603       -5.30929970402037
45
 energy: -47.825879548130 gnorm: 0.000567094624 xtb: 6.7.1 (edcfbbe)
C           -1.26712856597617        0.33345916522995       -0.28185790985075
C           -0.19302846674267        1.39500795188539       -0.01028424777736
C            1.21044945537880        0.91545716841327       -0.37130652342241
C            1.54684467141665       -0.37455023827383        0.36977828895744
C            0.50671745087669       -1.45056560505702        0.07581477190164
C           -0.88873624136646       -0.95897137090889        0.44923748656367
C           -1.47868298097767        0.14639578124859       -1.79001097067575
C           -2.61981117309718       -0.79630884664692       -2.18051341696552
C           -3.99736149037997       -0.41357890989586       -1.63166110091579
C           -4.45398873866503        1.00308983809832       -1.99354864082768
C           -4.52784233119888        1.29453183892405       -3.49582810229706
C           -5.43483436437836        0.34361403983610       -4.27350640165370
N           -6.80926163854996        0.26942796712077       -3.70553533859381
C           -7.57138716044593        1.50962806541654       -3.92634286491805
C           -7.54657094480627       -0.89374006723561       -4.22480604501404
H           -2.20525636748341        0.70340820058263        0.15002717812216
H           -0.42539527235947        2.30783723705300       -0.56491760968324
H           -0.21342141148611        1.64219045029077        1.05354697382290
H            1.93207080716562        1.69069597748883       -0.10718169482110
H            1.28675522727991        0.75191352201215       -1.44792926818284
H            1.56728869390993       -0.17829024870949        1.44413472318379
H            2.53788815083747       -0.72410226406962        0.07540877361357
H            0.73597241198000       -2.35154916877581        0.64793884717986
H            0.54243684537723       -1.71752006002838       -0.98218296814966
H           -0.90971868287494       -0.75905914702066        1.52314784467445
H           -1.62515772607616       -1.74034277553323        0.25139046910059
H           -1.64780838865607        1.12986938005470       -2.23596077343186
H           -0.56628347937746       -0.24837604416469       -2.23516085061739
H           -2.65845904747474       -0.84972791265715       -3.27206713207094
H           -2.38864113671174       -1.80153011273944       -1.82600848750346
H           -4.72455662316235       -1.15557175288613       -1.97809819985678
H           -3.97329785532211       -0.48779351800687       -0.54406124285382
H           -5.41888557574925        1.20326097724827       -1.51317333280717
H           -3.75072696935791        1.71205830293672       -1.55773610895310
H           -4.83710716024934        2.32990685682818       -3.64559005036226
H           -3.53008719184654        1.20154438330464       -3.92370388596237
H           -5.51086191676860        0.65710981967123       -5.31631080295570
H           -5.00809904087285       -0.66029458702290       -4.24641233119788
H           -6.68181179433584        0.15226993835174       -2.69133378447483
H           -7.69999375207099        1.67451215209041       -4.99501093958304
H           -8.55327682534084        1.43667052994089       -3.46232600596233
H           -7.04807405662826        2.36116898421929       -3.49859535409716
H           -7.01577688200996       -1.81616419072912       -3.99652309600239
H           -8.53872315605114       -0.94351976294942       -3.77947847000169
H           -7.65184930537193       -0.80803194493514       -5.30545140467630
45
 energy: -47.825886859091 gnorm: 0.000358060649 xtb: 6.7.1 (edcfbbe)
C           -1.26890549524996        0.33143909962301       -0.28306263415537
C           -0.19426312810842        1.39282000889249       -0.01303885602623
C            1.20825691955848        0.91271776063781       -0.37639626518191
C            1.54520369950512       -0.37481190259806        0.36860270164174
C            0.50572890289791       -1.45202060087073        0.07670815354076
C           -0.88989587293201       -0.96021553899641        0.44916444740391
C           -1.48006540418700        0.14281568951430       -1.79104170461415
C           -2.62410021014171       -0.79639316110611       -2.18130299650706
C           -4.00047820462080       -0.41051377223388       -1.63200459121102
C           -4.45311970623315        1.00810882721774       -1.99107523573537
C           -4.52753630074657        1.30308848991815       -3.49267331988401
C           -5.43109812373475        0.35182305010504       -4.27359334052852
N           -6.80479155110840        0.26967659973224       -3.70460144700882
C           -7.57463970910869        1.50537412557540       -3.92479406821560
C           -7.53560824934062       -0.89832797535151       -4.22293647056973
H           -2.20696843685593        0.70180876095331        0.14857736159170
H           -0.42763488303570        2.30600037689962       -0.56659382267723
H           -0.21272663439657        1.63927982710718        1.05095503442211
H            1.93094371899520        1.68863602698254       -0.11745463966509
H            1.28119984964719        0.74491616735614       -1.45251384745677
H            1.56417404762021       -0.17524300928006        1.44233496472500
H            2.53670398838526       -0.72468365458540        0.07645126413471
H            0.73546176696283       -2.35201197907857        0.65014173610366
H            0.54146552355463       -1.72050686912642       -0.98084688424130
H           -0.91111640940569       -0.75917222046210        1.52281581980871
H           -1.62618507557210       -1.74182740554180        0.25192776071624
H           -1.64550611979993        1.12624439634369       -2.23840923405952
H           -0.56894101346206       -0.25591344016607       -2.23519009718628
H           -2.66321608703470       -0.84861099095609       -3.27292641054641
H           -2.39546219470552       -1.80255066096622       -1.82767603209790
H           -4.72977168944103       -1.15002490276139       -1.97950753613932
H           -3.97664756492753       -0.48652180455429       -0.54452936389906
H           -5.41710997472806        1.21030154260890       -1.50978252042640
H           -3.74742718298405        1.71420060079443       -1.55455887939586
H           -4.84028902265282        2.33791600650556       -3.63921702495519
H           -3.52939595840050        1.21481038424023       -3.92081942477424
H           -5.50943126296630        0.66932500006200       -5.31492351081925
H           -5.00060826371363       -0.65048909795231       -4.25101348006786
H           -6.67639242363142        0.15328860682983       -2.69049773016651
H           -7.70906115548652        1.66713962009767       -4.99298772155472
H           -8.55390073279943        1.42791129031044       -3.45618791744674
H           -7.05413047455816        2.36059143451848       -3.50115824975165
H           -7.00006575943483       -1.81740712507502       -3.99250469811222
H           -8.52769421129248       -0.95249365609165       -3.77818082360428
H           -7.64043393033017       -0.81505392507185       -5.30366846540610
45
 energy: -47.825891492596 gnorm: 0.000402905001 xtb: 6.7.1 (edcfbbe)
C           -1.26885558875920        0.32969071355868       -0.28416512751551
C           -0.19406681050678        1.39112711126130       -0.01475462888230
C            1.20779458564631        0.91049826925187       -0.37940059788145
C            1.54478416089287       -0.37487837238836        0.36910770392550
C            0.50642556581390       -1.45321076799916        0.07748632461370
C           -0.88994786739284       -0.96203136367278        0.44812670477451
C           -1.48154325397594        0.14119765022618       -1.79192797071685
C           -2.62768421555447       -0.79551559151454       -2.18198785851286
C           -4.00280968936590       -0.40721025649284       -1.63138823930734
C           -4.45338566610169        1.01226248061343       -1.98952971971881
C           -4.52825691912571        1.30912771251934       -3.49081083919471
C           -5.42888402591782        0.35642765259301       -4.27311013550893
N           -6.80235914300592        0.26927947344793       -3.70427698672627
C           -7.57678768747703        1.50229250863632       -3.92391352625399
C           -7.52912987230257       -0.90146104728220       -4.22272641696352
H           -2.20654816917625        0.70025925791636        0.14799396912789
H           -0.42798054684495        2.30441393793090       -0.56783688003606
H           -0.21141577801061        1.63726810383201        1.04932323179870
H            1.93096578962296        1.68710173155916       -0.12420855930888
H            1.27887051845642        0.73913592776105       -1.45501240991118
H            1.56152163408035       -0.17273164899833        1.44234354440460
H            2.53700460594528       -0.72479519935396        0.07973763245334
H            0.73611562437536       -2.35246247697030        0.65205998163424
H            0.54340575247548       -1.72267316982952       -0.97977095898465
H           -0.91298966996290       -0.76162767884326        1.52187085788907
H           -1.62541477385694       -1.74399480024290        0.24923013800733
H           -1.64489989858803        1.12490708233284       -2.23940723896400
H           -0.57158364610065       -0.25982236728955       -2.23628370995839
H           -2.66748074518166       -0.84696674309746       -3.27365994006069
H           -2.40089100833486       -1.80232667269315       -1.82898370725510
H           -4.73359417965332       -1.14532598405604       -1.97875666087417
H           -3.97851357284860       -0.48383864923309       -0.54393643809585
H           -5.41684476811289        1.21553785975613       -1.50769687617135
H           -3.74639979485967        1.71688618516129       -1.55282135627801
H           -4.84409897624677        2.34326514990231       -3.63582256872937
H           -3.52977721137263        1.22449150382705       -3.91903687728291
H           -5.50829358776073        0.67532659032018       -5.31388108603345
H           -4.99551362607378       -0.64464048941205       -4.25213579408256
H           -6.67429960900614        0.15271540467418       -2.69015974514571
H           -7.71330349213379        1.66324536891389       -4.99185364449763
H           -8.55501346598882        1.42166898634501       -3.45369602517434
H           -7.05848236556286        2.35927043063430       -3.50115157908511
H           -6.99065101959982       -1.81850699405242       -3.99108466472427
H           -8.52132408785113       -0.95856521742197       -3.77858030584410
H           -7.63334350469573       -0.81937160213055       -5.30350101494773
