19
 energy: -24.712761265965 gnorm: 0.053170360042 xtb: 6.7.1 (edcfbbe)
C            1.16743000000000        0.46031000000000       -0.04579000000000
C            0.32052000000000        0.39287000000000       -1.08136000000000
N           -1.08506000000000        0.34706000000000       -0.99213000000000
C           -1.76010000000000        0.37420000000000        0.18537000000000
C           -3.15215000000000        0.32450000000000        0.22255000000000
C           -3.87898000000000        0.24117000000000       -0.96079000000000
C           -3.17903000000000        0.22262000000000       -2.16163000000000
C           -1.78809000000000        0.27365000000000       -2.15382000000000
C           -5.37935000000000        0.20252000000000       -0.93019000000000
H            0.88761000000000        0.48831000000000        0.99927000000000
H            2.23968000000000        0.49017000000000       -0.23532000000000
H            0.77139000000000        0.37099000000000       -2.07553000000000
H           -1.20097000000000        0.43776000000000        1.11213000000000
H           -3.66464000000000        0.35119000000000        1.18333000000000
H           -3.70827000000000        0.16711000000000       -3.11170000000000
H           -1.23171000000000        0.25620000000000       -3.08805000000000
H           -5.72476000000000       -0.58186000000000       -0.24884000000000
H           -5.77283000000000        1.16806000000000       -0.59717000000000
H           -5.79388000000000       -0.01304000000000       -1.92048000000000
19
 energy: -24.715616569068 gnorm: 0.021440789593 xtb: 6.7.1 (edcfbbe)
C            1.15509395753846        0.45938203936251       -0.04512051670000
C            0.31128505731695        0.39278426670956       -1.06897157023163
N           -1.09422923345980        0.34718692021527       -0.99283964766575
C           -1.76456300190038        0.37427831438066        0.17698501775216
C           -3.14113683437397        0.32572951441356        0.21723190037937
C           -3.88133033205533        0.24622385933314       -0.96409104914115
C           -3.16804132397207        0.22360083769842       -2.16221145712594
C           -1.79112192427181        0.27406486075330       -2.14819733871637
C           -5.36867950580788        0.19811712194088       -0.93514980941187
H            0.87713574294303        0.48770484480184        0.99493848757159
H            2.21651306107325        0.48949958456916       -0.23693606775015
H            0.72349921589186        0.36983078952513       -2.07034474963396
H           -1.19716467980360        0.43620496440262        1.09271852892687
H           -3.64192143514831        0.34941260441674        1.17496062665253
H           -3.68532858330400        0.16576456147270       -3.10936764170034
H           -1.22886321611753        0.25633493465757       -3.07173214337270
H           -5.71216296163305       -0.56817637840369       -0.24068772113423
H           -5.76057840836883        1.15480560307693       -0.59037018596456
H           -5.78159559454701       -0.00895924332632       -1.92096466273388
19
 energy: -24.716098673723 gnorm: 0.004359600010 xtb: 6.7.1 (edcfbbe)
C            1.15082563128353        0.46010277366233       -0.04160987606309
C            0.31010913794842        0.39418370516725       -1.06195699062605
N           -1.09775370681368        0.34834054568770       -0.99522578144977
C           -1.76689473906877        0.37474711030289        0.17170886960346
C           -3.13629307064686        0.32491759282341        0.21449225983368
C           -3.88551722375559        0.24515437796550       -0.96600109311706
C           -3.16268243101572        0.22284762106629       -2.16307780497072
C           -1.79193094774246        0.27488139197729       -2.14702943163399
C           -5.36305628993389        0.19668854358075       -0.93751364919183
H            0.86926455778701        0.48715593289040        0.99604253818999
H            2.20791241928745        0.48858717229259       -0.23340647344897
H            0.69176368456757        0.36954620968919       -2.07252332581676
H           -1.19040456840255        0.43495555061540        1.07999861121605
H           -3.63232579991678        0.34774682463619        1.17128777323031
H           -3.67483718473116        0.16397753542792       -3.10945520517598
H           -1.22442354969402        0.25593243868918       -3.06514404051448
H           -5.70622195520966       -0.56045880464116       -0.23507458755319
H           -5.75457147970925        1.15086657715750       -0.58522619699004
H           -5.77615248423358       -0.00638309899062       -1.92043559552155
19
 energy: -24.716124863743 gnorm: 0.002028804983 xtb: 6.7.1 (edcfbbe)
C            1.15170490871393        0.45959045642937       -0.04015629251671
C            0.31255829591870        0.39413640073305       -1.06170674031963
N           -1.09687786950680        0.34816975683464       -0.99610824945283
C           -1.76679946183132        0.37430604249732        0.17141467899686
C           -3.13637918283908        0.32474357923565        0.21442558642152
C           -3.88650328794535        0.24523300406554       -0.96626501422639
C           -3.16250726094275        0.22268805081795       -2.16319501563749
C           -1.79132933270290        0.27456567428254       -2.14776238885205
C           -5.36291222960290        0.19675713507452       -0.93754504123573
H            0.86703796112454        0.48732936833625        0.99695083516615
H            2.20941609659108        0.48945833946363       -0.23077389547438
H            0.68798041850672        0.37009326266885       -2.07469690551473
H           -1.18769432927105        0.43491450262267        1.07828505958713
H           -3.63311548091233        0.34691511750291        1.17141943839652
H           -3.67513307320874        0.16318604314652       -3.10986207800947
H           -1.22314259605698        0.25608519467807       -3.06600641039948
H           -5.70691419917349       -0.55964465481774       -0.23398051039859
H           -5.75488103388268        1.15141767723907       -0.58468908527053
H           -5.77769834297859       -0.00615495081080       -1.91989797126018
19
 energy: -24.716130983078 gnorm: 0.000667512798 xtb: 6.7.1 (edcfbbe)
C            1.15220858243245        0.46063263882089       -0.03938272739109
C            0.31470546727179        0.39515546279427       -1.06219175162600
N           -1.09612509958819        0.34829029892359       -0.99665291812917
C           -1.76671356020196        0.37409921029541        0.17147936500274
C           -3.13643920507266        0.32423951952394        0.21449109979259
C           -3.88663688951980        0.24471716720023       -0.96634130254670
C           -3.16254027027097        0.22213139313085       -2.16307496762059
C           -1.79090445603821        0.27421987170283       -2.14830416316503
C           -5.36286058104142        0.19706147092063       -0.93726935187575
H            0.86492334226097        0.48633492073892        0.99721776081348
H            2.21073547712809        0.48923176719064       -0.22829135017949
H            0.68687510337344        0.37084338004551       -2.07636898075298
H           -1.18599045851534        0.43486564068717        1.07747267852361
H           -3.63403743251663        0.34636127717229        1.17152677377999
H           -3.67586109481618        0.16253204127481       -3.10990407367109
H           -1.22287648465537        0.25588415263276       -3.06706199101233
H           -5.70777149627969       -0.55909147247567       -0.23332638826649
H           -5.75492884840196        1.15242077941931       -0.58486323305874
H           -5.77895209554837       -0.00613951999836       -1.91930447861695
19
 energy: -24.716131152270 gnorm: 0.000395415021 xtb: 6.7.1 (edcfbbe)
C            1.15212412108788        0.45905449850760       -0.03930665036851
C            0.31528979113807        0.39444343201211       -1.06261989769214
N           -1.09604612308779        0.34803789753479       -0.99668859320654
C           -1.76669572841532        0.37376247930750        0.17158493850369
C           -3.13633974063835        0.32402495233127        0.21453456498736
C           -3.88636317629615        0.24469368834201       -0.96635703560454
C           -3.16258436966098        0.22200434562073       -2.16298414496273
C           -1.79084757776735        0.27413221179348       -2.14832425848990
C           -5.36279476396070        0.19741648330961       -0.93706325810760
H            0.86389744053279        0.48640231011084        0.99692592644450
H            2.21076239699935        0.49120994004330       -0.22733401495930
H            0.68707636885715        0.37179199366557       -2.07687096471426
H           -1.18570891862875        0.43451612168834        1.07737621498469
H           -3.63418491944815        0.34601575968992        1.17148561577906
H           -3.67606950958472        0.16226067692746       -3.10977401011932
H           -1.22324153692386        0.25566102293167       -3.06735264496834
H           -5.70789253547230       -0.55854184792731       -0.23298276115213
H           -5.75454032450290        1.15313154768000       -0.58534698270732
H           -5.77903089422791       -0.00622751356891       -1.91905204364667
