18
 energy: -31.177574357631 gnorm: 0.093015976268 xtb: 6.7.1 (edcfbbe)
O            1.37440000000000        0.64852000000000        0.52396000000000
N            2.41763000000000        0.08451000000000        0.17992000000000
O            2.88122000000000       -0.96930000000000        0.62418000000000
C            3.15089000000000        0.73468000000000       -0.83203000000000
C            2.89102000000000        1.93805000000000       -1.43794000000000
N            3.89644000000000        2.16128000000000       -2.36726000000000
C            4.75671000000000        1.13236000000000       -2.35008000000000
N            4.33519000000000        0.24544000000000       -1.43516000000000
C            5.02388000000000       -1.01202000000000       -1.14406000000000
C            4.02560000000000        3.32587000000000       -3.23930000000000
H            2.10931000000000        2.67074000000000       -1.31873000000000
H            5.64061000000000        1.03585000000000       -2.97177000000000
H            5.88296000000000       -1.11949000000000       -1.81285000000000
H            5.38337000000000       -1.00013000000000       -0.11209000000000
H            4.34429000000000       -1.85065000000000       -1.31513000000000
H            4.96063000000000        3.84063000000000       -3.00312000000000
H            4.03892000000000        2.98876000000000       -4.27912000000000
H            3.18462000000000        4.00742000000000       -3.08755000000000
18
 energy: -31.184096673198 gnorm: 0.042341216725 xtb: 6.7.1 (edcfbbe)
O            1.41250452322282        0.63894594237291        0.50524332954473
N            2.43459528764632        0.08202731179908        0.16597241959629
O            2.88517061979754       -0.95646717118559        0.60365782548203
C            3.17440927989233        0.73646401978455       -0.85453847594713
C            2.90840286660915        1.94194885537726       -1.45213772685752
N            3.89470730740466        2.16454646641295       -2.36881642666296
C            4.74141479156380        1.13083907799641       -2.34058814271545
N            4.33879141332400        0.24336030223340       -1.43572645705115
C            5.01490252401932       -1.00472985353378       -1.13958356322111
C            4.02264622343459        3.32076498438869       -3.23349324815390
H            2.11719167780641        2.65576466017488       -1.31069666835336
H            5.61779673370827        1.03227168500955       -2.95726112966865
H            5.87102122094364       -1.11090073237774       -1.80547809300145
H            5.35731539516515       -1.00922953273696       -0.10474909415214
H            4.33547393173765       -1.84388245931057       -1.28812545218097
H            4.95154693164186        3.84561448425878       -3.00884857375537
H            4.03592360350588        2.99959879120572       -4.27516005523615
H            3.18387566857660        3.99558316813045       -3.07780046766573
18
 energy: -31.185511256251 gnorm: 0.011119826894 xtb: 6.7.1 (edcfbbe)
O            1.43332466121246        0.63601652098807        0.49532006446354
N            2.44226641319272        0.08047526758970        0.16246697440925
O            2.88409025265952       -0.95118759662266        0.59162147701309
C            3.19494867338791        0.73673385602525       -0.87122215062623
C            2.92324527662776        1.94450740943671       -1.46408266029482
N            3.89735010580127        2.16738974274381       -2.37300155906678
C            4.73780770314701        1.13066881567542       -2.33951153113437
N            4.34314311948982        0.24311154141387       -1.43920780430412
C            5.00758063515259       -0.99739340326431       -1.13786841959353
C            4.02068238722716        3.31782901329455       -3.23021553764378
H            2.11733437194266        2.63521407852567       -1.29485950565705
H            5.61124529330842        1.03058387553786       -2.95570129570255
H            5.86534937064118       -1.11122374066407       -1.79617602102648
H            5.33492716995508       -1.01076393694179       -0.09785210352794
H            4.32507411232363       -1.83691815362700       -1.27088111735064
H            4.94581659637830        3.85205978468667       -3.01342517035250
H            4.03387498278338        3.00905658503480       -4.27526937012050
H            3.17962887476912        3.98636034016746       -3.06826426948461
18
 energy: -31.185668540618 gnorm: 0.006048502095 xtb: 6.7.1 (edcfbbe)
O            1.43485295036496        0.64401679084396        0.49806428537343
N            2.43747397571751        0.07863288739557        0.16171787629953
O            2.87978100592008       -0.95315327819493        0.59130849997267
C            3.19838308468887        0.73518206917515       -0.87484309974208
C            2.92666257756458        1.94450793906534       -1.46589652149931
N            3.90018255582686        2.16776343870496       -2.37561732379954
C            4.74157822958320        1.13055651410392       -2.34342052303538
N            4.34560922604595        0.24254631963118       -1.44186963259361
C            5.00748212237797       -0.99700271829997       -1.13711513079130
C            4.01989639010849        3.31902257919189       -3.23055703963797
H            2.11549587933748        2.62603441423691       -1.28602242551734
H            5.61500200356049        1.03069930928718       -2.96083496742592
H            5.86817727556311       -1.11590716264737       -1.79058091780814
H            5.33024839326154       -1.00990678066282       -0.09497147007758
H            4.32390648943293       -1.83644572792572       -1.26954526056548
H            4.94383415674308        3.85667378957428       -3.01523803033582
H            4.03225264170478        3.01403226161845       -4.27711019217029
H            3.17687104219811        3.98526735490203       -3.06559812664585
18
 energy: -31.185694794290 gnorm: 0.005625620909 xtb: 6.7.1 (edcfbbe)
O            1.43277558990768        0.65433310296866        0.49623817669020
N            2.43718965729654        0.08473123599040        0.17192250068894
O            2.86605583725621       -0.96111886330745        0.58440136749251
C            3.20517576570738        0.73562160777827       -0.87529348285432
C            2.93095134700601        1.94446564437946       -1.46777599756079
N            3.90400073735676        2.16769556301098       -2.37930780422509
C            4.74693190101887        1.12990024982511       -2.34937653187668
N            4.34923660542450        0.24149316799302       -1.44532002966598
C            5.00840324261434       -0.99757078428894       -1.13593314368844
C            4.01821282122335        3.32086378512975       -3.23167662387137
H            2.11337312642852        2.61323335555582       -1.27251373671379
H            5.61986966547051        1.03034492531929       -2.96883201573293
H            5.87313920279181       -1.12278207676650       -1.78306341769438
H            5.32631305195161       -1.00832913628423       -0.09151697974138
H            4.32393758490361       -1.83699675642736       -1.26960227923198
H            4.94053199409462        3.86281894675384       -3.01782617936490
H            4.02914017520577        3.01987774858878       -4.27983620842794
H            3.17245169434190        3.98393828378110       -3.06281761422167
18
 energy: -31.185741654907 gnorm: 0.001666986353 xtb: 6.7.1 (edcfbbe)
O            1.43663805045635        0.65929935823801        0.50085044231073
N            2.43222658192611        0.08072127315516        0.16560416318713
O            2.86720078775775       -0.95778816576368        0.58781232488725
C            3.20280334400583        0.73415286416720       -0.87671016728552
C            2.92992186454927        1.94385082796645       -1.46776416482188
N            3.90353257980957        2.16733545394973       -2.37869156983169
C            4.74657156449668        1.12991898419750       -2.34846029832187
N            4.34890887799317        0.24112196912145       -1.44513959842334
C            5.00914200100434       -0.99831151546410       -1.13615016232485
C            4.01827188678216        3.32097766233065       -3.23138321180553
H            2.11295367700161        2.61323640921291       -1.27433228522913
H            5.61955438262793        1.03074253525363       -2.96740976327739
H            5.87449560409332       -1.12111349305327       -1.78297723863775
H            5.32673894482602       -1.00918490978890       -0.09185716552126
H            4.32573378775048       -1.83784929669685       -1.27277730437858
H            4.94051739290054        3.86223737696302       -3.01626809237845
H            4.02987446317332        3.01911393106728       -4.27914023537541
H            3.17260420884555        3.98405873514382       -3.06333567277246
18
 energy: -31.185745463223 gnorm: 0.000656610485 xtb: 6.7.1 (edcfbbe)
O            1.43776824493754        0.65873882285800        0.50104325150147
N            2.43399887493135        0.08167395820867        0.16657203609250
O            2.86595055387446       -0.95915443301291        0.58526524016625
C            3.20254669727164        0.73475306560601       -0.87548011690916
C            2.92942903569123        1.94394015101256       -1.46707240038502
N            3.90267046633448        2.16714332574650       -2.37811016398818
C            4.74531188105547        1.12992847034400       -2.34744630575570
N            4.34852613375374        0.24145950498318       -1.44428022647458
C            5.00940109761187       -0.99828169358613       -1.13606496718723
C            4.01830386591765        3.32047498085647       -3.23165222991846
H            2.11374759788551        2.61541101382030       -1.27575424442555
H            5.61809315814929        1.03059706955620       -2.96631884103166
H            5.87479268169724       -1.11873534516580       -1.78330247326337
H            5.32662651759764       -1.00987818366301       -0.09196232467926
H            4.32658404423179       -1.83775466937040       -1.27433670310179
H            4.94066544068331        3.86102078206828       -3.01596613120229
H            4.03036268145655        3.01749233048848       -4.27892880242683
H            3.17291102691923        3.98369084924959       -3.06433459701113
