32
 energy: -44.367989743442 gnorm: 0.075619817547 xtb: 6.7.1 (edcfbbe)
C            1.57446000000000        0.14113000000000       -0.38435000000000
C            0.56560000000000       -0.36105000000000       -1.40606000000000
C            0.76163000000000       -1.83109000000000       -1.76286000000000
N            0.47207000000000       -2.79073000000000       -0.68357000000000
C           -0.26886000000000       -2.55507000000000        0.40899000000000
N           -0.26448000000000       -3.65472000000000        1.18627000000000
C            0.40519000000000       -4.67923000000000        0.52140000000000
C            0.87377000000000       -4.12661000000000       -0.67889000000000
C            1.58647000000000       -4.87696000000000       -1.61182000000000
C            1.80637000000000       -6.22162000000000       -1.28440000000000
C            1.33870000000000       -6.77600000000000       -0.07781000000000
C            0.62795000000000       -6.01264000000000        0.85886000000000
C           -0.91334000000000       -3.73266000000000        2.50772000000000
C           -0.04651000000000       -3.16624000000000        3.63095000000000
C            0.05865000000000       -1.71517000000000        3.47649000000000
N            0.09569000000000       -0.58132000000000        3.23800000000000
H            1.50905000000000       -0.41126000000000        0.55652000000000
H            1.39253000000000        1.19855000000000       -0.16662000000000
H            2.59629000000000        0.04602000000000       -0.76491000000000
H           -0.45183000000000       -0.18546000000000       -1.04142000000000
H            0.67614000000000        0.23578000000000       -2.31942000000000
H            0.10280000000000       -2.09232000000000       -2.59929000000000
H            1.79615000000000       -1.98974000000000       -2.09004000000000
H           -0.77257000000000       -1.62660000000000        0.65084000000000
H            1.94381000000000       -4.44991000000000       -2.54052000000000
H            2.35214000000000       -6.85791000000000       -1.98268000000000
H            1.53307000000000       -7.82948000000000        0.12910000000000
H            0.26620000000000       -6.44458000000000        1.78320000000000
H           -1.87222000000000       -3.20383000000000        2.43806000000000
H           -1.14511000000000       -4.78229000000000        2.71795000000000
H           -0.50036000000000       -3.40248000000000        4.59913000000000
H            0.94949000000000       -3.62108000000000        3.60754000000000
32
 energy: -44.373387181132 gnorm: 0.027836344110 xtb: 6.7.1 (edcfbbe)
C            1.57383042460551        0.13085532003694       -0.37528442449096
C            0.55960064167019       -0.37371659841804       -1.39428804116630
C            0.74630026387140       -1.84106215053392       -1.76782684557365
N            0.46818607335309       -2.78422888672294       -0.68557011597104
C           -0.23565500556424       -2.55753024396124        0.42168181377080
N           -0.27563146158523       -3.65619564315195        1.18735246046814
C            0.40792738439017       -4.66686142998608        0.53049485074303
C            0.87934486549316       -4.10942034015195       -0.67125147099248
C            1.58703361781491       -4.86847196267012       -1.59623539493151
C            1.80032883945525       -6.19898515379558       -1.27202183560321
C            1.33553573025399       -6.75103719259125       -0.07478984287355
C            0.63424338684975       -5.99920819721511        0.85435966617531
C           -0.92690350860425       -3.74219963064907        2.49108333414236
C           -0.04916489867615       -3.16590131770173        3.60845369330253
C            0.06631214938566       -1.72942829006789        3.45227386769020
N            0.10774543040770       -0.61576878529822        3.22303206221357
H            1.51046683875536       -0.41006899857775        0.56770694166641
H            1.39598390033214        1.18353482254602       -0.16576101680950
H            2.58825561019320        0.03525603168457       -0.75982283530586
H           -0.45783488196458       -0.19441259285221       -1.04001917624695
H            0.67454815776653        0.20352189428019       -2.31512951652054
H            0.09308713238178       -2.09996246729634       -2.60870828772686
H            1.78266563902798       -2.00611325102981       -2.07816261683716
H           -0.71942305138664       -1.63126965790532        0.67264940501442
H            1.94001997221370       -4.45338696591356       -2.52647911088601
H            2.33715326741753       -6.83218378780101       -1.96569948367867
H            1.52614395634091       -7.79650461605250        0.12794515458747
H            0.27530620420519       -6.43891501324575        1.77119075962079
H           -1.87530328544830       -3.19828040524496        2.43396666725397
H           -1.14622853473594       -4.79300141858319        2.69616454703001
H           -0.50470002118147       -3.38363992615829        4.57848928183217
H            0.94976516296169       -3.61198314497197        3.59656551010306
32
 energy: -44.374278023162 gnorm: 0.007298469848 xtb: 6.7.1 (edcfbbe)
C            1.57087823326654        0.11831013111343       -0.36855159811381
C            0.55425335665544       -0.37906419701707       -1.38974261096648
C            0.74183634856657       -1.84640435479991       -1.76289603066005
N            0.46417516644241       -2.77824180327423       -0.68216898812585
C           -0.22494623892652       -2.55858003312439        0.42818258240786
N           -0.28709817423815       -3.65518087555898        1.18711131888534
C            0.40281980784262       -4.65837863422443        0.53498507317083
C            0.87654566874142       -4.09759082917262       -0.66670720069675
C            1.58473869075136       -4.86054814403923       -1.58736360995305
C            1.80046240406534       -6.18387225485315       -1.26533969830872
C            1.33669476946583       -6.73665295356612       -0.07063336718545
C            0.63426974369367       -5.99076964583339        0.85193347993966
C           -0.93506687934172       -3.74846965201856        2.47958276449922
C           -0.05323978895090       -3.16841414439180        3.59612109109258
C            0.06712057796286       -1.73957456170786        3.42731160823021
N            0.14768549991296       -0.62620082203245        3.18357264605414
H            1.50471900198198       -0.41790888464657        0.57523617372740
H            1.39625693581500        1.16961479709352       -0.16365593277056
H            2.58160793649816        0.01697161159636       -0.75497492828789
H           -0.46286073348030       -0.20047408411777       -1.03841794157885
H            0.67397138129620        0.19184761061064       -2.31194134308047
H            0.08979036922121       -2.10517963179114       -2.60386814945677
H            1.77794096867437       -2.01506388933119       -2.06914782841398
H           -0.68736390910032       -1.62761238890780        0.69189009835782
H            1.94092406700894       -4.44747878069384       -2.51542827715175
H            2.33713299539611       -6.81324524442830       -1.95603363279650
H            1.52868305217364       -7.77754568744607        0.13189772553598
H            0.28019098380634       -6.43288575505633        1.76790963433936
H           -1.87986896481053       -3.19986849052646        2.43408150350049
H           -1.14568636669346       -4.80009099865503        2.67983767115139
H           -0.51215230534309       -3.37225720951766        4.56690893782205
H            0.94452540164593       -3.61576019968169        3.58666882883260
32
 energy: -44.374384784324 gnorm: 0.007517811464 xtb: 6.7.1 (edcfbbe)
C            1.56771910872261        0.11033622067594       -0.36278772546047
C            0.55161775434762       -0.38075076610142       -1.38790292760145
C            0.73989715819560       -1.84887575161332       -1.75869064538843
N            0.46009435560489       -2.77440444071256       -0.67882371730962
C           -0.22668015203299       -2.55736771577779        0.43063776861696
N           -0.29679150993442       -3.65367104898014        1.18607077294409
C            0.39464335460521       -4.65490861210426        0.53556772899771
C            0.87110229486871       -4.09210003879454       -0.66482652183220
C            1.58385527325045       -4.85483211749710       -1.58297966953408
C            1.80432565224927       -6.17639889844258       -1.26207575335994
C            1.33939775121777       -6.73112310848026       -0.06719786288289
C            0.63120379809085       -5.98730512860986        0.85123881015393
C           -0.94061784803616       -3.75015558583190        2.47462135120081
C           -0.05231897966245       -3.17000412946442        3.58897152620380
C            0.10941562986902       -1.74921896002448        3.38888448731731
N            0.15390602151037       -0.63310063624374        3.15419360574417
H            1.49555371364426       -0.42532147871534        0.58066005639222
H            1.39846574105750        1.16246721789986       -0.15875595595888
H            2.57791600242876        0.00097334838606       -0.74759679709298
H           -0.46574752870079       -0.20350462341164       -1.03777413846109
H            0.67520261222547        0.19124051935831       -2.30817490564781
H            0.08843790229020       -2.10868846029909       -2.59979761091175
H            1.77583156216160       -2.01779406838124       -2.06490835766127
H           -0.67549961801502       -1.62151590275793        0.70358059092073
H            1.94336194701707       -4.43924238210533       -2.50886272177093
H            2.34571025467502       -6.80279780076273       -1.95087032491763
H            1.53648382165108       -7.77000901392810        0.13759331189050
H            0.27943622816521       -6.42932956981229        1.76840599010747
H           -1.88467211928293       -3.20010812545704        2.43691780775372
H           -1.14982695206389       -4.80153298993156        2.67422493055152
H           -0.51853999267474       -3.34979146892949        4.56150865399877
H            0.93605676255471       -3.63773448315015        3.58530824299773
32
 energy: -44.374654771836 gnorm: 0.007108927728 xtb: 6.7.1 (edcfbbe)
C            1.56470382937246        0.10513780799550       -0.35740945570185
C            0.55005444560561       -0.38076247959794       -1.38666502718271
C            0.73813841436000       -1.84962994285721       -1.75584102514093
N            0.45606671139583       -2.77161348554470       -0.67605364467678
C           -0.23379000601019       -2.55558543571555        0.43125727587485
N           -0.30547649285891       -3.65257687935168        1.18478032275672
C            0.38692679274808       -4.65349148290709        0.53483289708380
C            0.86589465399883       -4.08927663255083       -0.66380674634413
C            1.58483299054022       -4.84985242441581       -1.57993271993418
C            1.81041387630704       -6.17141471500209       -1.25927462827332
C            1.34352116058905       -6.72825372815018       -0.06392936719350
C            0.62832236795922       -5.98556033066919        0.85152076172334
C           -0.94665829455815       -3.75259377920172        2.47238215936442
C           -0.05658870546164       -3.17008340468437        3.58594196304307
C            0.10993728631230       -1.75208706909617        3.36956595053995
N            0.21252382388664       -0.64447677553194        3.10723963190299
H            1.48546684191224       -0.43087140774948        0.58556396928180
H            1.40177863514691        1.15879353889876       -0.15316218866004
H            2.57574439040774       -0.01241689158087       -0.73871609953602
H           -0.46790286949583       -0.20436233619564       -1.03767279396422
H            0.67704487890458        0.19432202035422       -2.30431082912233
H            0.08749921003207       -2.11064906674138       -2.59760527114747
H            1.77421861868759       -2.01765585269557       -2.06258470606390
H           -0.67580422535137       -1.61690189400342        0.70970298973395
H            1.94671346837781       -4.43071528255858       -2.50408200998144
H            2.35791183168239       -6.79541558050076       -1.94645311113701
H            1.54627965447765       -7.76621875877558        0.14344938662412
H            0.27634742415506       -6.42724596471044        1.76949645210962
H           -1.89346702022179       -3.20676409945546        2.44002109306680
H           -1.15233288581060       -4.80458967732727        2.67243692369676
H           -0.52715527980582       -3.33666046985915        4.55836807980968
H            0.92777447271484       -3.64709751981857        3.58729976744800
32
 energy: -44.374801633329 gnorm: 0.007326151645 xtb: 6.7.1 (edcfbbe)
C            1.56219917416987        0.10396290362397       -0.35280162769931
C            0.54971493763736       -0.37944041912507       -1.38545233285614
C            0.73680465561869       -1.84843075732584       -1.75532798406554
N            0.45368707139376       -2.77102490852216       -0.67518880948602
C           -0.24235757025377       -2.55498276995058        0.42977571974140
N           -0.31164355048282       -3.65339444576771        1.18326172578094
C            0.38162840268176       -4.65486068377046        0.53315220359594
C            0.86306150952404       -4.08980545052777       -0.66340866245903
C            1.58772046446124       -4.84720958589961       -1.57762569665117
C            1.81620625107011       -6.16883663770599       -1.25588997667748
C            1.34683741740030       -6.72691451940172       -0.06161033380265
C            0.62592332184085       -5.98593689688788        0.85193213817329
C           -0.95145388519876       -3.75380272552540        2.47330493456299
C           -0.05869867882603       -3.17003045726261        3.58446167076458
C            0.12564436017680       -1.75614960252257        3.35172266575349
N            0.25538041892538       -0.65418198570075        3.07398043584062
H            1.47576588577007       -0.42977399521958        0.59123724894702
H            1.40489058147847        1.15921948727964       -0.15067365864652
H            2.57505338826212       -0.01971576485376       -0.72854757250341
H           -0.46925829739213       -0.20210988711963       -1.03892111858086
H            0.67946009256070        0.19742536111966       -2.30181862381533
H            0.08744703111337       -2.10969435946308       -2.59845455830027
H            1.77349928260747       -2.01572650597613       -2.06127675584388
H           -0.68794901531238       -1.61817899531923        0.70661117646320
H            1.95040209766511       -4.42571884026827       -2.50077203520032
H            2.36867813841693       -6.79149604977326       -1.94136508876018
H            1.55268360946075       -7.76472558243841        0.14685241832276
H            0.27028114201681       -6.42827918515775        1.76852576430619
H           -1.90051469574199       -3.21119018975515        2.44253648318519
H           -1.15592117446965       -4.80610887321689        2.67540202894173
H           -0.53559897191485       -3.31879737462656        4.55640711301141
H            0.91936660534016       -3.66066030293963        3.59633110795746
32
 energy: -44.375016584857 gnorm: 0.006411427952 xtb: 6.7.1 (edcfbbe)
C            1.55659973785735        0.10179550817197       -0.34259829049898
C            0.54904290572432       -0.37690955945377       -1.38209745786207
C            0.73381789484802       -1.84583271356769       -1.75391088304513
N            0.44778593631491       -2.77083730543583       -0.67472094817870
C           -0.25918223524391       -2.55594674225347        0.42552094386898
N           -0.32506205735990       -3.65614601822070        1.17931256271082
C            0.37179580157422       -4.65735771319146        0.53033451357126
C            0.85840612102751       -4.09048650711775       -0.66226008419966
C            1.59428098786044       -4.84226329756187       -1.57191260736361
C            1.82761367258630       -6.16308428524705       -1.24769449112283
C            1.35244928583558       -6.72342659376606       -0.05688608174766
C            0.62079065910088       -5.98659027402698        0.85234751341470
C           -0.96035580242922       -3.75536929339183        2.47421553518513
C           -0.06080761369970       -3.16994659280880        3.57919519895564
C            0.16754828421315       -1.76695833418138        3.31324864162180
N            0.33266970678451       -0.67585752354360        3.01335091370864
H            1.45450432903010       -0.42463385752111        0.60455548651830
H            1.40997511412332        1.16033208898209       -0.14814957237149
H            2.57267187005797       -0.03501839731208       -0.70666385264481
H           -0.47176611892280       -0.19645983270000       -1.04144909387282
H            0.68543884615525        0.20168969316463       -2.29681626222883
H            0.08693428997291       -2.10595901491908       -2.59963917902641
H            1.77159379854381       -2.01319412962625       -2.05717066316927
H           -0.71292812230153       -1.62284474000509        0.69803794865335
H            1.95922194488793       -4.41746053371454       -2.49282722525134
H            2.38933453012330       -6.78308262389828       -1.92900827940350
H            1.56322148040711       -7.76050167826145        0.15310589228748
H            0.25797586534000       -6.43091178305732        1.76539844235689
H           -1.91180555764394       -3.21615979261448        2.44665159033498
H           -1.16277640531034       -4.80788716259679        2.68018217381351
H           -0.55240186688681       -3.27831398367233        4.54986301399448
H            0.90235271742884       -3.69094700665189        3.61484460099126
32
 energy: -44.375189621099 gnorm: 0.008596091481 xtb: 6.7.1 (edcfbbe)
C            1.55005933374302        0.09836810634141       -0.33021338423078
C            0.54793059688037       -0.37479130616849       -1.37727575639858
C            0.72897923053975       -1.84325672478421       -1.75256354492627
N            0.43874792487323       -2.77141289440191       -0.67615145353288
C           -0.27718535473800       -2.55895910823841        0.41927210937919
N           -0.34169476061133       -3.65954856345682        1.17370779665068
C            0.36246288473663       -4.65852652830590        0.52850477887421
C            0.85448527256949       -4.08980810442746       -0.66057860859821
C            1.60217083151714       -4.83684409439852       -1.56430774473196
C            1.84063269390029       -6.15584569504948       -1.23686878474215
C            1.35866111839737       -6.71834205140550       -0.05051161959483
C            0.61562837550154       -5.98611917800668        0.85305065411903
C           -0.97110916600576       -3.75568576060518        2.47283549636188
C           -0.06342712386412       -3.17027391616462        3.57092784480859
C            0.21668296130381       -1.78211343639569        3.27341039369942
N            0.42074480997268       -0.70299768106946        2.95236341449045
H            1.43028839258855       -0.41836948608256        0.62038264795330
H            1.41506386216118        1.16031734531401       -0.14603291381418
H            2.56871832252088       -0.05387625265080       -0.68145551739936
H           -0.47443531662717       -0.18991274777693       -1.04347423530078
H            0.69280563829650        0.20446308643526       -2.29053815833895
H            0.08426219002830       -2.09971904696966       -2.60094961871746
H            1.76750431667175       -2.01244787891408       -2.05228055317840
H           -0.74038561334974       -1.62934751469056        0.68587948983663
H            1.97081959442160       -4.41012570852967       -2.48259990669326
H            2.41212363112727       -6.77286949102604       -1.91270975270892
H            1.57367941713323       -7.75414946030660        0.16101960640129
H            0.24619259459964       -6.43291588026581        1.76207875601593
H           -1.92229137902215       -3.21603327554861        2.44871372252920
H           -1.17275026021691       -4.80780135524074        2.68210156014456
H           -0.56862626996948       -3.23574521979781        4.53935946305764
H            0.88220125091985       -3.72188017741280        3.63126381858510
32
 energy: -44.375352460769 gnorm: 0.006664109064 xtb: 6.7.1 (edcfbbe)
C            1.54471766789175        0.09354527805900       -0.31806039985155
C            0.54715193418497       -0.37263545691166       -1.37235528061876
C            0.72218961705927       -1.84025057505502       -1.75324218365148
N            0.42669245332178       -2.77317352471553       -0.68111985250252
C           -0.29653064009048       -2.56325550493253        0.40960624486004
N           -0.35923397887106       -3.66252382965594        1.16613588546446
C            0.35524059972175       -4.65819227619825        0.52731118161171
C            0.85170600487900       -4.08862021634355       -0.65953611743972
C            1.61048999821881       -4.83245662058752       -1.55635521370508
C            1.85412318076295       -6.14914060755372       -1.22415350792906
C            1.36514093930181       -6.71284869715585       -0.04225764373933
C            0.61129226994306       -5.98424431264589        0.85483481700374
C           -0.98143095772152       -3.75232954008301        2.46989563615841
C           -0.06236120250111       -3.17184796697165        3.56025178506809
C            0.26545959934790       -1.80088915379623        3.24339295624150
N            0.49613174792555       -0.73375299825669        2.91154965543531
H            1.40768740286803       -0.41316928302318        0.63521841702620
H            1.42180894964980        1.15850631364354       -0.14397275347119
H            2.56494442150554       -0.07442214710337       -0.65683014327413
H           -0.47605727862709       -0.18187735278343       -1.04482003192336
H            0.70104938076040        0.20725197882008       -2.28395054262705
H            0.07823510734816       -2.08980552280985       -2.60383394737370
H            1.76069596613355       -2.01330275711521       -2.05005062325356
H           -0.77261070869174       -1.63745848152048        0.66692310114260
H            1.98370534265486       -4.40593514330264       -2.47241249299314
H            2.43506668942996       -6.76372438656011       -1.89364513318759
H            1.58310474490627       -7.74730806187588        0.17131692611239
H            0.23616961593338       -6.43311877654175        1.76009884096088
H           -1.92900755069785       -3.20672130806213        2.44909146916455
H           -1.18683719795323       -4.80291710480755        2.68209012716814
H           -0.57498106293241       -3.20142505493331        4.52509370700052
H            0.86518694433715       -3.74852690922114        3.64014511712285
32
 energy: -44.375401152261 gnorm: 0.018436536044 xtb: 6.7.1 (edcfbbe)
C            1.53778301452509        0.08703442983492       -0.30549133612188
C            0.54471434533441       -0.37080740934626       -1.36758874834901
C            0.71323869205512       -1.83787638170609       -1.75322230842879
N            0.41268236692069       -2.77350561987595       -0.68563437142378
C           -0.31584249165225       -2.56750144984353        0.40035892640354
N           -0.37990824256836       -3.66451785882203        1.15840697811283
C            0.34899248548338       -4.65466900077418        0.52863043452866
C            0.85031847136934       -4.08383252060283       -0.65632551120122
C            1.62101698412136       -4.82532523755766       -1.54496133230466
C            1.87079732175098       -6.13907521881588       -1.20839529523120
C            1.37411053847647       -6.70452805735484       -0.03102963016668
C            0.60854694617811       -5.97951333810422        0.85814207920142
C           -0.99710162837556       -3.74845752946215        2.46345035621830
C           -0.06872486244379       -3.17711250799337        3.55065686184802
C            0.31879431091152       -1.82719971463300        3.20982541085903
N            0.61001636649665       -0.77583202549883        2.85376808181010
H            1.38194165862551       -0.40850898564543        0.65012588925050
H            1.42882056074246        1.15503202828882       -0.14237341591353
H            2.55852933523650       -0.09958577819784       -0.63145567224308
H           -0.47907312186390       -0.17423786535789       -1.04647992279233
H            0.70875322837656        0.20934358278168       -2.27712571158575
H            0.06892259056328       -2.07966239393202       -2.60529915097862
H            1.75090021552962       -2.01577165360677       -2.04853692773055
H           -0.80253971750177       -1.64420142662795        0.64912447440911
H            1.99985012880511       -4.39961076125485       -2.45871468787243
H            2.46160841004053       -6.75047410911294       -1.87114716335762
H            1.59496048782954       -7.73725599931040        0.18497324727847
H            0.22854841201479       -6.43059804972566        1.75984943911749
H           -1.93721742291182       -3.19093452287277        2.44538588422731
H           -1.21177642785369       -4.79653009228332        2.67630192061506
H           -0.59021984338748       -3.16824210333624        4.51075161029665
H            0.83749688717055       -3.78261242925115        3.65038959152485
32
 energy: -44.375514452225 gnorm: 0.003648034557 xtb: 6.7.1 (edcfbbe)
C            1.54015714674228        0.08560857552362       -0.30968216863169
C            0.54453341227754       -0.37105596094746       -1.36982844716073
C            0.71131012664207       -1.83832479180874       -1.75557993408553
N            0.41199898932572       -2.77276481603682       -0.68756439307276
C           -0.31351949504766       -2.56642332935661        0.39940869424761
N           -0.37793600245825       -3.66199487839029        1.15827676148186
C            0.35268502061233       -4.65135705251084        0.53046447738955
C            0.85231442710519       -4.08163601304758       -0.65625043850620
C            1.62060760138526       -4.82547025532617       -1.54475224085458
C            1.87010885470783       -6.13913477233867       -1.20766608546212
C            1.37475156030088       -6.70352313200018       -0.02887644633328
C            0.61129724879095       -5.97645313156003        0.86017604881421
C           -0.99681832565613       -3.74460428275501        2.46127766010709
C           -0.06648515047266       -3.18228690982148        3.55181171095271
C            0.31361754438390       -1.83226484181676        3.22311815861254
N            0.59045390658416       -0.77910583185642        2.87771229674988
H            1.38782055922378       -0.41216405517440        0.64414544808398
H            1.43102773908717        1.15263320717825       -0.14336714419830
H            2.55904028415701       -0.09979777420177       -0.63889572470977
H           -0.47818458324320       -0.17425617205181       -1.04630365251989
H            0.70722781005462        0.20924044131953       -2.27910400079826
H            0.06428119393075       -2.07873583034873       -2.60592399480467
H            1.74762715729617       -2.01755668051705       -2.05403096657014
H           -0.79907303980245       -1.64207252295587        0.64773741614291
H            1.99941703775196       -4.40173706338490       -2.45956033808403
H            2.45918730207517       -6.75124787491876       -1.87083498710803
H            1.59428613581310       -7.73635286135988        0.18786051836111
H            0.23339296835137       -6.42625773951881        1.76336228516666
H           -1.93167282671374       -3.17808274732602        2.44287978328909
H           -1.22120941725204       -4.79101939990423        2.67181822468266
H           -0.58335449736802       -3.18409272712492        4.51143493069378
H            0.84004931141391       -3.78427877566184        3.64309654812456
32
 energy: -44.375580038292 gnorm: 0.004862894660 xtb: 6.7.1 (edcfbbe)
C            1.53896827258945        0.08217969192647       -0.30883550311309
C            0.54322146038798       -0.36967487275048       -1.37112211704797
C            0.70611373031602       -1.83728642269969       -1.75786915966393
N            0.40707753632604       -2.77117785314114       -0.68968598239761
C           -0.32203185783091       -2.56549471619181        0.39496423428402
N           -0.38484223423822       -3.65974350984026        1.15554178790571
C            0.35182040179927       -4.64740429597753        0.53209322759531
C            0.85271165248959       -4.07812607562122       -0.65456371223359
C            1.62539099030667       -4.82169629314154       -1.53964729064333
C            1.87789629707996       -6.13449469314428       -1.20014780000231
C            1.38068416199795       -6.69867342016445       -0.02155528937050
C            0.61269933520048       -5.97156293075408        0.86423018896764
C           -1.00518390444728       -3.73940945628350        2.45757595806855
C           -0.06758836167968       -3.19181957991315        3.55042102273151
C            0.34049298211275       -1.84934967769315        3.21469546194327
N            0.63035053434268       -0.80213425826187        2.86657295025479
H            1.37979598138761       -0.41282062620736        0.64553889400181
H            1.43686355620908        1.15054427987641       -0.14485080236541
H            2.55768814553416       -0.11150501570345       -0.63453238130333
H           -0.47935508941244       -0.17031341917114       -1.04851371063626
H            0.70891443041694        0.21136650723996       -2.27932593469624
H            0.05652565884887       -2.07537300250804       -2.60706762510157
H            1.74116997622355       -2.01846868847940       -2.05922791406050
H           -0.81113761863902       -1.64174483975500        0.63980597987143
H            2.00598888871205       -4.39871554530842       -2.45433603631346
H            2.47080391309056       -6.74579928514522       -1.86104851872818
H            1.60178116483800       -7.73097086576220        0.19727399047535
H            0.23340784265992       -6.42072598602742        1.76738080918034
H           -1.93240996209581       -3.15985548401590        2.44003415798962
H           -1.24453913331222       -4.78323058180148        2.66597472544393
H           -0.59154169847504       -3.17822929018356        4.50829382919272
H            0.82720294725984       -3.81485979339692        3.64829255977152
32
 energy: -44.375710345986 gnorm: 0.004282837003 xtb: 6.7.1 (edcfbbe)
C            1.53790472291274        0.07479249831786       -0.31039040152636
C            0.54079883985501       -0.36619778680513       -1.37625193073342
C            0.69366696307516       -1.83458814855214       -1.76556853715098
N            0.39712496933696       -2.76711922009726       -0.69568603240274
C           -0.34132605280034       -2.56230343280661        0.38321085493015
N           -0.39904523861815       -3.65287292134149        1.14922191962831
C            0.35191297650380       -4.63689417331373        0.53665277557423
C            0.85516467894292       -4.06972444585203       -0.65045695524921
C            1.63680707059851       -4.81347875250698       -1.52750197943512
C            1.89497389091885       -6.12390833302121       -1.18132162321121
C            1.39461055959837       -6.68605691422300       -0.00274200503728
C            0.61810251070492       -5.95820340836130        0.87584498821360
C           -1.02601984370901       -3.72572867925184        2.44815672982867
C           -0.07286523966260       -3.21753288713556        3.54924431641387
C            0.39106728602237       -1.89221256913445        3.21124880329093
N            0.72533646600128       -0.85943474267114        2.85623663023057
H            1.36619953720169       -0.41504376863635        0.64477535167952
H            1.45056745843928        1.14536881262438       -0.15015640895611
H            2.55553984140922       -0.13512459496690       -0.63006477050551
H           -0.48106263112674       -0.16015714862330       -1.05488263879253
H            0.71224311187344        0.21583865000001       -2.28269681121637
H            0.03675914931885       -2.06769770396508       -2.61089428151199
H            1.72544417231207       -2.02075201083906       -2.07477771205107
H           -0.84032889121680       -1.64075527801270        0.61829047534767
H            2.02035731781934       -4.39372511342021       -2.44280125835037
H            2.49468546837946       -6.73448865977136       -1.83723648697113
H            1.61874857742189       -7.71691769851707        0.22129417619539
H            0.23596279010754       -6.40495957713988        1.77932994978185
H           -1.93334057626594       -3.11323321580569        2.43121364829437
H           -1.30378984576514       -4.76326673254045        2.64825558718389
H           -0.60399102124068       -3.18201468076637        4.50318320096629
H            0.79673098165014       -3.87817736286513        3.65363042554234
32
 energy: -44.375817748112 gnorm: 0.006370357291 xtb: 6.7.1 (edcfbbe)
C            1.53972563805576        0.06859400278113       -0.31758762962190
C            0.53957803989972       -0.36324612002726       -1.38450138680160
C            0.68280304849924       -1.83267144139969       -1.77492139362365
N            0.39209134291768       -2.76159689269562       -0.70046596712357
C           -0.35405017084666       -2.55598175692722        0.37387686944170
N           -0.40752763307087       -3.64330540580811        1.14509802587576
C            0.35289143204534       -4.62547614357012        0.54132457011520
C            0.85757965330637       -4.06139615081060       -0.64673062265354
C            1.64503926854605       -4.80630889105204       -1.51744113309083
C            1.90702701983810       -6.11438187365042       -1.16456107011703
C            1.40641386332086       -6.67280969705596        0.01574321053273
C            0.62479553521379       -5.94338012430159        0.88873180763713
C           -1.04394676102869       -3.71283064240098        2.43951967337804
C           -0.07874590590422       -3.24667204767557        3.55115014611626
C            0.42186995027747       -1.93291203994612        3.22245809133451
N            0.79180834768463       -0.91135812980490        2.86582681441992
H            1.36313767498375       -0.42067378326678        0.63719982872019
H            1.46243872305551        1.13976801349564       -0.15651316096151
H            2.55555627185485       -0.15049139887745       -0.63655816781860
H           -0.48112264489820       -0.15131812568636       -1.06242001320824
H            0.71401606100813        0.21914139781877       -2.29015919136393
H            0.01722508020003       -2.06374098986713       -2.61446759865861
H            1.71103283126282       -2.02304494595741       -2.09365242376469
H           -0.85820341787490       -1.63592152760327        0.60250366542632
H            2.02952527825831       -4.39005699447073       -2.43415818893649
H            2.50988178210739       -6.72580587769259       -1.81708173345853
H            1.63403868210348       -7.70186929688717        0.24542818833826
H            0.24188894983272       -6.38597774018225        1.79417944724374
H           -1.93070402445881       -3.06939644560838        2.42405565046018
H           -1.35945349355286       -4.74355395482372        2.62742084628350
H           -0.60874635187408       -3.20587700678236        4.50449931408298
H            0.77107592923534       -3.93201796926525        3.64856353179651
32
 energy: -44.375897265901 gnorm: 0.003635287976 xtb: 6.7.1 (edcfbbe)
C            1.54378646210636        0.06535589996120       -0.32651737742986
C            0.53998934146892       -0.36165107575799       -1.39177337400439
C            0.67654559721402       -1.83193805517565       -1.78168181095560
N            0.39164966484836       -2.75682658647949       -0.70230968627066
C           -0.35716600147709       -2.54921638632274        0.37035429227429
N           -0.41004696078517       -3.63510083720734        1.14399020539968
C            0.35191812665036       -4.61766732571501        0.54380503465432
C            0.85719255152770       -4.05621052425368       -0.64491589145954
C            1.64695467071847       -4.80209832358423       -1.51260716920862
C            1.91101742992677       -6.10821413882841       -1.15483148067788
C            1.41231748516180       -6.66300113938226        0.02781025819812
C            0.62863643033885       -5.93271751538901        0.89777021893136
C           -1.05277574314406       -3.70632245051894        2.43515630448037
C           -0.08241722212140       -3.26788841518149        3.55293439418576
C            0.42935220441179       -1.95737680937706        3.23673645160823
N            0.80993829158585       -0.93981899059646        2.88399845885335
H            1.37024707235790       -0.42723308788439        0.62719035964783
H            1.46925962168184        1.13577104058844       -0.16143089614529
H            2.55797579834619       -0.15423034234768       -0.64959629758012
H           -0.47942334591152       -0.14577921121279       -1.06789974138912
H            0.71484275166372        0.22014397647897       -2.29778959004366
H            0.00437468940045       -2.06372668343629       -2.61590350292319
H            1.70216758412467       -2.02497811113372       -2.10750224007239
H           -0.86018017505322       -1.62931483154897        0.59836065405136
H            2.03087519744980       -4.38773591688569       -2.43032373635953
H            2.51441926561045       -6.72107918077843       -1.80550433664226
H            1.64393230573519       -7.69008801981674        0.26200884756603
H            0.24682671992577       -6.37145527491460        1.80552902066026
H           -1.92673470564891       -3.04784227003998        2.42354054102635
H           -1.38750680355228       -4.73203608890848        2.61191097398911
H           -0.60697759251576       -3.23419435488216        4.50865559487612
H            0.75794928795209       -3.96209896947063        3.63719552075978
32
 energy: -44.375965484546 gnorm: 0.005963960969 xtb: 6.7.1 (edcfbbe)
C            1.54726976557204        0.05875767714567       -0.33423959130329
C            0.53988822718224       -0.35838633701279       -1.39971750520008
C            0.66389552648891       -1.82966132738798       -1.79035634572696
N            0.38348788556790       -2.75046875510342       -0.70661358138619
C           -0.37028198095299       -2.54112518138874        0.36207066791024
N           -0.42515323067998       -3.62481659097346        1.13838679561260
C            0.34401986328123       -4.60625516766260        0.54641372417269
C            0.85318309286106       -4.04769824496053       -0.64171541972843
C            1.65301886071134       -4.79305860259639       -1.50114488820648
C            1.92453613513357       -6.09465766217728       -1.13353969944755
C            1.42445595065468       -6.64536939148127        0.05013142805540
C            0.62993033811766       -5.91654794561728        0.91110136081028
C           -1.07180765896087       -3.69711306253316        2.42709244211559
C           -0.08862475609370       -3.29932000889930        3.54834851817206
C            0.46788469356593       -2.00241440917127        3.23829909009619
N            0.88125174716516       -0.99625232096556        2.88512972373273
H            1.37098657791927       -0.43415198556895        0.61875910996740
H            1.48190046191620        1.12943689974442       -0.16784955851920
H            2.55955311349430       -0.16871437959415       -0.65817163501855
H           -0.47771478506310       -0.13379935379955       -1.07616243047256
H            0.72004542737524        0.22229186213850       -2.30554914278664
H           -0.01708109625865       -2.05884602542693       -2.61800296719456
H            1.68555522670202       -2.02910460230155       -2.12446705087260
H           -0.87575566825269       -1.62219677114787        0.58658675814544
H            2.03923938572470       -4.38074838642798       -2.41851960885358
H            2.53556305053216       -6.70759940168244       -1.77710752264111
H            1.66507811957365       -7.66829560518806        0.29268329752423
H            0.24719073437865       -6.35124630655354        1.82012350137733
H           -1.92645845388605       -3.01531914755558        2.42473623732708
H           -1.43245118593951       -4.71542979177666        2.58840877415153
H           -0.61208010097709       -3.25571248461386        4.50494325423010
H            0.72841473314426       -4.02274718946252        3.62630226395709
32
 energy: -44.376010298886 gnorm: 0.002169161826 xtb: 6.7.1 (edcfbbe)
C            1.55279618941122        0.05588993941312       -0.34126315615721
C            0.54116222153338       -0.35592761408870       -1.40444128934070
C            0.65636747947049       -1.82778805291893       -1.79474726898351
N            0.37677704797015       -2.74714905850332       -0.70931558976889
C           -0.37744568942686       -2.53606983019430        0.35831260663831
N           -0.43506997543885       -3.61900005081797        1.13494290006189
C            0.33588745737685       -4.60068400192242        0.54618621721259
C            0.84724470578355       -4.04387642447370       -0.64143794159107
C            1.65367372093817       -4.78825798863154       -1.49582983233810
C            1.93149143404593       -6.08634002279857       -1.12099743692687
C            1.43050403479723       -6.63465085796520        0.06327162372599
C            0.62750159595322       -5.90783005260488        0.91776423378476
C           -1.07965134759436       -3.69455852610748        2.42479464039784
C           -0.08972614302133       -3.31747447416300        3.54411774968728
C            0.48339423891303       -2.02733504376604        3.24069739948819
N            0.90504587318473       -1.02554451869372        2.89004798874485
H            1.37881321873006       -0.43935538979793        0.61099273791254
H            1.49009103015719        1.12630881560110       -0.17221182382191
H            2.56364569093176       -0.17272291696390       -0.66933996361784
H           -0.47443507897223       -0.12484614669578       -1.07970308792281
H            0.72368660146174        0.22292192944993       -2.31099682393195
H           -0.02972476695632       -2.05434688982265       -2.61844036813644
H            1.67535040147995       -2.03231661044212       -2.13315300650136
H           -0.88323915592110       -1.61696005002099        0.58253880380912
H            2.04120980320307       -4.37673829047591       -2.41269895539674
H            2.54950556446230       -6.69870421265300       -1.75847130324179
H            1.67840721660587       -7.65420698711579        0.31193288102488
H            0.24383157888680       -6.34086179156299        1.82696116539837
H           -1.92540921939826       -3.00400402760512        2.43114208082260
H           -1.44877945129774       -4.70934934539171        2.57641043517373
H           -0.61060003272386       -3.27242972302271        4.50269270034383
H            0.71663375545163       -4.05236178524603        3.61660168345061
32
 energy: -44.376032232842 gnorm: 0.002321562737 xtb: 6.7.1 (edcfbbe)
C            1.55775926115877        0.05163875921489       -0.34677135867374
C            0.54193170261545       -0.35284292627450       -1.40882487776727
C            0.64653707461299       -1.82523993620320       -1.80007153663098
N            0.36627459047077       -2.74396127644950       -0.71395155530698
C           -0.39097338948018       -2.53221776398645        0.35123745904994
N           -0.44903389215711       -3.61337563228751        1.12958150249182
C            0.32811278534827       -4.59393013755271        0.54653139405161
C            0.84206257581136       -4.03878546672936       -0.64067323974058
C            1.65762626103983       -4.78187622928154       -1.48769270346179
C            1.94321602140703       -6.07599173988333       -1.10464202192961
C            1.43910340888099       -6.62259182421224        0.07922433609242
C            0.62534326619564       -5.89776756383998        0.92531810170472
C           -1.09107078295174       -3.68940750538534        2.42108483164067
C           -0.09062192911903       -3.33816603248032        3.53963133621388
C            0.50987859745729       -2.05968616877454        3.23924493307750
N            0.95091233938377       -1.06601552408080        2.88785534828075
H            1.38301988597332       -0.44472550210422        0.60471744150960
H            1.50065212475475        1.12218679308374       -0.17569318087968
H            2.56684665798094       -0.18129909006852       -0.67729752004686
H           -0.47143910813141       -0.11448480975057       -1.08271791670600
H            0.72750192150085        0.22475799898080       -2.31549389045773
H           -0.04499857006626       -2.04669465586323       -2.62051664215280
H            1.66250960351378       -2.03586553381426       -2.14318093462282
H           -0.90052589284176       -1.61366409331917        0.57190407216119
H            2.04726449391073       -4.37213446743194       -2.40443973342365
H            2.57042601847938       -6.68671181118353       -1.73468537226674
H            1.69365812780183       -7.63883927063938        0.33458006537599
H            0.23858498889992       -6.32994571300445        1.83365144029312
H           -1.92535515344202       -2.98350490750336        2.43523101411574
H           -1.47738239669729       -4.70032216987064        2.56416293359771
H           -0.60956523411135       -3.28481672133897        4.49912174140833
H            0.70068464179770       -4.09028907796833        3.60993453300242
32
 energy: -44.376045958926 gnorm: 0.002157046631 xtb: 6.7.1 (edcfbbe)
C            1.56226899043022        0.04980577141565       -0.34908139439563
C            0.54286305111803       -0.35135063404269       -1.40908029416888
C            0.64165368780415       -1.82383198755135       -1.80123274468523
N            0.35884113113223       -2.74327822425274       -0.71615044568894
C           -0.39967029912865       -2.53217950989212        0.34823497577559
N           -0.45694943286293       -3.61262166219793        1.12713834570812
C            0.32323334592540       -4.59219727061175        0.54584294539706
C            0.83803723397090       -4.03701873271303       -0.64098753526645
C            1.65898214949302       -4.77843333263768       -1.48387338466366
C            1.94932329349793       -6.07027694437611       -1.09718351004543
C            1.44225551420503       -6.61756484922599        0.08528787770574
C            0.62223098100505       -5.89473831215156        0.92670662751099
C           -1.09406374640824       -3.68925786861297        2.42136082521122
C           -0.08978498265368       -3.34415813759012        3.53666549294765
C            0.51907521754313       -2.07191185487377        3.23380117865765
N            0.96648985275718       -1.08188577088164        2.88074698248181
H            1.38950320903274       -0.44863711208140        0.60157475111349
H            1.50652013788867        1.12003532244027       -0.17528388554206
H            2.57004960655887       -0.18315748522696       -0.68310820603966
H           -0.46866292568250       -0.10960469700002       -1.08033587505144
H            0.72830674190840        0.22569299650386       -2.31597357194398
H           -0.05122833137588       -2.04120296036340       -2.62153221651875
H            1.65633377434064       -2.03785471354872       -2.14525782231047
H           -0.91142111512620       -1.61407567044444        0.56704654073870
H            2.04954368934688       -4.36937899290655       -2.40064719561804
H            2.58252393905845       -6.67867712118899       -1.72291595031091
H            1.69948506030336       -7.63221069452571        0.34346333926586
H            0.23214458902876       -6.32836377673355        1.83306131241359
H           -1.92665089001105       -2.98237220665433        2.44001548649572
H           -1.48281317368942       -4.69910316647159        2.56422455518732
H           -0.60579659027072       -3.28632762204377        4.49728497522715
H            0.69631629085739       -4.10043277956139        3.60654782041208
32
 energy: -44.376042788111 gnorm: 0.003334874678 xtb: 6.7.1 (edcfbbe)
C            1.56670831306343        0.04800390469567       -0.35135210706209
C            0.54378669810603       -0.34988024098950       -1.40933559523452
C            0.63684780210137       -1.82244442346603       -1.80237678846613
N            0.35151195346917       -2.74260898347153       -0.71832259676262
C           -0.40823204434010       -2.53214076362493        0.34527605141749
N           -0.46474780816797       -3.61187609913596        1.12472655720883
C            0.31842224172653       -4.59049202766935        0.54515971478235
C            0.83406389766126       -4.03528380061789       -0.64130510869714
C            1.66030681439658       -4.77504798947515       -1.48012029903527
C            1.95533712051467       -6.06464950097127       -1.08983860367954
C            1.44535991620515       -6.61261185906671        0.09126262193268
C            0.61916058363471       -5.89175425429308        0.92807276048983
C           -1.09699544243551       -3.68911153225456        2.42163810558421
C           -0.08895618092005       -3.35006335284385        3.53374254059507
C            0.52810345368093       -2.08396116865250        3.22845005877459
N            0.98181938273584       -1.09752761806362        2.87374176465962
H            1.39587295493274       -0.45247447397548        0.59848680909069
H            1.51230091293714        1.11792265939966       -0.17488774151162
H            2.57320343336686       -0.18499297337389       -0.68881477715805
H           -0.46592287867877       -0.10479276257843       -1.07800354703198
H            0.72911705898419        0.22660804357144       -2.31645022991355
H           -0.05736057481453       -2.03578754243398       -2.62253264462718
H            1.65025318326860       -2.03981759708288       -2.14730048925598
H           -0.92214232652420       -1.61447350198737        0.56226834967407
H            2.05177152512399       -4.36667138177800       -2.39692321704939
H            2.59444080685810       -6.67076527297982       -1.71132024091591
H            1.70523111119536       -7.62567556634747        0.35222196791254
H            0.22579296030889       -6.32680846418800        1.83247697470555
H           -1.92791283263479       -2.98127071435369        2.44474133153012
H           -1.48814248568101       -4.69790034564468        2.56428975259291
H           -0.60208395818925       -3.28782284381905        4.49547152438358
H            0.69202440811176       -4.11039755253066        3.60321710106706
32
 energy: -44.376054124110 gnorm: 0.001393055936 xtb: 6.7.1 (edcfbbe)
C            1.56650289712047        0.04675788383671       -0.35124402574398
C            0.54301110158175       -0.35007523387283       -1.40910002135626
C            0.63597145666317       -1.82266636400412       -1.80262172126745
N            0.35202984958983       -2.74199972174768       -0.71775722077194
C           -0.40918037280822       -2.53201119055924        0.34514561682471
N           -0.46504569585154       -3.61177621716846        1.12507155602137
C            0.31918670596249       -4.58976875162473        0.54608689574876
C            0.83514140383325       -4.03424561134874       -0.64016519617569
C            1.66168114272492       -4.77386389920260       -1.47877220397393
C            1.95625821523622       -6.06373207954089       -1.08910510358306
C            1.44633934433057       -6.61199998342904        0.09178160907014
C            0.62028262805607       -5.89110406461197        0.92877726984795
C           -1.09951413018106       -3.68779741525370        2.42057715564044
C           -0.08931198686189       -3.35103315588651        3.53363098431661
C            0.53247889643118       -2.08586360444352        3.22633517807427
N            0.98744774232022       -1.10033903349868        2.87145290477607
H            1.39558262761265       -0.45424965497993        0.59840106545509
H            1.51296920265068        1.11657558667644       -0.17415195880853
H            2.57280665990934       -0.18691080361799       -0.68896768043222
H           -0.46670922437403       -0.10539042008885       -1.07705106334408
H            0.72774100330264        0.22713800659848       -2.31596521045936
H           -0.05874165765417       -2.03652389389020       -2.62244237868053
H            1.64933984497861       -2.03982348971698       -2.14838897120270
H           -0.92332930546658       -1.61479470954691        0.56137330221255
H            2.05350066061315       -4.36543321709911       -2.39546694568692
H            2.59515108581248       -6.66960618769353       -1.71112702851788
H            1.70586940736704       -7.62540572446092        0.35227619012754
H            0.22723599353222       -6.32584245788351        1.83342124229537
H           -1.92871709142911       -2.97660519923332        2.44278820787929
H           -1.49414583313309       -4.69600353801735        2.56339537278343
H           -0.60207977845914       -3.28625454825016        4.49538335027318
H            0.68918720658695       -4.11592130644274        3.60278882865796
32
 energy: -44.376047704082 gnorm: 0.002083029675 xtb: 6.7.1 (edcfbbe)
C            1.56748665771829        0.04561217495836       -0.35154215705795
C            0.54221209659480       -0.35035092009206       -1.40778772089305
C            0.63525359692676       -1.82276356038360       -1.80199764961850
N            0.35244490055177       -2.74185446676014       -0.71676436524551
C           -0.40974180545147       -2.53253178087247        0.34565839595270
N           -0.46508273528258       -3.61267803959995        1.12555112824075
C            0.31980670974522       -4.58991729544713        0.54673995029886
C            0.83593760736074       -4.03371047222112       -0.63908767328268
C            1.66279605525208       -4.77269371240966       -1.47790091857306
C            1.95688079027393       -6.06308799414217       -1.08924708277609
C            1.44691560744929       -6.61205798377548        0.09109229866237
C            0.62114247945332       -5.89150311818485        0.92877619839547
C           -1.10114816874369       -3.68828459038524        2.42006677255336
C           -0.09193635441517       -3.34821655859834        3.53371526870109
C            0.52527518503660       -2.08106364276886        3.22590101500889
N            0.99943113833927       -1.10640367059884        2.86587601001875
H            1.39934696339770       -0.45775190269007        0.59776325136459
H            1.51301803864351        1.11507498079731       -0.17240528855913
H            2.57359511042626       -0.18617692269470       -0.69200885788032
H           -0.46724009910788       -0.10652600399691       -1.07373166929439
H            0.72494953198617        0.22784372146248       -2.31468701258438
H           -0.05975279587302       -2.03721664527736       -2.62144434411485
H            1.64867516203862       -2.03953967446016       -2.14822990120689
H           -0.92430769758884       -1.61582999011331        0.56154839319206
H            2.05494193766195       -4.36368018109522       -2.39413814963705
H            2.59532534838689       -6.66875795670268       -1.71211587430064
H            1.70590469003590       -7.62605541629994        0.35046064708457
H            0.22835449741937       -6.32633712204098        1.83336819802572
H           -1.93103034569165       -2.97787778318404        2.44063873443346
H           -1.49422498648398       -4.69670037959639        2.56390209928118
H           -0.60413381709794       -3.28410275293868        4.49554529522816
H            0.68784470103488       -4.11143033989036        3.60284500858270
32
 energy: -44.376061936827 gnorm: 0.000886864054 xtb: 6.7.1 (edcfbbe)
C            1.56814427819737        0.04505378959862       -0.35180295742019
C            0.54175916514256       -0.35049978586720       -1.40702834149323
C            0.63476927926254       -1.82280016596870       -1.80167235947206
N            0.35264063701974       -2.74183853596832       -0.71627994667065
C           -0.40987829671785       -2.53282772370910        0.34598560051536
N           -0.46499013674885       -3.61315789511516        1.12581664119836
C            0.32005600355551       -4.59010639042996        0.54697849081862
C            0.83628290166290       -4.03352791146149       -0.63864001853388
C            1.66325231287228       -4.77217200765015       -1.47761838283510
C            1.95708845432396       -6.06282378610512       -1.08951364378374
C            1.44709217506439       -6.61217752057808        0.09055997018421
C            0.62148209271671       -5.89183003688161        0.92862358537775
C           -1.10161261910563       -3.68817247650303        2.41998419383536
C           -0.09235065373589       -3.34739878266941        3.53366810536226
C            0.52925297831869       -2.08300248790336        3.22364767643087
N            0.99682238085950       -1.10492165370369        2.86504988772220
H            1.40176103049040       -0.45968078331249        0.59721868714357
H            1.51313723742937        1.11427497214071       -0.17134474459453
H            2.57404699376636       -0.18560605595922       -0.69394103722336
H           -0.46745671527248       -0.10711198362048       -1.07173169492788
H            0.72325176083943        0.22821896923827       -2.31393002904532
H           -0.06053656185816       -2.03744682680668       -2.62082028751172
H            1.64813491988686       -2.03937662605470       -2.14832357465590
H           -0.92462035622270       -1.61633216007702        0.56178081431964
H            2.05563510235848       -4.36278731090024       -2.39356588342048
H            2.59538849707928       -6.66831712551131       -1.71276668481039
H            1.70590460140264       -7.62641156943733        0.34940288365324
H            0.22888775981235       -6.32673273653443        1.83322449216485
H           -1.93137298457435       -2.97761716569748        2.43976999463588
H           -1.49466104430631       -4.69641844494013        2.56445885486117
H           -0.60433313070487       -3.28115800562352        4.49537914498453
H            0.68596193718289       -4.11186377599079        3.60379056319073
32
 energy: -44.376067684677 gnorm: 0.000840004530 xtb: 6.7.1 (edcfbbe)
C            1.57027729788173        0.04402944841542       -0.35274729981028
C            0.54070237359277       -0.35079980679673       -1.40501107104813
C            0.63326628970259       -1.82277705973841       -1.80082704938567
N            0.35265753911523       -2.74206357677429       -0.71532359123159
C           -0.41055102653886       -2.53386082305898        0.34660321614245
N           -0.46513425187171       -3.61445197511075        1.12615804898016
C            0.32054507753632       -4.59076186341722        0.54733409770348
C            0.83696958553625       -4.03338659352563       -0.63790765644667
C            1.66442384948778       -4.77114756965227       -1.47717191132273
C            1.95794878864386       -6.06218440473236       -1.09018591136526
C            1.44765677839985       -6.61245129906040        0.08934285538741
C            0.62221992865604       -5.89272066000614        0.92808689889160
C           -1.10260554995746       -3.68804830122995        2.41992520142725
C           -0.09387346351575       -3.34542136526650        3.53376355326430
C            0.53404805148841       -2.08526281331707        3.21927496465783
N            0.99648567773074       -1.10429346698977        2.86127416939095
H            1.40884259656586       -0.46424966820940        0.59514302176384
H            1.51382605028801        1.11244165170931       -0.16823644079527
H            2.57524875271534       -0.18345185236409       -0.69959485012673
H           -0.46750118616465       -0.10819648456309       -1.06619252138387
H            0.71872232371957        0.22896350593700       -2.31186114528213
H           -0.06314692129496       -2.03727434000753       -2.61902854086027
H            1.64617827761759       -2.03894987657912       -2.14899868383010
H           -0.92576836346301       -1.61762196219440        0.56251480042013
H            2.05762299421465       -4.36072600112127       -2.39229930450596
H            2.59646319710338       -6.66698040106335       -1.71385833468880
H            1.70642418046265       -7.62687857881157        0.34735028933711
H            0.22978648208088       -6.32807972993142        1.83256235462243
H           -1.93278729047438       -2.97795245236617        2.43791933310477
H           -1.49514080525753       -4.69619756877707        2.56623081209859
H           -0.60719737768821       -3.27393282730555        4.49437000972886
H            0.68233014368412       -4.11188128409378        3.60775068516250
32
 energy: -44.376071038981 gnorm: 0.000560682725 xtb: 6.7.1 (edcfbbe)
C            1.57187311214067        0.04349755476908       -0.35347126267218
C            0.54018225097252       -0.35075549282950       -1.40389419331521
C            0.63217479852007       -1.82257562662545       -1.80040311074210
N            0.35235194589961       -2.74221091880107       -0.71497188390490
C           -0.41108176554920       -2.53450373339581        0.34686400416268
N           -0.46544954548986       -3.61522560262570        1.12619709330627
C            0.32067820285454       -4.59117952185877        0.54735944655294
C            0.83718626773151       -4.03336144634166       -0.63768037470890
C            1.66507834443774       -4.77063571278034       -1.47694956775890
C            1.95879322725838       -6.06172085832212       -1.09034106218197
C            1.44824681302990       -6.61250194693198        0.08887585769784
C            0.62253508676180       -5.89321649106455        0.92769496908403
C           -1.10301028936111       -3.68841758011474        2.41998294017518
C           -0.09504794394967       -3.34414359493277        3.53397634325207
C            0.53375918832604       -2.08487387995047        3.21780871802580
N            0.99932851455984       -1.10604347647835        2.85869085456430
H            1.41337791401012       -0.46683565003959        0.59376806679755
H            1.51437812005243        1.11145523789292       -0.16671466353419
H            2.57624023471326       -0.18191057593480       -0.70331384816843
H           -0.46731457511631       -0.10841917619712       -1.06286607910884
H            0.71626469731208        0.22943842738885       -2.31079856853003
H           -0.06508096842890       -2.03661253143169       -2.61800096117670
H            1.64469105814677       -2.03873888572744       -2.14963237851134
H           -0.92658402216714       -1.61842385010412        0.56296860737708
H            2.05847380108723       -4.35975442920068       -2.39179207205984
H            2.59747918886588       -6.66619243757045       -1.71412097826645
H            1.70699131513810       -7.62700586372176        0.34650670714297
H            0.23002710451135       -6.32896899580691        1.83197120910450
H           -1.93371195844889       -2.97892245960568        2.43720338240954
H           -1.49501560121870       -4.69671738383458        2.56700546725418
H           -0.60943320471169       -3.27008616749731        4.49384438585215
H            0.68055868810877       -4.11100693032801        3.61059295188107
