17
 energy: -17.168391713135 gnorm: 0.023638682211 xtb: 6.7.1 (edcfbbe)
C            0.95823000000000        0.03733000000000       -0.09952000000000
C            0.47703000000000       -1.17941000000000        0.67524000000000
C            0.91238000000000       -1.18149000000000        2.14369000000000
C            0.43220000000000       -0.00033000000000        2.97865000000000
N           -1.04785000000000        0.05210000000000        3.00912000000000
H            0.48622000000000        0.95542000000000        0.26235000000000
H            0.70570000000000       -0.06861000000000       -1.15949000000000
H            2.04401000000000        0.15015000000000       -0.01982000000000
H           -0.61333000000000       -1.25394000000000        0.59881000000000
H            0.88168000000000       -2.07926000000000        0.19605000000000
H            0.56208000000000       -2.11337000000000        2.60551000000000
H            2.00824000000000       -1.21111000000000        2.18704000000000
H            0.76127000000000       -0.10361000000000        4.01714000000000
H            0.78186000000000        0.96048000000000        2.59163000000000
H           -1.45278000000000       -0.83110000000000        3.34711000000000
H           -1.37657000000000        0.79825000000000        3.63633000000000
H           -1.44511000000000        0.24313000000000        2.08004000000000
17
 energy: -17.169433532970 gnorm: 0.009832532879 xtb: 6.7.1 (edcfbbe)
C            0.95263697313339        0.04751797792213       -0.09021405650132
C            0.46628544137433       -1.17080223457201        0.68401280269107
C            0.91026876927449       -1.19167744752491        2.14975097811026
C            0.43169438061581       -0.00625824700231        2.97441336094098
N           -1.05779096991319        0.05174612512028        3.00504342304380
H            0.49337703400597        0.97250059302782        0.25749544602572
H            0.70907380569415       -0.06231160341062       -1.14472968434670
H            2.03279847815635        0.14895104877394       -0.00939777522482
H           -0.62226273599374       -1.25268473786240        0.60402398281340
H            0.87571244179908       -2.06683348010321        0.21358614795847
H            0.56651241501749       -2.11814612978375        2.61900988361342
H            2.00168811595834       -1.20199713619195        2.18819659851310
H            0.78864440113486       -0.10273587821921        4.00220271910246
H            0.80214071061976        0.93588060545083        2.56655458783787
H           -1.45054196732290       -0.83690173149467        3.34585550622941
H           -1.38971292572326        0.80527780055437        3.62196466918387
H           -1.43526436783093        0.22310447531568        2.06211141000901
17
 energy: -17.169669052230 gnorm: 0.003781602677 xtb: 6.7.1 (edcfbbe)
C            0.94878443790923        0.05268406962464       -0.07910793506946
C            0.45807576213085       -1.17008857230395        0.68774070927208
C            0.90685658821484       -1.19630363812923        2.15228699364604
C            0.43500381716778       -0.00593891198793        2.97510360530887
N           -1.05938706085296        0.05177682912312        3.00141084234733
H            0.49357649719165        0.97836014696409        0.26608950124887
H            0.70850462505615       -0.05679426458904       -1.13153313061313
H            2.02693480717161        0.14682749831746        0.00592518715944
H           -0.62987987188206       -1.25106396375529        0.60846919658289
H            0.86743026851967       -2.06079631834759        0.21238269953471
H            0.56772406116628       -2.12202312878087        2.62104008091347
H            1.99589466018709       -1.19850766164418        2.18421055767757
H            0.79797341367215       -0.09200210244000        4.00014849608639
H            0.80952992610135        0.92579278029766        2.55010571346575
H           -1.43947421948464       -0.84069875284383        3.34670260994612
H           -1.39798979778967        0.81267915813279        3.60436307244814
H           -1.41429791447929        0.20072683236213        2.04454180004490
17
 energy: -17.169729914888 gnorm: 0.002407725719 xtb: 6.7.1 (edcfbbe)
C            0.94568276898633        0.05565296068650       -0.07272091663309
C            0.45342732504116       -1.16932355076076        0.69091688262492
C            0.90680998741087       -1.19930508034232        2.15431957570540
C            0.43817724372513       -0.00522551245080        2.97474933734735
N           -1.05789042500498        0.05100328160271        2.99706420494462
H            0.49025011651595        0.98028227763305        0.27457193545679
H            0.70719042979120       -0.05083680534655       -1.12609560045752
H            2.02389374376058        0.14763261207859        0.01628323065922
H           -0.63485057978671       -1.24812636289116        0.61330497291068
H            0.86027836934262       -2.05816900587259        0.21030300608807
H            0.56763718971525       -2.12444020881548        2.62316434417396
H            1.99577357943629       -1.20257152287922        2.18189392460571
H            0.79905219133794       -0.08506177662731        4.00018584150468
H            0.81160957633970        0.92298746333549        2.54253457354064
H           -1.43149187923534       -0.84091339076659        3.34920753362912
H           -1.40161472838432        0.81826366026084        3.58757844406623
H           -1.39867490899166        0.18278096115559        2.03261870983320
17
 energy: -17.169761122558 gnorm: 0.001778485048 xtb: 6.7.1 (edcfbbe)
C            0.94276595168793        0.05815088561694       -0.06783418735297
C            0.45072077341288       -1.16893990766347        0.69305409977552
C            0.90736084998070       -1.20089538895887        2.15547884147965
C            0.44124140936332       -0.00496592884752        2.97473304888795
N           -1.05534035576733        0.04972211882319        2.99220148039034
H            0.48505875587632        0.98146544158039        0.28125482489306
H            0.70618113923898       -0.04555092647079       -1.12251818323802
H            2.02117610312831        0.15137654571197        0.02390922989610
H           -0.63810722827881       -1.24615050977646        0.61742624414094
H            0.85460020428932       -2.05737298357462        0.20819618605800
H            0.56633187465186       -2.12524833924220        2.62495258732479
H            1.99675425447292       -1.20859704910192        2.18065025730678
H            0.79880372494799       -0.08159517628152        4.00134515142121
H            0.81388695504147        0.92216750129158        2.54027179740683
H           -1.42656850130501       -0.83852979175252        3.35439437607344
H           -1.40326455396371        0.82438688981299        3.56943414629730
H           -1.38634135677713        0.16520661883283        2.02293009923906
17
 energy: -17.169791779995 gnorm: 0.001719035192 xtb: 6.7.1 (edcfbbe)
C            0.93789535175732        0.06234635492480       -0.06206262121845
C            0.44895703168226       -1.16801479320942        0.69524838037308
C            0.90837617435645       -1.20342342536283        2.15664672871993
C            0.44531861910279       -0.00636344346434        2.97523621157179
N           -1.05099155773626        0.04826425826229        2.98495615867974
H            0.47402425677376        0.98285596831414        0.28828816746035
H            0.70520380235997       -0.03869587530060       -1.11851364223262
H            2.01605814153163        0.16128165647502        0.03340715797657
H           -0.64052498737720       -1.24561902084748        0.62132394110295
H            0.85041243565630       -2.05562895652114        0.20561281320151
H            0.56353055831042       -2.12682183291339        2.62661199450306
H            1.99837470269138       -1.21870836860880        2.18030070621638
H            0.79796534481730       -0.08203426411999        4.00374872699604
H            0.81932606364374        0.92083770170399        2.54215223634677
H           -1.42376992064658       -0.82983149978492        3.36901456540605
H           -1.40367197761312        0.83807451689295        3.53812031110089
H           -1.37122403931012        0.13611102355970        2.00978816379590
17
 energy: -17.169820815634 gnorm: 0.001479545129 xtb: 6.7.1 (edcfbbe)
C            0.93404534093638        0.06591191086988       -0.05946016112406
C            0.45021768753208       -1.16792775891682        0.69487082181667
C            0.90860847677284       -1.20581980787692        2.15643199565278
C            0.44687074026402       -0.00965611194018        2.97651908146452
N           -1.04844365353111        0.04910810224026        2.98164547603285
H            0.46341738643412        0.98354653629996        0.28970344287193
H            0.70534263866657       -0.03573756224367       -1.11657426280770
H            2.01121860276200        0.17189697245032        0.03881021238075
H           -0.63913975490309       -1.25020932776625        0.61974099281406
H            0.85486906259374       -2.05327406589736        0.20384772512885
H            0.56147373770339       -2.12926602928655        2.62505569886750
H            1.99852575247824       -1.22389238365640        2.18125089781787
H            0.79729149370656       -0.08881071033016        4.00582519930860
H            0.82533703011745        0.91813269854599        2.54770911457899
H           -1.42754269568776       -0.81711112563903        3.38694036849154
H           -1.40137862883098        0.85335784769213        3.51402354245261
H           -1.36545321701442        0.11438081545480        2.00353985425218
17
 energy: -17.169845125923 gnorm: 0.001696779514 xtb: 6.7.1 (edcfbbe)
C            0.92828178911499        0.07128406299864       -0.05630664339784
C            0.45317064294341       -1.16892840368549        0.69320472929539
C            0.90841572785136       -1.21059456862778        2.15579345327639
C            0.44793738210240       -0.01551298345098        2.97865394553156
N           -1.04608758358049        0.05253181909216        2.97899573698609
H            0.44702053633621        0.98371031686932        0.29123421606781
H            0.70600772852655       -0.03171038896805       -1.11435819977139
H            2.00364333439533        0.18765484741392        0.04715474217711
H           -0.63530863445095       -1.26095466464389        0.61464057559232
H            0.86710199301036       -2.04877321744317        0.20051344031948
H            0.55951650525908       -2.13488922343713        2.62080006944146
H            1.99790490596459       -1.22830175838197        2.18288556815592
H            0.79597444924575       -0.10111258921528        4.00841811759008
H            0.83404598587672        0.91188463237715        2.55503836449358
H           -1.43572938506612       -0.79478954002547        3.41463724721553
H           -1.39567854751941        0.87806385720546        3.48110000890226
H           -1.36095683000971        0.08506780192251        1.99747462812419
17
 energy: -17.169848158251 gnorm: 0.000863703953 xtb: 6.7.1 (edcfbbe)
C            0.92736424412823        0.07180745978158       -0.05620170010319
C            0.45468067222992       -1.17010209572865        0.69219938307179
C            0.90839569403761       -1.21137788851181        2.15528149600242
C            0.44746156154831       -0.01671067159103        2.97889715987812
N           -1.04645315107393        0.05415684253805        2.97937628107558
H            0.44366772871325        0.98285015716967        0.29096766272573
H            0.70616010346475       -0.03173296061512       -1.11425481556772
H            2.00221266486489        0.19052787146217        0.04801530966948
H           -0.63323048408413       -1.26523480378963        0.61235953469939
H            0.87218230475405       -2.04832399680369        0.19992767086810
H            0.55970702048902       -2.13597176494373        2.61932638038963
H            1.99775800400592       -1.22759190307510        2.18366775387612
H            0.79509418008386       -0.10443709734694        4.00853267627313
H            0.83533714870663        0.91026332414822        2.55634985814485
H           -1.43874954078206       -0.78962440580223        3.41640549891348
H           -1.39265211251717        0.88062991468139        3.47918052876643
H           -1.36367603856911        0.08550201842681        1.99984932131660
