42
 energy: -44.663811099395 gnorm: 0.053827161782 xtb: 6.7.1 (edcfbbe)
C            1.03534000000000        0.44517000000000        0.81042000000000
C            0.86184000000000        1.72918000000000        0.01316000000000
C            1.22640000000000        1.58321000000000       -1.46671000000000
C            0.41546000000000        0.54303000000000       -2.24702000000000
C           -1.09480000000000        0.79574000000000       -2.30095000000000
C           -1.52009000000000        2.07763000000000       -3.01907000000000
C           -1.06379000000000        2.29747000000000       -4.46805000000000
N           -1.66361000000000        1.36951000000000       -5.56877000000000
C           -1.48331000000000        2.15035000000000       -6.89085000000000
C           -0.87404000000000        0.05474000000000       -5.65489000000000
C           -1.47085000000000       -0.91831000000000       -6.66733000000000
C           -2.95237000000000       -1.16645000000000       -6.42124000000000
C           -3.73621000000000        0.13736000000000       -6.35972000000000
C           -3.15295000000000        1.09527000000000       -5.32662000000000
H            0.31945000000000       -0.32079000000000        0.49798000000000
H            0.86901000000000        0.63766000000000        1.87516000000000
H            2.04669000000000        0.04305000000000        0.69318000000000
H           -0.16602000000000        2.09171000000000        0.12113000000000
H            1.50803000000000        2.49932000000000        0.45166000000000
H            1.13163000000000        2.56210000000000       -1.95088000000000
H            2.28765000000000        1.31321000000000       -1.53971000000000
H            0.81928000000000        0.48816000000000       -3.26368000000000
H            0.58556000000000       -0.44896000000000       -1.81237000000000
H           -1.58975000000000       -0.06651000000000       -2.75739000000000
H           -1.49036000000000        0.82970000000000       -1.27863000000000
H           -2.60930000000000        2.17830000000000       -2.94900000000000
H           -1.13607000000000        2.92524000000000       -2.43582000000000
H           -1.36664000000000        3.31668000000000       -4.74040000000000
H            0.02641000000000        2.24833000000000       -4.56490000000000
H           -2.07683000000000        3.06783000000000       -6.83210000000000
H           -0.42060000000000        2.38546000000000       -7.00460000000000
H           -1.82347000000000        1.54676000000000       -7.73280000000000
H           -0.88999000000000       -0.40889000000000       -4.66988000000000
H            0.16215000000000        0.30261000000000       -5.91034000000000
H           -0.93206000000000       -1.87134000000000       -6.60417000000000
H           -1.31852000000000       -0.55550000000000       -7.68955000000000
H           -3.35808000000000       -1.80739000000000       -7.21193000000000
H           -3.07724000000000       -1.71059000000000       -5.47659000000000
H           -3.76797000000000        0.60385000000000       -7.35022000000000
H           -4.77721000000000       -0.08224000000000       -6.09450000000000
H           -3.67470000000000        2.05832000000000       -5.33223000000000
H           -3.24902000000000        0.63833000000000       -4.33759000000000
42
 energy: -44.670101990564 gnorm: 0.027009160471 xtb: 6.7.1 (edcfbbe)
C            1.03175646216236        0.44403910490108        0.80768337363858
C            0.85624488666673        1.72822695060210        0.00879019399692
C            1.22107874843824        1.58669862652265       -1.47015407275797
C            0.41716602007882        0.54310796946874       -2.25049470532931
C           -1.09288883903007        0.78701833417492       -2.30717160180738
C           -1.52499425765219        2.06832398792951       -3.02414363898608
C           -1.08721470464851        2.27757548883462       -4.47392479406228
N           -1.66123913918789        1.37585625028313       -5.57130056686420
C           -1.48747607278502        2.13329802500281       -6.86309889605410
C           -0.89826171832127        0.07426070382398       -5.65439155803926
C           -1.47278867322863       -0.90317695059853       -6.67339018420466
C           -2.95074033961435       -1.16575294112167       -6.41286788906172
C           -3.72423089840630        0.14625924997778       -6.36808237206056
C           -3.12325621317638        1.09118657352707       -5.33548006759012
H            0.32232933347561       -0.32167773159760        0.49753983818034
H            0.86961071909511        0.63694820337749        1.86703954521761
H            2.03969719979354        0.04937409169998        0.68770276842298
H           -0.17139350900535        2.08590356447779        0.11255097983399
H            1.50373488904570        2.49780422091496        0.43840255058421
H            1.12290452640636        2.56388758234626       -1.95275683505397
H            2.27664995276620        1.30683539728155       -1.53707848325690
H            0.82508933078713        0.48932021307615       -3.26440298485158
H            0.58250861139668       -0.43821286641921       -1.79924871287328
H           -1.58184118929887       -0.08281806906679       -2.75649751399984
H           -1.47515074722658        0.84475980884250       -1.28482097756321
H           -2.61030521152618        2.17335435974892       -2.95005893531233
H           -1.11121459124333        2.91854168501511       -2.47064677929221
H           -1.37771527630439        3.29573884813366       -4.74667356373066
H           -0.00124067012015        2.20818127263008       -4.55886265794176
H           -2.07506611784837        3.04797907619550       -6.82463774984562
H           -0.43523665863598        2.37849521428396       -6.98926986413505
H           -1.81970801781101        1.53206150854791       -7.70272256252997
H           -0.91784467570292       -0.38138794229021       -4.66579033376533
H            0.13557218791325        0.31829614106799       -5.90692168456500
H           -0.91929429289627       -1.84222666860909       -6.59087998064606
H           -1.32232629619452       -0.54310358027242       -7.69369474696319
H           -3.35444871109924       -1.80484932406285       -7.19956281770944
H           -3.07200430254411       -1.70007889643908       -5.46606894445850
H           -3.75700047663175        0.60913054937169       -7.35669232936932
H           -4.75995062767516       -0.05493291639486       -6.08251643561948
H           -3.64692902073809        2.04899919600740       -5.33427863947881
H           -3.21353161947286        0.63506568880502       -4.34893537009550
42
 energy: -44.671631360204 gnorm: 0.004481816860 xtb: 6.7.1 (edcfbbe)
C            1.02839711701132        0.44452571831681        0.80115961655167
C            0.84603914495445        1.72950239878295        0.00234702779943
C            1.21614834720078        1.58869214122032       -1.47559546961531
C            0.41821377377594        0.53949801806492       -2.25479145521322
C           -1.09280721970385        0.77815475640736       -2.31116105710136
C           -1.52962746896393        2.05389618810514       -3.03740725012671
C           -1.09729214548216        2.25848236608013       -4.49011101652619
N           -1.66345739239344        1.37864356984692       -5.57605551694888
C           -1.49076321611990        2.11894328790907       -6.83860241107050
C           -0.90876534271563        0.09532491548911       -5.65110193008432
C           -1.47217391648245       -0.88985656461876       -6.66961640589375
C           -2.94988567298140       -1.16217972051479       -6.40941508360600
C           -3.71715727895782        0.15516874861028       -6.36820336222713
C           -3.10410496493812        1.09595718440175       -5.33781340867940
H            0.32272722366580       -0.32177169215382        0.49241122178967
H            0.86817386777019        0.63933983883300        1.85741420192188
H            2.03629768449735        0.05742734057758        0.67756960286647
H           -0.18283271004961        2.08041437820622        0.10391293795823
H            1.49142442946493        2.49949972461552        0.42881288636097
H            1.11479621015089        2.56476593776377       -1.95614353111261
H            2.26904900989203        1.30671514010323       -1.53805178357865
H            0.83148321100092        0.48260473303614       -3.26531087175998
H            0.58216944956626       -0.43335240252278       -1.79105328348106
H           -1.57785091030403       -0.09855160253424       -2.74935791927072
H           -1.46624871119665        0.85252149776656       -1.28932143122593
H           -2.61123892082899        2.16477455669982       -2.94573960708770
H           -1.09215168800941        2.90153675706744       -2.50310148046047
H           -1.37949496677154        3.27937911171082       -4.75292618307559
H           -0.01140898987101        2.18183066316224       -4.55826913151096
H           -2.07839813596434        3.03321376324550       -6.82102155699930
H           -0.44362787030599        2.37662575101325       -6.97546217045065
H           -1.81340495158231        1.51847138954687       -7.68100888725376
H           -0.93744520311838       -0.36140579601881       -4.66323416863979
H            0.12894375249666        0.32713665715476       -5.89710070022004
H           -0.90396067857075       -1.81646217807611       -6.57671382405812
H           -1.32762081340450       -0.53198667189036       -7.68872301026672
H           -3.35270623441109       -1.80477936761263       -7.19023317436117
H           -3.06606652551504       -1.68471632148445       -5.45885435687612
H           -3.74625783044240        0.61161661773973       -7.35699650045649
H           -4.75053195769055       -0.02901194034592       -6.07177059911899
H           -3.63783933101696        2.04773530732756       -5.32437470406271
H           -3.18969217365531        0.62998579896796       -4.35679425282810
42
 energy: -44.671714189937 gnorm: 0.001949933945 xtb: 6.7.1 (edcfbbe)
C            1.02656869731850        0.44617690183609        0.79740264515140
C            0.84061587865729        1.73055952455366       -0.00195184778333
C            1.21388723367171        1.58913746974707       -1.47922530848672
C            0.41892207231579        0.53566845141695       -2.25618299741177
C           -1.09232540035107        0.77358531794967       -2.31196061392744
C           -1.52748741136547        2.05164964348118       -3.03556306870934
C           -1.09551519246350        2.25919522570283       -4.48952550980757
N           -1.66153263017637        1.38119062004320       -5.57613113603301
C           -1.49089778816392        2.11916740010564       -6.84246657792100
C           -0.90932765275632        0.09598552800635       -5.64800006709497
C           -1.47128012693149       -0.89008185851174       -6.66746607050692
C           -2.94915574362502       -1.16012972339238       -6.40558766854105
C           -3.71656891003442        0.15747129674234       -6.36715023423190
C           -3.10179118170092        1.09664661740515       -5.33511147596977
H            0.32231232380965       -0.32233058981954        0.48889877046549
H            0.86627763990087        0.64076107439372        1.85430632803405
H            2.03598089049600        0.06183861598677        0.67257943106208
H           -0.18993074187359        2.07744111469985        0.09776577928643
H            1.48185383749727        2.50353445519641        0.42582364289091
H            1.11051483000873        2.56428424341166       -1.96155607126621
H            2.26804727735328        1.31097872833027       -1.53977684501648
H            0.83242365497571        0.47648713679433       -3.26639740191639
H            0.58489374037146       -0.43609529920813       -1.79060704980565
H           -1.57816326686770       -0.10400710616159       -2.74726082687064
H           -1.46492509585083        0.84861823284008       -1.29004505957403
H           -2.60864863117794        2.16398284829804       -2.94185399830728
H           -1.08867136162642        2.89661044937650       -2.49975051551263
H           -1.37565052851033        3.28258815291530       -4.74731079338798
H           -0.00919028241510        2.18263302702070       -4.55559615593364
H           -2.08317665463678        3.03204042713704       -6.82834004074040
H           -0.44347289254496        2.38192485343398       -6.97778672319710
H           -1.80863496867437        1.51679105517021       -7.68718383757484
H           -0.94114095061463       -0.36200945396601       -4.66054581014955
H            0.12990222255322        0.32571467379434       -5.89108302891125
H           -0.90228211851529       -1.81592714686762       -6.57546331735583
H           -1.32788806683077       -0.53159220186624       -7.68692986825570
H           -3.35228754014593       -1.80409304207579       -7.18522822561875
H           -3.06545445348952       -1.68086954991762       -5.45361100570656
H           -3.74299447072493        0.61334129355906       -7.35671498452435
H           -4.75064248048556       -0.02430745259982       -6.07250629239487
H           -3.63726384818262        2.04787325808034       -5.31705500008736
H           -3.18684990819375        0.62587578695777       -4.35566116835817
42
 energy: -44.671768336298 gnorm: 0.002787016669 xtb: 6.7.1 (edcfbbe)
C            1.02183129234683        0.45184460302389        0.78788431637547
C            0.82640256741903        1.73360546656674       -0.01385435740412
C            1.20829002587753        1.58965548434896       -1.48879832143885
C            0.42096179530525        0.52659223549389       -2.26064921448551
C           -1.09064133060765        0.76257624618850       -2.31524407148260
C           -1.52312538543413        2.04490890108525       -3.03345185862719
C           -1.09024823605594        2.25975865329378       -4.48920364501663
N           -1.65763865911163        1.38372589175214       -5.57360102081091
C           -1.48826133781174        2.12197829333761       -6.84270010879301
C           -0.90756775658593        0.09696650460373       -5.64247450716608
C           -1.47111874481252       -0.88968686081326       -6.66186383160873
C           -2.94910301271861       -1.15670552309882       -6.39699625599107
C           -3.71384496735935        0.16288337867017       -6.36438733666714
C           -3.09790843143205        1.09933141506392       -5.32890919554574
H            0.32198632954053       -0.32235403170554        0.48107912183162
H            0.86146741210682        0.64614831278786        1.84547730401199
H            2.03421204644192        0.07422437060035        0.66118338700186
H           -0.20851629265346        2.06982228400145        0.07980042598540
H            1.45646713458146        2.51482843170575        0.41633853828634
H            1.09958306434196        2.56160594219484       -1.97685618839083
H            2.26533928219432        1.32054074238975       -1.54409614969637
H            0.83460955184183        0.46186205434537       -3.27038172137912
H            0.59165175950517       -0.44199252132496       -1.78970415665935
H           -1.57815793687849       -0.11526428645665       -2.74730530206069
H           -1.46179161068550        0.83691568747849       -1.29285575682344
H           -2.60348337696783        2.16053058493637       -2.93709181675167
H           -1.08057021151097        2.88378832601002       -2.49349958039773
H           -1.36908666339086        3.28572143968225       -4.74131164033365
H           -0.00318612057456        2.18448292186280       -4.55238935378612
H           -2.09342732346146        3.02825531695218       -6.83455601703663
H           -0.44171905469923        2.39732206327088       -6.97307167372489
H           -1.79309045708131        1.51405425512183       -7.69022832081430
H           -0.94744325231753       -0.36204261913008       -4.65560756102487
H            0.13488295705058        0.32195934701845       -5.87886173862365
H           -0.90168148628718       -1.81467631269528       -6.57122480481773
H           -1.32998016113591       -0.53098445613778       -7.68207016955112
H           -3.35409671785767       -1.80497671312054       -7.17241385832935
H           -3.06520108807644       -1.67164722896993       -5.44120544857479
H           -3.73299922727059        0.61787442517498       -7.35501293810899
H           -4.74978793445800       -0.01349205611692       -6.07474973787016
H           -3.63541893402862        2.04977454936995       -5.29974423836527
H           -3.17953950728815        0.61859448123774       -4.35320119533457
42
 energy: -44.671786592069 gnorm: 0.001757744267 xtb: 6.7.1 (edcfbbe)
C            1.02106892079152        0.45396043956848        0.78674301727099
C            0.82421571304348        1.73445887091297       -0.01635542623895
C            1.20768373113629        1.58940155605648       -1.49061581109210
C            0.42128236496905        0.52542355608554       -2.26171362227360
C           -1.09035596654839        0.76062592922359       -2.31607380597704
C           -1.52292278271318        2.04381998068023       -3.03234248252146
C           -1.08981798461368        2.25901701948850       -4.48745483470709
N           -1.65665537651186        1.38355281089528       -5.57259909755076
C           -1.48689070235932        2.12245348526758       -6.84071030149805
C           -0.90722783275875        0.09648883424068       -5.64269640280095
C           -1.47164749718198       -0.89001732622496       -6.66135640723643
C           -2.94957565707460       -1.15621290912375       -6.39579637874013
C           -3.71317729403532        0.16387796303232       -6.36394577057822
C           -3.09698524325888        1.09946326766805       -5.32841920446801
H            0.32220229306422       -0.32118551052037        0.48083752113632
H            0.86063899195986        0.64907195440666        1.84392356683649
H            2.03360322181363        0.07729756864434        0.66046358215097
H           -0.21130232896830        2.06896949961940        0.07578030537609
H            1.45236892386846        2.51723905949007        0.41344757704245
H            1.09876870570499        2.56060085435477       -1.97996933248687
H            2.26481732434511        1.32079198436356       -1.54478662603709
H            0.83475953257668        0.46030002390738       -3.27149750224198
H            0.59235288383992       -0.44265159169239       -1.79006904802450
H           -1.57759130860545       -0.11621102132976       -2.75046107241667
H           -1.46183455961120        0.83277618512519       -1.29359802097711
H           -2.60331554959654        2.15938541108808       -2.93712389189680
H           -1.08045535311777        2.88234845433136       -2.49131064669547
H           -1.36968910663931        3.28435462026416       -4.73989639216321
H           -0.00288789488641        2.18437392246188       -4.55136491414849
H           -2.09386805996667        3.02674823781650       -6.83235288325756
H           -0.44129721178727        2.39999808344100       -6.96866754038907
H           -1.78884118343034        1.51412170079781       -7.68824825175433
H           -0.94617816127187       -0.36205939472298       -4.65573761678288
H            0.13462322211470        0.32163006086761       -5.88009341979104
H           -0.90281988461679       -1.81556159758944       -6.57065042107291
H           -1.33087754058318       -0.53178266948497       -7.68162517884419
H           -3.35533437291207       -1.80507551977221       -7.17019965035621
H           -3.06555657958238       -1.67007106729718       -5.43956654225934
H           -3.73076814990170        0.61890956539881       -7.35438491110675
H           -4.74965161300524       -0.01162755952910       -6.07526905818351
H           -3.63327352499048        2.05015222133355       -5.29926298279653
H           -3.17853710869910        0.61915304645544       -4.35279012044821
42
 energy: -44.671813126987 gnorm: 0.001790774194 xtb: 6.7.1 (edcfbbe)
C            1.01793511756314        0.46440239859927        0.78300362039254
C            0.81551198820423        1.73919421282415       -0.02700793468568
C            1.20540596653245        1.58791820224713       -1.49847439125541
C            0.42243405676426        0.51959386717758       -2.26585746325668
C           -1.08956229520982        0.75090571125687       -2.31949107864551
C           -1.52272775956304        2.03747100799053       -3.02820520150362
C           -1.08828571352427        2.25620120481919       -4.48026934214766
N           -1.65330889857635        1.38189018716879       -5.56820930226357
C           -1.48046386773598        2.12489205883197       -6.83228769063900
C           -0.90458299484472        0.09419272779919       -5.64358598813603
C           -1.47437105373412       -0.89102429649664       -6.65925646316538
C           -2.95216487307829       -1.15403359568015       -6.39052561714984
C           -3.71058648234380        0.16860818003299       -6.36244171343412
C           -3.09455778435105        1.10062362925910       -5.32590640156288
H            0.32323304740400       -0.31532493253152        0.48115313175215
H            0.85672339489449        0.66411175782854        1.83852565406796
H            2.03160756720971        0.09188112289963        0.65896542245628
H           -0.22257903933343        2.06668291594972        0.05851603002405
H            1.43602172733497        2.52877641896203        0.40054532803606
H            1.09715642831841        2.55602775484262       -1.99372706811608
H            2.26269595174680        1.32004039443732       -1.54724065788186
H            0.83513394959443        0.45261161413618       -3.27588178365183
H            0.59554266088276       -0.44631596000298       -1.79108755533989
H           -1.57465829716561       -0.12243226745706       -2.76360210206779
H           -1.46265185676627        0.81303097995304       -1.29670893278931
H           -2.60333172806610        2.15286306483868       -2.93579533403465
H           -1.08132916632461        2.87474895201269       -2.48281845274131
H           -1.37123496248229        3.27998340580421       -4.73333014408714
H           -0.00167710525395        2.18293152342300       -4.54621653028701
H           -2.09643828730571        3.02128996333256       -6.82611121448480
H           -0.43828618152793        2.41351102190643       -6.94984636839280
H           -1.76825311691777        1.51403495125977       -7.68095162445698
H           -0.93774943199603       -0.36348260459589       -4.65648752790489
H            0.13480599384354        0.32027997509556       -5.88722047051678
H           -0.90827521431666       -1.81881968669075       -6.56826180617748
H           -1.33502820307784       -0.53527603697470       -7.68020259837877
H           -3.36102783274029       -1.80509496160377       -7.16111774818923
H           -3.06776538803444       -1.66345104969864       -5.43225847424052
H           -3.72181153746918        0.62376670537608       -7.35242283305172
H           -4.74914276608652       -0.00310605737618       -6.07782744280486
H           -3.62651792349284        2.05273997590166       -5.29731538603979
H           -3.17678808897434        0.62146556314218       -4.35056854324838
42
 energy: -44.671823261586 gnorm: 0.000825642502 xtb: 6.7.1 (edcfbbe)
C            1.01718306798081        0.46829671836605        0.78317008456543
C            0.81377515341065        1.74131183586388       -0.02965928687180
C            1.20529381535109        1.58693787457563       -1.50048984532213
C            0.42291678148426        0.51681410979361       -2.26631710368935
C           -1.08935807747101        0.74703123124473       -2.31986021325401
C           -1.52298243393306        2.03446389010620       -3.02680050976658
C           -1.08796693863693        2.25527281911118       -4.47865511203640
N           -1.65287405792035        1.38253232826864       -5.56786150277486
C           -1.47919716885883        2.12547884579095       -6.83196277075832
C           -0.90444174766883        0.09476160366296       -5.64377232683627
C           -1.47500615831384       -0.89137276207461       -6.65860626334753
C           -2.95302081260835       -1.15314644265260       -6.38954417666023
C           -3.71081992917417        0.16996999808021       -6.36277753091314
C           -3.09416498617559        1.10161268213067       -5.32598918091809
H            0.32352758081966       -0.31295203982627        0.48229125168399
H            0.85494123604529        0.67000447222014        1.83834130343754
H            2.03158706674034        0.09678562377328        0.66035979242997
H           -0.22483912920338        2.06763546221755        0.05432322173011
H            1.43299013419048        2.53253549703764        0.39685848735489
H            1.09781113489186        2.55413569675419       -1.99778177484773
H            2.26265695531343        1.31880336208356       -1.54762818736219
H            0.83557202053079        0.44888382913838       -3.27628405820856
H            0.59717394248361       -0.44838762797124       -1.79040404743189
H           -1.57363846220166       -0.12647190876393       -2.76448047495772
H           -1.46273923711013        0.80772596908071       -1.29723629105668
H           -2.60357973118538        2.14952149690453       -2.93324305281514
H           -1.08186597084422        2.87083944183431       -2.48022840571374
H           -1.37019882898786        3.27978004920861       -4.73034650478820
H           -0.00119179684879        2.18180672861611       -4.54345991419940
H           -2.09812352405947        3.02048847580796       -6.82824453047218
H           -0.43714712526268        2.41767138634455       -6.94676794974874
H           -1.76237058930520        1.51381220670870       -7.68227869790292
H           -0.93613295452103       -0.36335272827442       -4.65675421187379
H            0.13497015442235        0.32081103717427       -5.88872717630278
H           -0.90906285153956       -1.81911975111832       -6.56732200533530
H           -1.33601172352470       -0.53629929711471       -7.67993074429302
H           -3.36211572022621       -1.80476548152617       -7.15955981989968
H           -3.06886338344613       -1.66138335121860       -5.43057508235065
H           -3.72057559795230        0.62468975580513       -7.35309297484114
H           -4.74971088287115       -0.00043765574344       -6.07895706153470
H           -3.62617100727276        2.05410184656202       -5.29661523495895
H           -3.17717821654109        0.62148277201839       -4.35094011715832
42
 energy: -44.671833288953 gnorm: 0.000569616371 xtb: 6.7.1 (edcfbbe)
C            1.01567891786650        0.47593780184293        0.78531649431294
C            0.81266054436548        1.74527178952191       -0.03364787429724
C            1.20624573963322        1.58428994414435       -1.50335019204001
C            0.42387670907286        0.51185018641356       -2.26644968472560
C           -1.08878526169654        0.74036486181110       -2.32011629224581
C           -1.52374197561068        2.02865988027539       -3.02502107127694
C           -1.08827066872354        2.25362709482801       -4.47660559009801
N           -1.65276864321181        1.38284192392522       -5.56781698239940
C           -1.47727988261313        2.12782176565614       -6.83095595582326
C           -0.90397783337760        0.09530311272632       -5.64459772878907
C           -1.47639376133659       -0.89190368658058       -6.65806035007792
C           -2.95464685364021       -1.15199220378955       -6.38851353347933
C           -3.71103999873659        0.17206940813701       -6.36414948671460
C           -3.09442705400724        1.10345395633240       -5.32664241626982
H            0.32374451089000       -0.30765860112106        0.48590985409960
H            0.85045388217850        0.68206647206147        1.83944655963375
H            2.03110705355266        0.10525807245591        0.66649069664487
H           -0.22624226240917        2.07132508588673        0.04765400318379
H            1.43101576458472        2.53868520111607        0.39020300924805
H            1.10139954272643        2.54977365640279       -2.00468094685775
H            2.26335141052863        1.31429441067224       -1.54752721247871
H            0.83633227016079        0.44211393077367       -3.27638012034605
H            0.59942700049399       -0.45232868552153       -1.78876209116647
H           -1.57143780196466       -0.13353303776877       -2.76572534532031
H           -1.46269777434746        0.79880327279285       -1.29760855942311
H           -2.60444569864141        2.14227365161048       -2.93010228906257
H           -1.08379565136343        2.86407309125798       -2.47648232877418
H           -1.36912490423167        3.27943348041662       -4.72582686791455
H           -0.00134334775875        2.17938825586914       -4.53972668325266
H           -2.10012674004948        3.02077039461095       -6.83062413853400
H           -0.43553170604995        2.42473549247055       -6.94219441917021
H           -1.75412950821846        1.51520974293358       -7.68327150279709
H           -0.93234479729065       -0.36313295468528       -4.65750681084442
H            0.13507016661288        0.32179826430314       -5.89268419614558
H           -0.91107480633004       -1.81968576904678       -6.56556659655434
H           -1.33754224846782       -0.53841152034966       -7.68017614402571
H           -3.36393318101598       -1.80428680062140       -7.15792277390980
H           -3.07134067469417       -1.65871287447633       -5.42867800650955
H           -3.71890856764953        0.62591763074281       -7.35509904993093
H           -4.75029512739611        0.00337488128456       -6.08134288342460
H           -3.62630312123174        2.05656660403554       -5.29723578918255
H           -3.17936366060230        0.62260281665013       -4.35177870326103
42
 energy: -44.671839133029 gnorm: 0.000738281626 xtb: 6.7.1 (edcfbbe)
C            1.01411314963264        0.48244284768532        0.78736248994159
C            0.81221526224640        1.74855867248235       -0.03691080033097
C            1.20755362196336        1.58162012202627       -1.50551465566883
C            0.42491778409936        0.50762811008509       -2.26628648116821
C           -1.08789009009933        0.73541955073784       -2.31998564728278
C           -1.52391137819966        2.02441964803922       -3.02309781530693
C           -1.08798573743604        2.25185483137131       -4.47432590500902
N           -1.65267942802558        1.38347244623473       -5.56727783051251
C           -1.47626534575746        2.12910268862580       -6.82988935499423
C           -0.90415311286858        0.09601333502162       -5.64570867494403
C           -1.47746300973981       -0.89202658525517       -6.65808154111411
C           -2.95587861755460       -1.15101306301276       -6.38853200739745
C           -3.71143115930327        0.17348618248474       -6.36561836315623
C           -3.09457005145514        1.10449766263046       -5.32780715744794
H            0.32364511586587       -0.30288493498257        0.48901377097911
H            0.84579841836524        0.69253068851688        1.84027687289034
H            2.03021457613003        0.11212263436992        0.67279511416842
H           -0.22674895604169        2.07511994248513        0.04196040276754
H            1.43035996446084        2.54349650914634        0.38449009939667
H            1.10485438224391        2.54555208205992       -2.01033697896917
H            2.26433873621780        1.30987411094374       -1.54731080055153
H            0.83716504502850        0.43621187005681       -3.27621797075488
H            0.60083869841096       -0.45570673636651       -1.78694613653652
H           -1.56978068607634       -0.13844626051025       -2.76651901823986
H           -1.46209112041625        0.79250485549722       -1.29750052036908
H           -2.60473509724447        2.13681351113252       -2.92799762921334
H           -1.08478640060045        2.85937274296449       -2.47326878914925
H           -1.36885435776265        3.27804976032211       -4.72178513363571
H           -0.00103283348708        2.17768767184400       -4.53714775142230
H           -2.10120685258113        3.02058847256722       -6.83029239927254
H           -0.43490377542816        2.42870887687650       -6.93846677505215
H           -1.74956086450597        1.51638725358068       -7.68347033540406
H           -0.93060516652182       -0.36235148510899       -4.65856007291534
H            0.13450909105311        0.32274919208318       -5.89562162608610
H           -0.91251830400778       -1.81993006105860       -6.56482853918323
H           -1.33864191496069       -0.53937144109433       -7.68050359204116
H           -3.36534177841273       -1.80383751386264       -7.15741831886227
H           -3.07314051948427       -1.65668468196136       -5.42820779992636
H           -3.71750217410456        0.62697166434841       -7.35675136803030
H           -4.75115845439845        0.00601111017071       -6.08388482721023
H           -3.62596607725413        2.05796430173245       -5.29846310554751
H           -3.18067058198995        0.62332941509096       -4.35317302743766
42
 energy: -44.671844953767 gnorm: 0.000525445499 xtb: 6.7.1 (edcfbbe)
C            1.01232552360005        0.48791727300586        0.78954742226661
C            0.81270020532786        1.75121997353639       -0.03947164276092
C            1.20925776300251        1.57904637714719       -1.50711212525722
C            0.42588945601279        0.50413376595001       -2.26579100028761
C           -1.08689638709508        0.73199719731194       -2.31947787944409
C           -1.52360261433544        2.02120716827239       -3.02185618235678
C           -1.08818229973458        2.25029765231453       -4.47303912418335
N           -1.65277153222009        1.38345691859010       -5.56708555535987
C           -1.47596468601449        2.13054436494489       -6.82876044631452
C           -0.90462116168585        0.09587604355712       -5.64626184252900
C           -1.47811399700906       -0.89184729658748       -6.65873960406119
C           -2.95661392288519       -1.15028726870688       -6.38947420601470
C           -3.71142061098410        0.17455544977025       -6.36697702726617
C           -3.09483666162970        1.10489192026225       -5.32839005814219
H            0.32304057555059       -0.29853969154034        0.49163244834315
H            0.84064014039974        0.70147765932458        1.84118456168782
H            2.02883779287030        0.11747119238367        0.67948336085850
H           -0.22596410400546        2.07928156122007        0.03733611597863
H            1.43140092715941        2.54688894902163        0.37974384059625
H            1.10854904435331        2.54160847209015       -2.01493768654756
H            2.26565243955878        1.30553259272082       -1.54697431563457
H            0.83792401725552        0.43092388247427       -3.27570866281573
H            0.60147652432787       -0.45851342180606       -1.78492617488967
H           -1.56872872929321       -0.14171872565162       -2.76634588629898
H           -1.46100170438240        0.78870295939719       -1.29691400550122
H           -2.60450185484911        2.13265178131390       -2.92691811638709
H           -1.08503339621766        2.85605597928196       -2.47135047652603
H           -1.36920598639238        3.27674788128574       -4.71902641396141
H           -0.00130517969575        2.17613865018487       -4.53634389261255
H           -2.10122363361602        3.02165463813736       -6.82856607508409
H           -0.43482494292891        2.43056530703414       -6.93652702425362
H           -1.74862784577911        1.51832179364517       -7.68272692740692
H           -0.93059118947491       -0.36259837697769       -4.65917942730055
H            0.13378683101346        0.32275689615702       -5.89668296026062
H           -0.91345230841853       -1.81990814428499       -6.56534234139449
H           -1.33907583085656       -0.53915573250405       -7.68108715452737
H           -3.36613451308928       -1.80315034288499       -7.15828971218275
H           -3.07434639792532       -1.65569568199502       -5.42911173241706
H           -3.71633788379258        0.62815861348048       -7.35801878041016
H           -4.75152288082274        0.00774886787969       -6.08615522372783
H           -3.62580323520534        2.05850244192824       -5.29912937682651
H           -3.18172575009335        0.62339045931615       -4.35403868878668
42
 energy: -44.671852412169 gnorm: 0.000302770193 xtb: 6.7.1 (edcfbbe)
C            1.00944563556298        0.49485607545409        0.79216471332174
C            0.81375247454043        1.75472112518344       -0.04281862583762
C            1.21168365880981        1.57569667679073       -1.50921261776433
C            0.42707643860161        0.49976671854486       -2.26505944948522
C           -1.08556650337633        0.72837129956889       -2.31853015175188
C           -1.52266364486292        2.01773740638363       -3.02039856123900
C           -1.08790646710889        2.24853028106472       -4.47144855872849
N           -1.65304875341212        1.38295599062302       -5.56613490096233
C           -1.47575517253017        2.13169104249910       -6.82686075609181
C           -0.90525097095220        0.09518021024085       -5.64660976677980
C           -1.47877649549805       -0.89091660689712       -6.66037425699134
C           -2.95734652949042       -1.14943186551077       -6.39168484627887
C           -3.71148632079856        0.17568325501201       -6.36853389889071
C           -3.09548464357386        1.10471106097222       -5.32853106417651
H            0.32161790813452       -0.29281558723491        0.49435965024005
H            0.83288874881811        0.71280153483745        1.84202951732451
H            2.02636059268261        0.12391220159846        0.68849369047350
H           -0.22428771195515        2.08543432513758        0.03120153729544
H            1.43361290481762        2.55089263274662        0.37372649208804
H            1.11364343855086        2.53644897553556       -2.02095592897636
H            2.26751282534451        1.29979654674537       -1.54667123527113
H            0.83862131498440        0.42387194037505       -3.27500201086061
H            0.60185732080053       -0.46196867863911       -1.78208586237852
H           -1.56784714028349       -0.14505069224378       -2.76550491644777
H           -1.45921346588407        0.78509719694751       -1.29574108769851
H           -2.60363896023599        2.12849924568836       -2.92567489610816
H           -1.08442573133449        2.85258180023360       -2.46946250471735
H           -1.36955113796440        3.27508902505061       -4.71594513519102
H           -0.00107764465520        2.17472557482037       -4.53581510553703
H           -2.10006726443423        3.02322126238600       -6.82466102253431
H           -0.43461197663845        2.43074701180347       -6.93471303173660
H           -1.74973591473091        1.52096452091323       -7.68121748401343
H           -0.93233313203534       -0.36388692410406       -4.65988372163952
H            0.13328169703877        0.32187993783492       -5.89605145232345
H           -0.91448852237545       -1.81933300367051       -6.56783545556165
H           -1.33926743209358       -0.53708000165797       -7.68223108354142
H           -3.36691153053298       -1.80168807058680       -7.16096926629724
H           -3.07547308670067       -1.65546942165521       -5.43174305382566
H           -3.71537657630539        0.63027044284249       -7.35907280600060
H           -4.75195311806589        0.00900000496699       -6.08887466480341
H           -3.62596807274911        2.05837845623037       -5.29874833630979
H           -3.18279103810847        0.62243707316971       -4.35472808399187
42
 energy: -44.671860577037 gnorm: 0.000432538750 xtb: 6.7.1 (edcfbbe)
C            1.00528214809852        0.50359284610663        0.79466687703756
C            0.81468440372412        1.75936121438156       -0.04754682709685
C            1.21465848317874        1.57172350932083       -1.51231766793774
C            0.42832404241963        0.49441921330712       -2.26434311363364
C           -1.08417018674408        0.72411243278470       -2.31721886316829
C           -1.52138528218667        2.01390374008508       -3.01817679322676
C           -1.08763161903733        2.24599705584296       -4.46920787633633
N           -1.65294661322962        1.38214447702281       -5.56499261545325
C           -1.47547719630250        2.13287950266306       -6.82434479496287
C           -0.90622457844733        0.09379735053891       -5.64648731770254
C           -1.47924593370360       -0.88971192296711       -6.66278511046420
C           -2.95799255086578       -1.14817587586393       -6.39509283265435
C           -3.71150753135301        0.17722618763501       -6.36962149324359
C           -3.09554635588958        1.10415917082437       -5.32779798304902
H            0.31904513499040       -0.28536168468458        0.49683575586761
H            0.82270745620458        0.72685363966699        1.84235225845518
H            2.02261447689828        0.13186312310561        0.69879695268526
H           -0.22254294900048        2.09347879875784        0.02287858676664
H            1.43608492083961        2.55594384678628        0.36588965910643
H            1.12001745575619        2.53019824642899       -2.02897320777618
H            2.26976691887389        1.29274711477758       -1.54671912292547
H            0.83905118609674        0.41507633770211       -3.27435915787757
H            0.60228404655986       -0.46608141620795       -1.77865014581198
H           -1.56717750958689       -0.14884650910659       -2.76432291097747
H           -1.45718444932305        0.78078549581987       -1.29417701348817
H           -2.60236296184485        2.12440708019753       -2.92335225921998
H           -1.08299792009931        2.84841469976305       -2.46671048741848
H           -1.36957156096085        3.27276049820058       -4.71229378688025
H           -0.00088085786136        2.17232271036397       -4.53471759556358
H           -2.09793212065315        3.02561475063595       -6.81975791238760
H           -0.43396106576751        2.42980145472233       -6.93264683364320
H           -1.75174145827328        1.52415650401526       -7.67922425575017
H           -0.93540081521611       -0.36684829821246       -4.66054149023864
H            0.13274953387082        0.32008400511630       -5.89384784285578
H           -0.91530093831410       -1.81858393213119       -6.57221639550424
H           -1.33925974288492       -0.53351016579750       -7.68370507384098
H           -3.36767403249792       -1.79901747423578       -7.16548354083644
H           -3.07643355322778       -1.65576014837173       -5.43606293104447
H           -3.71476672733851        0.63358757228246       -7.35928498515071
H           -4.75225857459836        0.01051502184448       -6.09084372088582
H           -3.62556430653022        2.05789898774891       -5.29658246688528
H           -3.18308081577323        0.62038083913097       -4.35482366402679
42
 energy: -44.671868892220 gnorm: 0.000497305223 xtb: 6.7.1 (edcfbbe)
C            1.00016641294368        0.51352223330947        0.79675720795828
C            0.81546708500005        1.76485764216881       -0.05327989127901
C            1.21761018444092        1.56757778408895       -1.51619334808840
C            0.42935001557382        0.48857436241991       -2.26378618093914
C           -1.08302758848958        0.71922248101060       -2.31574307351734
C           -1.52001553135941        2.00964358825155       -3.01559292592676
C           -1.08662830731262        2.24343719685534       -4.46633316083361
N           -1.65269547056754        1.38107744477372       -5.56295288806056
C           -1.47461382008029        2.13353601871941       -6.82116804041205
C           -0.90701304949112        0.09225081940374       -5.64633621213046
C           -1.47976680822413       -0.88806881077859       -6.66573509474815
C           -2.95869053420366       -1.14669582239311       -6.39903724299610
C           -3.71174898121904        0.17893407631468       -6.37015626484383
C           -3.09547105073080        1.10329506527832       -5.32623786705213
H            0.31521673661769       -0.27656744334922        0.49909838737673
H            0.81153422211705        0.74257630700876        1.84211622168505
H            2.01775735673205        0.14063327611402        0.70890229487312
H           -0.22082294551218        2.10269660538668        0.01306426826348
H            1.43856371757256        2.56184250196188        0.35682030559612
H            1.12698804369214        2.52345841449407       -2.03840630616928
H            2.27188700857295        1.28510686518792       -1.54704718916917
H            0.83892414774684        0.40545545584852       -3.27396953875278
H            0.60277946403348       -0.47052452099275       -1.77515270894428
H           -1.56669353068206       -0.15317489448556       -2.76321558047973
H           -1.45543229283387        0.77540187003251       -1.29244880482185
H           -2.60095481047842        2.12030469521372       -2.92045967364930
H           -1.08128556276041        2.84356201674661       -2.46348546520560
H           -1.36837749031746        3.27063046223031       -4.70791715895219
H            0.00008928871371        2.16951179614729       -4.53239104999503
H           -2.09471165171010        3.02785082451808       -6.81401946265021
H           -0.43251381218855        2.42797124483139       -6.93032843900361
H           -1.75369814749408        1.52733939551815       -7.67684286647328
H           -0.93853317564205       -0.37054489206060       -4.66145516514952
H            0.13261464366845        0.31790890866913       -5.89132064095918
H           -0.91627023047211       -1.81747860379267       -6.57768438693836
H           -1.33918900188804       -0.52897801249647       -7.68555468624121
H           -3.36853661230747       -1.79526325005554       -7.17124151521692
H           -3.07745765098102       -1.65685480462426       -5.44141222477088
H           -3.71517323057637        0.63769105228615       -7.35870859690170
H           -4.75249582192364        0.01173530424192       -6.09165457543517
H           -3.62501399048506        2.05717882475342       -5.29310672497209
H           -3.18306722749433        0.61767652124526       -4.35419373407387
42
 energy: -44.671877224794 gnorm: 0.000432110953 xtb: 6.7.1 (edcfbbe)
C            0.99431639489787        0.52440449643297        0.79800994962302
C            0.81548869457193        1.77111234165979       -0.06003132636955
C            1.22024415653946        1.56338258162471       -1.52079272473757
C            0.43018536612138        0.48223193304894       -2.26345116302728
C           -1.08210612536779        0.71369727311920       -2.31430805380323
C           -1.51869177691292        2.00518596478291       -3.01231939361076
C           -1.08506790854401        2.24015141014313       -4.46270855398191
N           -1.65186411456486        1.37982865590825       -5.56065504257960
C           -1.47353589823024        2.13428032824234       -6.81765989385358
C           -0.90731335377265        0.09046747508904       -5.64599275174627
C           -1.48024635231238       -0.88630057761860       -6.66871551733385
C           -2.95942507660740       -1.14493979610791       -6.40327115631489
C           -3.71200507631725        0.18094248689145       -6.36984824795258
C           -3.09479131636548        1.10257793774310       -5.32406065448581
H            0.31004113020224       -0.26660765069951        0.50122149719344
H            0.80044365151377        0.75966805381236        1.84102544372008
H            2.01188445584594        0.14984677860596        0.71761858881157
H           -0.21988019336407        2.11263661059904        0.00183236585692
H            1.44020727468413        2.56860467031695        0.34661892262875
H            1.13380563946057        2.51634205215911       -2.04907749671847
H            2.27367978371034        1.27739538415136       -1.54775271923205
H            0.83835071338032        0.39515087267334       -3.27386706717485
H            0.60355236511364       -0.47527927560132       -1.77167398191473
H           -1.56630175505230       -0.15806013501999       -2.76249665692093
H           -1.45398493541295        0.76890538866973       -1.29077528680186
H           -2.59957588466368        2.11632161966464       -2.91691169223386
H           -1.07945709799660        2.83818000962641       -2.45922439112248
H           -1.36598569155435        3.26783518290926       -4.70316938301951
H            0.00159552603909        2.16546539191872       -4.52889435546486
H           -2.09120229437813        3.03035467299131       -6.80811507574284
H           -0.43065230807795        2.42601345210201       -6.92733957651438
H           -1.75523060103754        1.53055751858305       -7.67430695671125
H           -0.94096123756930       -0.37501527893833       -4.66240346758023
H            0.13300540875364        0.31540263626183       -5.88881078291574
H           -0.91735904652775       -1.81633885891742       -6.58345752727635
H           -1.33904019698838       -0.52413971315970       -7.68736790139233
H           -3.36957356633091       -1.79061288595881       -7.17777217757418
H           -3.07853714071333       -1.65836730014414       -5.44741446763585
H           -3.71631883412915        0.64251280000057       -7.35710330071524
H           -4.75253176926737        0.01311186676892       -6.09088753636383
H           -3.62389290589860        2.05667343744896       -5.28840879299024
H           -3.18221810287700        0.61473018821815       -4.35309169402077
42
 energy: -44.671884800665 gnorm: 0.000273850650 xtb: 6.7.1 (edcfbbe)
C            0.98805945210004        0.53578226872908        0.79869854856897
C            0.81490609602500        1.77767102054346       -0.06747720847459
C            1.22240248532941        1.55948438847562       -1.52594520161515
C            0.43080792047184        0.47569695198195       -2.26322592461814
C           -1.08148073334385        0.70753326526535       -2.31285249673245
C           -1.51740364926689        2.00014964553434       -3.00905763106802
C           -1.08303276376888        2.23703493322149       -4.45887134327663
N           -1.65074405727808        1.37873153671108       -5.55793694633635
C           -1.47180311860904        2.13495478391679       -6.81367079326341
C           -0.90766765320218        0.08882190449303       -5.64602456342910
C           -1.48071248980152       -0.88483724002948       -6.67172945441826
C           -2.96019305006449       -1.14291827197467       -6.40727385550871
C           -3.71230787147068        0.18319765063848       -6.36896879625546
C           -3.09359488876864        1.10167035167958       -5.32120050381911
H            0.30354713148740       -0.25574231824512        0.50375613922832
H            0.79053309916149        0.77749481195136        1.83956015063524
H            2.00524027086185        0.15900993550097        0.72433038102989
H           -0.21961145804629        2.12252209908308       -0.01017727014500
H            1.44098320972574        2.57587005206679        0.33568803851537
H            1.13993562762507        2.50927975749619       -2.06058456803877
H            2.27505775374302        1.27029238695864       -1.54874518569794
H            0.83759461987739        0.38449166421926       -3.27383487400939
H            0.60444720720634       -0.48002995092508       -1.76806868316945
H           -1.56604118801374       -0.16346935524137       -2.76209547377700
H           -1.45297552407459        0.76132314894032       -1.28911840959124
H           -2.59820480791926        2.11190511798873       -2.91344694642528
H           -1.07771276528459        2.83196836787118       -2.45468613321380
H           -1.36219452636662        3.26560003811859       -4.69790089734042
H            0.00356231929020        2.16072258773721       -4.52447962435754
H           -2.08748842073420        3.03244353541800       -6.80182884164838
H           -0.42825761025644        2.42463900830319       -6.92402195809001
H           -1.75582230682041        1.53365107269161       -7.67132961342864
H           -0.94268240916705       -0.37929076570582       -4.66370750434646
H            0.13318332780854        0.31311035841955       -5.88731780040163
H           -0.91855095023374       -1.81555373727197       -6.58907999040181
H           -1.33889981762971       -0.51976645576708       -7.68925233167048
H           -3.37072582823833       -1.78530707135829       -7.18430080500970
H           -3.07977138969425       -1.65991598303983       -5.45337326912289
H           -3.71788373832563        0.64767218658665       -7.35489541773901
H           -4.75248704076003        0.01478981863251       -6.08907593646357
H           -3.62201169567619        2.05609050314961       -5.28297801360980
H           -3.18094876789811        0.61153599723708       -4.35130899146408
42
 energy: -44.671890386282 gnorm: 0.000211033750 xtb: 6.7.1 (edcfbbe)
C            0.98280149451259        0.54563365259339        0.79903101295346
C            0.81419536592043        1.78345325270160       -0.07381143372408
C            1.22383547001316        1.55628788884380       -1.53027193594470
C            0.43132131169667        0.46995850852298       -2.26289070106426
C           -1.08095280218599        0.70198947752350       -2.31178147895618
C           -1.51645273163612        1.99574824479560       -3.00601545492387
C           -1.08088475720946        2.23360053608938       -4.45525488479679
N           -1.64955925452225        1.37765960159374       -5.55579161359343
C           -1.47061370687976        2.13571895049115       -6.81050366915218
C           -0.90726605653245        0.08746800158276       -5.64610890490602
C           -1.48134304955332       -0.88334466451019       -6.67404253040302
C           -2.96106237056589       -1.14119593213101       -6.41052916676180
C           -3.71245309762581        0.18526331888463       -6.36819654341505
C           -3.09251703461357        1.10129392548967       -5.31900265225187
H            0.29698564480286       -0.24582136426702        0.50681923232211
H            0.78389969708711        0.79314182170573        1.83827487875958
H            1.99924808640720        0.16615001643978        0.72840305384575
H           -0.21963535040416        2.13092812727838       -0.02029557778067
H            1.44136707238188        2.58233786404835        0.32631691059825
H            1.14435853583925        2.50327014210722       -2.07032206556465
H            2.27592367627600        1.26485307387545       -1.54964680603507
H            0.83698921514131        0.37510374819043       -3.27361851978021
H            0.60534738782968       -0.48410997224884       -1.76464931854985
H           -1.56564485102164       -0.16844319707992       -2.76201493993476
H           -1.45229315541504        0.75450767279871       -1.28795321390354
H           -2.59723712427095        2.10785723819946       -2.91061544877060
H           -1.07667641818949        2.82664515552337       -2.45039480652124
H           -1.35828849700954        3.26287858350662       -4.69320837081945
H            0.00563618577593        2.15575326946382       -4.52023350225295
H           -2.08478657610411        3.03428416675895       -6.79683898413833
H           -0.42659640290018        2.42390901839569       -6.92093883000939
H           -1.75604874763821        1.53644387119845       -7.66921083204772
H           -0.94284841384202       -0.38281235452384       -4.66481180455045
H            0.13389782021046        0.31125792099022       -5.88686115003051
H           -0.92003109512975       -1.81469087899137       -6.59322007637228
H           -1.33888531521736       -0.51634434707713       -7.69080570026430
H           -3.37200546113003       -1.78079034215259       -7.18968383217750
H           -3.08108330100599       -1.66118606864336       -5.45827861774561
H           -3.71925912549832        0.65216043872803       -7.35299988837246
H           -4.75226597465350        0.01635935505378       -6.08732482939316
H           -3.62044778654360        2.05598574719229       -5.27845106604477
H           -3.17961850659610        0.60914653106060       -4.35007593752621
42
 energy: -44.671894090893 gnorm: 0.000184964875 xtb: 6.7.1 (edcfbbe)
C            0.97925830421542        0.55289364726657        0.79932438791387
C            0.81355056272859        1.78770088053522       -0.07829508923451
C            1.22467169836409        1.55416829274368       -1.53329442215985
C            0.43169607228224        0.46573749221351       -2.26228549964004
C           -1.08059196949171        0.69774121217192       -2.31091394218882
C           -1.51583432304180        1.99216309675377       -3.00404493249805
C           -1.07927614418451        2.23125039935445       -4.45280415607029
N           -1.64864876012790        1.37698842193755       -5.55429730967125
C           -1.46956643319725        2.13665011118872       -6.80803702058849
C           -0.90715605597694        0.08647683954328       -5.64662758442348
C           -1.48181281874442       -0.88279319062643       -6.67574232406390
C           -2.96178375203847       -1.13982291639400       -6.41278733111141
C           -3.71265721277814        0.18685888027442       -6.36776863074880
C           -3.09166142210938        1.10096722587948       -5.31752861642674
H            0.29149151042989       -0.23802728465253        0.51017131753846
H            0.78102661067364        0.80490289557939        1.83760513994242
H            1.99477010507658        0.17063539652353        0.73012338073130
H           -0.21980135085245        2.13698550014820       -0.02734405114515
H            1.44152984118635        2.58710555954118        0.31951169517867
H            1.14689329489766        2.49901687048265       -2.07728809517157
H            2.27644800948451        1.26149135251900       -1.55036538416890
H            0.83676431866183        0.36795258946039       -3.27297882151173
H            0.60599667617225       -0.48694167652491       -1.76147712533770
H           -1.56518434551615       -0.17233819407828       -2.76195975547155
H           -1.45195984055564        0.74930727362935       -1.28703868595328
H           -2.59664080163552        2.10431877008418       -2.90893951813694
H           -1.07626517925870        2.82242407266434       -2.44736663702311
H           -1.35505956839876        3.26114703071579       -4.68994914992440
H            0.00715063250027        2.15182226645373       -4.51727107752882
H           -2.08322460860012        3.03561046069557       -6.79303835771865
H           -0.42531454179792        2.42427039677288       -6.91839454609267
H           -1.75566789390956        1.53856453051569       -7.66740634433736
H           -0.94259350274622       -0.38513827855029       -4.66595849515673
H            0.13406260331363        0.31008195814915       -5.88744869484347
H           -0.92116203424502       -1.81464708926594       -6.59608546526813
H           -1.33898460592004       -0.51454354426178       -7.69199625469949
H           -3.37306725246541       -1.77756093926800       -7.19328386143116
H           -3.08222365154303       -1.66168937620939       -5.46162435031356
H           -3.71994224455332        0.65539818630302       -7.35179025881354
H           -4.75235976272748        0.01793824699879       -6.08643236675740
H           -3.61905718620242        2.05591203274110       -5.27533159992301
H           -3.17876297736872        0.60733059999353       -4.34935016575057
