32
 energy: -41.976975377844 gnorm: 0.049169751761 xtb: 6.7.1 (edcfbbe)
C            1.35499000000000       -0.09873000000000       -0.10469000000000
C            0.52836000000000       -0.72891000000000        0.99848000000000
N            0.84871000000000       -0.15248000000000        2.30593000000000
C            0.40105000000000        1.06336000000000        2.79679000000000
C            0.89837000000000        1.18547000000000        4.06329000000000
N            1.63214000000000        0.03863000000000        4.31671000000000
C            1.61374000000000       -0.75289000000000        3.23121000000000
C            2.32216000000000       -0.29550000000000        5.57255000000000
C            1.51914000000000       -1.26653000000000        6.44505000000000
C            1.37257000000000       -2.62951000000000        5.81131000000000
C            0.14976000000000       -3.02626000000000        5.25084000000000
C            0.02913000000000       -4.26854000000000        4.62672000000000
C            1.12530000000000       -5.12598000000000        4.56044000000000
C            2.34129000000000       -4.74677000000000        5.12493000000000
C            2.46579000000000       -3.50565000000000        5.75011000000000
H            1.15438000000000        0.97484000000000       -0.17876000000000
H            1.12025000000000       -0.55879000000000       -1.06918000000000
H            2.42461000000000       -0.22541000000000        0.08971000000000
H           -0.54104000000000       -0.58265000000000        0.81113000000000
H            0.71347000000000       -1.80795000000000        1.04057000000000
H           -0.22056000000000        1.68497000000000        2.17551000000000
H            0.81854000000000        1.94160000000000        4.82530000000000
H            2.11100000000000       -1.71099000000000        3.12515000000000
H            3.30595000000000       -0.70467000000000        5.31454000000000
H            2.49250000000000        0.63658000000000        6.12397000000000
H            2.01398000000000       -1.38292000000000        7.41700000000000
H            0.52852000000000       -0.84271000000000        6.65099000000000
H           -0.72309000000000       -2.37815000000000        5.30408000000000
H           -0.92587000000000       -4.57980000000000        4.20863000000000
H            1.02594000000000       -6.10213000000000        4.09009000000000
H            3.18815000000000       -5.42955000000000        5.09395000000000
H            3.42029000000000       -3.24114000000000        6.20183000000000
32
 energy: -41.981437330519 gnorm: 0.020582327463 xtb: 6.7.1 (edcfbbe)
C            1.36175387815018       -0.08877242712699       -0.09411670205033
C            0.53039077821789       -0.72861572547497        1.00648782507187
N            0.84364358194628       -0.17200393346393        2.31510269505709
C            0.40551183319165        1.03059566807879        2.80577462032957
C            0.90122895088505        1.15315043977206        4.06644361813292
N            1.64107868432520        0.02786676574214        4.32255900561379
C            1.59477290497161       -0.76038306863306        3.24712972796634
C            2.32729822882323       -0.29070163554995        5.56896842575235
C            1.51511412639230       -1.26684840793142        6.42842671472292
C            1.37277010631992       -2.62438021722413        5.78642102537004
C            0.16036420877053       -3.02237695728363        5.23143980298561
C            0.03516234448602       -4.26520035714114        4.62868516120873
C            1.12354241310274       -5.12060806211634        4.56838396361518
C            2.33267011826600       -4.73779162907852        5.12807698121733
C            2.45653766538157       -3.49744389536215        5.73493158038187
H            1.15973059124857        0.97838875460191       -0.17434458654796
H            1.12053561006453       -0.55057656280472       -1.04865538210442
H            2.42620584448878       -0.22606228381994        0.09079907359376
H           -0.53550268260664       -0.57231297185116        0.81749790395305
H            0.71683962931578       -1.80426902158858        1.05099654795645
H           -0.21008900980076        1.66711639571022        2.20079910491589
H            0.81314215135652        1.92214288800252        4.80852121078794
H            2.08407463914189       -1.71104789256418        3.14630004255441
H            3.30039620387144       -0.72052303665312        5.31628578855894
H            2.49000428486538        0.64321069374619        6.11377734175936
H            2.02815297008698       -1.37018750815194        7.38850531437414
H            0.52809801455556       -0.84149927069145        6.63010368969544
H           -0.70504725382972       -2.37464266931310        5.29359470969167
H           -0.91476497128002       -4.57071386706147        4.21212361735528
H            1.02728681518081       -6.08859768107916        4.09646890264529
H            3.17802241358236       -5.41141328867768        5.09778298354635
H            3.40059492652840       -3.22465923501106        6.18890929188909
32
 energy: -41.982400668292 gnorm: 0.007838421592 xtb: 6.7.1 (edcfbbe)
C            1.36617711287373       -0.08338907887787       -0.07961348430471
C            0.52863443869206       -0.73563290167091        1.01395435374366
N            0.83652888834790       -0.19388499018989        2.32300600485552
C            0.40525551771206        1.00200466454781        2.81217884747758
C            0.91074242986227        1.13090961382860        4.06709698330554
N            1.65155459171449        0.01707751983543        4.32398693486693
C            1.58805786358317       -0.77079630011550        3.25530484556744
C            2.33231815099203       -0.29099889727335        5.56306382679866
C            1.51223271292481       -1.26445680093835        6.42272675000061
C            1.37102551530806       -2.61613000312763        5.77365917607876
C            0.16376117304079       -3.01260343961206        5.21554671755796
C            0.03856840624102       -4.25525994236217        4.61869330648559
C            1.12403998236856       -5.11150405891692        4.56506187110695
C            2.33119210703818       -4.72580566470726        5.12328217939110
C            2.45314866600997       -3.48637549934047        5.72444653234211
H            1.16241003779242        0.98101808598838       -0.15242623002840
H            1.12098683951204       -0.54092884357649       -1.03266382558752
H            2.42753771428241       -0.22697660513079        0.10353764936756
H           -0.53392848712473       -0.57065614030509        0.82034430740430
H            0.71783490552833       -1.80965878864016        1.04811723306998
H           -0.21583206516440        1.65136824626586        2.22910552763064
H            0.81009608945899        1.91389021069078        4.79134803872261
H            2.07010474198397       -1.72227588591878        3.16064271156961
H            3.30025997888182       -0.73508903536155        5.32103884572454
H            2.49098416475376        0.64396915731978        6.10236464305629
H            2.03172741996929       -1.36708129546903        7.37672848803617
H            0.52711406188865       -0.83783719179909        6.61823548349749
H           -0.69429335530675       -2.35813973614656        5.27173171399259
H           -0.91082266011153       -4.55998927299796        4.20771773928304
H            1.02570686347560       -6.08211958471354        4.10625554002522
H            3.17416211161063       -5.39794504664489        5.10279385010072
H            3.39223408186043       -3.20386249464020        6.17691343886127
32
 energy: -41.982646654069 gnorm: 0.004744045049 xtb: 6.7.1 (edcfbbe)
C            1.36790638492705       -0.08238368727808       -0.06710832487486
C            0.52511556214786       -0.74537998473653        1.01837634447049
N            0.82869610154988       -0.21099244265228        2.32886735020856
C            0.39978848162640        0.98495661737939        2.81615607053018
C            0.91484766574379        1.12028897162753        4.06784854744298
N            1.65885486709475        0.01031733997142        4.32371922986751
C            1.58739549235335       -0.78201324845353        3.25881720976053
C            2.33904108565940       -0.29104999218817        5.56031122242740
C            1.51223030886554       -1.26032481567129        6.42160012498617
C            1.36980864222016       -2.60827612777211        5.76717512606082
C            0.16429787328006       -3.00174695929073        5.20212741713773
C            0.03908067724458       -4.24650135956205        4.60881058906506
C            1.12296102330820       -5.10592076676277        4.56369669226205
C            2.33079907916680       -4.71912385214296        5.12103625645435
C            2.45271455571106       -3.47846489779267        5.71919261531415
H            1.16463738666622        0.98269118953341       -0.12852699544858
H            1.12425634753917       -0.53091440453572       -1.02492055597571
H            2.42815701424461       -0.22893647658370        0.11875760845156
H           -0.53570937603813       -0.57693818927070        0.82027676420313
H            0.71536428715313       -1.81943491306676        1.04201384486665
H           -0.22738853536408        1.64053095626894        2.24676568514056
H            0.80879819565662        1.91294799177519        4.78085853903428
H            2.06702007873507       -1.73608264826113        3.16776023978814
H            3.30551582443990       -0.74206352452644        5.32583062565994
H            2.49838241497355        0.64486482827576        6.09687795686373
H            2.02989521801680       -1.36660754565903        7.37524196128002
H            0.52841541370550       -0.83014487054783        6.61340231573179
H           -0.69131765469729       -2.34340781170129        5.25352247209120
H           -0.90935142576809       -4.54921849666721        4.19411510713779
H            1.02450674098128       -6.07768777044813        4.10764039096971
H            3.17456058573494       -5.39020667777497        5.10154005987130
H            3.39023968312196       -3.19193643148542        6.17239750922108
32
 energy: -41.982816392850 gnorm: 0.003596894398 xtb: 6.7.1 (edcfbbe)
C            1.36930279405122       -0.08336407659975       -0.04899878389091
C            0.51913013713958       -0.76082386957364        1.02361895729022
N            0.81669145068089       -0.23358171388449        2.33683604480488
C            0.38827588202261        0.96371129829527        2.82154819902758
C            0.91709698115695        1.10881043242666        4.06838166143083
N            1.66792216232379        0.00302404289058        4.32224014716227
C            1.58948271829435       -0.79660840128898        3.26173379417386
C            2.34929390751975       -0.29084711619652        5.55786458748937
C            1.51433862458799       -1.25400613674441        6.42132084915306
C            1.36803437473163       -2.59901567312913        5.76311507394564
C            0.16478435910546       -2.98669205284620        5.18672865874488
C            0.04040578900096       -4.23158217697862        4.59185361834123
C            1.12214778716559       -5.09494047676016        4.55566258018367
C            2.32995382228929       -4.71044617478100        5.11630981971426
C            2.45147922435779       -3.47040219382821        5.71616741884018
H            1.16794973220728        0.98365420019273       -0.09248522917485
H            1.13090657094113       -0.51577279756365       -1.01617201499773
H            2.42843708778163       -0.23359025107060        0.14239527669755
H           -0.54020447809280       -0.59123100872452        0.81928897088666
H            0.71088709172290       -1.83504614952088        1.03491529754674
H           -0.24877470064845        1.62230060915133        2.26691637432981
H            0.80799853028920        1.91195533231792        4.76898714358309
H            2.06942611348670       -1.75214876242975        3.17380235932814
H            3.31465074785676       -0.74785905454661        5.33055507693993
H            2.51183315869199        0.64693297004576        6.09052702255103
H            2.02680269368240       -1.36549441237113        7.37683488851190
H            0.53265759237326       -0.81687225443770        6.60902783467912
H           -0.68812361968003       -2.32319378670592        5.22938033266721
H           -0.90651724081678       -4.53124374133954        4.16982731030261
H            1.02193290830329       -6.06963991330125        4.10489366400294
H            3.17347270283574       -5.38283959577875        5.09929223576043
H            3.38784509463805       -3.18230709491863        6.17181082997391
32
 energy: -41.982885103022 gnorm: 0.003497069095 xtb: 6.7.1 (edcfbbe)
C            1.36991334966197       -0.08595031647289       -0.03718881047101
C            0.51560995835727       -0.77125973555870        1.02684275262730
N            0.80921934022014       -0.24641555297608        2.34196655390178
C            0.37842322286510        0.95084152366159        2.82568063819272
C            0.91477380564764        1.10205090737061        4.06907893185902
N            1.67255960734243       -0.00001098770471        4.32090433335130
C            1.59214065859376       -0.80372351477723        3.26281503999896
C            2.35596310368497       -0.29058300761218        5.55684319044215
C            1.51737397293770       -1.24956902155997        6.42159266716967
C            1.36804394878570       -2.59334794312478        5.76164002953678
C            0.16637711210140       -2.97595887366870        5.17779947525536
C            0.04166465878204       -4.21968070605044        4.57971836091860
C            1.12104912190255       -5.08624700004826        4.54801935887534
C            2.32797760796535       -4.70606662203787        5.11394448057181
C            2.45006926804006       -3.46729843105560        5.71671216325820
H            1.17033620947687        0.98219128015601       -0.06960264858515
H            1.13558992543630       -0.50728094931436       -1.01038102168466
H            2.42835375670611       -0.23889478966297        0.15772548924404
H           -0.54337303837070       -0.60316475299879        0.81908595504015
H            0.70876157254733       -1.84532376627230        1.03365351914142
H           -0.26617987890472        1.60629547637625        2.27656008045111
H            0.80633894868983        1.90866376656043        4.76523103125747
H            2.07568017538629       -1.75759097561541        3.17490232448127
H            3.32073408853471       -0.74927428577865        5.33067965430696
H            2.52110608053959        0.64859944450825        6.08675106689382
H            2.02669004967644       -1.36354455226380        7.37876568662344
H            0.53710249219255       -0.80790527938759        6.60770936768698
H           -0.68533535169726       -2.31038617111997        5.21690984081236
H           -0.90365679395031       -4.51582202985471        4.15069147817325
H            1.02023656835455       -6.06014638617698        4.09505158935219
H            3.17048665681392       -5.38020867829702        5.09742879249823
H            3.38548980168060       -3.18214806924285        6.17664862881843
32
 energy: -41.982968819780 gnorm: 0.003111958145 xtb: 6.7.1 (edcfbbe)
C            1.37123161491959       -0.09097326480978       -0.02296611722117
C            0.51197875026466       -0.78376408606015        1.03077813939676
N            0.80042559723185       -0.26042438036409        2.34830427203844
C            0.36387147789465        0.93520266835996        2.83196410483985
C            0.90789285850894        1.09347678830333        4.07098141488533
N            1.67676835197392       -0.00240563213023        4.31927840761917
C            1.59557399465862       -0.81011039307293        3.26383493557650
C            2.36391950450398       -0.28995410902499        5.55551651009975
C            1.52282540457365       -1.24391018176604        6.42208769984952
C            1.36908789914141       -2.58700820749465        5.76149274859150
C            0.16958590788759       -2.96194420222364        5.16826129036122
C            0.04386242196118       -4.20242142681734        4.56312266658026
C            1.11974604363587       -5.07315578769766        4.53450471367937
C            2.32446774556162       -4.70119597873574        5.11080487513783
C            2.44765462408855       -3.46559092139567        5.72011758539259
H            1.17511659443980        0.97834491688574       -0.04304657211032
H            1.14120993110348       -0.49898384230945       -1.00268317571204
H            2.42864251640576       -0.24871969596678        0.17552982779891
H           -0.54680715944200       -0.61816210377924        0.81916081684913
H            0.70672512878201       -1.85751454777121        1.03540750937070
H           -0.29121335534383        1.58249974412571        2.28600503343623
H            0.80163804198335        1.90119942288512        4.76542816969833
H            2.08663613763870       -1.75967012793799        3.17387613623376
H            3.32752361458811       -0.75006497850615        5.32750589820330
H            2.53285904864126        0.65106722685759        6.08154302490667
H            2.03000199750049       -1.35959948037604        7.38060712522444
H            0.54431641534206       -0.79741954889942        6.60767403973340
H           -0.68045670324561       -2.29399812299338        5.20416530492480
H           -0.89937833980610       -4.49314078661717        4.12530944631753
H            1.01791268762700       -6.04463237818625        4.07611198371801
H            3.16418191046705       -5.37914164053290        5.09629818529127
H            3.38171933651262       -3.18704494194817        6.18720399928799
32
 energy: -41.983058464449 gnorm: 0.003105277845 xtb: 6.7.1 (edcfbbe)
C            1.37327593138862       -0.09857876507475       -0.00853196701392
C            0.50918818502703       -0.79723669719509        1.03568603122850
N            0.79181407598747       -0.27458023983926        2.35546413052611
C            0.34563685574499        0.91708074765028        2.84063617133517
C            0.89659747210163        1.08279012848515        4.07495662886672
N            1.68006832401933       -0.00431049865022        4.31838831845382
C            1.59985211408705       -0.81476307024577        3.26520617027722
C            2.37217849308259       -0.28872750223065        5.55402124755690
C            1.53049166745199       -1.23777683214583        6.42350587871562
C            1.37157399186008       -2.57992197168078        5.76182099450383
C            0.17468758650374       -2.94454732578432        5.15744885834598
C            0.04681131444109       -4.18030238848580        4.54292390288641
C            1.11792450480726       -5.05667666288099        4.51675464985574
C            2.31933933098385       -4.69625223224450        5.10743282643322
C            2.44461971501576       -3.46516968753124        5.72549584076828
H            1.18179344467509        0.97170973688843       -0.01715686819861
H            1.14576274229936       -0.49381460707885       -0.99365036580693
H            2.42947548371349       -0.26272675058303        0.19196355021624
H           -0.54931464921286       -0.63412821685104        0.82021510029743
H            0.70581839073636       -1.87060002256856        1.04026664412137
H           -0.32213719225799        1.55250725248299        2.29589276810782
H            0.79127103369330        1.88901231400049        4.77094764142302
H            2.10201666927388       -1.75776801388686        3.17125407663375
H            3.33393344734932       -0.75073233286773        5.32203574477673
H            2.54536770039582        0.65409619228550        6.07564054851350
H            2.03817449998298       -1.35454403035307        7.38185871288298
H            0.55383279268423       -0.78743877075181        6.61016364307386
H           -0.67274070205292       -2.27329078449460        5.19104201688181
H           -0.89407616486787       -4.46317167907263        4.09496769985731
H            1.01499676061641       -6.02359678532303        4.04894979512714
H            3.15472636547409       -5.37951191146354        5.09606141100174
H            3.37655981499520       -3.19618859250843        6.20251819834998
32
 energy: -41.983152204728 gnorm: 0.003358414448 xtb: 6.7.1 (edcfbbe)
C            1.37595182590926       -0.10879651522878        0.00438422380984
C            0.50752600860739       -0.81097895144666        1.04158745314364
N            0.78430189416394       -0.28850119293858        2.36302261590954
C            0.32461101428001        0.89673781645483        2.85161340857870
C            0.88106083806646        1.06970153943674        4.08165803429630
N            1.68212140825405       -0.00618785929931        4.31898516019208
C            1.60526643389844       -0.81763288737569        3.26701601716766
C            2.38023685371349       -0.28656137076781        5.55257900959850
C            1.54025441919386       -1.23190362013079        6.42656665721269
C            1.37542354556064       -2.57237054099107        5.76276374351047
C            0.18160086981369       -2.92392451273275        5.14504843373361
C            0.05054705237404       -4.15368663071881        4.51934600821397
C            1.11563295796510       -5.03733070073996        4.49569271029635
C            2.31288112674909       -4.69130309700433        5.10354180326218
C            2.44124677545036       -3.46601133210545        5.73226947721412
H            1.18995228678916        0.96228781135722        0.00515369382250
H            1.14812176707212       -0.49357199141076       -0.98433150681941
H            2.43093557056372       -0.28030498054311        0.20473515679355
H           -0.55038279088476       -0.64945531788022        0.82229298641513
H            0.70593491328239       -1.88400569681882        1.04717752507484
H           -0.35661765886909        1.51885351947071        2.30753929746724
H            0.77275867660130        1.87219584054134        4.78171372448491
H            2.12138799278542       -1.75238860527547        3.16756554967176
H            3.33973138403021       -0.75094491981390        5.31593583250018
H            2.55744978865903        0.65781307100979        6.06981016428376
H            2.05182687491045       -1.34977505375673        7.38261806482224
H            0.56553819826843       -0.77906808694238        6.61668345636984
H           -0.66168809454768       -2.24743003283366        5.17628980563564
H           -0.88793165006822       -4.42625557737536        4.06032032538374
H            1.01097537562687       -5.99866234144365        4.01700687593205
H            3.14253052016344       -5.38134550693593        5.09665375624950
H            3.37033382161782       -3.20835227576007        6.22094053577121
32
 energy: -41.983266402656 gnorm: 0.003705741173 xtb: 6.7.1 (edcfbbe)
C            1.37943407639297       -0.12318526661812        0.01617845389082
C            0.50679511575141       -0.82631309467131        1.04902953147254
N            0.77767589447004       -0.30343823514317        2.37141238060840
C            0.29854492890769        0.87191893848531        2.86605802436143
C            0.85927423003537        1.05251167474519        4.09227941411258
N            1.68278360297980       -0.00849009962411        4.32157514859221
C            1.61328831154310       -0.81887837124180        3.26913154701188
C            2.38866369653920       -0.28292832374480        5.55148131379281
C            1.55347722278273       -1.22618165900417        6.43243123449388
C            1.38125273641985       -2.56345521319957        5.76422496494181
C            0.19137599881088       -2.89733792865050        5.12901989086308
C            0.05555986524398       -4.11949600495609        4.48982578251018
C            1.11224070458757       -5.01343627329272        4.47021940658709
C            2.30423330396992       -4.68621434866631        5.09882579701543
C            2.43735838459424       -3.46827779055451        5.74062689321804
H            1.20037022141301        0.94877592700027        0.02463818572026
H            1.14825163451289       -0.49952380484874       -0.97463666056431
H            2.43318822472110       -0.30336690811590        0.21436504122035
H           -0.55011504005543       -0.66526267835748        0.82558470657979
H            0.70644482580678       -1.89911946994035        1.05620194831420
H           -0.39767870109588        1.47922080033175        2.32352459750297
H            0.74203376695873        1.84880290879170        4.79862014633182
H            2.14755023644592       -1.74277063848722        3.16230541920805
H            3.34581679710666       -0.74942858070194        5.30976205604534
H            2.56936271678727        0.66294900612652        6.06423497923118
H            2.07311395242427       -1.34619466545526        7.38355563032936
H            0.58116595009099       -0.77181622324915        6.62987697723207
H           -0.64552498739038       -2.21275006479797        5.15732419970688
H           -0.88000150451691       -4.37776810884878        4.01680821778301
H            1.00481165146953       -5.96775230381156        3.97852045259696
H            3.12626427670021       -5.38512139131082        5.09737871604786
H            3.36250790559308       -3.22483180818766        6.24379560323987
32
 energy: -41.983412817682 gnorm: 0.004185453800 xtb: 6.7.1 (edcfbbe)
C            1.38376209917184       -0.14383419147795        0.02689694823405
C            0.50716026082720       -0.84465761338126        1.05873224558497
N            0.77226211057363       -0.32028775374615        2.38110410333230
C            0.26525416829497        0.84009299449233        2.88530219203430
C            0.82876346989527        1.02920885816035        4.10840555079306
N            1.68181495430120       -0.01130352099783        4.32700997439245
C            1.62582552189608       -0.81799005023116        3.27152719051915
C            2.39791499118762       -0.27682188234035        5.55149567753145
C            1.57185049420669       -1.22067772944982        6.44215359324850
C            1.38971165551492       -2.55247355937350        5.76622637064887
C            0.20530562239750       -2.86188186668307        5.10749820612451
C            0.06256640181608       -4.07404006887256        4.45128275004866
C            1.10710129053436       -4.98270752138493        4.43811913417157
C            2.29224558676852       -4.68080266807079        5.09230788177944
C            2.43245811058301       -3.47250614558117        5.75076158140188
H            1.21332421818793        0.92922769972120        0.04089399248698
H            1.14598533047905       -0.51416327344350       -0.96446861809742
H            2.43631167454333       -0.33390856201610        0.22084018136072
H           -0.54838359888343       -0.68295430493242        0.83085159104626
H            0.70704249428843       -1.91744609123497        1.06808861573629
H           -0.44873774230952        1.43064120845969        2.34673939578256
H            0.69428733025403        1.81632019911224        4.82299039369129
H            2.18409221444284       -1.72698513628989        3.15500545390605
H            3.35331739827790       -0.74374676256343        5.30437276884301
H            2.58050450269709        0.67083016534501        6.05968065401869
H            2.10485471296526       -1.34506854704939        7.38494532047324
H            0.60286376171577       -0.76561138946329        6.65297332380177
H           -0.62197308336204       -2.16519218840600        5.13143894222337
H           -0.86902377645206       -4.31251353653770        3.95988909869834
H            0.99499211843968       -5.92851875773831        3.93148731761820
H            3.10379931544372       -5.39179975145790        5.09750109091744
H            3.35226639130390       -3.24758825256651        6.27212707764527
32
 energy: -41.983564286500 gnorm: 0.004727203771 xtb: 6.7.1 (edcfbbe)
C            1.38817235081074       -0.16960151271132        0.03544608900261
C            0.50875953111402       -0.86496362826627        1.07016967784506
N            0.76912107852018       -0.33741326415854        2.39133585064007
C            0.22839566346406        0.80341004314702        2.90749196541454
C            0.79263744551138        1.00145612999293        4.12883233505255
N            1.67926706777623       -0.01391485506981        4.33537608180317
C            1.64227265310320       -0.81441874389227        3.27425491830425
C            2.40682404532556       -0.26785088335812        5.55368747809485
C            1.59406105937591       -1.21634192258532        6.45474946641779
C            1.40017373397631       -2.54018267614779        5.76743340999471
C            0.22273933302103       -2.82010967315303        5.08168587043258
C            0.07131741769875       -4.02085304028012        4.40701805921728
C            1.10021771703927       -4.94788954854440        4.40257689756791
C            2.27737659239593       -4.67572603079482        5.08378399349262
C            2.42665223379536       -3.47831476240916        5.76021101556119
H            1.22601058770804        0.90457881503823        0.05107685847780
H            1.14226964428784       -0.53809045396388       -0.95476614210184
H            2.43977866241096       -0.36820713415376        0.22426339154839
H           -0.54541650864898       -0.70200380855383        0.83839569556361
H            0.70775199734131       -1.93798261629986        1.08226871843527
H           -0.50495479486238        1.37706599654520        2.37645688969068
H            0.63385471595156        1.77761027033682        4.85145763110834
H            2.22787617812170       -1.70526662413777        3.14717875498277
H            3.36234490867220       -0.73145909743646        5.30173879679263
H            2.58766354576454        0.68189634369983        6.05813329181470
H            2.14447776115764       -1.34822763944619        7.38626946343075
H            0.62929543525054       -0.76164081641147        6.68501745744738
H           -0.59220500243202       -2.10832544911240        5.09999650303858
H           -0.85505515732262       -4.23564668830990        3.89446867367308
H            0.98157406217779       -5.88471539755827        3.88113524072729
H            3.07616367096763       -5.40112799540370        5.09570208502979
H            3.34010237052729       -3.27490333660053        6.30133358149604
32
 energy: -41.983675483524 gnorm: 0.004428898091 xtb: 6.7.1 (edcfbbe)
C            1.39094463259373       -0.19383103392798        0.03903471583639
C            0.51146228519315       -0.88143735012619        1.08040671460212
N            0.76969822755838       -0.34885783970683        2.39932520136567
C            0.19994428401754        0.77301148926325        2.92572194769577
C            0.76190375193523        0.97775745671326        4.14752118243051
N            1.67572029722179       -0.01446250841386        4.34462380521235
C            1.65753746305996       -0.80803486786680        3.27710530215986
C            2.41211377890724       -0.25766392788382        5.55840475538817
C            1.61390147623591       -1.21494707566821        6.46612682938373
C            1.40981925130382       -2.53051390173707        5.76698410495393
C            0.23906533256386       -2.78445827657240        5.05960774528684
C            0.07958368598634       -3.97537028737680        4.37010961860442
C            1.09339820948077       -4.91905281549727        4.37319663187136
C            2.26346608547236       -4.67281328504296        5.07483666165184
C            2.42137911710602       -3.48449295664311        5.76529989782733
H            1.23280708380371        0.88092584182170        0.04975914823809
H            1.13882303879151       -0.56713865781699       -0.94806901523759
H            2.44235254205419       -0.39541856205605        0.22410921535353
H           -0.54201339014316       -0.71769847308169        0.84688658620238
H            0.70895703245646       -1.95481658811048        1.09609799985886
H           -0.54888912993865        1.33393940775759        2.40364644022391
H            0.57957266077432        1.74420575506300        4.87503390999209
H            2.26567332385039       -1.68223417211219        3.14213326318428
H            3.37065779536831       -0.71303932069318        5.30350883636574
H            2.58610763059457        0.69393288469928        6.06174649803002
H            2.18049505813938       -1.35578581880443        7.38645563526528
H            0.65310363594666       -0.76239488383249        6.71691819400357
H           -0.56432051140747       -2.05932496207078        5.07324199838047
H           -0.84148194305761       -4.16946608137568        3.84030826096761
H            0.96797015160885       -5.84892735588684        3.84128045125693
H            3.05046269186952       -5.41094982614127        5.09131931337442
H            3.32930445065405       -3.29980200687152        6.32149815026588
32
 energy: -41.983737967570 gnorm: 0.003106919137 xtb: 6.7.1 (edcfbbe)
C            1.39163848783577       -0.21156472860954        0.03972642762858
C            0.51394488569972       -0.89196126657691        1.08778994711678
N            0.77199890777204       -0.35346293305081        2.40445062520527
C            0.18344291130220        0.75458469266665        2.93654373896177
C            0.74258636658350        0.96347145369949        4.15975303416414
N            1.67353187206958       -0.01219527595962        4.35159831158676
C            1.66853830568064       -0.80081101903229        3.27966691204019
C            2.41416586379738       -0.24860205996454        5.56400875009377
C            1.62775202037735       -1.21564801241742        6.47283422200879
C            1.41690658503883       -2.52520196233717        5.76522550314241
C            0.25069301636866       -2.76178747626453        5.04538000024803
C            0.08516990064308       -3.94619070811038        4.34658425702703
C            1.08789434855787       -4.90120930112758        4.35381244793362
C            2.25328595811169       -4.67267550519299        5.06787089286778
C            2.41788219128593       -3.48998958464413        5.76646118061333
H            1.23263522053554        0.86328939907048        0.04139504227728
H            1.13786398383572       -0.59360059938732       -0.94391392759361
H            2.44355250175703       -0.41071869863510        0.22444141907290
H           -0.53974070399686       -0.72891599818677        0.85454134981170
H            0.71047553320463       -1.96554978492189        1.10800352819048
H           -0.57605110202466        1.30715682031997        2.42174494661582
H            0.54499502978541        1.72377968597434        4.88843577878643
H            2.29155493831138       -1.66302265051244        3.14061563674741
H            3.37770512910159       -0.69276103487520        5.30777392911688
H            2.57814100810932        0.70427474695987        6.06879310838026
H            2.20479605208746       -1.36386151217712        7.38517538796407
H            0.66967489694823       -0.76631089285646        6.73910760289518
H           -0.54496891358415       -2.02849798526844        5.05694461907036
H           -0.83183402095554       -4.12646099482085        3.80595070087804
H            0.95700200130532       -5.82675925447169        3.81561944869486
H            3.03184261434627       -5.41951313618642        5.08636996048132
H            3.32244421011036       -3.31844442310191        6.33147521796768
32
 energy: -41.983772245071 gnorm: 0.001993188420 xtb: 6.7.1 (edcfbbe)
C            1.39157674855366       -0.22594150476482        0.04242833918452
C            0.51562617418337       -0.90140248293112        1.09445842957150
N            0.77319078089097       -0.35682445763858        2.40938917540505
C            0.17006830983944        0.74074628867803        2.94472052706063
C            0.72812178051714        0.95395752193151        4.16836316604486
N            1.67351139466433       -0.00832791483304        4.35616940659728
C            1.67756812429637       -0.79452312297341        3.28220644224240
C            2.41633162155143       -0.24044642963176        5.56891406633728
C            1.63908523127311       -1.21592856081529        6.47618828166901
C            1.42303691784994       -2.52125827439166        5.76245271610617
C            0.25980625403280       -2.74435869980520        5.03348214198373
C            0.08892107599219       -3.92387388780287        4.32751786241487
C            1.08279516592189       -4.88787181064965        4.33770104576881
C            2.24491400652709       -4.67343359939006        5.06190854638431
C            2.41543925060199       -3.49493620873140        5.76651955595576
H            1.22888420058187        0.84864087564724        0.03513468278544
H            1.14014630254913       -0.61641415798747       -0.93869745805134
H            2.44417184724184       -0.42006444772437        0.22964095034121
H           -0.53870486733253       -0.74063604140735        0.86177168788871
H            0.71258118665591       -1.97488126138075        1.11985861223196
H           -0.59920942735798        1.28492430835913        2.43509141682491
H            0.52091735138689        1.71050323763925        4.89724365289862
H            2.31350690033842       -1.64679277926206        3.14023882249286
H            3.38497688173719       -0.67308736413700        5.31130894973926
H            2.57020968480348        0.71331130803599        6.07582753922792
H            2.22325885373384       -1.36973392480237        7.38289413902777
H            0.68286357936059       -0.76962613045206        6.75364854444103
H           -0.53045093856480       -2.00537186735206        5.04384993331777
H           -0.82511474786077       -4.09337555050901        3.77847055717087
H            0.94726796730128       -5.80991033399590        3.79418565832329
H            3.01638187251240       -5.42768352346078        5.08276937263991
H            3.31784051621890       -3.33453920345981        6.33852323596859
32
 energy: -41.983788482362 gnorm: 0.003451642952 xtb: 6.7.1 (edcfbbe)
C            1.38967885786046       -0.23875174067841        0.04494370952588
C            0.51793109080244       -0.90941676394191        1.10180253067629
N            0.77610196425060       -0.35578555874830        2.41404406653445
C            0.16482292451787        0.73438548444063        2.94932059337573
C            0.72131904631743        0.95212770933526        4.17337456663520
N            1.67430019453606       -0.00004947798114        4.36006928144454
C            1.68352558819635       -0.78628593295306        3.28643729131220
C            2.41554886719311       -0.23045198233793        5.57546385605997
C            1.64749332477020       -1.21793155225008        6.47552290009558
C            1.42897158191244       -2.51957491936520        5.75553122064987
C            0.26715956494548       -2.73407537835045        5.02415346002651
C            0.09105938351483       -3.91072459527927        4.31515042502380
C            1.07737526720466       -4.88142385417496        4.32656618203940
C            2.23775767790821       -4.67597609363813        5.05375145868171
C            2.41421567216801       -3.49974632781145        5.76013784354942
H            1.21438344787281        0.83404676162255        0.02126545137362
H            1.14781331154384       -0.64554787608837       -0.93222001189776
H            2.44390182372729       -0.41776826821457        0.23976161765433
H           -0.53789656811544       -0.75380337531017        0.87116580213878
H            0.71746949655006       -1.98229787142168        1.13507137461130
H           -0.61023886249293        1.27119851996273        2.44295277390505
H            0.50872960545700        1.70776186973883        4.90032394363970
H            2.32777312631369       -1.63044890986879        3.14435703608788
H            3.39153645854744       -0.64684833509334        5.31742755667837
H            2.55484861870759        0.72300487568535        6.08781262126281
H            2.23676273700364       -1.37739638563498        7.37772049217879
H            0.69191489568390       -0.77712062976804        6.76241256011645
H           -0.51958812128897       -1.99180809784568        5.03488850067574
H           -0.82112629925624       -4.07308054635228        3.76302870401095
H            0.93738000928286       -5.80156093470502        3.78147971923423
H            3.00277892616390       -5.43620335275038        5.07643787863909
H            3.31581638820286       -3.34760646022043        6.33402459405474
32
 energy: -41.983804719058 gnorm: 0.002299893970 xtb: 6.7.1 (edcfbbe)
C            1.38982770548686       -0.24542922242039        0.05055108985862
C            0.51820764595300       -0.91674995175222        1.10648494089901
N            0.77434413099551       -0.36040880768237        2.41823737246841
C            0.15565176236757        0.72617679578333        2.95464791472632
C            0.71430375237581        0.94839516091610        4.17688975094710
N            1.67584179287274        0.00248892687075        4.36120846193688
C            1.68780418061595       -0.78474898884076        3.28833069263637
C            2.41841613472725       -0.22632789206755        5.57651688867766
C            1.65328223298923       -1.21654424463415        6.47560920943643
C            1.43241098767283       -2.51650020587601        5.75274714988405
C            0.27141500865951       -2.72440290048125        5.01609638837107
C            0.09217754515258       -3.89884813173697        4.30362398062580
C            1.07441800421619       -4.87420865852630        4.31702371825721
C            2.23349933723255       -4.67575944915357        5.05046739209820
C            2.41330905893165       -3.50143364789022        5.75975968863121
H            1.21044729875340        0.82658482400621        0.02402170599595
H            1.15254393908394       -0.65516783888000       -0.92638450267120
H            2.44427476475990       -0.41989155984941        0.24871878781883
H           -0.53785893033003       -0.76392839672498        0.87501238060333
H            0.72013365808196       -1.98911418598231        1.14225238578571
H           -0.62567547350930        1.25643589033363        2.44924889739105
H            0.49895092695516        1.70332361681873        4.90452842406995
H            2.33954858320957       -1.62400468244137        3.14429682627367
H            3.39563053741803       -0.63897403846162        5.31742957273423
H            2.55465430696826        0.72713531498929        6.08944257118267
H            2.24521995925442       -1.37814274302227        7.37595438109049
H            0.69809264850923       -0.77682336429038        6.76608889221375
H           -0.51301766787490       -1.97920052079689        5.02598864088321
H           -0.81942265378227       -4.05586627696021        3.74746898315728
H            0.93207544438253       -5.79257105406610        3.76919174570687
H            2.99493383090650       -5.43979587779860        5.07510870276822
H            3.31407954696587       -3.35485788938076        6.33761696553604
32
 energy: -41.983814546298 gnorm: 0.001330614720 xtb: 6.7.1 (edcfbbe)
C            1.38965277825520       -0.24534282287175        0.05344440532600
C            0.51821157155797       -0.91903850581669        1.10823397369869
N            0.77293635770058       -0.36252207039139        2.41984584699660
C            0.15532317870594        0.72588127363698        2.95537484809423
C            0.71534791512272        0.94998695243135        4.17624787244986
N            1.67656344629663        0.00345599647761        4.36105510678796
C            1.68703604065212       -0.78565248436130        3.28958898413347
C            2.41915542477344       -0.22565910281435        5.57590062976399
C            1.65295784151978       -1.21584212207228        6.47438293502313
C            1.43267234667311       -2.51565620185971        5.75096864206150
C            0.27109472014919       -2.72422962558364        5.01482882489495
C            0.09150247491401       -3.89891695319016        4.30287379032050
C            1.07403047090361       -4.87407214731977        4.31598628241277
C            2.23357654087053       -4.67482458295566        5.04858538608639
C            2.41369129644814       -3.50030499279863        5.75758885321393
H            1.20663993283623        0.82577200300357        0.02626197092390
H            1.15592320923063       -0.65643198686298       -0.92356886301058
H            2.44420205678108       -0.41595764041980        0.25382098191330
H           -0.53779446371813       -0.76811652568597        0.87583367983239
H            0.72249445234077       -1.99091096455243        1.14396447816412
H           -0.62579189609779        1.25485119915552        2.44840640908639
H            0.50159913891675        1.70602374383667        4.90388217777880
H            2.33837718736155       -1.62529515088208        3.14564363277200
H            3.39549189351720       -0.63975299591311        5.31702878752678
H            2.55645944700025        0.72722841222617        6.08902094733508
H            2.24415834558721       -1.37747147463112        7.37526731005403
H            0.69722129817598       -0.77639962979853        6.76377244891164
H           -0.51346035486817       -1.97900590321091        5.02493862570532
H           -0.82090677288309       -4.05626848432242        3.74771162774881
H            0.93149538771888       -5.79270141269139        3.76873997689246
H            2.99499888505114       -5.43875084323719        5.07339049053160
H            3.31465984850805       -3.35323495652327        6.33515893656439
32
 energy: -41.983826153399 gnorm: 0.001107293811 xtb: 6.7.1 (edcfbbe)
C            1.38834947097762       -0.24584641243755        0.05902660535754
C            0.51929045739119       -0.92468554970730        1.11324727614055
N            0.77101210438864       -0.36649313153235        2.42388812104955
C            0.15627173406132        0.72621177472061        2.95645625636660
C            0.71875468783837        0.95485528406637        4.17458030354453
N            1.67841291117879        0.00697914520241        4.36162296462316
C            1.68580706793564       -0.78646306574010        3.29343888379032
C            2.42009003318836       -0.22305556026257        5.57582713162796
C            1.65191482076949       -1.21516858885569        6.47165877440944
C            1.43327407961745       -2.51407571003225        5.74619251104915
C            0.27009530203290       -2.72429989420431        5.01265017879681
C            0.08955651003683       -3.89925211413377        4.30170771613760
C            1.07265371662458       -4.87388435238559        4.31311095795308
C            2.23363653526581       -4.67295421916285        5.04261572620227
C            2.41470927156043       -3.49797326861682        5.75067131894923
H            1.19313310495873        0.82284753471768        0.02619817029749
H            1.16446118704204       -0.66474643846497       -0.91696315753546
H            2.44376140140177       -0.40346678570988        0.26598798895106
H           -0.53697429185221       -0.77991017162244        0.87916282419067
H            0.73039891301630       -1.99519525589194        1.14954171468933
H           -0.62450716787312        1.25227332095082        2.44601635492766
H            0.50851161373878        1.71336533607048        4.90143437773421
H            2.33575150944253       -1.62713685746952        3.15032946468636
H            3.39575912888007       -0.63874749560048        5.31792551445666
H            2.55766599078945        0.72852438980913        6.09080376210587
H            2.24118769403689       -1.37778810244091        7.37358484142195
H            0.69494526528938       -0.77690008444470        6.75922452569080
H           -0.51467919700085       -1.97940695915874        5.02452974396977
H           -0.82485766355092       -4.05769182549424        3.75015771468377
H            0.92923341258796       -5.79316760278905        3.76730065824805
H            2.99527564705998       -5.43633301377742        5.06625525045617
H            3.31662474916731       -3.34957432560071        6.32599552502213
32
 energy: -41.983830465528 gnorm: 0.000735342868 xtb: 6.7.1 (edcfbbe)
C            1.38722928297643       -0.24686294749830        0.06087981206265
C            0.52006311355896       -0.92767218837319        1.11548342718163
N            0.77101575393048       -0.36819347428218        2.42558777699407
C            0.15648673639039        0.72499888364077        2.95663748751357
C            0.71957067093371        0.95530068960152        4.17431055587938
N            1.67957114234021        0.00801177225040        4.36240648085980
C            1.68641050060788       -0.78667748552403        3.29525252365463
C            2.42049469860042       -0.22183544648688        5.57703916333491
C            1.65202923077701       -1.21526098493244        6.47134748874672
C            1.43323938122373       -2.51337105342823        5.74466789763202
C            0.26965429512652       -2.72317374059877        5.01176192372006
C            0.08867129501963       -3.89790795295613        4.30064472693699
C            1.07173006739616       -4.87249695858005        4.31092818899633
C            2.23343543896498       -4.67168178849422        5.03899609197154
C            2.41493463484087       -3.49704166331381        5.74743782129130
H            1.18592098203870        0.82070066365169        0.02426755565796
H            1.16777064909378       -0.67003836343961       -0.91434899741570
H            2.44311191739695       -0.39767110774063        0.27066459568627
H           -0.53670015027982       -0.78608494735326        0.88150283851069
H            0.73416824881274       -1.99758976280592        1.15212124240846
H           -0.62445884882246        1.25057724570462        2.44620803916053
H            0.50987511389436        1.71490404655979        4.89967075272824
H            2.33628993386765       -1.62744341290796        3.15300850139639
H            3.39706319805014       -0.63620480516687        5.31978009348329
H            2.55658012355705        0.72954327505542        6.09308411890717
H            2.24086193888239       -1.37887825822881        7.37326807509889
H            0.69518012602730       -0.77696707487625        6.75892851048961
H           -0.51492407265321       -1.97809206714968        5.02405489333695
H           -0.82586247055998       -4.05595807552275        3.74900590436799
H            0.92773143653626       -5.79177922942643        3.76528126383786
H            2.99506535794944       -5.43525671804982        5.06197784271828
H            3.31731027352286       -3.34905706932665        6.32232340284576
