32
 energy: -33.010819763503 gnorm: 0.054212328623 xtb: 6.7.1 (edcfbbe)
C            1.13511000000000        0.07289000000000        0.22980000000000
N            0.55528000000000        0.39927000000000       -1.14443000000000
C            0.87387000000000       -0.73242000000000       -2.15878000000000
C            0.49841000000000       -2.16079000000000       -1.74398000000000
C           -0.95797000000000       -2.61095000000000       -1.89843000000000
C           -1.60443000000000       -2.35520000000000       -3.26109000000000
C           -0.88594000000000       -3.04150000000000       -4.41229000000000
C           -0.95982000000000        0.64677000000000       -1.06059000000000
C           -1.34457000000000        1.90421000000000       -0.29388000000000
C            1.26750000000000        1.65615000000000       -1.67584000000000
H            0.52836000000000       -0.70908000000000        0.69330000000000
H            1.11194000000000        0.97434000000000        0.84796000000000
H            2.16901000000000       -0.25953000000000        0.09841000000000
H            0.42606000000000       -0.44500000000000       -3.11565000000000
H            1.96324000000000       -0.70815000000000       -2.29182000000000
H            1.10374000000000       -2.83318000000000       -2.36755000000000
H            0.82596000000000       -2.37164000000000       -0.72091000000000
H           -0.99448000000000       -3.69031000000000       -1.69814000000000
H           -1.57912000000000       -2.16104000000000       -1.12037000000000
H           -2.63588000000000       -2.72681000000000       -3.22615000000000
H           -1.67321000000000       -1.28117000000000       -3.46004000000000
H           -0.79875000000000       -4.11803000000000       -4.23459000000000
H           -1.44419000000000       -2.89645000000000       -5.34277000000000
H            0.11773000000000       -2.63257000000000       -4.56044000000000
H           -1.33885000000000        0.70391000000000       -2.08614000000000
H           -1.40025000000000       -0.21395000000000       -0.55678000000000
H           -1.02570000000000        2.81359000000000       -0.81107000000000
H           -2.43540000000000        1.95587000000000       -0.20661000000000
H           -0.93646000000000        1.91260000000000        0.72011000000000
H            1.17050000000000        2.46083000000000       -0.94255000000000
H            2.32791000000000        1.42245000000000       -1.81308000000000
H            0.80681000000000        1.93460000000000       -2.62795000000000
32
 energy: -33.016578818789 gnorm: 0.026790965047 xtb: 6.7.1 (edcfbbe)
C            1.12183963945701        0.07847483809603        0.20050290332273
N            0.55951292499696        0.39982773513294       -1.14873633021749
C            0.86558616372537       -0.72793987699016       -2.13064136057681
C            0.49206281310173       -2.15816471846413       -1.74325515926495
C           -0.96695054276606       -2.60351984529468       -1.89282424892282
C           -1.60202094352873       -2.34966617824931       -3.26046110310497
C           -0.87981159444515       -3.03853421485285       -4.41035093024562
C           -0.93042046183324        0.64890007533203       -1.05621777627965
C           -1.32885654639050        1.90370994851274       -0.29733765107039
C            1.25212425297323        1.63071329474242       -1.66791142890600
H            0.52955000753661       -0.69942069119167        0.67546391913800
H            1.10455536382793        0.96859970925295        0.82455934491279
H            2.15085559673426       -0.25616919204112        0.08904494395959
H            0.40041945517390       -0.45291325082882       -3.07823079774598
H            1.94959126482460       -0.69991994028811       -2.27280174425083
H            1.10026541724977       -2.80369815487044       -2.38594229513953
H            0.82146207951810       -2.36665345488953       -0.72390047582012
H           -0.98524961682478       -3.68169365934922       -1.70679862528855
H           -1.59347678852399       -2.15391435814838       -1.11890260658812
H           -2.62789585046879       -2.72442437128411       -3.21981533419824
H           -1.67006499236108       -1.27700944594992       -3.46061167859207
H           -0.79724353114852       -4.10830546328703       -4.22734701787455
H           -1.43607700371810       -2.89987261632223       -5.33587050091071
H            0.12146461535805       -2.63699899987038       -4.56005189119744
H           -1.31005650826693        0.70359296191591       -2.07750246656595
H           -1.36891395929698       -0.21908620590685       -0.56619152971776
H           -1.02640225758286        2.81508627584928       -0.80899314165567
H           -2.41571532439873        1.92763689486941       -0.22174198074570
H           -0.93724809259642        1.91285804677934        0.71735588741805
H            1.15654307762761        2.44066418621963       -0.94998554120303
H            2.30888501328503        1.41508078356428       -1.81031936674044
H            0.80809632876070        1.92246988781199       -2.61652401592780
32
 energy: -33.017893927088 gnorm: 0.004292437237 xtb: 6.7.1 (edcfbbe)
C            1.11522825239852        0.08411546142369        0.18064682901561
N            0.56421177389687        0.39928889430873       -1.14743459499857
C            0.85702190950345       -0.71316704374233       -2.11625953576122
C            0.48669233372587       -2.14656352275478       -1.73378940480031
C           -0.97134035764509       -2.59467536052469       -1.88917371105119
C           -1.60134118657206       -2.34078791217727       -3.26008706250357
C           -0.87317270069167       -3.03609736694273       -4.40427381471701
C           -0.90681182401278        0.64564330977249       -1.05886817946564
C           -1.31829540230962        1.89559242434929       -0.29862836266095
C            1.24190056035798        1.60369483437868       -1.66303738493659
H            0.53198390247178       -0.69561486226548        0.66140023831679
H            1.09837795809598        0.96605814456045        0.81435259029787
H            2.14503454313428       -0.25099425449645        0.08545522789169
H            0.38139387758287       -0.45449976769477       -3.06294253234592
H            1.93791124844020       -0.69211905052320       -2.26738290336300
H            1.08710653435699       -2.77462724257846       -2.39563346722152
H            0.81854017090852       -2.37080166283048       -0.71985083341629
H           -0.98163705562726       -3.67108502704405       -1.70931302668254
H           -1.60308408394050       -2.14627263850601       -1.12051188837152
H           -2.62425966627353       -2.71701353651379       -3.22132192422280
H           -1.66732873449989       -1.26940596248275       -3.46460258062027
H           -0.79379667762089       -4.10210772108661       -4.21261137237183
H           -1.42755558026518       -2.90169621577857       -5.32810002137167
H            0.12663128948636       -2.63664126817343       -4.55271637922753
H           -1.29262504325997        0.70566595875105       -2.07717391088922
H           -1.35052173619115       -0.22490012816166       -0.57804635916369
H           -1.02659043731156        2.80872571941452       -0.80690165164294
H           -2.40366256058378        1.89944345808105       -0.23382391509789
H           -0.93669919732077        1.90894004196423        0.71745080452930
H            1.14305693175671        2.42243677915822       -0.95738143780169
H            2.30112896253933        1.40672215754626       -1.80773589622573
H            0.80891199547001        1.90245336056885       -2.61404353912015
32
 energy: -33.017957801195 gnorm: 0.001769933777 xtb: 6.7.1 (edcfbbe)
C            1.11652407803982        0.08391599375599        0.18039019461628
N            0.56642939536597        0.40025368780563       -1.14922774686095
C            0.85772685140096       -0.71409287099997       -2.11582835210882
C            0.48497198658081       -2.14850030781455       -1.73383174065122
C           -0.97503603623897       -2.59162661571845       -1.88708590445909
C           -1.60111607687772       -2.33692376215570       -3.25977498753505
C           -0.87050409522591       -3.03504007930266       -4.40098563659193
C           -0.90532321307772        0.64400885138095       -1.06072369150253
C           -1.32104004753338        1.89149793822366       -0.29676079195600
C            1.24374868206224        1.60646024560947       -1.66515428065885
H            0.53404941347195       -0.69862293462902        0.66022868443348
H            1.09658987562082        0.96602371784264        0.81556523649483
H            2.14844182256973       -0.24847397164836        0.08614073585859
H            0.38041800232902       -0.45716418312385       -3.06233484540105
H            1.93860594502037       -0.69670368787923       -2.27161599401705
H            1.08194786378563       -2.77778279775134       -2.39711050758385
H            0.81751147814549       -2.37534139824243       -0.72086969946595
H           -0.98868126464923       -3.66791400013514       -1.70674694686769
H           -1.60743151916919       -2.14236309164140       -1.11933466631147
H           -2.62521189321104       -2.71084943807927       -3.22392680939227
H           -1.66448726178802       -1.26561950771817       -3.46586724898090
H           -0.79144407649331       -4.10094527900762       -4.20529014027713
H           -1.42240130749824       -2.90302021221238       -5.32738895425973
H            0.13016087541646       -2.63566707499829       -4.54766311582918
H           -1.29101686591676        0.70842508691925       -2.07945214670286
H           -1.35035679222061       -0.22790582204469       -0.58275374845841
H           -1.03045118219464        2.80677446896146       -0.80323119134317
H           -2.40665925997429        1.89241285288861       -0.23278855223053
H           -0.93896061756923        1.90405163396999        0.71959509482220
H            1.14131473642591        2.42939006789770       -0.96272094580055
H            2.30491749658364        1.41085385289296       -1.80550521877118
H            0.81317300681945        1.90019863695418       -2.62028608220796
32
 energy: -33.018000273738 gnorm: 0.002701416074 xtb: 6.7.1 (edcfbbe)
C            1.12045036403536        0.08553128146038        0.17881595504411
N            0.56955223245463        0.39983552523378       -1.15261611958821
C            0.85864626783654       -0.71516315921091       -2.11629613399215
C            0.47940006172911       -2.14985023212037       -1.73115200481502
C           -0.98376136042890       -2.58358689719579       -1.88360810215731
C           -1.60124840508139       -2.32773031292719       -3.26008654351185
C           -0.86332422557982       -3.03276424276732       -4.39266288711265
C           -0.90228164757174        0.64176362888153       -1.06592031882288
C           -1.32639778886319        1.88162796890547       -0.29103742603661
C            1.24705227073895        1.60623483343708       -1.67137314347526
H            0.54153759723780       -0.70322846965713        0.65561194912064
H            1.09267753887054        0.96717220720095        0.81645440380494
H            2.15607201475943       -0.23958021644667        0.08578818196537
H            0.37988715640011       -0.46251006439147       -3.06356355646408
H            1.93953672036260       -0.70350002971547       -2.27703747057750
H            1.06885694733343       -2.78149833754678       -2.39781613794486
H            0.81390581630827       -2.38143118509922       -0.72011878048513
H           -1.00580599191148       -3.65947883180017       -1.70076862072313
H           -1.61685840589695       -2.13055641166022       -1.11879820765708
H           -2.62807346398259       -2.69580049198940       -3.23192974956540
H           -1.65763785931134       -1.25658169332133       -3.46944240123436
H           -0.78409017172796       -4.09756190289807       -4.18772707429539
H           -1.40880830730450       -2.90786293271879       -5.32454448400872
H            0.13839223880942       -2.63301520096084       -4.53562822515877
H           -1.28639418680089        0.71688293016013       -2.08542400239960
H           -1.34864090459267       -0.23451111616510       -0.59680114984957
H           -1.03952897737821        2.80278497058506       -0.79068845024470
H           -2.41203969233983        1.87477022591873       -0.22879303760867
H           -0.94432847601656        1.88911760461503        0.72581336174277
H            1.13282118976794        2.43647750719356       -0.97708563694532
H            2.31211054820047        1.41483578772344       -1.79839289294376
H            0.82473089994345        1.88888725727709       -2.63551129405984
32
 energy: -33.018015442923 gnorm: 0.001778580128 xtb: 6.7.1 (edcfbbe)
C            1.12082727267438        0.08676571073026        0.17767414378276
N            0.56954111593464        0.40003025831919       -1.15354397372703
C            0.85839724539881       -0.71615282187902       -2.11581389695150
C            0.47776243638094       -2.15004107498654       -1.73007417860240
C           -0.98553218964673       -2.58240295167733       -1.88371411583983
C           -1.60098302344238       -2.32669450454529       -3.26100553936860
C           -0.86192645056649       -3.03281282226534       -4.39192545753663
C           -0.90211376038075        0.64227896828358       -1.06676024230792
C           -1.32628524072892        1.87984130774838       -0.28895014486824
C            1.24723994993517        1.60565652891421       -1.67306175463413
H            0.54333565828671       -0.70236606713199        0.65466246070758
H            1.09208947206388        0.96842868849363        0.81445416070333
H            2.15643204004260       -0.23686962856484        0.08418616109548
H            0.38132626804627       -0.46348995793605       -3.06377678204490
H            1.93936363350063       -0.70485647379793       -2.27435747755569
H            1.06728198220441       -2.78277385904955       -2.39570825639582
H            0.81142096328336       -2.38051621460038       -0.71860002241304
H           -1.00909461137252       -3.65814874898266       -1.69997498460007
H           -1.61867563291141       -2.12798996079360       -1.11979724940851
H           -2.62807545125828       -2.69378782454563       -3.23416465791739
H           -1.65616868819997       -1.25557131775402       -3.47069770141106
H           -0.78212018694092       -4.09704851928394       -4.18545643121164
H           -1.40660489390939       -2.90982388778557       -5.32422198849806
H            0.13944939104910       -2.63256866868366       -4.53467820849293
H           -1.28513840361721        0.71963407921701       -2.08625364171001
H           -1.34836773605533       -0.23512660664051       -0.60017041755605
H           -1.04013410280193        2.80238527464912       -0.78590943054827
H           -2.41180723334617        1.87206368913219       -0.22690464443779
H           -0.94479261387291        1.88445071446377        0.72798010494280
H            1.12980834668193        2.43645222550384       -0.98082922241199
H            2.31237346764469        1.41481572157034       -1.79649039300120
H            0.82758097592388        1.88594874387826       -2.63845621778127
32
 energy: -33.018039974625 gnorm: 0.001590570547 xtb: 6.7.1 (edcfbbe)
C            1.12320346597687        0.09368580307170        0.17449385379806
N            0.56965114699702        0.40027966463477       -1.15654586558167
C            0.85883357790296       -0.72065336056981       -2.11398381464809
C            0.47014361308941       -2.15007413472541       -1.72469549897118
C           -0.99345889850918       -2.57779331058178       -1.88509163698991
C           -1.60003345149206       -2.32312482448935       -3.26611556364703
C           -0.85622502962198       -3.03378278543313       -4.39041611051463
C           -0.90163252972096        0.64479099335437       -1.07002751421705
C           -1.32572333902401        1.87225774755167       -0.27880887714851
C            1.24753606062530        1.60278506148092       -1.68120627958731
H            0.55082568412462       -0.69623654711307        0.65324042133532
H            1.09113758388168        0.97634554220364        0.80740615162905
H            2.15901468250955       -0.22494926186857        0.07985247566297
H            0.38909001921766       -0.46769223396677       -3.06520653929732
H            1.94063540481585       -0.71237688748701       -2.26319658135448
H            1.06170171421499       -2.78789325596037       -2.38417066100782
H            0.79808275498200       -2.37596232454541       -0.71035410647912
H           -1.02263904950003       -3.65299932423148       -1.69812171940820
H           -1.62828586220811       -2.11845038126559       -1.12553884124886
H           -2.62821174920829       -2.68656841932189       -3.24444123557068
H           -1.65039490825152       -1.25211598848430       -3.47741696409524
H           -0.77359978253695       -4.09582217142156       -4.17699435939062
H           -1.39864181538696       -2.91929855370390       -5.32425054112517
H            0.14374688806355       -2.63133425962760       -4.53331393327882
H           -1.28028956163752        0.73270276942020       -2.08958555729735
H           -1.34792026460594       -0.23767070070912       -0.61470628668261
H           -1.04090039891932        2.80119662169116       -0.76285481845119
H           -2.41107597473606        1.86251359977179       -0.21812956092338
H           -0.94717139631027        1.86328811963215        0.73883051401695
H            1.11572575417179        2.43798299678763       -0.99921155000453
H            2.31382955736268        1.41548177092435       -1.78857118882573
H            0.83945610373334        1.87119803498168       -2.65320781069590
32
 energy: -33.018049028013 gnorm: 0.000782599406 xtb: 6.7.1 (edcfbbe)
C            1.12406907538901        0.09628583399100        0.17431627678584
N            0.57047079555878        0.40136033571571       -1.15698037435352
C            0.85864811401329       -0.72142262788203       -2.11255635068931
C            0.46785280603385       -2.15022647413188       -1.72249411427131
C           -0.99584885297356       -2.57704169246604       -1.88588708712850
C           -1.59988432908892       -2.32257446769637       -3.26817780405816
C           -0.85448487404796       -3.03456020070237       -4.39081535638302
C           -0.90090401656382        0.64513082289450       -1.07055463382884
C           -1.32578494018616        1.86989427922198       -0.27516099124227
C            1.24809493192865        1.60287928538147       -1.68406087518343
H            0.55140793106083       -0.69286391211709        0.65487253890149
H            1.09267154835796        0.98018962865265        0.80616606330324
H            2.16013716474352       -0.22299087752009        0.08033252161802
H            0.38998623267752       -0.46904091461012       -3.06457611758780
H            1.94067734893642       -0.71488162750191       -2.26138300775814
H            1.06018398095982       -2.78968066660564       -2.37968601230854
H            0.79276824356795       -2.37571558005803       -0.70699456921142
H           -1.02559649330680       -3.65212707401647       -1.69884617564331
H           -1.63242545900480       -2.11765336414860       -1.12783475509290
H           -2.62832730175615       -2.68557699580046       -3.24810752184111
H           -1.64928538736223       -1.25167169643229       -3.48034831448078
H           -0.77111627865230       -4.09632364354182       -4.17538729986791
H           -1.39643049561191       -2.92199732234284       -5.32538296347203
H            0.14539534844752       -2.63152747229180       -4.53361844652535
H           -1.27913894702536        0.73686914114542       -2.09015027757025
H           -1.34810877081945       -0.23870796352061       -0.61844299796724
H           -1.03940352091919        2.80068573836732       -0.75502812385330
H           -2.41139420664413        1.86078904996234       -0.21622244329895
H           -0.94867306041199        1.85698611679462        0.74305995096539
H            1.11325502630716        2.44123721766496       -1.00589934968951
H            2.31530952084707        1.41713339184018       -1.78782368830791
H            0.84228886554554        1.86685373175420       -2.65866769995926
32
 energy: -33.018062765046 gnorm: 0.000781005104 xtb: 6.7.1 (edcfbbe)
C            1.12634848488158        0.10336466635418        0.17471824117317
N            0.57153465453329        0.40303054045517       -1.15752687599261
C            0.85849160654186       -0.72306965077716       -2.11005131284044
C            0.46238534895226       -2.14977891007619       -1.71673792227162
C           -1.00082608031229       -2.57680913730949       -1.88831948872324
C           -1.59894998133739       -2.32303650321941       -3.27349583586184
C           -0.85055730083681       -3.03692689013621       -4.39329708148440
C           -0.89983504432866        0.64704282503998       -1.07103397412480
C           -1.32576249888432        1.86568671330535       -0.26598661681002
C            1.24867682686102        1.60233520766545       -1.69068633209828
H            0.55048547791391       -0.68076995438506        0.66107304693889
H            1.10025423327061        0.99138129520030        0.80233993770333
H            2.16143347154814       -0.22137983266314        0.08155037975527
H            0.39142611938207       -0.47220278638460       -3.06351786403251
H            1.94101703989259       -0.72029768372961       -2.25847080754777
H            1.05864878004155       -2.79292519636573       -2.36681761672255
H            0.77886239763780       -2.37252927478168       -0.69772442086093
H           -1.03078283425128       -3.65185532348352       -1.70176015935797
H           -1.64216424865864       -2.11821273803060       -1.13375928735073
H           -2.62777678072163       -2.68554798172909       -3.25664099774176
H           -1.64691316964722       -1.25238319036417       -3.48717861259972
H           -0.76600267609890       -4.09828551013460       -4.17497759717248
H           -1.39163923797707       -2.92739517850804       -5.32912702993964
H            0.14919316862607       -2.63280603640000       -4.53569497273833
H           -1.27727694469534        0.74723927825164       -2.09050525915612
H           -1.34839189918291       -0.24008341864589       -0.62622907301185
H           -1.03303529489704        2.80035300154840       -0.73522399058569
H           -2.41197580423997        1.86034248926149       -0.21301352386112
H           -0.95371989345100        1.84192941498863        0.75417877700993
H            1.10947251589047        2.44679292322829       -1.02021251578410
H            2.31726634575812        1.41877425590603       -1.78842904698218
H            0.84652321778938        1.85773258591912       -2.66978216692802
32
 energy: -33.018061343523 gnorm: 0.002339005870 xtb: 6.7.1 (edcfbbe)
C            1.12870132472306        0.11067447247530        0.17510885173937
N            0.57261891828316        0.40476321134592       -1.15810472683065
C            0.85828851700049       -0.72477514105835       -2.10745992133599
C            0.45672363006973       -2.14932110585603       -1.71077543349759
C           -1.00597710512248       -2.57656633059318       -1.89083296127696
C           -1.59797461798030       -2.32351316263375       -3.27899641726567
C           -0.84646584989390       -3.03937138212850       -4.39584735806728
C           -0.89874040882228        0.64902165160538       -1.07152864047503
C           -1.32572269374207        1.86133593235399       -0.25649856284695
C            1.24927518272256        1.60176978504696       -1.69754187003812
H            0.54951583616637       -0.66823724095758        0.66747925071994
H            1.10813648621049        1.00294986991496        0.79832694486471
H            2.16274203556820       -0.21975902336121        0.08275467913072
H            0.39286625382312       -0.47547834780668       -3.06241498372403
H            1.94131925359409       -0.72587622272462       -2.25544990322462
H            1.05705795697587       -2.79628546284931       -2.35349502399552
H            0.76448280563678       -2.36919892715809       -0.68812682109124
H           -1.03615687420339       -3.65157192798550       -1.70475819726662
H           -1.65222929366824       -2.11877119548812       -1.13988634704922
H           -2.62719925518403       -2.68550978765773       -3.26548155366372
H           -1.64444316571518       -1.25311608009749       -3.49423786374901
H           -0.76070233964922       -4.10031003740095       -4.17455229950034
H           -1.38662377985388       -2.93296011422090       -5.33299164183886
H            0.15315483519556       -2.63413605620776       -4.53779526924396
H           -1.27535482513296        0.75796350336054       -2.09086638493121
H           -1.34868552917124       -0.24150574368183       -0.63428452164641
H           -1.02642487956330        2.80000569228925       -0.71472948994421
H           -2.41255496577325        1.85988479493175       -0.20971367203124
H           -0.95894841843274        1.82633581835394        0.76568079424116
H            1.10558430586177        2.45249308615787       -1.03498351297915
H            2.31926832203427        1.42043762378737       -1.78909259951536
H            0.85087833804326        1.84833784824414       -2.68124454366715
32
 energy: -33.018069855479 gnorm: 0.001521774168 xtb: 6.7.1 (edcfbbe)
C            1.12840288683261        0.11010446325670        0.17437382102437
N            0.57219770342471        0.40508468416144       -1.15838671714493
C            0.85690297009120       -0.72467160762349       -2.10731169515639
C            0.45683419836838       -2.14955235292382       -1.71067625679245
C           -1.00573489266171       -2.57660182302684       -1.89079611390297
C           -1.59773116721362       -2.32350244324631       -3.27885825136265
C           -0.84583032257407       -3.03926729095004       -4.39537848290413
C           -0.89904933422588        0.64882586734136       -1.07139703671694
C           -1.32511202515515        1.86146857452128       -0.25690932342804
C            1.24919940824391        1.60187206873317       -1.69738191038931
H            0.54891377525159       -0.66783223073977        0.66724138530189
H            1.10907564150019        1.00242511061331        0.79684672101550
H            2.16171567029006       -0.22128212606032        0.08127374809542
H            0.39112197321343       -0.47543475992909       -3.06196515716142
H            1.93966402923133       -0.72492142383919       -2.25527172684141
H            1.05715753778339       -2.79635553700528       -2.35346355845764
H            0.76504874961674       -2.36849619576461       -0.68815042778192
H           -1.03603210770826       -3.65159027956456       -1.70435701118908
H           -1.65159773773773       -2.11838108507754       -1.13981084520310
H           -2.62697318871002       -2.68531212994292       -3.26559508290742
H           -1.64403818533837       -1.25304151849956       -3.49389091554527
H           -0.76085020470664       -4.10024862278402       -4.17469484522894
H           -1.38515062432362       -2.93207060274588       -5.33272129449746
H            0.15402437598596       -2.63461327887080       -4.53642590762829
H           -1.27561189760124        0.75741736922897       -2.09057244550999
H           -1.34885866616322       -0.24148826849514       -0.63387092312619
H           -1.02563524446420        2.79975969126431       -0.71514589617968
H           -2.41175520993216        1.86021549449835       -0.21056679591344
H           -0.95901618876110        1.82638927951400        0.76526349508641
H            1.10662285865225        2.45124620951156       -1.03345333993841
H            2.31868103827724        1.41959803256630       -1.79043650976144
H            0.84982418051434        1.84996673187822       -2.67985069985493
32
 energy: -33.018081716406 gnorm: 0.001009343560 xtb: 6.7.1 (edcfbbe)
C            1.12847549289060        0.11059169130506        0.17180531749401
N            0.57075353670131        0.40553507224403       -1.16007121552505
C            0.85284629848836       -0.72521720358623       -2.10737030624932
C            0.45440219416869       -2.14969716155155       -1.70821822513780
C           -1.00747128702533       -2.57649704062274       -1.89095294585424
C           -1.59583840715760       -2.32369295903345       -3.28033461059000
C           -0.84085246892575       -3.03975160426620       -4.39416183380393
C           -0.89986390485539        0.64988055238484       -1.07112891549506
C           -1.32355778947056        1.86075998252455       -0.25421315410335
C            1.24830953193720        1.60140971170575       -1.69947352803418
H            0.54598132339409       -0.66116813549385        0.66888853211568
H            1.11684953597751        1.00487353408933        0.78981512910191
H            2.15838710013969       -0.22758859499644        0.07582556040848
H            0.38531174228822       -0.47702631462967       -3.06100590630081
H            1.93480913201702       -0.72445268982397       -2.25625420942041
H            1.05627568133602       -2.79768907406139       -2.34796800113898
H            0.76095436427190       -2.36388114198297       -0.68471777692834
H           -1.03890702055944       -3.65139721737673       -1.70322471150201
H           -1.65392801055583       -2.11670578203290       -1.14148449567747
H           -2.62523686728235       -2.68464561487406       -3.26992976397795
H           -1.64109405694031       -1.25312750954170       -3.49530009973199
H           -0.75926222550183       -4.10084559880357       -4.17461848435217
H           -1.37538166081818       -2.93031500773492       -5.33351407659319
H            0.16027277973210       -2.63731878407952       -4.53013355619959
H           -1.27629907160714        0.76042748146387       -2.08952746155804
H           -1.34934332324282       -0.24100680639832       -0.63544733838729
H           -1.01993549334268        2.79920161058729       -0.70762405927059
H           -2.40987868189328        1.86244802084270       -0.21214676373071
H           -0.96209206484653        1.81995076597135        0.76872865006494
H            1.10912031366104        2.44831035371292       -1.03313359143408
H            2.31631223880169        1.41615243728632       -1.79643067775806
H            0.84629106821998        1.85219302677193       -2.67901748043067
32
 energy: -33.018089954326 gnorm: 0.000715786366 xtb: 6.7.1 (edcfbbe)
C            1.12963286041986        0.11338731563697        0.17099421245394
N            0.57025256304142        0.40601771219162       -1.16099042625686
C            0.85100881437827       -0.72600061461395       -2.10722509175190
C            0.45086639587883       -2.14917881566270       -1.70480250821712
C           -1.01055687411134       -2.57607626205600       -1.89179668237335
C           -1.59459620558495       -2.32421175586597       -3.28313813002324
C           -0.83616011454376       -3.04096379761700       -4.39415971454826
C           -0.90022427312357        0.65131033514628       -1.07133544663706
C           -1.32292156578731        1.85893461794053       -0.24904263429587
C            1.24787606426761        1.60075794663487       -1.70335311571165
H            0.54372035494095       -0.65306734562524        0.67234807938662
H            1.12465166564953        1.01025224990456        0.78553242196732
H            2.15737735721104       -0.23123185081478        0.07387242313360
H            0.38278321116715       -0.47904748834614       -3.06085077215662
H            1.93285594645532       -0.72651990860036       -2.25715602556359
H            1.05508594868771       -2.79941784899646       -2.34011221449047
H            0.75331599644897       -2.36014463045461       -0.67935521689843
H           -1.04277748796083       -3.65085068387295       -1.70344399251914
H           -1.65940211848628       -2.11570134254061       -1.14469040376609
H           -2.62408061815062       -2.68500033583839       -3.27575182065589
H           -1.63915137289023       -1.25375625382985       -3.49877821758498
H           -0.75647966705051       -4.10213284969406       -4.17431419811806
H           -1.36707469971727       -2.93103756665453       -5.33550873724357
H            0.16590831318829       -2.63956188580241       -4.52640083917886
H           -1.27642394740039        0.76630880545695       -2.08939397259451
H           -1.35023014757406       -0.24116052092484       -0.63938015295846
H           -1.01405300678532        2.79920432697308       -0.69543696876207
H           -2.40947636684366        1.86425578273457       -0.21164699414364
H           -0.96582804601531        1.81043034276190        0.77523919691787
H            1.10948786975327        2.44897039796746       -1.03853405821847
H            2.31576473331559        1.41501770990972       -1.80063895313003
H            0.84525841722209        1.84992421455207       -2.68308904606150
32
 energy: -33.018100846293 gnorm: 0.000370402127 xtb: 6.7.1 (edcfbbe)
C            1.13135780549601        0.11819069382274        0.16909524519019
N            0.56970941366783        0.40708152208606       -1.16297920976513
C            0.84784656410118       -0.72746099520801       -2.10697621703617
C            0.44426357856459       -2.14830370274959       -1.69900037202343
C           -1.01636770755107       -2.57551354459134       -1.89317589955835
C           -1.59231759062394       -2.32557282961729       -3.28826973622402
C           -0.82714578060030       -3.04335946485150       -4.39399030124389
C           -0.90032240109137        0.65442844725418       -1.07147349924871
C           -1.32184890357732        1.85593797277765       -0.23939735610895
C            1.24679822202156        1.59996981607310       -1.71016416786521
H            0.53907822518556       -0.63862436350562        0.67809671344549
H            1.13863973626206        1.01938823208912        0.77778704486822
H            2.15515611002594       -0.23838524440484        0.07040805004958
H            0.37794601868891       -0.48255320166192       -3.06035098391032
H            1.92949251955349       -0.73044763094886       -2.25958027816790
H            1.05227807425195       -2.80277980059520       -2.32633981844495
H            0.73940104993376       -2.35403540813355       -0.67024762646745
H           -1.05006150325798       -3.64991364531325       -1.70323411967112
H           -1.66951285154398       -2.11376365635884       -1.15061577251124
H           -2.62159680225738       -2.68697641047306       -3.28650834655359
H           -1.63646425824751       -1.25539285146929       -3.50542159678069
H           -0.75175420642813       -4.10488693749340       -4.17392119335035
H           -1.35047535777544       -2.93163858660673       -5.33949571853062
H            0.17698600999508       -2.64426661748580       -4.51806356164796
H           -1.27644160591921        0.77744672656653       -2.08881407666025
H           -1.35161582730138       -0.24069183751899       -0.64614171425306
H           -1.00312307029057        2.79903162513624       -0.67321477950659
H           -2.40876133127509        1.86854121695788       -0.20999811720983
H           -0.97216560045385        1.79375910397785        0.78684939740955
H            1.11054534962282        2.45112600519640       -1.04799948002441
H            2.31455627956411        1.41316722865467       -1.80888538729338
H            0.84232984126032        1.84620813839432       -2.69031712090588
32
 energy: -33.018106374225 gnorm: 0.000570064738 xtb: 6.7.1 (edcfbbe)
C            1.13281024836626        0.12214332892915        0.16750987388796
N            0.56891697302750        0.40840672686900       -1.16448018801247
C            0.84444691057955       -0.72855869999355       -2.10655497619203
C            0.43849225242415       -2.14745992378122       -1.69406768068177
C           -1.02161367246719       -2.57421141661571       -1.89438157998940
C           -1.59077361990810       -2.32686493902221       -3.29273382527266
C           -0.81918077312580       -3.04553290268415       -4.39347141512766
C           -0.90098193148645        0.65669923192897       -1.07196423357398
C           -1.32022313654602        1.85305458749471       -0.23120431922296
C            1.24638873788652        1.59918902626335       -1.71639071206379
H            0.53649435502995       -0.62790149565719        0.68191835614056
H            1.14843967268378        1.02631306807846        0.77175871358163
H            2.15377051001002       -0.24241245393580        0.06769093051209
H            0.37412728600934       -0.48525547861012       -3.06020031688790
H            1.92599540942585       -0.73357356258883       -2.26020451645264
H            1.04942809066721       -2.80543442199947       -2.31500852934135
H            0.72779053932475       -2.34886731147690       -0.66270570128671
H           -1.05680435143903       -3.64820096560077       -1.70245539060526
H           -1.67829806496609       -2.11066733032620       -1.15597037427033
H           -2.61982637852102       -2.68904032172603       -3.29584232523970
H           -1.63473107100909       -1.25696020618596       -3.51132908348963
H           -0.74707665245069       -4.10727767228884       -4.17315364653268
H           -1.33586031074017       -2.93270131116709       -5.34256655836081
H            0.18652152488581       -2.64815899878127       -4.51059392314078
H           -1.27666692729780        0.78715725269411       -2.08872050678357
H           -1.35358616184708       -0.24073732202350       -0.65265169719913
H           -0.99443852166002        2.79882064945240       -0.65438031005912
H           -2.40723993333725        1.87101113316711       -0.20740522598019
H           -0.97617693074559        1.77936603848624        0.79638271835977
H            1.11113095138684        2.45248518565463       -1.05664080351777
H            2.31413533988177        1.41189018103959       -1.81557347286622
H            0.84099963595887        1.84299032440669       -2.69694928033202
32
 energy: -33.018110152730 gnorm: 0.000377137194 xtb: 6.7.1 (edcfbbe)
C            1.13351868117053        0.12468777936670        0.16587326274153
N            0.56863787839545        0.40923034054156       -1.16600217878336
C            0.84236385660100       -0.72954732616170       -2.10629202334771
C            0.43419691549663       -2.14703555451582       -1.69111344931715
C           -1.02556428746540       -2.57327286620852       -1.89507148981172
C           -1.58983353451214       -2.32784961054176       -3.29572361784588
C           -0.81344018207159       -3.04706020675799       -4.39268495902813
C           -0.90086758093526        0.65883621252639       -1.07225324020302
C           -1.31918181915233        1.85122808479250       -0.22549710953540
C            1.24610347593973        1.59874380896519       -1.72028241114554
H            0.53583787340694       -0.62227131133964        0.68292726834259
H            1.15273988801464        1.03018865541804        0.76777161644373
H            2.15312376890288       -0.24312883627649        0.06549654510521
H            0.37192239597886       -0.48713539476137       -3.06008311412026
H            1.92383541740571       -0.73615910853019       -2.26039956135926
H            1.04644073957048       -2.80730366900298       -2.30815867861875
H            0.71998487581016       -2.34580738483082       -0.65834129630830
H           -1.06218610936360       -3.64685172833974       -1.70115144466564
H           -1.68439982606614       -2.10786332188572       -1.15978110011372
H           -2.61852386188924       -2.69095520770525       -3.30228100995772
H           -1.63398539448720       -1.25817976142617       -3.51555338713304
H           -0.74313571029985       -4.10883865752916       -4.17200653406146
H           -1.32539875050792       -2.93384860433154       -5.34423894008978
H            0.19305402261427       -2.65040147538366       -4.50489366864069
H           -1.27627527467918        0.79439999760674       -2.08841245241383
H           -1.35440459084491       -0.24007699470420       -0.65726480000650
H           -0.98974232484516        2.79843645063553       -0.64206219737590
H           -2.40612847827487        1.87209533324926       -0.20411930465194
H           -0.97780871668168        1.77037267288623        0.80226821747883
H            1.11106335853892        2.45358322188917       -1.06246652310072
H            2.31375106749803        1.41093893222877       -1.81921271218584
H            0.84071222673308        1.84055553012621       -2.70132970629117
