42
 energy: -51.176723462271 gnorm: 0.064276004080 xtb: 6.7.1 (edcfbbe)
C            1.10146000000000       -0.06897000000000        0.33405000000000
C            0.77866000000000        1.21448000000000       -0.41467000000000
C            1.23604000000000        1.20323000000000       -1.87536000000000
C            0.62460000000000        0.10748000000000       -2.75449000000000
C           -0.90554000000000        0.07627000000000       -2.81009000000000
C           -1.58354000000000        1.37437000000000       -3.25477000000000
C           -1.18505000000000        1.89386000000000       -4.63884000000000
C           -1.60210000000000        1.01545000000000       -5.82204000000000
N           -3.08217000000000        0.81835000000000       -5.87274000000000
C           -3.83358000000000        1.92738000000000       -6.10498000000000
C           -5.21504000000000        1.89010000000000       -6.12777000000000
C           -5.85779000000000        0.68330000000000       -5.93428000000000
C           -5.10740000000000       -0.47489000000000       -5.74548000000000
C           -3.68224000000000       -0.41016000000000       -5.72610000000000
C           -2.98207000000000       -1.62070000000000       -5.56878000000000
C           -3.65360000000000       -2.83985000000000       -5.41789000000000
C           -5.04077000000000       -2.87999000000000       -5.42238000000000
C           -5.76499000000000       -1.70346000000000       -5.58624000000000
H            0.53889000000000       -0.91833000000000       -0.06430000000000
H            0.83682000000000        0.03691000000000        1.39111000000000
H            2.16933000000000       -0.30118000000000        0.27404000000000
H           -0.29657000000000        1.41322000000000       -0.35126000000000
H            1.27671000000000        2.04850000000000        0.09464000000000
H            1.02258000000000        2.18442000000000       -2.31551000000000
H            2.32773000000000        1.09396000000000       -1.90227000000000
H            1.02185000000000        0.21568000000000       -3.77090000000000
H            0.97665000000000       -0.87152000000000       -2.40708000000000
H           -1.20527000000000       -0.73922000000000       -3.47450000000000
H           -1.29625000000000       -0.19380000000000       -1.82161000000000
H           -2.66994000000000        1.23107000000000       -3.21685000000000
H           -1.36711000000000        2.15956000000000       -2.52054000000000
H           -1.61851000000000        2.89419000000000       -4.75545000000000
H           -0.10035000000000        2.04411000000000       -4.68271000000000
H           -1.33251000000000        1.50300000000000       -6.76761000000000
H           -1.06897000000000        0.06823000000000       -5.80334000000000
H           -3.30839000000000        2.86570000000000       -6.26704000000000
H           -5.78996000000000        2.79812000000000       -6.29649000000000
H           -6.94728000000000        0.65071000000000       -5.94998000000000
H           -1.90020000000000       -1.68310000000000       -5.56333000000000
H           -3.08936000000000       -3.76436000000000       -5.29862000000000
H           -5.56104000000000       -3.82963000000000       -5.30510000000000
H           -6.85358000000000       -1.76189000000000       -5.59528000000000
42
 energy: -51.181034987511 gnorm: 0.027435848334 xtb: 6.7.1 (edcfbbe)
C            1.09986598202943       -0.07198284315821        0.32982355946553
C            0.77340089724869        1.21189669392409       -0.41985056056450
C            1.22820713084744        1.20872579765115       -1.88009445253324
C            0.62231583265250        0.11188353665475       -2.75906369510595
C           -0.90713172994862        0.07228913646765       -2.81435029869311
C           -1.58863936347545        1.36853743481563       -3.25673317282814
C           -1.19791936106162        1.89546537505898       -4.63867356640978
C           -1.62177273278116        1.01646881048564       -5.81877769681748
N           -3.08340575826627        0.81369517734987       -5.87423514569800
C           -3.82001805749473        1.91037389715823       -6.09638612980802
C           -5.20276849773117        1.88838003722309       -6.12531450188730
C           -5.85700010007544        0.69032945707705       -5.93423130105549
C           -5.11218595125411       -0.47929943258488       -5.74073930108063
C           -3.68145536536274       -0.41216525813769       -5.71953658888348
C           -2.97637073372076       -1.61487956666975       -5.56186775172988
C           -3.64428265791291       -2.81760911883188       -5.41678001225492
C           -5.03792131838365       -2.87280562909980       -5.42019941454055
C           -5.76302696411286       -1.71622577079200       -5.58233890315929
H            0.54422389923013       -0.91969610337091       -0.06801679788999
H            0.84034027043974        0.03243197133979        1.38266391421471
H            2.16339646590775       -0.29683484603770        0.26537037742525
H           -0.30106534127629        1.40415257221249       -0.36096842324195
H            1.27315476928106        2.04552235801841        0.08225313622416
H            1.01108575199541        2.18834071494488       -2.31642959465465
H            2.31549666780040        1.08797495194726       -1.90226996494899
H            1.02283886998831        0.22573814277112       -3.77159709389900
H            0.96684074442062       -0.86128787585325       -2.39909521607703
H           -1.20660436218075       -0.74524476401140       -3.47633989360728
H           -1.29095523766893       -0.17973380268360       -1.82251026745526
H           -2.67379746536440        1.22310090385083       -3.21819072068653
H           -1.35438934132613        2.15164630587414       -2.53174385856154
H           -1.62511333944690        2.89562287472668       -4.75678699826293
H           -0.11284095651051        2.01374798205015       -4.68995755299755
H           -1.33160569975289        1.50400482140503       -6.75612842628783
H           -1.11417566931553        0.05664755096702       -5.77701062435506
H           -3.28582743277032        2.83709810428018       -6.25534222612079
H           -5.75779133035155        2.79918831834324       -6.29879431285623
H           -6.93833105721476        0.65418059856433       -5.94680725723383
H           -1.89831937798394       -1.65783631311629       -5.56294739169596
H           -3.07545469593663       -3.73010591904715       -5.30307090734851
H           -5.54772487916009       -3.81923386667033       -5.30401970161450
H           -6.84312250400031       -1.76190241509690       -5.59574126448441
42
 energy: -51.181858755181 gnorm: 0.006135891127 xtb: 6.7.1 (edcfbbe)
C            1.10017228760497       -0.07467149854737        0.31997061008809
C            0.76316889760131        1.21079478686266       -0.42531670337085
C            1.21955760557335        1.21223437688446       -1.88547122240892
C            0.61820566801748        0.11357557752556       -2.76548810801583
C           -0.91146746313280        0.07024423696572       -2.81664428522722
C           -1.59676380063300        1.36593883471827       -3.25589844023416
C           -1.20531679303029        1.89192257625150       -4.63779113521005
C           -1.63336141991418        1.01071787710021       -5.81720295904527
N           -3.08259215903819        0.81314624306768       -5.87535993662536
C           -3.81018740106017        1.90203790286889       -6.09169732257511
C           -5.19505889619758        1.89098465198257       -6.12433507136611
C           -5.85400831043943        0.69888494905453       -5.93214389991136
C           -5.11239304112922       -0.47752785817859       -5.73582099481617
C           -3.68027966045381       -0.41103234847895       -5.71457912443726
C           -2.97053277615129       -1.61248857001080       -5.55690151667400
C           -3.63382065542822       -2.80549720473613       -5.41259362591344
C           -5.03268327800652       -2.86851019323672       -5.41503807217244
C           -5.75803238087916       -1.72189476411705       -5.57664520523054
H            0.54895673892523       -0.92236051473416       -0.07863594545882
H            0.84361911412946        0.02812057879074        1.37110305758910
H            2.16333693667104       -0.29035125090959        0.25000016641161
H           -0.31183593331079        1.39389156096252       -0.36670889570369
H            1.26017013778486        2.04435990195256        0.07570215268818
H            0.99782784678974        2.19101702988155       -2.31716715251648
H            2.30474411850461        1.09022555158865       -1.90709851389130
H            1.01926613558587        0.23031984292631       -3.77591442775040
H            0.96154583971489       -0.85530230947171       -2.39990342874670
H           -1.21029250675942       -0.75059936748101       -3.47382949671248
H           -1.28837652152935       -0.17312610810342       -1.82262393439749
H           -2.68064331564037        1.21796099818259       -3.21509846785152
H           -1.35412369324200        2.14603957323980       -2.53420445154105
H           -1.62755416047198        2.89187477426364       -4.75526147798741
H           -0.12098200435626        1.99279366427771       -4.69378411907891
H           -1.32728544088677        1.49413013873672       -6.74966091378735
H           -1.13217141732741        0.04980473575552       -5.75587442629514
H           -3.27002549955265        2.82325772312170       -6.24684908712958
H           -5.73521397629728        2.80626418731515       -6.29888248132285
H           -6.93131047832725        0.65529257272136       -5.94351667368802
H           -1.89425510101343       -1.64022498239184       -5.56049840681827
H           -3.06230402476857       -3.71270516906117       -5.30130457739097
H           -5.53227083541436       -3.81629473851620       -5.29980788194829
H           -6.83527838251096       -1.75264796902398       -5.59405360352604
42
 energy: -51.181960997543 gnorm: 0.003104805032 xtb: 6.7.1 (edcfbbe)
C            1.10100192569388       -0.07632590825843        0.31288836515444
C            0.75654922322083        1.20937522729397       -0.42953364302470
C            1.21289464893419        1.21539435559889       -1.88989434838204
C            0.61393849400180        0.11426552744821       -2.76889781761572
C           -0.91585880011449        0.06813619077892       -2.81618718345893
C           -1.60084319013087        1.36419816908662       -3.25565005936757
C           -1.20552903655584        1.89134350549244       -4.63598490223094
C           -1.63234756627495        1.00739286674764       -5.81539185951380
N           -3.07951352614429        0.81357989975537       -5.87544995198985
C           -3.80647475004235        1.90255075606145       -6.09091107788621
C           -5.19216861615694        1.89335382192982       -6.12325144591849
C           -5.85058420594194        0.70204655241342       -5.93036944296733
C           -5.10921674250502       -0.47517701263872       -5.73338583080882
C           -3.67830268253669       -0.40998752474000       -5.71295103122049
C           -2.96721029452189       -1.61243017507625       -5.55445685496755
C           -3.62943071582826       -2.80482389450931       -5.40872986144949
C           -5.02956236991760       -2.86746863283665       -5.41072634298575
C           -5.75443007287154       -1.72103472444115       -5.57256701942376
H            0.55286960328813       -0.92562216820746       -0.08690546956418
H            0.84636700340810        0.02279163264672        1.36495658227688
H            2.16524649938724       -0.28606519592817        0.23905280907507
H           -0.31941165872465        1.38595443972877       -0.37042453679273
H            1.24873810721151        2.04462935482626        0.07303974456083
H            0.98753748886556        2.19366181517213       -2.32071834635381
H            2.29830482434549        1.09708488851958       -1.91158676226955
H            1.01336854473134        0.23152522524829       -3.77969356766081
H            0.96017226298427       -0.85332932306355       -2.40334319642771
H           -1.21552096022309       -0.75370391713142       -3.47138204066800
H           -1.28967705432114       -0.17447306488730       -1.82099770374965
H           -2.68455207123211        1.21606813858021       -3.21620344593588
H           -1.35921645678231        2.14322745084322       -2.53295447167072
H           -1.62612162494437        2.89158345744841       -4.75443629781068
H           -0.12150338054460        1.98931003264930       -4.68985806339978
H           -1.32072395120739        1.48703898720488       -6.74761106723962
H           -1.12912524761059        0.04867922731277       -5.74677268002876
H           -3.26561872738624        2.82385941326324       -6.24582598151649
H           -5.72833856903760        2.81085261859072       -6.29824861141210
H           -6.92810930842708        0.65493238528549       -5.94052934759567
H           -1.89097457486066       -1.63619050315388       -5.55951765850122
H           -3.05826293207207       -3.71265074678200       -5.29676748679853
H           -5.52584125262152       -3.81700668171798       -5.29442301416674
H           -6.83236828653409       -1.74594646655467       -5.59022907829298
42
 energy: -51.182053100539 gnorm: 0.002715589337 xtb: 6.7.1 (edcfbbe)
C            1.10336274669090       -0.07932441939450        0.29866305099566
C            0.74407997972139        1.20654898018570       -0.43717883904203
C            1.19984428053637        1.22011309763851       -1.89774664483026
C            0.60575747118333        0.11514650534454       -2.77553894783183
C           -0.92407998546071        0.06522362826652       -2.81624009969068
C           -1.60921384357485        1.36188200643167       -3.25448510348526
C           -1.20461927470146        1.89176583846810       -4.63100999058108
C           -1.62643756572202        1.00428334725668       -5.81166049359933
N           -3.07169947176212        0.81370051543630       -5.87525537833095
C           -3.79872247500023        1.90362487994547       -6.09069356246626
C           -5.18532327801903        1.89598793682705       -6.12159854510455
C           -5.84297056175029        0.70561132252269       -5.92661908226093
C           -5.10171295439451       -0.47189306526374       -5.72897906422009
C           -3.67289316609061       -0.40897854334038       -5.71073502861509
C           -2.96118486461076       -1.61315844078301       -5.55078928211821
C           -3.62331874369222       -2.80479452047805       -5.40089558481861
C           -5.02467659541591       -2.86501899925428       -5.40125590367440
C           -5.74797968644026       -1.71815828456119       -5.56450007713171
H            0.56098176170898       -0.93196299526375       -0.10283618785063
H            0.85240419399198        0.01237173366658        1.35258090286208
H            2.16950948732382       -0.27874630919734        0.21837194950742
H           -0.33383514350715        1.37092864216578       -0.37690623760843
H            1.22679514262980        2.04535837275077        0.06878492859231
H            0.96677284403142        2.19727385406479       -2.32717663620651
H            2.28620064763579        1.11053148568927       -1.92080363952522
H            1.00120820087345        0.23329615599315       -3.78775621586428
H            0.95838761878403       -0.85057607870155       -2.41107875485534
H           -1.22616990144864       -0.75780685045697       -3.46849261002518
H           -1.29333667781309       -0.17731638402813       -1.81932408896938
H           -2.69294702016755        1.21306321659867       -3.22078606213284
H           -1.37251047221025        2.13864446330082       -2.52771793640244
H           -1.62389560943044        2.89204936017600       -4.75167793922646
H           -0.12080252567521        1.98861765380628       -4.67845522117222
H           -1.30737247625871        1.47776532969794       -6.74442739106912
H           -1.12029958793067        0.04853609699337       -5.73246655525741
H           -3.25776216318386        2.82551340988756       -6.24641889328471
H           -5.71673909887400        2.81664560972217       -6.29666566852334
H           -6.92119692122969        0.65450937230643       -5.93457904021787
H           -1.88499570486722       -1.63375048988141       -5.55853102513176
H           -3.05401770725645       -3.71436061330886       -5.28664733650747
H           -5.51749863762378       -3.81656360663962       -5.28213142412813
H           -6.82694226099928       -1.73598321459032       -5.58117034019714
42
 energy: -51.182094417410 gnorm: 0.003183383801 xtb: 6.7.1 (edcfbbe)
C            1.10537809635749       -0.08165269846229        0.28931351644970
C            0.73650214953652        1.20382020946054       -0.44220695568236
C            1.19081905027372        1.22292564791576       -1.90300600360312
C            0.59966984008540        0.11597280943266       -2.78007360285666
C           -0.93001387448078        0.06354127127747       -2.81683671672285
C           -1.61545416075493        1.36047046927571       -3.25375964382512
C           -1.20450955507176        1.89351216856277       -4.62709673560610
C           -1.62058890462072        1.00413487541646       -5.80872150765479
N           -3.06545104123716        0.81327297669566       -5.87523845985439
C           -3.79249410487849        1.90359616670391       -6.09172505134196
C           -5.17922697822176        1.89656211001968       -6.12127313571399
C           -5.83721072146960        0.70688694337533       -5.92397076265080
C           -5.09610598049778       -0.47048536020697       -5.72584848065780
C           -3.66794746874427       -0.40886094307723       -5.70950261712470
C           -2.95683948961286       -1.61369664784289       -5.54870753898862
C           -3.61994298926916       -2.80446390841004       -5.39505777235931
C           -5.02155988648268       -2.86287380114901       -5.39339713619441
C           -5.74383526106290       -1.71577229680500       -5.55825880983054
H            0.56672410405057       -0.93634261840323       -0.11310869699926
H            0.85718379196845        0.00512274048601        1.34436544586634
H            2.17244380202506       -0.27462510395907        0.20490544502499
H           -0.34250926980368        1.36054573213268       -0.38065865933575
H            1.21329761558619        2.04488840074183        0.06570135993793
H            0.95227462659803        2.19942915184425       -2.33114967571377
H            2.27781662454945        1.11924208122925       -1.92765748008896
H            0.99255836214964        0.23485190141845       -3.79328115233872
H            0.95618710351982       -0.84883978017556       -2.41676144918979
H           -1.23372754300923       -0.75963057796464       -3.46812171177804
H           -1.29682382753750       -0.17968625299789       -1.81910053664511
H           -2.69920561584906        1.21023710660806       -3.22566079877607
H           -1.38386820610633        2.13554734025485       -2.52330264720778
H           -1.62434762056894        2.89336158198353       -4.74935510634006
H           -0.12063842907619        1.99197689827854       -4.66908977526575
H           -1.29845753161901        1.47516161415402       -6.74166056686619
H           -1.11377831738984        0.04915059960501       -5.72478910774748
H           -3.25163600258514        2.82545702469077       -6.24873927771478
H           -5.70911882786573        2.81823913670670       -6.29647988891900
H           -6.91563540558772        0.65558561449320       -5.93020323350812
H           -1.88066516774869       -1.63478744591834       -5.55904289582681
H           -3.05214491551859       -3.71492346639133       -5.27923083375653
H           -5.51403325844001       -3.81442457469417       -5.27141860435079
H           -6.82293481158946       -1.73182709630586       -5.57362273824227
42
 energy: -51.182142141264 gnorm: 0.002347518341 xtb: 6.7.1 (edcfbbe)
C            1.10806091079405       -0.08503690399940        0.27881764588197
C            0.72898300294107        1.19998873662882       -0.44745429918250
C            1.18054092168066        1.22539116542963       -1.90873472864885
C            0.59231260674878        0.11702551162944       -2.78549327370704
C           -0.93709505295405        0.06204161483471       -2.81825419346338
C           -1.62378047937704        1.35897823206372       -3.25278990724337
C           -1.20573063521232        1.89639784804703       -4.62212017617846
C           -1.61288319536947        1.00560924140553       -5.80521292929770
N           -3.05792408197446        0.81258203866503       -5.87597765545636
C           -3.78473630289292        1.90295006424214       -6.09484980132715
C           -5.17120824510966        1.89644205055575       -6.12260649557420
C           -5.83022011207963        0.70773948721337       -5.92117888690794
C           -5.08943818889828       -0.46935997244547       -5.72196777229137
C           -3.66121196997711       -0.40892910904159       -5.70825108026108
C           -2.95131941273258       -1.61392564969561       -5.54649358701198
C           -3.61601363143336       -2.80345638505313       -5.38736671210595
C           -5.01748156317019       -2.86003492994746       -5.38219386216422
C           -5.73893796727214       -1.71276434260987       -5.54980668480968
H            0.57316799322955       -0.94167368941084       -0.12442386678991
H            0.86321758405541       -0.00349600158716        1.33497468728196
H            2.17579225072662       -0.27143429169117        0.18995584402311
H           -0.35096859209906        1.34892706103589       -0.38390700346273
H            1.20012462742187        2.04312629145164        0.06225796605249
H            0.93569082377288        2.20135710827301       -2.33463357857986
H            2.26813401936740        1.12802193808452       -1.93604233901650
H            0.98248916338106        0.23698804954296       -3.79973630832858
H            0.95260890592370       -0.84700600257658       -2.42366584843958
H           -1.24242120950168       -0.76078971130168       -3.46927820910060
H           -1.30143032262739       -0.18256703344564       -1.81988797082142
H           -2.70745332068406        1.20603404033760       -3.23214925727966
H           -1.39922162361272        2.13197648512330       -2.51761250655722
H           -1.62796704335900        2.89508021008897       -4.74611043257341
H           -0.12179070215771        1.99916008207605       -4.65715026728399
H           -1.28843136993288        1.47561310149379       -6.73781043349236
H           -1.10614383958685        0.05069664453553       -5.71780663547247
H           -3.24383847284247        2.82423420532218       -6.25414041455346
H           -5.70091459702441        2.81808016142442       -6.29867523445085
H           -6.90860844886737        0.65839872944174       -5.92498114130671
H           -1.87512212797055       -1.63750201786436       -5.56083155516828
H           -3.04967527785617       -3.71447766951864       -5.26992894465352
H           -5.51121261264473       -3.81040379259464       -5.25593776908932
H           -6.81779241082228       -1.72938259616409       -5.56337438118728
42
 energy: -51.182184206475 gnorm: 0.001296400738 xtb: 6.7.1 (edcfbbe)
C            1.11204235446711       -0.08964848266133        0.26812532369482
C            0.72198862840689        1.19508234979636       -0.45227276137747
C            1.16910291649069        1.22748164614130       -1.91460248789940
C            0.58339946939071        0.11804124595066       -2.79125479772858
C           -0.94574329564772        0.05997486538734       -2.82012354886097
C           -1.63446317177495        1.35664516404251       -3.25181875034211
C           -1.20932551300583        1.89967892293546       -4.61662487705897
C           -1.60481962200971        1.00822090805761       -5.80212949425828
N           -3.05001036243081        0.81219995845487       -5.87889063642667
C           -3.77617272824269        1.90210623962174       -6.10141805810281
C           -5.16222984181123        1.89634818452194       -6.12681721172893
C           -5.82237722855239        0.70899275319282       -5.91859640010633
C           -5.08212988566841       -0.46793282011057       -5.71729664011240
C           -3.65325309774553       -0.40856905619988       -5.70746070497639
C           -2.94443614482253       -1.61327768773254       -5.54463952325750
C           -3.61044605116973       -2.80134923623105       -5.37801580240282
C           -5.01157858759203       -2.85650014315700       -5.36718189751633
C           -5.73271218626946       -1.70930404206972       -5.53833643984999
H            0.58086561550591       -0.94820192042769       -0.13572533560405
H            0.87126563645181       -0.01343491168274        1.32546054630223
H            2.18038205386376       -0.26909664162431        0.17404690984962
H           -0.35874301039924        1.33633604391818       -0.38546767491679
H            1.18847323306633        2.03993872346516        0.05867608678216
H            0.91719909087382        2.20308557585202       -2.33714468242129
H            2.25712353131447        1.13637797683379       -1.94575656455868
H            0.97095362116111        0.23959002307475       -3.80635921412610
H            0.94720160454607       -0.84521571795521       -2.43098976536005
H           -1.25205526494170       -0.76227523297169       -3.47146494715980
H           -1.30743810660506       -0.18645634396760       -1.82127712408484
H           -2.71781790353423        1.19993876478366       -3.23910619694289
H           -1.41766300267497        2.12728558668359       -2.51173532336939
H           -1.63573070709818        2.89647318408873       -4.74204314653655
H           -0.12552751707460        2.00865337631867       -4.64374963157698
H           -1.27747022472071        1.47874230627084       -6.73337589599043
H           -1.09807037548910        0.05335213985513       -5.71191558475469
H           -3.23476353689867        2.82221859466800       -6.26415905446047
H           -5.69264669678271        2.81706371488771       -6.30491870169184
H           -6.90059666903790        0.66270579291924       -5.91861699306754
H           -1.86823314671067       -1.63988925124290       -5.56473074647139
H           -3.04486992403886       -3.71241165233913       -5.25922921335934
H           -5.50728667548094       -3.80490623316732       -5.23476127137310
H           -6.81123727730741       -1.72746466818216       -5.54913176679593
42
 energy: -51.182227578334 gnorm: 0.001872581240 xtb: 6.7.1 (edcfbbe)
C            1.11927469592299       -0.09684036345208        0.25622806159013
C            0.71503594332225        1.18767912259598       -0.45653657232778
C            1.15410605240602        1.22888279920941       -1.92106701992909
C            0.57080777361218        0.11851568913393       -2.79789907601273
C           -0.95811090806060        0.05628146000781       -2.82272253713573
C           -1.65024485685540        1.35226010052271       -3.25086043500302
C           -1.21721416082228        1.90380171831155       -4.60974048176086
C           -1.59596653078979        1.01299055972018       -5.80010339936176
N           -3.04083177038532        0.81288942866316       -5.88652781466769
C           -3.76616916463116        1.90147919596749       -6.11571900830533
C           -5.15179772331847        1.89643239656325       -6.13732205258486
C           -5.81250677839873        0.71114207916570       -5.91633617754351
C           -5.07283813707879       -0.46536155428197       -5.71070205606392
C           -3.64290135462927       -0.40686198446811       -5.70778372008788
C           -2.93445367929041       -1.61071943808147       -5.54359891533862
C           -3.60088408840941       -2.79709772761521       -5.36485330520392
C           -5.00150555223107       -2.85111886202805       -5.34361260944136
C           -5.72313560538253       -1.70450960908946       -5.51961546620338
H            0.59237135050715       -0.95775062554300       -0.14790724865537
H            0.88445845515907       -0.02687652281653        1.31516857795693
H            2.18830071021392       -0.26748275415312        0.15478439935271
H           -0.36638697412206        1.32000003025761       -0.38376100343472
H            1.17752628535807        2.03415241002251        0.05505402166073
H            0.89290561025556        2.20424989702755       -2.33827345767241
H            2.24243448989533        1.14524941396211       -1.95854397464480
H            0.95541677692658        0.24250591517628       -3.81378089500551
H            0.93853505345850       -0.84380996739058       -2.43952577853287
H           -1.26446026110738       -0.76527503621069       -3.47490437337776
H           -1.31673738494676       -0.19272855874685       -1.82353561834275
H           -2.73290075576951        1.19020382102828       -3.24724569263448
H           -1.44279123928195        2.11976332901750       -2.50500788262224
H           -1.65089568209319        2.89744783176957       -4.73581233898440
H           -0.13403615355047        2.02228084931130       -4.62661099018588
H           -1.26358357593593        1.48619642213299       -6.72811143286790
H           -1.08822860509110        0.05876363605030       -5.70728480913141
H           -3.22383635732143        2.81967174315611       -6.28493124978417
H           -5.68394550492199        2.81506382085393       -6.32006819246630
H           -6.89055745566790        0.66846740815627       -5.90954495343439
H           -1.85834551033211       -1.64035242878493       -5.57336534533019
H           -3.03495186863955       -3.70756952671325       -5.24491278107760
H           -5.49936847936780       -3.79679385080909       -5.20092263509169
H           -6.80143707860417       -1.72462226760013       -5.52501376031121
42
 energy: -51.182273423122 gnorm: 0.002191855529 xtb: 6.7.1 (edcfbbe)
C            1.12783371054661       -0.10385471804748        0.24945520892571
C            0.71178496550844        1.18026875625799       -0.45744544239283
C            1.14218521514755        1.22824617890490       -1.92444540897088
C            0.55989201920894        0.11756246214014       -2.80164626274243
C           -0.96895830076834        0.05196305438393       -2.82472188690769
C           -1.66421025301150        1.34711290901112       -3.25059317141346
C           -1.22662228379738        1.90695329914183       -4.60471137709879
C           -1.59133212453582        1.01863542264698       -5.80120306516673
N           -3.03497155637826        0.81526075678047       -5.89699390203405
C           -3.76044251063352        1.90180204377846       -6.13428013372082
C           -5.14604389075399        1.89633982597876       -6.15214352899154
C           -5.80558554911595        0.71309132565653       -5.91612859004873
C           -5.06567782388895       -0.46227231185098       -5.70475945200045
C           -3.63528476781113       -0.40366268574934       -5.70968783821038
C           -2.92553432688856       -1.60643107727723       -5.54456926996419
C           -3.59049019244924       -2.79177743163994       -5.35351150715514
C           -4.99075520826021       -2.84550717218318       -5.32022654797858
C           -5.71386956561051       -1.70017518026726       -5.49990487162766
H            0.60393663043486       -0.96680073116506       -0.15412638375595
H            0.89861328602980       -0.03811407465616        1.30983161063083
H            2.19732366566057       -0.26746180435939        0.14148233187731
H           -0.36993247723889        1.30611152045337       -0.37802810190146
H            1.17269338287579        2.02783236508659        0.05366016335728
H            0.87335948325420        2.20356389397104       -2.33664714164028
H            2.23061401971146        1.15028703618137       -1.96831223082261
H            0.94277378916822        0.24370615103574       -3.81782159381039
H            0.93014472172563       -0.84421034904834       -2.44473656301668
H           -1.27411510058097       -0.76933322738064       -3.47774736317160
H           -1.32596185158121       -0.19904292113081       -1.82554289725792
H           -2.74609514847204        1.18066882637482       -3.25274823801939
H           -1.46326961706174        2.11205518465637       -2.50060708404620
H           -1.66775762149177        2.89749136948658       -4.72973065413256
H           -0.14445505111848        2.03389716424255       -4.61390527194981
H           -1.25346435050166        1.49617783176653       -6.72492901738533
H           -1.08126780390163        0.06582256138344       -5.70736885064471
H           -3.21782370694187        2.81841226175274       -6.31140274389937
H           -5.67989517508390        2.81262054331162       -6.34147586146942
H           -6.88362139029671        0.67154301924437       -5.90187465968955
H           -1.84971919813188       -1.63650364658703       -5.58481226717504
H           -3.02300999405490       -3.70129946162745       -5.23341281076848
H           -5.48856886208498       -3.78948545058929       -5.16667420729068
H           -6.79226918682460       -1.72089352006996       -5.49838311651813
42
 energy: -51.182332212428 gnorm: 0.002052439304 xtb: 6.7.1 (edcfbbe)
C            1.14117439239398       -0.11403345145592        0.24265054953376
C            0.70873674353069        1.16904090725751       -0.45679182773650
C            1.12676759265816        1.22599070084740       -1.92720115266476
C            0.54561942562125        0.11531566113410       -2.80531465864981
C           -0.98314398282576        0.04576878127985       -2.82742775744912
C           -1.68275590725098        1.33961395241158       -3.25068453369465
C           -1.24025849915142        1.91142815281247       -4.59845225037110
C           -1.58685004036605        1.02793413760537       -5.80451009403436
N           -3.02820625261384        0.81975086911881       -5.91307925933931
C           -3.75508867187797        1.90254314427219       -6.16345912783289
C           -5.14083791572448        1.89515046918980       -6.17658781349755
C           -5.79776542870226        0.71508600603158       -5.91729533912431
C           -5.05638814977357       -0.45757498169233       -5.69615756566117
C           -3.62605445403208       -0.39811117805280       -5.71303489689079
C           -2.91341738889750       -1.59916743226142       -5.54708405737459
C           -3.57531555441035       -2.78328578806407       -5.33824549394918
C           -4.97516400068817       -2.83681963775489       -5.28618064015557
C           -5.70102911760970       -1.69386769887202       -5.47032585505140
H            0.62130028541823       -0.98011735652428       -0.15946374496258
H            0.91981439327864       -0.05341460061811        1.30506165947521
H            2.21126965909805       -0.26815719707026        0.12572810943116
H           -0.37335415559201        1.28600865810033       -0.36791285738820
H            1.16748127649123        2.01850834361343        0.05326136585147
H            0.84790654907942        2.20135910626958       -2.33255184783743
H            2.21534053321471        1.15554441759071       -1.98003157052542
H            0.92692995620767        0.24427931767306       -3.82168666665416
H            0.91858283859016       -0.84608604831193       -2.45037130804430
H           -1.28609886662756       -0.77537051289127       -3.48168675967789
H           -1.33905698230588       -0.20783214180308       -1.82850182784118
H           -2.76367138030318        1.16712934763550       -3.25985599111979
H           -1.49026171000454        2.10123951303599       -2.49510222775932
H           -1.69206638514746        2.89761571747320       -4.72091424586104
H           -0.15954317126077        2.04985730953023       -4.59829610779482
H           -1.24180325983969        1.51322172971712       -6.72143793744860
H           -1.07257974609070        0.07744958856217       -5.71091881469029
H           -3.21325258843476        2.81741412386752       -6.35278482778810
H           -5.67682413719294        2.80786894037032       -6.37732196105078
H           -6.87576617433169        0.67342033628594       -5.89257181127387
H           -1.83818556432239       -1.62845799651918       -5.60324858918736
H           -3.00553173740988       -3.69155351737194       -5.21888352938906
H           -5.47094194617821       -3.77925877353118       -5.11655163205145
H           -6.77956047661438       -1.71483091889285       -5.45760510246737
42
 energy: -51.182375159975 gnorm: 0.001683682308 xtb: 6.7.1 (edcfbbe)
C            1.15846686774158       -0.12720616610534        0.23509471676123
C            0.70530267626452        1.15410223368561       -0.45511412638289
C            1.10841881626132        1.22247278067397       -1.92937811843375
C            0.52851822398168        0.11241256042461       -2.80918733697758
C           -1.00011376407701        0.03829617952201       -2.83094047908242
C           -1.70488422123518        1.33055835585607       -3.25117661248000
C           -1.25740757585072        1.91723923247164       -4.59117357732780
C           -1.58249384896970        1.04054907249647       -5.80932136983791
N           -3.02055045229072        0.82586918368848       -5.93315107035198
C           -3.75002444179354        1.90315167079995       -6.20062632179057
C           -5.13600834607603        1.89243084834157       -6.20908873270314
C           -5.78915411841400        0.71683792129617       -5.92025682689085
C           -5.04504165676590       -0.45153525939332       -5.68526452627617
C           -3.61533835769077       -0.39071134468147       -5.71702304040628
C           -2.89860815207330       -1.58956213598967       -5.55009862924352
C           -3.55611688912890       -2.77196835993769       -5.31917171889427
C           -4.95534112907908       -2.82519195785358       -5.24298167402200
C           -5.68498291136124       -1.68565332257656       -5.43245594210239
H            0.64384201867912       -0.99739881711941       -0.16503659424922
H            0.94697397798814       -0.07273204839885        1.29997557746658
H            2.22918477664473       -0.26934973626129        0.10712579465346
H           -0.37721056384432        1.25933372216009       -0.35490307688829
H            1.16047498605340        2.00620457101699        0.05398547308846
H            0.81760154630009        2.19800881148629       -2.32600013810279
H            2.19708383108477        1.16126498513546       -1.99289873409783
H            0.90843532348010        0.24493196077238       -3.82561729603120
H            0.90429348160067       -0.84882879071987       -2.45683290217048
H           -1.30024980508033       -0.78259742631703       -3.48686280633694
H           -1.35518379843122       -0.21850502520429       -1.83244854229631
H           -2.78455503671899        1.15081417093392       -3.26858753642330
H           -1.52267892816370        2.08818086056588       -2.48889848664558
H           -1.72200465439531        2.89809624710851       -4.71028729126503
H           -0.17863752671067        2.06921245075819       -4.58032275901241
H           -1.22942750947589        1.53658767103291       -6.71736436814246
H           -1.06217330296540        0.09327108215018       -5.71714737044976
H           -3.21011574534679        2.81624079735603       -6.40516030311138
H           -5.67433256907699        2.80038221967179       -6.42569443913149
H           -6.86695558357784        0.67411237954584       -5.88325915035304
H           -1.82444036300859       -1.61725130314074       -5.62621225206821
H           -2.98377157263363       -3.67889580451077       -5.20111279520700
H           -5.44712990014738       -3.76608403096410       -5.05284770338400
H           -6.76351380169428       -1.70649043977935       -5.40510691339753
42
 energy: -51.182391146031 gnorm: 0.000796704890 xtb: 6.7.1 (edcfbbe)
C            1.16849768553115       -0.13502231163013        0.23233917247059
C            0.70397305568347        1.14460183613447       -0.45289566849612
C            1.09994049882041        1.21949606064940       -1.92852745908557
C            0.52063208948554        0.11082162076677       -2.81043597376656
C           -1.00790858554389        0.03522693891900       -2.83330613867153
C           -1.71517920491030        1.32662422075280       -3.25227552296108
C           -1.26647140668619        1.92056481511090       -4.58844281883024
C           -1.58207040064076        1.04860656722392       -5.81270385077003
N           -3.01786861437145        0.82974207812920       -5.94348173564222
C           -3.74987729133134        1.90284101801099       -6.22066546678617
C           -5.13599670352699        1.88892083915479       -6.22877165775437
C           -5.78628579337534        0.71649877157347       -5.92441355465343
C           -5.03943937702025       -0.44812734837523       -5.67971112117447
C           -3.61081101677476       -0.38616942385916       -5.71879156004934
C           -2.89123528798447       -1.58354322704321       -5.55083234776324
C           -3.54552204251722       -2.76474484082879       -5.30826890623681
C           -4.94398212835321       -2.81767151742167       -5.21920155031234
C           -5.67621651829326       -1.68061875136428       -5.41181141123859
H            0.65718717492284       -1.00768902803820       -0.16666746420621
H            0.96229544833055       -0.08354548853221        1.29835097091354
H            2.23926090563267       -0.27041781603306        0.09877052845207
H           -0.37857617721359        1.24250824660023       -0.34764033783746
H            1.15581527449900        1.99841869193223        0.05641172275297
H            0.80395716787581        2.19533025177972       -2.32007540164792
H            2.18840147211392        1.16269419004648       -1.99682155827362
H            0.90066779876805        0.24554648776261       -3.82656266028540
H            0.89698133863541       -0.85088185788122       -2.45984201140460
H           -1.30636430946741       -0.78536218030057       -3.49040451056903
H           -1.36340970404432       -0.22336981811290       -1.83534829334998
H           -2.79413562412682        1.14350632833561       -3.27319005286926
H           -1.53778327857990        2.08227988928499       -2.48701642384261
H           -1.73686472457702        2.89874005520909       -4.70576605413727
H           -0.18896866278582        2.07847946590370       -4.57321935811698
H           -1.22665959289320        1.55168033060640       -6.71563601972637
H           -1.05766271662330        0.10331644741716       -5.72308181688733
H           -3.21231937629616        2.81551106263135       -6.43257087108382
H           -5.67548491685738        2.79352605923173       -6.45570077552390
H           -6.86372341200309        0.67218622075636       -5.88296072201608
H           -1.81820086256706       -1.60967434195532       -5.63690691262116
H           -2.97223704028257       -3.67120748568058       -5.19091581462451
H           -5.43181279402331       -3.75792907279293       -5.01770672284941
H           -6.75439234662531       -1.70109398407654       -5.37613186852187
42
 energy: -51.182399178392 gnorm: 0.000610087243 xtb: 6.7.1 (edcfbbe)
C            1.17059645901397       -0.13770821386787        0.23262569069299
C            0.70296690336576        1.14112456224118       -0.45150009442972
C            1.09985293740923        1.21867335372452       -1.92658740962231
C            0.52096564779461        0.11135622925552       -2.81040500390327
C           -1.00755664646874        0.03605590533551       -2.83458055969661
C           -1.71494269708090        1.32753931217013       -3.25314977994403
C           -1.26680188829966        1.92186089885396       -4.58918394085576
C           -1.58313416876968        1.05118306676704       -5.81392609216650
N           -3.01878293724815        0.83106563480756       -5.94417462703779
C           -3.75207421670876        1.90268108008396       -6.22314035081417
C           -5.13830135893643        1.88668567877870       -6.23393647643447
C           -5.78779234715408        0.71479282733072       -5.92777891764072
C           -5.03928243027141       -0.44799982191410       -5.67933829891127
C           -3.61116913952950       -0.38498738247016       -5.71844704002519
C           -2.89047139614688       -1.58157925261320       -5.54943866255941
C           -3.54382641565834       -2.76283616625296       -5.30482455534274
C           -4.94196138040331       -2.81606757430318       -5.21434411149282
C           -5.67521263992537       -1.67989141998985       -5.40861331767677
H            0.66085651634423       -1.01126015279924       -0.16653091531254
H            0.96500195779980       -0.08746577883264        1.29882154867272
H            2.24148109295365       -0.27086685089876        0.09823218012787
H           -0.37980625879367        1.23588150761275       -0.34683042732044
H            1.15194441790543        1.99575724260145        0.05905329566781
H            0.80392646366039        2.19495248452530       -2.31695751500200
H            2.18833776441304        1.16215499899825       -1.99445156582684
H            0.90194256122665        0.24715777354191       -3.82609530127565
H            0.89674784552575       -0.85103345710196       -2.46082908903054
H           -1.30561554772133       -0.78413513971296       -3.49236093963089
H           -1.36384095793653       -0.22327318486093       -1.83703140894496
H           -2.79387057474954        1.14408866514339       -3.27391608649406
H           -1.53775685002030        2.08298105588819       -2.48754606735093
H           -1.73674713835476        2.90026273300285       -4.70590589040078
H           -0.18923542608896        2.07941842619447       -4.57417055400358
H           -1.22941490716239        1.55593203068097       -6.71643685001988
H           -1.05796610806537        0.10598860047890       -5.72648608873102
H           -3.21599323551836        2.81611135585679       -6.43471941976747
H           -5.67815288268783        2.79015369432563       -6.46371928400045
H           -6.86518224123353        0.66934536605707       -5.88827834304797
H           -1.81763179544716       -1.60683922836076       -5.63633913523045
H           -2.97063841106076       -3.66926939727650       -5.18682318099971
H           -5.42820288081866       -3.75640696502867       -5.01053684436403
H           -6.75310568914888       -1.70098449797569       -5.37222856985133
42
 energy: -51.182408810192 gnorm: 0.000841627690 xtb: 6.7.1 (edcfbbe)
C            1.17357140073068       -0.14271158603886        0.23271934408483
C            0.70057429652488        1.13534643714021       -0.44907818030953
C            1.09959551384270        1.21769025729537       -1.92330359724324
C            0.52207620262249        0.11285279454256       -2.81107646143918
C           -1.00640216883451        0.03780823530462       -2.83712612496904
C           -1.71388549678929        1.32965665034117       -3.25456732633445
C           -1.26664949196382        1.92458572102971       -4.59065345152066
C           -1.58479100953923        1.05548087979661       -5.81600802400244
N           -3.02057084426323        0.83334454080088       -5.94470132972918
C           -3.75556159777716        1.90307618075550       -6.22583385381503
C           -5.14195053893219        1.88384361377065       -6.24123439966901
C           -5.79037322048046        0.71170823704428       -5.93393871099842
C           -5.03957406846445       -0.44857701911344       -5.67938845150697
C           -3.61178051330667       -0.38338074613699       -5.71752241853557
C           -2.88945746694355       -1.57860682601545       -5.54614117190208
C           -3.54145577638706       -2.76012830694334       -5.29844834881588
C           -4.93944361715872       -2.81467230286630       -5.20649779268983
C           -5.67429078818026       -1.68006515776847       -5.40438590175389
H            0.66694309959334       -1.01766876825985       -0.16744581266293
H            0.96848784687822       -0.09515029800128        1.29915952378575
H            2.24485315936228       -0.27165661051924        0.09741632547445
H           -0.38285350524905        1.22426405692200       -0.34629070853807
H            1.14404625493272        1.99120926922510        0.06428501422404
H            0.80414369906441        2.19503171875487       -2.31154778807299
H            2.18826720754615        1.16153238826680       -1.98962464197564
H            0.90446157633726        0.25107770380138       -3.82598133249683
H            0.89717984489585       -0.85060561262564       -2.46345047551951
H           -1.30379066962592       -0.78147518301866       -3.49627237259653
H           -1.36372950015990       -0.22304593005389       -1.84029875151898
H           -2.79288343186734        1.14619325213914       -3.27471874228052
H           -1.53627880858364        2.08474351431750       -2.48857593627289
H           -1.73536586047771        2.90381546203359       -4.70621735425408
H           -0.18870094438401        2.08089052764224       -4.57658780710187
H           -1.23373547723649        1.56230864005796       -6.71850142915994
H           -1.05838881294241        0.11055403819891       -5.73183970398428
H           -3.22152654133117        2.81797888232072       -6.43648678656175
H           -5.68246215043403        2.78577314978959       -6.47568704455483
H           -6.86782449893914        0.66412222473841       -5.89803274814933
H           -1.81660812853468       -1.60264239699303       -5.63355937420773
H           -2.96776225520045       -3.66594765272156       -5.17862319291585
H           -5.42389891057095       -3.75518354014466       -4.99906074409143
H           -6.75205400777004       -1.70277043881197       -5.36770191541617
42
 energy: -51.182415515105 gnorm: 0.000797350968 xtb: 6.7.1 (edcfbbe)
C            1.17591402852952       -0.14794110566308        0.23305068317690
C            0.69822791046558        1.12958169763318       -0.44648106074919
C            1.09978370195971        1.21714180524026       -1.91978817730393
C            0.52352990093953        0.11499891727451       -2.81166465066983
C           -1.00490004261467        0.03973467524032       -2.84005534643231
C           -1.71213569613506        1.33208584062939       -3.25632536492815
C           -1.26637469578834        1.92700823577771       -4.59290317368650
C           -1.58703705651453        1.05891593136945       -5.81835886837822
N           -3.02292047731982        0.83539010850717       -5.94507799626232
C           -3.75917330820303        1.90373025168058       -6.22770399550851
C           -5.14552961610535        1.88183108655083       -6.24673237805477
C           -5.79269622842369        0.70880748184072       -5.93995329484038
C           -5.04038429381116       -0.44940957449501       -5.68035542576203
C           -3.61257693714753       -0.38202995700516       -5.71660956566708
C           -2.88883690533660       -1.57583877768547       -5.54192434200909
C           -3.53936243925354       -2.75753838483918       -5.29128412048295
C           -4.93730822444720       -2.81390306355778       -5.20001824811707
C           -5.67360830933746       -1.68104954202486       -5.40239348523620
H            0.67272511894474       -1.02398656495972       -0.16903102790758
H            0.97059064944858       -0.10330931860350        1.29954810285442
H            2.24768402488315       -0.27247499238295        0.09760217846931
H           -0.38575271709613        1.21325851170403       -0.34546100563793
H            1.13677302667912        1.98609464356154        0.06977872034969
H            0.80485759693767        2.19564467884211       -2.30564250178203
H            2.18863559655314        1.16129787011175       -1.98440214663717
H            0.90729076472168        0.25640715036975       -3.82558143128373
H            0.89827628081432       -0.84946702892242       -2.46644720384794
H           -1.30131599770220       -0.77854312885714       -3.50079084855775
H           -1.36339058241348       -0.22276695941659       -1.84411392240428
H           -2.79123265321349        1.14919267606956       -3.27531415637490
H           -1.53319174809796        2.08690543685593       -2.49039363162164
H           -1.73402180557745        2.90693853459276       -4.70736150990031
H           -0.18815020343484        2.08199378910334       -4.58048619958541
H           -1.23859827369030        1.56715354915751       -6.72115577129379
H           -1.05957402611124        0.11432813090544       -5.73684074953745
H           -3.22659808106000        2.81983063713390       -6.43709189548124
H           -5.68697148612680        2.78241405116228       -6.48378286319320
H           -6.87016062735059        0.65886726235724       -5.90806194459956
H           -1.81589698715264       -1.59874949508831       -5.62840669862400
H           -2.96442035451103       -3.66220071091877       -5.16881090748391
H           -5.42062936305041       -3.75434808925302       -4.98962557221267
H           -6.75138946384657       -1.70539626000134       -5.36637820279262
42
 energy: -51.182420676946 gnorm: 0.000477716967 xtb: 6.7.1 (edcfbbe)
C            1.17798306834418       -0.15320389065810        0.23299963656991
C            0.69627247414770        1.12443730595633       -0.44369135194506
C            1.09923090992840        1.21682637857397       -1.91636739917581
C            0.52486587131855        0.11726765487386       -2.81267754701220
C           -1.00351676347544        0.04161577175577       -2.84293853362030
C           -1.71088095818232        1.33416767452082       -3.25831777401156
C           -1.26663675869317        1.92921597736195       -4.59543863291272
C           -1.58898583227840        1.06161225484765       -5.82094601353180
N           -3.02494211797803        0.83694405855605       -5.94588069326020
C           -3.76215903165893        1.90444337414419       -6.22934392444673
C           -5.14839769865386        1.88064004528940       -6.25042160052695
C           -5.79430279952625        0.70644780342606       -5.94473716577833
C           -5.04107251910796       -0.45023096609079       -5.68177275741820
C           -3.61306164257977       -0.38088615712015       -5.71595064788129
C           -2.88810892655080       -1.57333890561844       -5.53746043177936
C           -3.53727754389610       -2.75521940896766       -5.28386380530261
C           -4.93528624636200       -2.81338807165674       -5.19422392087877
C           -5.67284083779309       -1.68219786906764       -5.40154522036208
H            0.67850064082193       -1.03015786627744       -0.17173723089876
H            0.97154433281249       -0.11200124275641        1.29941009882330
H            2.25032653490622       -0.27337303956866        0.09823737308308
H           -0.38813347189415        1.20367937892631       -0.34404042409232
H            1.13085677355234        1.98125007247402        0.07535072707759
H            0.80438832392544        2.19642299796558       -2.29953283692465
H            2.18819312996063        1.16168119792750       -1.97979791076712
H            0.90971785613742        0.26206473532510       -3.82569424398315
H            0.89955079350010       -0.84809586709605       -2.46994320523941
H           -1.29856666122454       -0.77577223566590       -3.50523306878441
H           -1.36323510458240       -0.22267890612895       -1.84792082931564
H           -2.79009163580191        1.15172866510817       -3.27596518132053
H           -1.53058448804311        2.08878873974127       -2.49249756599309
H           -1.73422420795832        2.90932079019011       -4.70902154395633
H           -0.18830499512419        2.08396102933865       -4.58447030238917
H           -1.24236758384423        1.57084753772672       -6.72394649117397
H           -1.06058970507346        0.11744341883738       -5.74128451692607
H           -3.23032642978579        2.82107943449013       -6.43870886191059
H           -5.69106543409200        2.78014522747873       -6.48909729736214
H           -6.87183819739666        0.65460383840565       -5.91566181980284
H           -1.81496333413164       -1.59537156467561       -5.62261431997149
H           -2.96079610593683       -3.65836708009823       -5.15721550528987
H           -5.41802459688717       -3.75362008218100       -4.98136435511170
H           -6.75069908083914       -1.70813220961684       -5.36750290449381
42
 energy: -51.182424617817 gnorm: 0.000350205473 xtb: 6.7.1 (edcfbbe)
C            1.17970833507861       -0.15852535219233        0.23246725715683
C            0.69463922078037        1.11942732539961       -0.44133204490415
C            1.09860880411105        1.21738001982439       -1.91345976141895
C            0.52566124402315        0.12006012060646       -2.81335986427992
C           -1.00262324277516        0.04312818280640       -2.84581598090903
C           -1.71020406506993        1.33578553964272       -3.26041554579319
C           -1.26750413356789        1.93115315360566       -4.59797891424884
C           -1.59042386300887        1.06361784503603       -5.82354537655979
N           -3.02630532996657        0.83788144498061       -5.94741976019997
C           -3.76423227815229        1.90485127631729       -6.23159293536762
C           -5.15032313890359        1.87994110108574       -6.25298688503486
C           -5.79517620115081        0.70472014426051       -5.94798369105504
C           -5.04139986470255       -0.45101619555920       -5.68324712070736
C           -3.61313662057210       -0.38006653794650       -5.71565625522485
C           -2.88727496963475       -1.57128365531216       -5.53276091385303
C           -3.53533916954071       -2.75308733199395       -5.27591444404386
C           -4.93345686324759       -2.81296092422726       -5.18935249596984
C           -5.67197132248759       -1.68338336412420       -5.40180335864017
H            0.68398275293045       -1.03589495522670       -0.17589434256137
H            0.97133480323205       -0.12131160730738        1.29867420450770
H            2.25270411722888       -0.27444700239389        0.09911203678287
H           -0.39005348372179        1.19526830058083       -0.34200277573295
H            1.12648240355480        1.97594923625877        0.08031891432716
H            0.80267069985096        2.19780517918670       -2.29376295214467
H            2.18771517861307        1.16372395467479       -1.97640848113632
H            0.91138136444916        0.26840058939432       -3.82546704772197
H            0.90077229037605       -0.84605579973634       -2.47327998950403
H           -1.29625985302874       -0.77372468692880       -3.50932025263167
H           -1.36330382324411       -0.22253207842413       -1.85153521659518
H           -2.78945167080249        1.15345940693651       -3.27695008668368
H           -1.52900665201317        2.09037105379070       -2.49477407094338
H           -1.73597729017601        2.91090286080258       -4.71101536004218
H           -0.18927363576489        2.08665139108893       -4.58800480775269
H           -1.24492755539377        1.57342236589573       -6.72666221793084
H           -1.06110042958429        0.11995977885285       -5.74486631253668
H           -3.23268119564803        2.82158608801214       -6.44116926544697
H           -5.69414841188643        2.77881301397100       -6.49133341378388
H           -6.87273270085384        0.65160074345577       -5.92041498307128
H           -1.81396047509288       -1.59268241630804       -5.61633474954573
H           -2.95741540128948       -3.65470965085048       -5.14506411844883
H           -5.41586303524971       -3.75295756560623       -4.97452330907195
H           -6.74998453769468       -1.71062099233281       -5.36999331127480
