22
 energy: -34.406145663872 gnorm: 0.048697684386 xtb: 6.7.1 (edcfbbe)
Cl           0.97539000000000       -0.11982000000000       -0.01783000000000
C            2.69700000000000       -0.10316000000000       -0.00964000000000
C            3.36882000000000        1.13417000000000       -0.00643000000000
C            4.77007000000000        1.20981000000000        0.00042000000000
C            5.44934000000000       -0.00693000000000        0.00377000000000
C            4.77193000000000       -1.23531000000000        0.00029000000000
C            3.38291000000000       -1.32316000000000       -0.00640000000000
N            5.75320000000000       -2.22121000000000        0.00465000000000
C            5.52510000000000       -3.66031000000000        0.00219000000000
C            6.96320000000000       -1.64559000000000        0.01121000000000
N            6.80618000000000       -0.31329000000000        0.01058000000000
C            7.92281000000000        0.62311000000000        0.01634000000000
H            2.79020000000000        2.05876000000000       -0.00929000000000
H            5.28803000000000        2.16079000000000        0.00291000000000
H            2.87139000000000       -2.27693000000000       -0.00888000000000
H            4.95714000000000       -3.93561000000000        0.89487000000000
H            4.96685000000000       -3.93397000000000       -0.89710000000000
H            6.48208000000000       -4.18901000000000        0.00686000000000
H            7.91315000000000       -2.16760000000000        0.01605000000000
H            8.52372000000000        0.44834000000000        0.91303000000000
H            8.53245000000000        0.44887000000000       -0.87453000000000
H            7.57197000000000        1.65687000000000        0.01494000000000
22
 energy: -34.409102962455 gnorm: 0.020666587140 xtb: 6.7.1 (edcfbbe)
Cl           0.99578830754189       -0.11807185800130       -0.01778161922371
C            2.71442436333863       -0.10967569129717       -0.00961328040476
C            3.38731514536358        1.12122645620796       -0.00629937094361
C            4.76910153440060        1.19708050398736        0.00051042759737
C            5.46036686384233       -0.00964371607231        0.00383987667044
C            4.78070007544963       -1.24231876593843        0.00019105332622
C            3.39519318563700       -1.32140121334394       -0.00651672918553
N            5.75114350847170       -2.22598016387758        0.00466078477156
C            5.51604587617315       -3.65355570480888        0.00229931975693
C            6.94580941082722       -1.63465470054789        0.01091271384824
N            6.81037526926705       -0.30770589397974        0.01057707069123
C            7.92128212417799        0.62177198610375        0.01635134191903
H            2.80904901823743        2.03460559977879       -0.00911723748987
H            5.27326022732721        2.14953749907042        0.00300368607031
H            2.87453036229748       -2.26466142526992       -0.00907001725903
H            4.94624535672653       -3.93579710765555        0.88795140055411
H            4.95581865071847       -3.93426738780724       -0.88993677536569
H            6.46917062294120       -4.17870103132915        0.00694987075007
H            7.88789656752552       -2.15197216452445        0.01561217908933
H            8.52904764898516        0.46424340006056        0.90815900541635
H            8.53771926479753        0.46488072721854       -0.86959905030297
H            7.55264661595270        1.64388065202618        0.01492534971399
22
 energy: -34.409537781231 gnorm: 0.004644725209 xtb: 6.7.1 (edcfbbe)
Cl           1.00517504845903       -0.11908616502394       -0.01785689954496
C            2.72145061344129       -0.11408443537041       -0.00964162156705
C            3.39607988974014        1.11641380304161       -0.00619218927781
C            4.76979379287903        1.18974515017222        0.00060092849918
C            5.47103286004267       -0.01238182073450        0.00388531780689
C            4.78931889636667       -1.24703042014115        0.00015543484372
C            3.40357916113665       -1.32016030571824       -0.00658573769833
N            5.75369643154337       -2.23054575427125        0.00463490263501
C            5.51044353958595       -3.64894058635532        0.00238426609468
C            6.94038194079854       -1.63181047548196        0.01074173625875
N            6.81693127825790       -0.30766911730360        0.01055331755183
C            7.91823010698541        0.62259418720502        0.01632334465299
H            2.81525872294386        2.02388095987440       -0.00894823989542
H            5.26798804033240        2.14407481005497        0.00319116941412
H            2.87714098322259       -2.25865922199825       -0.00931290872633
H            4.93621030101895       -3.93061055854337        0.88495455548999
H            4.94566003674867       -3.92932430423118       -0.88668908355468
H            6.45829302173208       -4.18094999516328        0.00704357541178
H            7.88072738932310       -2.14859049652608        0.01533862255517
H            8.53091365497918        0.47626093875569        0.90602126960496
H            8.53958471203631        0.47699540748004       -0.86746931592648
H            7.53503957842621        1.63869840027859        0.01487755537199
22
 energy: -34.409570346072 gnorm: 0.001952731084 xtb: 6.7.1 (edcfbbe)
Cl           1.00653957123005       -0.12073417408904       -0.01795730637088
C            2.72185529520607       -0.11551373579538       -0.00967707657031
C            3.39722110138202        1.11618824750896       -0.00613000180621
C            4.77102445373723        1.18835996484309        0.00067479192088
C            5.47439223464801       -0.01337016120879        0.00389817041643
C            4.79207826636581       -1.24778224695320        0.00012938463840
C            3.40585176180372       -1.32026083607126       -0.00664918709115
N            5.75584311662484       -2.23203269296672        0.00459255484901
C            5.50778996433199       -3.64824569377292        0.00243336831621
C            6.94239839369051       -1.63336622231936        0.01067931451826
N            6.82001775147644       -0.30918937941595        0.01052574080088
C            7.91679269962186        0.62460550187453        0.01630183346011
H            2.81498992562977        2.02305220236989       -0.00884236103827
H            5.26935208753786        2.14319208095252        0.00332556291653
H            2.87880466646888       -2.25881140814557       -0.00944966034894
H            4.93146903715455       -3.92773602420340        0.88491240505557
H            4.94086995701818       -3.92662095490213       -0.88647778900946
H            6.45254730386432       -4.18642524154497        0.00710194676166
H            7.88342856110808       -2.15097913135105        0.01523405607384
H            8.53108726208917        0.48221015157856        0.90582198601969
H            8.53975745064657        0.48300188151221       -0.86730074172816
H            7.52881913836406        1.63927787209999        0.01486300821591
22
 energy: -34.409581673115 gnorm: 0.001610834886 xtb: 6.7.1 (edcfbbe)
Cl           1.00926371190633       -0.12362903921429       -0.01816525837614
C            2.72287301980765       -0.11788629790439       -0.00974496950966
C            3.39931466949980        1.11539224494478       -0.00600897917315
C            4.77337466929490        1.18655056347372        0.00081111143563
C            5.47853877744545       -0.01487922366520        0.00390528018810
C            4.79575292954884       -1.24842452161361        0.00007531542840
C            3.40926802679612       -1.32126900892924       -0.00677893604714
N            5.75930977253469       -2.23381919210987        0.00448450930558
C            5.50265418164737       -3.64756892734399        0.00252311980415
C            6.94681287085440       -1.63637092549240        0.01057496337725
N            6.82441520541125       -0.31178381913717        0.01046715437104
C            7.91443336924463        0.62874204320940        0.01625892440884
H            2.81561578494830        2.02191833461371       -0.00860534122850
H            5.27239446804435        2.14182812473391        0.00359057204676
H            2.88254101789095       -2.26065452264498       -0.00970781473597
H            4.92349593444918       -3.92271778347453        0.88529699127049
H            4.93280215125702       -3.92194949674241       -0.88652543007147
H            6.44228725859361       -4.19559166154048        0.00721768880469
H            7.88852544170285       -2.15508325506654        0.01505885245309
H            8.53066898440057        0.49205560899624        0.90574023167482
H            8.53933215231152        0.49294793187006       -0.86729666230043
H            7.51925560241018        1.64101282303730        0.01483867687361
22
 energy: -34.409584278575 gnorm: 0.000290786414 xtb: 6.7.1 (edcfbbe)
Cl           1.00936540947452       -0.12320780026270       -0.01816700071564
C            2.72317209227244       -0.11769244223529       -0.00974521869992
C            3.39937194665958        1.11499770140336       -0.00600588340810
C            4.77323270887063        1.18688892724846        0.00081408557481
C            5.47755982896755       -0.01465816656394        0.00390144062012
C            4.79504460215529       -1.24822919562890        0.00006914801294
C            3.40881259469288       -1.32157969230577       -0.00678763142935
N            5.75876771080433       -2.23330440054439        0.00447612644424
C            5.50297375002467       -3.64771504309980        0.00252448246985
C            6.94625743958606       -1.63581346488307        0.01057931955144
N            6.82352510927940       -0.31128963264215        0.01046944972840
C            7.91485724731529        0.62837260573422        0.01625912577584
H            2.81624536608442        2.02166179625821       -0.00859894684239
H            5.27199463794306        2.14198677975646        0.00359003599945
H            2.88254564417514       -2.26097667714914       -0.00970822527959
H            4.92444104385162       -3.92307172463464        0.88530929750209
H            4.93373913583764       -3.92230061760003       -0.88652773257162
H            6.44331824320113       -4.19391590079909        0.00721977479239
H            7.88752631297032       -2.15414947684489        0.01506607759284
H            8.53046354618286        0.49060386636316        0.90578830267138
H            8.53911664115749        0.49148985691811       -0.86735777306140
H            7.52059898849365        1.64072270151185        0.01484174527223
