23
 energy: -31.947983183933 gnorm: 0.066380217938 xtb: 6.7.1 (edcfbbe)
C            0.92127000000000        0.11452000000000       -0.06905000000000
C            0.39647000000000       -1.30465000000000       -0.12058000000000
N            0.88979000000000       -2.21292000000000        0.95976000000000
C            1.64402000000000       -1.78274000000000        2.00104000000000
C            2.07013000000000       -2.66794000000000        2.98456000000000
C            1.71357000000000       -4.00734000000000        2.90192000000000
C            0.93248000000000       -4.44914000000000        1.83532000000000
C            0.53256000000000       -3.52571000000000        0.87339000000000
C            0.55331000000000       -5.88733000000000        1.76697000000000
O            0.94337000000000       -6.64379000000000        2.65041000000000
C           -0.29667000000000       -6.37773000000000        0.62488000000000
H            0.59416000000000        0.62956000000000        0.83979000000000
H            0.53948000000000        0.68397000000000       -0.92277000000000
H            2.01460000000000        0.14019000000000       -0.11389000000000
H           -0.69677000000000       -1.30869000000000       -0.04451000000000
H            0.69134000000000       -1.77052000000000       -1.06822000000000
H            1.91430000000000       -0.73343000000000        2.06103000000000
H            2.67788000000000       -2.31587000000000        3.81657000000000
H            2.04559000000000       -4.70323000000000        3.67430000000000
H           -0.07792000000000       -3.79690000000000        0.01806000000000
H           -1.26832000000000       -5.87716000000000        0.63491000000000
H            0.21647000000000       -6.21451000000000       -0.32627000000000
H           -0.46647000000000       -7.45290000000000        0.73913000000000
23
 energy: -31.951298188807 gnorm: 0.025500070913 xtb: 6.7.1 (edcfbbe)
C            0.93025494317923        0.10129966299530       -0.04572592383729
C            0.40343245177770       -1.31679122734408       -0.10750079372027
N            0.88925812340191       -2.21812850241860        0.96239921950769
C            1.63669991221431       -1.78788494009484        1.98870035577816
C            2.06352089617676       -2.66245299660403        2.97258271199863
C            1.71105668593988       -4.00027352271645        2.89711782252117
C            0.92851017500512       -4.44248626076957        1.82914557589840
C            0.53541035722624       -3.51629502941375        0.87645444000317
C            0.55378624235118       -5.89504990702622        1.77070426256616
O            0.94400633739185       -6.63052908114093        2.64589794973823
C           -0.29224250640684       -6.37208852891876        0.62873043175081
H            0.59665057349682        0.62594420002667        0.84894883044444
H            0.54137570201192        0.64829326495787       -0.90306690601494
H            2.01750538528972        0.13281666285990       -0.10557307748908
H           -0.68875571123566       -1.31175369122757       -0.04208499470727
H            0.69027186650059       -1.77544343012642       -1.05829090695250
H            1.89969094009795       -0.74156393639916        2.03341159923779
H            2.66700739044796       -2.30082535599393        3.79342926162140
H            2.03456272238341       -4.70321123877951        3.65621290092030
H           -0.07058428991130       -3.78901939376610        0.02411622633268
H           -1.25689558640326       -5.86687896648677        0.62768001888277
H            0.21013073599517       -6.20021637502183       -0.32193135460463
H           -0.46001334693066       -7.44172140659123        0.74539235012416
23
 energy: -31.951917504018 gnorm: 0.006416312351 xtb: 6.7.1 (edcfbbe)
C            0.93489667369527        0.09567050480950       -0.03562221211719
C            0.40827756217136       -1.32420122788861       -0.09727014291953
N            0.88695269610900       -2.22216261660538        0.96256430828736
C            1.63167592785020       -1.79080559730276        1.98068122833233
C            2.06073756521543       -2.65919319841133        2.96666996503126
C            1.70986508312129       -3.99598959649747        2.89496050682868
C            0.92559022935734       -4.43871289820789        1.82502326902877
C            0.53520901132432       -3.51243912674281        0.87648808747705
C            0.55537612681398       -5.90653279853579        1.77743466170230
O            0.94869778433319       -6.62775742065769        2.65115467347670
C           -0.28879922355681       -6.36816974367658        0.63180770409882
H            0.59794508486433        0.62007295974348        0.85437009765487
H            0.54290772742785        0.63371124121908       -0.89492291414613
H            2.01944571198275        0.12765916092655       -0.09810066604376
H           -0.68436370319028       -1.31165987314683       -0.04063501810068
H            0.69072590275958       -1.77527097191218       -1.05223174137103
H            1.89009604750485       -0.74510719582916        2.01360920768840
H            2.66273305939511       -2.28902307354791        3.78034673063214
H            2.02526104534483       -4.70758791648393        3.64425503093595
H           -0.06989976674265       -3.78979122312744        0.02635518778631
H           -1.24797643876183       -5.85485821447698        0.62616103929061
H            0.21072347121192       -6.18676124130366       -0.31731125253644
H           -0.46143757823103       -7.43534993234420        0.74096224898319
23
 energy: -31.951969214989 gnorm: 0.003101376723 xtb: 6.7.1 (edcfbbe)
C            0.93551054598937        0.09566810892267       -0.03452386806198
C            0.40836713992015       -1.32532465561370       -0.09654920964659
N            0.88564969639717       -2.22259545414102        0.96122352108135
C            1.63143056716012       -1.79110918936441        1.97951277842489
C            2.06103732326948       -2.65897393755800        2.96657789663807
C            1.70942636160579       -3.99524184739666        2.89490899373369
C            0.92464796939173       -4.43795344685121        1.82445325086539
C            0.53349313715873       -3.51314149788161        0.87539067917743
C            0.55582234784428       -5.91049384626956        1.77973997938464
O            0.95165795202976       -6.62815880000927        2.65528284709917
C           -0.28783388946416       -6.36822729697761        0.63291246450893
H            0.59807931970515        0.61970370500476        0.85573710461930
H            0.54410174598317        0.63359068372467       -0.89411937559019
H            2.02032726762653        0.12714306926329       -0.09576165704933
H           -0.68472918128693       -1.31071218587766       -0.04177318113034
H            0.69013036584068       -1.77430468436103       -1.05316583654086
H            1.88931111470013       -0.74514851007011        2.01039591846150
H            2.66355176808718       -2.28630582433964        3.77907121654914
H            2.02245993601460       -4.71054447021818        3.64190511351535
H           -0.07212120626186       -3.79275355826393        0.02576751362626
H           -1.24511373130291       -5.85070738169389        0.62866608665354
H            0.21436951343381       -6.18308734022998       -0.31442006888820
H           -0.46493606384195       -7.43558163979791        0.73551783256883
23
 energy: -31.951983027951 gnorm: 0.000689409668 xtb: 6.7.1 (edcfbbe)
C            0.93544849751603        0.09645529800970       -0.03483561198770
C            0.40813786764425       -1.32538898517746       -0.09663812681043
N            0.88471513409815       -2.22260556960993        0.96014090069209
C            1.63160487466013       -1.79173298469909        1.97923957444276
C            2.06147423566020       -2.65961352158320        2.96680676732939
C            1.70909137510222       -3.99532056142244        2.89498249491388
C            0.92396722424811       -4.43756986695249        1.82444174612839
C            0.53191453477111       -3.51412840622607        0.87464221852447
C            0.55591343678374       -5.91308331290666        1.78125102332655
O            0.95382180088728       -6.62811819348328        2.65811078663892
C           -0.28704169416496       -6.36853300680775        0.63385752800038
H            0.59758487548930        0.62000987396196        0.85594992429318
H            0.54516430995891        0.63509475987053       -0.89459624740745
H            2.02068988349977        0.12731582065493       -0.09433040994598
H           -0.68524966990391       -1.30966917116052       -0.04291828960158
H            0.68972585500988       -1.77313009376514       -1.05425556466910
H            1.88963434184128       -0.74565752060336        2.00931779294210
H            2.66457418642431       -2.28521078955565        3.77858435411875
H            2.02027338393798       -4.71337844690392        3.64067146277169
H           -0.07435729008723       -3.79474214117257        0.02547696102790
H           -1.24293620707845       -5.84797869178569        0.63122741725398
H            0.21832793866996       -6.18127630872994       -0.31165360881625
H           -0.46783889496806       -7.43599817995194        0.73127690683406
23
 energy: -31.951983526647 gnorm: 0.000206823086 xtb: 6.7.1 (edcfbbe)
C            0.93532857202200        0.09660093249420       -0.03490977783941
C            0.40793214412706       -1.32517049274426       -0.09697651932347
N            0.88459587143567       -2.22242978756588        0.95998261063731
C            1.63174965353844       -1.79203433052419        1.97917208026997
C            2.06155077753827       -2.65995777329712        2.96671270788091
C            1.70891832911910       -3.99552762779115        2.89503697608971
C            0.92373752930577       -4.43744726452488        1.82464563318554
C            0.53149575954144       -3.51426368352132        0.87472389890121
C            0.55583725501733       -5.91323963269611        1.78139156644100
O            0.95402224137837       -6.62785666220355        2.65839461344687
C           -0.28684063230111       -6.36852354597590        0.63397391765868
H            0.59716705847475        0.62018663580371        0.85581963135155
H            0.54556711571309        0.63541688767089       -0.89480198669314
H            2.02065258313410        0.12743057443391       -0.09385923927361
H           -0.68541910569720       -1.30963037203693       -0.04314515281421
H            0.68973540531381       -1.77304497274116       -1.05446155015720
H            1.89007437768996       -0.74599403647838        2.00936145160275
H            2.66485166078830       -2.28531105045111        3.77827509629811
H            2.01997149521158       -4.71387958467648        3.64058364126280
H           -0.07497589673488       -3.79433473519120        0.02563405221733
H           -1.24249081959285       -5.84764801807836        0.63114828836381
H            0.21939873953328       -6.18174860263327       -0.31112142463931
H           -0.46822011455628       -7.43585285727146        0.73116948513279
