24
 energy: -25.625231304447 gnorm: 0.039271538182 xtb: 6.7.1 (edcfbbe)
C            1.12416000000000       -0.14702000000000       -0.10238000000000
C            0.46194000000000       -0.54253000000000        1.20518000000000
N            0.90609000000000        0.35387000000000        2.34434000000000
C            0.54678000000000        1.81719000000000        2.17211000000000
C           -0.92167000000000        2.08813000000000        2.11594000000000
C           -1.62938000000000        2.67144000000000        3.09338000000000
C            0.45889000000000       -0.16221000000000        3.70291000000000
C            1.29999000000000       -1.35187000000000        4.13254000000000
H            0.74459000000000        0.80767000000000       -0.47779000000000
H            0.91308000000000       -0.90097000000000       -0.86785000000000
H            2.21082000000000       -0.07220000000000        0.00641000000000
H           -0.62983000000000       -0.50703000000000        1.13980000000000
H            0.76523000000000       -1.56219000000000        1.45697000000000
H            1.93328000000000        0.33490000000000        2.35234000000000
H            1.02251000000000        2.35080000000000        3.00412000000000
H            1.03777000000000        2.17402000000000        1.26148000000000
H           -1.43951000000000        1.83321000000000        1.19295000000000
H           -2.69348000000000        2.86460000000000        2.96866000000000
H           -1.18442000000000        2.99030000000000        4.03213000000000
H            0.59810000000000        0.64887000000000        4.42572000000000
H           -0.60459000000000       -0.41472000000000        3.64028000000000
H            2.36831000000000       -1.11408000000000        4.10758000000000
H            1.04309000000000       -1.63585000000000        5.15834000000000
H            1.12649000000000       -2.22715000000000        3.50074000000000
24
 energy: -25.627564292675 gnorm: 0.014336537012 xtb: 6.7.1 (edcfbbe)
C            1.11886698410299       -0.13507454962795       -0.09706695720612
C            0.46779760372987       -0.51995777052723        1.21840991972470
N            0.91109443606898        0.36187005084929        2.34918842804611
C            0.54781277230912        1.81550681413251        2.17407441571808
C           -0.92384364173428        2.06630381352089        2.12028590092575
C           -1.61527229765631        2.65071268559705        3.08608909686037
C            0.46749736528780       -0.16178818162966        3.68793772604758
C            1.29541561607193       -1.35605932391678        4.12523983289534
H            0.74653439583836        0.81152177149370       -0.48394292947881
H            0.89855268053050       -0.89695292218167       -0.84256899454354
H            2.20246810669200       -0.07729711987603        0.00171666980414
H           -0.61983142383350       -0.46996741476726        1.15454913211114
H            0.75496398762770       -1.54071775054856        1.47695752736069
H            1.93722392788642        0.33206844237950        2.35321049984894
H            0.99971069363735        2.35801720294005        3.01037897809602
H            1.02279712941814        2.16587152332558        1.25367541650630
H           -1.43039976424361        1.80093912786474        1.20101138957151
H           -2.66721413200791        2.85532959839770        2.96780281641436
H           -1.16707310937583        2.97599877287439        4.01238065787337
H            0.59120746444197        0.64822866890501        4.40905592574651
H           -0.59237647711352       -0.40958805315804        3.62129036781959
H            2.35913574263303       -1.11914923460050        4.11771237794325
H            1.02726346262506       -1.62568493870008        5.14479473900509
H            1.12590847706370       -2.23295121274665        3.50371706290963
24
 energy: -25.628067538520 gnorm: 0.004970588679 xtb: 6.7.1 (edcfbbe)
C            1.11643455632162       -0.12898309926262       -0.09374874124792
C            0.47026517645156       -0.50003394879023        1.22888379357045
N            0.92228481159739        0.36815859623849        2.35246734509179
C            0.55435714381909        1.81281034859627        2.17443185467167
C           -0.92264819764856        2.05150042798493        2.11745221280428
C           -1.60406817732728        2.64335861569836        3.07918256457914
C            0.47257103224103       -0.15521259909353        3.67571846607885
C            1.28933434507317       -1.35475974072340        4.12075888571100
H            0.74911150227066        0.81428565794915       -0.48530756387803
H            0.88231725930905       -0.89634306792742       -0.82603331114905
H            2.19965651306945       -0.08219015216374       -0.00422283777559
H           -0.61595255297698       -0.43508373024888        1.16495109803610
H            0.74047249585756       -1.52522813414521        1.48530279257643
H            1.94830143178562        0.32921857336210        2.35400489199244
H            0.98798749131459        2.36594000348045        3.01112671524318
H            1.01965368089439        2.16110680705753        1.25018073181050
H           -1.42221598625151        1.76029397051130        1.20463685959762
H           -2.65871591842242        2.82360666385582        2.98393501710694
H           -1.15001572421126        2.96925544091910        3.99939760705442
H            0.58615232526291        0.64831434238792        4.40440676005433
H           -0.58672271599118       -0.40141713162287        3.60400558796758
H            2.35262465447480       -1.12384905915086        4.12699313600134
H            1.00629999985768       -1.61718620559309        5.13563866037913
H            1.12075485322853       -2.23038257931962        3.50173747372341
24
 energy: -25.628135978525 gnorm: 0.003441715785 xtb: 6.7.1 (edcfbbe)
C            1.11634152170764       -0.12802272842167       -0.09466285520861
C            0.47156559411729       -0.49204609766800        1.23169910366056
N            0.92968329569226        0.37215939693617        2.35241405200387
C            0.55898984408143        1.81293437745562        2.17381892776106
C           -0.92390534085839        2.03452176140825        2.11998316082689
C           -1.60394291342988        2.62279442001675        3.08561508785569
C            0.47536212258377       -0.14948206345461        3.67098479971292
C            1.28480355626832       -1.35342064919120        4.12106037769857
H            0.75296240656194        0.81616579534293       -0.48754223477590
H            0.87376691559028       -0.89686119168213       -0.82265371816181
H            2.20011372800967       -0.08679758625503       -0.00919091406022
H           -0.61448039596007       -0.41842127431892        1.16804541572702
H            0.73179247682111       -1.52068297311586        1.48514670697298
H            1.95586932485281        0.33049489962386        2.35311885672199
H            0.98485597456946        2.37136236654288        3.01020831103561
H            1.01966830619798        2.16602635023040        1.24957011385449
H           -1.42000462985538        1.73625132684883        1.20804107347965
H           -2.65650767876228        2.81605709525813        2.99156198319113
H           -1.13785846237744        2.97787792916112        3.99049730417393
H            0.58583014017327        0.65043715563519        4.40477418636789
H           -0.58470225117537       -0.39446423930024        3.59538450638417
H            2.34905164254287       -1.12704171194308        4.13492296297890
H            0.99203678155226       -1.61527137659332        5.13355806712939
H            1.11694804109635       -2.22739098251613        3.49954472466988
24
 energy: -25.628177225575 gnorm: 0.001527244297 xtb: 6.7.1 (edcfbbe)
C            1.11707157366099       -0.12908604336924       -0.09617035593328
C            0.47188858794920       -0.49126462302059        1.23097505716473
N            0.93168937383342        0.37363616045774        2.35160553421960
C            0.56081885987356        1.81411473785837        2.17229070767084
C           -0.92291536371809        2.03488115195445        2.11931096271151
C           -1.60184549816803        2.62642209970841        3.08510946579816
C            0.47568500860265       -0.14635282039259        3.67094301017268
C            1.28188443687770       -1.35257127966095        4.12250451792116
H            0.75617868723729        0.81678674575150       -0.48899226262036
H            0.87159264402975       -0.89718376689629       -0.82437472285033
H            2.20120780617128       -0.09019698730973       -0.01134106012881
H           -0.61414116750235       -0.41486952689282        1.16756096716962
H            0.72904560467938       -1.52086738575743        1.48379386395632
H            1.95801059022436        0.33158574645497        2.35242171160780
H            0.98714839797549        2.37392820363150        3.00731913492333
H            1.02117407974012        2.16857180829088        1.24836902223157
H           -1.42127281672160        1.72675231624393        1.21142382975297
H           -2.65955384445443        2.80288219052620        3.00094603258391
H           -1.13412041681090        2.97604357576459        3.99108037989302
H            0.58731168336159        0.65321136301990        4.40534248313928
H           -0.58514164051705       -0.38957563035315        3.59391070634369
H            2.34681332806211       -1.12833090934399        4.13966153745136
H            0.98506498175748       -1.61589321415165        5.13389632918067
H            1.11464510385596       -2.22544391251407        3.49831314764061
24
 energy: -25.628190605600 gnorm: 0.000902580320 xtb: 6.7.1 (edcfbbe)
C            1.11909165763564       -0.13105025034897       -0.09815158545048
C            0.47273531048525       -0.49211101663762        1.22868366069142
N            0.93304683928718        0.37454175506921        2.34963993343809
C            0.56068819185960        1.81496355969904        2.17051829884442
C           -0.92347694120379        2.03343295312381        2.12175124686055
C           -1.60126360421507        2.62470995378604        3.08868696791180
C            0.47594858998561       -0.14304861225388        3.67116323368738
C            1.27837238441331       -1.35137142414341        4.12363591121280
H            0.76115513099749        0.81687274666876       -0.48993548580608
H            0.87100879289923       -0.89723301498040       -0.82764720276489
H            2.20343466780792       -0.09519857470860       -0.01341582608296
H           -0.61312781680188       -0.41488890863079        1.16539666097718
H            0.72919507033064       -1.52127915299825        1.48268880617205
H            1.95944265362710        0.33317084562012        2.35056791453810
H            0.98947078501000        2.37519309287849        3.00409377984958
H            1.01972432608894        2.17104180566754        1.24623931954242
H           -1.42448185815465        1.72088683965596        1.21714219383114
H           -2.66064850816007        2.79478885570453        3.00970629083066
H           -1.13009915098049        2.97742287526490        3.99170012574657
H            0.59155156752842        0.65748272596297        4.40384950477829
H           -0.58588522461788       -0.38244639863281        3.59441401109646
H            2.34380231929959       -1.12952207122188        4.14546632178223
H            0.97664241814965       -1.61645411585891        5.13326249862562
H            1.11191239872813       -2.22272446868591        3.49644341968775
24
 energy: -25.628202303999 gnorm: 0.000745786277 xtb: 6.7.1 (edcfbbe)
C            1.12199328439845       -0.13282718910392       -0.09961935904381
C            0.47468607162999       -0.49211844890877        1.22696440738275
N            0.93465277200289        0.37632497019523        2.34734131835038
C            0.55973428531742        1.81595333510247        2.16776122374477
C           -0.92512670367953        2.02954503876108        2.12570686293674
C           -1.60025660593618        2.62113043091998        3.09410628672519
C            0.47731792252820       -0.13907777147502        3.67028996098990
C            1.27363484238960       -1.35052817941289        4.12385062067910
H            0.76834216593288        0.81718230345674       -0.49026645593337
H            0.86968105150135       -0.89696396589293       -0.82978793370557
H            2.20649075672986       -0.10234689036957       -0.01560940606619
H           -0.61091532064944       -0.41431172341791        1.16312183215492
H            0.73075060505345       -1.52071197139675        1.48292952248933
H            1.96100762415126        0.33563894807051        2.34807253983600
H            0.99109266311100        2.37784886775806        2.99913693546483
H            1.01457934757098        2.17219773012404        1.24127861452459
H           -1.42936208470450        1.71199794142011        1.22484427445164
H           -2.65976485790727        2.78894877866463        3.01972922669870
H           -1.12500411525130        2.97865358279809        3.99289351449767
H            0.59806394681511        0.66215520214898        4.40129074682807
H           -0.58570943486850       -0.37276673333231        3.59466451764071
H            2.33936936470528       -1.13172688504604        4.15314282901672
H            0.96450303258020       -1.61732859038784        5.13070204397592
H            1.10847938657863       -2.21968878067605        3.49335587636111
24
 energy: -25.628210472345 gnorm: 0.000710836169 xtb: 6.7.1 (edcfbbe)
C            1.12595634015548       -0.13504466462169       -0.10053755484298
C            0.47770084576705       -0.49239416432895        1.22590071368353
N            0.93592637903542        0.37788685047730        2.34541210292151
C            0.55721034069474        1.81643974609064        2.16461851887231
C           -0.92791903963446        2.02702060907009        2.12998264144633
C           -1.59906157077051        2.62006643049136        3.10012043744702
C            0.47870416093667       -0.13552929652367        3.66916343016523
C            1.26912809859923       -1.35028232905362        4.12286017967832
H            0.77680714268330        0.81671948917270       -0.49045793098639
H            0.86941845076139       -0.89738390914094       -0.83106210726216
H            2.21054990026456       -0.11027289930379       -0.01720871211369
H           -0.60781336588341       -0.41566394648474        1.16070953471455
H            0.73441940322114       -1.52035555617085        1.48380631148409
H            1.96224374439956        0.33872248485827        2.34613927925452
H            0.99181780713784        2.38088105108856        2.99266005180235
H            1.00621979984142        2.17126103527027        1.23487595939581
H           -1.43628271852678        1.70626905755308        1.23262454524690
H           -2.65942605164675        2.78436116633325        3.03126626570698
H           -1.11961761870223        2.98302612498143        3.99457988125561
H            0.60465256846449        0.66569840494935        4.39940607764490
H           -0.58556840429628       -0.36349654156457        3.59514878522021
H            2.33508817118905       -1.13461115678658        4.15971445107923
H            0.95272464939127       -1.61888418879465        5.12686142997806
H            1.10536096691766       -2.21725379756233        3.48931570820788
24
 energy: -25.628211828352 gnorm: 0.001054159954 xtb: 6.7.1 (edcfbbe)
C            1.12991939591250       -0.13726214013946       -0.10145575064214
C            0.48071561990410       -0.49266987974914        1.22483701998432
N            0.93719998606795        0.37944873075937        2.34348288749264
C            0.55468639607205        1.81692615707881        2.16147581399984
C           -0.93071137558940        2.02449617937910        2.13425841995593
C           -1.59786653560485        2.61900243006273        3.10613458816885
C            0.48009039934514       -0.13198082157233        3.66803689934057
C            1.26462135480887       -1.35003647869434        4.12186973867754
H            0.78527211943371        0.81625667488866       -0.49064940603942
H            0.86915585002143       -0.89780385238894       -0.83233628081875
H            2.21460904379926       -0.11819890823802       -0.01880801816119
H           -0.60471141111739       -0.41701616955156        1.15829723727417
H            0.73808820138884       -1.51999914094494        1.48468310047885
H            1.96347986464786        0.34180602164604        2.34420601867305
H            0.99254295116467        2.38391323441906        2.98618316813988
H            0.99786025211186        2.17032434041650        1.22847330426703
H           -1.44320335234905        1.70054017368606        1.24040481604216
H           -2.65908724538624        2.77977355400186        3.04280330471527
H           -1.11423112215316        2.98739866716476        3.99626624801355
H            0.61124119011387        0.66924160774972        4.39752140846173
H           -0.58542737372406       -0.35422634979683        3.59563305279970
H            2.33080697767282       -1.13749542852711        4.16628607314174
H            0.94094626620233       -1.62043978720146        5.12302081598020
H            1.10224254725669       -2.21481881444862        3.48527554005465
24
 energy: -25.628215361292 gnorm: 0.000495023425 xtb: 6.7.1 (edcfbbe)
C            1.13126335963779       -0.13817331346433       -0.10116756836909
C            0.48101169022688       -0.49261204373120        1.22511602720719
N            0.93652042939892        0.38004901520196        2.34347604531092
C            0.55416050268179        1.81752662415807        2.16065744838552
C           -0.93161924114909        2.02487074574521        2.13498037970610
C           -1.59759947456456        2.62033623888511        3.10727279960482
C            0.47969758549669       -0.13204929742226        3.66755717510052
C            1.26458129822218       -1.35024121786718        4.12136464634829
H            0.78703351162375        0.81512879821522       -0.49142776476300
H            0.87085875166711       -0.89930787297849       -0.83157333481898
H            2.21589916733542       -0.11899010399723       -0.01780414930919
H           -0.60456640062554       -0.41739593582238        1.15777281043531
H            0.73835703467053       -1.52007573570455        1.48493034945775
H            1.96289296698160        0.34330841263290        2.34455319423771
H            0.99267865625087        2.38536266584316        2.98424593053135
H            0.99617361370862        2.16993777871905        1.22683277315354
H           -1.44571186647584        1.69935657975563        1.24230404680680
H           -2.65822965275885        2.78432593599238        3.04344669402440
H           -1.11429624882524        2.98580507100328        3.99831928789769
H            0.61034107326845        0.66854638556268        4.39780553925471
H           -0.58576776901496       -0.35490980422896        3.59513116327036
H            2.33074271872580       -1.13774091209679        4.16451588597207
H            0.94197593481545       -1.62080684722815        5.12279322457733
H            1.10184235870204       -2.21507116717319        3.48479739597809
