21
 energy: -25.770975584452 gnorm: 0.035457061284 xtb: 6.7.1 (edcfbbe)
C            1.25710000000000       -0.39878000000000        0.25963000000000
C            0.26756000000000       -1.07751000000000       -0.66775000000000
N            0.54163000000000        0.20546000000000        1.40969000000000
C            0.02254000000000       -0.59707000000000        2.37106000000000
C           -0.65999000000000       -0.05951000000000        3.46122000000000
C           -0.76649000000000        1.32595000000000        3.56684000000000
C           -0.21632000000000        2.13643000000000        2.58193000000000
C            0.43215000000000        1.55048000000000        1.50212000000000
C           -1.24855000000000       -0.94639000000000        4.51886000000000
H            1.80065000000000        0.39174000000000       -0.26828000000000
H            1.98926000000000       -1.10593000000000        0.66341000000000
H           -0.20813000000000       -1.93514000000000       -0.18111000000000
H           -0.52428000000000       -0.38734000000000       -0.97519000000000
H            0.77713000000000       -1.44304000000000       -1.56440000000000
H            0.15493000000000       -1.66793000000000        2.24604000000000
H           -1.27890000000000        1.77972000000000        4.41551000000000
H           -0.29399000000000        3.21875000000000        2.65687000000000
H            0.87055000000000        2.15270000000000        0.71099000000000
H           -0.67725000000000       -0.85555000000000        5.44767000000000
H           -2.29121000000000       -0.67018000000000        4.70776000000000
H           -1.23750000000000       -1.99670000000000        4.20922000000000
21
 energy: -25.772969542787 gnorm: 0.014687400668 xtb: 6.7.1 (edcfbbe)
C            1.24444828714623       -0.39618163255923        0.27796884168813
C            0.25864374440676       -1.07631083416753       -0.65730153332844
N            0.55165319823082        0.21263975370913        1.42353107999976
C            0.02476929543293       -0.58242974472839        2.36919035429012
C           -0.65801711212810       -0.06223353403829        3.45928618046663
C           -0.76743730941898        1.32480881794841        3.55973340802002
C           -0.21716353980760        2.13010189665941        2.57516701822006
C            0.43649396332697        1.54425517922325        1.50779250425641
C           -1.24291652455676       -0.95309861698228        4.50410281819745
H            1.78650800004394        0.39127059222408       -0.24899459490953
H            1.97106982587223       -1.11495814643176        0.66580582531195
H           -0.22056115014550       -1.93217462463300       -0.18379234568073
H           -0.51529915700525       -0.38062311806059       -0.97858470884118
H            0.78055102016685       -1.43331070786821       -1.54248746115883
H            0.15940269530303       -1.64744978647677        2.24326312340398
H           -1.27803334038810        1.77097120306426        4.40280717235941
H           -0.29212431110782        3.20597592850105        2.63849307293463
H            0.87019239364543        2.13767010299731        0.71552068947524
H           -0.68351884204990       -0.85198749226860        5.43324618290207
H           -2.27468213593338       -0.66826567638032        4.70592160773845
H           -1.22308900103379       -1.99850955973193        4.20142076465439
21
 energy: -25.773271936386 gnorm: 0.004649659919 xtb: 6.7.1 (edcfbbe)
C            1.24097741781828       -0.39635199963991        0.29062785423899
C            0.25060512569528       -1.07029071121320       -0.65005818494574
N            0.55691722766134        0.21500496136639        1.42777713718255
C            0.02790546957788       -0.57548429565052        2.36787182258396
C           -0.65645837365553       -0.06464033148715        3.45924215756699
C           -0.76943032330529        1.32509848987953        3.55514839092254
C           -0.21863413051106        2.12745130276937        2.57046557643630
C            0.43774992052719        1.54079635700259        1.50670973058780
C           -1.23816248959094       -0.95722081853125        4.49682082037291
H            1.78720352115259        0.38420753682481       -0.23989865032650
H            1.95969133575516       -1.12674421392009        0.67040132578469
H           -0.23761299378378       -1.91904423044290       -0.17925620650518
H           -0.51021223903226       -0.36764606429920       -0.98199698473630
H            0.78247336797198       -1.43067763791744       -1.52541199293314
H            0.16425120502498       -1.63915815514436        2.24379795004186
H           -1.28439617900567        1.76667795785736        4.39369660646399
H           -0.29588048394942        3.20086875333227        2.62412591709508
H            0.87465901896787        2.13094388407603        0.71624439952787
H           -0.68339175191626       -0.85166489312867        5.42782486758862
H           -2.26727376066550       -0.67295361184113        4.70385773257778
H           -1.21009088473684       -1.99901227989253        4.19409973047493
21
 energy: -25.773328401192 gnorm: 0.002187843529 xtb: 6.7.1 (edcfbbe)
C            1.24218183504529       -0.39847707573441        0.29513299630904
C            0.24697994173090       -1.06498580886095       -0.64889213577419
N            0.56161440331673        0.21480715560976        1.42932224694314
C            0.03163751715661       -0.57438263721573        2.36949472092149
C           -0.65611131271989       -0.06509977763001        3.45956182820539
C           -0.77329568888382        1.32574731483454        3.55169075300038
C           -0.22210226998925        2.12721429560759        2.56712812703292
C            0.43979363652276        1.54036617930794        1.50582038957256
C           -1.23537408772884       -0.95881525301839        4.49579769736466
H            1.79525206487368        0.37654093440752       -0.23669330432303
H            1.95397009522292       -1.13678285670678        0.67262868830077
H           -0.25289743819859       -1.90589630411915       -0.17643860219166
H           -0.50417368194294       -0.35434242475136       -0.98571367390521
H            0.77979386141544       -1.43397477237859       -1.52000944906108
H            0.16865455214113       -1.63866150633289        2.24774980980190
H           -1.29105693035226        1.76626832252197        4.38908840555271
H           -0.30160334872697        3.20067248662696        2.61681715132644
H            0.87753628803844        2.13054119729287        0.71559772071533
H           -0.68203977068657       -0.85116299672313        5.42814633446249
H           -2.26588877138063       -0.67908639302468        4.70269657864005
H           -1.20198089485417       -2.00033007971305        4.19316371710590
21
 energy: -25.773392417956 gnorm: 0.003144691380 xtb: 6.7.1 (edcfbbe)
C            1.24524485701029       -0.40329769544635        0.30078454002611
C            0.24252012602746       -1.05482933723292       -0.64966068672877
N            0.56728785748127        0.21334212407577        1.43072516764397
C            0.03749488677915       -0.57418807002265        2.37322807751017
C           -0.65509456783988       -0.06523037237741        3.46063127724027
C           -0.77888154185284        1.32651469735477        3.54692606805982
C           -0.22817167142849        2.12650832152068        2.56173224972929
C            0.44067733239986        1.53940305619955        1.50336469621549
C           -1.23062695085516       -0.96059504124852        4.49638474457078
H            1.81187453597164        0.36320576887629       -0.23002553525604
H            1.94417374538269       -1.15454331476862        0.67703698547252
H           -0.28078164680493       -1.88017643574277       -0.17335918011684
H           -0.49017539452000       -0.32935621801347       -0.99685146702177
H            0.77532594796774       -1.44277025518617       -1.51293435905667
H            0.17693878086161       -1.63941933327699        2.25624993941903
H           -1.30256092579586        1.76642317723937        4.38174673598078
H           -0.31184080667871        3.20039003499392        2.60584530497038
H            0.88006645151966        2.13008206043457        0.71382748906601
H           -0.67870077601892       -0.85026157828826        5.43010980844071
H           -2.26394479410196       -0.68867861002628        4.70230136455691
H           -1.18993544550464       -2.00236297906449        4.19402677927783
21
 energy: -25.773440654563 gnorm: 0.004586056594 xtb: 6.7.1 (edcfbbe)
C            1.24834060202750       -0.40899593752388        0.30494424251144
C            0.23937679163139       -1.04354194104766       -0.65224731779932
N            0.57182981310724        0.21066404731369        1.43253550609648
C            0.04340750224878       -0.57534996880401        2.37791248350660
C           -0.65381003032096       -0.06546522944603        3.46197475813990
C           -0.78445082672783        1.32628862661957        3.54244596887790
C           -0.23411381448241        2.12469360781933        2.55616485706971
C            0.44035123279359        1.53699548196489        1.50100149297982
C           -1.22623732288647       -0.96149484420327        4.49875753946845
H            1.82849576295543        0.35083355483679       -0.22142435772045
H            1.93441930044732       -1.17221226437821        0.68100025798116
H           -0.30803870337397       -1.85264739742496       -0.17320548293450
H           -0.47358480123466       -0.30327418415354       -1.01051056400949
H            0.77080666742000       -1.45099459978999       -1.50768368739350
H            0.18641920415704       -1.64094364032939        2.26557616295939
H           -1.31284982249381        1.76663141939470        4.37458097227187
H           -0.32193991492776        3.19879608900412        2.59555237607057
H            0.87975622845228        2.12750506355023        0.71103913200470
H           -0.67582454564376       -0.84766089606367        5.43323626042482
H           -2.26183803132422       -0.69584557211138        4.70270087397103
H           -1.17962529182475       -2.00382141522726        4.19773852552338
21
 energy: -25.773501011914 gnorm: 0.004640277080 xtb: 6.7.1 (edcfbbe)
C            1.25193613184368       -0.41667389924796        0.30875877111173
C            0.23667694478578       -1.02847611455146       -0.65685458183636
N            0.57645949550109        0.20599986213594        1.43543886325571
C            0.05091468470973       -0.57821611741542        2.38458120926349
C           -0.65159575726792       -0.06622818548780        3.46417984091808
C           -0.79043959246551        1.32487290836917        3.53753556143871
C           -0.24111380843153        2.12125971202656        2.54903578482627
C            0.43862752277588        1.53229724008833        1.49794882006417
C           -1.22152902302284       -0.96171714163995        4.50335930744916
H            1.84812056752083        0.33678301666982       -0.20910513651042
H            1.92248937418258       -1.19359391112591        0.68475396519972
H           -0.33952211833649       -1.81762742666543       -0.17658622847694
H           -0.45125632696992       -0.27083066970022       -1.02833830599788
H            0.76512778443137       -1.45864562723911       -1.50310703695887
H            0.19952585419141       -1.64368666379349        2.27777092756637
H           -1.32448018126243        1.76667689432074        4.36557927915194
H           -0.33426293094176        3.19532431676760        2.58319882142020
H            0.87686167065389        2.12166143473968        0.70636437368201
H           -0.67339748595369       -0.84253948192205        5.43839496089597
H           -2.25925113822492       -0.70153462959108        4.70380621651671
H           -1.16900166771927       -2.00494551673787        4.20537458702021
21
 energy: -25.773579027483 gnorm: 0.003705947155 xtb: 6.7.1 (edcfbbe)
C            1.25677537436341       -0.42863441092713        0.31354158798310
C            0.23376149452592       -1.00489847872979       -0.66486287797229
N            0.58280109844166        0.19738512650376        1.44088007403824
C            0.06207315129579       -0.58403074038041        2.39517838835418
C           -0.64790475852224       -0.06830680504901        3.46803492699476
C           -0.79870882577186        1.32144144401685        3.53036059423033
C           -0.25109183771958        2.11477615921762        2.53791672552236
C            0.43549604808481        1.52313974136520        1.49343187332547
C           -1.21549622552426       -0.96093772643320        4.51200337313043
H            1.87544389036962        0.31714891354355       -0.18922283597774
H            1.90505173138083       -1.22487050829313        0.68840791900529
H           -0.38149912095112       -1.76644343848999       -0.18686775137125
H           -0.41771043298996       -0.22317269485647       -1.05276234268073
H            0.75646493383716       -1.46360281427026       -1.49946026260015
H            0.21975708070853       -1.64881488183748        2.29625506407457
H           -1.34037591563376        1.76619441111684        4.35180777281737
H           -0.35256321229691        3.18835777053053        2.56456288103973
H            0.87095489087545        2.10944370019808        0.69811782875494
H           -0.67162061389381       -0.83178770868724        5.44781783459910
H           -2.25567868163807       -0.70639490499551        4.70604782044338
H           -1.15504006894166       -2.00583215354265        4.22090140628890
21
 energy: -25.773640085590 gnorm: 0.002204041405 xtb: 6.7.1 (edcfbbe)
C            1.26038136028429       -0.44017092822938        0.31757144654137
C            0.23265108322135       -0.98208528159613       -0.67380260017425
N            0.58767306962722        0.18764847747723        1.44668145839035
C            0.07131550063237       -0.59080417081850        2.40526763214720
C           -0.64459869023072       -0.07114477744050        3.47227888238439
C           -0.80563637529482        1.31721587692129        3.52377989729041
C           -0.25994259832434        2.10752393088091        2.52710945477111
C            0.43217693470299        1.51258772574170        1.48912004477982
C           -1.21078026463570       -0.95886002095745        4.52204497616932
H            1.89865840433737        0.29936436756218       -0.16955612769909
H            1.88860881314442       -1.25327516148163        0.68982513747951
H           -0.41267891331291       -1.72160183485397       -0.20305268081804
H           -0.38735326850754       -0.18087861680048       -1.07084539133043
H            0.74868610930529       -1.45912672358129       -1.50103068627700
H            0.23707376996183       -1.65470847076597        2.31341293214698
H           -1.35366421411967        1.76518377063859        4.33886742057920
H           -0.36915935535254        3.18029051427743        2.54682072869300
H            0.86511278357457        2.09474616892626        0.68957881238117
H           -0.67149406218233       -0.81812528246170        5.45851076977364
H           -2.25283276631923       -0.70789902264931        4.70940690428958
H           -1.14330732051193       -2.00572054078906        4.24010098848177
21
 energy: -25.773677820067 gnorm: 0.001792704353 xtb: 6.7.1 (edcfbbe)
C            1.26228371745669       -0.45001270408625        0.32167441388581
C            0.23316180136434       -0.96333597817437       -0.68220173671282
N            0.58979323823675        0.17889835838619        1.45107177525702
C            0.07646398575720       -0.59660318110296        2.41270298956872
C           -0.64253301540841       -0.07398065051273        3.47621498423878
C           -0.81068282628068        1.31352104919906        3.51859601855890
C           -0.26740606392453        2.10110014809861        2.51796874784435
C            0.42850185742701        1.50303030434366        1.48501196980815
C           -1.20669347333006       -0.95641326809432        4.53154255264362
H            1.91700599537749        0.28345157941810       -0.15239026465228
H            1.87326926680011       -1.27687177550711        0.69136117537317
H           -0.43544405933976       -1.68701469130759       -0.22097980270350
H           -0.36103700963357       -0.14549604338334       -1.08408555674559
H            0.74600421622446       -1.45032063195363       -1.50508262418650
H            0.24747848334710       -1.65988854192637        2.32642234107826
H           -1.36236087661168        1.76385723633532        4.32935508655618
H           -0.38251415511668        3.17298322252346        2.53180555822918
H            0.85979035048841        2.08106864768473        0.68182186057383
H           -0.67112112697443       -0.80433882114882        5.46823794767140
H           -2.25017415323676       -0.70842692863588        4.71403813091416
H           -1.13289615262306       -2.00504733015551        4.25900443279917
21
 energy: -25.773713492735 gnorm: 0.002111129121 xtb: 6.7.1 (edcfbbe)
C            1.26304091420755       -0.46146919701388        0.32696142707308
C            0.23636542218984       -0.94298415053840       -0.69397825221406
N            0.58936896276863        0.16838921035195        1.45504637589425
C            0.07836267423665       -0.60328153158066        2.41993802327551
C           -0.64165219822469       -0.07699387123734        3.48118655717010
C           -0.81498772581890        1.30999011646197        3.51400076627908
C           -0.27544380411639        2.09399884070608        2.50832898348360
C            0.42327372374317        1.49195478260384        1.47998500559470
C           -1.20213904379460       -0.95241479076977        4.54375221668788
H            1.93634854666928        0.26424447236170       -0.13194322866363
H            1.85406224073855       -1.30305603169542        0.69388583321813
H           -0.45257884457003       -1.65454998690363       -0.24877468989909
H           -0.33335092453346       -0.10965638956569       -1.09456600574863
H            0.74765415008067       -1.43239693096778       -1.51588151640900
H            0.25198944969831       -1.66640015097294        2.33915584301427
H           -1.36820697366237        1.76287784674066        4.32186250143702
H           -0.39608931683689        3.16497107406299        2.51554077343452
H            0.85306301973284        2.06503458966042        0.67261250211262
H           -0.67051451622251       -0.78563452521732        5.48026119764111
H           -2.24762409523435       -0.70921681519263        4.72122446345592
H           -1.12005166105135       -2.00324656129385        4.28349122316266
21
 energy: -25.773735085771 gnorm: 0.002260589059 xtb: 6.7.1 (edcfbbe)
C            1.26420872512935       -0.47349300891143        0.33327397298081
C            0.23856166789173       -0.92272482458064       -0.70523602207627
N            0.58908444974242        0.15885957004361        1.45830084589978
C            0.08055287738558       -0.60891642532723        2.42704440433742
C           -0.64067070250776       -0.07920678826040        3.48602537773940
C           -0.81976118216830        1.30753603476856        3.50954334402421
C           -0.28442403139768        2.08772027794915        2.49862143065414
C            0.41746791878224        1.48207609568354        1.47450807582123
C           -1.19630281784168       -0.94936119435389        4.55491614382631
H            1.95878087636105        0.24282968142741       -0.11088419552132
H            1.83299385016053       -1.33183994376262        0.69892990493838
H           -0.47770309097156       -1.61938807189359       -0.27374550253784
H           -0.30285910538349       -0.06924367475395       -1.10993331417644
H            0.75096789295501       -1.42045350605318       -1.52292439770693
H            0.25706602510716       -1.67217637659015        2.35228318307814
H           -1.37463658146737        1.76274176953600        4.31496082025648
H           -0.41053817785673        3.15808160884425        2.49872092766581
H            0.84553331039788        2.05110211070986        0.66337773526726
H           -0.66867537996635       -0.76864445257821        5.49141016234581
H           -2.24439991504372       -0.71332220717423        4.72762913315505
H           -1.10435660930840       -2.00201667472251        4.30526797002863
21
 energy: -25.773760378119 gnorm: 0.001523909198 xtb: 6.7.1 (edcfbbe)
C            1.26309526608548       -0.48102497215413        0.33655911372555
C            0.24294741453579       -0.91188900197152       -0.71516776499712
N            0.58523349256038        0.15249436038771        1.45877733443003
C            0.07732428322160       -0.61253415969184        2.43044499802678
C           -0.64191986446705       -0.07947245557488        3.48936618208123
C           -0.82165782163210        1.30729858097562        3.50866832906102
C           -0.28904615134692        2.08422115137179        2.49404320278271
C            0.41266940857980        1.47596249832275        1.47121053698727
C           -1.19289427243373       -0.94617953113998        4.56338600563677
H            1.97022501039993        0.22932493139466       -0.09721407828040
H            1.81825503180060       -1.34796649877773        0.70208013465632
H           -0.48172050979396       -1.60649255823338       -0.29626989273005
H           -0.28796319493019       -0.05084442494164       -1.11573493625543
H            0.75809487678410       -1.40575392095622       -1.53360071728850
H            0.25272641015840       -1.67639946082610        2.35877490452506
H           -1.37486942158613        1.76459485677407        4.31445638891998
H           -0.41597964194727        3.15457850336129        2.49039793701105
H            0.84051292917709        2.04286599898228        0.65839642251713
H           -0.66702139216390       -0.75623073391925        5.49900782886898
H           -2.24291381174931       -0.71649525618099        4.73390701995886
H           -1.09420804125270       -1.99989790720213        4.32060105036284
21
 energy: -25.773790972573 gnorm: 0.001881108965 xtb: 6.7.1 (edcfbbe)
C            1.25839056221713       -0.49967328372580        0.34411995049660
C            0.25629814017434       -0.88695610912463       -0.74143349242057
N            0.57245035601464        0.13659960530098        1.45899329716477
C            0.06586204815018       -0.62105418000375        2.43795966588712
C           -0.64547693969024       -0.07917045666723        3.49811039262142
C           -0.82505884464043        1.30774477388069        3.50863339484916
C           -0.29973373651156        2.07589726330575        2.48404646013679
C            0.39922824316318        1.46057660076156        1.46335737211184
C           -1.18434089906240       -0.93779208808869        4.58486809937880
H            1.99605755058746        0.19586448294407       -0.06131629239962
H            1.77912186205496       -1.38684938663404        0.70949910927321
H           -0.48523198278263       -1.58235680286832       -0.35769552032360
H           -0.25329514782077       -0.00936708865713       -1.12865828285296
H            0.78192512717116       -1.36498457364194       -1.56262513135200
H            0.23661062035965       -1.68624959722962        2.37290080747357
H           -1.37147488808910        1.77090519231868        4.31635700213376
H           -0.42639844149997        3.14651268619112        2.47154122254622
H            0.82602397703419        2.02265168856817        0.64645551319301
H           -0.66340417801464       -0.72397942393158        5.51813412928733
H           -2.23884361314520       -0.72452911832959        4.75012810374408
H           -1.06781981567001       -1.99363018436825        4.35871419905121
21
 energy: -25.773795477293 gnorm: 0.000898427195 xtb: 6.7.1 (edcfbbe)
C            1.25765968101654       -0.50341170486573        0.34527317982528
C            0.25776978710531       -0.88112982150509       -0.74507381345174
N            0.57126843291827        0.13358841288461        1.45989625993025
C            0.06616805633535       -0.62271013920016        2.44021856710261
C           -0.64468642456010       -0.07950137318330        3.49987941838988
C           -0.82542959191633        1.30728138818113        3.50834457917294
C           -0.30175775575481        2.07413072671887        2.48173778335387
C            0.39659973957345        1.45731814295441        1.46174262639632
C           -1.18286206486417       -0.93671221298269        4.58805731716901
H            2.00083686901103        0.18932305567289       -0.05388940304142
H            1.77140764668324       -1.39512757448773        0.70947623979203
H           -0.48964795799293       -1.57446735578589       -0.36700937507395
H           -0.24602064856338        0.00139990601252       -1.13218437362876
H            0.78578215052174       -1.35991304899073       -1.56441429771947
H            0.23817106691968       -1.68772181053671        2.37676938865453
H           -1.37161502315319        1.77176697001546        4.31512908643885
H           -0.42952191119379        3.14457825204410        2.46736938636146
H            0.82204682913578        2.01827484209816        0.64339288935562
H           -0.66431560045538       -0.71892219246741        5.52146599664227
H           -2.23789276319045       -0.72542447842716        4.75117891981377
H           -1.06307051757594       -1.99245998414906        4.36472962451679
