17
 energy: -27.967873951076 gnorm: 0.081606535459 xtb: 6.7.1 (edcfbbe)
N            1.05179000000000       -0.03479000000000        0.00677000000000
N            0.22264000000000        0.04840000000000       -1.15213000000000
C           -0.71994000000000        0.96853000000000       -1.40022000000000
N           -1.27207000000000        0.62141000000000       -2.57452000000000
N           -0.71095000000000       -0.53544000000000       -3.07333000000000
C            0.16614000000000       -0.85252000000000       -2.18767000000000
C           -2.34789000000000        1.26755000000000       -3.31919000000000
C           -3.71348000000000        0.68966000000000       -2.98955000000000
Br          -4.21953000000000        1.15463000000000       -1.16297000000000
H            1.22229000000000        0.85196000000000        0.48113000000000
H            1.90566000000000       -0.58012000000000       -0.11719000000000
H           -0.98608000000000        1.81642000000000       -0.78222000000000
H            0.81577000000000       -1.71495000000000       -2.18924000000000
H           -2.30562000000000        2.34198000000000       -3.10630000000000
H           -2.14007000000000        1.13949000000000       -4.38791000000000
H           -4.48932000000000        1.10750000000000       -3.63603000000000
H           -3.72831000000000       -0.40159000000000       -3.04927000000000
17
 energy: -27.974852602229 gnorm: 0.040825621556 xtb: 6.7.1 (edcfbbe)
N            1.00925270023100       -0.03945814942550       -0.00688540572657
N            0.22396157821827        0.05153313450434       -1.14250185027996
C           -0.71667206322919        0.96836538882100       -1.41202827708292
N           -1.27120933062754        0.62347567594199       -2.57453256118496
N           -0.71471427615925       -0.51760321417858       -3.04024413740078
C            0.18014127670696       -0.84794505854452       -2.17233164470013
C           -2.33688666975487        1.26853699449187       -3.31751325180993
C           -3.70116603888682        0.69073880534324       -2.97282009929226
Br          -4.18162095398725        1.14347882922422       -1.12560862995330
H            1.18003356237806        0.85101509340265        0.44707687365316
H            1.85985823242831       -0.57487806105190       -0.14674954900420
H           -0.98874627689060        1.81166635937022       -0.80388023027545
H            0.82132348756408       -1.71086610344747       -2.20102649695457
H           -2.30718967921238        2.34127063141827       -3.10234557540706
H           -2.13108158103115        1.11387211082006       -4.38195137134661
H           -4.46391780354587        1.11166195489061       -3.62863190408885
H           -3.71033616420173       -0.39674439158051       -3.05786588914563
17
 energy: -27.976716550019 gnorm: 0.011436026517 xtb: 6.7.1 (edcfbbe)
N            0.97476207797737       -0.03346317658703       -0.01999837442110
N            0.22252996725894        0.05774576874460       -1.13651477291100
C           -0.71482845119965        0.97134054829404       -1.42471172097829
N           -1.26554558320663        0.62249656908106       -2.58333885650998
N           -0.71342473247867       -0.49441276923312       -3.02986602690157
C            0.18274386742663       -0.84406725931007       -2.16252134543515
C           -2.32149284428057        1.26669573966506       -3.32398257365955
C           -3.68473381425177        0.68765505319085       -2.96294207002913
Br          -4.12768170397618        1.11507696882962       -1.09875299601009
H            1.13893075208183        0.85223856599233        0.44148567204746
H            1.81903035611480       -0.57680882005939       -0.15163501891709
H           -0.99026632174418        1.81494509082385       -0.82436419965278
H            0.81301589653573       -1.70923503594000       -2.22138355471742
H           -2.29764561793451        2.33771110479391       -3.10948295794721
H           -2.12388635945434        1.09121780445565       -4.38521978956187
H           -4.45901853796633        1.12634574602607       -3.58995174029288
H           -3.70145895090247       -0.39736189876744       -3.05665967410234
17
 energy: -27.977126459642 gnorm: 0.007218305520 xtb: 6.7.1 (edcfbbe)
N            0.96146612087402       -0.02907707715255       -0.01748418250775
N            0.21815994948743        0.06216006370041       -1.14111422463013
C           -0.71388622447819        0.97850243069376       -1.43653940167595
N           -1.26017805508167        0.62377826643216       -2.59784696054055
N           -0.71202973878432       -0.49236403673431       -3.03891586853582
C            0.18252975612351       -0.84111193605289       -2.16719789754761
C           -2.31936091576641        1.26525144212062       -3.33367576815776
C           -3.67907483876637        0.68739542057229       -2.95350494927017
Br          -4.07576945215494        1.09157873998774       -1.07015363444005
H            1.11668870501278        0.85008659882660        0.46086020417992
H            1.80223412305715       -0.58338408162327       -0.12960677698056
H           -0.99007696647775        1.82416231112605       -0.83827204734463
H            0.80756091153725       -1.70860234457493       -2.23143292264300
H           -2.29423085343881        2.33713882278736       -3.12554134081432
H           -2.13289997134210        1.08294290211762       -4.39560129547565
H           -4.46289777182137        1.13618796580430       -3.56178008031423
H           -3.69720477798019       -0.39652548803096       -3.06203285330173
17
 energy: -27.977494779966 gnorm: 0.005125940494 xtb: 6.7.1 (edcfbbe)
N            0.94400134458375       -0.02240882135819       -0.01351057289408
N            0.21245583532473        0.06703426076474       -1.14758891556281
C           -0.71234613268045        0.98724881843989       -1.45310670366272
N           -1.24773523650515        0.62620050405795       -2.62135465506133
N           -0.70165957863552       -0.49145611683439       -3.05448474049568
C            0.18469249526103       -0.83936287203313       -2.17157560491921
C           -2.31505559709436        1.26316659346154       -3.34850789037782
C           -3.66942354041201        0.68838638439672       -2.93904518474219
Br          -4.01355923225737        1.04992363730539       -1.03620219387408
H            1.08248531234983        0.84802179095729        0.48667361284753
H            1.78027065358344       -0.58945433756504       -0.09774546484555
H           -0.98967903794106        1.83593724009194       -0.85863282523300
H            0.80247050908174       -1.71077418740905       -2.24116755886251
H           -2.28566804297981        2.33718887106233       -3.15277032650314
H           -2.14822322488251        1.07108231687944       -4.41193418354363
H           -4.47169016030620        1.16045004417533       -3.50706863949380
H           -3.70030636649004       -0.39306412639276       -3.07181815277597
17
 energy: -27.977649183483 gnorm: 0.005538371105 xtb: 6.7.1 (edcfbbe)
N            0.92858179951910       -0.02002858424811       -0.01035142287446
N            0.20747119572563        0.06904941161471       -1.15047994997396
C           -0.71174399679976        0.99218471879006       -1.46426058852654
N           -1.23842186719788        0.62971650711940       -2.63758834542551
N           -0.69056354865132       -0.48892822032080       -3.06552001445031
C            0.18752874060616       -0.83754426217313       -2.17338803308749
C           -2.31401300160504        1.26173071288497       -3.35734885368157
C           -3.66392605381620        0.68971194270651       -2.92858593859990
Br          -3.95829398574493        1.01926732372280       -1.01107235119739
H            1.05341010829275        0.84555479952036        0.50033352159750
H            1.76231801857078       -0.59114538777488       -0.07934125739831
H           -0.98879420578995        1.84348837173831       -0.87384206023622
H            0.80067207382685       -1.71210486006162       -2.24424153662735
H           -2.28082198400867        2.33768729545387       -3.17248541561676
H           -2.16231700357919        1.06133700333678       -4.42163222885750
H           -4.47439012181869        1.17710080142498       -3.47097467712395
H           -3.70566616752959       -0.38895757373419       -3.07906084792028
17
 energy: -27.977746593704 gnorm: 0.004226308363 xtb: 6.7.1 (edcfbbe)
N            0.91380832771534       -0.02094389749779       -0.00706231038651
N            0.20391626480552        0.06995339573508       -1.15337793108710
C           -0.70982172558034        0.99581860475366       -1.47472792679452
N           -1.22894119282771        0.63501379110713       -2.65199092967534
N           -0.67985668991989       -0.48607358936457       -3.07548127991566
C            0.19106891372427       -0.83518204290240       -2.17630792457060
C           -2.31248387038722        1.26111434217504       -3.36516944906487
C           -3.65677593409768        0.69117525070050       -2.91565635204802
Br          -3.92696832758048        0.99480620277703       -0.99458970438012
H            1.02620097599273        0.84169598120156        0.50946079367508
H            1.74664030898697       -0.59204877825851       -0.06657112357303
H           -0.98552643979005        1.84986852149428       -0.88840823864679
H            0.80119872850282       -1.71231095529885       -2.24428113991184
H           -2.27636233686412        2.33868162147532       -3.18987359116813
H           -2.17363623356719        1.05246741333029       -4.42980367591520
H           -4.47289106430295        1.18875375529782       -3.43713207235964
H           -3.70853970480997       -0.38466961672559       -3.07886714417770
17
 energy: -27.977790643825 gnorm: 0.002696995483 xtb: 6.7.1 (edcfbbe)
N            0.90169544946445       -0.02339301202511       -0.00417179745688
N            0.20171241622392        0.07038120951706       -1.15554869715144
C           -0.70890040424906        0.99726470580895       -1.48155430402719
N           -1.22306845260829        0.63954896477428       -2.66089370553261
N           -0.67191773993976       -0.48272998277279       -3.08270123200397
C            0.19316034246060       -0.83321903588462       -2.17902546312135
C           -2.31276709413845        1.26007649388588       -3.36950043857317
C           -3.65303216342297        0.69108684121369       -2.90790568805375
Br          -3.89540056676666        0.98185489769648       -0.98341284532685
H            1.00437822030844        0.83825251623769        0.51474724146674
H            1.73594951649525       -0.59143018388723       -0.05963438111803
H           -0.98284288244742        1.85378671113771       -0.89851568535594
H            0.80321777593878       -1.71109713751977       -2.24196630969514
H           -2.27566197694865        2.33865486132052       -3.20062139322669
H           -2.18183750205211        1.04562492074331       -4.43357661753633
H           -4.47236797247286        1.19628169421295       -3.41530106016151
H           -3.71128696584514       -0.38282446445898       -3.08025762312589
17
 energy: -27.977804226576 gnorm: 0.001654532320 xtb: 6.7.1 (edcfbbe)
N            0.89498324002858       -0.02597386140724       -0.00241237250568
N            0.20124323846062        0.07069829322007       -1.15728273609683
C           -0.70767555596955        0.99826634929602       -1.48524310582321
N           -1.22023191852794        0.64232804470158       -2.66506657383647
N           -0.66913967801469       -0.48094476754364       -3.08625910403453
C            0.19361548449081       -0.83241537811871       -2.18147174504436
C           -2.31217198574633        1.25996323814786       -3.37229630707943
C           -3.65064885941649        0.69195509144457       -2.90323487706643
Br          -3.88578681416376        0.97465770588892       -0.97792365620490
H            0.99303071434142        0.83551292004554        0.51774836461620
H            1.73170592581443       -0.59084449486434       -0.05693413953074
H           -0.98002339999682        1.85649949841911       -0.90391100254219
H            0.80497444310903       -1.70984640408580       -2.24020802184102
H           -2.27526058524185        2.33903806779500       -3.20665834580323
H           -2.18434901548268        1.04171303004261       -4.43581270533525
H           -4.47186762860053        1.19877766404317       -3.40532372898428
H           -3.71136760508420       -0.38126499702472       -3.07754994288765
17
 energy: -27.977809579874 gnorm: 0.000922886473 xtb: 6.7.1 (edcfbbe)
N            0.88992321924957       -0.02913290275402       -0.00089823091659
N            0.20118589557925        0.07093451949350       -1.15860316445670
C           -0.70673129837309        0.99905306437356       -1.48707359372796
N           -1.21885783214551        0.64426767589051       -2.66706239992355
N           -0.66821294833272       -0.47920473206557       -3.08864917589061
C            0.19324004185331       -0.83213293482344       -2.18391996043764
C           -2.31194519780647        1.25977161376157       -3.37371518099252
C           -3.64914355457044        0.69120128614821       -2.90074836098184
Br          -3.87808588080148        0.97432721937470       -0.97497970136588
H            0.98473972189014        0.83216858779428        0.52084264393240
H            1.73068913329095       -0.58878892883978       -0.05646193398970
H           -0.97759751456454        1.85854975257255       -0.90669093426511
H            0.80688831525643       -1.70829037144975       -2.23880707185063
H           -2.27631552266976        2.33923258012311       -3.21046825623881
H           -2.18583973224743        1.03872343371478       -4.43665400042650
H           -4.47221682796714        1.19946409402393       -3.39927313637124
H           -3.71069001764101       -0.38202395733812       -3.07667754209711
17
 energy: -27.977811181546 gnorm: 0.000497398628 xtb: 6.7.1 (edcfbbe)
N            0.89037246555791       -0.03022091117218       -0.00101971400067
N            0.20121322112716        0.07088632152125       -1.15855121165128
C           -0.70661592978789        0.99941233664268       -1.48634647081067
N           -1.21926815625078        0.64444733681075       -2.66639278187539
N           -0.66910923628358       -0.47881370438682       -3.08837199323016
C            0.19254333726113       -0.83242452161929       -2.18412785858186
C           -2.31193335126593        1.26021058026393       -3.37347807357247
C           -3.64944895490278        0.69143011040182       -2.90146116775500
Br          -3.88068432957233        0.97642629200777       -0.97560769742393
H            0.98554225898716        0.83067083838016        0.52158119171840
H            1.73278672589550       -0.58751461752807       -0.05805856823515
H           -0.97743996185836        1.85859887191436       -0.90548815153405
H            0.80652700522931       -1.70829383921698       -2.23887742828799
H           -2.27676601254197        2.33968728983858       -3.21047398933164
H           -2.18527190199838        1.03906352471801       -4.43638085494926
H           -4.47213341497295        1.19667159668838       -3.40280454133753
H           -3.70928376462318       -0.38211750526433       -3.07398068914136
