25
 energy: -30.283168195369 gnorm: 0.052447218817 xtb: 6.7.1 (edcfbbe)
C            1.19376000000000        0.12265000000000        0.01031000000000
C            0.72559000000000       -1.03204000000000        0.83728000000000
N            0.99054000000000       -2.33484000000000        0.61141000000000
C            1.72701000000000       -2.85661000000000       -0.54204000000000
C            0.48836000000000       -3.11855000000000        1.65522000000000
C           -0.16215000000000       -2.24931000000000        2.51440000000000
N           -0.05775000000000       -0.97871000000000        1.93409000000000
C           -0.68100000000000        0.23986000000000        2.45589000000000
C           -0.86410000000000       -2.53516000000000        3.78514000000000
C            0.67128000000000       -4.58397000000000        1.73363000000000
H            1.18106000000000        1.02222000000000        0.62513000000000
H            0.51337000000000        0.20415000000000       -0.83800000000000
H            2.21518000000000       -0.08793000000000       -0.30913000000000
H            2.73690000000000       -3.12672000000000       -0.22260000000000
H            1.21155000000000       -3.73690000000000       -0.93581000000000
H            1.78028000000000       -2.11064000000000       -1.33759000000000
H           -1.67191000000000        0.00807000000000        2.85545000000000
H           -0.04468000000000        0.65140000000000        3.24351000000000
H           -0.80860000000000        0.97472000000000        1.65793000000000
H           -1.83014000000000       -3.00019000000000        3.57077000000000
H           -0.26431000000000       -3.21956000000000        4.39237000000000
H           -1.02517000000000       -1.62503000000000        4.36663000000000
H            0.16970000000000       -5.06285000000000        0.88835000000000
H            1.73760000000000       -4.82419000000000        1.70662000000000
H            0.24716000000000       -4.98001000000000        2.66008000000000
25
 energy: -30.287641108668 gnorm: 0.018327126851 xtb: 6.7.1 (edcfbbe)
C            1.16748819433692        0.10143461491064        0.00973318087670
C            0.70557909804100       -1.04463606714563        0.83592879269337
N            0.99919204239882       -2.33479748789394        0.61852451388331
C            1.73459258215400       -2.85971331096737       -0.51661763262373
C            0.48563639800602       -3.10247357713874        1.64887467996138
C           -0.16639626423712       -2.24265928202220        2.49626665661658
N           -0.04588338403807       -0.97657039548257        1.94554679789914
C           -0.65923950044304        0.22965076687566        2.47155928704898
C           -0.87005397522363       -2.53072669079482        3.76776975080235
C            0.67236357813770       -4.56836016625612        1.72393952109877
H            1.16551818304915        1.01236817101444        0.60040017993536
H            0.51886618924240        0.22932113094602       -0.85605087093856
H            2.18500034530055       -0.08081331295484       -0.32774462177331
H            2.74629531720567       -3.13480865821179       -0.21703120183861
H            1.22206451077499       -3.74101636490512       -0.90105481065246
H            1.77831929557785       -2.11478234606038       -1.30785295317160
H           -1.64447981381080       -0.01047943315170        2.86866855474584
H           -0.04107841304592        0.65960559591776        3.26058233384509
H           -0.78827107157271        0.95477242657980        1.67053327261116
H           -1.83900803633518       -2.99176314206808        3.57568006601668
H           -0.28007901191785       -3.22281170098658        4.36718643163250
H           -1.02300085199220       -1.62822148854708        4.35389538302452
H            0.18012556479073       -5.06294783842010        0.88650136359900
H            1.73144746912943       -4.82479743163893        1.69849103867438
H            0.24453155447130       -4.95491401159835        2.64531028603319
25
 energy: -30.288280256802 gnorm: 0.003633609458 xtb: 6.7.1 (edcfbbe)
C            1.14939550026469        0.09173075451085        0.00633928602908
C            0.69754579250098       -1.04866349833305        0.83407556075199
N            1.00716883169119       -2.33261844043692        0.62215792041567
C            1.73970047907964       -2.86204776358253       -0.50018361194609
C            0.48825767274706       -3.09264823537305        1.64492310673816
C           -0.16475168796262       -2.23676530058946        2.48741487515425
N           -0.03723788392334       -0.97414586900044        1.95100496137071
C           -0.64670259799872        0.22210699819613        2.48020668427866
C           -0.87373713080332       -2.52856985480872        3.75691206142447
C            0.67128676777789       -4.55960145504562        1.71831746312306
H            1.14893594407918        1.01003879335934        0.58607871255520
H            0.50914260814507        0.23471701578875       -0.86458939859319
H            2.16521700256516       -0.07857537757947       -0.34424910123295
H            2.75157355343963       -3.13713327749145       -0.20274543860243
H            1.23303389428575       -3.74972905559806       -0.87592574012771
H            1.78517170286724       -2.12292747340079       -1.29482258970034
H           -1.62794331397733       -0.02074778561241        2.88286860095044
H           -0.03272705005483        0.65484052511192        3.27039486975689
H           -0.77594359041437        0.95104267537394        1.68447333171176
H           -1.84784939012621       -2.97802513668498        3.56707192934171
H           -0.29375914713941       -3.23380078782858        4.34864799557066
H           -1.01643855042472       -1.62963463860040        4.34785605031601
H            0.18086410001221       -5.05736112377888        0.88258001515962
H            1.72800902200026       -4.82083298621166        1.69151417334935
H            0.24131747136890       -4.94078870238447        2.63871828220505
25
 energy: -30.288364823242 gnorm: 0.002395876042 xtb: 6.7.1 (edcfbbe)
C            1.14179323947083        0.09203932827200        0.00088773327427
C            0.69691908686487       -1.04729736821750        0.83243652055428
N            1.00985205862401       -2.33089893304536        0.62249063704030
C            1.74470043329573       -2.86347629971455       -0.49467901256210
C            0.49017203995753       -3.09079399685743        1.64413733195284
C           -0.16377428521158       -2.23491733295469        2.48641250670837
N           -0.03502944295652       -0.97271950080514        1.95144098392366
C           -0.64176791490241        0.22127395491823        2.48486305571315
C           -0.87640609059935       -2.52891661891438        3.75383943506461
C            0.67057429227680       -4.55832767375617        1.71719861359994
H            1.14054014361533        1.01229959208011        0.57814915997943
H            0.49702700316357        0.23125205768123       -0.86723106671085
H            2.15643102543013       -0.07597048945911       -0.35515215266159
H            2.75658924801373       -3.13656825716755       -0.19309466210277
H            1.24177578071824       -3.75506343918696       -0.86710209002247
H            1.79339247443673       -2.12960316305710       -1.29415342752102
H           -1.62222109307161       -0.02104583386065        2.89029814105021
H           -0.02573191861473        0.65040699135362        3.27624748240232
H           -0.77168334097237        0.95550577315214        1.69397558687090
H           -1.85545425915883       -2.96598004169267        3.55888137672676
H           -0.30432681188137       -3.24544401057068        4.33997301729249
H           -1.00940091755303       -1.63248523171108        4.35102302642516
H            0.17816394828274       -5.05418225144462        0.88138929098683
H            1.72701981378385       -4.82062484181241        1.68899291996777
H            0.24037548698768       -4.93860241322928        2.63781559204751
25
 energy: -30.288497030272 gnorm: 0.003453686432 xtb: 6.7.1 (edcfbbe)
C            1.12965513062280        0.09411669268773       -0.00940286200573
C            0.69762363224616       -1.04393574287082        0.83003520154140
N            1.01314026982936       -2.32769298354762        0.62207389424872
C            1.75399146320159       -2.86658153506487       -0.48598356483408
C            0.49407839856655       -3.08810245985354        1.64344842537192
C           -0.16159348758048       -2.23188494523480        2.48561486981322
N           -0.03332016018799       -0.97042914866065        1.95036095384490
C           -0.63477233021794        0.22032039921136        2.49307723405482
C           -0.88130781541591       -2.52939192878395        3.74868988659163
C            0.67081199404090       -4.55641213705690        1.71626942837410
H            1.12788638710337        1.01721313502526        0.56383056254606
H            0.47331930394578        0.22410376991811       -0.87084149522846
H            2.14121149215456       -0.07047941406963       -0.37601697924477
H            2.76597473738237       -3.13446086882893       -0.17533124302775
H            1.25790925124958       -3.76511372856834       -0.85238034244550
H            1.80805028892544       -2.14288252551661       -1.29490981710909
H           -1.61471204510427       -0.02081174291547        2.90150194669975
H           -0.01428322200897        0.64036678858680        3.28763559398269
H           -0.76488698974568        0.96510254884024        1.71165604195565
H           -1.87381095566995       -2.93318564736883        3.54294818399098
H           -0.32982872389447       -3.27473598555492        4.32001549929017
H           -0.98740381261364       -1.63995195029757        4.36311539917360
H            0.17268065141108       -5.04906211026220        0.88163328781033
H            1.72664961358111       -4.82089591778057        1.68372766553318
H            0.24246692817864       -4.93535256203330        2.63827222907226
25
 energy: -30.288611336388 gnorm: 0.006389780501 xtb: 6.7.1 (edcfbbe)
C            1.11310937194274        0.09548001176505       -0.02291103168490
C            0.69827183181620       -1.04099551379133        0.82763112161641
N            1.01658490677195       -2.32481764397351        0.62173611694961
C            1.76796467267341       -2.86938823373132       -0.47542697080582
C            0.49818659587241       -3.08577291381853        1.64323735053833
C           -0.15961888405664       -2.22946991670259        2.48463072265929
N           -0.03276299500258       -0.96862267831741        1.94845796541172
C           -0.62551581096835        0.21973104871365        2.50400622361969
C           -0.88839517914214       -2.52902083477428        3.74202378696284
C            0.67186836319074       -4.55461066149742        1.71538465534872
H            1.11213529132696        1.02216668280725        0.54458069341938
H            0.44120186314288        0.21387839981770       -0.87504522461498
H            2.11990415199477       -0.06443714347305       -0.40418072432910
H            2.77978377721390       -3.12846655160825       -0.15329093807424
H            1.28099075576740       -3.77559501679965       -0.83589048208895
H            1.82627984616134       -2.15596547604116       -1.29349543095737
H           -1.60554688010754       -0.01922935775003        2.91403670343865
H            0.00074096137762        0.62652544522995        3.30234729946325
H           -0.75338951469366        0.97645811333340        1.73339475021674
H           -1.90100050662691       -2.88136199814334        3.52562608484038
H           -0.36920794715572       -3.31625831097135        4.29072978505301
H           -0.95220565450896       -1.65109961615961        4.38200883786103
H            0.16597838627014       -5.04454423158283        0.88350793952092
H            1.72664923877459       -4.82230462749933        1.67629042095153
H            0.24752335796545       -4.93241897503203        2.63965034468389
25
 energy: -30.288702946956 gnorm: 0.006491839824 xtb: 6.7.1 (edcfbbe)
C            1.09966521386628        0.09478362957707       -0.03296702072296
C            0.69829848439111       -1.04040116598121        0.82641325713182
N            1.01870755255108       -2.32406492332759        0.62192232309830
C            1.78019531209750       -2.86972932898115       -0.46831301019638
C            0.50056846027280       -3.08546377448775        1.64382995413333
C           -0.15932643876504       -2.22943021994545        2.48384704438968
N           -0.03386222630889       -0.96864310676629        1.94658853250800
C           -0.61788798320190        0.21968566789560        2.51229025434171
C           -0.89465669818964       -2.52745501151690        3.73718872130880
C            0.67294132078345       -4.55442239972114        1.71464345897573
H            1.10045172225515        1.02408066796019        0.52991234853354
H            0.41569228936106        0.20470908179130       -0.87718137820507
H            2.10214171462728       -0.06174332082280       -0.42603558873116
H            2.79163080091504       -3.12008483229532       -0.13782916584205
H            1.30097948467569       -3.78076962799162       -0.82645420231784
H            1.83928353877309       -2.16092513405138       -1.29007082938875
H           -1.59862821568515       -0.01622088956987        2.92223828714397
H            0.01329285151039        0.61461386603504        3.31289977580747
H           -0.74138448101033        0.98411164764239        1.74873922738461
H           -1.92107144074378       -2.83772759403902        3.51755236856193
H           -0.40345123637260       -3.34439749909545        4.26786408988686
H           -0.92451563686444       -1.66084516510844        4.39583176314316
H            0.16106083567076       -5.04287962099842        0.88543669707784
H            1.72677575491217       -4.82460416513441        1.66993120805051
H            0.25262902047887       -4.93231678106742        2.64076188392698
25
 energy: -30.288838988106 gnorm: 0.003199418077 xtb: 6.7.1 (edcfbbe)
C            1.08485212488346        0.09117778637494       -0.04251722618546
C            0.69761000482183       -1.04238303753894        0.82624582622998
N            1.02008890778883       -2.32554904165157        0.62301902452888
C            1.79462676766391       -2.86715068141913       -0.46236276700728
C            0.50172655269065       -3.08740881038296        1.64563419411657
C           -0.16089413196068       -2.23211861867416        2.48312390003954
N           -0.03715270732977       -0.97082275612971        1.94424339727587
C           -0.60956402205161        0.21988422481695        2.52019771773160
C           -0.90226953551960       -2.52373601074428        3.73306220491744
C            0.67470596439865       -4.55609646775418        1.71385314955232
H            1.08967864908547        1.02289491587876        0.51542550812329
H            0.38813464756170        0.19366611082769       -0.87716769429303
H            2.08166214072923       -0.06234543075978       -0.44898149292470
H            2.80557456366907       -3.10515317448401       -0.12431471835585
H            1.32528203846356       -3.78217535682402       -0.82125395920694
H            1.85027396896928       -2.15828267064040       -1.28338020571217
H           -1.59213740865414       -0.01059320205258        2.92791150468305
H            0.02700910786683        0.60014184492236        3.32255295394054
H           -0.72441740155995        0.99012400597954        1.76205937222737
H           -1.94115191718196       -2.78383049786772        3.51640618251240
H           -0.44630748704970       -3.36992422878280        4.24295513414589
H           -0.89232718807449       -1.67250211822202        4.40977300817910
H            0.15656818768118       -5.04394161695134        0.88823699436232
H            1.72746632427076       -4.82836706488413        1.66212614102040
H            0.26049184883746       -4.93564810303655        2.64219185009892
25
 energy: -30.288917577310 gnorm: 0.006271586256 xtb: 6.7.1 (edcfbbe)
C            1.07114267290840        0.08618665990286       -0.05007885334609
C            0.69659792808703       -1.04543100808469        0.82664678166026
N            1.02168295023789       -2.32781358325965        0.62502317824371
C            1.80707950360149       -2.86351490553852       -0.45705048920663
C            0.50234468209270       -3.08978751999308        1.64759858290696
C           -0.16223631956779       -2.23523288034974        2.48275868228042
N           -0.03906175941589       -0.97344696368027        1.94327931007095
C           -0.60307670423508        0.21873017983913        2.52572847230683
C           -0.90946526288368       -2.51907354997792        3.73027849520153
C            0.67795785896976       -4.55811599891510        1.71358745373340
H            1.08167992250470        1.02001917927139        0.50367942792146
H            0.36277676915867        0.18466073354920       -0.87523118348987
H            2.06210302509084       -0.06499883335744       -0.47041149817902
H            2.81854894640220       -3.08801917390645       -0.11393401210744
H            1.34919492110705       -3.78363167452536       -0.81657696222873
H            1.85642036217487       -2.15343666782333       -1.27714617351985
H           -1.58782286812264       -0.00676058923621        2.93015841189150
H            0.03605507882138        0.58689353372216        3.33051466879763
H           -0.70897763021124        0.99324306077421        1.77135982262848
H           -1.96590316273791       -2.71433535803016        3.51550432492948
H           -0.49715522907969       -3.40574408105647        4.21404646203015
H           -0.84616984133620       -1.68423870337877        4.42868489951166
H            0.15448422829326       -5.04650246531093        0.89175275018863
H            1.73019114379366       -4.83011686447418        1.65436594651089
H            0.27113878434617       -4.93967252616069        2.64450150126374
25
 energy: -30.289022354969 gnorm: 0.004870068867 xtb: 6.7.1 (edcfbbe)
C            1.06867314753697        0.08014860123297       -0.04837848765341
C            0.69504813189177       -1.05072076392206        0.82833527374818
N            1.02118613123994       -2.33243876671127        0.62740691253171
C            1.80996754448456       -2.85788051084544       -0.45895394887225
C            0.50107746163284       -3.09423464073492        1.65017649255716
C           -0.16495420760192       -2.24038288352572        2.48309486548503
N           -0.04164927773470       -0.97778923956352        1.94322544043747
C           -0.60359051045304        0.21695908090041        2.52347247085192
C           -0.91275204181840       -2.51353817992977        3.73214287531185
C            0.68202528966172       -4.56194070017957        1.71419392674685
H            1.08683054314281        1.01312140336075        0.50612922051900
H            0.35705210841367        0.18386849428516       -0.86852303146825
H            2.05590289938018       -0.07307182283488       -0.47476711720957
H            2.82334879642539       -3.07161495674596       -0.11934158397033
H            1.36011718571858       -3.78007038669130       -0.82161799294739
H            1.84721540807582       -2.14084727794550       -1.27381789661369
H           -1.59115700734722       -0.00436881295088        2.92243380259223
H            0.03308713392425        0.58081276570562        3.32990374221967
H           -0.70066725978387        0.98916421283212        1.76647303257416
H           -1.97339356639207       -2.66586332152338        3.52723434045310
H           -0.53242533309675       -3.41699926221737        4.20046569942261
H           -0.81499873609401       -1.69283298617575        4.43809345296361
H            0.15726987235883       -5.05253798563446        0.89483210608950
H            1.73470472961460       -4.83036348539366        1.65012405620360
H            0.28161155681998       -4.94671857479165        2.64670234802733
25
 energy: -30.289104761509 gnorm: 0.007177657278 xtb: 6.7.1 (edcfbbe)
C            1.06487874296771        0.07734250773839       -0.04921307114495
C            0.69412500899793       -1.05358291187492        0.82816809013455
N            1.02231925506555       -2.33508668994866        0.62875515073613
C            1.81340049981997       -2.85580880807933       -0.45835039529896
C            0.50262684812221       -3.09698357131203        1.65184214107542
C           -0.16557474656467       -2.24333179818724        2.48301540599900
N           -0.04258655746846       -0.98069917316811        1.94267795600996
C           -0.60493499853157        0.21343397848135        2.52307568797181
C           -0.91686745655909       -2.50818260055433        3.73188423629745
C            0.68794422951526       -4.56439918822131        1.71517508273649
H            1.09168599103566        1.00917635949240        0.50719222165906
H            0.34574347310296        0.18573392389026       -0.86254777298310
H            2.04779866414198       -0.07805732743906       -0.48491928583696
H            2.83048135842950       -3.05664457124663       -0.12123470842952
H            1.37342961291007       -3.78403532273594       -0.81812951141924
H            1.83935161469077       -2.13985060472882       -1.27519565650648
H           -1.59507627390528       -0.00619987776673        2.91678586898377
H            0.02811018572238        0.57292618862830        3.33443950589533
H           -0.69559329777182        0.98829809351527        1.76766633648373
H           -1.99013983569963       -2.59463809076586        3.53217742343396
H           -0.58221316701913       -3.44590904911349        4.17511449296710
H           -0.76510351180852       -1.70731531323392        4.45701161851501
H            0.15982766980842       -5.05653418906048        0.89880462902675
H            1.74132685330963       -4.82881118883318        1.64483839647147
H            0.29456983768811       -4.95098077547593        2.65000615722228
25
 energy: -30.289254518881 gnorm: 0.006053408625 xtb: 6.7.1 (edcfbbe)
C            1.07134302727171        0.07926424152090       -0.04449437959340
C            0.69345780784564       -1.05426323656999        0.82653606648068
N            1.02346657539825       -2.33624140500461        0.62875250317721
C            1.80725040658248       -2.85779179471451       -0.46122159152669
C            0.50551174457483       -3.09817706121692        1.65227011450241
C           -0.16455411923973       -2.24399682276902        2.48296864289097
N           -0.04165736936447       -0.98218450770565        1.94251710001248
C           -0.61381346451583        0.20814425171557        2.51807229227371
C           -0.91664030714930       -2.50405192574890        3.73321897046775
C            0.69489687340668       -4.56558012886684        1.71728343316494
H            1.10840303833757        1.00669142227610        0.52008993201349
H            0.34959392201958        0.20059644102426       -0.85495499824268
H            2.05240291291004       -0.08241538855148       -0.48393956939901
H            2.83097452803137       -3.04862627543572       -0.13352924672597
H            1.37344249542379       -3.79325501944931       -0.81160872305400
H            1.82003739132358       -2.14925480928396       -1.28592995696747
H           -1.60595552462548       -0.01490298678062        2.90611036551367
H            0.01013717350375        0.57210787918727        3.33666507725286
H           -0.70353871926632        0.98525507231218        1.76353280449465
H           -1.99378534990861       -2.53662768473885        3.53840248893881
H           -0.62104784185890       -3.46446782798358        4.15607066826036
H           -0.72211041581073       -1.72437826506737        4.47251451160195
H            0.16593322661630       -5.05964647459076        0.90233551963476
H            1.74985959639077       -4.82400569289402        1.64376115291619
H            0.30592239210298       -4.95233200066414        2.65361682191238
25
 energy: -30.289365517314 gnorm: 0.005290272625 xtb: 6.7.1 (edcfbbe)
C            1.08592349059781        0.08591178373665       -0.03587778924409
C            0.69324569523886       -1.05193613521513        0.82396155149369
N            1.02393681042900       -2.33457707993818        0.62674267023042
C            1.79408792020709       -2.86364335721907       -0.46646740433116
C            0.50814186093066       -3.09669182784445        1.65047121198178
C           -0.16216372735540       -2.24173407019669        2.48249635784843
N           -0.03976087270279       -0.98132443004670        1.94229961670458
C           -0.62765416907544        0.20305565097196        2.51078037190783
C           -0.91143525026371       -2.50285046515686        3.73495014784774
C            0.69995820892196       -4.56407381337710        1.71967139643575
H            1.13062801842679        1.00677868607192        0.54032616411923
H            0.36925005443966        0.22434495241636       -0.84894579978147
H            2.06803497672375       -0.08442340862861       -0.47139207008179
H            2.82421320270615       -3.05155212859109       -0.15198710496049
H            1.35892993851553       -3.80472077802859       -0.80166697572728
H            1.79739365313678       -2.16745165133052       -1.30222581497687
H           -1.61977187205320       -0.02920633133367        2.89525245456682
H           -0.01421165383336        0.57884304027697        3.33469019472643
H           -0.72331311604238        0.98049211892773        1.75626224806221
H           -1.98244012681114       -2.51331546917046        3.54511351610673
H           -0.63233755141613       -3.46579842300280        4.14702095459163
H           -0.70151556171044       -1.73912799792236        4.47855234446352
H            0.17381621957841       -5.06050503173145        0.90413923756923
H            1.75636435778918       -4.81808736774145        1.64876615642965
H            0.31020949362231       -4.94854646592639        2.65610636401753
25
 energy: -30.289416940802 gnorm: 0.007974816172 xtb: 6.7.1 (edcfbbe)
C            1.09303601398715        0.08743968236317       -0.02982548443744
C            0.69257612436178       -1.05314554135452        0.82285944696962
N            1.02429786389559       -2.33545162136489        0.62591060637840
C            1.78900579160837       -2.86518954567936       -0.47054703192242
C            0.51015030775812       -3.09795935948836        1.65037866723076
C           -0.16159221740760       -2.24336384398444        2.48152222206219
N           -0.04156285696530       -0.98361115050627        1.94025992029505
C           -0.63980241816858        0.19668199526785        2.50528911177437
C           -0.91078182396633       -2.49628971859335        3.73512413268257
C            0.70930983160852       -4.56428036341823        1.72260444841177
H            1.15116603880728        1.00204621474214        0.55575182469376
H            0.37543798704261        0.24309106457026       -0.83833550479390
H            2.07077540337179       -0.09172061024343       -0.47089177019675
H            2.82531275666548       -3.03866326448922       -0.16790645333983
H            1.35994659068067       -3.81444316755615       -0.79018749301061
H            1.77436637152963       -2.17750685701097       -1.31335272788219
H           -1.63363465424192       -0.04260701704649        2.88172218275886
H           -0.03586506632957        0.57508088331862        3.33470923186895
H           -0.73300436119588        0.97424670721985        1.75127998034119
H           -1.99005972685721       -2.42455333294404        3.55955234482770
H           -0.68866588411319       -3.49589087337225        4.10997567975377
H           -0.63604032914503       -1.76639771677108        4.50184005982661
H            0.18274904703896       -5.06593563733136        0.91064093988357
H            1.76660482148134       -4.81337169711970        1.64887611504842
H            0.32580438855329       -4.94834522920776        2.66178955077559
25
 energy: -30.289470047324 gnorm: 0.002252843046 xtb: 6.7.1 (edcfbbe)
C            1.09264193358526        0.08677206808733       -0.03039836043063
C            0.69319757478655       -1.05266180650162        0.82392176226714
N            1.02324381453403       -2.33473418727680        0.62562364494198
C            1.78973854628069       -2.86442768652268       -0.47083864510131
C            0.50866826177663       -3.09718222599143        1.65024716751576
C           -0.16219251010173       -2.24293991851313        2.48156571335406
N           -0.04229140940140       -0.98259174916410        1.94014581075380
C           -0.63715958595021        0.19973974859714        2.50611505451679
C           -0.91010069005809       -2.49894316445077        3.73482624151824
C            0.70655508644649       -4.56327765312472        1.72237153379063
H            1.14640187144505        1.00262125477490        0.55224507607031
H            0.37757136194785        0.23804045215645       -0.84082970137472
H            2.07168052525918       -0.09010513173495       -0.46874756937157
H            2.82292521746221       -3.04273187528226       -0.16496790062560
H            1.35688764282167       -3.80986514923080       -0.79422703559499
H            1.77976784458850       -2.17280260164439       -1.30922201155248
H           -1.62969552110139       -0.03895695185506        2.88508279336521
H           -0.02950391351065        0.57701648474118        3.33163652045270
H           -0.73168690709667        0.97491423982565        1.75034176642578
H           -1.98556215858371       -2.45528332906262        3.55875596525917
H           -0.66909230444662       -3.48590388535749        4.11966677248728
H           -0.65739635088737       -1.76007180443503        4.49385243547021
H            0.18132558055708       -5.06502915352048        0.90974285253475
H            1.76330416555380       -4.81485572274182        1.65129667644118
H            0.32030192409282       -4.94688025177249        2.66083343688633
25
 energy: -30.289495279772 gnorm: 0.001291958493 xtb: 6.7.1 (edcfbbe)
C            1.09609473650221        0.08712669713508       -0.02802841102075
C            0.69323530115432       -1.05284775148596        0.82401447556820
N            1.02274432281464       -2.33467168928734        0.62510875557863
C            1.78757730006710       -2.86476360821921       -0.47322862038546
C            0.50867609209106       -3.09722423799099        1.65029213983393
C           -0.16286192398579       -2.24339180211181        2.48096601599124
N           -0.04374011444059       -0.98278373965092        1.93900297876322
C           -0.64084133154510        0.19943577145132        2.50399995316818
C           -0.90969564499835       -2.49853661890863        3.73451638653785
C            0.70915052101176       -4.56264737121711        1.72403171574575
H            1.15417110200388        1.00084701336711        0.55731527538856
H            0.38155224561364        0.24403477680026       -0.83745131179096
H            2.07406304042968       -0.09262379567106       -0.46753875402911
H            2.82209532072254       -3.03831926150152       -0.17071738072741
H            1.35573416295916       -3.81224309668223       -0.79152238125232
H            1.77098367101570       -2.17474236306554       -1.31259164790075
H           -1.63326436046450       -0.04179273026539        2.88121437344227
H           -0.03501764846102        0.57723635265979        3.32972519793857
H           -0.73559670905594        0.97322327660842        1.74705284477786
H           -1.98525256912750       -2.43626111374291        3.56514916963436
H           -0.68290256671718       -3.49262865036028        4.10894022062838
H           -0.64199271641612       -1.77068619999446        4.49923540179440
H            0.18493639312714       -5.06711270886575        0.91248805896346
H            1.76616058523353       -4.81318609477951        1.65388545944640
H            0.32352079046570       -4.94558105422133        2.66318008390552
25
 energy: -30.289513452962 gnorm: 0.004503227803 xtb: 6.7.1 (edcfbbe)
C            1.10432268630837        0.08803271407597       -0.02251123778194
C            0.69280427818489       -1.05352349824546        0.82373376929458
N            1.02229224690047       -2.33481719169355        0.62438395490400
C            1.78231281150032       -2.86555849811619       -0.47888951651883
C            0.50911869729226       -3.09748046023253        1.65078364741758
C           -0.16533629676503       -2.24447886134024        2.47913312791372
N           -0.04762837183850       -0.98338292395778        1.93589504042938
C           -0.64988189734891        0.19856197647315        2.49854630944424
C           -0.91003814932824       -2.49806295885704        3.73320509874456
C            0.71702024933806       -4.56121283857214        1.72950927938306
H            1.17739415863182        0.99593268146534        0.57060544962857
H            0.38839735390767        0.26164011792963       -0.82747021394873
H            2.07821963767223       -0.10068286421761       -0.46780276911781
H            2.82234244011720       -3.02193411252427       -0.18719723850405
H            1.35692821977739       -3.82113309439256       -0.78173954573210
H            1.74399329801573       -2.18253567141000       -1.32375087901398
H           -1.64225112532240       -0.04762959810689        2.87206566919692
H           -0.04859761983307        0.57812784224485        3.32559772534292
H           -0.74536334185635        0.96979072005437        1.73902734564596
H           -1.98560442280632       -2.37411242061604        3.58172325229455
H           -0.73143009996127       -3.51586567314304        4.07451731863655
H           -0.59413447947505       -1.80718847724661        4.51667845580829
H            0.19567789449280       -5.07324396972168        0.92091087852607
H            1.77527311198022       -4.80712209255811        1.66145169909939
H            0.33369872041570       -4.94226084729158        2.67063337890711
25
 energy: -30.289531779784 gnorm: 0.002227751212 xtb: 6.7.1 (edcfbbe)
C            1.10255160306580        0.08769819006147       -0.02380145110796
C            0.69274082221578       -1.05336004983304        0.82382960656046
N            1.02240609896041       -2.33470908363440        0.62467722160689
C            1.78354625193474       -2.86512220903431       -0.47776666453984
C            0.50866137023203       -3.09729312143610        1.65073031498804
C           -0.16579033330463       -2.24418110607815        2.47910634511021
N           -0.04747925019687       -0.98307599371897        1.93619669837092
C           -0.64739979352033        0.19957701592021        2.49961035651254
C           -0.91084213640353       -2.49932211694126        3.73283042895993
C            0.71562566369259       -4.56120027322618        1.72925318347194
H            1.17416212737427        0.99657086870267        0.56771004934337
H            0.38612234989399        0.25867259143822       -0.82883038451366
H            2.07658759991050       -0.09991107548412       -0.46910536945044
H            2.82290181708893       -3.02251898530273       -0.18466333673004
H            1.35842402368958       -3.82006663118295       -0.78249356657323
H            1.74731908581291       -2.18163638281905       -1.32208748288541
H           -1.63941627052608       -0.04483244199801        2.87519029495735
H           -0.04392353434881        0.57881793615336        3.32543683310185
H           -0.74335364624809        0.97093547572393        1.74018944763430
H           -1.98501751616580       -2.38546798019318        3.57947357190279
H           -0.72531249509206       -3.51214760810131        4.07799650755670
H           -0.60280476636263       -1.80529816324068        4.51383277370977
H            0.19464436804606       -5.07250818381318        0.92000667681082
H            1.77383792035587       -4.80748695607507        1.66180178202388
H            0.33133863989535       -4.94227371588715        2.66991616317882
25
 energy: -30.289543420623 gnorm: 0.001065809871 xtb: 6.7.1 (edcfbbe)
C            1.10035688105066        0.08721389873991       -0.02513204953223
C            0.69239569730769       -1.05347197895462        0.82371284542671
N            1.02276827484265       -2.33489012593303        0.62520815674316
C            1.78502945440354       -2.86445364247382       -0.47631259479317
C            0.50837750487950       -3.09735218864416        1.65078537570356
C           -0.16650957121939       -2.24404020906352        2.47891331801024
N           -0.04757449195317       -0.98313523718934        1.93634784528415
C           -0.64513094478242        0.19995746007121        2.50037596223977
C           -0.91262133021576       -2.49981228491134        3.73217458689872
C            0.71539294064307       -4.56140401786565        1.72949562850277
H            1.17299309427632        0.99646635308175        0.56551770563768
H            0.38182137030840        0.25731760492319       -0.82845308778796
H            2.07322767385960       -0.10038966286983       -0.47280026097193
H            2.82489481592957       -3.01906145550928       -0.18334672095141
H            1.36310543945137       -3.82081331555019       -0.78069516508083
H            1.74763074107771       -2.18238870562064       -1.32157127598378
H           -1.63682981293007       -0.04226132055220        2.87839468992297
H           -0.03940490040687        0.57889746216031        3.32513052057461
H           -0.74130478674283        0.97176453517602        1.74136872698747
H           -1.98539588542839       -2.38271015601245        3.57866937368263
H           -0.73086565392616       -3.51371126647705        4.07453796457541
H           -0.60251647170965       -1.80975558206382        4.51464868816884
H            0.19472980702313       -5.07251551943669        0.91995074222309
H            1.77379332370477       -4.80699309349927        1.66208727058654
H            0.33116683055670       -4.94259755152547        2.67003175393301
25
 energy: -30.289567368846 gnorm: 0.001471859530 xtb: 6.7.1 (edcfbbe)
C            1.09574767014448        0.08607776246708       -0.02739413586781
C            0.69120335589780       -1.05420831139122        0.82322841934584
N            1.02340240839861       -2.33575939679523        0.62632509390792
C            1.78840958365735       -2.86267014224234       -0.47324225687739
C            0.50745978119455       -3.09805376878602        1.65066143177343
C           -0.16944515907132       -2.24444443670399        2.47762682841792
N           -0.04883054900117       -0.98399036720629        1.93608175199543
C           -0.64078686413519        0.20022146678320        2.50121054676006
C           -0.91839957176244       -2.50088799877004        3.72967748940458
C            0.71704736617815       -4.56207448807911        1.73115028764289
H            1.17625864662859        0.99464100829679        0.56333112403685
H            0.36978452618314        0.25884076948924       -0.82360262407842
H            2.06348333395182       -0.10418597004956       -0.48458102171392
H            2.83179037677422       -3.00212996397084       -0.18336866491750
H            1.37943811377901       -3.82683412167785       -0.77094054993159
H            1.74040766556096       -2.18772468788828       -1.32383359395308
H           -1.63116143973832       -0.03714021789089        2.88632707389918
H           -0.02935032624512        0.57935186746889        3.32270946872040
H           -0.73866995072377        0.97245914020837        1.74273734377391
H           -1.98791830268394       -2.35131764171954        3.58170238314546
H           -0.76342817826253       -3.52414330753359        4.05319037522312
H           -0.58526417017806       -1.83425304766155        4.52240555161850
H            0.19810911980087       -5.07457369903803        0.92141204817993
H            1.77638571955771       -4.80404914940741        1.66436701805176
H            0.33385684409458       -4.94329129790178        2.67185861144255
25
 energy: -30.289574287271 gnorm: 0.003165188638 xtb: 6.7.1 (edcfbbe)
C            1.09143807128211        0.08512862532853       -0.02974779052243
C            0.69073122464129       -1.05478470354496        0.82305937580905
N            1.02353630542583       -2.33628078425913        0.62684706362435
C            1.79239493014561       -2.86139715379678       -0.47106493905168
C            0.50691232798095       -3.09843670475475        1.65089615623672
C           -0.17150521278209       -2.24485821926002        2.47666491534672
N           -0.05026833017984       -0.98445249797074        1.93529239604865
C           -0.63702541102462        0.20138434064040        2.50219578580406
C           -0.92345548653070       -2.50136934161838        3.72681429079142
C            0.71937649900679       -4.56202184345215        1.73322529834809
H            1.18194631355627        0.99238366621430        0.56175174769683
H            0.35713285409299        0.26228512476229       -0.81745459421180
H            2.05317058239473       -0.10825687142904       -0.49814110858355
H            2.83905941581516       -2.98220091307327       -0.18380447842508
H            1.39691699967420       -3.83439701904366       -0.75854167953394
H            1.73057489727395       -2.19445434962088       -1.32748238217803
H           -1.62499176005067       -0.03388040459145        2.89452519232704
H           -0.01970730198628        0.58042862615983        3.31918370786382
H           -0.73856833873865        0.97244520041554        1.74311975464245
H           -1.98799194394263       -2.31086553285971        3.58631328309933
H           -0.80559414705756       -3.54097391253394        4.02671641616949
H           -0.56290932454069       -1.86388020916181        4.53255821527223
H            0.20205435236290       -5.07708587773799        0.92404778603324
H            1.77932183386130       -4.80166162201231        1.66766155624766
H            0.33698064931962       -4.94293762279990        2.67440403114539
25
 energy: -30.289584685231 gnorm: 0.001025433251 xtb: 6.7.1 (edcfbbe)
C            1.09063180371019        0.08527012977906       -0.03003542465109
C            0.69081863119619       -1.05489359245560        0.82299871632648
N            1.02357765785869       -2.33627844874529        0.62645528053540
C            1.79345051373853       -2.86170076868919       -0.47091499916683
C            0.50711772992218       -3.09864837034778        1.65059319938132
C           -0.17109704978215       -2.24533995488233        2.47659935924498
N           -0.04979597480261       -0.98465244852205        1.93543728272830
C           -0.63664054441975        0.20124226421337        2.50288324782955
C           -0.92339565385957       -2.50150315686658        3.72635041801766
C            0.71894155605271       -4.56221467717968        1.73251906413496
H            1.18100846366716        0.99262049944387        0.56133420133570
H            0.35602632964942        0.26227991215737       -0.81737772010432
H            2.05213470880854       -0.10749597791137       -0.49879770622512
H            2.83969632888178       -2.98132013657437       -0.18287062189128
H            1.39865104411561       -3.83488586291472       -0.75729925589131
H            1.73164930040472       -2.19557702841745       -1.32768170850756
H           -1.62405674957623       -0.03496759968638        2.89576129346313
H           -0.01893379981432        0.58051457751936        3.31924882152510
H           -0.73945094292346        0.97200819939883        1.74362360879412
H           -1.98714905786453       -2.30951993209768        3.58689321681735
H           -0.80567513974905       -3.53822557606971        4.02712542396228
H           -0.56392944610545       -1.86409370566090        4.53212982897226
H            0.20160101624294       -5.07685166522926        0.92306079237594
H            1.77866456016663       -4.80284346606853        1.66755915086272
H            0.33568471448179       -4.94306321419298        2.67344453013027
25
 energy: -30.289587125061 gnorm: 0.000723456794 xtb: 6.7.1 (edcfbbe)
C            1.08925383205092        0.08546375860616       -0.03054586998753
C            0.69096937055394       -1.05494325232951        0.82296811729507
N            1.02357505959633       -2.33617463888189        0.62594394087030
C            1.79537144042229       -2.86202751552141       -0.47030290050050
C            0.50720813428860       -3.09886521819320        1.65013264646776
C           -0.17051439040519       -2.24582501421310        2.47661169079120
N           -0.04920228182224       -0.98480602491051        1.93560692932038
C           -0.63608809262058        0.20107484939676        2.50384164216390
C           -0.92300080355007       -2.50156399170280        3.72610408881111
C            0.71770993090104       -4.56256285173588        1.73136122555663
H            1.17926689712833        0.99299022974378        0.56065206428219
H            0.35377261727338        0.26176962079606       -0.81715943125459
H            2.05042835956548       -0.10642217697008       -0.50013737365316
H            2.84126182028989       -2.97923896631584       -0.18077350665217
H            1.40214221886803       -3.83603078352450       -0.75506140070209
H            1.73328508377449       -2.19723144815831       -1.32791214458012
H           -1.62249788394287       -0.03634635538229        2.89830101684587
H           -0.01717481700221        0.58090692492153        3.31879818320930
H           -0.74110231142704        0.97125373243194        1.74428092621825
H           -1.98613207125083       -2.30751191227650        3.58671875394317
H           -0.80555916710391       -3.53636769327889        4.02775802438471
H           -0.56399558002326       -1.86318952461409        4.53149790263978
H            0.20066644352443       -5.07626977158899        0.92107776066433
H            1.77713762447766       -4.80471083326644        1.66764703619487
H            0.33274856643335       -4.94351114303196        2.67163067767135
