23
 energy: -34.282181927968 gnorm: 0.083190885047 xtb: 6.7.1 (edcfbbe)
C            1.04734000000000        0.04176000000000        0.03197000000000
C            0.36744000000000        1.12115000000000        0.44252000000000
C           -1.12038000000000        1.27698000000000        0.35749000000000
N           -1.68372000000000        1.39334000000000        1.72412000000000
C           -1.92963000000000        0.27038000000000        2.43892000000000
C           -2.45032000000000        0.34708000000000        3.72384000000000
C           -2.73875000000000        1.59354000000000        4.26869000000000
C           -2.46257000000000        2.74116000000000        3.52982000000000
C           -1.93707000000000        2.61453000000000        2.24885000000000
C           -3.27041000000000        1.76839000000000        5.63822000000000
N           -4.04101000000000        0.98541000000000        6.33066000000000
O           -4.47702000000000       -0.13911000000000        5.63132000000000
H            0.56639000000000       -0.82934000000000       -0.40578000000000
H            2.13310000000000        0.00639000000000        0.11121000000000
H            0.93168000000000        1.95940000000000        0.84882000000000
H           -1.38381000000000        2.17851000000000       -0.20555000000000
H           -1.60895000000000        0.42487000000000       -0.12880000000000
H           -1.69097000000000       -0.68404000000000        1.97676000000000
H           -2.60722000000000       -0.56767000000000        4.28940000000000
H           -2.66075000000000        3.73104000000000        3.93621000000000
H           -1.70912000000000        3.48418000000000        1.63820000000000
H           -2.97801000000000        2.70963000000000        6.13712000000000
H           -5.05162000000000       -0.57889000000000        6.29015000000000
23
 energy: -34.287962512050 gnorm: 0.031513592490 xtb: 6.7.1 (edcfbbe)
C            1.03466420078965        0.04831710490894        0.03963192451103
C            0.36911444837820        1.11582703472384        0.44806903410502
C           -1.12067187503587        1.27309041534717        0.37184117146587
N           -1.69302362495744        1.39458223180664        1.72347081572470
C           -1.92633957093512        0.28324994723077        2.44097585561653
C           -2.44367972226912        0.35207129041650        3.71723605371081
C           -2.72496565369331        1.59975856221805        4.27853599473020
C           -2.44506688842994        2.74136440079334        3.52200985556860
C           -1.93574508302034        2.60675907759644        2.24795195840502
C           -3.26849152526858        1.76701134905259        5.63010985857957
N           -4.04281841756392        0.99839478335150        6.28729865196024
O           -4.44781339812065       -0.16217835162742        5.65604023394675
H            0.55250539379856       -0.81265512203438       -0.39746423993110
H            2.11063754027330        0.00951566610518        0.10592223190759
H            0.91573450232539        1.95538154264505        0.85952223949562
H           -1.37839869011457        2.17519580326285       -0.19019677204221
H           -1.58450268382994        0.41457022536308       -0.12107520200114
H           -1.69251205684904       -0.66442027711416        1.97608385262552
H           -2.62054880043867       -0.56009371091044        4.26855133290901
H           -2.64435316535640        3.72751911257223        3.91696975411438
H           -1.71308324288529        3.46896536942530        1.63476409126149
H           -2.99694840993647        2.68737391670010        6.14194509371423
H           -5.05907327686042       -0.57091037183319        6.29596620962225
23
 energy: -34.289082828894 gnorm: 0.013199248453 xtb: 6.7.1 (edcfbbe)
C            1.02717084216093        0.05274216554727        0.04433150535929
C            0.37111878117119        1.11682351302767        0.45844954221003
C           -1.12283677915001        1.27132561530129        0.37791656305416
N           -1.69724073110916        1.39540981073309        1.71664040792367
C           -1.92768332647189        0.29144370452799        2.43654286420853
C           -2.44026543784601        0.35724542212571        3.70938027288455
C           -2.71069481546304        1.60646870400981        4.28463002067622
C           -2.43090343403416        2.74343571419803        3.51352170332216
C           -1.93353499942227        2.60332305147797        2.24154489347312
C           -3.26219497107156        1.76246257154825        5.62731606168411
N           -4.02215462157799        0.98386163434879        6.26941835829138
O           -4.45400710062260       -0.16630468255049        5.67006965125385
H            0.53791145556553       -0.80303308265388       -0.38846221403659
H            2.09865054931872        0.00453687320204        0.10511080695914
H            0.90124692401189        1.95977958686084        0.87895879089397
H           -1.37468404153725        2.17173117428239       -0.18773587802111
H           -1.56634298016995        0.40522009801771       -0.11792196203465
H           -1.69513176744383       -0.65407230070012        1.97191065931152
H           -2.62523847404620       -0.55188066286501        4.25667975469677
H           -2.61989348342095        3.72861405549054        3.90691696801094
H           -1.71852106093968        3.46209046873294        1.62425863374162
H           -3.02903941931707        2.68087643314483        6.14601947571843
H           -5.06111110858462       -0.57340986780764        6.30866312041892
23
 energy: -34.289369497436 gnorm: 0.007865564609 xtb: 6.7.1 (edcfbbe)
C            1.02450040531934        0.05228478145014        0.04855472384109
C            0.37235967673718        1.11839870992005        0.46579096469665
C           -1.12433393056810        1.27045225856033        0.37776619945071
N           -1.69782122090404        1.39612459693993        1.71148834061959
C           -1.93176370531786        0.29415298776332        2.43367844214431
C           -2.44440669080057        0.36209610850166        3.70574573932794
C           -2.70634933708479        1.61301743735462        4.28484203273541
C           -2.41663785090353        2.74784851418932        3.51242487661257
C           -1.92698012026883        2.60496681481821        2.23820453098873
C           -3.26928623765986        1.76555401110377        5.62239185621444
N           -4.03807943431461        0.98563248145781        6.25697122196800
O           -4.42158135056584       -0.19425562724242        5.68976004286016
H            0.52900011316676       -0.79700937029246       -0.39107829984942
H            2.09615816037128       -0.00261604738598        0.10642211705792
H            0.89566993804198        1.96258852619982        0.89235357067681
H           -1.37262490439493        2.16832020292705       -0.19321861671266
H           -1.56003732944711        0.40085653969195       -0.11825200998731
H           -1.70428157670111       -0.65297198811948        1.96896643082088
H           -2.63637803626075       -0.54564702609061        4.25309497349904
H           -2.59856732200086        3.73415185622419        3.90685867680397
H           -1.71617722278044        3.46303282800994        1.61782227327060
H           -3.04796612108007        2.68264265806441        6.14867116193294
H           -5.05979590258322       -0.58093125404557        6.31490075102766
23
 energy: -34.289509100157 gnorm: 0.002732530095 xtb: 6.7.1 (edcfbbe)
C            1.02390087547462        0.05317134324284        0.04914296323081
C            0.37350932312822        1.12000487714956        0.46992910630596
C           -1.12519027842486        1.26988930659018        0.37612580075141
N           -1.69970879358474        1.39646082951738        1.70709448945070
C           -1.93898181760994        0.29448715120369        2.42992016240406
C           -2.44848880107155        0.36485834310794        3.70346276723946
C           -2.70296814672907        1.61672108643071        4.28442301415945
C           -2.40625622170759        2.75082742465900        3.51374937936247
C           -1.92171578142163        2.60687456708670        2.23694356469152
C           -3.27477278077242        1.76823081096796        5.61804270849965
N           -4.03888928360901        0.98033410585945        6.25415400524950
O           -4.40601954863479       -0.20691062174695        5.69978588065467
H            0.52326864067362       -0.79125189856273       -0.39564944457722
H            2.09557541590571       -0.01030574631988        0.11355235715581
H            0.89283859568823        1.96228481648067        0.90530401571386
H           -1.37147312962212        2.16522934830109       -0.19981283903592
H           -1.55664515023070        0.39855694683758       -0.12013333286725
H           -1.71684752823251       -0.65436041284642        1.96460909043496
H           -2.64585099457454       -0.54219992513511        4.25112571701206
H           -2.57823056428683        3.73855123449288        3.91157457175848
H           -1.70899330987212        3.46517434849256        1.61666979005967
H           -3.07764787916231        2.69471740583154        6.14156573623540
H           -5.04579284132365       -0.59265534164062        6.32258049611053
23
 energy: -34.289635022120 gnorm: 0.004823328124 xtb: 6.7.1 (edcfbbe)
C            1.02427741025430        0.05298236444450        0.05251797757819
C            0.37491779043475        1.11929799099578        0.47760247270064
C           -1.12498766331237        1.26944807258761        0.37439753476168
N           -1.70175663514852        1.39735579729832        1.70295836178032
C           -1.95292603453141        0.29483813968579        2.42369041736114
C           -2.46139528714063        0.36783301588726        3.69782870838906
C           -2.70608111579880        1.62070513582021        4.28056944050034
C           -2.39364792465960        2.75431291813624        3.51589009255303
C           -1.91027481727566        2.60960525473728        2.23824555012279
C           -3.28949977069220        1.77513927172749        5.60757072201260
N           -4.03941235749115        0.97703911844599        6.25216793636389
O           -4.37910736243572       -0.22515579538767        5.71727055660257
H            0.51945798068672       -0.78262671579407       -0.40550529409870
H            2.09607898975740       -0.01714304957159        0.11965952812056
H            0.89066076984467        1.95793058975265        0.92395554584669
H           -1.36860513750725        2.16250871830239       -0.20662164199990
H           -1.55336764627876        0.39709079343233       -0.12227890990858
H           -1.74010292132302       -0.65583018925442        1.95642278232952
H           -2.66463099403482       -0.53854934998257        4.24534922569924
H           -2.55033837032025        3.74361642560995        3.91868576743209
H           -1.68888503810153        3.46808913721127        1.62059077608415
H           -3.12075711718457        2.71343568497359        6.12253871345322
H           -5.01499674774157       -0.61323332905831        6.34065373631550
23
 energy: -34.289772840691 gnorm: 0.007407677546 xtb: 6.7.1 (edcfbbe)
C            1.02684776876815        0.05549621122765        0.04920230472226
C            0.37695565439667        1.11786189783103        0.48378159302797
C           -1.12311351799863        1.26940489767919        0.37300369891119
N           -1.70316440448644        1.39872097599780        1.69964581882465
C           -1.97299750457972        0.29568782835008        2.41484470826031
C           -2.48383407595882        0.37068642372619        3.68804426504814
C           -2.71595187687340        1.62441342634606        4.27378311834356
C           -2.37867296574768        2.75755597352937        3.51855451716281
C           -1.89173810136601        2.61235679007176        2.24223444762207
C           -3.31281148368259        1.78514995943732        5.59235954423363
N           -4.04084401139997        0.97682310330015        6.25229282478433
O           -4.34009109678869       -0.24868403458429        5.74498607084016
H            0.51927582579861       -0.77379646419124       -0.41711181727203
H            2.09732489053309       -0.02435887796504        0.12981848318518
H            0.88926794058812        1.94915627670379        0.94782093628535
H           -1.36410210104783        2.16137956307562       -0.21097594386001
H           -1.55010666999098        0.39706071716610       -0.12452503753561
H           -1.77400617140284       -0.65638951279072        1.94365852757964
H           -2.69793467089977       -0.53554502689952        4.23241578325254
H           -2.51737184365140        3.74795290623269        3.92668516229959
H           -1.65259276338551        3.47063789071324        1.63030956572019
H           -3.17872551606201        2.73925739580832        6.09031561818995
H           -4.96699330476229       -0.64213832076550        6.37301581037420
23
 energy: -34.289936301708 gnorm: 0.007353310278 xtb: 6.7.1 (edcfbbe)
C            1.03098768903939        0.05474602643897        0.05261543685849
C            0.37917790456665        1.11312497428945        0.49284988365646
C           -1.11908873617070        1.26942370999796        0.37273311725446
N           -1.70415854347554        1.40055323028529        1.69774726729513
C           -1.99593616529850        0.29755266379515        2.40451348023853
C           -2.51272591304739        0.37300018933588        3.67516073661342
C           -2.73183805775957        1.62693614265878        4.26534492622810
C           -2.36650822989922        2.75941289324854        3.52054996463901
C           -1.87115055566211        2.61421198907576        2.24770201369340
C           -3.33925100708345        1.79493071450631        5.57658475264923
N           -4.04062134553792        0.97864804326921        6.25634912953615
O           -4.30249154625574       -0.26659066064197        5.77584505625176
H            0.52577092812713       -0.76508966694215       -0.43301609280393
H            2.10086793059609       -0.02433088030265        0.13199425529047
H            0.88990370919352        1.93867922350023        0.96789133744689
H           -1.35663524421499        2.16158160756234       -0.21258143835481
H           -1.54676481413993        0.39780863757951       -0.12547198412330
H           -1.81133678084821       -0.65482227057378        1.92844749441443
H           -2.74142053785642       -0.53365723968310        4.21306978069525
H           -2.48934416703795        3.74967582242931        3.93323379291671
H           -1.60796381186395        3.47167356454240        1.64382420865039
H           -3.23517938038519        2.76305584957452        6.05315546457447
H           -4.90967332498595       -0.67183456394589        6.41561741637937
23
 energy: -34.290120847666 gnorm: 0.003930232596 xtb: 6.7.1 (edcfbbe)
C            1.03800646172634        0.05718486851229        0.04750202398435
C            0.38269810668800        1.10930289655242        0.49606860832067
C           -1.11253748278115        1.27048016997680        0.37312879372801
N           -1.70320195467189        1.40224218972593        1.69733641093299
C           -2.01901004061532        0.30016807660987        2.39284097063946
C           -2.54651496079861        0.37427527966450        3.65896502365266
C           -2.75320653037129        1.62747215796672        4.25553926568402
C           -2.36013325051362        2.75855063873278        3.52101541618897
C           -1.85116857907683        2.61379625238175        2.25398272081771
C           -3.36509285514017        1.80211919775342        5.56267158361133
N           -4.03934653901453        0.98324131324553        6.26408566631609
O           -4.26955288133897       -0.27649410637890        5.80861093248292
H            0.53837657207985       -0.76164214326709       -0.44262849675470
H            2.10632031940181       -0.02217122140706        0.13795935183331
H            0.89365835388618        1.92770307708550        0.98301064666607
H           -1.34701015032272        2.16516210063844       -0.20936280352992
H           -1.54327938191556        0.40122550867007       -0.12693131527444
H           -1.84786913515733       -0.65112270152307        1.91115127921511
H           -2.79378554211708       -0.53313783937637        4.18680218253596
H           -2.47148121738170        3.74721129497984        3.93755275545807
H           -1.56193056827610        3.46962102464539        1.65963782411756
H           -3.28030212859467        2.77905482276222        6.01725507290828
H           -4.84901661569455       -0.69555285795087        6.46796608646563
23
 energy: -34.290253881854 gnorm: 0.005182670199 xtb: 6.7.1 (edcfbbe)
C            1.04604733403270        0.05641313256642        0.04704164140037
C            0.38924383674768        1.10408689748302        0.50304535053541
C           -1.10316553011053        1.27219238520717        0.37408047937452
N           -1.70185495538983        1.40349760384883        1.69550826009374
C           -2.04573393726693        0.30310707271997        2.37818129050199
C           -2.58492502189404        0.37605837473327        3.63934391692875
C           -2.77530126697753        1.62845851444865        4.24514297702566
C           -2.35473702757277        2.75701128858120        3.52049364724830
C           -1.83150471947289        2.61223849398385        2.25975102675199
C           -3.39009706727751        1.80825237432355        5.55001812316942
N           -4.03811852389731        0.98743144414936        6.27212672219352
O           -4.22957212455730       -0.29235318890745        5.85044854065873
H            0.55188897201238       -0.75678819431197       -0.45870148631490
H            2.11405478082545       -0.01983912010342        0.13891401025179
H            0.90131103129362        1.91664218875851        0.99843397577057
H           -1.33105576539442        2.17064369517284       -0.20539148583074
H           -1.53633392865052        0.40660605738741       -0.13055359427526
H           -1.88890522565834       -0.64713248939030        1.89037301335540
H           -2.85720369349271       -0.53163785352455        4.15445993151113
H           -2.45308239749764        3.74412927130363        3.94278115789698
H           -1.51677993811448        3.46606812054719        1.67602717143118
H           -3.33411657024356        2.79933303528981        5.98182600702255
H           -4.78543826144341       -0.71572910426687        6.53080932329900
23
 energy: -34.290363075776 gnorm: 0.006058366868 xtb: 6.7.1 (edcfbbe)
C            1.05732309122560        0.05674155080161        0.04509108476876
C            0.39896309495343        1.09956116364645        0.51002460358517
C           -1.09140405691283        1.27371169445374        0.37555058474624
N           -1.70112212752488        1.40308458821188        1.69273027504582
C           -2.07427319253172        0.30524879682390        2.36256318120853
C           -2.62645926706073        0.37807804330608        3.61830747999513
C           -2.79980987492364        1.62930980189522        4.23350053181391
C           -2.35597540002736        2.75432878800832        3.51769989229846
C           -1.81846214425775        2.60876036136044        2.26331530975578
C           -3.41188747772460        1.81214518678126        5.53969754471164
N           -4.03009284377885        0.98827038585254        6.28382379722091
O           -4.19898895495086       -0.29919668005476        5.89059126859201
H            0.56898007013182       -0.75261743935427       -0.47285910150568
H            2.12556616334407       -0.01582290376198        0.13856217012456
H            0.91242576040750        1.90684791132712        1.01317985937927
H           -1.31109459019449        2.17688868362909       -0.20014108092614
H           -1.52581771866410        0.41297140505361       -0.13666560261034
H           -1.92929889305621       -0.64399676764726        1.86977369619466
H           -2.92368170264498       -0.52819347042230        4.12133231210059
H           -2.44502589176231        3.73978116320373        3.94534749195301
H           -1.48232641198819        3.46037080892059        1.68996509234982
H           -3.36709384047009        2.80624204878138        5.95753069432352
H           -4.72582379158868       -0.72382512081618        6.59523891487454
23
 energy: -34.290430964113 gnorm: 0.005712021330 xtb: 6.7.1 (edcfbbe)
C            1.06803719173277        0.05859252408398        0.04065006208677
C            0.40949196342165        1.09606011327344        0.51832344759002
C           -1.08035739373599        1.27522732764793        0.37669619601301
N           -1.70149304447952        1.40219595304437        1.68820405007590
C           -2.10709977167022        0.30675303878694        2.34511058653089
C           -2.66972886975912        0.38089930523781        3.59640384305208
C           -2.82120054017832        1.63095105157398        4.22187193112285
C           -2.35138132570361        2.75272196839688        3.51681773200845
C           -1.80357947830771        2.60618563420742        2.26714650206087
C           -3.43450656051066        1.81714180634267        5.52731237957236
N           -4.02461615303424        0.98962017688981        6.29146075411260
O           -4.15145606148091       -0.31760011024857        5.93654907407601
H            0.58123189247558       -0.74617050368124       -0.48497396210801
H            2.13610372221757       -0.01752676205633        0.14203328008664
H            0.92236653930884        1.89599646440459        1.03549108393131
H           -1.29062847638488        2.18227488343004       -0.19695696011108
H           -1.51365685250906        0.41919387146377       -0.14416930972250
H           -1.97793092673356       -0.64233904273893        1.84615920323518
H           -2.99338115139212       -0.52281104174270        4.08815104841589
H           -2.42731351506518        3.73719575885167        3.95113789863233
H           -1.44606439161851        3.45648001026376        1.70453992561033
H           -3.41776529563992        2.82256474798239        5.92888858408833
H           -4.66045150095268       -0.73491717541343        6.65731264963994
23
 energy: -34.290463402168 gnorm: 0.004127660740 xtb: 6.7.1 (edcfbbe)
C            1.07335729049260        0.05954690112044        0.04183927580375
C            0.41488504446539        1.09518533214622        0.52362697127099
C           -1.07592382393089        1.27490212824779        0.37808533971825
N           -1.70393117397060        1.39978663326199        1.68567447432945
C           -2.11924650068680        0.30621817552810        2.33848789545413
C           -2.68379851770134        0.38185195664934        3.58881046622148
C           -2.82620249876164        1.63005755366832        4.21825250918959
C           -2.35538689763579        2.75045661120408        3.51597023180322
C           -1.80757760668116        2.60337759868295        2.26649874173938
C           -3.43144697431148        1.81378678695534        5.52820482201366
N           -4.01672509472173        0.98883006853378        6.29465029358775
O           -4.13933787006594       -0.31450434108264        5.94463845601921
H            0.58611450396490       -0.74254356883479       -0.48721599517229
H            2.14181955145460       -0.01782348059861        0.14334350167281
H            0.92691079625898        1.89351130172898        1.04361498993430
H           -1.28126263523985        2.18331272847512       -0.19530878622868
H           -1.50630358457476        0.42096839085958       -0.14819320805250
H           -1.99445539401985       -0.64243609322016        1.83726751370372
H           -3.01561391814593       -0.51882752489765        4.07784458588214
H           -2.43087010506100        3.73436056030627        3.95201423261829
H           -1.44895193729427        3.45353710509346        1.70670268308702
H           -3.41861332450889        2.81953282499563        5.93098874906897
H           -4.64281932932434       -0.72439764882326        6.66836225633557
23
 energy: -34.290498465822 gnorm: 0.002541209382 xtb: 6.7.1 (edcfbbe)
C            1.07689918828821        0.05933999889009        0.04531736019178
C            0.41799758131460        1.09312155989556        0.53013065056020
C           -1.07245257498308        1.27486181604909        0.37841507739422
N           -1.70540432779315        1.40023011332860        1.68329606117443
C           -2.13350933369244        0.30780074642171        2.33114837960596
C           -2.70136165582210        0.38456008312404        3.58015131790089
C           -2.83554297279165        1.63186172357491        4.21195335410627
C           -2.35256757866150        2.75150254741750        3.51526581319539
C           -1.80134221057583        2.60405184634110        2.26716215144224
C           -3.44399798242403        1.81805947617321        5.51998869540068
N           -4.01350964792480        0.98822340760139        6.29680138446587
O           -4.12346782232385       -0.31919369381969        5.95833403415361
H            0.58935695567561       -0.73739271675077       -0.49291235426152
H            2.14498177878016       -0.02025735370704        0.14838905428514
H            0.92858603190535        1.88806661382208        1.05633648904586
H           -1.27413984169691        2.18347287922543       -0.19601547554705
H           -1.50147864162579        0.42169455903238       -0.14982876561671
H           -2.01667025951153       -0.64063181405390        1.82697636498571
H           -3.04366233766885       -0.51494597547978        4.06547247528218
H           -2.42058574040175        3.73520650157099        3.95393860479874
H           -1.43248157732385        3.45381530961648        1.71130503112269
H           -3.43427747226568        2.82284050576527        5.91972137731782
H           -4.60674955847690       -0.73759813403835        6.69281291899580
23
 energy: -34.290510691614 gnorm: 0.001612508606 xtb: 6.7.1 (edcfbbe)
C            1.07756077395823        0.05908763618058        0.04774063089708
C            0.41832648102606        1.09189528558725        0.53404753585872
C           -1.07157615941180        1.27512510074792        0.37857052393190
N           -1.70649925578714        1.40094584665583        1.68220798362072
C           -2.13984081360202        0.30922526268328        2.32721499641379
C           -2.70900357282603        0.38583377363131        3.57577644032496
C           -2.83834153270604        1.63222209554078        4.20962890731619
C           -2.35050656921521        2.75169625235440        3.51550138552194
C           -1.79845198364524        2.60447174544243        2.26772922857525
C           -3.44753681842982        1.81893833791431        5.51704748679309
N           -4.01211320978989        0.98865490915195        6.29672446134379
O           -4.11252176208221       -0.32163601119144        5.96230858775628
H            0.58961744324140       -0.73479267287715       -0.49403696449795
H            2.14504002980713       -0.02297333878921        0.15294010051311
H            0.92763430826272        1.88429626086530        1.06520953476407
H           -1.27144991319788        2.18374679838926       -0.19638965394999
H           -1.49979785141427        0.42202738639726       -0.15025116935729
H           -2.02672295288072       -0.63834461741701        1.82113661498505
H           -3.05553374932232       -0.51317354484198        4.05909011999165
H           -2.41540011908914        3.73489748750462        3.95514136964140
H           -1.42643073791374        3.45363735229202        1.71297097631672
H           -3.44380848419707        2.82598580745890        5.91346313983830
H           -4.58802355078476       -0.74307715368030        6.70038776340144
23
 energy: -34.290527097166 gnorm: 0.001804188257 xtb: 6.7.1 (edcfbbe)
C            1.07730988994440        0.05788839391808        0.05677393468167
C            0.41687094633677        1.08865421763592        0.54536243022964
C           -1.07119596966001        1.27572548812537        0.37856306445789
N           -1.71119558667111        1.40355370587146        1.67897895701037
C           -2.15280460645663        0.31369104161340        2.31827206355954
C           -2.72270745548058        0.38974591468923        3.56674539163488
C           -2.84262203634252        1.63355419482962        4.20477707919808
C           -2.34797068967589        2.75277908880251        3.51493328485194
C           -1.79579094549256        2.60619319768151        2.26723403584794
C           -3.45165286910778        1.82014339194284        5.51194310420866
N           -4.00461248538644        0.98710719458957        6.29644746096139
O           -4.08713139743237       -0.32583846172222        5.96368270611326
H            0.58841058114631       -0.72796078527911       -0.49507486180715
H            2.14273024987769       -0.03236106510690        0.17076974054679
H            0.92181285509971        1.87465556730193        1.08937512190903
H           -1.26643111995844        2.18371572746170       -0.19866196642654
H           -1.49707105571118        0.42215607571408       -0.15106329944824
H           -2.04691321010314       -0.63140150942843        1.80795525790243
H           -3.07591780146067       -0.50816654180773        4.04626227550169
H           -2.40535950312920        3.73475192282348        3.95687205993593
H           -1.41865767493655        3.45364790819783        1.71358537701845
H           -3.45622173575376        2.82892333787109        5.90391424131296
H           -4.54825837964577       -0.75246800572490        6.70651254079963
23
 energy: -34.290534114113 gnorm: 0.002348612258 xtb: 6.7.1 (edcfbbe)
C            1.08151275389030        0.05720536571833        0.06171442810604
C            0.41968203112942        1.08525085786481        0.55428832562247
C           -1.06677444321240        1.27692822541823        0.37810649066921
N           -1.71477441213965        1.40475699185841        1.67489948686509
C           -2.17128651686412        0.31603643503239        2.30726649995396
C           -2.74442638270117        0.39210645733513        3.55431203565180
C           -2.85319141184195        1.63473711982092        4.19815746778004
C           -2.34778209395004        2.75261042073913        3.51315514583416
C           -1.79148797445194        2.60598630456221        2.26733285406142
C           -3.45752356825576        1.82085443599333        5.50750595296911
N           -3.99386219644759        0.98501467184731        6.30167963933070
O           -4.06392515766903       -0.32990595015600        5.97857573561356
H            0.59525311272120       -0.72325847029149       -0.50052811708577
H            2.14597477354215       -0.03577905058130        0.18277830651840
H            0.92249676886868        1.86618983282621        1.10784585676377
H           -1.25542033378542        2.18652310340114       -0.19920143727747
H           -1.49217695203586        0.42563859464416       -0.15588346965868
H           -2.07341833735124       -0.62848572613042        1.79335133901176
H           -3.10849419516514       -0.50492296316734        4.02816568168547
H           -2.39868939980152        3.73353440551501        3.95859743190166
H           -1.40393036037093        3.45232854293731        1.71854941401333
H           -3.47378081229718        2.83347844529289        5.89202193992373
H           -4.50935489181051       -0.75813805048000        6.73146899174652
23
 energy: -34.290541117838 gnorm: 0.000767784813 xtb: 6.7.1 (edcfbbe)
C            1.08171001099273        0.05625162882947        0.06371405200558
C            0.41956829047818        1.08431467543944        0.55579781852946
C           -1.06639378011969        1.27755261873344        0.37735664454089
N           -1.71636271814727        1.40528027766379        1.67330192796574
C           -2.17341637670939        0.31659740567357        2.30557503029279
C           -2.74568390480047        0.39264570119104        3.55286823431119
C           -2.85384880458768        1.63533030130494        4.19761790158265
C           -2.34929804401240        2.75277199656609        3.51202569615200
C           -1.79326165971572        2.60600117509929        2.26617766143166
C           -3.45609768350006        1.82058730260276        5.50828888962899
N           -3.99122504926421        0.98479064717106        6.30205405886873
O           -4.06189857345486       -0.33025613713769        5.97921678149693
H            0.59711856160291       -0.72384013345397       -0.50028109353327
H            2.14603108217827       -0.03648464447953        0.18672492880033
H            0.92199890138453        1.86459099587943        1.11043578851176
H           -1.25299755676164        2.18785474250779       -0.19961368509614
H           -1.49231155386240        0.42737465091068       -0.15813589850989
H           -2.07547125686641       -0.62817630465526        1.79174572289665
H           -3.10972183300760       -0.50437259913913        4.02637513380628
H           -2.40061388164545        3.73347529583891        3.95811141723562
H           -1.40532881277778        3.45226391202185        1.71812362338411
H           -3.47015192210676        2.83091340762046        5.89465531048663
H           -4.50772343529654       -0.75677691618804        6.73202405521161
23
 energy: -34.290545180592 gnorm: 0.001073725234 xtb: 6.7.1 (edcfbbe)
C            1.08018534541250        0.05355385997734        0.06835345528770
C            0.41760403853067        1.08203733059024        0.55873672449305
C           -1.06705675177440        1.27895560620973        0.37585770290254
N           -1.71921799030401        1.40732035807072        1.67064592263077
C           -2.17518961887228        0.31880542531948        2.30316407880026
C           -2.74578860800824        0.39437781696331        3.55103073490497
C           -2.85461860212565        1.63652123211579        4.19623208653531
C           -2.35109987547854        2.75381482461234        3.51035479142814
C           -1.79554052514519        2.60727263836321        2.26424386344912
C           -3.45389738740456        1.82020541453993        5.50870494702079
N           -3.98549918422459        0.98262993025582        6.30242456038767
O           -4.05748275529424       -0.33140562260439        5.97683470300335
H            0.59795124288724       -0.72533092050994       -0.49859646906103
H            2.14391006167691       -0.04032699864627        0.19647577078600
H            0.91931611044891        1.86003278104263        1.11700771684510
H           -1.25017826329137        2.19029877889483       -0.20040879327708
H           -1.49415926125075        0.43049143642825       -0.16127763222654
H           -2.07764579797743       -0.62577120659464        1.78898427658396
H           -3.10876928103216       -0.50272032527236        4.02454120550133
H           -2.40184520141325        3.73412221933055        3.95760323667103
H           -1.40674600005624        3.45347238563336        1.71717661891233
H           -3.46756509127258        2.82923010987385        5.89693685000446
H           -4.50204660403042       -0.75889707459339        6.72913364841706
23
 energy: -34.290547945779 gnorm: 0.000830065323 xtb: 6.7.1 (edcfbbe)
C            1.07914774617930        0.05100850993661        0.07229930307421
C            0.41655119117544        1.07993620809384        0.56188256246623
C           -1.06705433681525        1.28043376322915        0.37495820324444
N           -1.72100095042413        1.40916740436952        1.66872960887799
C           -2.17820500573918        0.32054045938329        2.30049454566441
C           -2.74871533824912        0.39563700125364        3.54848082004231
C           -2.85606740852400        1.63751352675212        4.19446674863805
C           -2.35174519335983        2.75498715813477        3.50935732612874
C           -1.79610450540297        2.60878218099065        2.26317108972018
C           -3.45378137387504        1.82029008747797        5.50783808750071
N           -3.98166554700142        0.98149216147413        6.30274366458617
O           -4.05107708258522       -0.33347044781034        5.97673129045064
H            0.59812581835879       -0.72604825517417       -0.49846102312922
H            2.14227328947285       -0.04458467615457        0.20479109513052
H            0.91794800018799        1.85585769950454        1.12315119311142
H           -1.24668652146758        2.19273545905767       -0.20081476992918
H           -1.49499446333315        0.43345443648654       -0.16380762581033
H           -2.08126286146311       -0.62364768650964        1.78583260505678
H           -3.11184375987885       -0.50154058788726        4.02182706901035
H           -2.40193381099944        3.73496374031989        3.95710856838371
H           -1.40646747064206        3.45498557468942        1.71692762776670
H           -3.46837276160106        2.82916814883239        5.89657917743083
H           -4.49244765401261       -0.76297186644976        6.72987283258463
