33
 energy: -38.448123473629 gnorm: 0.039054373292 xtb: 6.7.1 (edcfbbe)
C            1.50794000000000        0.54551000000000        0.25001000000000
C            0.89423000000000        1.64176000000000       -0.60800000000000
C            1.08222000000000        1.42068000000000       -2.11193000000000
C            0.38977000000000        0.18678000000000       -2.69008000000000
N           -1.08119000000000        0.40703000000000       -2.81319000000000
C           -1.85927000000000       -0.01187000000000       -1.78341000000000
C           -3.24189000000000        0.10388000000000       -1.80935000000000
C           -4.06274000000000       -0.32940000000000       -0.63075000000000
C           -3.83618000000000        0.65869000000000       -2.93316000000000
C           -3.05107000000000        1.07067000000000       -4.01283000000000
C           -1.64080000000000        0.96407000000000       -3.93420000000000
C           -0.77912000000000        1.38471000000000       -5.09825000000000
C           -3.74196000000000        1.63722000000000       -5.22744000000000
H            0.99275000000000       -0.40966000000000        0.11708000000000
H            1.43657000000000        0.81390000000000        1.30900000000000
H            2.56619000000000        0.40391000000000        0.00853000000000
H           -0.16680000000000        1.75391000000000       -0.36330000000000
H            1.37321000000000        2.59188000000000       -0.34095000000000
H            0.73616000000000        2.32201000000000       -2.63028000000000
H            2.15706000000000        1.33726000000000       -2.31518000000000
H            0.77664000000000       -0.05491000000000       -3.68495000000000
H            0.55323000000000       -0.70961000000000       -2.08330000000000
H           -1.35326000000000       -0.44527000000000       -0.92426000000000
H           -3.72895000000000       -1.30834000000000       -0.27123000000000
H           -3.96924000000000        0.40104000000000        0.17897000000000
H           -5.12178000000000       -0.42048000000000       -0.89384000000000
H           -4.92143000000000        0.76214000000000       -2.97630000000000
H            0.18462000000000        1.78322000000000       -4.77529000000000
H           -0.60796000000000        0.52720000000000       -5.75590000000000
H           -1.24359000000000        2.18516000000000       -5.68120000000000
H           -3.53847000000000        2.70919000000000       -5.31228000000000
H           -3.40534000000000        1.12376000000000       -6.13391000000000
H           -4.82804000000000        1.50642000000000       -5.17017000000000
33
 energy: -38.451889122240 gnorm: 0.016339999694 xtb: 6.7.1 (edcfbbe)
C            1.50063430003473        0.53920051767139        0.24551131998417
C            0.88258139621567        1.63539836705401       -0.61282039967744
C            1.07291217375691        1.42674145877946       -2.11739609887650
C            0.36310615311781        0.20465751732154       -2.70235055294441
N           -1.09522025782533        0.39939604812308       -2.82525776533705
C           -1.85798840936085       -0.00240374991983       -1.79180135413478
C           -3.23575071896144        0.11607065492292       -1.80036370735079
C           -4.05056359820606       -0.33225729885409       -0.63039700725115
C           -3.82468739005961        0.66303416461541       -2.93383055801965
C           -3.04598162057409        1.07505064956295       -4.00942973264823
C           -1.64843229219920        0.95232283473230       -3.93274547491675
C           -0.78340535275665        1.37960381917982       -5.07513343092171
C           -3.71870651845020        1.63431843499751       -5.22537278700249
H            0.99845147198068       -0.41875402432372        0.11772453625383
H            1.43266594009407        0.80813807264601        1.29800526482300
H            2.55359433684851        0.40692141921677        0.00282910365717
H           -0.17926289815203        1.74470375008461       -0.37512336562464
H            1.36219401854186        2.58336777091776       -0.35540247886582
H            0.73215664819695        2.32464020707346       -2.63910934180856
H            2.14296920502319        1.32110672902589       -2.31757731472491
H            0.76115478430881       -0.03316812976479       -3.69080840130034
H            0.52830640906905       -0.67158590481538       -2.07191052675333
H           -1.34721372163641       -0.43842599732963       -0.94493448562431
H           -3.71136387450682       -1.29976468810011       -0.26301952718404
H           -3.96170484319787        0.38910063308852        0.18103349023096
H           -5.10256361343846       -0.41414293775418       -0.89754117726973
H           -4.90124720865186        0.75808346420246       -2.98431443670421
H            0.18061514118227        1.76620399725113       -4.75234517020447
H           -0.61272857167398        0.53305139369770       -5.74177257653513
H           -1.27018156400111        2.16365775620209       -5.65173721113569
H           -3.51405336130084        2.70009990360984       -5.32182443674963
H           -3.38130434367896        1.13114734151772       -6.13035622472407
H           -4.79747181973879        1.50694582536736       -5.15176817065931
33
 energy: -38.452499427595 gnorm: 0.005298391702 xtb: 6.7.1 (edcfbbe)
C            1.49096735131748        0.53570672057170        0.23462573723311
C            0.86545185478103        1.63226554071133       -0.61966005289856
C            1.06143862333268        1.42906630240448       -2.12382315540330
C            0.34733908177622        0.20465628817658       -2.70898116656385
N           -1.09790859846541        0.40007816419285       -2.82600391743465
C           -1.85340816479029        0.00272155039501       -1.79238567423090
C           -3.22983843072332        0.11948716250748       -1.79238736788096
C           -4.04030893513033       -0.33031303411436       -0.62559920347201
C           -3.81580156815807        0.66304170236690       -2.93219559301736
C           -3.04024388142093        1.07667194131439       -4.00549026529419
C           -1.64679473582549        0.95208096200657       -3.92610096070282
C           -0.78480002561431        1.38036607820848       -5.06249981770945
C           -3.70282489091955        1.63253075914410       -5.22250092395660
H            0.99760023649863       -0.42519061840151        0.10642903775038
H            1.42134874361449        0.80378906834169        1.28468040588246
H            2.54269163129544        0.41391103738004       -0.01044680799253
H           -0.19760853667952        1.73272903533036       -0.38605588409272
H            1.34072082995203        2.57942756264473       -0.36008517393434
H            0.72922549039634        2.33035778740201       -2.64302281369841
H            2.12806904877609        1.30736412711715       -2.32085586798631
H            0.75027021112304       -0.03222048471344       -3.69339926981053
H            0.51718911285991       -0.65867524969495       -2.06405159117200
H           -1.34003284947359       -0.43679644865071       -0.95201021818133
H           -3.69296167246365       -1.29136480215807       -0.25596557942068
H           -3.95337230631370        0.38814282245719        0.18772254981645
H           -5.08889169650617       -0.41191351437100       -0.89427504779305
H           -4.88880895749049        0.75740340780210       -2.98527379908449
H            0.17666558304449        1.76544761312894       -4.74095537125560
H           -0.60950721419366        0.53833429066823       -5.73396287607157
H           -1.28242018189870        2.15512297982833       -5.63747590336788
H           -3.49200404109770        2.69567314881690       -5.32625789805164
H           -3.36064739204572        1.13100248982612       -6.12402506737480
H           -4.77928371955732        1.51155560936036       -5.14905046282983
33
 energy: -38.452596966825 gnorm: 0.002395965393 xtb: 6.7.1 (edcfbbe)
C            1.48346472294395        0.53461825727963        0.22833880500719
C            0.85376034400546        1.62995661203928       -0.62502315756491
C            1.05859675704077        1.42932389741638       -2.12811707074625
C            0.34488032472063        0.20139906877390       -2.71171123340624
N           -1.09652686479569        0.39628865052065       -2.82617244090830
C           -1.85116724007549        0.00138058465379       -1.79103207688663
C           -3.22741466525147        0.12132544708599       -1.78767619450973
C           -4.03527644614000       -0.32737482631824       -0.62001308177819
C           -3.81316604654299        0.66524719250094       -2.92854225223027
C           -3.03856469519199        1.07762606572560       -4.00286476846266
C           -1.64436599506420        0.95080903816622       -3.92435006391822
C           -0.78267663158018        1.38325882469191       -5.05942778877804
C           -3.69776810809645        1.63278548840916       -5.22122351534345
H            0.99586264776759       -0.42888088799698        0.09655508900379
H            1.41053948255284        0.79960890813018        1.27899047549090
H            2.53605890511872        0.41999852022553       -0.01692065764704
H           -0.21109629897833        1.72203800097289       -0.39598308607811
H            1.32115570572468        2.57939196682928       -0.36057446774962
H            0.72783371445597        2.33020538823561       -2.64829352590899
H            2.12515223417980        1.30591432508932       -2.32088293627490
H            0.74949688792441       -0.03683545262068       -3.69462105688535
H            0.52043185863174       -0.65712529717536       -2.06266528736363
H           -1.33713683596020       -0.43904931337675       -0.95131548166541
H           -3.68389313166881       -1.28687500767242       -0.24947073145292
H           -3.94810877343946        0.39201888963880        0.19319135112865
H           -5.08400739579573       -0.41154729254921       -0.88662410411890
H           -4.88661293987388        0.75759485138253       -2.98244924712633
H            0.17742048722873        1.77016977189008       -4.73673874668630
H           -0.60373493085616        0.54262183618406       -5.73263691715848
H           -1.28157651815104        2.15712307105609       -5.63389494975643
H           -3.48020168905294        2.69492429312055       -5.32854325976834
H           -3.35491251437400        1.12648860041570       -6.12022988774669
H           -4.77493635140640        1.51803052727554       -5.15041773271015
33
 energy: -38.452678544679 gnorm: 0.002727752821 xtb: 6.7.1 (edcfbbe)
C            1.47102455156845        0.53408614482265        0.22017157472254
C            0.83474510140736        1.62599623406470       -0.63311984545821
C            1.05515284661762        1.42857925399755       -2.13396246440141
C            0.34535556761222        0.19534893847119       -2.71714320016651
N           -1.09287111349111        0.38986171509733       -2.82715469785080
C           -1.84718687350922       -0.00389046112055       -1.79030099887581
C           -3.22305451570524        0.12222859289168       -1.78252712585193
C           -4.02662722273065       -0.32162741949674       -0.61066791353337
C           -3.80956315649468        0.66742473470620       -2.92324330458911
C           -3.03623975948294        1.07884680660013       -3.99895819288032
C           -1.64054669067449        0.95033133275228       -3.92236649063744
C           -0.77847408271411        1.38741098388147       -5.05631474602888
C           -3.69185186939252        1.63439644257924       -5.21879179679406
H            0.99374355293625       -0.43407780682671        0.08154144570968
H            1.39061474652360        0.79326463459137        1.27198446083886
H            2.52583714921735        0.43126479438072       -0.02225676426364
H           -0.23365735133770        1.70324788576450       -0.41386555050248
H            1.28652641953419        2.58077779559013       -0.36006332973932
H            0.72552668162638        2.32766818858852       -2.65735574073918
H            2.12277746204551        1.30645476774132       -2.31847712323436
H            0.75095402444826       -0.04412831482680       -3.69930146253750
H            0.52855314568642       -0.65878568387194       -2.06512038285381
H           -1.33265675761524       -0.44830184622329       -0.95226919358237
H           -3.67055963076911       -1.27860789304349       -0.23628204014895
H           -3.93881888767842        0.40193797623591        0.19968702326655
H           -5.07646209314448       -0.41077582753476       -0.87222967739039
H           -4.88363032222463        0.76228512306758       -2.97492517394445
H            0.17951015671739        1.77791437266395       -4.73057010790219
H           -0.59360322268995        0.54831939881194       -5.73064156259774
H           -1.27769212759549        2.16115811749684       -5.63060708253729
H           -3.46362657195718        2.69451146950147       -5.33143868030443
H           -3.35122110489001        1.11924635768515       -6.11451811930998
H           -4.77046805184404        1.53009319096040       -5.15025173588156
33
 energy: -38.452714985740 gnorm: 0.002828872209 xtb: 6.7.1 (edcfbbe)
C            1.46276790752807        0.53452907538957        0.21786567526828
C            0.82325507521384        1.62301818866209       -0.63710407253185
C            1.05383558857374        1.42732895715003       -2.13633318766115
C            0.34822576032773        0.19205026789054       -2.72122338984716
N           -1.09006738666660        0.38520285683410       -2.82941015022942
C           -1.84393954372791       -0.00953025138414       -1.79207477303488
C           -3.21931617618100        0.12192861601518       -1.78109439463394
C           -4.02027904473882       -0.31778184208151       -0.60554060112422
C           -3.80697005072421        0.66977755333178       -2.91986115949179
C           -3.03464522094109        1.07985212735552       -3.99686707051505
C           -1.63864626498189        0.94971587364196       -3.92255397855525
C           -0.77633936543844        1.38865406478822       -5.05595712213321
C           -3.68990768008549        1.63662410457993       -5.21646807036583
H            0.99259946666696       -0.43661954616588        0.07484307347831
H            1.37589140141779        0.79067602748280        1.26996998977767
H            2.51935727325110        0.43904617601263       -0.02012007141847
H           -0.24722608296928        1.69158463151700       -0.42467427580280
H            1.26496128043098        2.58135010610694       -0.35961378054855
H            0.72494995330461        2.32525639158766       -2.66215686716904
H            2.12277328483487        1.30762909653595       -2.31500394615942
H            0.75367245515370       -0.04623434071737       -3.70390660013201
H            0.53412967876697       -0.66207941173650       -2.07013050438601
H           -1.32922284351575       -0.45811032400155       -0.95613528383696
H           -3.66241148799099       -1.27270009663846       -0.22709992723090
H           -3.93184995287940        0.41013626701062        0.20101829331999
H           -5.07089398425151       -0.40983755157061       -0.86383073193644
H           -4.88117210837831        0.76737884685701       -2.96900511160560
H            0.18037316595510        1.78154561892023       -4.72836395471898
H           -0.58822974676696        0.55002986789316       -5.72970370632212
H           -1.27562606704791        2.16207441233657       -5.63087166570778
H           -3.45526931807566        2.69490030425541       -5.33273758075500
H           -3.35407707519365        1.11596581295611       -6.11109888554157
H           -4.76919289087085        1.53909811918494       -5.14609616844865
33
 energy: -38.452768832635 gnorm: 0.002107644215 xtb: 6.7.1 (edcfbbe)
C            1.44968517411218        0.53609061663985        0.21778952738364
C            0.80561604992050        1.61781221777884       -0.64173111938824
C            1.05184437852880        1.42401669722958       -2.13837469217499
C            0.35444039844099        0.18718601220561       -2.72861939642675
N           -1.08538033561502        0.37717436396595       -2.83507566345573
C           -1.83776190664625       -0.02038378967750       -1.79739620834725
C           -3.21213550711062        0.12056684439914       -1.78040439488819
C           -4.00923903067983       -0.31166088444670       -0.59865751857955
C           -3.80215140150380        0.67409587264720       -2.91473792507816
C           -3.03177027526836        1.08171855917816       -3.99418428401660
C           -1.63607732876277        0.94800731929751       -3.92457629164843
C           -0.77395833826316        1.38900988527011       -5.05743496249936
C           -3.68872573575691        1.64152795448423       -5.21181785283912
H            0.99227757572327       -0.44026373477269        0.06810404778093
H            1.35027327245359        0.78871654645242        1.26966362044331
H            2.50957442888789        0.45310238165497       -0.01038611168279
H           -0.26775161180812        1.67350320744015       -0.43995526962311
H            1.23206296039238        2.58161358090211       -0.35914272666507
H            0.72484056283439        2.32056668290717       -2.66790650852056
H            2.12313042028724        1.30865124739114       -2.30737703728717
H            0.75982778433543       -0.04640055131997       -3.71273674044952
H            0.54265752085977       -0.66940552863029       -2.08138116585597
H           -1.32272007961789       -0.47748738741957       -0.96618898355229
H           -3.64861486250865       -1.26215461936953       -0.21176579593673
H           -3.92048525424867        0.42507154197833        0.19986196375127
H           -5.06069466637716       -0.40856776423537       -0.85264702841690
H           -4.87604822077513        0.77843842498850       -2.95833864212797
H            0.18047746746845        1.78646596271952       -4.72763146150321
H           -0.58069976117708        0.55060270193768       -5.72924543451220
H           -1.27439426946934        2.16056602970913       -5.63419784603694
H           -3.44403001298286        2.69641471190844       -5.33414482222227
H           -3.36388833088666        1.11278675689009       -6.10595373185897
H           -4.76867106478702        1.55507813989571       -5.13474954376479
33
 energy: -38.452818344009 gnorm: 0.001870858580 xtb: 6.7.1 (edcfbbe)
C            1.43371326192615        0.53828572740282        0.22111588523091
C            0.78543028039011        1.61125165930693       -0.64573476798791
C            1.04939781266343        1.41889763892041       -2.13949407222893
C            0.36198773235784        0.18167664050217       -2.73821001458646
N           -1.07974028697740        0.36724870367678       -2.84379346297883
C           -1.82929786897798       -0.03361899160079       -1.80552011959933
C           -3.20234347630586        0.11875848822469       -1.78008994962451
C           -3.99514088712656       -0.30477748081707       -0.59171936167484
C           -3.79533140130019        0.68000917189847       -2.90863696944750
C           -3.02795543198428        1.08429045740359       -3.99166692871898
C           -1.63309954590258        0.94482158791510       -3.92875205766690
C           -0.77231940989279        1.38782816112221       -5.06164274455759
C           -3.68897302648253        1.64860708064238       -5.20530998783379
H            0.99277356226125       -0.44451251932745        0.06365971962279
H            1.31687990042264        0.78796326229766        1.27200377285148
H            2.49783525094162        0.47095049800524        0.00713481215018
H           -0.29074828693519        1.65348355495188       -0.45566959509876
H            1.19594213002035        2.58071754410595       -0.35922362040279
H            0.72585854943958        2.31466719787759       -2.67274025104152
H            2.12322207578016        1.30755062865401       -2.29678686653657
H            0.76860815214888       -0.04376487165522       -3.72386717864575
H            0.55198985428720       -0.67907900551862       -2.09670741312003
H           -1.31352238457679       -0.50114516403898       -0.98070921917807
H           -3.63003993718078       -1.24866629799323       -0.19350813568493
H           -3.90763467503215        0.44327263008510        0.19642030050466
H           -5.04687705618712       -0.40840913485292       -0.84202926467728
H           -4.86845835724716        0.79345625607207       -2.94491369994491
H            0.17904838723118        1.79198698837165       -4.73064181887291
H           -0.57253331169898        0.54912255917764       -5.73059222344877
H           -1.27604888280174        2.15510575597388       -5.64135555116746
H           -3.43247650407080        2.69939400759678       -5.33482379126717
H           -3.37941829158749        1.11157435954245       -6.10005531015018
H           -4.76921792760258        1.57551290607680       -5.11748011421685
33
 energy: -38.452865495197 gnorm: 0.002271913853 xtb: 6.7.1 (edcfbbe)
C            1.41194352643920        0.54099243948777        0.22949022811682
C            0.76176052855740        1.60303826611591       -0.64914272732134
C            1.04688048020049        1.41117805092099       -2.13935287798752
C            0.37105759578719        0.17527200724197       -2.75122942079909
N           -1.07244372563178        0.35525391637336       -2.85692819341642
C           -1.81724428032819       -0.04884280538878       -1.81711533449021
C           -3.18843158390176        0.11678647506126       -1.77963959397301
C           -3.97599855090920       -0.29746843608276       -0.58458714114309
C           -3.78517716882360        0.68853820667782       -2.90066958760264
C           -3.02285343831892        1.08839911248979       -3.98918170893890
C           -1.62919395209298        0.93974427646399       -3.93627129426805
C           -0.77175824352636        1.38335243207721       -5.07107569349539
C           -3.69152545168759        1.65976631371026       -5.19554438907598
H            0.99291136354595       -0.44954581580539        0.06173490617694
H            1.26914030370044        0.78767992902941        1.27811196353189
H            2.48144927009160        0.49364906530650        0.03755009195435
H           -0.31693164653892        1.63218300584312       -0.47261131132118
H            1.15627635365008        2.57793734853209       -0.36025648293278
H            0.72983201933996        2.30719674345991       -2.67634249510298
H            2.12321141930667        1.30226546517994       -2.28149001925451
H            0.78124919369633       -0.03693068957874       -3.73828653694993
H            0.56287217990873       -0.69172184257806       -2.11816503526736
H           -1.29989107359491       -0.52853419884815       -1.00071186811195
H           -3.60204308918053       -1.23086260633872       -0.17096823162927
H           -3.89424133828888        0.46520311946984        0.19020877951262
H           -5.02693963291046       -0.41300251718964       -0.83237411051515
H           -4.85693564904148        0.81437770598891       -2.92687852459838
H            0.17519276134663        1.79852498962219       -4.74103599628066
H           -0.56274118986433        0.54263595907150       -5.73457313609649
H           -1.28223479726182        2.14166499579956       -5.65647794623775
H           -3.42086707633662        2.70556048081090       -5.33333840244402
H           -3.40351504554904        1.11470466973260       -6.09264222924323
H           -4.77130006178412        1.60346393734342       -5.09154568079465
33
 energy: -38.452889828173 gnorm: 0.001630251132 xtb: 6.7.1 (edcfbbe)
C            1.40392151434098        0.54135272785792        0.23350754680876
C            0.75658061888831        1.60139248563838       -0.64968629622620
C            1.04730282717221        1.40860144125250       -2.13877817857062
C            0.37300271814111        0.17402098247978       -2.75523457785691
N           -1.07020823045226        0.35310295651215       -2.86119314822710
C           -1.81321929912979       -0.05080905271775       -1.82016939950560
C           -3.18381205794492        0.11689258454504       -1.77897572195150
C           -3.96990530849365       -0.29707655964873       -0.58344987223942
C           -3.78149112758027        0.69174603042292       -2.89801710375399
C           -3.02143486372691        1.09050634292496       -3.98848700015961
C           -1.62795297849426        0.93816687353799       -3.93933264425018
C           -0.77235389187082        1.37956970945903       -5.07636698233529
C           -3.69322661300637        1.66486697201603       -5.19158676152140
H            0.99118060778971       -0.45066667668194        0.06183938475227
H            1.25100850545551        0.78680435360571        1.28078901867186
H            2.47477060248175        0.49919605490473        0.05081040935142
H           -0.32242875832999        1.63004298956691       -0.47670005426171
H            1.14974801597125        2.57660436782774       -0.36103744353951
H            0.73371973534905        2.30530592561777       -2.67661656451673
H            2.12377847436524        1.29794516700546       -2.27635474216160
H            0.78511656479012       -0.03334901097281       -3.74225227358477
H            0.56547440218057       -0.69483121950341       -2.12495015111043
H           -1.29486933492606       -0.53227827383594       -1.00574158425455
H           -3.59034565747739       -1.22590866349430       -0.16527310810694
H           -3.89397664052365        0.46940545919254        0.18800975711312
H           -5.01975969094867       -0.41989366134533       -0.83195676079056
H           -4.85274991035167        0.82083257702311       -2.92119773541458
H            0.17287470523958        1.80009761107744       -4.74833359427052
H           -0.55971951285635        0.53642814621942       -5.73591105957599
H           -1.28603988046350        2.13248625052691       -5.66561179859970
H           -3.41917478377795        2.70955854155331       -5.33059760930608
H           -3.41197927570209        1.11929896386001       -6.09015647205362
H           -4.77232147610970        1.61304760357242       -5.08232747855156
33
 energy: -38.452938392789 gnorm: 0.002208972483 xtb: 6.7.1 (edcfbbe)
C            1.37356346908766        0.54167519961534        0.24573260721278
C            0.73818980467642        1.59657827682001       -0.65306240155461
C            1.05096495645973        1.40010085799906       -2.13791400641553
C            0.37994663875171        0.17002616089452       -2.76955225158381
N           -1.06190609284439        0.34718267111428       -2.87472577243217
C           -1.79897335747690       -0.05536109562359       -1.82887133552519
C           -3.16792014527839        0.11827467824526       -1.77565816596695
C           -3.94867558185201       -0.29735004509603       -0.57882246428068
C           -3.76910063968260        0.70388426819880       -2.88793998959329
C           -3.01682058334500        1.09920048533383       -3.98486800352356
C           -1.62362667302446        0.93364791568445       -3.94907205052793
C           -0.77406148994584        1.36463277406631       -5.09488873087687
C           -3.69859025887774        1.68447721778537       -5.17696435479249
H            0.98433912721791       -0.45646223773371        0.05507375069994
H            1.18002368525142        0.78026363110486        1.28875910583677
H            2.45101122668387        0.51994008080012        0.09959451033790
H           -0.34314479685909        1.62499386834835       -0.49483353796755
H            1.12738628794549        2.57288532426990       -0.36279064726528
H            0.75106007871718        2.29890588646242       -2.68015430930233
H            2.12818851795848        1.28153247470448       -2.25832889129062
H            0.79762442779138       -0.02126602530288       -3.75688056486209
H            0.57511623728390       -0.70508454350622       -2.14884549997865
H           -1.27639237836562       -0.54136630722542       -1.02020853444452
H           -3.54541877087828       -1.20842174737648       -0.14323916359613
H           -3.89882748657119        0.48385236986398        0.18074699371635
H           -4.99384627508386       -0.45200173635560       -0.83141306665717
H           -4.83917260162094        0.84314666795797       -2.90091189573067
H            0.16398505846545        1.80733245704148       -4.77411086408089
H           -0.54614701012219        0.51031395018067       -5.73623670052741
H           -1.29926756969894        2.09555164394666       -5.70130746703220
H           -3.41113253498611        2.72565257405359       -5.31914343879579
H           -3.44072944273206        1.13629765897876       -6.08083803939181
H           -4.77613582704623        1.64942464474954       -5.04966481980654
33
 energy: -38.452956469611 gnorm: 0.001712902842 xtb: 6.7.1 (edcfbbe)
C            1.36608328257159        0.54173758458501        0.24640597134913
C            0.73632591636279        1.59748123605658       -0.65521486782809
C            1.05302712532798        1.39905099258686       -2.13878418596314
C            0.38130927526038        0.16967131258179       -2.77164330465609
N           -1.06042100391159        0.34729925627819       -2.87558054780816
C           -1.79679247668380       -0.05504110492966       -1.82892163262530
C           -3.16563571590504        0.11856899560706       -1.77476294275668
C           -3.94560962995246       -0.29911658653623       -0.57801259165442
C           -3.76749798923321        0.70593129869589       -2.88580105977399
C           -3.01618984928027        1.10142037808110       -3.98319033526771
C           -1.62313382382444        0.93377437841328       -3.94954835946231
C           -0.77412059295795        1.36086594129609       -5.09731979585807
C           -3.69865737886516        1.68938081401898       -5.17359462390771
H            0.97948880194124       -0.45610864806066        0.05159833811346
H            1.16579034914067        0.77759020832813        1.28806698482019
H            2.44367587499117        0.52061935311087        0.10771932424847
H           -0.34540739994109        1.62910952394952       -0.50035167562210
H            1.12691048492002        2.57312456914938       -0.36428363404404
H            0.75695300715564        2.29792839586296       -2.68293821913925
H            2.13028223789141        1.27772446328275       -2.25588028817750
H            0.79858592578248       -0.02000136636078       -3.75938199829592
H            0.57698754128526       -0.70639292779823       -2.15250618610737
H           -1.27326759253189       -0.54073769617706       -1.02049622796980
H           -3.53666668497471       -1.20570068604834       -0.13904803618353
H           -3.90401629016995        0.48445622711644        0.17941440266256
H           -4.98890484788286       -0.46282072731000       -0.83206753989633
H           -4.83755263964423        0.84606292538767       -2.89730622440878
H            0.16164749407493        1.80952123520513       -4.77814273167512
H           -0.54164724903297        0.50320982482948       -5.73235016308161
H           -1.30089489677784        2.08564186439777       -5.70929396799989
H           -3.40915488583663        2.73003640414175       -5.31511587052269
H           -3.44402865516823        1.14148109443457       -6.07840891677493
H           -4.77595771413255        1.65669146582382       -5.04459909373222
33
 energy: -38.453006699970 gnorm: 0.002124289645 xtb: 6.7.1 (edcfbbe)
C            1.32921794682412        0.54142340272001        0.24544969278093
C            0.72606953883446        1.60193866446429       -0.66846891608827
C            1.06404427641892        1.39405985345272       -2.14537824503814
C            0.38823402106087        0.16751572132738       -2.78107291982497
N           -1.05355499536981        0.34699974710624       -2.87788009849144
C           -1.78696596130983       -0.05436852174339       -1.82781055667802
C           -3.15544710150424        0.11957660769607       -1.76990255037003
C           -3.93194342039838       -0.30746550972054       -0.57319438213747
C           -3.76066215867440        0.71505597854101       -2.87482047498413
C           -3.01293437628937        1.11191614817600       -3.97381971176851
C           -1.62082015860050        0.93422530207821       -3.94987369617785
C           -0.77298061270338        1.34457768528811       -5.10497094059515
C           -3.69724046977817        1.71275749035914       -5.15708879271537
H            0.95648701162782       -0.45681958290740        0.02633156602857
H            1.09092958339796        0.76427115114182        1.28156021913448
H            2.41090998684358        0.52765967545066        0.14488456197167
H           -0.35836994954989        1.64744036295205       -0.53193171419734
H            1.12182023560132        2.57467089049370       -0.37250079719435
H            0.78620427114421        2.29239625258330       -2.69993793198424
H            2.14173339964297        1.26004634972887       -2.24619176801581
H            0.80162360466348       -0.01744901893466       -3.77125501920186
H            0.58622306328254       -0.71187050323370       -2.16762825381014
H           -1.25969687510033       -0.53927806600024       -1.02063661282213
H           -3.49334749925724       -1.19082549620128       -0.11499539135023
H           -3.93106318109467        0.49036977995608        0.17126919980701
H           -4.96591110998473       -0.51679713086839       -0.83509441579635
H           -4.83064491121693        0.85888658301833       -2.87968294487483
H            0.15002084789746        1.82433861320831       -4.79094975287386
H           -0.51484345245875        0.47109629383024       -5.70832808573140
H           -1.30821127907838        2.03841534523443       -5.74504453510880
H           -3.39540045038625        2.75029727888991       -5.29618700684952
H           -3.45775159850813        1.16420010203542       -6.06568198746529
H           -4.77421822597800        1.69319854987750       -5.02050773757592
33
 energy: -38.453019446048 gnorm: 0.001375122182 xtb: 6.7.1 (edcfbbe)
C            1.32524945434357        0.54175183552101        0.24309668802352
C            0.72859295470547        1.60503438184848       -0.67172186145895
C            1.06641045401921        1.39370500171588       -2.14781543961421
C            0.38828063960699        0.16722883805037       -2.78031343978887
N           -1.05376710256600        0.34732795531774       -2.87605559638850
C           -1.78727287827529       -0.05388224002414       -1.82617534406883
C           -3.15600483167986        0.11871505614245       -1.76936829388031
C           -3.93321397602706       -0.31043335756427       -0.57379831573954
C           -3.76110810327645        0.71477568546222       -2.87388718136581
C           -3.01271678661676        1.11304203496616       -3.97212012098847
C           -1.62093259307063        0.93435636698505       -3.94823908139891
C           -0.77210910514733        1.34347062866183       -5.10283560576925
C           -3.69630559870625        1.71543671236749       -5.15504982409639
H            0.94989425674015       -0.45479064332113        0.02249622940078
H            1.08457622094982        0.76480711508923        1.27808863946921
H            2.40676734100660        0.52394173200329        0.14561241075268
H           -0.35543928975016        1.65634427728701       -0.53624298726746
H            1.12925642964230        2.57568339683991       -0.37626213906199
H            0.79089727184183        2.29154257305418       -2.70404736070500
H            2.14365353768303        1.25732632793153       -2.24838246823696
H            0.79992248761077       -0.02055170408335       -3.77081185329846
H            0.58573543332258       -0.71110629621747       -2.16522947853982
H           -1.26026129270095       -0.53747157234665       -1.01825374179278
H           -3.49153693518583       -1.19008313661599       -0.11315705133811
H           -3.93878283516730        0.48797542867905        0.16883178024988
H           -4.96465205266513       -0.52539835706584       -0.83794098251135
H           -4.83109337359957        0.85768269179044       -2.87922142319034
H            0.14790472659912        1.82807092748874       -4.78857364191259
H           -0.50869904543047        0.46911677202421       -5.70143972425503
H           -1.30809646821459        2.03206159053272       -5.74688397851704
H           -3.39345225050654        2.75273995285532       -5.29271104968932
H           -3.45675386881482        1.16769024910759       -6.06411585392179
H           -4.77343282067215        1.69634977551717       -5.01881190909882
33
 energy: -38.453038368269 gnorm: 0.001415352017 xtb: 6.7.1 (edcfbbe)
C            1.30573113376901        0.54368442547380        0.24082331723250
C            0.72910760821636        1.61110209409413       -0.68251446658765
C            1.07340648678076        1.38929356225960       -2.15555248554938
C            0.39101990296541        0.16379091879036       -2.78304780575891
N           -1.05182718691415        0.34521538739525       -2.87537650247632
C           -1.78374841708335       -0.05644113189581       -1.82518336903451
C           -3.15266221880628        0.11548669939673       -1.76740114379096
C           -3.93051143163492       -0.31735774615034       -0.57358848698072
C           -3.75853732753697        0.71629425337116       -2.86874701719290
C           -3.01045927017867        1.11770385512748       -3.96666362811070
C           -1.61973223092037        0.93361792563628       -3.94634961048517
C           -0.76956507096478        1.33836758705774       -5.10114203298676
C           -3.69537699346474        1.72841094608143       -5.14494230372933
H            0.92981567328711       -0.45073708731861        0.01189347018105
H            1.04771910610001        0.76682441472368        1.27193484800296
H            2.38911278773196        0.52024769243063        0.16142418704052
H           -0.35479623166468        1.67639210389265       -0.55483753344082
H            1.14045666011832        2.57719580526586       -0.38809284865786
H            0.80752208636617        2.28611450044033       -2.71800408568704
H            2.15019547243551        1.24520857500936       -2.24994676848081
H            0.79915571727798       -0.02777734788252       -3.77463127348895
H            0.58758374936988       -0.71340251434919       -2.16585118758152
H           -1.25682867430933       -0.54063122336031       -1.01798426658402
H           -3.47128094977185       -1.17953763316378       -0.09614640647809
H           -3.96337520523183        0.49176250939866        0.15700395718749
H           -4.95366815142888       -0.56065958187673       -0.84606487618963
H           -4.82809419447626        0.86172481752791       -2.87171217526546
H            0.13832642550548        1.84567755543165       -4.78614279303539
H           -0.48317583424449        0.45879702856779       -5.68103293978736
H           -1.31268748943913        2.00477577833513       -5.76224176029891
H           -3.38442729196952        2.76340999740663       -5.28102168298213
H           -3.46451145050443        1.18073535256226       -6.05687395847105
H           -4.77237718938118        1.71717048032111       -5.00332637053090
33
 energy: -38.453052507170 gnorm: 0.001325639269 xtb: 6.7.1 (edcfbbe)
C            1.30303612796408        0.54595194171904        0.24064435365387
C            0.73104529287116        1.61291134818546       -0.68588242691062
C            1.07493399960126        1.38635307770044       -2.15883041182408
C            0.39085471896630        0.16055222931657       -2.78317680457357
N           -1.05210660449410        0.34284762909473       -2.87517205920617
C           -1.78395306033637       -0.06003646067092       -1.82571326935253
C           -3.15286743491472        0.11312779946541       -1.76738598593607
C           -3.93205916773252       -0.31886488643560       -0.57426867753056
C           -3.75810869089141        0.71557162641040       -2.86821021833155
C           -3.00984562329406        1.11810443490972       -3.96562883953389
C           -1.61930791940417        0.93350218112417       -3.94524758577580
C           -0.76820856294797        1.34060378445714       -5.09846481992308
C           -3.69502000625483        1.73076671548244       -5.14258068490729
H            0.92220224144762       -0.44777691806206        0.01620389820580
H            1.04714717493103        0.77511260727465        1.27046810043301
H            2.38611380082736        0.51678714270151        0.16046928100851
H           -0.35277064675758        1.68236083377454       -0.55896407220225
H            1.14654987956505        2.57819232221525       -0.39393982502108
H            0.80994151137233        2.28250384511887       -2.72257423750458
H            2.15161339984875        1.24096023977518       -2.25321513906868
H            0.79822056227958       -0.03384093204215       -3.77456075659510
H            0.58691607466210       -0.71529654697857       -2.16392209868281
H           -1.25784682658451       -0.54563986211665       -1.01881327470987
H           -3.47000371395532       -1.17491084018273       -0.09026388524019
H           -3.97344533751025        0.49365874190810        0.15141038183255
H           -4.95215383915952       -0.57031121800727       -0.84916682134891
H           -4.82751034660491        0.86149891201111       -2.87148298711314
H            0.13413508340266        1.85592763365793       -4.78141049161726
H           -0.47175227844135        0.46232833043515       -5.67451798388771
H           -1.31378318696864        2.00020575868382       -5.76342714327952
H           -3.38180694251975        2.76489370098849       -5.27963741821407
H           -3.46718508256936        1.18257045776753       -6.05490093448682
H           -4.77146459639979        1.72184437031865       -4.99917716235530
33
 energy: -38.453071875302 gnorm: 0.002400944818 xtb: 6.7.1 (edcfbbe)
C            1.29084784392101        0.55232766516956        0.24320697301278
C            0.73093736623899        1.61481628753945       -0.69556163657806
C            1.07893492487173        1.37664167036874       -2.16644846980118
C            0.39171387487735        0.15093640968897       -2.78723300688650
N           -1.05096156022453        0.33530983749682       -2.87769370174391
C           -1.78208545154813       -0.07006778432641       -1.82877336632294
C           -3.15018998609253        0.10767977911874       -1.76694398500038
C           -3.93098972252863       -0.32254864692980       -0.57462855750900
C           -3.75466028723925        0.71650144128276       -2.86488825996875
C           -3.00766799911272        1.12114111051704       -3.96217548644603
C           -1.61744746105695        0.93211806194881       -3.94469601202673
C           -0.76468934073501        1.34346710339176       -5.09531917665038
C           -3.69491403733214        1.74115590652779       -5.13394065571817
H            0.90068867623874       -0.44014661656019        0.02917136262709
H            1.03401924687802        0.79548248282762        1.26979433346016
H            2.37380139753704        0.51204523332178        0.16627199740860
H           -0.35309710613301        1.69332955454479       -0.57381763007193
H            1.15277874139713        2.57961762167557       -0.41022548143549
H            0.81998838258339        2.27161331553815       -2.73498477981596
H            2.15541522113386        1.22587021454741       -2.25655274156292
H            0.79801386144210       -0.04485477820262       -3.77878442483733
H            0.58768152159170       -0.72401933387447       -2.16674889174118
H           -1.25661060716470       -0.56054560302465       -1.02428076481818
H           -3.45183024488139       -1.15683309874408       -0.06730799580492
H           -4.00376214530416        0.50480193564501        0.13384168928684
H           -4.94207814494219       -0.60676727458018       -0.85676087540020
H           -4.82357735121596        0.86619503668346       -2.86599268040369
H            0.12102310618339        1.88629466113948       -4.77394655249406
H           -0.43755257988968        0.46507585052568       -5.65603618370430
H           -1.31951116210885        1.97999611792578       -5.77579956379167
H           -3.37149579105194        2.77180892992179       -5.27464258754414
H           -3.48107811965035        1.18965569752551       -6.04779001382065
H           -4.77013506668430        1.74436121137038       -4.98165287389551
33
 energy: -38.453082419727 gnorm: 0.001119121678 xtb: 6.7.1 (edcfbbe)
C            1.29574500433375        0.55437463830293        0.24410222747660
C            0.73167645940996        1.61361923767441       -0.69526683577652
C            1.07770025895532        1.37522603023394       -2.16634345747812
C            0.39038605862575        0.14901923230871       -2.78675092419424
N           -1.05187646433656        0.33377616467647       -2.87786087555853
C           -1.78390912542009       -0.07227748344916       -1.82952494253663
C           -3.15163085450856        0.10669662386383       -1.76773852381002
C           -3.93300233422997       -0.32203746862096       -0.57540638313077
C           -3.75536325758757        0.71560895696787       -2.86611562876507
C           -3.00805629327316        1.12030467028762       -3.96293563678360
C           -1.61754610491140        0.93194593668803       -3.94445973861132
C           -0.76420175310931        1.34664737417833       -5.09346459900465
C           -3.69472189137421        1.73966866052774       -5.13528141565648
H            0.89989158032346       -0.43803232874868        0.03841656158470
H            1.04774803530964        0.80375245145518        1.27187433747373
H            2.37807942792404        0.51054141491807        0.15884000362551
H           -0.35225327200212        1.68965973872491       -0.57160641228182
H            1.15147571635487        2.57992215258188       -0.41197303868720
H            0.81738472274568        2.26991852693435       -2.73463257743935
H            2.15406987233963        1.22503227555155       -2.25787395329915
H            0.79722948369819       -0.04647098144572       -3.77813702239397
H            0.58638566256407       -0.72575669848477       -2.16603929130341
H           -1.25864279484936       -0.56393192119856       -1.02555782235197
H           -3.45456902667915       -1.15474592492289       -0.06678792431781
H           -4.00666204339608        0.50535018000964        0.13125634018959
H           -4.94324455104666       -0.60659550034737       -0.85691466862273
H           -4.82433084785284        0.86577253243663       -2.86737656489505
H            0.11974653700025        1.88996083632911       -4.77052682082847
H           -0.43517296485350        0.47110214987988       -5.65577179194740
H           -1.31868633655897        1.98353473241919       -5.77286732554800
H           -3.37046060060334        2.76975023888889       -5.27779322389341
H           -3.48189329040452        1.18660811702715       -6.04817554654636
H           -4.76978501258916        1.74451543435223       -4.98264652468684
33
 energy: -38.453094101975 gnorm: 0.000951666731 xtb: 6.7.1 (edcfbbe)
C            1.29665597932741        0.55773596864047        0.24422795328206
C            0.73057385871879        1.61379125042719       -0.69718793308899
C            1.07837926594645        1.37191955852099       -2.16683235887003
C            0.38926744659418        0.14610095516037       -2.78727032090955
N           -1.05239902982055        0.33189325809303       -2.87807869338263
C           -1.78530729375012       -0.07499799384379       -1.83011406998909
C           -3.15246559931607        0.10520579455305       -1.76817087322470
C           -3.93420269925757       -0.32409274492310       -0.57628281651013
C           -3.75576136771845        0.71614425143052       -2.86593492829490
C           -3.00824796939667        1.12146799698404       -3.96207912134351
C           -1.61768880802074        0.93163618075306       -3.94385030402642
C           -0.76335846002041        1.34722333606631       -5.09171092390799
C           -3.69377194375025        1.74341571789133       -5.13383563835757
H            0.89272723353257       -0.43411069468561        0.04975215875866
H            1.06052703915111        0.81588958904455        1.27252538404719
H            2.37795936292892        0.50735463236689        0.14972705656551
H           -0.35374490379902        1.68782608092045       -0.57368823739307
H            1.14831353196585        2.58181089075870       -0.41624025558993
H            0.82060599239472        2.26588652954939       -2.73734699568438
H            2.15445833772469        1.21909999424113       -2.25718063150073
H            0.79598678834065       -0.04841870074669       -3.77889273531942
H            0.58530662656903       -0.72895739666799       -2.16701308038641
H           -1.25936225343093       -0.56751252053924       -1.02716853722140
H           -3.44827281891561       -1.14688096311194       -0.05988052906715
H           -4.02199420407084        0.50739537138987        0.12333372102688
H           -4.93957891730942       -0.62297015116158       -0.86010464395553
H           -4.82465147461228        0.86704002396661       -2.86635822240649
H            0.11375046830238        1.90025052114130       -4.76694376654590
H           -0.42348334065212        0.47202855481952       -5.64767064101066
H           -1.31989348849369        1.97593356396637       -5.77719752672291
H           -3.36466613097344        2.77152824478246       -5.27837312381475
H           -3.48579100451833        1.18783325891397       -6.04600675501948
H           -4.76836022367219        1.75398964129881       -4.97949261013532
33
 energy: -38.453106078953 gnorm: 0.001577269752 xtb: 6.7.1 (edcfbbe)
C            1.29442657415296        0.56107526325230        0.24468092073092
C            0.72838905545905        1.61457593948861       -0.70000685104747
C            1.08002566622173        1.36929535735681       -2.16753781642372
C            0.38919331159961        0.14427856213946       -2.78822356887816
N           -1.05231861421675        0.33069944851451       -2.87860501665073
C           -1.78546662931082       -0.07645926957164       -1.83041231174522
C           -3.15230712129933        0.10391640482446       -1.76844975042588
C           -3.93419618315418       -0.32870544126690       -0.57759761790180
C           -3.75579140144269        0.71841763595736       -2.86445001741654
C           -3.00823856922980        1.12476349295407       -3.96003201123783
C           -1.61804908614895        0.93095530126297       -3.94385593644380
C           -0.76291310182752        1.34323751800200       -5.09228172164206
C           -3.69298616683136        1.75185831597855       -5.12984278449477
H            0.88262615512820       -0.42892051602745        0.05883678262262
H            1.06765020211136        0.82652108759815        1.27342313773021
H            2.37474136490191        0.50288402766396        0.14252363231289
H           -0.35626872690871        1.68728707153349       -0.57856256554324
H            1.14382205755178        2.58381462814054       -0.42011615286296
H            0.82864254728752        2.26274932201681       -2.74172374287817
H            2.15577155248972        1.21155599564564       -2.25341411778039
H            0.79567189387433       -0.04881791216227       -3.78015013853577
H            0.58514971823444       -0.73169677119355       -2.16911703779833
H           -1.25826349436968       -0.56908618669776       -1.02838494050908
H           -3.43396984176224       -1.13528286579301       -0.04786338963354
H           -4.04671209053125        0.50973988428321        0.11153705086573
H           -4.93123974238244       -0.65295061607777       -0.86657905482288
H           -4.82449323300430        0.87054233850666       -2.86311128747428
H            0.10569448516837        1.91042400310736       -4.76793731971957
H           -0.40921555472380        0.46572795764255       -5.63593608772142
H           -1.32198242325766        1.95823017470240       -5.78823680109653
H           -3.35561646308287        2.77704859940325       -5.27571486883603
H           -3.49308492216277        1.19355886247212       -6.04243165821827
H           -4.76718121853581        1.77122238634363       -4.97176695652261
33
 energy: -38.453113602707 gnorm: 0.001214886891 xtb: 6.7.1 (edcfbbe)
C            1.29789778415568        0.56125758641893        0.24444554020881
C            0.72803736979652        1.61489159960684       -0.69821309224896
C            1.07967356767688        1.37082693914887       -2.16565611891173
C            0.38897044061551        0.14628452753355       -2.78702870807629
N           -1.05276572289778        0.33249650710531       -2.87800573894857
C           -1.78609000639423       -0.07422475422414       -1.82969940267376
C           -3.15320659105920        0.10443324709032       -1.76901103452135
C           -3.93556448166268       -0.33132243874180       -0.57943130030830
C           -3.75671969754571        0.71950683351661       -2.86464676313299
C           -3.00870189698880        1.12597019756251       -3.95991910554516
C           -1.61882840812426        0.93087154265034       -3.94421199694947
C           -0.76380446905838        1.33927094510182       -5.09420821571711
C           -3.69271897090038        1.75491785869382       -5.12930627459575
H            0.88199655416705       -0.42730865264039        0.06261388915230
H            1.07942730141016        0.82836959792331        1.27465871766495
H            2.37745303415363        0.49952960890284        0.13424498532611
H           -0.35643447074256        1.68446471048132       -0.57570170332414
H            1.14079678907029        2.58482684367452       -0.41768386829865
H            0.82998979936796        2.26433092161949       -2.74006504207812
H            2.15513721438765        1.21208748296475       -2.25056834147143
H            0.79581404616358       -0.04648844281560       -3.77880413925316
H            0.58445077643201       -0.73007407009733       -2.16825073826388
H           -1.25855623536030       -0.56558340294384       -1.02712287016729
H           -3.43080559568381       -1.13174984067324       -0.04608577460199
H           -4.05791695515017        0.50700203628181        0.10685306237013
H           -4.92797994878260       -0.66473103753908       -0.87082230998404
H           -4.82537275033513        0.87181201786917       -2.86307120880415
H            0.10360798440295        1.91004442665133       -4.77232244739868
H           -0.40827784499932        0.45907081646431       -5.63230815606941
H           -1.32394335266450        1.94930330027258       -5.79411573054666
H           -3.35264554274532        2.77900343178100       -5.27490549558621
H           -3.49464550459090        1.19653255897289       -6.04223858128945
H           -4.76676421611575        1.77683710138768       -4.97075203595431
33
 energy: -38.453119677535 gnorm: 0.000415453581 xtb: 6.7.1 (edcfbbe)
C            1.29869668665727        0.55994317150401        0.24423475595546
C            0.72859186346114        1.61475552545874       -0.69686548736445
C            1.07867352098087        1.37228428430335       -2.16557902694793
C            0.38911882242574        0.14727280612395       -2.78674392475262
N           -1.05273863552100        0.33268885987119       -2.87800181222637
C           -1.78563535011070       -0.07362681738846       -1.82962026092593
C           -3.15296845207492        0.10472846985594       -1.76885806046218
C           -3.93588099025150       -0.33106946163092       -0.57985450156927
C           -3.75627000504134        0.71950232726906       -2.86465271441054
C           -3.00838175925602        1.12615200008305       -3.96004924289621
C           -1.61861348472914        0.93091996026850       -3.94439068504354
C           -0.76386866848578        1.33801587075619       -5.09499916517533
C           -3.69294799287858        1.75503440736759       -5.12895695961144
H            0.88375448374969       -0.42898172983315        0.06106316424474
H            1.07942245852946        0.82606091435673        1.27430277336366
H            2.37822172382515        0.49935809788036        0.13453553795669
H           -0.35581129126220        1.68429603014214       -0.57353416072428
H            1.14203989081682        2.58426938884743       -0.41572554048986
H            0.82638249303728        2.26617537254211       -2.73853200680890
H            2.15452300162397        1.21559471606806       -2.25206651567326
H            0.79625937052290       -0.04598570554060       -3.77835926870200
H            0.58491653572436       -0.72842151134926       -2.16720451207431
H           -1.25884851219547       -0.56541797573567       -1.02681072466569
H           -3.43013275841426       -1.12924108511660       -0.04413365012070
H           -4.06147263259896        0.50805698400853        0.10467062133314
H           -4.92658639929397       -0.66774371789126       -0.87255606530853
H           -4.82487657740719        0.87197883852135       -2.86347895922856
H            0.10461492020351        1.90774423982412       -4.77465841197012
H           -0.40959190400261        0.45759267101073       -5.63342367167259
H           -1.32397154620556        1.94746607765041       -5.79439985831462
H           -3.35282921037712        2.77920090342181       -5.27500516591892
H           -3.49550206099623        1.19673591779754       -6.04210331726789
H           -4.76677754045753        1.77712016955347       -4.96958318252636
33
 energy: -38.453129706746 gnorm: 0.001147349161 xtb: 6.7.1 (edcfbbe)
C            1.30169627550904        0.55638605552585        0.24328609734840
C            0.72987516941048        1.61404996535833       -0.69350804264964
C            1.07559118513726        1.37693999957850       -2.16494483419867
C            0.38972725693487        0.15004326705998       -2.78548117369844
N           -1.05251230610677        0.33308762979895       -2.87780916145004
C           -1.78476721984835       -0.07248135326678       -1.82938490567182
C           -3.15254143600305        0.10525299823778       -1.76871328457020
C           -3.93690611040740       -0.33046848929463       -0.58090514257375
C           -3.75524929857566        0.71990261421408       -2.86463424332303
C           -3.00756211620186        1.12636680390544       -3.96049150016126
C           -1.61803272222727        0.93040956659369       -3.94502324349320
C           -0.76415938257148        1.33431199648075       -5.09732594846341
C           -3.69322151992983        1.75542405790628       -5.12840174297125
H            0.88924563203296       -0.43287418321321        0.05560913365498
H            1.08036600875035        0.81786057574518        1.27396148027693
H            2.38136687238441        0.49854384786411        0.13455578481053
H           -0.35419970774497        1.68393213600311       -0.56760867442513
H            1.14504473448815        2.58227230967121       -0.41064442558914
H            0.81560225830790        2.27142699251419       -2.73383120088681
H            2.15215392546956        1.22681163682987       -2.25601085546754
H            0.79782379044274       -0.04415661733312       -3.77653256930907
H            0.58657488652311       -0.72429148498946       -2.16443099480208
H           -1.25944395982101       -0.56395813973221       -1.02540255723266
H           -3.42688645795876       -1.12094767461798       -0.03767431558806
H           -4.07365021592520        0.51163245977722        0.09779260322214
H           -4.92281344525436       -0.67795838229044       -0.87701740657839
H           -4.82384048344139        0.87252377684060       -2.86445406267127
H            0.10716896014359        1.90124176649692       -4.78002789127103
H           -0.41371372424127        0.45216220865730       -5.63574132538504
H           -1.32434334106614        1.94391718169009       -5.79587669612454
H           -3.35234138779492        2.77935903352422       -5.27556060631055
H           -3.49788169889106        1.19702074657959       -6.04196743318406
H           -4.76666042152558        1.77871669788494       -4.96714086126166
33
 energy: -38.453137818288 gnorm: 0.001499810355 xtb: 6.7.1 (edcfbbe)
C            1.30543781062907        0.55255528531022        0.24137832238187
C            0.73113023290588        1.61374411775819       -0.68986464658942
C            1.07211317847935        1.38182292434788       -2.16338229849199
C            0.39014250465506        0.15297133645903       -2.78412230077138
N           -1.05245302760684        0.33367598478789       -2.87744216065021
C           -1.78459552352201       -0.07130038612767       -1.82893546760713
C           -3.15258457916972        0.10582346093441       -1.76875688152252
C           -3.93804349491596       -0.32992682583800       -0.58176804458483
C           -3.75497171430144        0.72018915788544       -2.86491969518910
C           -3.00723222876812        1.12620012494887       -3.96100112983085
C           -1.61783257788351        0.92961410512345       -3.94557737827343
C           -0.76428771008224        1.33026344816983       -5.09929939959842
C           -3.69311489229251        1.75571738443469       -5.12847240529224
H            0.89574971051338       -0.43701405208398        0.04898356301585
H            1.08315065015843        0.80839241384753        1.27330374329533
H            2.38527688185966        0.49817836061216        0.13266581511352
H           -0.35253780751220        1.68313119058436       -0.56048671735488
H            1.14727947860739        2.58093545563426       -0.40482639691164
H            0.80397298255404        2.27625387652996       -2.72866482118854
H            2.14916489714371        1.23859514286846       -2.25951217900718
H            0.79931483196462       -0.04149450339094       -3.77466560604727
H            0.58818229263412       -0.72044478159709       -2.16219551917568
H           -1.25985063006144       -0.56185703109776       -1.02400368832146
H           -3.42190411132994       -1.11020469021302       -0.02944748827356
H           -4.08917213184190        0.51596020249555        0.08937423029200
H           -4.91821160360139       -0.69142416132783       -0.88093018453510
H           -4.82345186686253        0.87367353346381       -2.86488007248342
H            0.10955132599597        1.89459614961534       -4.78440675766160
H           -0.41795008348041        0.44631782224891       -5.63756573902461
H           -1.32382438768284        1.94098904911121       -5.79743053960374
H           -3.35072586595972        2.77903266671539       -5.27655651359098
H           -3.49989271632049        1.19660148129135       -6.04206348351225
H           -4.76631982490736        1.78089175649838       -4.96586815900394
33
 energy: -38.453147825005 gnorm: 0.001377369258 xtb: 6.7.1 (edcfbbe)
C            1.31224431421995        0.54735150133309        0.23857552212498
C            0.73219263337879        1.61234297466862       -0.68481033666408
C            1.06674771988742        1.38908864167007       -2.16090273463366
C            0.39020020061610        0.15719604290726       -2.78190472289906
N           -1.05271739262713        0.33452988668643       -2.87686860590737
C           -1.78516014657923       -0.06964413407110       -1.82811941767329
C           -3.15314474900008        0.10693605899384       -1.76887420650262
C           -3.93980982042944       -0.32903497026984       -0.58277058607804
C           -3.75525737208085        0.72128744107500       -2.86531323968136
C           -3.00730718278552        1.12590140008554       -3.96167789520918
C           -1.61805005217035        0.92819855110102       -3.94627258836369
C           -0.76466195021596        1.32477786719761       -5.10159218937596
C           -3.69249363211109        1.75589199229488       -5.12937895914571
H            0.90639786670087       -0.44242625897712        0.03966857765556
H            1.09014963488820        0.79461338967610        1.27276819007502
H            2.39221170232114        0.49806260915417        0.12814897125134
H           -0.35094060694335        1.68019063021617       -0.55000164904858
H            1.14866773266712        2.57843003608158       -0.39658305283649
H            0.78774140587476        2.28323135303417       -2.72156690941824
H            2.14428468391101        1.25506222125050       -2.26372246626497
H            0.80116245935716       -0.03654447597578       -3.77173322595220
H            0.58997277740758       -0.71553256817278       -2.15957475213802
H           -1.26017942239584       -0.55840189302379       -1.02226096503276
H           -3.41291275282996       -1.09163317164544       -0.01566646578100
H           -4.11500371749090        0.52281845352585        0.07548560554725
H           -4.91019513254110       -0.71440650466256       -0.88591019959760
H           -4.82369507710088        0.87510029404664       -2.86527641558624
H            0.11229385851107        1.88556195699662       -4.78908858924061
H           -0.42391501769242        0.43847231909421       -5.63959076730729
H           -1.32277309251120        1.93758972208740       -5.79941880531875
H           -3.34695785559563        2.77784619332000       -5.27906246476858
H           -3.50209602646066        1.19491095035188       -6.04240385860930
H           -4.76548599018136        1.78469148994987       -4.96564079761836
33
 energy: -38.453156563619 gnorm: 0.000963723917 xtb: 6.7.1 (edcfbbe)
C            1.31878883676152        0.54396197175781        0.23620772401099
C            0.73261540647673        1.61125330395439       -0.68071101524987
C            1.06270281075310        1.39329902803685       -2.15800598910180
C            0.38965233285552        0.15991169310817       -2.78060437207264
N           -1.05327198268215        0.33530698326227       -2.87657584861238
C           -1.78631609935162       -0.06850948299442       -1.82758239337663
C           -3.15405273413980        0.10792028419458       -1.76914186439808
C           -3.94130810945164       -0.32799350290328       -0.58329901789771
C           -3.75622498402933        0.72204586793756       -2.86597763565804
C           -3.00799935510971        1.12547841635685       -3.96234290576133
C           -1.61868564547517        0.92736794782320       -3.94668373840254
C           -0.76515707300352        1.32185756907445       -5.10269495862946
C           -3.69188087744978        1.75539546087991       -5.13102866024733
H            0.91577552103276       -0.44619389024844        0.03407084799729
H            1.09895196703806        0.78551353774162        1.27229149990447
H            2.39867714308493        0.49884829191259        0.12240247528155
H           -0.35017306215724        1.67575564994041       -0.54172422398159
H            1.14736018168531        2.57747473455313       -0.39029022767597
H            0.77703965103771        2.28705980500620       -2.71561794036587
H            2.14031246623920        1.26515280389233       -2.26517761945034
H            0.80193903479374       -0.03255561862115       -3.77005272291336
H            0.59054437334598       -0.71280740190114       -2.15868918487893
H           -1.26029889845773       -0.55594911929239       -1.02163291338652
H           -3.40492209584822       -1.07416025253514       -0.00342946117964
H           -4.13770591369184        0.52839807041671        0.06307650609187
H           -4.90255407702841       -0.73464256202996       -0.88866488616409
H           -4.82458521574754        0.87645768835869       -2.86517804746203
H            0.11326671170019        1.88066133830944       -4.79069659754099
H           -0.42747360177022        0.43416717021570       -5.64036524821962
H           -1.32207530868104        1.93639380637282       -5.80062063385954
H           -3.34351069529672        2.77602482693128       -5.28232773287207
H           -3.50308926598854        1.19218722724347       -6.04298811594747
H           -4.76483144144628        1.78737835324546       -4.96728509797921
33
 energy: -38.453167293562 gnorm: 0.001199897164 xtb: 6.7.1 (edcfbbe)
C            1.32689456026713        0.54164019338577        0.23489477867075
C            0.73246520221170        1.60849428031293       -0.67719819221860
C            1.05947500403227        1.39614664885919       -2.15540815820392
C            0.38836788824449        0.16198198666722       -2.77944224262766
N           -1.05435599281900        0.33617445582636       -2.87640947151253
C           -1.78821289034102       -0.06747181418336       -1.82718086033995
C           -3.15549009549074        0.10928650757666       -1.76944904181519
C           -3.94315712102469       -0.32628097857729       -0.58360747175535
C           -3.75784609533611        0.72299580909326       -2.86686466886891
C           -3.00933731899005        1.12496929342098       -3.96319300760848
C           -1.61979409700885        0.92699834115973       -3.94692578241863
C           -0.76568906896335        1.32131558184934       -5.10265827282014
C           -3.69158504439219        1.75378593606470       -5.13362726226847
H            0.92605342168799       -0.44907889010229        0.03211322557856
H            1.11196183930756        0.77950463773106        1.27290231664889
H            2.40638744722792        0.50046507475156        0.11510764837693
H           -0.35012284228301        1.66762874097722       -0.53419218119546
H            1.14327517487699        2.57594418293872       -0.38532421549216
H            0.76978650821962        2.28983478133491       -2.71080502050068
H            2.13696395590761        1.27131425349179       -2.26537717162957
H            0.80184538739287       -0.02845055923800       -3.76868471853817
H            0.58997398298004       -0.71145846197965       -2.15873129092714
H           -1.26073675925497       -0.55415035824382       -1.02176511670307
H           -3.39635623021512       -1.05319161144837        0.01044818604703
H           -4.16318945717715        0.53459212037147        0.04872184498469
H           -4.89340422582423       -0.75694538542941       -0.89071717236835
H           -4.82622809911159        0.87726895826525       -2.86530541314841
H            0.11278484776915        1.87960281565948       -4.78982034500839
H           -0.42877897607426        0.43337413886992       -5.64023957193079
H           -1.32157956291491        1.93688422452367       -5.80094511026383
H           -3.34060804804296        2.77303373446946       -5.28729755863365
H           -3.50369005485220        1.18750486874528       -6.04386358520988
H           -4.76456324001063        1.78874649285608       -4.97049509629843
33
 energy: -38.453178895740 gnorm: 0.001983134314 xtb: 6.7.1 (edcfbbe)
C            1.33740337469304        0.53980828815050        0.23398668404598
C            0.73253359279780        1.60516522239053       -0.67313481514902
C            1.05676876761978        1.39697793935279       -2.15224379444195
C            0.38655970503617        0.16322712312463       -2.77875079935649
N           -1.05585418668547        0.33722839304151       -2.87643834523301
C           -1.79041734895102       -0.06642263280706       -1.82708157447624
C           -3.15727441315824        0.11094525641744       -1.76985796546472
C           -3.94581164155018       -0.32350082221496       -0.58406696513658
C           -3.75970817732912        0.72367452286699       -2.86818953791607
C           -3.01097649980811        1.12442954063686       -3.96445457404099
C           -1.62108510180439        0.92750851327804       -3.94708089824747
C           -0.76631939443180        1.32341389457549       -5.10180596184562
C           -3.69209599499667        1.75075313121742       -5.13698620820886
H            0.93831060606348       -0.45206472045787        0.03348706770552
H            1.12944830529152        0.77628192301887        1.27369961624940
H            2.41620255549168        0.50237937742892        0.10623054607786
H           -0.35000764475866        1.65653264455885       -0.52674631792817
H            1.13738823496943        2.57491809763605       -0.38035116073772
H            0.76483551459926        2.29138147681584       -2.70520207491621
H            2.13422810935395        1.27398136893232       -2.26434153053191
H            0.80085401215419       -0.02536627568212       -3.76799328962975
H            0.58820977865600       -0.71108679106957       -2.15928422885189
H           -1.26196462412148       -0.55328210919341       -1.02244866368480
H           -3.38663153914007       -1.02588741324309        0.02820355586151
H           -4.19536249554532        0.54288458312604        0.03006311298853
H           -4.88169844459800       -0.78415966632204       -0.89351683854182
H           -4.82817235986099        0.87741346200876       -2.86627744932111
H            0.11094381875339        1.88269049824713       -4.78715359536056
H           -0.42764025857938        0.43618521883662       -5.63942093785634
H           -1.32198892963345        1.93886442185989       -5.80054676524920
H           -3.33951287247850        2.76883996423013       -5.29405584279179
H           -3.50456644918231        1.18090397263080       -6.04509722848597
H           -4.76508799886812        1.78784159660740       -4.97448321952360
33
 energy: -38.453189721585 gnorm: 0.001936096255 xtb: 6.7.1 (edcfbbe)
C            1.34705940570825        0.54059273884653        0.23518702694995
C            0.73291236419518        1.60097091080864       -0.67133980453645
C            1.05721136210247        1.39384529955519       -2.15056615221105
C            0.38436024063423        0.16242454104235       -2.77888379790475
N           -1.05771703352613        0.33804796611162       -2.87666155940552
C           -1.79284122278884       -0.06628058486405       -1.82762049851421
C           -3.15932786481091        0.11249842265195       -1.77029665807979
C           -3.94878552396826       -0.32012117059454       -0.58445920184280
C           -3.76171440259259        0.72378085206536       -2.86970382710558
C           -3.01283569163115        1.12384121034277       -3.96590014659431
C           -1.62245469380417        0.92928033367210       -3.94684036783628
C           -0.76658283093022        1.33017675853679       -5.09899109669204
C           -3.69380424500926        1.74611157521831       -5.14067918010039
H            0.94768520485286       -0.45264472876843        0.04182241659866
H            1.14802684304172        0.78092416432803        1.27574139785049
H            2.42474147446199        0.50464363631616        0.09811750300764
H           -0.34974702303655        1.64378590252791       -0.52351373263415
H            1.13035515376840        2.57407689553642       -0.37955728526864
H            0.76889995102661        2.28955400567099       -2.70309156287479
H            2.13437486227416        1.26742022839810       -2.26164393082768
H            0.79842909314824       -0.02474243901709       -3.76852519247628
H            0.58491101076300       -0.71324653172773       -2.16089276263251
H           -1.26428061102118       -0.55467085661991       -1.02398812407354
H           -3.38167299013261       -1.00057120721767        0.04292027644094
H           -4.22249170098713        0.54869669716829        0.01314986830682
H           -4.87096957862284       -0.80495171294319       -0.89400862289600
H           -4.83033874316988        0.87648050039956       -2.86810634334906
H            0.10666953472617        1.89376626094596       -4.78057502085027
H           -0.42106668235650        0.44566341996085       -5.63671734492669
H           -1.32331185522663        1.94347957514059       -5.79867342953440
H           -3.34246184399877        2.76402903032655       -5.30119809010494
H           -3.50478432790069        1.17323352358316       -6.04661710410980
H           -4.76693763519046        1.78236478259801       -4.97922765177169
33
 energy: -38.453150753797 gnorm: 0.006414022297 xtb: 6.7.1 (edcfbbe)
C            1.36683039206860        0.53623943925150        0.23470273727835
C            0.73610120514548        1.59357422060963       -0.66426050402040
C            1.05375713765388        1.39591285240037       -2.14706589924279
C            0.38148924915695        0.16519249875674       -2.77681684442304
N           -1.06061285875895        0.34040054380191       -2.87599354680442
C           -1.79618849870255       -0.06360310604774       -1.82722780818313
C           -3.16263812608074        0.11576619434802       -1.77075286085187
C           -3.95543051653483       -0.31425468390607       -0.58643873315596
C           -3.76439367894928        0.72377342284044       -2.87246026810981
C           -3.01513154678033        1.12270245984466       -3.96871290345012
C           -1.62426185133661        0.93110196951978       -3.94694258950565
C           -0.76711695452452        1.33539052326533       -5.09693083035880
C           -3.69646514509213        1.73954793106213       -5.14599240430563
H            0.97014460686861       -0.45913154940404        0.04556633083361
H            1.17954063156891        0.77507972957174        1.27792389930591
H            2.44295101778314        0.50617291776166        0.08401425340135
H           -0.34608548263912        1.62450098841109       -0.50931322445017
H            1.12512486138232        2.56968327439579       -0.37140268480308
H            0.75990807637769        2.29377883280543       -2.69398459053357
H            2.13116563727224        1.27309131271568       -2.26381748497475
H            0.79639558415963       -0.02084663340844       -3.76634249214819
H            0.58168515791241       -0.71103354382284       -2.15940288110460
H           -1.26889085239019       -0.55344502865672       -1.02362812107352
H           -3.36423254637214       -0.94228059020336        0.08094762323031
H           -4.29251220038123        0.56584042001210       -0.02831216703122
H           -4.84597173062953       -0.86251009070751       -0.90232184635025
H           -4.83316772417313        0.87554813423604       -2.87223155754731
H            0.10321946830357        1.90228471166180       -4.77622911112865
H           -0.41618213352598        0.45292955219532       -5.63463264000377
H           -1.32475817873968        1.94616811268306       -5.79748893547999
H           -3.34575622104576        2.75683492904857       -5.31246709481071
H           -3.50749639010243        1.16190437642910       -6.04904598955642
H           -4.76951038889561        1.77614587852809       -4.98427883064099
33
 energy: -38.453198240091 gnorm: 0.001838067635 xtb: 6.7.1 (edcfbbe)
C            1.35556081807821        0.53840481833834        0.23509720490369
C            0.73538392806423        1.59790141109689       -0.66838699773834
C            1.05621027322049        1.39472715218603       -2.14973845579006
C            0.38332611822015        0.16360627024661       -2.77777452920168
N           -1.05896794719567        0.33916882543789       -2.87605770789345
C           -1.79396126096995       -0.06485450535604       -1.82732195522072
C           -3.16073748414569        0.11389991784043       -1.77036667067996
C           -3.95226144735848       -0.31748484192918       -0.58572603567616
C           -3.76252778715535        0.72336269008391       -2.87091793206483
C           -3.01347818530958        1.12336095953999       -3.96719969612729
C           -1.62298510452370        0.93034846281367       -3.94677810904437
C           -0.76659935766164        1.33274622551501       -5.09795054075973
C           -3.69549446150487        1.74308989094994       -5.14249957552497
H            0.95706592277240       -0.45571229673115        0.04350608092806
H            1.16066057442059        0.77854986769941        1.27643454014518
H            2.43253861527582        0.50430281452138        0.09318773009919
H           -0.34695849254035        1.63692836274440       -0.51751151373972
H            1.13055171989444        2.57171535001263       -0.37638610236307
H            0.76501911901186        2.29172998013813       -2.69938589620246
H            2.13363749414795        1.26997843236317       -2.26393208609136
H            0.79741141615865       -0.02409409800715       -3.76735803346364
H            0.58348530455975       -0.71182158830275       -2.15927709474866
H           -1.26712569086139       -0.55428040662901       -1.02315105621840
H           -3.37464074640275       -0.97365620842519        0.06041511292267
H           -4.25538672796556        0.55641426459502       -0.00666023840090
H           -4.85939859827959       -0.83154303255031       -0.89884350116905
H           -4.83122857451386        0.87557591569842       -2.87075399393997
H            0.10515990845457        1.89831771967663       -4.77903729567046
H           -0.41798275305682        0.44931622926458       -5.63550079869339
H           -1.32423801192157        1.94397987341605       -5.79808492580164
H           -3.34587299929242        2.76138733093018       -5.30517538099392
H           -3.50608283156407        1.16911011537021       -6.04771237669935
H           -4.76857275005723        1.77798409745129       -4.98049216908042
33
 energy: -38.453204615074 gnorm: 0.000379633529 xtb: 6.7.1 (edcfbbe)
C            1.35407017620175        0.53855328464644        0.23489104155520
C            0.73684961894598        1.59918559284703       -0.66925605049675
C            1.05725088582827        1.39400111679806       -2.15050883567789
C            0.38358346138632        0.16311107683348       -2.77773822637921
N           -1.05887250781184        0.33913772421286       -2.87565181559571
C           -1.79365337500053       -0.06484784216956       -1.82715558760122
C           -3.16070204649594        0.11363997534161       -1.77022103218297
C           -3.95262533906267       -0.31797290054955       -0.58602376416376
C           -3.76220516500623        0.72305272940243       -2.87071638857661
C           -3.01309280240508        1.12345236154192       -3.96700885540466
C           -1.62273166029791        0.93057308120067       -3.94649698628267
C           -0.76632495120742        1.33306188319032       -5.09754631308022
C           -3.69580718293928        1.74326108350800       -5.14178422937728
H            0.95446953023314       -0.45507726552101        0.04299159322279
H            1.15749213651143        0.77936315466959        1.27569139643525
H            2.43121989503066        0.50275364992938        0.09510894857511
H           -0.34543531580708        1.64096193339352       -0.51909918579498
H            1.13462041261322        2.57210393523983       -0.37778007590786
H            0.76666985306336        2.29098736807510       -2.70033508018234
H            2.13456717766838        1.26867235017313       -2.26478641404020
H            0.79704320727927       -0.02587137435338       -3.76738645426892
H            0.58332471073231       -0.71181536079962       -2.15842850249185
H           -1.26773924540821       -0.55408034881538       -1.02223729110571
H           -3.37678524588270       -0.97464126231065        0.05943887564419
H           -4.25483506513054        0.55454983129859       -0.00674930864851
H           -4.85934339379839       -0.83055142414181       -0.89895199189709
H           -4.83096438768670        0.87486519705115       -2.87143629323542
H            0.10487568500375        1.89954409107318       -4.77880510985092
H           -0.41662105336548        0.44977163222457       -5.63458768155525
H           -1.32447162165574        1.94329282834794       -5.79804147833916
H           -3.34811328476421        2.76248398464673       -5.30302672796920
H           -3.50522162383089        1.17098965065755       -6.04781943039234
H           -4.76898148294248        1.77594826235733       -4.97988274493303
33
 energy: -38.453204033418 gnorm: 0.001362638519 xtb: 6.7.1 (edcfbbe)
C            1.35250341714503        0.53870113191378        0.23467725403857
C            0.73838802563251        1.60052042172656       -0.67017187467917
C            1.05834462832873        1.39325057721568       -2.15132337270521
C            0.38384944322541        0.16259884847585       -2.77769582772984
N           -1.05877382938049        0.33911370514203       -2.87522162482338
C           -1.79333432890639       -0.06482515497890       -1.82697045929340
C           -3.16066738329809        0.11336967590193       -1.77006635800426
C           -3.95300614560003       -0.31848654703336       -0.58633159643310
C           -3.76187527668914        0.72271637871591       -2.87051037268908
C           -3.01269518232532        1.12354309947600       -3.96680816208593
C           -1.62247011795960        0.93080728985955       -3.94619971301836
C           -0.76603956935988        1.33338820879258       -5.09712118746784
C           -3.69613057760167        1.74344429643037       -5.14103704430844
H            0.95173871398373       -0.45441496752110        0.04244639857014
H            1.15417986415122        0.78019814901684        1.27492176395318
H            2.42983255248600        0.50112090252360        0.09711099038206
H           -0.34383562435668        1.64518476232665       -0.52075357904957
H            1.13888895267747        2.57249840493586       -0.37924419141816
H            0.76839975294563        2.29021602493972       -2.70134338703311
H            2.13554352379809        1.26730754987931       -2.26569216702570
H            0.79665521147628       -0.02772053724644       -3.76741135116125
H            0.58315620563595       -0.71180626010524       -2.15754092705504
H           -1.26837395353618       -0.55385208277159       -1.02127541634616
H           -3.37896431248796       -0.97562218224054        0.05847277767266
H           -4.25434410366051        0.55263834078181       -0.00687633948436
H           -4.85926417993433       -0.82961190097406       -0.89908970049296
H           -4.83069405999043        0.87412091589979       -2.87214307247511
H            0.10457595812440        1.90082314648503       -4.77855688450447
H           -0.41519954237277        0.45024205051471       -5.63362789825558
H           -1.32471285142892        1.94257336939585       -5.79799688964893
H           -3.35044589534815        2.76363390898930       -5.30077315685744
H           -3.50431292172709        1.17296068117649       -6.04793216037000
H           -4.76940639364826        1.77382779235554       -4.97925447019992
33
 energy: -38.453208856582 gnorm: 0.000431161648 xtb: 6.7.1 (edcfbbe)
C            1.35373902388297        0.53798981118388        0.23452366060896
C            0.73917550958559        1.59990333374839       -0.66981964011413
C            1.05819429397774        1.39396403284442       -2.15138139295681
C            0.38350835011598        0.16313260185564       -2.77724485807293
N           -1.05906573345894        0.33958212270726       -2.87487474836874
C           -1.79378314624369       -0.06415276207612       -1.82652101723156
C           -3.16108468489860        0.11369992436966       -1.76998883968581
C           -3.95369407941641       -0.31825965004377       -0.58643798146854
C           -3.76237518059189        0.72241649609210       -2.87083342701418
C           -3.01305785907028        1.12330388460261       -3.96694193983720
C           -1.62274567922442        0.93086971394388       -3.94603259692778
C           -0.76613635721019        1.33334697703903       -5.09690003414760
C           -3.69610745192211        1.74315380475819       -5.14146344467600
H            0.95300685867986       -0.45504520380258        0.04182723148382
H            1.15639382277666        0.77873181637618        1.27519817452137
H            2.43096426949144        0.50082159651446        0.09583409113055
H           -0.34291092792434        1.64448850234918       -0.51911587875614
H            1.13975378156568        2.57179998886998       -0.37874428901552
H            0.76728775343724        2.29086410017475       -2.70110025715521
H            2.13534133703310        1.26833976809614       -2.26667131637813
H            0.79639361320069       -0.02706596638609       -3.76690895234955
H            0.58294613252492       -0.71132882732682       -2.15718461310272
H           -1.26856901445558       -0.55293470664818       -1.02085417567371
H           -3.37641920623958       -0.96924672512858        0.06286837353506
H           -4.26283161611238        0.55408685350669       -0.01144395524694
H           -4.85615578670852       -0.83717254018153       -0.90011967639316
H           -4.83114008132749        0.87419629632042       -2.87217147897463
H            0.10425020174153        1.90106052404940       -4.77815866588235
H           -0.41498670813548        0.45015707765787       -5.63314914388886
H           -1.32469216258990        1.94234943135867       -5.79806126610177
H           -3.35049791948278        2.76339075756810       -5.30100152868689
H           -3.50373738133834        1.17266983949008       -6.04823033782766
H           -4.76945397166389        1.77334712611617       -4.98023607534446
