51
 energy: -64.520518799646 gnorm: 0.064176423425 xtb: 6.7.1 (edcfbbe)
C            1.09837000000000        0.37347000000000        0.18079000000000
C            0.90033000000000        0.33510000000000       -1.32684000000000
C            1.31140000000000       -0.99501000000000       -1.96356000000000
C            0.55416000000000       -2.22903000000000       -1.46234000000000
C           -0.96667000000000       -2.18583000000000       -1.64173000000000
C           -1.45530000000000       -2.05382000000000       -3.08835000000000
C           -1.00854000000000       -3.16778000000000       -4.04206000000000
C           -1.36693000000000       -4.59408000000000       -3.61027000000000
C           -2.85800000000000       -4.85929000000000       -3.37828000000000
C           -3.73910000000000       -4.72274000000000       -4.61735000000000
N           -3.42221000000000       -5.78216000000000       -5.61170000000000
C           -2.75985000000000       -5.46463000000000       -6.74879000000000
C           -2.47619000000000       -6.43769000000000       -7.69834000000000
C           -2.88300000000000       -7.75377000000000       -7.47828000000000
C           -3.57006000000000       -8.06180000000000       -6.30565000000000
C           -3.83402000000000       -7.05324000000000       -5.38755000000000
C           -2.57302000000000       -8.76908000000000       -8.51907000000000
O           -1.99054000000000       -8.48890000000000       -9.55186000000000
O           -3.03572000000000       -9.98293000000000       -8.14457000000000
C           -2.81893000000000      -11.05174000000000       -9.08247000000000
C           -3.96795000000000      -11.11209000000000      -10.07106000000000
H            0.42903000000000       -0.32496000000000        0.69157000000000
H            0.88332000000000        1.37662000000000        0.56280000000000
H            2.12995000000000        0.12352000000000        0.44823000000000
H           -0.14318000000000        0.56745000000000       -1.56520000000000
H            1.50430000000000        1.13262000000000       -1.77643000000000
H            1.19844000000000       -0.91298000000000       -3.05089000000000
H            2.38229000000000       -1.15434000000000       -1.78399000000000
H            0.95729000000000       -3.11287000000000       -1.97057000000000
H            0.77311000000000       -2.37989000000000       -0.39847000000000
H           -1.39281000000000       -3.09219000000000       -1.19570000000000
H           -1.37933000000000       -1.35422000000000       -1.05850000000000
H           -2.55082000000000       -2.00465000000000       -3.08050000000000
H           -1.12344000000000       -1.09247000000000       -3.49832000000000
H           -1.43668000000000       -2.96727000000000       -5.03091000000000
H            0.07831000000000       -3.11174000000000       -4.17734000000000
H           -0.98439000000000       -5.29338000000000       -4.36312000000000
H           -0.82724000000000       -4.83543000000000       -2.68681000000000
H           -2.96085000000000       -5.87033000000000       -2.96604000000000
H           -3.23623000000000       -4.18237000000000       -2.60429000000000
H           -4.79622000000000       -4.85099000000000       -4.35562000000000
H           -3.63824000000000       -3.74397000000000       -5.09594000000000
H           -2.46005000000000       -4.42979000000000       -6.89056000000000
H           -1.94207000000000       -6.16719000000000       -8.60892000000000
H           -3.90792000000000       -9.07503000000000       -6.09753000000000
H           -4.37468000000000       -7.25160000000000       -4.46560000000000
H           -1.85489000000000      -10.94525000000000       -9.59284000000000
H           -2.77885000000000      -11.98082000000000       -8.50462000000000
H           -4.02707000000000      -10.19120000000000      -10.65986000000000
H           -3.84855000000000      -11.95733000000000      -10.75457000000000
H           -4.92266000000000      -11.21507000000000       -9.54472000000000
51
 energy: -64.525153180177 gnorm: 0.025049165807 xtb: 6.7.1 (edcfbbe)
C            1.09566716819042        0.37094963604643        0.18082306757727
C            0.89637148436886        0.33093499505578       -1.32771110478469
C            1.30624772672149       -0.99572315006021       -1.96869485605687
C            0.55285634233412       -2.22970740615998       -1.46719101383090
C           -0.96629750562039       -2.19176135855670       -1.64415702208852
C           -1.46008661450939       -2.05854195838889       -3.08653971352163
C           -1.01209470134797       -3.16610500442029       -4.04442634028822
C           -1.36617660349067       -4.59356368410522       -3.61811127227338
C           -2.85296952315153       -4.86601257378929       -3.37963204109285
C           -3.73394754544433       -4.73900931864274       -4.62119778994604
N           -3.42991073919985       -5.77775067725538       -5.61796929919941
C           -2.76013361524845       -5.46853496004227       -6.73922147723193
C           -2.47323950542797       -6.43320611998733       -7.68442132192558
C           -2.88052979091695       -7.74896619605423       -7.46976093822022
C           -3.56678491231802       -8.04894862180743       -6.29526190339317
C           -3.82911551242329       -7.03993082824442       -5.39064661548720
C           -2.57681113351382       -8.77618854155150       -8.51722115113021
O           -1.99857409103440       -8.50228877029943       -9.53489149626854
O           -3.01642074891404       -9.98287660237618       -8.15300963175622
C           -2.82402831301404      -11.05474237622192       -9.08803515308705
C           -3.97492495129218      -11.10902992252955      -10.07717171828475
H            0.43285242007946       -0.32740603732008        0.68929235356474
H            0.88429121274992        1.36947115808182        0.56192517906673
H            2.12326599168094        0.12037424302575        0.44091238897513
H           -0.14712559407341        0.55488955365239       -1.56369752923178
H            1.50084940229383        1.12265638783533       -1.78073427152738
H            1.18794523381642       -0.91257161510219       -3.05314705879207
H            2.37211258038631       -1.15574812951507       -1.77812798124478
H            0.95639955065724       -3.10844650554990       -1.97938989438203
H            0.76518417201050       -2.36690328392356       -0.40345396910445
H           -1.38607398277792       -3.09908164823259       -1.19864913159107
H           -1.37022911200731       -1.35187464297749       -1.07306577040212
H           -2.55381938088291       -2.00883364449797       -3.07281149091227
H           -1.11308800894068       -1.10567982608915       -3.49424616296250
H           -1.43925174465258       -2.95735967906773       -5.03068313689844
H            0.07298630028482       -3.11622866845294       -4.16329790130230
H           -0.98331076955098       -5.29075994362633       -4.37149835101765
H           -0.83965250412986       -4.82224784307548       -2.68879701858890
H           -2.96246690284196       -5.87327749995330       -2.96697682170348
H           -3.23333927893656       -4.17243979773460       -2.62655520456447
H           -4.78629326667638       -4.85231122551506       -4.34292806873230
H           -3.60990042209690       -3.76246624735299       -5.09132311871801
H           -2.46134929947139       -4.43882896703313       -6.87696336287791
H           -1.94437938764608       -6.17146683278570       -8.59212231602522
H           -3.90499309022521       -9.05556247076015       -6.09285980776825
H           -4.36933217198285       -7.23237521207719       -4.47377378365106
H           -1.86746395682508      -10.92024103953421       -9.60298163320316
H           -2.78171654452229      -11.96729052318478       -8.48603483377275
H           -4.01674250286204      -10.19527954565774      -10.67019565717666
H           -3.84481933988194      -11.95310132539846      -10.74910988874812
H           -4.92153651772274      -11.22276574878673       -9.54884696441730
51
 energy: -64.525924165881 gnorm: 0.009533710037 xtb: 6.7.1 (edcfbbe)
C            1.09346304834835        0.36429916866276        0.17774777947168
C            0.88734538785067        0.32734237558418       -1.33130135171871
C            1.30105109797352       -0.99764002568882       -1.97390362941976
C            0.55136737911587       -2.23349035011283       -1.47158973433768
C           -0.96813958755074       -2.19774377965338       -1.64507169664655
C           -1.46362311043258       -2.06268598712789       -3.08645939495539
C           -1.01439882598058       -3.16696052353753       -4.04739828557549
C           -1.36345016636533       -4.59634757947052       -3.62355021498985
C           -2.84849842858145       -4.87027129168040       -3.38202706181127
C           -3.73178266588144       -4.74302466960284       -4.62672792382921
N           -3.43232016120371       -5.77120818694023       -5.61614048463899
C           -2.75620919838099       -5.46858446602272       -6.72890374102302
C           -2.46864937031476       -6.43026338117702       -7.67257578538995
C           -2.87887255378596       -7.74495706750830       -7.45916989400317
C           -3.56808369464478       -8.04054491251058       -6.28457380014453
C           -3.82830803310984       -7.02884462827932       -5.38699857842321
C           -2.57268587023613       -8.78004900723096       -8.51155788713903
O           -2.00203216310041       -8.50375783901489       -9.52874854380689
O           -3.00712054306806       -9.97686529053618       -8.15408860660916
C           -2.82716469411824      -11.05168057483019       -9.09013845294612
C           -3.97871948891564      -11.10777245203113      -10.08041229392189
H            0.43403043259082       -0.33467662127707        0.68547083488212
H            0.88364386571566        1.36072674535823        0.55835877375028
H            2.12115471151018        0.11387343964800        0.42991896641455
H           -0.15753075191379        0.54537747055077       -1.56174675121380
H            1.48925321185622        1.11820179150786       -1.78542974967880
H            1.17924374238059       -0.91181514356057       -3.05623956527539
H            2.36484150504652       -1.15666511618374       -1.78096832877098
H            0.95705969464551       -3.10902432429948       -1.98467248516957
H            0.76135351405721       -2.36353361155571       -0.40868709376564
H           -1.38337390597856       -3.10504111743758       -1.19870460033873
H           -1.36792257405096       -1.35515877587430       -1.07896273356284
H           -2.55589659034424       -2.01266073274845       -3.06927352799027
H           -1.11127121710616       -1.11313237914839       -3.49172417139970
H           -1.43911625152827       -2.95173881331015       -5.03238066855240
H            0.06933691671499       -3.11759313503803       -4.15715346061762
H           -0.97923451775222       -5.29044534581338       -4.37781638854010
H           -0.84013588274022       -4.81728884072338       -2.69325196142147
H           -2.95889812138810       -5.87371962510797       -2.96457393032224
H           -3.22916026606515       -4.16560945344593       -2.64270755472209
H           -4.78075180632399       -4.84717531131548       -4.33788463560467
H           -3.59180477048763       -3.76506310713952       -5.08734370250125
H           -2.45582672732828       -4.44101121277261       -6.86558219488264
H           -1.93546367564021       -6.17863287554924       -8.57706795424917
H           -3.90117244457959       -9.04612047463259       -6.08501549682681
H           -4.37175997990815       -7.21624876383687       -4.47315884916298
H           -1.87547841122180      -10.90825725601757       -9.61059088057661
H           -2.78711934713151      -11.95387148918054       -8.47613996235936
H           -4.00911209481179      -10.19922241399938      -10.67717943469034
H           -3.84012020836991      -11.95396639460671      -10.74471389367002
H           -4.92383640746490      -11.22361664378132       -9.55577901732320
51
 energy: -64.526058184187 gnorm: 0.004076813701 xtb: 6.7.1 (edcfbbe)
C            1.09135122862200        0.35916408455455        0.17460930585425
C            0.87966359006369        0.32385071374586       -1.33431783131717
C            1.29633353417680       -0.99942078634623       -1.97928045790881
C            0.55035517792288       -2.23693018232568       -1.47469380963209
C           -0.96970397852048       -2.20268631480846       -1.64600621259515
C           -1.46579479833370       -2.06549133016316       -3.08723317424623
C           -1.01336272241856       -3.16749328929004       -4.04968875394593
C           -1.36104596590283       -4.59761629467290       -3.62641062315606
C           -2.84548333924440       -4.86952314763101       -3.38082016232029
C           -3.72984078773171       -4.74017536611945       -4.62754226343071
N           -3.43285763871018       -5.76607993539538       -5.61341241443369
C           -2.75018195006000       -5.46674344513625       -6.72297652477012
C           -2.45991471314308       -6.42997223852743       -7.66434383570466
C           -2.87559151873228       -7.74293341292157       -7.45113315497902
C           -3.56866772974317       -8.03734213137086       -6.27811023435662
C           -3.83091482797573       -7.02323960786829       -5.38379825317588
C           -2.57584121222364       -8.77821110562125       -8.50980638841560
O           -2.00330447070822       -8.49670551831586       -9.52606089535330
O           -3.00836155904260       -9.97218300060023       -8.15349610030355
C           -2.82772777563037      -11.04951009182246       -9.08934533610314
C           -3.97844805470415      -11.10689724729299      -10.08135589544384
H            0.43440210361320       -0.34148567220749        0.68319072811911
H            0.88202150118151        1.35482486412667        0.55731738743507
H            2.12044805839154        0.10897134673623        0.42126773279690
H           -0.16685761471281        0.53770416753741       -1.56019672456749
H            1.47693440028079        1.11717440591512       -1.78953229815308
H            1.17241939682806       -0.91321772466647       -3.06117270897202
H            2.36047572468604       -1.15554319616420       -1.78780241182445
H            0.95692421891142       -3.11156440367388       -1.98801293238648
H            0.76198672579421       -2.36549036753881       -0.41230629742043
H           -1.38341262706868       -3.11047953123660       -1.19994334031801
H           -1.36897867547746       -1.36088091610208       -1.07914281627821
H           -2.55787745116905       -2.01640446820855       -3.06986034453251
H           -1.11394798568707       -1.11526303729059       -3.49037220727482
H           -1.43721663528457       -2.95092179521643       -5.03445735260185
H            0.07016656813711       -3.11610561934277       -4.15756153214994
H           -0.97774262203176       -5.29077112740230       -4.38170832481309
H           -0.83580709345305       -4.81778516339774       -2.69747569950976
H           -2.95720102290900       -5.87194487836660       -2.96238550740991
H           -3.22388234887190       -4.16189965067697       -2.64415270960876
H           -4.77792949141088       -4.83931323080460       -4.33533914868933
H           -3.58414760983454       -3.76055912061280       -5.08266969507229
H           -2.44617653237545       -4.43980310130385       -6.85926983065089
H           -1.92332603670249       -6.18365944168668       -8.56827374091964
H           -3.90232488529832       -9.04307796048925       -6.08053904836237
H           -4.37779356295791       -7.20809765198442       -4.47111351704118
H           -1.87734526086234      -10.90534524865539       -9.61126855377152
H           -2.78875715618827      -11.94894068518187       -8.47293793003676
H           -4.00618293498434      -10.20077122691975      -10.68137057484169
H           -3.83622725834852      -11.95569223894731      -10.74207227925482
H           -4.92520438015577      -11.22167767830877       -9.56020530615210
51
 energy: -64.526167554980 gnorm: 0.004066079728 xtb: 6.7.1 (edcfbbe)
C            1.08774556856183        0.35015626432265        0.16836446213678
C            0.86591777412356        0.31771454874346       -1.33966170236323
C            1.28780634099769       -1.00240562583228       -1.98827426741409
C            0.54861359765492       -2.24300771262316       -1.48059519304936
C           -0.97219860026786       -2.21146504222507       -1.64787519838006
C           -1.46861838799584       -2.06977558627931       -3.08878692086816
C           -1.01077135940151       -3.16798780911657       -4.05334104568076
C           -1.35611933616650       -4.59913104043134       -3.63065953737365
C           -2.83968494071240       -4.86682504303683       -3.37812996768482
C           -3.72654673591180       -4.73315079827367       -4.62619156842212
N           -3.43167240348958       -5.75818016911328       -5.60792351918779
C           -2.73805181555875       -5.46345548824837       -6.71299986041354
C           -2.44653671041528       -6.42932348294166       -7.65187290657936
C           -2.87227348044889       -7.73908613273292       -7.43961667785134
C           -3.57225074886089       -8.03157347059541       -6.26996376625273
C           -3.83620741830567       -7.01465622606994       -5.37891849541556
C           -2.57456297478954       -8.77496865046891       -8.50244223324472
O           -2.00490929241446       -8.48336233391807       -9.51936641636310
O           -3.01108351867562       -9.96546239472785       -8.15062643729851
C           -2.82883287203635      -11.04522289847739       -9.08743430746702
C           -3.97681555207653      -11.10460980472461      -10.08291044214272
H            0.43544055539654       -0.35340948681271        0.67949645956592
H            0.87884556686003        1.34454345451698        0.55523780152403
H            2.11938336088371        0.10110725209783        0.40666730499816
H           -0.18370374259956        0.52435433642900       -1.55777455348935
H            1.45422168830740        1.11638084419216       -1.79712235705738
H            1.15959169879728       -0.91620459460923       -3.06968410517823
H            2.35350410169994       -1.15298081089628       -1.80123524978660
H            0.95612948574861       -3.11666599259599       -1.99468645695485
H            0.76435905823585       -2.37077805592990       -0.41902472177818
H           -1.38371601679321       -3.12121059631426       -1.20395756162003
H           -1.37209750073575       -1.37256077974242       -1.07731136027906
H           -2.56079323240360       -2.02381880115124       -3.07234126496337
H           -1.11985229037321       -1.11682432235063       -3.48805730858828
H           -1.43350784745401       -2.95099303474034       -5.03834136709038
H            0.07270408587480       -3.11257272664053       -4.15976554260498
H           -0.97679921740681       -5.29151589757807       -4.38856179179288
H           -0.82564546702731       -4.82084297018407       -2.70502242429162
H           -2.95397096930441       -5.86867507119898       -2.95982324028901
H           -3.21335693123600       -4.15723462226587       -2.64176903988181
H           -4.77412896502126       -4.82594833398929       -4.33102504177233
H           -3.57494657945847       -3.75191141286586       -5.07577335274935
H           -2.42733218704861       -4.43768581149862       -6.84821150297772
H           -1.90079860153344       -6.19072770927752       -8.55298519761131
H           -3.90816867181617       -9.03732609321685       -6.07421634612382
H           -4.39033226306111       -7.19524224413362       -4.46895763561980
H           -1.87827159594061      -10.90171886962123       -9.60822224108111
H           -2.79193886890562      -11.94284039356044       -8.46980466194367
H           -4.00149860119424      -10.20144047939120      -10.68757648346503
H           -3.83156597788039      -11.95731464161967      -10.73903627775506
H           -4.92660120842093      -11.21632323828034       -9.56647847802686
51
 energy: -64.526225260656 gnorm: 0.004837404866 xtb: 6.7.1 (edcfbbe)
C            1.08444841672200        0.34364395473874        0.16322065482042
C            0.85533689596171        0.31279715875905       -1.34364016547957
C            1.28132067591155       -1.00450506086831       -1.99505247424659
C            0.54777200501406       -2.24760297830616       -1.48557227806012
C           -0.97336423718470       -2.21863263402418       -1.64965184862700
C           -1.47018946461643       -2.07275752792152       -3.08993083513303
C           -1.00844164937255       -3.16778194497258       -4.05604815262203
C           -1.35203193929327       -4.59956788418327       -3.63409768113264
C           -2.83482699591078       -4.86456228816978       -3.37584658475593
C           -3.72393040696995       -4.72728532392486       -4.62281714391943
N           -3.43015759462079       -5.75315969227633       -5.60361512719829
C           -2.72789040462018       -5.46151647211460       -6.70475566330863
C           -2.43534544644832       -6.42925914431762       -7.64158844743011
C           -2.87003794399294       -7.73639672376283       -7.43189467232564
C           -3.57713076229773       -8.02653987529547       -6.26602363231974
C           -3.84163172688142       -7.00837175816190       -5.37642076539217
C           -2.57601118768136       -8.77127700122385       -8.49761546473759
O           -2.00356149762106       -8.47551164255499       -9.51200042393869
O           -3.01491646409156       -9.96115899429858       -8.14831422473692
C           -2.82912355729716      -11.04156707830763       -9.08537967559591
C           -3.97429971917957      -11.10195626794876      -10.08363968613549
H            0.43603143513987       -0.36218847299569        0.67658002111524
H            0.87535025381254        1.33696843077516        0.55312870222560
H            2.11783500423825        0.09621500027620        0.39614264086720
H           -0.19657890519114        0.51384762188081       -1.55631610502736
H            1.43647986921136        1.11580765914842       -1.80295197918605
H            1.14957478825735       -0.91845369567865       -3.07617468424111
H            2.34848934330664       -1.15062198957841       -1.81193489954511
H            0.95585454458788       -3.12039906578545       -2.00092829590972
H            0.76713541890845       -2.37582286900002       -0.42464109709167
H           -1.38287347637294       -3.13086328413092       -1.20869371133734
H           -1.37462098397981       -1.38305350079878       -1.07482530109999
H           -2.56261292794126       -2.02981622705682       -3.07449983751695
H           -1.12454626915244       -1.11716455347677       -3.48606899426839
H           -1.43073209837719       -2.95111470940775       -5.04137934775649
H            0.07507041028616       -3.10937536031838       -4.16216948951398
H           -0.97708655878375       -5.29146086200956       -4.39478222951715
H           -0.81672471178012       -4.82402546645578       -2.71158385990013
H           -2.95070191030527       -5.86686080038625       -2.95898574036184
H           -3.20465113288254       -4.15549335267417       -2.63707608261467
H           -4.77154111413182       -4.81754076721513       -4.32705009023921
H           -3.57061027005688       -3.74602072995521       -5.07159463507103
H           -2.41132540365675       -4.43707486097880       -6.83805120640502
H           -1.88350371802693       -6.19439674711846       -8.54022783504585
H           -3.91799199535987       -9.03117399020748       -6.07167037330249
H           -4.40139314727392       -7.18579940716187       -4.46902902916213
H           -1.87703509019226      -10.89785823514852       -9.60316516763238
H           -2.79326659293555      -11.93938809869283       -8.46789210183696
H           -3.99723961776842      -10.20030310227403      -10.69095374512308
H           -3.82858135674252      -11.95672432181004      -10.73730300468748
H           -4.92609078236668      -11.21103506262900       -9.56980822853918
51
 energy: -64.526297261573 gnorm: 0.003851671944 xtb: 6.7.1 (edcfbbe)
C            1.07930449572575        0.33569738385614        0.15617075023150
C            0.84132309434158        0.30624841697338       -1.34893194632163
C            1.27303724391002       -1.00698291361208       -2.00404472256071
C            0.54754453186430       -2.25368953177666       -1.49272039361644
C           -0.97389534540004       -2.22905552199023       -1.65219000370897
C           -1.47192617080267       -2.07671858065998       -3.09110385075194
C           -1.00549660961494       -3.16686155816488       -4.05990009316921
C           -1.34635187312983       -4.59968738583345       -3.63978248230833
C           -2.82787331034205       -4.86233676047543       -3.37327438477451
C           -3.72083391018292       -4.72011704284445       -4.61634097055501
N           -3.42879058503024       -5.74751609348804       -5.59789121617348
C           -2.71449583060788       -5.45970108343751       -6.69263937074585
C           -2.42169872304798       -6.42912835428722       -7.62756615255885
C           -2.86883089797789       -7.73286796275072       -7.42312837665369
C           -3.58702901229539       -8.01907342428339       -6.26327196124147
C           -3.85119841285899       -7.00002778593442       -5.37460710536552
C           -2.57447600235911       -8.76685860649917       -8.48921655734522
O           -1.99895500902268       -8.46883211077035       -9.50076671632555
O           -3.01920546986461       -9.95638038823948       -8.14411167476170
C           -2.82928241812864      -11.03597180929219       -9.08202916372971
C           -3.97011133755209      -11.09664357997667      -10.08434607335323
H            0.43649280378236       -0.37333285892289        0.67244130283398
H            0.86919209014511        1.32748919129993        0.54959035164856
H            2.11485275342519        0.09130328621357        0.38265286522750
H           -0.21345735312724        0.49953249921885       -1.55499123969456
H            1.41293056134932        1.11487761055656       -1.81071715184322
H            1.13662849088487       -0.92104768152096       -3.08473547070622
H            2.34207018565913       -1.14696991912001       -1.82588208095650
H            0.95660241747908       -3.12486440550982       -2.01041277463162
H            0.77181178707875       -2.38288929181574       -0.43272315671715
H           -1.37982338944505       -3.14548805686758       -1.21619445879322
H           -1.37740142389598       -1.39877465450749       -1.07078644007395
H           -2.56467197972706       -2.03780764545297       -3.07659008617213
H           -1.13037801078661       -1.11757977303494       -3.48277447322378
H           -1.42756641781535       -2.95018814035555       -5.04548409407984
H            0.07800609146837       -3.10472920630272       -4.16577741986318
H           -0.97776451395063       -5.29035637108973       -4.40498390751076
H           -0.80429270684346       -4.82848451040120       -2.72189212271406
H           -2.94474799838313       -5.86589854575444       -2.95932039778975
H           -3.19247415708283       -4.15541994873609       -2.62954702590996
H           -4.76840544654793       -4.80904192966331       -4.31997757242782
H           -3.56723095732739       -3.73951976974049       -5.06629544972962
H           -2.38886220501178       -4.43758679263955       -6.82177935477705
H           -1.85988665114402       -6.19780449294366       -8.52107289608877
H           -3.93708994977130       -9.02117332719545       -6.07120506714439
H           -4.41895823650572       -7.17333676912773       -4.47142167870365
H           -1.87431868047128      -10.89148390129300       -9.59453032327409
H           -2.79493467134039      -11.93504052084191       -8.46551967024756
H           -3.99004798352547      -10.19644832256085      -10.69427762489701
H           -3.82483180781711      -11.95340386293429      -10.73543177280541
H           -4.92410108837621      -11.20218719546909       -9.57325834314497
51
 energy: -64.526366635634 gnorm: 0.002748391964 xtb: 6.7.1 (edcfbbe)
C            1.07297693781734        0.32735607160574        0.14799843635676
C            0.82501274647977        0.29921878107118       -1.35513320425557
C            1.26374823571398       -1.00920380566797       -2.01446658178548
C            0.54817123111566       -2.26061749441485       -1.50156200230911
C           -0.97369663840530       -2.24221754662075       -1.65514733422479
C           -1.47403523245827       -2.08184075777999       -3.09205200366107
C           -1.00283819305978       -3.16557961511724       -4.06503806140184
C           -1.33915034237928       -4.60023899538508       -3.64809658544413
C           -2.81880781147111       -4.86218887065714       -3.37121360457685
C           -3.71795604887447       -4.71352022332189       -4.60733113511558
N           -3.42932375141518       -5.74162590958261       -5.59158422723794
C           -2.69939035046324       -5.45813013455785       -6.67698868952012
C           -2.40560764454785       -6.42872400257141       -7.61009019668953
C           -2.86840476439410       -7.72845846806437       -7.41409976227629
C           -3.60269937453540       -8.00948281595680       -6.26313568359088
C           -3.86626883938069       -6.98998843934924       -5.37496440762015
C           -2.57193043111365       -8.76154363244589       -8.47921772136200
O           -1.98910704625505       -8.46531292774395       -9.48640148182133
O           -3.02323040782946       -9.95086569779111       -8.13843357036304
C           -2.82872023907413      -11.02881023094437       -9.07676454955928
C           -3.96449669928875      -11.08839660340017      -10.08408667987582
H            0.43742592798597       -0.38590314022705        0.66747875109286
H            0.86064026943597        1.31715875379626        0.54496392003212
H            2.11115502929785        0.08765197330368        0.36708425437918
H           -0.23290799328661        0.48323864008097       -1.55380045799728
H            1.38583699825785        1.11390891544861       -1.81962566477866
H            1.12199049061794       -0.92300420278729       -3.09448341856492
H            2.33462989666812       -1.14198417947409       -1.84153598891895
H            0.95894898084751       -3.12919523735299       -2.02247869970597
H            0.77798571642575       -2.39076133279825       -0.44279906505604
H           -1.37412333280026       -3.16411852408948       -1.22533853431622
H           -1.37998756146700       -1.41864271660966       -1.06591535370563
H           -2.56699034073138       -2.04744572171896       -3.07759136516782
H           -1.13689163515930       -1.11888246929749       -3.47828247822790
H           -1.42527444760080       -2.94772178483584       -5.05033005833624
H            0.08044962014573       -3.09900862427735       -4.17065696785023
H           -0.97755532129860       -5.28831011598386       -4.41921255750690
H           -0.78917796277462       -4.83371395601547       -2.73592801457181
H           -2.93487595721418       -5.86774293005219       -2.96140254551636
H           -3.17708932930137       -4.15889309314700       -2.62064484012793
H           -4.76496185713544       -4.80207933011645       -4.30887659665779
H           -3.56502619016557       -3.73344937548958       -5.05872971499201
H           -2.36182951980709       -4.43921126625314       -6.79951238860220
H           -1.83090999784792       -6.20035397114441       -8.49611681728570
H           -3.96584059990454       -9.00781926543232       -6.07541998884110
H           -4.44441507196869       -7.15895465797739       -4.47776314326797
H           -1.87050777652031      -10.88307932622825       -9.58329615041646
H           -2.79662248437162      -11.92942469068298       -8.46151957497859
H           -3.97957514580253      -10.18951129511334      -10.69622821914614
H           -3.81983339909789      -11.94694337128771      -10.73259417924394
H           -4.92081234160806      -11.18979238554033       -9.57622509538900
51
 energy: -64.526425581875 gnorm: 0.002685766516 xtb: 6.7.1 (edcfbbe)
C            1.06684284177120        0.32059909239998        0.14041837743268
C            0.80963130090804        0.29328998805369       -1.36102515723827
C            1.25532457271391       -1.01049084459370       -2.02454285259590
C            0.54978162782490       -2.26689198577865       -1.51036856949017
C           -0.97264676396005       -2.25574123305260       -1.65792099732265
C           -1.47655714836534       -2.08759213479779       -3.09247599890167
C           -1.00133129758597       -3.16428619327589       -4.07092261065862
C           -1.33148135389584       -4.60154752543221       -3.65818495302717
C           -2.80873503692605       -4.86545583527849       -3.37011754863264
C           -3.71626964313553       -4.70951191923162       -4.59757794422051
N           -3.43292708101753       -5.73636878747090       -5.58597648684066
C           -2.68584073452976       -5.45695846892127       -6.66037528221468
C           -2.39011810745057       -6.42786383904733       -7.59226155480356
C           -2.86902952380802       -7.72347637613036       -7.40654102411868
C           -3.62238662089410       -7.99942804753944       -6.26657386667696
C           -3.88592370274888       -6.98000758188417       -5.37845425066807
C           -2.56678404390859       -8.75653658086075       -8.46850489523258
O           -1.97455274662339       -8.46492796150257       -9.47119876244752
O           -3.02544939460589       -9.94515290577372       -8.13193454170773
C           -2.82749708904505      -11.02152332375162       -9.06997576722658
C           -3.95838718037427      -11.07835494934107      -10.08279347892897
H            0.43920825334140       -0.39757847918060        0.66262740067802
H            0.85104595310241        1.30822353478021        0.54052602264230
H            2.10779419276315        0.08677114156489        0.35222277513536
H           -0.25104348503075        0.46831643470549       -1.55276373327655
H            1.36040778451842        1.11335619490677       -1.82782063145086
H            1.10868788192212       -0.92372674410045       -3.10379180387183
H            2.32763552988656       -1.13618684548365       -1.85597239628202
H            0.96283400661126       -3.13229322529845       -2.03472023442501
H            0.78484539644388       -2.39761533110595       -0.45293440728675
H           -1.36647206885362       -3.18310950963081       -1.23392084312876
H           -1.38162245321993       -1.43892867416313       -1.06131200323724
H           -2.56955859653401       -2.05752325487738       -3.07676889116023
H           -1.14360215783355       -1.12118332216936       -3.47328861991130
H           -1.42537967038060       -2.94405169803120       -5.05499812772325
H            0.08148285139313       -3.09274521472974       -4.17697158840914
H           -0.97572862300344       -5.28569155386197       -4.43554158820492
H           -0.77357782121698       -4.83878587111454       -2.75195982850579
H           -2.92174739345825       -5.87356794892408       -2.96542993482414
H           -3.16053527866774       -4.16686848263946       -2.61197145103212
H           -4.76184490611621       -4.79818835894825       -4.29438702135376
H           -3.56468241808791       -3.72897747045818       -5.04863540693971
H           -2.33556225691113       -4.44150118567969       -6.77476881204004
H           -1.80050485812981       -6.20207732378872       -8.46911672813584
H           -3.99969183236916       -8.99373262818590       -6.08564051431802
H           -4.47616508575227       -7.14538747614568       -4.48860460161446
H           -1.86644636530844      -10.87559934406418       -9.57129901264341
H           -2.79904479014930      -11.92329736244944       -8.45586228340870
H           -3.96695872280082      -10.18032648366504      -10.69623037478769
H           -3.81420924914278      -11.93830870538824      -10.72919365043618
H           -4.91712669135888      -11.17534739866156       -9.57875354452671
51
 energy: -64.526486464218 gnorm: 0.002924613783 xtb: 6.7.1 (edcfbbe)
C            1.06123059805886        0.31600048138055        0.13364652637126
C            0.79574173476665        0.28907013310348       -1.36640213213078
C            1.24832070090941       -1.01033229842215       -2.03384250064893
C            0.55282827205721       -2.27206813498545       -1.51909501593278
C           -0.97029290796065       -2.26930843628894       -1.66030335472475
C           -1.47948378940549       -2.09405007838260       -3.09206110914924
C           -1.00150151443618       -3.16296652988253       -4.07759515991031
C           -1.32319836239373       -4.60379365053280       -3.67028426327104
C           -2.79723304080935       -4.87304099503885       -3.37005360973039
C           -3.71632906063091       -4.70873067433403       -4.58691019764326
N           -3.44041165834215       -5.73191212317806       -5.58115055980581
C           -2.67408554710613       -5.45631640872946       -6.64253407708288
C           -2.37466572691662       -6.42666864510740       -7.57370624025972
C           -2.87042159181654       -7.71778042622641       -7.40058881997569
C           -3.64700684094190       -7.98888371672020       -6.27480621077592
C           -3.91183469723516       -6.97026482861772       -5.38626567739837
C           -2.55959022757332       -8.75161380860646       -8.45751835442731
O           -1.95395814668649       -8.46711345123878       -9.45434027845379
O           -3.02633648753704       -9.93901502811667       -8.12491233630806
C           -2.82551536349284      -11.01453124668831       -9.06136324670710
C           -3.95129198460682      -11.06660298623208      -10.08063957015609
H            0.44237410449988       -0.40802360434560        0.65804255290153
H            0.84010216465816        1.30117041893660        0.53649015869286
H            2.10513905952327        0.08987216433863        0.33870049221402
H           -0.26725352763086        0.45550497764323       -1.55185117141967
H            1.33730733295212        1.11389042969063       -1.83499944929677
H            1.09734930018203       -0.92271819758816       -3.11227844167067
H            2.32174423061378       -1.12906662586483       -1.86889231367923
H            0.96871810326674       -3.13375139964809       -2.04710721089453
H            0.79292326743136       -2.40322632184342       -0.46306592583400
H           -1.35633955925117       -3.20207286986393       -1.24146769447705
H           -1.38190574979274       -1.45927375063846       -1.05673578305529
H           -2.57242414931110       -2.06862258114262       -3.07336032186698
H           -1.15125771108597       -1.12428815024279       -3.46770728627453
H           -1.42922782923837       -2.93923435420424       -5.05922947732437
H            0.08052041481190       -3.08554531100596       -4.18575582627897
H           -0.97215132889989       -5.28245378644150       -4.45444841471504
H           -0.75681955692975       -4.84407041710709       -2.77046148994975
H           -2.90449868907090       -5.88469290284033       -2.97241178608288
H           -3.14245529165237       -4.18109172703851       -2.60290440481131
H           -4.75930834859241       -4.79822927080824       -4.27547300481639
H           -3.56730214830380       -3.72642882357951       -5.03519780517113
H           -2.31066349455545       -4.44453812705393       -6.74706362818572
H           -1.76828811569578       -6.20320309070093       -8.43959689287684
H           -4.03981602042719       -8.97891471409928       -6.10414563234131
H           -4.51677660921008       -7.13293700048090       -4.50580911225456
H           -1.86163019932635      -10.87042360484733       -9.55773904162192
H           -2.80292203023043      -11.91698975910255       -8.44805201568235
H           -3.95149243546690      -10.16877345759081      -10.69422404610753
H           -3.80760830218969      -11.92748399133332      -10.72564198761558
H           -4.91290123897883      -11.15862129835022       -9.58147685138268
51
 energy: -64.526543556891 gnorm: 0.002799026762 xtb: 6.7.1 (edcfbbe)
C            1.05783437965687        0.31507278391477        0.12967191978590
C            0.78760229164203        0.28806326686622       -1.36970434548692
C            1.24512715763768       -1.00832343993103       -2.03990720315926
C            0.55706881962917       -2.27429088117222       -1.52531947275072
C           -0.96668819861571       -2.27870322316965       -1.66117604151055
C           -1.48212542670213       -2.09934985542348       -3.09024063718877
C           -1.00365155619198       -3.16180417269590       -4.08270538765262
C           -1.31676632815979       -4.60613837992935       -3.68063141757276
C           -2.78744261876138       -4.88313908902265       -3.37090545458045
C           -3.71829485404939       -4.71183005308897       -4.57833689507460
N           -3.44984077250278       -5.72959726226045       -5.57845214758074
C           -2.66765681459400       -5.45649685766555       -6.62843909617436
C           -2.36388497185584       -6.42550737150920       -7.55973872430371
C           -2.87233203795541       -7.71288088613843       -7.39812678279401
C           -3.66982541865037       -7.98072149023814       -6.28616036336421
C           -3.93717607163705       -6.96355869612127       -5.39681424011509
C           -2.55206249553481       -8.74844056792326       -8.44934324432888
O           -1.93339116642979       -8.47053332334696       -9.44034320647042
O           -3.02625984505506       -9.93402503154815       -8.11969357811622
C           -2.82381800342329      -11.01034166498052       -9.05328400811886
C           -3.94465825758525      -11.05685271916040      -10.07918760634545
H            0.44649152150550       -0.41454448780070        0.65489248358591
H            0.83027715908453        1.29798038766190        0.53433556592845
H            2.10414799363359        0.09691678061676        0.33062853386717
H           -0.27670672874167        0.44872522843918       -1.55133046163928
H            1.32334428490881        1.11589670079450       -1.83904419341320
H            1.09143609209167       -0.91977385795875       -3.11776754643867
H            2.31917221643002       -1.12208098760822       -1.87704585462968
H            0.97537278759047       -3.13269833194267       -2.05649612931153
H            0.80097648818792       -2.40597921306454       -0.47042627193869
H           -1.34587075859836       -3.21520673159303       -1.24506067544563
H           -1.37999418492654       -1.47343520827645       -1.05292530820351
H           -2.57496961355276       -2.07804923178838       -3.06708117901983
H           -1.15849887373997       -1.12707927028326       -3.46272109129960
H           -1.43675292154734       -2.93459349164660       -5.06111738489100
H            0.07744934493891       -3.07904905387216       -4.19483577311028
H           -0.96776469770186       -5.27924630611547       -4.47025831067942
H           -0.74363361346882       -4.84793389103268       -2.78585527376846
H           -2.88781085351351       -5.89853924316021       -2.98094190628682
H           -3.12824816743457       -4.19840027134495       -2.59564164721744
H           -4.75795100059005       -4.80298864370710       -4.25689786703233
H           -3.57278357054897       -3.72675926954673       -5.02182471353441
H           -2.29458860765702       -4.44752884812377       -6.72400495108360
H           -1.74336836494414       -6.20380107479896       -8.41574639406863
H           -4.07493853990748       -8.96746403012645       -6.12697391455747
H           -4.55568602322008       -7.12505692805423       -4.52558045934696
H           -1.85713710087357      -10.87061491113452       -9.54523603617265
H           -2.80887853943834      -11.91254213351438       -8.43973139204480
H           -3.93637132868699      -10.15851441059613      -10.69181406832528
H           -3.80107085510897      -11.91800006057323      -10.72381051265053
H           -4.90930135503206      -11.14440029530214       -9.58543933436878
51
 energy: -64.526591431394 gnorm: 0.002414246637 xtb: 6.7.1 (edcfbbe)
C            1.05643001905338        0.31680147004302        0.12792273068146
C            0.78423344525729        0.28963462598441       -1.37129008428137
C            1.24505649062254       -1.00479743259526       -2.04335037523117
C            0.56227517590281       -2.27407117653348       -1.52952087771789
C           -0.96203208067859       -2.28412687194702       -1.66049113664338
C           -1.48435319608986       -2.10325078195536       -3.08697614426086
C           -1.00730591359633       -3.16067226495507       -4.08574591146002
C           -1.31253696502074       -4.60805627146721       -3.68831420224069
C           -2.78001265228505       -4.89360882094814       -3.37193251058702
C           -3.72145677159164       -4.71710216711643       -4.57188296249136
N           -3.45935029266041       -5.72903958041169       -5.57720640602762
C           -2.66464649575467       -5.45737540667322       -6.61803844599916
C           -2.35650800707100       -6.42479983715025       -7.54986293712519
C           -2.87433998565064       -7.70922908470792       -7.39796275678012
C           -3.68943932960152       -7.97499262456824       -6.29842603145464
C           -3.95990826052397       -6.95960678025136       -5.40811398085763
C           -2.54591097123057       -8.74687939180019       -8.44433576025491
O           -1.91572874031370       -8.47315915548764       -9.42948001991139
O           -3.02680877753903       -9.93023492823916       -8.11687470164912
C           -2.82303956745325      -11.00894404465590       -9.04682221731297
C           -3.93835718191532      -11.05022975579353      -10.07968184803191
H            0.45132296498969       -0.41803040808723        0.65300784586371
H            0.82183830742370        1.29759947458638        0.53387993413373
H            2.10467502389857        0.10650868029481        0.32712672726935
H           -0.28080499007871        0.44687763608587       -1.55110489338092
H            1.31676207568254        1.11943513946279       -1.84066496661631
H            1.08967434064732       -0.91532641748557       -3.12088887408298
H            2.31960910331393       -1.11517635332956       -1.88186972114438
H            0.98222728730071       -3.12979285016043       -2.06361605185194
H            0.80943168802755       -2.40684350157207       -0.47555952175437
H           -1.33565417244889       -3.22299851063979       -1.24501274789263
H           -1.37613840136799       -1.48177808834160       -1.04913518591845
H           -2.57714409328840       -2.08593208347047       -3.05833008543489
H           -1.16567676819653       -1.12891068426021       -3.45818898463135
H           -1.44680435168389       -2.93057987515982       -5.06063453648438
H            0.07285962532386       -3.07338181592313       -4.20339819910193
H           -0.96379196125412       -5.27618476032857       -4.48219668576810
H           -0.73411126531315       -4.85062755074542       -2.79725103156898
H           -2.87360694873546       -5.91264137761320       -2.98980524068125
H           -3.11857821490685       -4.21615845627664       -2.58960536362562
H           -4.75761021235425       -4.81067137715408       -4.24059044109060
H           -3.58007558925392       -3.72899360518630       -5.00993458282840
H           -2.28476457914786       -4.45031192102431       -6.70596826428097
H           -1.72472093981535       -6.20455448187416       -8.39769760926080
H           -4.10398813229090       -8.95937533575224       -6.15051194300306
H           -4.59029147591466       -7.12064996253558       -4.54532925384480
H           -1.85297667495291      -10.87540622031302       -9.53369953893404
H           -2.81700020804822      -11.91011392949910       -8.43194721557277
H           -3.92226439163911      -10.15109918824301      -10.69095419431773
H           -3.79425482534833      -11.91128691245734      -10.72443154853310
H           -4.90630216242798      -11.13401498176495       -9.59189124602479
51
 energy: -64.526626428635 gnorm: 0.002115578920 xtb: 6.7.1 (edcfbbe)
C            1.05579851217508        0.31979957508307        0.12673732597223
C            0.78225064101905        0.29239558081728       -1.37232170142805
C            1.24609078562734       -1.00003409866210       -2.04639702910872
C            0.56872927889362       -2.27283536474186       -1.53375618273933
C           -0.95610728021065       -2.28856975702032       -1.65896107768060
C           -1.48677811094755       -2.10686872703534       -3.08237627672127
C           -1.01211454110164       -3.15911756704289       -4.08793003569911
C           -1.30915299176623       -4.60957579300112       -3.69544190154720
C           -2.77318857719162       -4.90445204318831       -3.37265061404353
C           -3.72531940109060       -4.72309223425762       -4.56519052234213
N           -3.46904298643254       -5.72935102096632       -5.57582825497933
C           -2.66123405687747       -5.45909497158110       -6.60742534445253
C           -2.34873348976897       -6.42492630217242       -7.53970850432019
C           -2.87684180101661       -7.70626906617632       -7.39797975095741
C           -3.71030148448331       -7.96968368308051       -6.31154340261602
C           -3.98375360079024       -6.95633204499309       -5.42000344416957
C           -2.54046038369646       -8.74599242468966       -8.44024289768740
O           -1.89860720869410       -8.47456394276026       -9.41857120391935
O           -3.02884784788803       -9.92673884101287       -8.11540503630737
C           -2.82300451329918      -11.00863958518208       -9.04142662120922
C           -3.93099796677996      -11.04496337271358      -10.08252029459306
H            0.45717467885977       -0.42060879488194        0.65151650324862
H            0.81335455497904        1.29826817616499        0.53405672793435
H            2.10600168309476        0.11810825311954        0.32490771804684
H           -0.28348274605385        0.44682227205286       -1.55090101317945
H            1.31200306830875        1.12422301007597       -1.84157800022179
H            1.08895549290548       -0.90952267123842       -3.12368309323401
H            2.32135476748069       -1.10711409434165       -1.88662952310956
H            0.98995431536645       -3.12571118718138       -2.07149814869739
H            0.81989436840720       -2.40765762018971       -0.48087893913836
H           -1.32417526796265       -3.22971805030101       -1.24346363314063
H           -1.37073536985805       -1.48889146315667       -1.04424880100595
H           -2.57954466731118       -2.09433989856337       -3.04705161744822
H           -1.17440601507244       -1.13009783088048       -3.45298528458292
H           -1.45915377183953       -2.92625886023671       -5.05883913084876
H            0.06700377873797       -3.06717348413041       -4.21264452554320
H           -0.96062925659937       -5.27257170133662       -4.49390696180472
H           -0.72502551296279       -4.85346597539548       -2.80822561166547
H           -2.85972954052799       -5.92738647256680       -2.99921441550775
H           -3.11014738896811       -4.23522637063530       -2.58261301980403
H           -4.75784702917092       -4.81991533441225       -4.22426296750719
H           -3.58894017625568       -3.73203072314197       -4.99806267934806
H           -2.27407506473557       -4.45390959763534       -6.68727725801344
H           -1.70501411113331       -6.20635230389130       -8.37908490420315
H           -4.13503437033559       -8.95153071183224       -6.17539381724494
H           -4.62684216765214       -7.11637931404208       -4.56629606451303
H           -1.84832516602367      -10.88218286165115       -9.52107554731041
H           -2.82723434479453      -11.90846718658359       -8.42467349925745
H           -3.90703263683387      -10.14506944307538      -10.69247430112130
H           -3.78573527193510      -11.90587043913114      -10.72732711595562
H           -4.90286980779345      -11.12522363660070       -9.60183830527369
51
 energy: -64.526643334094 gnorm: 0.001528634375 xtb: 6.7.1 (edcfbbe)
C            1.05642787583855        0.32310407952714        0.12681331797645
C            0.78287259051292        0.29546346185094       -1.37218205469592
C            1.24799640416442       -0.99581866895635       -2.04755249517587
C            0.57388872587890       -2.27089365014775       -1.53618960531160
C           -0.95121953861673       -2.29002952421196       -1.65700463856367
C           -1.48839052418502       -2.10853469122971       -3.07802734444494
C           -1.01631755286005       -3.15759887587581       -4.08811716217085
C           -1.30827177551286       -4.60988937221426       -3.69891930421379
C           -2.77008996046356       -4.91111300276992       -3.37297220048611
C           -3.72830072024637       -4.72764292637134       -4.56106817346794
N           -3.47486825057516       -5.73084011744332       -5.57497539542261
C           -2.65967358784722       -5.46146227203804       -6.60114985171615
C           -2.34491574593179       -6.42633610291828       -7.53365761611928
C           -2.87929866029537       -7.70564166311096       -7.39840139461673
C           -3.72329388825662       -7.96722560905096       -6.32006816350681
C           -3.99802710866623       -6.95531444542834       -5.42744055828404
C           -2.53838715456997       -8.74643560065408       -8.43894473979157
O           -1.88965790307779       -8.47509573950578       -9.41249024038223
O           -3.03133856398108       -9.92546968618667       -8.11610550167555
C           -2.82354227875410      -11.00960847199511       -9.03977731971627
C           -3.92558714930822      -11.04327514386670      -10.08682899081978
H            0.46166299302295       -0.42065867480720        0.65119863911654
H            0.80886775448224        1.30006177010247        0.53479384442211
H            2.10764414803763        0.12691360327747        0.32514094348946
H           -0.28306907477843        0.44908284848075       -1.55072447447210
H            1.31174421491613        1.12821106785651       -1.84109597911632
H            1.08977049445422       -0.90445039256308       -3.12468825135591
H            2.32372582506592       -1.10120186001207       -1.88898082399468
H            0.99548374045902       -3.12178427162334       -2.07694025551274
H            0.82810906380110       -2.40782689531115       -0.48418058195418
H           -1.31588646998581       -3.23233985112600       -1.24082788743685
H           -1.36569320972119       -1.49168543227944       -1.04021153407146
H           -2.58107357682654       -2.09942772080512       -3.03744487906239
H           -1.18080297930717       -1.13020330658105       -3.44891037563390
H           -1.46886830930593       -2.92299700501393       -5.05615033565393
H            0.06201511301419       -3.06296004860747       -4.21827349141995
H           -0.95971123964279       -5.26968298042149       -4.50018363428197
H           -0.72078607844476       -4.85485635419660       -2.81403697293515
H           -2.85208199776454       -5.93637344611670       -3.00500920855689
H           -3.10676706664954       -4.24741414279275       -2.57817126197877
H           -4.75867622887575       -4.82728839172477       -4.21496685765126
H           -3.59573767595366       -3.73504541107266       -4.99144825257592
H           -2.26837968777520       -4.45748754023404       -6.67597994114603
H           -1.69443747301917       -6.20880166210377       -8.36791826994858
H           -4.15440642625995       -8.94716056171097       -6.19099949162208
H           -4.64855976081171       -7.11426136094173       -4.57942076533032
H           -1.84531189635717      -10.88755126341123       -9.51334486251005
H           -2.83471145599653      -11.90845431451750       -8.42170822037017
H           -3.89701577322593      -10.14289655988972      -10.69587132666295
H           -3.77870096359080      -11.90388435247438      -10.73170631972161
H           -4.90025123620716      -11.12207746677867       -9.61146973944660
51
 energy: -64.526659112722 gnorm: 0.001138547145 xtb: 6.7.1 (edcfbbe)
C            1.05740131812368        0.32575703672268        0.12649940178818
C            0.78303904960497        0.29856179819703       -1.37225474970057
C            1.24959177865121       -0.99111876971359       -2.04962949798295
C            0.57957155907562       -2.26882682022212       -1.53935699755967
C           -0.94584623755245       -2.29122446087911       -1.65429469852995
C           -1.49023101439068       -2.10945551458662       -3.07249535421707
C           -1.02077390324163       -3.15527187068632       -4.08703897564613
C           -1.30841146570218       -4.60909437414746       -3.70087581850448
C           -2.76843599654836       -4.91529941689730       -3.37231243208333
C           -3.73069959921619       -4.73093673757106       -4.55691260681501
N           -3.47877534007586       -5.73294211516318       -5.57299307274622
C           -2.65581738696780       -5.46525573622899       -6.59392813547876
C           -2.34025172094517       -6.42984508152379       -7.52627813415160
C           -2.88260879413137       -7.70667213723753       -7.39734610603951
C           -3.73609154589239       -7.96548489538410       -6.32613358507481
C           -4.01054717217985       -6.95447526056735       -5.43238064334696
C           -2.53900082735669       -8.74765059334132       -8.43814191179609
O           -1.88423801442530       -8.47473059192502       -9.40685433832742
O           -3.03640548412070       -9.92520067774275       -8.11848938497380
C           -2.82484603703688      -11.01090156721318       -9.04072947788698
C           -3.91942672966319      -11.04330506633598      -10.09475978080087
H            0.46645818285035       -0.42120142970440        0.65075683812338
H            0.80553196982702        1.30117028353660        0.53555939292235
H            2.10965297479898        0.13437692898928        0.32429644722548
H           -0.28340377845829        0.45112862770202       -1.55017513762379
H            1.31049523902739        1.13267136314477       -1.84092973645297
H            1.08934589175057       -0.89864211376266       -3.12647791040217
H            2.32601171658632       -1.09440603523642       -1.89314631496266
H            1.00101921931914       -3.11741655669389       -2.08404449904117
H            0.83804189240930       -2.40848665157086       -0.48857053961006
H           -1.30698521433948       -3.23487519412869       -1.23754571376824
H           -1.35965486054290       -1.49438935654284       -1.03474883045598
H           -2.58274244764091       -2.10398965651477       -3.02631580371563
H           -1.18778606525651       -1.12942850865042       -3.44354884294785
H           -1.47835062343913       -2.91900724180567       -5.05236503550927
H            0.05678166955613       -3.05830613062657       -4.22223361081215
H           -0.96032567873013       -5.26613968955079       -4.50479924877239
H           -0.71782434139576       -4.85545916373999       -2.81824786239423
H           -2.84689691217258       -5.94213989221114       -3.00825110825612
H           -3.10493121687657       -4.25588601120869       -2.57380992206603
H           -4.75979865916130       -4.83290274040607       -4.20811860257644
H           -3.60119190676688       -3.73779929452572       -4.98679207453605
H           -2.25937527417996       -4.46285672469450       -6.66407920266842
H           -1.68291336548446       -6.21402577443721       -8.35574787246895
H           -4.17435403029184       -8.94294834600692       -6.20240395998645
H           -4.66774126149792       -7.11115816196276       -4.58930496440829
H           -1.84267673852122      -10.89124834928943       -9.50664433711318
H           -2.84214458087401      -11.90901712910474       -8.42172005078748
H           -3.88672546235890      -10.14288811610932      -10.70363492216464
H           -3.76923765651902      -11.90386259969284      -10.73899931198578
H           -4.89737511762578      -11.12165348274492       -9.62584096291089
51
 energy: -64.526674732400 gnorm: 0.001385025951 xtb: 6.7.1 (edcfbbe)
C            1.05887856174032        0.32691673707438        0.12615290709719
C            0.78334911802571        0.30087927637323       -1.37231066073135
C            1.25047492282858       -0.98742298922237       -2.05178725554494
C            0.58376940590622       -2.26691005146471       -1.54166734802561
C           -0.94191112379565       -2.29099145597615       -1.65124842527076
C           -1.49156758451519       -2.10872129711352       -3.06727408897139
C           -1.02393009355634       -3.15277344025930       -4.08434046929133
C           -1.30989161990505       -4.60719517255932       -3.69944522014511
C           -2.76956011245878       -4.91502716233804       -3.37090867526771
C           -3.73147025827187       -4.73205398859525       -4.55516395250452
N           -3.47901886929886       -5.73542188445605       -5.57092553139834
C           -2.65254362380250       -5.46967493535393       -6.58941247035170
C           -2.33821762243960       -6.43476564606768       -7.52143531445892
C           -2.88588358793939       -7.70959666585623       -7.39575429840715
C           -3.74250274765914       -7.96601557572321       -6.32709683929960
C           -4.01499468323177       -6.95489955026083       -5.43258649525206
C           -2.54259579302725       -8.74970072499340       -8.43840305848512
O           -1.88530319025971       -8.47510482100140       -9.40470031108438
O           -3.04250172246789       -9.92676048706100       -8.12211290258584
C           -2.82645587743241      -11.01232071642661       -9.04438863493686
C           -3.91494065922029      -11.04538442147586      -10.10411288571130
H            0.46974906555144       -0.42162113553876        0.65010157736559
H            0.80565217004278        1.30139992562370        0.53648356265017
H            2.11156161448806        0.13714761875938        0.32295608925567
H           -0.28335717212155        0.45292070695587       -1.54937311528076
H            1.30972986481668        1.13596318842027       -1.84052263086142
H            1.08791856296470       -0.89407181423558       -3.12823337473174
H            2.32738117758486       -1.08915875922672       -1.89755108283884
H            1.00435541820547       -3.11383982942150       -2.08959996226481
H            0.84621345913770       -2.40846093202314       -0.49209450138018
H           -1.30069311417369       -3.23537564949617       -1.23404099145174
H           -1.35438961286630       -1.49513146314436       -1.02955712504506
H           -2.58384939031908       -2.10520258786597       -3.01729465335656
H           -1.19208903067281       -1.12785359966946       -3.43841991408478
H           -1.48396489692960       -2.91543626623418       -5.04821818858580
H            0.05320413121721       -3.05494916989430       -4.22189928424779
H           -0.96175054278715       -5.26326507621790       -4.50408675106101
H           -0.71865892097832       -4.85398773885442       -2.81747447648917
H           -2.84698719320375       -5.94179830857736       -3.00657240738784
H           -3.10658043491857       -4.25604646010413       -2.57229905216785
H           -4.76088983184788       -4.83438594580560       -4.20732147232133
H           -3.60265781238980       -3.73958300959144       -4.98686359486608
H           -2.25274973518160       -4.46866204745698       -6.65757936424389
H           -1.67813414121756       -6.22063179915150       -8.34890624251240
H           -4.18531130373411       -8.94148360305699       -6.20469056315985
H           -4.67456983986015       -7.10948852899614       -4.59124643990936
H           -1.84176135184054      -10.89178537944721       -9.50450078846149
H           -2.84657422906584      -11.91051899368196       -8.42557616800230
H           -3.87993232102309      -10.14519253133154      -10.71323103746217
H           -3.76050703265287      -11.90596212481062      -10.74737076439015
H           -4.89544039544320      -11.12475371316446       -9.64068535208048
51
 energy: -64.526694533261 gnorm: 0.001766349176 xtb: 6.7.1 (edcfbbe)
C            1.06088662979381        0.32677726413630        0.12436056410486
C            0.78203807419566        0.30377451101559       -1.37352595785876
C            1.25070606637257       -0.98193304275840       -2.05683000348774
C            0.59006085285432       -2.26428669892086       -1.54592611025797
C           -0.93619165121324       -2.29115724413724       -1.64645719090232
C           -1.49358506056264       -2.10705309748397       -3.05919790120897
C           -1.02824718759122       -3.14848050443999       -4.07998014334574
C           -1.31179356253714       -4.60378995122175       -3.69639978277816
C           -2.77137160035357       -4.91326797865706       -3.36787596783864
C           -3.73212343904572       -4.73309500676400       -4.55263007116712
N           -3.47922024765657       -5.73913820507599       -5.56688939843959
C           -2.64535461210475       -5.47714684177976       -6.58084365848917
C           -2.33328360978403       -6.44321386304210       -7.51249925208587
C           -2.89124714007471       -7.71455064521967       -7.39221245925633
C           -3.75406813043135       -7.96720505785160       -6.32728814510369
C           -4.02321863211875       -6.95548370113509       -5.43190958370871
C           -2.54887190173333       -8.75287509280203       -8.43745069269150
O           -1.88651103588479       -8.47714904188183       -9.40018729951390
O           -3.05365772358196       -9.92950103860694       -8.12760939277940
C           -2.82918571965265      -11.01368467564869       -9.05017516971806
C           -3.90766728133158      -11.04767326856793      -10.12000366813203
H            0.47467972933008       -0.42438199450655        0.64793293308307
H            0.80640668757891        1.29974695676580        0.53750645246205
H            2.11449307628124        0.13889557490832        0.31817812734365
H           -0.28547922652746        0.45363066564853       -1.54780011960186
H            1.30537098235528        1.14114551160413       -1.84110882936793
H            1.08340131133593       -0.88736741972733       -3.13243431178801
H            2.32853784608518       -1.08045468015934       -1.90710635736396
H            1.00917137846939       -3.10878203321237       -2.09865611951048
H            0.85925581518001       -2.40797771486829       -0.49838620897828
H           -1.29089180298367       -3.23709727682777       -1.22929968893812
H           -1.34658524426218       -1.49736165263806       -1.02081692063684
H           -2.58555959487574       -2.10601960958283       -3.00387173034669
H           -1.19800530545588       -1.12489530817584       -3.42993813399650
H           -1.49142106445371       -2.90961332451070       -5.04197380749112
H            0.04837180590586       -3.04934158474855       -4.22040546247065
H           -0.96317785471718       -5.25869830886274       -4.50173152446260
H           -0.71986761267001       -4.85049381651751       -2.81495080718389
H           -2.84777461616967       -5.93952699298933       -3.00154397130394
H           -3.10923125029340       -4.25331913310624       -2.57024295640429
H           -4.76241480725650       -4.83427982589128       -4.20657843494290
H           -3.60281608877407       -3.74194498091334       -4.98752700062775
H           -2.23839214627845       -4.47867013018247       -6.64573911864167
H           -1.66705968998218       -6.23234011992986       -8.33642289312200
H           -4.20428924154246       -8.93967643824253       -6.20665302707540
H           -4.68645307197549       -7.10724149252483       -4.59274557334774
H           -1.84058083268571      -10.89071932940075       -9.50132782778532
H           -2.85338844563403      -11.91270651392713       -8.43254443592020
H           -3.86798102302483      -10.14773870003658      -10.72931473820601
H           -3.74574884680551      -11.90828302472701      -10.76145411590779
H           -4.89256395371135      -11.12851412187064       -9.66610211280846
51
 energy: -64.526710468221 gnorm: 0.001797235017 xtb: 6.7.1 (edcfbbe)
C            1.06520052011761        0.32878816649669        0.12389735355932
C            0.78386650636082        0.30899042490018       -1.37360465270901
C            1.25281305810202       -0.97444967644727       -2.06097261860211
C            0.59799960097464       -2.25931205919904       -1.54884886868800
C           -0.92884972538410       -2.28889313222162       -1.63966342636642
C           -1.49546354568950       -2.10413315685895       -3.04870389780746
C           -1.03443737111318       -3.14356624130810       -4.07356328746416
C           -1.31537041826082       -4.59972308835379       -3.69107353060766
C           -2.77493492143207       -4.91242658931341       -3.36525062174326
C           -3.73397136418242       -4.73705910020389       -4.55191434250348
N           -3.48023394501844       -5.74515079271563       -5.56402387661833
C           -2.64214241585385       -5.48660754931047       -6.57445932424161
C           -2.33222236933555       -6.45309654362305       -7.50633086220023
C           -2.89740328045906       -7.72105538822380       -7.39093034160374
C           -3.76350849405013       -7.97070649774190       -6.32882558046052
C           -4.02967809995261       -6.95881725053213       -5.43244051626892
C           -2.55561580358821       -8.75786777108970       -8.43753994962472
O           -1.88858937505642       -8.48239221293415       -9.39700613345109
O           -3.06531795618593       -9.93410626791163       -8.13441074485518
C           -2.83255951779028      -11.01666282204335       -9.05679041788257
C           -3.89969564327680      -11.05026565794350      -10.13830938755970
H            0.48115894659939       -0.42469859138048        0.64624409311048
H            0.80970166875868        1.30020569453157        0.53998531657035
H            2.11933933271996        0.14225480323337        0.31548610157561
H           -0.28393432578617        0.45792760275214       -1.54570725416810
H            1.30540464318354        1.14794723642413       -1.83986649402326
H            1.08042714796429       -0.87868533774343       -3.13563639152928
H            2.33141840116543       -1.07032641541852       -1.91612807099900
H            1.01517078803366       -3.10155776815772       -2.10630126045156
H            0.87430311383540       -2.40480639836878       -0.50349916353689
H           -1.27928339768466       -3.23581537994490       -1.22149725458247
H           -1.33643370553750       -1.49659447549416       -1.01062039033919
H           -2.58705826156935       -2.10495306888297       -2.98665006343822
H           -1.20364725004860       -1.12118900157187       -3.42004650824429
H           -1.50219867130671       -2.90302342152032       -5.03296882592138
H            0.04150055511520       -3.04351512693325       -4.21842766000458
H           -0.96394384215814       -5.25369407393275       -4.49574919291640
H           -0.72454688246488       -4.84501166691841       -2.80874583084150
H           -2.84958897728725       -5.93790266658109       -2.99624353855970
H           -3.11586204691365       -4.25117986190136       -2.57007110217909
H           -4.76471955281955       -4.83753328587825       -4.20685596940413
H           -3.60466291673856       -3.74690021294858       -4.98936782097840
H           -2.23033188288957       -4.49049048107164       -6.63680065074325
H           -1.66292596118812       -6.24502800448944       -8.32758974988625
H           -4.22000985070571       -8.94040883391575       -6.21126649902013
H           -4.69605134377903       -7.10873044882390       -4.59552431292019
H           -1.83981560431137      -10.89254250918803       -9.49847265439900
H           -2.86248920549218      -11.91677534441226       -8.44098492490892
H           -3.85400968158510      -10.14968682690949      -10.74610052166460
H           -3.72930619260236      -11.90996507143850      -10.77882753292423
H           -4.88939048343181      -11.13296785653258       -9.69559084497426
51
 energy: -64.526720455060 gnorm: 0.000817357299 xtb: 6.7.1 (edcfbbe)
C            1.06866299101680        0.32968472976551        0.12257455485283
C            0.78351732490271        0.31280115869461       -1.37434620539791
C            1.25340013946627       -0.96831354997963       -2.06555871295854
C            0.60436990372145       -2.25562063604634       -1.55200166344346
C           -0.92295715492775       -2.28843808066309       -1.63487849502615
C           -1.49692110292999       -2.10263107992029       -3.04079846199561
C           -1.03943809799366       -3.14019519637757       -4.06919579268858
C           -1.31769114720536       -4.59715668569616       -3.68771392646462
C           -2.77683224024329       -4.91304648427131       -3.36309403258513
C           -3.73589140532360       -4.74061247145487       -4.55074727199814
N           -3.48238639900761       -5.74939765768868       -5.56162637928763
C           -2.63757678985079       -5.49376707803202       -6.56767003090525
C           -2.32843670083686       -6.46026463032738       -7.49986542319413
C           -2.90175347261933       -7.72536155164475       -7.38970874994822
C           -3.77439330118768       -7.97253512531656       -6.33160430514646
C           -4.03902588851849       -6.96077261986676       -5.43460022322542
C           -2.55937834023771       -8.76135622896247       -8.43612534715031
O           -1.88538643100835       -8.48749745677122       -9.39170232169713
O           -3.07465782128612       -9.93696530263889       -8.13852820400698
C           -2.83562417803571      -11.01834572694494       -9.06007351480650
C           -3.89267807982549      -11.04944357382359      -10.15195496590867
H            0.48737006303112       -0.42622318774189        0.64462084348534
H            0.81227324758466        1.29962960790046        0.54156997490823
H            2.12370547383303        0.14470043561531        0.31099600697905
H           -0.28511174893422        0.45968621698351       -1.54325586070163
H            1.30199962584465        1.15396155959976       -1.84014314484649
H            1.07603512024804       -0.87164359394963       -3.13934485933355
H            2.33293519946000       -1.06122101719430       -1.92558149055996
H            1.02056864092223       -3.09611972609482       -2.11278838869807
H            0.88651043037643       -2.40190770798514       -0.50835377848776
H           -1.26927183238770       -3.23677801384506       -1.21648368744602
H           -1.32900123937941       -1.49799630670627       -1.00250711559815
H           -2.58818629385087       -2.10496049345475       -2.97334859500067
H           -1.20823844894879       -1.11880136925220       -3.41227876240443
H           -1.51133098801210       -2.89840793732025       -5.02626382329041
H            0.03583904895406       -3.03899378166373       -4.21820246058282
H           -0.96402738210245       -5.25014824751367       -4.49223629540914
H           -0.72706203199851       -4.84142264538451       -2.80488671754630
H           -2.84962661297424       -5.93832438272215       -2.99316584059900
H           -3.12005553687282       -4.25156872917694       -2.56901849399811
H           -4.76636254991123       -4.84069269495117       -4.20503874168547
H           -3.60670450359546       -3.75082037752647       -4.98911610755726
H           -2.21994152761966       -4.49963451769229       -6.62679456632469
H           -1.65350523133113       -6.25450445205880       -8.31753194413304
H           -4.23604326515229       -8.94025006247543       -6.21776809603007
H           -4.70927629649247       -7.10945171310547       -4.60040512938413
H           -1.83889215809535      -10.89516031678585       -9.49315594857864
H           -2.87223474237480      -11.91943039364909       -8.44594862881963
H           -3.84015335378322      -10.14800670416487      -10.75799082758617
H           -3.71634660241116      -11.90835161262868      -10.79186782224119
H           -4.88668631209452      -11.13208258708461       -9.71908022554874
51
 energy: -64.526726456204 gnorm: 0.000481102783 xtb: 6.7.1 (edcfbbe)
C            1.07172390070888        0.33069359723089        0.12204938595206
C            0.78344607116582        0.31522660478454       -1.37433830041895
C            1.25335188626208       -0.96470791246998       -2.06775022723202
C            0.60751270795212       -2.25323351013639       -1.55319609412884
C           -0.91996561880772       -2.28836113770680       -1.63247118673853
C           -1.49761819596547       -2.10246164802517       -3.03681843585949
C           -1.04243371047017       -3.13939575030526       -4.06696087257306
C           -1.31946079377609       -4.59666430808569       -3.68581351779246
C           -2.77842768445561       -4.91430755987250       -3.36240523852372
C           -3.73761457147485       -4.74325464371055       -4.55097838535790
N           -3.48384628583874       -5.75166569895025       -5.56133306450332
C           -2.63656506345650       -5.49696574442844       -6.56558592554508
C           -2.32701262451104       -6.46316192716933       -7.49804219630981
C           -2.90237373978826       -7.72735221518014       -7.38980141777490
C           -3.77761194598240       -7.97390562461294       -6.33340809401832
C           -4.04272542029230       -6.96238674109148       -5.43644727728945
C           -2.55918195542548       -8.76355245422412       -8.43504775852600
O           -1.88220985747829       -8.49134097037154       -9.38888139968985
O           -3.07774976128083       -9.93844005268262       -8.13965711464190
C           -2.83760621032068      -11.01954060086924       -9.06053685068945
C           -3.88930442844795      -11.04686515886188      -10.15768724625500
H            0.49183014490411       -0.42601098048048        0.64457412698878
H            0.81575948883812        1.30007999537744        0.54252315187204
H            2.12729740758953        0.14601181629568        0.30805902370799
H           -0.28576601972698        0.46098088036194       -1.54078149271641
H            1.29993544990202        1.15753655284970       -1.84034775587982
H            1.07291734003724       -0.86756138126053       -3.14096421708214
H            2.33341101991668       -1.05610647847583       -1.93086099292195
H            1.02368291800269       -3.09301061023308       -2.11509854203708
H            0.89232855901910       -2.39925882993831       -0.51028870513509
H           -1.26393656433018       -3.23744981428239       -1.21380701712869
H           -1.32562058028928       -1.49889450519283       -0.99861289542840
H           -2.58869457297823       -2.10523143567035       -2.96649537673344
H           -1.21028328595609       -1.11834629754883       -3.40867170272642
H           -1.51679886826190       -2.89707773995362       -5.02265202163612
H            0.03245462070841       -3.03782988253687       -4.21851834464081
H           -0.96402976031074       -5.24931498143478       -4.48992478153341
H           -0.72934426871947       -4.84017857308436       -2.80229522117118
H           -2.85025535813088       -5.93964725240483       -2.99255881872129
H           -3.12336782892592       -4.25300991968355       -2.56887515349378
H           -4.76767925583466       -4.84367056814926       -4.20445554806309
H           -3.60878621173943       -3.75329588998551       -4.98899957559460
H           -2.21717677996434       -4.50345851317583       -6.62339191833505
H           -1.64982749876257       -6.25806994156139       -8.31412206759272
H           -4.24158121799221       -8.94104942977272       -6.22240612741618
H           -4.71566772550642       -7.11069254854056       -4.60405722842085
H           -1.83859964072450      -10.89916629547730       -9.48900702457950
H           -2.87973488443223      -11.92113096707496       -8.44751027333957
H           -3.83180238633165      -10.14450558713991      -10.76187005999986
H           -3.71133578900874      -11.90505853891928      -10.79796600049987
H           -4.88555514930657      -11.12809882616369       -9.73009622182655
51
 energy: -64.526734214181 gnorm: 0.001448560072 xtb: 6.7.1 (edcfbbe)
C            1.07726892247533        0.33270815774769        0.12124664288900
C            0.78286851721677        0.31864370485165       -1.37397701585190
C            1.25234040995312       -0.95944954658347       -2.07108494709858
C            0.61156567577332       -2.24980679526959       -1.55480397244892
C           -0.91608001931495       -2.28891078245120       -1.62932340264880
C           -1.49884351251584       -2.10320413878079       -3.03154180340898
C           -1.04679793357261       -3.13945152264363       -4.06386026673538
C           -1.32256848713821       -4.59701600062590       -3.68309451633477
C           -2.78138684768591       -4.91676257594022       -3.36178299821392
C           -3.74026987836580       -4.74682751316130       -4.55172963259274
N           -3.48572310897981       -5.75454857782530       -5.56165255565365
C           -2.63570167104462       -5.50055216714952       -6.56370925868000
C           -2.32480688341660       -6.46637884505120       -7.49620061302012
C           -2.90225566160676       -7.72980348300983       -7.39027533560346
C           -3.78095101882364       -7.97578531552448       -6.33632955989448
C           -4.04706384546055       -6.96467839271961       -5.43955835788398
C           -2.55757076456313       -8.76680805463156       -8.43339764410448
O           -1.87421338358681       -8.49783478502379       -9.38397355592332
O           -3.08139129852211       -9.94023862068661       -8.14021001638670
C           -2.84103486580571      -11.02157000212475       -9.05991020620569
C           -3.88475943687595      -11.04104522516085      -10.16497082600707
H            0.49939126391376       -0.42447323808815        0.64529642298609
H            0.82313239811613        1.30162934349746        0.54386197641840
H            2.13356135294780        0.14767475126091        0.30280739800494
H           -0.28727768589821        0.46263448331928       -1.53587315880203
H            1.29581563195004        1.16259459989171       -1.84091567006226
H            1.06695282241505       -0.86157228041895       -3.14338825414998
H            2.33320542595852       -1.04863486866939       -1.93916453932679
H            1.02822054653968       -3.08849388267734       -2.11806952194007
H            0.90006789507514       -2.39511429854354       -0.51280786080052
H           -1.25636669580298       -3.23921477716357       -1.21034042285157
H           -1.32176877089482       -1.50105050698091       -0.99342607048408
H           -2.58967602948075       -2.10668450589071       -2.95736145588236
H           -1.21343844171623       -1.11876464846612       -3.40416235278709
H           -1.52445443223260       -2.89644227865012       -5.01771692345607
H            0.02758576178616       -3.03758124153277       -4.21885839587035
H           -0.96485347457784       -5.24946632621577       -4.48644731684786
H           -0.73349619320743       -4.83967948437622       -2.79850943967734
H           -2.85243188064087       -5.94227969070704       -2.99242972158080
H           -3.12859882267772       -4.25590587655685       -2.56885418768352
H           -4.76994788901045       -4.84802801966737       -4.20468039180569
H           -3.61197204545031       -3.75648145551293       -4.98894576171929
H           -2.21515584836057       -4.50750105447297       -6.62011792707682
H           -1.64596089324831       -6.26147569250151       -8.31064959858609
H           -4.24481921975070       -8.94274053659031       -6.22780477904115
H           -4.72178936790211       -7.11288827158683       -4.60900963952576
H           -1.83809210211772      -10.90740165085159       -9.48106781824873
H           -2.89325948087858      -11.92369791390692       -8.44831010084033
H           -3.81836163733962      -10.13714830988543      -10.76606039138042
H           -3.70615303449257      -11.89822667559771      -10.80634713590551
H           -4.88458406115975      -11.11842521068892       -9.74509711927025
51
 energy: -64.526738574460 gnorm: 0.000553911363 xtb: 6.7.1 (edcfbbe)
C            1.07844659247589        0.33300172992525        0.12094574369843
C            0.78222021775083        0.31880991198833       -1.37378762661529
C            1.25150002393911       -0.95897842545177       -2.07151838796983
C            0.61160561623203       -2.24976387797406       -1.55540616495295
C           -0.91600455568884       -2.28967588802782       -1.62921231796866
C           -1.49943498854726       -2.10420516950044       -3.03119648153188
C           -1.04720534242694       -3.14017698782827       -4.06366001341575
C           -1.32321462256718       -4.59776803803868       -3.68323930199655
C           -2.78221304402904       -4.91695825353809       -3.36196797723764
C           -3.74058023042683       -4.74634996227255       -4.55165137278902
N           -3.48538658904018       -5.75428850656182       -5.56181708664435
C           -2.63580370247608       -5.49985538068968       -6.56416828057600
C           -2.32460127625396       -6.46593856830828       -7.49622225351905
C           -2.90090512324030       -7.72989253412094       -7.38945522155361
C           -3.77932476404887       -7.97590973439152       -6.33558044498757
C           -4.04584729611815       -6.96463294972475       -5.43902365022430
C           -2.55575710233780       -8.76733516776632       -8.43252409034072
O           -1.87275400305401       -8.49816925772829       -9.38282320220496
O           -3.08061932248156       -9.94018353586134       -8.13959652842412
C           -2.84164495475528      -11.02193899762754       -9.05971092261707
C           -3.88440101080556      -11.03958166539225      -10.16537173031797
H            0.50131340821121       -0.42412202490797        0.64587239424349
H            0.82481433154698        1.30204341075930        0.54369227566052
H            2.13491931747762        0.14812702741487        0.30117275060843
H           -0.28811738923827        0.46221152657464       -1.53433760772283
H            1.29412432800042        1.16299759511537       -1.84130571812612
H            1.06521821812222       -0.86082680660833       -3.14359715205158
H            2.33246718554861       -1.04783534674644       -1.94047966874527
H            1.02839596563891       -3.08801520601999       -2.11917955493358
H            0.90062842826934       -2.39531059167055       -0.51356669944461
H           -1.25560012194078       -3.24017870976076       -1.21024852656575
H           -1.32182420735478       -1.50209969543494       -0.99307326689051
H           -2.59020844651707       -2.10832635548726       -2.95661651412350
H           -1.21476341948792       -1.11961146056678       -3.40387078302270
H           -1.52461160647505       -2.89694383285631       -5.01760302426954
H            0.02721672151465       -3.03839157541941       -4.21838965501326
H           -0.96603166311459       -5.25005383245401       -4.48687525713190
H           -0.73405336421595       -4.84090952688807       -2.79895708353682
H           -2.85368740225835       -5.94255179464339       -2.99286783509181
H           -3.12892584080542       -4.25640389660824       -2.56862890345149
H           -4.77072463621205       -4.84775186221827       -4.20559723229554
H           -3.61231109376553       -3.75611177282815       -4.98916130383621
H           -2.21558362323222       -4.50658180128077       -6.62067567674575
H           -1.64526072069336       -6.26101044892601       -8.31044977304705
H           -4.24410591772531       -8.94286382156031       -6.22689364890366
H           -4.72136979401558       -7.11241133694385       -4.60884092211975
H           -1.83816806986809      -10.90937459973286       -9.47975467966417
H           -2.89598117740691      -11.92374661197231       -8.44820874421893
H           -3.81615045477081      -10.13594049664468      -10.76626228578229
H           -3.70705248885012      -11.89705842833780      -10.80690075220359
H           -4.88454098848008      -11.11531646445072       -9.74599783938664
