20
 energy: -27.979873316162 gnorm: 0.045648366865 xtb: 6.7.1 (edcfbbe)
O            0.80858000000000        0.06601000000000       -0.11090000000000
C            0.57587000000000       -1.05563000000000        0.73902000000000
C            1.23364000000000       -2.31462000000000        0.16158000000000
N            2.70910000000000       -2.34661000000000        0.24310000000000
C            3.58123000000000       -1.26971000000000        0.15221000000000
C            4.84801000000000       -1.77894000000000        0.20637000000000
N            4.72274000000000       -3.15406000000000        0.29879000000000
C            3.42250000000000       -3.48138000000000        0.31439000000000
C            5.81315000000000       -4.11915000000000        0.33577000000000
H            0.22798000000000        0.78967000000000        0.19264000000000
H            0.96784000000000       -0.82643000000000        1.73441000000000
H           -0.50626000000000       -1.20639000000000        0.80543000000000
H            0.86351000000000       -3.19001000000000        0.70766000000000
H            0.97753000000000       -2.42834000000000       -0.89779000000000
H            3.19879000000000       -0.26829000000000        0.05502000000000
H            5.82887000000000       -1.33627000000000        0.17381000000000
H            3.02027000000000       -4.48671000000000        0.36267000000000
H            5.71042000000000       -4.73775000000000        1.23107000000000
H            5.75762000000000       -4.74743000000000       -0.55740000000000
H            6.77663000000000       -3.60321000000000        0.35823000000000
20
 energy: -27.983822476509 gnorm: 0.022314435502 xtb: 6.7.1 (edcfbbe)
O            0.85830694282485        0.04903978705177       -0.10701354991131
C            0.59978937871167       -1.05763397338161        0.74499372609658
C            1.23622066700269       -2.31417742030035        0.15758204269940
N            2.69676932043117       -2.34555080271956        0.23873083807655
C            3.55869657227869       -1.28255749036387        0.16019402133759
C            4.82245266548641       -1.78888334431243        0.20012787603292
N            4.71185121988769       -3.15101034726716        0.29643590124669
C            3.41745874528208       -3.46574478802860        0.31642268725519
C            5.79933145864759       -4.10716401472420        0.33744859051481
H            0.28059350832639        0.77871020501863        0.15882742253413
H            0.99089563233406       -0.85863466034420        1.75066768358842
H           -0.47925149185255       -1.23778912782183        0.80806756744771
H            0.85868419925606       -3.18730154119982        0.69540871527325
H            0.96029442913074       -2.39562519179438       -0.89915440907066
H            3.18394000930444       -0.28191090099325        0.06520375275597
H            5.78963548599537       -1.32704521113866        0.16783800812796
H            3.02160500991008       -4.46293020525296        0.37485453359591
H            5.71387431692005       -4.73065253660951        1.22759609801849
H            5.76366634008460       -4.74387942797781       -0.54745546864381
H            6.75320559003799       -3.58450900784019        0.35930396302420
20
 energy: -27.984981772397 gnorm: 0.007944480044 xtb: 6.7.1 (edcfbbe)
O            0.91246132893195        0.03199430312426       -0.09100429370332
C            0.62037900037852       -1.06093148865398        0.75305248742914
C            1.23590021127119       -2.32254033628805        0.15338458234897
N            2.68274515936174       -2.35426910644042        0.22996513560098
C            3.53377783601109       -1.29767769374887        0.15386876595012
C            4.79949479811471       -1.79718332926696        0.19699413286045
N            4.70200298535979       -3.15090233827518        0.29390111966910
C            3.41116588231157       -3.46347505359158        0.31355762032205
C            5.79072778606820       -4.09228756462158        0.34196276065855
H            0.34115274805294        0.77366671592515        0.13738223166864
H            1.01117396808610       -0.88602073883142        1.76583667770363
H           -0.45979975060605       -1.23403448153669        0.81773624276586
H            0.84865123513768       -3.19915833457588        0.67486680824853
H            0.94648786600523       -2.37077719814122       -0.90259751658673
H            3.16730534388482       -0.29517490635916        0.05750983700600
H            5.75154467718898       -1.30659083763541        0.16849611819455
H            3.02081854480899       -4.45859249843455        0.38299840899062
H            5.71370729001043       -4.71851352746043        1.23009949032716
H            5.77226685957702       -4.73549389011720       -0.53850536621261
H            6.73605623004528       -3.55728769507081        0.36657475675829
20
 energy: -27.985240300377 gnorm: 0.004851992630 xtb: 6.7.1 (edcfbbe)
O            0.94370960951647        0.02674332249244       -0.07541113131795
C            0.62998058087350       -1.06310008767072        0.75938959690558
C            1.23004594102581       -2.32941496695083        0.14661130488618
N            2.67346038861779       -2.36418107268175        0.22106305746677
C            3.51995203149770       -1.30488324513884        0.14541608688277
C            4.78864553862818       -1.79923015915167        0.19295637699127
N            4.69690662315808       -3.15191267899459        0.29415377693843
C            3.40641277053176       -3.47028186646393        0.31103363012965
C            5.79077002740271       -4.08362065673700        0.34847469451357
H            0.37723490558910        0.77643539951338        0.13564902316291
H            1.02465282658796       -0.90481940063403        1.77453174788181
H           -0.45281940431120       -1.21795551373593        0.82612512798110
H            0.83543645888614       -3.20934601188142        0.65678567814276
H            0.93536778715596       -2.36043068522360       -0.90894198343098
H            3.15697998714558       -0.30115944155301        0.04587716719912
H            5.73199877936032       -1.29169937622853        0.16462278235889
H            3.01936473129544       -4.46728778863715        0.38557861826506
H            5.71605306260902       -4.70973986613638        1.23729258069970
H            5.78219409936438       -4.72943508336699       -0.53082072585325
H            6.73167325506550       -3.53993082081942        0.37569259019660
20
 energy: -27.985371098883 gnorm: 0.003182282537 xtb: 6.7.1 (edcfbbe)
O            0.96777813792450        0.02850748261096       -0.05530215639186
C            0.63730599843316       -1.06473537314788        0.76584653993444
C            1.22235121692091       -2.33362796967016        0.13715747729925
N            2.66557600884989       -2.37504168980680        0.20997967876230
C            3.50933946852177       -1.31185957669273        0.13112163011497
C            4.78045192009678       -1.80113483846097        0.18770762888248
N            4.69283773996207       -3.15398046841518        0.29534793672495
C            3.40220538385877       -3.47949638440972        0.30843296553866
C            5.79385643711140       -4.07677912682577        0.35768781072627
H            0.40323825216388        0.78177458269775        0.14501110577289
H            1.03739495340727       -0.92561308630335        1.78218639949326
H           -0.44804174844507       -1.19974089622254        0.83457495654762
H            0.82057303880298       -3.21661778062306        0.63668701753182
H            0.92463587306538       -2.35016529938777       -0.91756552285156
H            3.14821987751591       -0.30786734959323        0.02552695947459
H            5.71623298749852       -1.28038886268622        0.15916612148661
H            3.01833788847980       -4.47853779475527        0.38656763356671
H            5.71959661742625       -4.70143022216719        1.24796895272625
H            5.79588215630525       -4.72421383295826       -0.52089098949442
H            6.73024779210085       -3.52430151318260        0.38886785415473
20
 energy: -27.985419122445 gnorm: 0.002551470395 xtb: 6.7.1 (edcfbbe)
O            0.97460825624190        0.03386917272918       -0.04126191545227
C            0.64028761877680       -1.06583290039769        0.76958858542702
C            1.21901102163121       -2.33270400810131        0.12993326888465
N            2.66323826087052       -2.37943819191556        0.20235259157358
C            3.50675811498919       -1.31515034249836        0.12007466472771
C            4.77818489068185       -1.80279149387229        0.18229291204428
N            4.69128487521843       -3.15551119548559        0.29620686657018
C            3.40060104298562       -3.48341584139502        0.30748073319756
C            5.79590183345795       -4.07478834797405        0.36471198688656
H            0.40663166879745        0.78444507141486        0.15761259941979
H            1.04252859741887       -0.93814025109037        1.78627002845029
H           -0.44549448172426       -1.19409230183348        0.83854628150707
H            0.81423989698033       -3.21740086079715        0.62402813413316
H            0.92118622202349       -2.34193485037301       -0.92441894018557
H            3.14533699041852       -0.31175977504560        0.00994233451531
H            5.71163612026436       -1.27897230930759        0.15320298916038
H            3.01782855327234       -4.48288145931111        0.38779341874612
H            5.72041421948476       -4.69768482078739        1.25610995604434
H            5.80402340839580       -4.72294545731376       -0.51317855078359
H            6.72981288981516       -3.51811983664468        0.39879205513341
20
 energy: -27.985467285680 gnorm: 0.001874637943 xtb: 6.7.1 (edcfbbe)
O            0.97672709277352        0.04105815293967       -0.02681055670797
C            0.64226103961598       -1.06732167038276        0.77324583278944
C            1.21745427254856       -2.32955136604537        0.12252433826751
N            2.66282875431120       -2.38147132603939        0.19530236538793
C            3.50694902977731       -1.31731750186411        0.10823969101778
C            4.77789212481281       -1.80458359600676        0.17578222304564
N            4.69038167509449       -3.15688875652517        0.29714581215621
C            3.39971682359239       -3.48513528778906        0.30817196658875
C            5.79724764852486       -4.07433011771171        0.37170252778656
H            0.40095570080292        0.78577038976181        0.17239145901210
H            1.04544107517644       -0.95000282238982        1.79004869929816
H           -0.44329596601395       -1.19369017289915        0.84140447105967
H            0.81055919711609       -3.21644564124917        0.61087214338817
H            0.92109584381493       -2.33120107442222       -0.93182873162282
H            3.14404236739257       -0.31504242187903       -0.00668370712650
H            5.71118126803663       -1.28145912130456        0.14558664722328
H            3.01722857482115       -4.48433893815356        0.39153777701370
H            5.71932393636299       -4.69574199550117        1.26376505348550
H            5.81086613276634       -4.72273534327547       -0.50553893790093
H            6.72916340867308       -3.51482138926296        0.40922092583782
20
 energy: -27.985543324552 gnorm: 0.002599766033 xtb: 6.7.1 (edcfbbe)
O            0.97834542563911        0.05298553044927       -0.00053047065019
C            0.64556286352467       -1.07138068554373        0.78031335883582
C            1.21709800057459       -2.32326724112503        0.10880344760306
N            2.66330050893851       -2.38213768926397        0.18343720239947
C            3.50872619031808       -1.31954360790333        0.08643379237008
C            4.77841821145446       -1.80725808144438        0.16243577264308
N            4.68907843874624       -3.15828728028771        0.29888760401916
C            3.39847287064738       -3.48496881237341        0.31115998780473
C            5.79752922519384       -4.07413107493919        0.38441151242708
H            0.38681622357163        0.78576277258670        0.19974385496379
H            1.05018129196671       -0.97146253472995        1.79744831717385
H           -0.43952283919337       -1.19847840116604        0.84703169994329
H            0.80714047240025       -3.21607700970278        0.58381936640141
H            0.92419438324265       -2.30790587180134       -0.94621597933971
H            3.14258280606989       -0.31945743583840       -0.03729115289567
H            5.71348490019814       -1.28788890810270        0.12904064345753
H            3.01560543101525       -4.48303156034760        0.40302062117508
H            5.71321061564973       -4.69421220345288        1.27650850668444
H            5.82079043794500       -4.72280254342973       -0.49193308077899
H            6.72700454209755       -3.51170736158377        0.42955499576267
20
 energy: -27.985595803222 gnorm: 0.002595004830 xtb: 6.7.1 (edcfbbe)
O            0.97863181541215        0.05765331987882        0.01563992982427
C            0.64726480250752       -1.07525953244028        0.78526179369325
C            1.21802111283652       -2.31993921711349        0.09985134277434
N            2.66371670388240       -2.38102944479560        0.17603533089883
C            3.50998539632640       -1.31986659473950        0.07200173934345
C            4.77896946679851       -1.80811121762906        0.15324650793109
N            4.68837254973351       -3.15806264692224        0.29988661429168
C            3.39763314192771       -3.48319630437635        0.31328427174667
C            5.79618155501381       -4.07373142195641        0.39279788890100
H            0.38070392110440        0.78457772292482        0.21754620149680
H            1.05388635454484       -0.98548178627283        1.80240820395627
H           -0.43764482673055       -1.20348144027404        0.85250845852241
H            0.80651973903858       -3.21784656326589        0.56383196997375
H            0.92688803890531       -2.29151907043871       -0.95552952080840
H            3.14259124053832       -0.32088913377784       -0.05746900039368
H            5.71552220075204       -1.29121821627016        0.11717595194359
H            3.01402328793996       -4.48025310808606        0.41266666470638
H            5.70586560017087       -4.69412792669689        1.28401279485604
H            5.82573150083018       -4.72232387809095       -0.48345077200372
H            6.72515639846783       -3.51114353965730        0.44437362834597
20
 energy: -27.985666419551 gnorm: 0.002083575214 xtb: 6.7.1 (edcfbbe)
O            0.97753546398777        0.06093684318840        0.03476651671897
C            0.64855868019990       -1.08118330584752        0.79155846807004
C            1.22006096809247       -2.31621941747063        0.08885178633089
N            2.66458198729094       -2.37814751166902        0.16735134693343
C            3.51213379167044       -1.31912942219025        0.05369651347668
C            4.78026380763329       -1.80828503485434        0.14118380302242
N            4.68782794634326       -3.15669590738514        0.30121276020272
C            3.39672520968042       -3.47951490872327        0.31666947911392
C            5.79333020729094       -4.07332515040586        0.40328803467154
H            0.37506431475035        0.78266277711687        0.24034405415162
H            1.05794133790077       -1.00296270484364        1.80863838200609
H           -0.43602010321638       -1.21206788562585        0.86023049900547
H            0.80727468503963       -3.22138806232605        0.53722387190345
H            0.93105191370144       -2.27020771775906       -0.96669657424013
H            3.14421671025385       -0.32123976225073       -0.08320658906638
H            5.71891533303267       -1.29481167411913        0.10088258088902
H            3.01165902066756       -4.47494372636546        0.42676468964445
H            5.69342400316797       -4.69556428199262        1.29224511903345
H            5.83073446432011       -4.72081327122951       -0.47369975242778
H            6.72274025819293       -3.51234987524716        0.46477501056011
20
 energy: -27.985753938265 gnorm: 0.001719045233 xtb: 6.7.1 (edcfbbe)
O            0.97589729058837        0.06375926680493        0.05961268652008
C            0.64957388881150       -1.08965609094864        0.79965836950608
C            1.22267599369977       -2.31186576204700        0.07439135308718
N            2.66564584520416       -2.37402960808292        0.15596770260380
C            3.51490321384633       -1.31791053176827        0.02879090982838
C            4.78209832096675       -1.80803677188605        0.12463539049530
N            4.68732464206261       -3.15421878546874        0.30312884880561
C            3.39561873583203       -3.47427355841356        0.32162902906693
C            5.78925384600779       -4.07271544357463        0.41741324202483
H            0.37099846767649        0.78089291859154        0.27247008301515
H            1.06233605415653       -1.02659997899827        1.81688453053565
H           -0.43460957659803       -1.22395908043782        0.87008604190141
H            0.80872046417864       -3.22666951705564        0.50154382738019
H            0.93622961568513       -2.24235157188302       -0.98084698405819
H            3.14753275397412       -0.32116658375237       -0.11858708773558
H            5.72296902748695       -1.29835414872047        0.07800896096634
H            3.00846625672499       -4.46730108326189        0.44644985606744
H            5.67492592634637       -4.69875390306297        1.30216189035091
H            5.83784892857969       -4.71735891982191       -0.46161397882894
H            6.71961030477015       -3.51468084621230        0.49429532846740
20
 energy: -27.985876445358 gnorm: 0.002826250088 xtb: 6.7.1 (edcfbbe)
O            0.97439560032932        0.06697312864170        0.09998494103410
C            0.65058917120629       -1.10405627306853        0.81195784461252
C            1.22604974983375       -2.30534301966447        0.05105343082680
N            2.66693152591395       -2.36798313162721        0.13685342841631
C            3.51881772324666       -1.31677334411613       -0.01311675795218
C            4.78478839902532       -1.80774997451891        0.09682670390963
N            4.68648954085189       -3.14972599669658        0.30637117263307
C            3.39380409606689       -3.46592795917008        0.32971670426203
C            5.78282311594330       -4.07118802010161        0.44099938315429
H            0.37071395638541        0.77950663678191        0.32969649149128
H            1.06762041555904       -1.06611180704315        1.82963655152049
H           -0.43313873656785       -1.24261035440855        0.88380714895796
H            0.81066801944850       -3.23432516745468        0.44482022012050
H            0.94317707949057       -2.19910385734688       -1.00244916251823
H            3.15391523087339       -0.32172431889149       -0.17865857405583
H            5.72796156005128       -1.30254392000741        0.03943210810841
H            3.00337430373773       -4.45468016746764        0.47845423152071
H            5.64316350054026       -4.70514180196917        1.31694927261427
H            5.85185814562640       -4.70894959433117       -0.44267338226960
H            6.71401760243822       -3.51779105753994        0.54641824361346
20
 energy: -27.985948948360 gnorm: 0.002985775645 xtb: 6.7.1 (edcfbbe)
O            0.97562181786838        0.06802848180890        0.12260594314134
C            0.65112793895089       -1.11238809444465        0.81774176181077
C            1.22687810749877       -2.30200658574243        0.03836099785433
N            2.66707285317555       -2.36559470931569        0.12535367817215
C            3.52029068738924       -1.31742048380672       -0.03729243230213
C            4.78573166053894       -1.80818380902035        0.08087814936878
N            4.68565669150085       -3.14713146125300        0.30804160631657
C            3.39251993753004       -3.46160501987365        0.33361901304409
C            5.77956547387908       -4.06943628870860        0.45461178993636
H            0.37639404318535        0.77967487177952        0.36624856067009
H            1.06911782451837       -1.08918911437193        1.83570705467060
H           -0.43260161665186       -1.25173643631904        0.88852349736986
H            0.81083889322079       -3.23690110298805        0.41555725712349
H            0.94531511184748       -2.17752624477367       -1.01301177035680
H            3.15747598986460       -0.32351189428701       -0.21381283746311
H            5.72926807556665       -1.30434966725396        0.01758989812086
H            3.00053095471850       -4.44765222907226        0.49502193776001
H            5.62543129422329       -4.70839839971897        1.32436732489529
H            5.86206998629421       -4.70223905248456       -0.43180648720818
H            6.70971427488121       -3.51768276015387        0.57777505707561
20
 energy: -27.986049517057 gnorm: 0.002790485638 xtb: 6.7.1 (edcfbbe)
O            0.98005364213721        0.06872639379265        0.15074093309615
C            0.65194563819059       -1.12283541008104        0.82402016954922
C            1.22655897740401       -2.29845048451835        0.02287853299421
N            2.66646927153722       -2.36388453908089        0.11025987634783
C            3.52104148925663       -1.31950987385995       -0.06819155134981
C            4.78598499218240       -1.80933518259880        0.06039681226531
N            4.68407231141236       -3.14400540306483        0.31000450191978
C            3.39051161736549       -3.45690646305667        0.33837704917549
C            5.77605657021067       -4.06614513268109        0.47187269563470
H            0.39075896308335        0.78127639826826        0.41666096329151
H            1.06895756265392       -1.11914987882156        1.84280529854409
H           -0.43220225015998       -1.26125876114632        0.89091681898271
H            0.80955127204525       -3.23965720207846        0.38121542805014
H            0.94623249202727       -2.15244820253117       -1.02552106688027
H            3.16112791754485       -0.32731403071650       -0.25924008127496
H            5.72925948751681       -1.30628686245929       -0.01015776910614
H            2.99696165519414       -4.43951685174106        0.51558778662047
H            5.60394052453881       -4.71209571827298        1.33278153166653
H            5.87760488656274       -4.69163327681323       -0.41808411460355
H            6.70313297929663       -3.51481951853872        0.61875618507659
20
 energy: -27.986196239398 gnorm: 0.003147961869 xtb: 6.7.1 (edcfbbe)
O            0.98941313949268        0.06910127979403        0.19095129134236
C            0.65296681586712       -1.13773191411332        0.83215059394577
C            1.22481166000647       -2.29376056739942        0.00084598513289
N            2.66475523732753       -2.36276398977982        0.08771091419007
C            3.52096376543154       -1.32384646067871       -0.11363117581970
C            4.78524476941580       -1.81172083420289        0.03044395790988
N            4.68104581142660       -3.13982960847268        0.31269247332989
C            3.38703181627825       -3.45089900940041        0.34477861761235
C            5.77166333930658       -4.06002812085294        0.49702408616549
H            0.41985717382730        0.78469684869490        0.49459533079952
H            1.06633982662573       -1.16318476069700        1.85242948177098
H           -0.43232320021753       -1.27234313156500        0.89107480053735
H            0.80631933247272       -3.24307634603505        0.33437968442849
H            0.94594619742267       -2.11893491084700       -1.04316036742061
H            3.16478283678628       -0.33467266543391       -0.32628505654506
H            5.72792598755494       -1.30953232339980       -0.05006000111951
H            2.99167341425606       -4.42853826052859        0.54452702487383
H            5.57439055971498       -4.71677989746549        1.34420295363090
H            5.90294229629084       -4.67396789562197       -0.39776827827038
H            6.69226922071381       -3.50743743199493        0.67917768350549
20
 energy: -27.986368317757 gnorm: 0.007368368069 xtb: 6.7.1 (edcfbbe)
O            1.00789088157954        0.06795672111570        0.25212979500769
C            0.65478786823044       -1.16030165974400        0.84369933152441
C            1.22105607423983       -2.28696439058860       -0.03215071942314
N            2.66110009379963       -2.36227579697750        0.05257871844864
C            3.51968685827665       -1.33204431776166       -0.18287460900905
C            4.78288049952815       -1.81619953087133       -0.01509735931883
N            4.67537921428789       -3.13352305227086        0.31619187359991
C            3.38079752910498       -3.44201385925459        0.35297390835431
C            5.76508178742625       -4.04860439026320        0.53561858278071
H            0.47384655892627        0.78820011706369        0.61697175480290
H            1.06060226246374       -1.23115121878024        1.86596462828993
H           -0.43272914932671       -1.28585681386105        0.88856215138283
H            0.79980598187255       -3.24708597619113        0.26603808562478
H            0.94342313336338       -2.07085518023096       -1.06891925397374
H            3.16854653720745       -0.34837842025076       -0.42872807224841
H            5.72461666066373       -1.31535334639653       -0.10984691051831
H            2.98304208836630       -4.41178214939073        0.58541643928476
H            5.53193058256001       -4.72125962267507        1.36142332466567
H            5.94311014376698       -4.64521322282837       -0.36443303025987
H            6.67316439366339       -3.49254388984284        0.77056136098482
20
 energy: -27.986495349784 gnorm: 0.008664353289 xtb: 6.7.1 (edcfbbe)
O            1.02927273308823        0.06426780320126        0.29751530082983
C            0.65746670298525       -1.17599669499845        0.85205852986967
C            1.21716715925450       -2.28218045339746       -0.05409871209026
N            2.65720533506912       -2.36340405017221        0.02665011881533
C            3.51742486515545       -1.34008152375408       -0.23076058389384
C            4.77978083249863       -1.82056572111523       -0.04644303380385
N            4.67004182962580       -3.12886558795703        0.31720594118623
C            3.37516455964332       -3.43584553923553        0.35555889256703
C            5.76004050184827       -4.03770023324768        0.56299744110096
H            0.52123966887619        0.78431301189434        0.70171517020434
H            1.05480121533931       -1.28068519753390        1.87516764604896
H           -0.43215493544796       -1.29029695545557        0.88405891585210
H            0.79285279589932       -3.24770113981180        0.22117000103928
H            0.93876118381649       -2.03921113432574       -1.08445500619441
H            3.17000545239211       -0.36133858802135       -0.49988106257368
H            5.72017821273259       -1.31985944239023       -0.14966196132216
H            2.97595012504202       -4.39951153804321        0.60793721155545
H            5.50582566760052       -4.71914482104328        1.37410197847027
H            5.97140561188099       -4.62395585932526       -0.33640517856970
H            6.65559048270036       -3.47748633526763        0.83164839090845
20
 energy: -27.986674679779 gnorm: 0.004345620195 xtb: 6.7.1 (edcfbbe)
O            1.06356908839235        0.05763029422149        0.34316885891628
C            0.66303488019862       -1.18909875127608        0.85985368651243
C            1.21164599304001       -2.27794232670257       -0.07114843840476
N            2.65172838644018       -2.36677125839230        0.00164981225233
C            3.51337159928856       -1.35041891529188       -0.27185159996203
C            4.77473746860599       -1.82630191420509       -0.07316244323995
N            4.66297308730847       -3.12476541978599        0.31530160712189
C            3.36802154417514       -3.43093412236234        0.35351026548682
C            5.75488136845825       -4.02349802460756        0.58656774538308
H            0.57481112262169        0.76892713260158        0.77121869047745
H            1.04684755094074       -1.32817158149054        1.88265964455387
H           -0.42916168494928       -1.28444706945377        0.87579610272415
H            0.78268677166734       -3.24502431925140        0.18719882104366
H            0.93025569319013       -2.01422704330658       -1.09404463489063
H            3.16879452600527       -0.37788298767083       -0.56069065147028
H            5.71376949266511       -1.32554231921582       -0.18101043467650
H            2.96768111621551       -4.38876262096566        0.62051376186838
H            5.48712715237891       -4.71042150050875        1.38500727918590
H            5.99809632368569       -4.60238842697000       -0.30646953413641
H            6.63314851967188       -3.45520882536592        0.88201146125433
20
 energy: -27.986790220096 gnorm: 0.008272929289 xtb: 6.7.1 (edcfbbe)
O            1.10802122685890        0.05095094546787        0.42518605318250
C            0.67091529355843       -1.21524989908342        0.87311362072684
C            1.20470430133568       -2.26999021621648       -0.10781753125434
N            2.64468408542460       -2.36819616384349       -0.04307421608668
C            3.50957381657559       -1.36310832456125       -0.35294300635975
C            4.76878419479320       -1.83340598468848       -0.12624881297304
N            4.65231503718282       -3.11700705732752        0.31550560487833
C            3.35692889893183       -3.42013533323475        0.35960108446807
C            5.74458840937961       -4.00288031172753        0.63043964461116
H            0.65327800372742        0.75154355034290        0.90823288134396
H            1.03797252527463       -1.41644099682948        1.89448093207823
H           -0.42413758246675       -1.28480599357233        0.86941789162891
H            0.76983021904733       -3.24592062515247        0.11314214509724
H            0.92250651599491       -1.96055939704776       -1.11987117451363
H            3.16811324868184       -0.40057813766330       -0.67959060214450
H            5.70960807664365       -1.33836949902448       -0.24693541452813
H            2.95329610706558       -4.36819932082454        0.66463268109896
H            5.43908336402248       -4.70932810333616        1.40241728585460
H            6.04944496731129       -4.56081015614710       -0.26218519828007
H            6.59850929065761       -3.42275897553022        0.98857613117135
20
 energy: -27.986906209355 gnorm: 0.004676252722 xtb: 6.7.1 (edcfbbe)
O            1.11402954446508        0.04262586148527        0.43418284731264
C            0.67326420532752       -1.22023408119881        0.87238411705034
C            1.20367939440419       -2.26895048703552       -0.11358676645430
N            2.64366247859450       -2.36669990556622       -0.05026723739519
C            3.50969357379557       -1.36365503945671       -0.36286619859557
C            4.76792288523619       -1.83338563918769       -0.13293671308716
N            4.64967505046531       -3.11436598813445        0.31535144219565
C            3.35422757262693       -3.41608422452403        0.35906461550514
C            5.74046491224100       -3.99745713389413        0.63701432687176
H            0.67068912338513        0.74061513138044        0.93277927202006
H            1.03918793078578       -1.42913291765677        1.88742035095739
H           -0.42094151826013       -1.28066482237703        0.87245843553424
H            0.76922348035011       -3.24412595606861        0.10598833928571
H            0.92148729550188       -1.95752770424939       -1.12294712672721
H            3.16653339310428       -0.40424366585261       -0.69438595676174
H            5.71282079154544       -1.34482411567933       -0.25366418045179
H            2.94932043685295       -4.36193726549654        0.66651658135388
H            5.43239219138613       -4.70777004757644        1.40418715511186
H            6.05286282105262       -4.55117554963981       -0.25189870972378
H            6.58782443714024       -3.41625644927166        1.00128540599807
20
 energy: -27.987012801073 gnorm: 0.004033950312 xtb: 6.7.1 (edcfbbe)
O            1.15238488055462        0.03222490774671        0.48119808522500
C            0.67884751696947       -1.23423145599639        0.87701621961926
C            1.19884944489548       -2.26503158677171       -0.13251307090090
N            2.63804303364531       -2.36678234375854       -0.06985284312801
C            3.50587308604240       -1.37026277103121       -0.40023650561793
C            4.76248768534671       -1.83634044639620       -0.15854860691800
N            4.64161421846412       -3.10846571357806        0.31579968169921
C            3.34599041707209       -3.40769249122493        0.36311579176960
C            5.73175586658493       -3.98179485956095        0.65909867681539
H            0.72486817252442        0.72045943409210        0.99970313285418
H            1.03268508743685       -1.48631878736583        1.88933601432408
H           -0.41650302099552       -1.27235759144555        0.86625640706381
H            0.75992238594440       -3.24295705242920        0.06977850916588
H            0.91766024343043       -1.93267657947215       -1.13550428893588
H            3.16204353779604       -0.41816302751846       -0.75347798042441
H            5.71183296313885       -1.35632893814619       -0.28812445193855
H            2.93902202027073       -4.34693119365438        0.68608361543058
H            5.41588817606077       -4.70016203961032        1.41282542144233
H            6.07330578466193       -4.52599812177482       -0.22219566133669
H            6.56144850015672       -3.39543934210390        1.04632185379104
20
 energy: -27.987040970366 gnorm: 0.001651000559 xtb: 6.7.1 (edcfbbe)
O            1.15666704527571        0.02907007676861        0.48658264005195
C            0.67727503007391       -1.23473671201774        0.87751116353991
C            1.19922091482997       -2.26413730273119       -0.13282244256070
N            2.63807708810624       -2.36618231294496       -0.06996794615868
C            3.50595410285071       -1.37136985002082       -0.40277669807822
C            4.76254915517298       -1.83693583469145       -0.16034225808096
N            4.64192288490086       -3.10802629521152        0.31479636949509
C            3.34616035548233       -3.40619920619384        0.36342214908576
C            5.73201080679381       -3.98120748366333        0.65925779194306
H            0.72615926381430        0.71883152959456        1.00170594615715
H            1.02689334155626       -1.48904250068045        1.88914344754956
H           -0.41791810878586       -1.27059360874035        0.86399662086818
H            0.76048666345646       -3.24168152728358        0.06790764235614
H            0.91814026378630       -1.93156580643992       -1.13547243596846
H            3.16265757982343       -0.41971598375917       -0.75562420806455
H            5.71153713883741       -1.35802570243181       -0.29135243417791
H            2.93891999517600       -4.34336905869947        0.69097282399224
H            5.41425256849970       -4.69992347468719        1.41204968791866
H            6.07530961959637       -4.52515051145788       -0.22266463288929
H            6.56174429075385       -3.39528843470849        1.04975677302107
20
 energy: -27.987067661619 gnorm: 0.002375516369 xtb: 6.7.1 (edcfbbe)
O            1.16945333003567        0.02341777076054        0.50331905146431
C            0.67519955986426       -1.23627761561619        0.87893426400013
C            1.19975364314122       -2.26275073103780       -0.13431567773326
N            2.63789775538320       -2.36423925576955       -0.06947501672468
C            3.50596042120412       -1.37319670079701       -0.40944837752856
C            4.76276116407773       -1.83850912067135       -0.16714725377525
N            4.64221258545432       -3.10641610778742        0.31360315191665
C            3.34609547164825       -3.40217227482401        0.36663266402966
C            5.73166143951749       -3.97945310034064        0.66084825775494
H            0.72980113806084        0.71586164485662        1.00886075445369
H            1.01137946718603       -1.50140815203103        1.89065676270540
H           -0.41995183881678       -1.26635700864748        0.85398980174436
H            0.76115478399692       -3.24047101651308        0.06180280322219
H            0.92006930120959       -1.92744829766208       -1.13610366027172
H            3.16419435550400       -0.42247319365087       -0.76378547062166
H            5.71167303771887       -1.36276774120151       -0.30444152068126
H            2.93815690589672       -4.33483799654713        0.70528753502314
H            5.41003617129878       -4.70062228722345        1.40981976116566
H            6.08045395703993       -4.52050582044485       -0.22203690323883
H            6.56005735057959       -3.39462299485172        1.05907907309512
20
 energy: -27.987084689444 gnorm: 0.002304015982 xtb: 6.7.1 (edcfbbe)
O            1.17667231036920        0.02132330791465        0.51389910782288
C            0.67396154434864       -1.23765280183351        0.87972393944776
C            1.19993595477445       -2.26201273283631       -0.13551067896464
N            2.63795397892524       -2.36322636040803       -0.06949083855404
C            3.50628851222107       -1.37408691523570       -0.41434846600246
C            4.76311518320537       -1.83943465862960       -0.17192513882444
N            4.64220593114336       -3.10546709068464        0.31381529879265
C            3.34592513851786       -3.40012977964458        0.36958324558515
C            5.73121529945300       -3.97830976065070        0.66253757944457
H            0.73263256540192        0.71411625117144        1.01501197451407
H            1.00231902437199       -1.51049323448460        1.89236608929464
H           -0.42130074656732       -1.26290184897895        0.84759336796185
H            0.76107200046535       -3.24019186831261        0.05824055949826
H            0.92150842034309       -1.92460166651209       -1.13696312955087
H            3.16537726122512       -0.42397326960144       -0.77140664141174
H            5.71234750491714       -1.36515171490336       -0.31296133250866
H            2.93764562902569       -4.33093688793325        0.71312402569240
H            5.40783235673858       -4.70172733489882        1.40849422157037
H            6.08352871047970       -4.51657812465472       -0.22050269338086
H            6.55778342064132       -3.39381350888318        1.06479950957311
20
 energy: -27.987127043356 gnorm: 0.001778064710 xtb: 6.7.1 (edcfbbe)
O            1.20256870451112        0.01409950164791        0.55217405927898
C            0.66956589301686       -1.24336909832463        0.88245067230463
C            1.20016200467471       -2.25926596390523       -0.14012817140744
N            2.63799776025836       -2.35983971697401       -0.07026853134700
C            3.50753663136737       -1.37765078186597       -0.43308088012371
C            4.76424824411357       -1.84301717101931       -0.18957856605557
N            4.64179033414917       -3.10198156375114        0.31560602197860
C            3.34496098977965       -3.39253382541324        0.38165183639780
C            5.72976978560907       -3.97381825154607        0.66904079394292
H            0.74433455747109        0.70698377226863        1.03948369049211
H            0.96991180326873       -1.54284810237445        1.89845172493259
H           -0.42565129061540       -1.24946669877427        0.82466405389927
H            0.76036973528191       -3.23921752688462        0.04519534549997
H            0.92641229387390       -1.91427141577720       -1.14038393039343
H            3.16956488389350       -0.43044369535330       -0.80181494620837
H            5.71459716856672       -1.37364195832237       -0.34322333334572
H            2.93557476208594       -4.31718199554166        0.74107804595551
H            5.39991348313489       -4.70710159404345        1.40230790635906
H            6.09576665766687       -4.50014542776496       -0.21510903358096
H            6.54862559789274       -3.39053848628065        1.08756324142079
20
 energy: -27.987147390009 gnorm: 0.002069208227 xtb: 6.7.1 (edcfbbe)
O            1.22111808138552        0.00778531512652        0.58058837450460
C            0.66768155281183       -1.24889125103527        0.88478223473773
C            1.19944331594663       -2.25705624666520       -0.14472863132288
N            2.63737649033728       -2.35800377968085       -0.07380434155211
C            3.50799784888385       -1.38127096008959       -0.44975410494979
C            4.76434071103539       -1.84622022693132       -0.20379647495139
N            4.64046092313167       -3.09921456526668        0.31726222027451
C            3.34338791803717       -3.38679828475285        0.38957781020564
C            5.72813120648944       -3.96917517953517        0.67592658691248
H            0.75730162408915        0.69942320530093        1.06275638184764
H            0.95046647843782       -1.56625147932985        1.90099212910482
H           -0.42640298832622       -1.23898245322883        0.81183503298859
H            0.75900259828661       -3.23843657776356        0.03368734948197
H            0.92824666951634       -1.90541630701568       -1.14339639646382
H            3.17192064872453       -0.43724024397324       -0.82912743948441
H            5.71538018314023       -1.38013105188105       -0.36485931060831
H            2.93317905219818       -4.30699479391571        0.75954339567399
H            5.39251053098031       -4.71174490924008        1.39712248130398
H            6.10769696059694       -4.48417643176981       -0.20882110315375
H            6.53878019429813       -3.38645377835267        1.11029380545052
20
 energy: -27.987165231873 gnorm: 0.001801505709 xtb: 6.7.1 (edcfbbe)
O            1.22479577096600        0.00519156310236        0.58613499014221
C            0.66889703818383       -1.25118248061356        0.88595196093969
C            1.19840920193548       -2.25637658934185       -0.14676374154366
N            2.63652780686163       -2.35833233851683       -0.07750780232376
C            3.50752008768968       -1.38304587173154       -0.45597097581048
C            4.76355310063891       -1.84739822441230       -0.20779462200228
N            4.63914507327012       -3.09847421275647        0.31766845876269
C            3.34214085674704       -3.38546839138814        0.39017273040930
C            5.72714718318304       -3.96686007434374        0.67931651587317
H            0.76445918606558        0.69589073455309        1.07186076830860
H            0.95119062325069       -1.57103202471125        1.90013917437802
H           -0.42413160153585       -1.23675562267721        0.81334011573055
H            0.75771023858835       -3.23808985986413        0.02936700146958
H            0.92670325685541       -1.90204777477249       -1.14426836034403
H            3.17157353319626       -0.44069628416850       -0.83943383281352
H            5.71467290495660       -1.38175118602172       -0.36876866527284
H            2.93168670435541       -4.30471660978899        0.76158100899586
H            5.38909453058334       -4.71381453995368        1.39465979711181
H            6.11382340395225       -4.47635773459121       -0.20532829017937
H            6.53310110025703       -3.38393247800183        1.12172376816848
20
 energy: -27.987206071784 gnorm: 0.002794833386 xtb: 6.7.1 (edcfbbe)
O            1.24036204021323       -0.00377557878563        0.60239615452238
C            0.67348218118488       -1.25782615075624        0.89039255292037
C            1.19466313321503       -2.25430287299979       -0.15308248831229
N            2.63308158416538       -2.36030834638691       -0.09011692280738
C            3.50493419517583       -1.38950786929998       -0.47633690216457
C            4.76018206946496       -1.85112021231920       -0.22038175331836
N            4.63456761923541       -3.09620007324741        0.31799654391238
C            3.33768751871572       -3.38163136075846        0.39115881397420
C            5.72408641705577       -3.95860965220650        0.69025405377066
H            0.79147618274681        0.68570019908646        1.10039296081454
H            0.95399105059634       -1.58795802644966        1.89905756343235
H           -0.41777182939683       -1.23102992185638        0.81779182696671
H            0.75240998720821       -3.23646442203830        0.01499517988030
H            0.92075617383000       -1.89065773686359       -1.14633490321587
H            3.16904158649202       -0.45288635831590       -0.87236761474060
H            5.71144074989643       -1.38686768973210       -0.38130850057287
H            2.92634385354826       -4.29748920529664        0.76897195159025
H            5.37696143117988       -4.72152260859097        1.38450780272120
H            6.13701211783711       -4.44816558809441       -0.19466489480015
H            6.51331193763639       -3.37462652508837        1.16275857542675
20
 energy: -27.987234072469 gnorm: 0.002840953583 xtb: 6.7.1 (edcfbbe)
O            1.25305283122163       -0.00989212770159        0.61445924945107
C            0.67673828243201       -1.26198220166453        0.89307028909285
C            1.19219490341882       -2.25320948551028       -0.15827950962197
N            2.63050598573128       -2.36190493273216       -0.09862115224628
C            3.50275744578067       -1.39408680306882       -0.49087860313671
C            4.75768392269158       -1.85363282556897       -0.22997837261921
N            4.63144222273040       -3.09444473963858        0.31782297972617
C            3.33454458389255       -3.37909597311219        0.39191201965724
C            5.72165551212695       -3.95247554119946        0.69833503304262
H            0.81226475894193        0.67869871535187        1.12187018367634
H            0.95458290153569       -1.60178616055879        1.89913059698513
H           -0.41441820094358       -1.22729344745932        0.82014927705503
H            0.74824574626306       -3.23544001586785        0.00383687718069
H            0.91713185744520       -1.88237312162014       -1.14846957311574
H            3.16708411995838       -0.46107952232581       -0.89494010457133
H            5.70915616583977       -1.39068360040519       -0.39259507368212
H            2.92252052933630       -4.29210916723091        0.77605507349468
H            5.36860309526080       -4.72657635407241        1.37728331138924
H            6.15364391367993       -4.42770915320819       -0.18592270732987
H            6.49862942265750       -3.36817354240663        1.19184020557219
20
 energy: -27.987267370964 gnorm: 0.002240162796 xtb: 6.7.1 (edcfbbe)
O            1.26583317731067       -0.01633430768024        0.62525529420912
C            0.68097420118272       -1.26607762129440        0.89561499994806
C            1.18960605179712       -2.25221937346136       -0.16459021545498
N            2.62751792102358       -2.36399718902610       -0.10801295638705
C            3.50005810206723       -1.39901097714513       -0.50646667295354
C            4.75475466356982       -1.85610773341698       -0.24027509329804
N            4.62798080488795       -3.09255101594439        0.31708596543610
C            3.33101224593256       -3.37686436172250        0.39179268191368
C            5.71849915328828       -3.94556490576721        0.70759644845104
H            0.83640081885850        0.67057925030528        1.14621237658773
H            0.95787514535733       -1.61650091061865        1.89904680961312
H           -0.41081719028175       -1.22485314359408        0.82483202018071
H            0.74302935247240       -3.23409743816726       -0.00877157964741
H            0.91329296873242       -1.87306690445746       -1.15122460648456
H            3.16475357584645       -0.46947066265737       -0.91827228370015
H            5.70654192420000       -1.39456835880506       -0.40529067914702
H            2.91827002087468       -4.28673927980716        0.78301934224422
H            5.35971314624861       -4.73133614695463        1.36961985222850
H            6.17154825715230       -4.40523145194995       -0.17438336223061
H            6.48117565948004       -3.36123746783529        1.22329165849108
20
 energy: -27.987297089319 gnorm: 0.002100043159 xtb: 6.7.1 (edcfbbe)
O            1.27899163251774       -0.02312000818795        0.63771991861277
C            0.68564764804120       -1.27058783769983        0.89834946763209
C            1.18713074595989       -2.25088662266566       -0.17182247519304
N            2.62445267060551       -2.36594084585837       -0.11798329204651
C            3.49737258004002       -1.40429333026169       -0.52416642134862
C            4.75183730342947       -1.85886038168092       -0.25247411496928
N            4.62441039066610       -3.09043326540914        0.31578851754807
C            3.32731964261858       -3.37435030275325        0.39157060932936
C            5.71461206795358       -3.93807934002094        0.71813386754027
H            0.86225682316105        0.66068477996924        1.17412271531607
H            0.96182297946274       -1.63327719452729        1.89889276431607
H           -0.40697783377506       -1.22300706179839        0.83029470617159
H            0.73724918862564       -3.23230301039417       -0.02291983873326
H            0.90990012446547       -1.86221391962600       -1.15447201789254
H            3.16300449061190       -0.47807190302809       -0.94425436140157
H            5.70405821515383       -1.39922883150154       -0.42135260356945
H            2.91378507497376       -4.28040915735064        0.79127752945278
H            5.34932380249643       -4.73636387264553        1.36126751495909
H            6.19121847660186       -4.38064127009382       -0.16014556436087
H            6.46060397639123       -3.35386662446598        1.25825307863699
20
 energy: -27.987317765054 gnorm: 0.002195689900 xtb: 6.7.1 (edcfbbe)
O            1.29081577926737       -0.02948403413417        0.65113690022383
C            0.68978031289244       -1.27523926734388        0.90122047211631
C            1.18517787964560       -2.24906194072888       -0.17865208888988
N            2.62194524350588       -2.36710717400334       -0.12716863661350
C            3.49541285211592       -1.40910985607744       -0.54130693272491
C            4.74962058912735       -1.86173771863814       -0.26515534003888
N            4.62135007671044       -3.08841973903263        0.31397289022630
C            3.32409305100290       -3.37150336909262        0.39137140732926
C            5.71063968373763       -3.93121629720306        0.72831391783060
H            0.88465666642638        0.65031139409645        1.20080360013279
H            0.96494032304657       -1.64986151318339        1.89876966624083
H           -0.40339533853870       -1.22169498201887        0.83517047750167
H            0.73216818780688       -3.23013089610585       -0.03655537312443
H            0.90743967317281       -1.85117541495966       -1.15744515092986
H            3.16246827786774       -0.48574559712998       -0.96907186788259
H            5.70229528638064       -1.40432523020466       -0.43848957236156
H            2.90972594343030       -4.27356809242085        0.79949150693220
H            5.33936395297417       -4.74035135671385        1.35393729766193
H            6.20923086110082       -4.35835850830977       -0.14501719331144
H            6.44029069832782       -3.34747040679535        1.29075401968134
20
 energy: -27.987334014616 gnorm: 0.002406916699 xtb: 6.7.1 (edcfbbe)
O            1.30506340649930       -0.03748239578606        0.66977552627457
C            0.69437383883677       -1.28149808942629        0.90523160613198
C            1.18309394141263       -2.24621760316030       -0.18657357536433
N            2.61934219956551       -2.36773296567216       -0.13816220388509
C            3.49375482272893       -1.41491477119480       -0.56263938030264
C            4.74757010651083       -1.86567412558170       -0.28152522261388
N            4.61794278179018       -3.08602589922033        0.31123634315513
C            3.32043157691006       -3.36733383567203        0.39131697117750
C            5.70567468388067       -3.92311441807727        0.74070670901734
H            0.90914646910151        0.63696078404241        1.23278613628007
H            0.96730177939359       -1.67079444267887        1.89868082073225
H           -0.39890920192774       -1.21969202755429        0.84045029919834
H            0.72671754600581       -3.22712297412412       -0.05320933412394
H            0.90491206056501       -1.83702775183434       -1.16054421121641
H            3.16297769386973       -0.49508075100440       -1.00011885241892
H            5.70085548184002       -1.41141978772730       -0.46073654963254
H            2.90491525419071       -4.26420066866249        0.80980622494479
H            5.32713776481064       -4.74488079401665        1.34521652608248
H            6.23092949256293       -4.33192978593357       -0.12559388542589
H            6.41478830145394       -3.34006769671538        1.32997605198918
20
 energy: -27.987344826980 gnorm: 0.001639693494 xtb: 6.7.1 (edcfbbe)
O            1.31311410403384       -0.04279075980817        0.68256143611730
C            0.69708246530881       -1.28601925872536        0.90813413183359
C            1.18211216022273       -2.24375649904762       -0.19132372254126
N            2.61816923573060       -2.36730122215260       -0.14501143732021
C            3.49347406503788       -1.41832500304332       -0.57587001800324
C            4.74694986551612       -1.86851438877908       -0.29229177881505
N            4.61609977511360       -3.08461012719256        0.30883704133930
C            3.31835259660638       -3.36407032668215        0.39094919061771
C            5.70223371468781       -3.91824834336078        0.74852004911495
H            0.92160741896104        0.62766457559072        1.25209705651140
H            0.96872246584291       -1.68418202849706        1.89831201003983
H           -0.39579103272589       -1.21887889907816        0.84419904477743
H            0.72404897959053       -3.22471740647176       -0.06387557540892
H            0.90372179659407       -1.82740964080393       -1.16203706302830
H            3.16446904716853       -0.50068603911559       -1.01927966874510
H            5.70066592643129       -1.41662750069139       -0.47522864824352
H            2.90193503033659       -4.25747779152136        0.81549085643191
H            5.32031163233003       -4.74607136967938        1.34108872684019
H            6.24268555321171       -4.31725596838726       -0.11132648843312
H            6.39805520000247       -3.33597200255310        1.35213485691512
20
 energy: -27.987341407492 gnorm: 0.003651275751 xtb: 6.7.1 (edcfbbe)
O            1.33531564470614       -0.05636795912704        0.71572047291186
C            0.70282215065085       -1.29674536660070        0.91546542916325
C            1.17924780610051       -2.23817738510392       -0.20140466597962
N            2.61518125644353       -2.36638897709966       -0.16090065435978
C            3.49268366473118       -1.42738495339363       -0.60885088398986
C            4.74527035658215       -1.87593209368719       -0.31821021948651
N            4.61149538030593       -3.08140675354686        0.30405485373308
C            3.31321938915569       -3.35586985866468        0.39209344796332
C            5.69493117111034       -3.90653044899013        0.76634412833094
H            0.95185636902109        0.60700165920370        1.29702304933212
H            0.96770805372980       -1.71685912657768        1.89801212385969
H           -0.38835257183108       -1.21284558684737        0.85036723852456
H            0.71803235344194       -3.21966036569981       -0.08791205384458
H            0.90014388245659       -1.80535337485006       -1.16456683721770
H            3.16760331951399       -0.51603119536905       -1.06877734484468
H            5.70005232274579       -1.42998042075709       -0.51047754470365
H            2.89464781801903       -4.24068626501361        0.83238999875336
H            5.30187903289147       -4.75548879180274        1.32476436013117
H            6.27767173035770       -4.27536838202344       -0.08236864046921
H            6.35661086986844       -3.32517435404896        1.41331374219227
20
 energy: -27.987356539316 gnorm: 0.001604711227 xtb: 6.7.1 (edcfbbe)
O            1.32886439173001       -0.05325695631965        0.70824816627540
C            0.70071879720843       -1.29436030815642        0.91384310112690
C            1.18026305979211       -2.23902372238212       -0.19792240308026
N            2.61651648223150       -2.36564084678550       -0.15607929423014
C            3.49379855097253       -1.42481692612217       -0.59951615621709
C            4.74647918091810       -1.87455177335852       -0.31132097812318
N            4.61305589195629       -3.08250112747922        0.30505540904647
C            3.31483502300352       -3.35722106745997        0.39213409186641
C            5.69696137897605       -3.91005390813632        0.76097693452023
H            0.93992736008870        0.61243381954593        1.28299645241872
H            0.96646754243745       -1.70819105726531        1.89769674567852
H           -0.39011683749119       -1.21377153433980        0.84822055846939
H            0.72080470815365       -3.22067723164614       -0.08097278105885
H            0.90143340621334       -1.81106926955432       -1.16304841899366
H            3.16794233099018       -0.51207679838147       -1.05527747131917
H            5.70102842647542       -1.42748468391026       -0.50098118359217
H            2.89662906523516       -4.24415848115220        0.82772945856747
H            5.30807337896097       -4.75262502524649        1.32920743562930
H            6.26709651167399       -4.28756312900407       -0.08972066824258
H            6.36724135047488       -3.32863997284589        1.39481100125831
20
 energy: -27.987359505018 gnorm: 0.000600067401 xtb: 6.7.1 (edcfbbe)
O            1.33108349875213       -0.05449491275187        0.71028291625106
C            0.70041896018678       -1.29468200445007        0.91397162975251
C            1.17998772294021       -2.23874771675333       -0.19821393903355
N            2.61632919277833       -2.36541962108154       -0.15607602198932
C            3.49374548060471       -1.42522781118412       -0.60000074465059
C            4.74633861310016       -1.87525494249255       -0.31211480615506
N            4.61273754641951       -3.08245068833545        0.30550802509840
C            3.31445044910476       -3.35647091826269        0.39326354187790
C            5.69724415782395       -3.90951245236663        0.76111243671033
H            0.94066865278879        0.61269757076716        1.28376866324186
H            0.96413000880808       -1.71008688300998        1.89760974307429
H           -0.39013040664041       -1.21234642148312        0.84688329679516
H            0.72078973610587       -3.22055230740380       -0.08210076185306
H            0.90143100089367       -1.81051734358606       -1.16334295608628
H            3.16773202049244       -0.51319721204173       -1.05645992799273
H            5.70090496933410       -1.42848804293139       -0.50170416202336
H            2.89608665635619       -4.24305600748824        0.82951505665965
H            5.30969303446909       -4.75259721838820        1.32826014850738
H            6.26741812938339       -4.28576720562596       -0.08942682349865
H            6.36696057629933       -3.32907786113035        1.39534468531409
