19
 energy: -23.807551061827 gnorm: 0.211179274732 xtb: 6.7.1 (edcfbbe)
C            0.77015000000000        0.07017000000000        0.11174000000000
C            0.50730000000000        0.34297000000000        1.53316000000000
N            0.23972000000000       -0.57511000000000        2.46270000000000
C           -0.18712000000000        0.05607000000000        3.58394000000000
C           -0.00499000000000        1.41454000000000        3.36348000000000
N            0.63395000000000        1.50320000000000        2.17719000000000
C           -0.35529000000000        2.58503000000000        4.19399000000000
C           -0.75078000000000       -0.67020000000000        4.73205000000000
H            0.38270000000000        0.88531000000000       -0.50669000000000
H            0.28501000000000       -0.86022000000000       -0.19860000000000
H            1.84790000000000       -0.02003000000000       -0.05378000000000
H            1.61660000000000        1.50410000000000        2.40252000000000
H            0.43744000000000        2.31010000000000        1.62042000000000
H            0.53707000000000        3.18927000000000        4.38285000000000
H           -1.10018000000000        3.19636000000000        3.67632000000000
H           -0.76945000000000        2.26569000000000        5.15445000000000
H           -0.12957000000000       -0.49891000000000        5.61629000000000
H           -1.76428000000000       -0.31176000000000        4.93541000000000
H           -0.79424000000000       -1.74643000000000        4.53887000000000
19
 energy: -23.836311692973 gnorm: 0.115330502867 xtb: 6.7.1 (edcfbbe)
C            0.78745871264762        0.04776908068274        0.10569802235200
C            0.52161150064515        0.28643100985625        1.52919024618718
N            0.16715535294797       -0.60011962830061        2.42241224075735
C           -0.18982586557795        0.05563425961738        3.58122550155735
C           -0.00811950287656        1.40712289760815        3.40553576956450
N            0.63426166543227        1.53268648767301        2.16239006461802
C           -0.35337567405582        2.58899356994255        4.21951845749316
C           -0.74995213589065       -0.66990214956469        4.73391215595129
H            0.39980879348192        0.87056690299744       -0.49985973422622
H            0.30029554536241       -0.87401360680421       -0.19967132226436
H            1.85841056424549       -0.04439264452974       -0.07901772916152
H            1.63755456526177        1.56312301267278        2.38229608439541
H            0.41542882914357        2.35392327985395        1.59697876550828
H            0.52847014843420        3.20403636817803        4.40445839483611
H           -1.09489922343183        3.20059141134048        3.70051141320121
H           -0.76925656605054        2.27320977168159        5.17039780716380
H           -0.13349340836231       -0.50795015657538        5.61840195050515
H           -1.75659906439650       -0.31098090756045        4.94711953080535
H           -0.79299423696018       -1.73657895876928        4.52481238075594
19
 energy: -23.848714447574 gnorm: 0.037373600010 xtb: 6.7.1 (edcfbbe)
C            0.80002009736258        0.02557209272954        0.10806332898746
C            0.52312367204397        0.23095391319745        1.53389044486508
N            0.13430543327761       -0.60458945564911        2.39990070660640
C           -0.19917201398806        0.06401944946964        3.58021900316978
C           -0.00279341114244        1.39691589193331        3.44285649241679
N            0.63368449121967        1.56626733923939        2.13952526477792
C           -0.33950351510773        2.58699156210355        4.24429400664702
C           -0.75941317894913       -0.67147819900235        4.73260754978669
H            0.41121283469747        0.85101145610231       -0.48968221690004
H            0.32471854441587       -0.89792869731417       -0.20164679676602
H            1.86820818170607       -0.05815911017053       -0.08948957584864
H            1.65352843615890        1.64656910882029        2.33452908623648
H            0.37021445087024        2.38493642365242        1.56979287721200
H            0.53510181811953        3.20893798416637        4.42965743874941
H           -1.07881144171726        3.19741621816340        3.72157255429132
H           -0.76117807393689        2.27812160541653        5.19157221792122
H           -0.15017731511770       -0.51488019369364        5.62012526834076
H           -1.76487291882663       -0.31891443977632        4.95102716547992
H           -0.79625609108605       -1.73161294938808        4.50749518402646
19
 energy: -23.851465498140 gnorm: 0.021967307174 xtb: 6.7.1 (edcfbbe)
C            0.81896141469681        0.00437931256401        0.10820002739210
C            0.51410375791779        0.20993029601947        1.52818712656143
N            0.10396586553302       -0.59854480126295        2.39343255627673
C           -0.22103688324023        0.07648668205245        3.57905826450347
C           -0.00579423157291        1.40075165317057        3.44977033769442
N            0.62023924943307        1.59222711098649        2.11746427337222
C           -0.32158202171194        2.58661978844716        4.26590401242955
C           -0.76966676052833       -0.67227129920780        4.73151130245637
H            0.42885464332234        0.82314424790107       -0.49464346509853
H            0.36164707895210       -0.92818897360740       -0.21022829163171
H            1.89056021353471       -0.06899030722303       -0.07614029833153
H            1.64108386480496        1.71731376315282        2.28716257323923
H            0.31438901202827        2.39808932627033        1.54916234591716
H            0.55755767501852        3.20115598040523        4.45327328811385
H           -1.06265135524425        3.20580333413085        3.75673458205124
H           -0.73779099567356        2.27516065473730        5.21731716833690
H           -0.15503789777594       -0.52194642656796        5.61652423382132
H           -1.77700427469335       -0.33058485000990        4.96069127616263
H           -0.79885835480103       -1.73038549195872        4.49292868673318
19
 energy: -23.852928598884 gnorm: 0.017875491758 xtb: 6.7.1 (edcfbbe)
C            0.84151636115266       -0.01749340966697        0.10862138241536
C            0.49700500374124        0.20027685722333        1.51695429040543
N            0.07072611128533       -0.58896938657771        2.38821726880945
C           -0.24887237809403        0.09020868342104        3.57358963132612
C           -0.01551780485098        1.41036632199626        3.44520579967889
N            0.59809670320022        1.61490366571255        2.09710036426367
C           -0.30061930828718        2.58697766204651        4.28830510158307
C           -0.77945376466329       -0.67086506970425        4.72702690663899
H            0.45211153366682        0.78695525955064       -0.51257655183272
H            0.40948803382803       -0.96329382261944       -0.21436475527299
H            1.91988407380657       -0.07667002412505       -0.04496633288732
H            1.61334610462990        1.78530166283772        2.23979779203013
H            0.24468996484250        2.40300056619565        1.53320290489288
H            0.58987567127218        3.18564028923095        4.47554608353353
H           -1.04405907929789        3.22542416847329        3.80624922590575
H           -0.70348300334680        2.26333352971686        5.24373231262649
H           -0.15449097933018       -0.52466707818639        5.60591130639897
H           -1.78835551712052       -0.34298154505578        4.97198382242980
H           -0.79994772643448       -1.72729833046922        4.47677344705453
19
 energy: -23.853970048723 gnorm: 0.014469478958 xtb: 6.7.1 (edcfbbe)
C            0.86381008929464       -0.03732511415067        0.11171038429924
C            0.47526259946215        0.19719621999161        1.50452970568234
N            0.04182984661012       -0.57798580230450        2.38138200110701
C           -0.27306675494036        0.10257760363404        3.56497243599431
C           -0.02667075022554        1.42108860500254        3.43545114886427
N            0.57069458883801        1.63337651476420        2.08112292869533
C           -0.27739023420760        2.58525953880693        4.30965718487367
C           -0.78836145320951       -0.66691010982776        4.71867545097243
H            0.47751119218257        0.74719354683928       -0.53754104540021
H            0.46212040886800       -0.99860384981285       -0.20930979835794
H            1.94981100184141       -0.07807303632416       -0.00229384744498
H            1.57691364097063        1.85128193100236        2.19313754879522
H            0.16177953386348        2.39894157538909        1.52361894175934
H            0.62760837419031        3.16443847791401        4.49271396472207
H           -1.02176688253238        3.24814610182016        3.86115882221969
H           -0.66349454996454        2.24442101782534        5.26738078119651
H           -0.15426974356333       -0.52221042660464        5.59154677487069
H           -1.79754142418933       -0.35104303578857        4.97803672791614
H           -0.80283948328857       -1.72161975817638        4.46035988923492
19
 energy: -23.854749825331 gnorm: 0.009587268316 xtb: 6.7.1 (edcfbbe)
C            0.88421260154061       -0.05071321798651        0.11706482477680
C            0.45518716744108        0.19865482457181        1.49321488027605
N            0.01690248460625       -0.56926680592594        2.37283849895970
C           -0.29013508701986        0.11101801850895        3.55582216260604
C           -0.03536017976577        1.42914957884643        3.42380506921889
N            0.54258639745442        1.64563138808669        2.07135235937810
C           -0.25359010107739        2.57962894261125        4.32617193104910
C           -0.79640467088480       -0.66083345009726        4.71011021123826
H            0.50266975665512        0.71174382988380       -0.56214265661601
H            0.51309709402204       -1.02658485335561       -0.19608111689136
H            1.97513443972332       -0.07016615479033        0.04064389145708
H            1.53728807502459        1.91168445073511        2.15028211026606
H            0.07510688268467        2.38394734742643        1.52166764318796
H            0.66488061609379        3.14091252418117        4.50020741134113
H           -0.99715304004834        3.26435508585994        3.91056307716720
H           -0.62273726029187        2.22235420853666        5.28451675427876
H           -0.15664093115267       -0.51509690064819        5.57869513038041
H           -1.80462468595381       -0.35175657759720        4.97837066758852
H           -0.80847955905114       -1.71451223884723        4.44920715033737
19
 energy: -23.855203203111 gnorm: 0.007098300905 xtb: 6.7.1 (edcfbbe)
C            0.89845386888634       -0.05429209219159        0.12293239333956
C            0.44329175682085        0.20213110754614        1.48661965268366
N            0.00315269949917       -0.56587218722308        2.36516105460692
C           -0.29741882967433        0.11287471742137        3.54891765747956
C           -0.03823285513054        1.43127392303190        3.41564043315227
N            0.52060041954673        1.64943389069381        2.06837799491688
C           -0.23400003041631        2.57201190800284        4.33418623599091
C           -0.80317942905762       -0.65518730882398        4.70480105720953
H            0.51899389793202        0.69014666690050       -0.57639772784987
H            0.55192999736721       -1.04092582036202       -0.18030469397778
H            1.98979080713846       -0.05248370227598        0.06915879216798
H            1.50402784011577        1.95448905159609        2.11854328993238
H            0.00749813517530        2.36072048285167        1.52503555278844
H            0.69260167350889        3.12254079995660        4.49715709520870
H           -0.97585303100242        3.26888726497817        3.94085274876475
H           -0.59039013377179        2.20563803004836        5.29244375348758
H           -0.16328091254684       -0.50565977077428        5.57244116622324
H           -1.81065915111343       -0.34618697962188        4.97305097715589
H           -0.81538672327719       -1.70938998175465        4.44769256671947
19
 energy: -23.855409954179 gnorm: 0.007904925159 xtb: 6.7.1 (edcfbbe)
C            0.90760879191014       -0.05192657981146        0.12642541783158
C            0.43921063546356        0.20421840211918        1.48461030177272
N           -0.00057288580424       -0.56730428451987        2.36078402072677
C           -0.29882320512450        0.11001291111299        3.54582679378288
C           -0.03735467915929        1.42831383113121        3.41334132832561
N            0.50507986341358        1.64834190302780        2.06693444641831
C           -0.21978097975527        2.56582496880237        4.33727430708151
C           -0.80941535737069       -0.65189094940813        4.70383595687965
H            0.52312412748925        0.67987836361128       -0.58208337612113
H            0.58104929112280       -1.04696464081034       -0.17021805311509
H            1.99826424165384       -0.02931808515049        0.08192121886876
H            1.48023963942323        1.98039683449030        2.09614161113090
H           -0.03631136757236        2.33781834794113        1.52576947068814
H            0.71118517984725        3.11132602322995        4.49021685507099
H           -0.96149097621497        3.26791678732816        3.95577814400503
H           -0.56663565856242        2.19775527811682        5.29733159696718
H           -0.17358450707406       -0.49735126891403        5.57343268914181
H           -1.81754405957145       -0.33913701659513        4.96522140106522
H           -0.82230809411411       -1.70776082570176        4.45376586947924
19
 energy: -23.855557681472 gnorm: 0.007818619450 xtb: 6.7.1 (edcfbbe)
C            0.91582036151913       -0.04754805193746        0.12911289046736
C            0.43934935636154        0.20518773105181        1.48537783630481
N            0.00100803384845       -0.57116848520311        2.35892531712019
C           -0.29831836200277        0.10515342758882        3.54492089930271
C           -0.03507799635100        1.42300728152114        3.41447387512457
N            0.49110175777935        1.64588676103764        2.06433165605373
C           -0.20580033284122        2.56080622292902        4.33972735225499
C           -0.81683087328632       -0.65013758189653        4.70453242015524
H            0.51863771114309        0.67173600204185       -0.58467764780596
H            0.61126859467051       -1.05112000376169       -0.16236711301591
H            2.00558693677234       -0.00051498634559        0.08772106729668
H            1.45771314742857        2.00276224802307        2.07448962451394
H           -0.07423895320379        2.31334571704842        1.52242798310472
H            0.72876681924263        3.10306747507571        4.48193408094071
H           -0.94882583067795        3.26556665784288        3.96635856520335
H           -0.54282476442142        2.19458794270376        5.30373602885413
H           -0.18887924691818       -0.48920001033899        5.57858632386145
H           -1.82728735329669       -0.33301298378083        4.95361651795748
H           -0.82922900576596       -1.70825536359991        4.46308232230589
19
 energy: -23.855656209681 gnorm: 0.005482835533 xtb: 6.7.1 (edcfbbe)
C            0.92132497604039       -0.04290586471939        0.13131986058592
C            0.44394320992824        0.20525833046893        1.48903278877711
N            0.00683820386295       -0.57589258558535        2.36016985869206
C           -0.29654655170701        0.10042391318056        3.54616030278839
C           -0.03277915154237        1.41778142519201        3.41779758904780
N            0.48233316255579        1.64281417328259        2.06147119899225
C           -0.19461428517620        2.55846752235351        4.34099180027658
C           -0.82373707542404       -0.65026570131879        4.70562810886841
H            0.50619855636115        0.66568129675199       -0.58319926356204
H            0.63650524986219       -1.05283940367568       -0.15635517084387
H            2.00935413641951        0.02746022569031        0.08544446183722
H            1.44015084385640        2.01817382772599        2.05891760522263
H           -0.09903747907267        2.29147788667020        1.51682573212235
H            0.74242025756093        3.09894299446598        4.47409130437981
H           -0.93931959161033        3.26357270104174        3.97123662219012
H           -0.52375597616944        2.19639586422811        5.30955240709752
H           -0.20640221882360       -0.48260051582852        5.58591135393564
H           -1.83806522944423       -0.33145498918601        4.93981112203427
H           -0.83287103747735       -1.71034110073817        4.47150231755791
19
 energy: -23.855697049597 gnorm: 0.003698944597 xtb: 6.7.1 (edcfbbe)
C            0.92401896304893       -0.04207430283484        0.13320274543650
C            0.44957322015655        0.20420261708577        1.49316412608299
N            0.01356210976253       -0.57844908490659        2.36361970525425
C           -0.29475077267771        0.09881982068402        3.54841064208336
C           -0.03160625935489        1.41587436467798        3.42069643593465
N            0.47879067950764        1.64187204896212        2.05867336650821
C           -0.18712382502550        2.55883378992411        4.34264371806989
C           -0.82898033037115       -0.65144626636384        4.70496166796115
H            0.49274500696454        0.65877372552922       -0.58034095934740
H            0.65323137152302       -1.05657108184069       -0.15169767961415
H            2.01072630441559        0.04544972282040        0.08075863767700
H            1.43105463572585        2.03165570629975        2.04920737247132
H           -0.11544609984752        2.27862113320859        1.51148806015641
H            0.75214639917743        3.09689106425051        4.47107778054610
H           -0.93222847993659        3.26523432045944        3.97476012696898
H           -0.51211447901659        2.19946866084264        5.31396564891428
H           -0.22144302988461       -0.47974864893402        5.59111847677347
H           -1.84699338755924       -0.33521866325324        4.92770016001151
H           -0.83322202660797       -1.71203892661130        4.47289996811157
19
 energy: -23.855713868502 gnorm: 0.003575761793 xtb: 6.7.1 (edcfbbe)
C            0.92294885054483       -0.04144411259572        0.13370763966664
C            0.45544235434621        0.20397121218640        1.49722708687025
N            0.01763410602787       -0.57960555201307        2.36695458631882
C           -0.29428747276422        0.09912636510082        3.55062231290106
C           -0.03302001887385        1.41627778183709        3.42236877246144
N            0.48190130397355        1.63999790108730        2.05812625419038
C           -0.18582466799678        2.56164270810113        4.34187088791119
C           -0.83077894086338       -0.65337790193705        4.70453701626267
H            0.47880251380666        0.65516310547189       -0.57632533207268
H            0.65877142829610       -1.05724052905102       -0.14910383685223
H            2.00777702444460        0.05570668712074        0.07127828619018
H            1.42956179817277        2.03150292022266        2.05188565250349
H           -0.11046434873899        2.27271408640223        1.50971095811431
H            0.75459358476718        3.09778221244459        4.46950316033050
H           -0.92980650614361        3.26867447536037        3.97246623158599
H           -0.51106747679772        2.20478611460498        5.31416269623469
H           -0.23052946173800       -0.47818837637410        5.59481605971117
H           -1.85234363335413       -0.34339260064861        4.92022789624107
H           -0.82737043710876       -1.71394649732062        4.47227367143114
19
 energy: -23.855729124516 gnorm: 0.001636512505 xtb: 6.7.1 (edcfbbe)
C            0.92269443072729       -0.04332678580527        0.13426961670099
C            0.45712974184299        0.20356025360291        1.49824552775908
N            0.01895789715996       -0.57874878775495        2.36845841377341
C           -0.29408189749907        0.10060875699573        3.55142196320197
C           -0.03353111277040        1.41787169416165        3.42237861139195
N            0.48292050563589        1.64068742448129        2.05758083945144
C           -0.18445803957050        2.56272381631477        4.34279100600302
C           -0.83191891195933       -0.65396484955631        4.70302014835325
H            0.47384519655389        0.65036887630896       -0.57583483059836
H            0.66176322363104       -1.06096794969703       -0.14622223153093
H            2.00721392028329        0.05822451949457        0.06922546904756
H            1.43030757030135        2.03727204183664        2.05097569245327
H           -0.11415982463585        2.27216705468149        1.50945067246474
H            0.75728433554863        3.09638786454540        4.47146267814726
H           -0.92653956949349        3.27207077541270        3.97403193273874
H           -0.51101118767036        2.20528075495291        5.31438133697657
H           -0.23481454709909       -0.47816622278493        5.59517454341605
H           -1.85484698664012       -0.34786889810899        4.91654178950026
H           -0.82481474434582       -1.71403033908153        4.46895682074982
19
 energy: -23.855738457952 gnorm: 0.000859307793 xtb: 6.7.1 (edcfbbe)
C            0.92089566587468       -0.04530112063059        0.13416126575321
C            0.45805501999132        0.20411288149574        1.49861846797139
N            0.01842962368217       -0.57681439581808        2.36903308842220
C           -0.29449583056938        0.10292659585682        3.55171568777342
C           -0.03494962964765        1.42050799162807        3.42156553915445
N            0.48642622431078        1.64078411928128        2.05820444433362
C           -0.18481997970682        2.56427773017288        4.34298562613819
C           -0.83195720755562       -0.65454824862037        4.70129312368422
H            0.46700713807390        0.64419055553333       -0.57664568531864
H            0.66252649531703       -1.06523921954777       -0.14172153714012
H            2.00492432059032        0.06057192671313        0.06527335484081
H            1.43427124449439        2.03876487408681        2.05464524566970
H           -0.11098289831668        2.27430963607919        1.51174157807871
H            0.75850923616804        3.09410473002486        4.47555422354552
H           -0.92265862714245        3.27740289867336        3.97376965715640
H           -0.51614495779798        2.20574772386010        5.31242668407508
H           -0.23807583616742       -0.47654601531370        5.59513405861684
H           -1.85691740899093       -0.35501233081365        4.91294388785106
H           -0.81810259260738       -1.71409033266139        4.46561128939401
19
 energy: -23.855743753481 gnorm: 0.000872479310 xtb: 6.7.1 (edcfbbe)
C            0.92020322282804       -0.04499924667314        0.13385165396569
C            0.45812377281378        0.20488893300147        1.49860167312268
N            0.01763106511002       -0.57652866300929        2.36848702789957
C           -0.29478854419915        0.10298185663363        3.55152503243299
C           -0.03504311354314        1.42056856554036        3.42158945594017
N            0.48760347022261        1.64004657489917        2.05857565343632
C           -0.18429687582602        2.56431623337057        4.34287896682014
C           -0.83221062190894       -0.65460375935803        4.70116817434591
H            0.46182884739061        0.64061653526887       -0.57784974454211
H            0.66531615144201       -1.06653937838545       -0.13888159538138
H            2.00358224336387        0.06568826818674        0.06237755950122
H            1.43519596752670        2.03783024117496        2.05622040317125
H           -0.10896933787263        2.27428621586422        1.51282550481580
H            0.75995578606902        3.09183479459735        4.47790839062411
H           -0.91945861766349        3.27943069155578        3.97252906636716
H           -0.51884215491418        2.20610714149443        5.31136452509976
H           -0.24130561124899       -0.47257794404085        5.59632215438460
H           -1.85905232284654       -0.35869597468797        4.90941863800818
H           -0.81353332674328       -1.71450108543279        4.46739745998802
19
 energy: -23.855757974384 gnorm: 0.001855458479 xtb: 6.7.1 (edcfbbe)
C            0.91758758278731       -0.04435752158710        0.13285848697491
C            0.45688601483792        0.20734584276214        1.49789032137267
N            0.01445469487748       -0.57552301551084        2.36606813613013
C           -0.29598783983487        0.10277724068194        3.55041262698447
C           -0.03410515039723        1.42007948256449        3.42212214180578
N            0.49054072734679        1.63845420432150        2.05936900598689
C           -0.18136455653499        2.56367691379823        4.34346862725836
C           -0.83334138590625       -0.65439511311695        4.70062937624300
H            0.44310105784549        0.62672865108286       -0.58226598307967
H            0.67799686789812       -1.07246608056604       -0.12967771576189
H            1.99846415787095        0.08537108539290        0.05387363699501
H            1.43827525338381        2.03517486125265        2.05970131261292
H           -0.10380237875783        2.27589800222901        1.51570692751548
H            0.76636048826112        3.08244167995363        4.48856191747187
H           -0.90650217912227        3.28616704605294        3.96802369214840
H           -0.52843953548554        2.20674775924205        5.30824385495176
H           -0.25450923461918       -0.45555287954625        5.60047197169098
H           -1.86723576812558       -0.37250858125033        4.89524931629577
H           -0.79643881632495       -1.71590957775681        4.47560234640326
19
 energy: -23.855773249696 gnorm: 0.002511317774 xtb: 6.7.1 (edcfbbe)
C            0.91410045710024       -0.04385416998596        0.13162441044518
C            0.45491746179517        0.20932961346537        1.49688527507860
N            0.00993070095729       -0.57455394171213        2.36357797228689
C           -0.29723957649504        0.10248559112170        3.54949956201961
C           -0.03183452092699        1.41913147432776        3.42314641004085
N            0.49406364526380        1.63743444159266        2.06023815675889
C           -0.17797189909968        2.56268451805011        4.34436223105389
C           -0.83431064165326       -0.65402468806363        4.70034886121571
H            0.42187942627901        0.61089736466059       -0.58661896059200
H            0.69201364601984       -1.07771890879671       -0.12067007523558
H            1.99116960111963        0.10725209123187        0.04430938473495
H            1.44314521706746        2.03086536077883        2.06341680646414
H           -0.09648117806446        2.27994167780668        1.51824918823752
H            0.77324054477713        3.07153233503192        4.50214184022129
H           -0.89110777063120        3.29295641478047        3.96117997669015
H           -0.54074091891097        2.20791999946906        5.30446750411705
H           -0.27150979642210       -0.43413841299034        5.60581057850673
H           -1.87675865261897       -0.39078537105009        4.87775278885274
H           -0.77456574555662       -1.71720538971812        4.48658808910344
19
 energy: -23.855787832836 gnorm: 0.003661373612 xtb: 6.7.1 (edcfbbe)
C            0.91013031450034       -0.04359563031472        0.13041894559855
C            0.45193005774280        0.21062882737819        1.49592922633372
N            0.00521172995910       -0.57369853416765        2.36139101282276
C           -0.29901030365493        0.10226541673096        3.54863666378445
C           -0.02924055867647        1.41812162479536        3.42439722717912
N            0.49661825636373        1.63674717171683        2.06084985779632
C           -0.17255560314120        2.56191536262802        4.34604146005693
C           -0.83621229722498       -0.65369057280604        4.69969663134809
H            0.39444997466639        0.59118084476643       -0.59104318578784
H            0.71365548388562       -1.08671820007559       -0.11096209693521
H            1.98312070572160        0.13715973133656        0.03479111977470
H            1.44693668561197        2.02672301919209        2.06569348372722
H           -0.09033530901548        2.28355227392602        1.52005840584955
H            0.78291205417873        3.05888097408582        4.51738933730264
H           -0.87200629627053        3.30157698984486        3.95475246708562
H           -0.55211414848417        2.21020305450823        5.30101987268191
H           -0.29369619138364       -0.40986000224216        5.61185196959506
H           -1.88823018135974       -0.41311302962596        4.85635916719650
H           -0.74962437341887       -1.71812932167719        4.49903843458998
19
 energy: -23.855811266073 gnorm: 0.003216145561 xtb: 6.7.1 (edcfbbe)
C            0.90491773779394       -0.04327105818635        0.12878438128603
C            0.44745074777605        0.21090632423798        1.49423655850466
N           -0.00081458249866       -0.57278927854363        2.35903317181944
C           -0.30048670813253        0.10197805479610        3.54787345788217
C           -0.02530057102145        1.41678526127082        3.42575103747156
N            0.50001443549407        1.63679100788683        2.06232834517486
C           -0.16871406156779        2.56080772561396        4.34733508894825
C           -0.83665027604438       -0.65312400627051        4.69971424689072
H            0.37130563524505        0.57356213943720       -0.59422274602504
H            0.73040962952702       -1.09113124325301       -0.10439572519056
H            1.97171012242445        0.16169741469890        0.02548889031815
H            1.45424470915217        2.01800946939818        2.06958752261711
H           -0.07957933758449        2.29142229518724        1.52194809410945
H            0.78971704598504        3.04637799954761        4.53470247252108
H           -0.85337072091996        3.30888991522370        3.94530785533541
H           -0.56766327401196        2.21292133938863        5.29601183281982
H           -0.31658266177697       -0.38326375245629        5.61759922134499
H           -1.89769783981519       -0.43843444348689        4.83470651462520
H           -0.72097003002414       -1.71798516449043        4.51451977954679
19
 energy: -23.855836611555 gnorm: 0.001995195975 xtb: 6.7.1 (edcfbbe)
C            0.90271515875420       -0.04303722930172        0.12847604183482
C            0.44653484211842        0.20915056171770        1.49459991936058
N           -0.00269045327900       -0.57323158339500        2.35991110646367
C           -0.30071686495063        0.10200218402131        3.54888069157019
C           -0.02284755558688        1.41611199202369        3.42687529153777
N            0.50070961847317        1.63713859561851        2.06294189187686
C           -0.16470776099754        2.56077226175789        4.34834862658566
C           -0.83835133393367       -0.65311457334359        4.69962148338022
H            0.35513006003329        0.56203923044371       -0.59394809899592
H            0.74478131594123       -1.09342991981829       -0.10118569179818
H            1.96469454988660        0.18011980102766        0.01975570921823
H            1.45627383102072        2.01576870613153        2.06905842432489
H           -0.07755217528089        2.29246217108529        1.52112298043186
H            0.79514480641738        3.03997822355125        4.54180558891821
H           -0.84171020587116        3.31269135516629        3.94156959496841
H           -0.57160005089534        2.21618336177829        5.29419533172133
H           -0.33505014242196       -0.36977444036987        5.62119962135559
H           -1.90349208829874       -0.45524626761269        4.82005155167426
H           -0.70532555112894       -1.71643443048194        4.52302993557162
19
 energy: -23.855852420921 gnorm: 0.001084160739 xtb: 6.7.1 (edcfbbe)
C            0.90220232646680       -0.04313191935312        0.12845537741874
C            0.44975906700667        0.20749782604720        1.49629460509926
N            0.00265305022630       -0.57432318530109        2.36284520975706
C           -0.29981719041119        0.10283920723791        3.54994535736985
C           -0.02490581899770        1.41780892246013        3.42647744240451
N            0.50040326062461        1.63693747580564        2.06379977742624
C           -0.16398052817038        2.56217973815705        4.34865846966917
C           -0.84009219378298       -0.65321073604694        4.69881801435477
H            0.35168396658446        0.56182331054640       -0.59169367542128
H            0.74553155118786       -1.09386996256320       -0.10209140748074
H            1.96329181081109        0.18210532390577        0.01765764646859
H            1.45588842913948        2.01592574517654        2.06872618105721
H           -0.07926108749036        2.28888506071302        1.52037951167828
H            0.79710573534182        3.04061155088241        4.53835604346498
H           -0.84163243373013        3.31505381123302        3.94533139396493
H           -0.56685646627316        2.21653331794826        5.29554356626595
H           -0.34342649283107       -0.36697163748102        5.62238587561924
H           -1.90608276189412       -0.46110836146050        4.81311376859833
H           -0.70052422380774       -1.71543548790745        4.52330684228499
19
 energy: -23.855863232540 gnorm: 0.000699642854 xtb: 6.7.1 (edcfbbe)
C            0.90240495174698       -0.04289161685529        0.12915137718819
C            0.45229632781900        0.20561189667256        1.49813631425878
N            0.00619212734955       -0.57518367321882        2.36581985429393
C           -0.29790940774334        0.10340645409441        3.55177453411503
C           -0.02665709370846        1.41901942504865        3.42560750219392
N            0.49920617433504        1.63755221825199        2.06387158538749
C           -0.16181000235836        2.56298494242618        4.34895031413417
C           -0.84229365625881       -0.65356759976049        4.69819842921291
H            0.34755982093510        0.56117867802387       -0.58829843158558
H            0.74768226527971       -1.09383253240069       -0.10204880346121
H            1.96253618538606        0.18513281150580        0.01518361262728
H            1.45445072681866        2.01709739685105        2.06713492161620
H           -0.08254821881343        2.28565573264840        1.51855551088046
H            0.80074188076162        3.04114360897801        4.53266705727112
H           -0.84152591307475        3.31646847994451        3.95049367133089
H           -0.55872106284763        2.21664168969712        5.29802619042694
H           -0.35660619647913       -0.36117433443629        5.62566673668407
H           -1.91083829350747       -0.47012130167769        4.80167194564445
H           -0.69222061564006       -1.71497227579327        4.52574767778103
19
 energy: -23.855870836016 gnorm: 0.000720850669 xtb: 6.7.1 (edcfbbe)
C            0.90245550251277       -0.04295215868221        0.12933304957500
C            0.45228629173406        0.20455976993259        1.49829877292851
N            0.00677250529522       -0.57525712119192        2.36674934312408
C           -0.29804399044577        0.10394137672687        3.55230574731433
C           -0.02752314567246        1.41951772031115        3.42522515575685
N            0.49818629755220        1.63795991688083        2.06381610043235
C           -0.15922548141277        2.56308627272796        4.34975508070391
C           -0.84367907755526       -0.65357901888622        4.69768246237789
H            0.34496439444145        0.55948718622845       -0.58748333423224
H            0.75065435909300       -1.09432450697795       -0.10178726400628
H            1.96175068514164        0.18818029948576        0.01423460838756
H            1.45313790657707        2.01796047176674        2.06628765161373
H           -0.08464940559944        2.28437433686647        1.51770256004238
H            0.80403745148834        3.04155735688861        4.52902202906107
H           -0.84104131549766        3.31646430258427        3.95467714448810
H           -0.55174812548001        2.21657902559443        5.30059638845110
H           -0.36849160448109       -0.35348251437636        5.62824211411263
H           -1.91492521951743       -0.47954184493749        4.79141955220715
H           -0.68297802817357       -1.71438087094195        4.53023283766191
19
 energy: -23.855890247130 gnorm: 0.002261983279 xtb: 6.7.1 (edcfbbe)
C            0.90209515833671       -0.04305703558511        0.12961060198775
C            0.45028785914094        0.20236578252959        1.49792393437611
N            0.00420910843758       -0.57495579342827        2.36736518481357
C           -0.29922041886302        0.10488966904110        3.55316177576719
C           -0.02789847534058        1.42005610604681        3.42500666569332
N            0.49592414515785        1.63908642182160        2.06368789304984
C           -0.15137101226522        2.56284455658589        4.35204051702070
C           -0.84755268367112       -0.65340327427574        4.69629946604598
H            0.33865923281710        0.55386648986071       -0.58735312965100
H            0.75889996667311       -1.09584918402709       -0.10063086302469
H            1.95923844249209        0.19706439812050        0.01327747712545
H            1.45013233456785        2.02032114288523        2.06421380277171
H           -0.08932650955963        2.28271104488417        1.51685505020740
H            0.81326259802212        3.04289348850208        4.51938867433657
H           -0.83956109242163        3.31520803768757        3.96580918565599
H           -0.53188061394660        2.21560709269105        5.30755797827982
H           -0.40406976407100       -0.32718706557173        5.63467291393073
H           -1.92689227349583       -0.51020435280080        4.76124612342786
H           -0.65299600201045       -1.71210752496755        4.54617674818577
19
 energy: -23.855904363578 gnorm: 0.003836487068 xtb: 6.7.1 (edcfbbe)
C            0.90120097948988       -0.04301579170414        0.12953112006645
C            0.44768366306140        0.20120366437321        1.49712418911266
N            0.00035997167408       -0.57434673173975        2.36686150950562
C           -0.30100958135144        0.10553083624510        3.55330504575865
C           -0.02695420118070        1.42001437060998        3.42539096554408
N            0.49524592148186        1.63972787709479        2.06386141052017
C           -0.14454045594998        2.56231637847496        4.35405761595992
C           -0.85079575283155       -0.65309417250937        4.69511660911146
H            0.33272665181967        0.54834741736644       -0.58822999495214
H            0.76578914286152       -1.09714887750598       -0.09919265695691
H            1.95644642743663        0.20515088861764        0.01230589689613
H            1.44902045664344        2.02163279219749        2.06294107440838
H           -0.09147523913076        2.28234565631034        1.51731035053272
H            0.82044739291989        3.04492491961225        4.51180935534005
H           -0.83865245134252        3.31278156431319        3.97451929694603
H           -0.51522627762612        2.21462080801758        5.31336267907230
H           -0.43646640286004       -0.30272134817056        5.63921185673056
H           -1.93625781037717       -0.53900736779367        4.73466108487698
H           -0.62560243473782       -1.70911288380949        4.56236259152697
19
 energy: -23.855926118104 gnorm: 0.004226423947 xtb: 6.7.1 (edcfbbe)
C            0.90005628348939       -0.04292882671316        0.12923081729937
C            0.44463824196028        0.20113805285411        1.49597268606999
N           -0.00498795540046       -0.57339533174195        2.36511993108007
C           -0.30312861724116        0.10578826315154        3.55281549437423
C           -0.02456885952222        1.41934744390843        3.42644120335098
N            0.49599547935777        1.63988341813961        2.06428095075116
C           -0.13935821895104        2.56160312352310        4.35558912217492
C           -0.85309600195560       -0.65270534993258        4.69420928649826
H            0.32790166429346        0.54317921105212       -0.59004651812665
H            0.77119112710649       -1.09825201078828       -0.09745330809090
H            1.95372101966082        0.21189382444882        0.01161087539078
H            1.44963813619553        2.02185888349208        2.06256279536335
H           -0.09113562280359        2.28341015720447        1.51898577641164
H            0.82483709160772        3.04765291502037        4.50673322051122
H           -0.83873715675997        3.30930866641066        3.98009014062018
H           -0.50301619157857        2.21372351959259        5.31753605772727
H           -0.46195787279766       -0.28342582132389        5.64094470977328
H           -1.94164786263490       -0.56245534679118        4.71488072606910
H           -0.60440468402604       -1.70547479150687        4.57680603275182
19
 energy: -23.855980696774 gnorm: 0.003011240161 xtb: 6.7.1 (edcfbbe)
C            0.89656269584789       -0.04258884037561        0.12807815052321
C            0.43822080755651        0.20309713288604        1.49341528991219
N           -0.01799304583763       -0.57099028817809        2.35964261751957
C           -0.30812996484701        0.10568718568577        3.55071314764350
C           -0.01708067634303        1.41702982890142        3.42999681449477
N            0.50103076890264        1.63896058171912        2.06607947132825
C           -0.13181138056855        2.56011909183018        4.35784542647307
C           -0.85662473866449       -0.65177446985403        4.69275671300813
H            0.31868185070368        0.53302675694853       -0.59528950933745
H            0.77889780780959       -1.10019733489284       -0.09325660666590
H            1.94734916306400        0.22371226734925        0.00990822673254
H            1.45522672106398        2.01948804929219        2.06399243295455
H           -0.08466108902637        2.28800135460424        1.52512978217905
H            0.82875561884160        3.05508625360773        4.50021743596562
H           -0.84119917621743        3.30038936173762        3.98615631507303
H           -0.48530949356518        2.21210843184654        5.32339167524015
H           -0.50434993232155       -0.25080807994514        5.63967438004129
H           -1.94666520498924       -0.60381136537548        4.68417563737770
H           -0.56896073140916       -1.69638591778745        4.60368259953680
19
 energy: -23.855960791911 gnorm: 0.008562075827 xtb: 6.7.1 (edcfbbe)
C            0.89066625149318       -0.04189728659007        0.12668790302252
C            0.43309985258469        0.20483034254510        1.49221643797658
N           -0.03047961089030       -0.56864233736067        2.35528747372488
C           -0.31330289264730        0.10623480789588        3.54926277084751
C           -0.00929750812481        1.41540084237696        3.43417206602722
N            0.50826297717475        1.63733602069020        2.06933004232813
C           -0.12112887479981        2.55950224622980        4.36095108894563
C           -0.86338490816316       -0.65084386165838        4.69022943073009
H            0.30218004607679        0.52022342416218       -0.59924464524881
H            0.78735477455577       -1.10256845766619       -0.08817697710753
H            1.93692027225901        0.24034944385501        0.00447961968103
H            1.46378723545339        2.01469697949479        2.06633631097338
H           -0.07554633423987        2.29165343562752        1.53248072257133
H            0.83627915803453        3.06526462131991        4.48738362622180
H           -0.84477175176559        3.29090662771671        3.99796326103692
H           -0.45664212002767        2.21052748642013        5.33294373726947
H           -0.57336947895472       -0.19919379617891        5.64126752642985
H           -1.95897111414531       -0.67016869119953        4.63169517187246
H           -0.50971597387331       -1.68346184768045        4.64104443269759
19
 energy: -23.856033024560 gnorm: 0.001482041446 xtb: 6.7.1 (edcfbbe)
C            0.89024501421758       -0.04163687545472        0.12658501563054
C            0.43607228360518        0.20681133497610        1.49353501548659
N           -0.02720267748036       -0.56894376107959        2.35562271479533
C           -0.31185241477891        0.10573901584815        3.54903895124567
C           -0.00916000203401        1.41532139572899        3.43447366277423
N            0.51097959156123        1.63598580933864        2.06995559912262
C           -0.12716960305766        2.56032563964062        4.35907486933970
C           -0.86140104448056       -0.65115775478654        4.69094098543874
H            0.30434631242004        0.52388396163322       -0.59818540025338
H            0.78078501224045       -1.10142590888107       -0.08843063950326
H            1.93750825706410        0.23481603864198        0.00325446051783
H            1.46764459630602        2.01114967643051        2.06859093585461
H           -0.07027717763146        2.29256121024519        1.53331120800740
H            0.82925827925808        3.06568137929327        4.49236968839699
H           -0.84746200106822        3.29179346935569        3.99070515905790
H           -0.46929113752751        2.21169816773997        5.32850866582743
H           -0.55154545917513       -0.21755207488675        5.63637466944904
H           -1.95043432165266       -0.65141742559766        4.65111698063392
H           -0.52910350778594       -1.68348329818601        4.62946745817814
19
 energy: -23.856064137754 gnorm: 0.001711371576 xtb: 6.7.1 (edcfbbe)
C            0.88665584407642       -0.04078817505619        0.12615819887244
C            0.43665100189090        0.20844779602532        1.49479319975150
N           -0.02911208881871       -0.56822856610806        2.35530521636108
C           -0.31276942707361        0.10617470076386        3.54909675837479
C           -0.00666464047793        1.41512907829284        3.43608693886884
N            0.51605165106915        1.63450105498773        2.07201413001903
C           -0.12410577847765        2.56106754240499        4.35957297713487
C           -0.86459466943903       -0.65140719727434        4.68948314941561
H            0.29365582406242        0.51965987125082       -0.59686451324329
H            0.78139665192036       -1.10165418072398       -0.08594351861106
H            1.93163169530503        0.24152725278551       -0.00307122948536
H            1.47457770069567        2.00531587528731        2.07150164422199
H           -0.06204608976367        2.29432834770055        1.53612700248293
H            0.83067521167630        3.07167701219447        4.48535752419246
H           -0.85096380730053        3.28808308292771        3.99520529344729
H           -0.45774941725299        2.21239360384592        5.33204274645199
H           -0.58478711713146       -0.19762525497307        5.63637833903653
H           -1.95334667332342       -0.68233772285728        4.62712605197297
H           -0.50321587163700       -1.67611412147413        4.64594009073544
19
 energy: -23.856024147835 gnorm: 0.009533343317 xtb: 6.7.1 (edcfbbe)
C            0.87690766093317       -0.03841446534473        0.12550765571891
C            0.43972966809706        0.21263338663226        1.49920813306534
N           -0.03046407754472       -0.56687000827083        2.35638489644360
C           -0.31342879513873        0.10756002299025        3.55062898624892
C           -0.00155153951787        1.41530262834976        3.44000271362208
N            0.52860614556679        1.63068196976714        2.07735398455192
C           -0.11614999480234        2.56396072554586        4.36055987158522
C           -0.87319317401974       -0.65260083407716        4.68517558882373
H            0.26255123288123        0.50889269680367       -0.59051567207187
H            0.78285301297642       -1.10201344014895       -0.07930907275793
H            1.91522556363824        0.25959857710182       -0.02254072741298
H            1.49287987863483        1.98757588458647        2.08092366299189
H           -0.03880525507776        2.29983662802535        1.54181362357715
H            0.83429364878549        3.08831725878098        4.46456479599366
H           -0.86094787970894        3.27905240444531        4.00794953012354
H           -0.42570477689278        2.21575432995117        5.34166666464617
H           -0.67771796649153       -0.14849379885509        5.63529424255538
H           -1.95801150629377       -0.76602233971604        4.56003766646417
H           -0.43513184602479       -1.65460162656727        4.69160345583113
19
 energy: -23.856105106008 gnorm: 0.003357154875 xtb: 6.7.1 (edcfbbe)
C            0.88058401657440       -0.03904917650486        0.12618179596624
C            0.44144238641576        0.21084962623337        1.49916905505500
N           -0.02466778303241       -0.56822592113630        2.35845468554918
C           -0.31125416358822        0.10726759741579        3.55120318116381
C           -0.00608759802711        1.41621943897462        3.43752449222553
N            0.52341299499162        1.63204876281774        2.07528443669519
C           -0.12082280963360        2.56388417937728        4.35941318157603
C           -0.86972390029726       -0.65287719911950        4.68664682324930
H            0.27289361987170        0.51531802900076       -0.58950981195515
H            0.77987296829507       -1.10116051236228       -0.08249452095333
H            1.92146713286642        0.25112002605530       -0.01768140269928
H            1.48627819347053        1.99223215432709        2.07854474113065
H           -0.04644645850698        2.29717237785596        1.53768376051862
H            0.83198435500006        3.08155798788197        4.47152829395400
H           -0.85763002735296        3.28462103145523        4.00290003260003
H           -0.43966156087242        2.21580435860913        5.33717173007218
H           -0.64045817032285       -0.17283715219582        5.63599269492193
H           -1.95434156413406       -0.73056047267893        4.58682349695833
H           -0.46490163171744       -1.66323513600657        4.67147333397178
19
 energy: -23.856115814474 gnorm: 0.002391424601 xtb: 6.7.1 (edcfbbe)
C            0.88016020495185       -0.03910626905597        0.12621780343701
C            0.44151974562996        0.21064048602442        1.49929145430476
N           -0.02375808435104       -0.56843837984729        2.35896499590841
C           -0.31074301437857        0.10730932947473        3.55168455060383
C           -0.00641084970312        1.41645550833511        3.43756385450005
N            0.52313289627834        1.63221178424231        2.07534794123355
C           -0.12066622924097        2.56422504526559        4.35938477363186
C           -0.86978952987804       -0.65304615864600        4.68650914101746
H            0.27186520087926        0.51499712666290       -0.58906868932586
H            0.77995799419865       -1.10124105532439       -0.08251051583018
H            1.92067529415906        0.25151372554362       -0.01821854487087
H            1.48633113018918        1.99137087352417        2.07966638267625
H           -0.04546368515370        2.29812113410909        1.53731386135566
H            0.83205813230587        3.08196498213305        4.47070509998487
H           -0.85776899750583        3.28486030531440        4.00333006266067
H           -0.43868787753251        2.21622460442988        5.33730473526252
H           -0.64363998010780       -0.17283297762263        5.63524077899175
H           -1.95313843216272       -0.73288214021738        4.58418225087321
H           -0.46369391857762       -1.66219792434566        4.67340006358507
19
 energy: -23.856138347622 gnorm: 0.001201227681 xtb: 6.7.1 (edcfbbe)
C            0.87815232536968       -0.03916432724627        0.12599259006469
C            0.44082038947211        0.20980709138054        1.49923316390498
N           -0.02230968866549       -0.56874211852392        2.36010317855038
C           -0.30939540492122        0.10744898918984        3.55315073519221
C           -0.00644512932930        1.41683718888374        3.43806688807264
N            0.52274335703692        1.63275599914517        2.07577034876257
C           -0.11856221063220        2.56494689103057        4.35979732393318
C           -0.87070618168459       -0.65346129200899        4.68585046686110
H            0.26649172920313        0.51215049510929       -0.58848595779100
H            0.78175888492509       -1.10172697802919       -0.08215794122914
H            1.91697340231696        0.25533635298932       -0.02057951507876
H            1.48713498195879        1.98832838038351        2.08331870184723
H           -0.04163286166055        2.30168595885668        1.53687225073772
H            0.83359430845860        3.08412960027640        4.46637395936621
H           -0.85825889534347        3.28425819765668        4.00644834071500
H           -0.43157895197699        2.21729955571345        5.33919658621433
H           -0.66481342512794       -0.16581152373211        5.63331588976494
H           -1.94967731072247       -0.74946932834881        4.56864199553535
H           -0.45234931867679       -1.65645913272595        4.68540099457641
19
 energy: -23.856171728046 gnorm: 0.001968407389 xtb: 6.7.1 (edcfbbe)
C            0.87244981244470       -0.03881200612832        0.12505659945748
C            0.43866523429824        0.20883721525250        1.49914657866787
N           -0.02287819452625       -0.56838908037826        2.36129094237351
C           -0.30862389023674        0.10808718844504        3.55528026785181
C           -0.00449584373507        1.41708478277781        3.43992933302794
N            0.52507732524039        1.63309062963690        2.07767576874589
C           -0.11227906122016        2.56614197471517        4.36118677197480
C           -0.87457915911917       -0.65390673750569        4.68394469784216
H            0.25123582351065        0.50387993557165       -0.58794202969205
H            0.78621033312518       -1.10276713694686       -0.08033326840131
H            1.90699326616641        0.26681063575655       -0.02750610923355
H            1.49254391159901        1.98010870852986        2.09082011549032
H           -0.03043576109255        2.30923014901095        1.53832634037516
H            0.83794844299147        3.09076285767816        4.45530516051208
H           -0.86014874252358        3.28058700540979        4.01491547640982
H           -0.41165281255808        2.21925451384633        5.34496119006544
H           -0.72578756249844       -0.13907643598829        5.62826930527432
H           -1.94415603233834       -0.80117436784883        4.52618619022339
H           -0.41414708952744       -1.63959983183448        4.71979666903498
19
 energy: -23.856174715800 gnorm: 0.004810019952 xtb: 6.7.1 (edcfbbe)
C            0.86764658221137       -0.03806577104133        0.12380339243114
C            0.43699675424997        0.20857490273895        1.49905016977228
N           -0.02631564498538       -0.56732212314719        2.36096553779199
C           -0.30984205032838        0.10871309062523        3.55553963129790
C           -0.00166311547437        1.41672340301009        3.44152070782710
N            0.52956322720269        1.63254991394550        2.07977434182473
C           -0.10753453268023        2.56639744305677        4.36242141924690
C           -0.87831796540131       -0.65383400628712        4.68252079242551
H            0.23887466633589        0.49773643006475       -0.58807876954342
H            0.78858797001186       -1.10304882585649       -0.07911451304573
H            1.89919410692041        0.27619100357353       -0.03349212319082
H            1.49952375367257        1.97294235217098        2.09504090992714
H           -0.02037359145782        2.31370310956011        1.54148231875202
H            0.84112221041442        3.09572480642011        4.44808220461555
H           -0.86165342328056        3.27670089219320        4.02103178127953
H           -0.39715264536302        2.21992789880248        5.34945251027793
H           -0.77864273912517       -0.11337268751192        5.62227614308705
H           -1.93791061675580       -0.84768896173239        4.49402109439758
H           -0.38016294616689       -1.62240287058528        4.75001245082565
19
 energy: -23.856197391127 gnorm: 0.002381732066 xtb: 6.7.1 (edcfbbe)
C            0.86884922139344       -0.03811602347446        0.12372296347577
C            0.43669004653456        0.20823121864706        1.49858816156789
N           -0.02780348421757       -0.56704314821495        2.36029492244602
C           -0.31096947183930        0.10876676956692        3.55459774499783
C           -0.00179829943802        1.41652679388164        3.44098342979195
N            0.52922727463266        1.63262725542443        2.07937470286339
C           -0.10827254622994        2.56569557727311        4.36247400940391
C           -0.87789142887165       -0.65330221634930        4.68307668914541
H            0.24257164219477        0.49942220459755       -0.58889398263478
H            0.78794684107720       -1.10272038861919       -0.08008885992405
H            1.90146466325975        0.27408002476892       -0.03135026874364
H            1.49839939094833        1.97509802274170        2.09250020853014
H           -0.02330907485669        2.31172618746125        1.54163999307138
H            0.84111869892651        3.09326289086643        4.45136415115813
H           -0.86002596888767        3.27754722583147        4.01955478429740
H           -0.40128680929595        2.21904794143812        5.34842783895698
H           -0.77038499772457       -0.11629426373012        5.62164740063499
H           -1.93744057314219       -0.84154194927082        4.50214929062124
H           -0.38514512446341       -1.62286412283979        4.74624682034007
19
 energy: -23.856214441663 gnorm: 0.001309676620 xtb: 6.7.1 (edcfbbe)
C            0.86876112222024       -0.03792535906928        0.12340105006012
C            0.43586524210233        0.20760164365360        1.49817591702088
N           -0.03123319854828       -0.56651878197604        2.35936661498110
C           -0.31323302262923        0.10920153160929        3.55348108141616
C           -0.00094824283731        1.41636462416049        3.44087884030614
N            0.53014942341136        1.63244287791926        2.07963354379330
C           -0.10685731845812        2.56502766252844        4.36313863483435
C           -0.87900726049470       -0.65220056419343        4.68323367194589
H            0.24302392498463        0.50022566684099       -0.58903309680928
H            0.78774363901750       -1.10230567731334       -0.08136213406920
H            1.90154034418688        0.27402862714648       -0.03072468070515
H            1.49894378662487        1.97569090539518        2.09003952011066
H           -0.02474840261152        2.30997999064266        1.54273342689747
H            0.84316166081229        3.09109336417014        4.45374894037066
H           -0.85718545487140        3.27809201165462        4.02005637805220
H           -0.40144271537811        2.21817396722133        5.34847348507454
H           -0.78174657544871       -0.11016779967712        5.61776813430805
H           -1.93421222963638       -0.85393082249090        4.49860321609241
H           -0.37663472244611       -1.61472386822240        4.75469745631973
19
 energy: -23.856239220603 gnorm: 0.001597056475 xtb: 6.7.1 (edcfbbe)
C            0.86707173869813       -0.03710392613985        0.12260821462460
C            0.43440711556601        0.20651437428544        1.49774402645308
N           -0.03693850686087       -0.56600276599160        2.35788724991450
C           -0.31707844292196        0.10983269377480        3.55193543798237
C            0.00099937812114        1.41597058708686        3.44117895844857
N            0.53219037441284        1.63178750517596        2.08061139253540
C           -0.10172618146748        2.56382202724494        4.36496513475311
C           -0.88247706193779       -0.65069495558218        4.68242375433554
H            0.23927244639912        0.50075955291236       -0.58810022380290
H            0.78782975530034       -1.10137837565280       -0.08371619866878
H            1.89893658704930        0.27682878262446       -0.03220578705946
H            1.50073430947291        1.97516051366901        2.08680043594660
H           -0.02602836909178        2.30736368027974        1.54478389019104
H            0.84954760537994        3.08740794990477        4.45565831927716
H           -0.85069911049793        3.27892726208201        4.02351547032792
H           -0.39616508737356        2.21663211733838        5.35014574085010
H           -0.82699385576458       -0.08820087166584        5.60882679632419
H           -1.92425765746671       -0.89499612797565        4.47664800273338
H           -0.34668503701683       -1.59248002337085        4.78459938483361
19
 energy: -23.856223745812 gnorm: 0.006196677295 xtb: 6.7.1 (edcfbbe)
C            0.86393242005031       -0.03625289046441        0.12223602671910
C            0.43236351693063        0.20590399520310        1.49789881393567
N           -0.04152192746629       -0.56548530986749        2.35743342519833
C           -0.32026507477777        0.11102343368509        3.55180122617606
C            0.00276922994378        1.41611655872634        3.44207287831850
N            0.53269728975072        1.63148144924641        2.08151759984707
C           -0.09291231970823        2.56326642195652        4.36761997139750
C           -0.88760865651954       -0.64945460681437        4.68082200073260
H            0.23314163125616        0.50096118954411       -0.58666689117950
H            0.78647287126067       -1.10060404379919       -0.08535124534494
H            1.89465534122490        0.28015208784901       -0.03434552178702
H            1.50066262737048        1.97611493471421        2.08377119578467
H           -0.02938827157350        2.30453073610262        1.54584207650326
H            0.86153532415938        3.08145235198312        4.45724674378023
H           -0.83854462760214        3.28297901534259        4.02811965741431
H           -0.38718118047669        2.21627724647788        5.35304533175091
H           -0.89972300787181       -0.05841679991321        5.59537589389057
H           -1.90875356493613       -0.96196670800232        4.43707373177897
H           -0.30039162101468       -1.55792906197004        4.83079708508370
19
 energy: -23.856262358009 gnorm: 0.002085671867 xtb: 6.7.1 (edcfbbe)
C            0.86579333427048       -0.03654881013535        0.12282466652395
C            0.43344874992157        0.20643816441344        1.49814600966842
N           -0.03840305444507       -0.56624989989252        2.35791555659155
C           -0.31857743526772        0.11040469295948        3.55221706685029
C            0.00119733079797        1.41621608747275        3.44151030045234
N            0.53035296818496        1.63171604915795        2.08052381261811
C           -0.09522233013597        2.56335836874966        4.36687511937370
C           -0.88558595086954       -0.65023977104068        4.68119933673556
H            0.23784316427949        0.50330118987032       -0.58662211893183
H            0.78526516881605       -1.10060367640162       -0.08526420813426
H            1.89774884341622        0.27634704476107       -0.03233802283556
H            1.49741285950230        1.97901724281549        2.08310713719370
H           -0.03315091776040        2.30333569383174        1.54408559552194
H            0.85983204124159        3.07995461238197        4.45927759117587
H           -0.83866643202964        3.28455805256645        4.02541818481110
H           -0.39295154133824        2.21632952786527        5.35125941813802
H           -0.87586888450531       -0.07020595406303        5.59965002098975
H           -1.91197776104828       -0.93894152434002        4.45024326154347
H           -0.31655015303021       -1.56803709097243        4.81628127171389
19
 energy: -23.856258794990 gnorm: 0.003117275338 xtb: 6.7.1 (edcfbbe)
C            0.86639262061348       -0.03638143630812        0.12275236191253
C            0.43375935119892        0.20611129966427        1.49810598707642
N           -0.03738531231148       -0.56700029492361        2.35793537983526
C           -0.31756739503975        0.10989009691785        3.55236811856269
C            0.00136115234084        1.41595695587289        3.44135132992387
N            0.52943589479761        1.63149385573556        2.08024323139027
C           -0.09474969877484        2.56263285849296        4.36721489008398
C           -0.88535894283248       -0.65008405766833        4.68127694824197
H            0.23852682948478        0.50462026395924       -0.58627462483038
H            0.78555683072491       -1.10046150188348       -0.08623863685124
H            1.89856773478283        0.27614245584760       -0.03200321423017
H            1.49586341653735        1.98064498931076        2.08125005262324
H           -0.03661019553821        2.30137336792801        1.54354638109991
H            0.86099068479007        3.07840069717239        4.46035117827779
H           -0.83756977186246        3.28489070924982        4.02551303674266
H           -0.39348093074714        2.21481435126564        5.35132963394554
H           -0.87819474090280       -0.06970951738651        5.60058547115759
H           -1.90999522831788       -0.93723277301864        4.44953545056010
H           -0.31760229894349       -1.56595232022836        4.81746702447800
19
 energy: -23.856269789076 gnorm: 0.001269980768 xtb: 6.7.1 (edcfbbe)
C            0.86572492890190       -0.03657939655930        0.12298802330257
C            0.43320796030975        0.20695030075988        1.49822779879792
N           -0.03707853472303       -0.56646234187168        2.35832146199389
C           -0.31745065883818        0.11020288810886        3.55281927174743
C            0.00086548656750        1.41625649189299        3.44151396010274
N            0.52880929727886        1.63206107828395        2.07990269882484
C           -0.09439738826653        2.56325672609463        4.36706047573759
C           -0.88515794584971       -0.65094756648935        4.68106171932225
H            0.23928107127963        0.50409192935303       -0.58726847576294
H            0.78391767392416       -1.10051147339201       -0.08495918534660
H            1.89838758455142        0.27488127009417       -0.03140665468649
H            1.49508701408905        1.98172453209016        2.08208222609294
H           -0.03606134321871        2.30260090832316        1.54351433955258
H            0.86171417962788        3.07775211236723        4.46105603104161
H           -0.83570643503113        3.28645326596499        4.02486453938682
H           -0.39411326231779        2.21652377545378        5.35097423681894
H           -0.87976246792672       -0.07028935003062        5.59804860825611
H           -1.90910858775094       -0.94053881723787        4.44810634632256
H           -0.31621857260717       -1.56727633320604        4.81940257849525
19
 energy: -23.856276282847 gnorm: 0.001372638214 xtb: 6.7.1 (edcfbbe)
C            0.86440238498768       -0.03709121496055        0.12326327560561
C            0.43203384825529        0.20870825098189        1.49819669702706
N           -0.03677049738867       -0.56542835562969        2.35856254307483
C           -0.31709222192794        0.11059513893305        3.55360670463947
C           -0.00039709687008        1.41677562375650        3.44203884559714
N            0.52718289761483        1.63283478496504        2.07939276541616
C           -0.09372390215084        2.56453526763873        4.36685703485121
C           -0.88450287528052       -0.65220288750567        4.68088451801579
H            0.24113396340198        0.50433932996966       -0.58889713911184
H            0.77960704696697       -1.10089440420388       -0.08292314963789
H            1.89837369135283        0.27115703867623       -0.03011300036776
H            1.49332552216135        1.98319289153184        2.08416945091737
H           -0.03538991701089        2.30515725124878        1.54356327015647
H            0.86405538311154        3.07526873012488        4.46322847303593
H           -0.83108459766026        3.29047953847885        4.02259038631261
H           -0.39690075151363        2.21982270026219        5.35022407855658
H           -0.88491170544288       -0.07096251116523        5.59540595364720
H           -1.90577796510193       -0.94896482090637        4.44361427028960
H           -0.31162320750459       -1.56717235219632        4.82264502197449
19
 energy: -23.856281179375 gnorm: 0.001028661170 xtb: 6.7.1 (edcfbbe)
C            0.86364050844746       -0.03719074188886        0.12334320564443
C            0.43142925524059        0.20958665834951        1.49819957491942
N           -0.03677462893551       -0.56514083648752        2.35850651632841
C           -0.31707584054879        0.11061816888135        3.55379826358837
C           -0.00124154316241        1.41697772167671        3.44224905322606
N            0.52637649502232        1.63300449209680        2.07924654751348
C           -0.09343128855288        2.56511946821799        4.36669122702366
C           -0.88388120743069       -0.65284271762512        4.68084100854235
H            0.24234135919108        0.50612867386416       -0.58910363037703
H            0.77609907784571       -1.10085393708753       -0.08270143101460
H            1.89860069396199        0.26813059532068       -0.02942000412126
H            1.49266284223694        1.98315146574377        2.08517917808599
H           -0.03524569868826        2.30638735747033        1.54355501324820
H            0.86590000402957        3.07266869471296        4.46559667398134
H           -0.82750984851986        3.29345868543109        4.02031680279949
H           -0.40028897940984        2.22138082552157        5.34933906602577
H           -0.88976767997782       -0.07051962190237        5.59505646022803
H           -1.90281557669190       -0.95513060092011        4.44054165862079
H           -0.30707794405743       -1.56478435137547        4.82507481573712
19
 energy: -23.856287660441 gnorm: 0.000386610178 xtb: 6.7.1 (edcfbbe)
C            0.86247281160829       -0.03695902357695        0.12319708524507
C            0.43103989776083        0.21041311267246        1.49831375145905
N           -0.03650299062681       -0.56511708998621        2.35852090694205
C           -0.31655314567199        0.11048989880599        3.55400291501417
C           -0.00146866527116        1.41704522746379        3.44255971245951
N            0.52609416841670        1.63285045779275        2.07927808443923
C           -0.09338691397268        2.56552018513210        4.36652191376283
C           -0.88290344298330       -0.65353740058909        4.68079459028038
H            0.24343830826564        0.50991351849920       -0.58857089965965
H            0.77064766224230       -1.10019728050717       -0.08378082926455
H            1.89873515698292        0.26392132239915       -0.02926032192666
H            1.49280390673630        1.98194183431754        2.08562418164148
H           -0.03491647895644        2.30724225713278        1.54375299814570
H            0.86783307440418        3.06873136066501        4.47054125288216
H           -0.82243549029938        3.29715668516894        4.01622408825307
H           -0.40695951692655        2.22289517221843        5.34757157626639
H           -0.89714551063212       -0.06882162733925        5.59446729603013
H           -1.89853827064373       -0.96309454978897        4.43670626026283
H           -0.30031456043277       -1.56024406048054        4.82984543776683
19
 energy: -23.856292708456 gnorm: 0.000793199538 xtb: 6.7.1 (edcfbbe)
C            0.86120584375642       -0.03659441933823        0.12293622115927
C            0.43077184894518        0.21093896529176        1.49843679505016
N           -0.03625196969326       -0.56516681965229        2.35860576464095
C           -0.31616892712184        0.11040066683014        3.55417314969383
C           -0.00140760031171        1.41703798902461        3.44275353568631
N            0.52617405180258        1.63265881025041        2.07933578690527
C           -0.09347680658171        2.56573791621747        4.36635889977417
C           -0.88198402554483       -0.65397724884561        4.68098485122641
H            0.24447755536211        0.51395684119495       -0.58803493636174
H            0.76500014728953       -1.09923898046788       -0.08531435726478
H            1.89877305458829        0.25993610226109       -0.02917986186080
H            1.49329466702447        1.98067945532100        2.08568840050565
H           -0.03433625768470        2.30776806796355        1.54404364281921
H            0.86945805673436        3.06459587134707        4.47622043361947
H           -0.81715862584150        3.30073694413724        4.01184063471926
H           -0.41429112436220        2.22422404014576        5.34551874340767
H           -0.90416891951384       -0.06652076061055        5.59319348944361
H           -1.89432482314619       -0.97120513015880        4.43328389998716
H           -0.29364614570092       -1.55581831091174        4.83546490684895
19
 energy: -23.856297494611 gnorm: 0.000828237461 xtb: 6.7.1 (edcfbbe)
C            0.86005123038990       -0.03622562184093        0.12256217206787
C            0.43050105856467        0.21106292911301        1.49842949483564
N           -0.03631292648943       -0.56523534629547        2.35859994366594
C           -0.31578486330422        0.11030599228677        3.55431208297002
C           -0.00100374286640        1.41693928682084        3.44287823276945
N            0.52646279712774        1.63246998166122        2.07943286535942
C           -0.09363593682436        2.56574419770725        4.36627874228705
C           -0.88116961555439       -0.65408422540993        4.68133640023274
H            0.24550120305590        0.51779739700118       -0.58758081772684
H            0.75991291189285       -1.09819022878394       -0.08721384184114
H            1.89877462100637        0.25647124812980       -0.02910916514227
H            1.49389119069144        1.97964092401192        2.08543795431750
H           -0.03379909208088        2.30796110582911        1.54439714262665
H            0.87068075571499        3.06061764619287        4.48197873025753
H           -0.81214567658532        3.30381813597425        4.00772563813914
H           -0.42146609686188        2.22527590968498        5.34345584342692
H           -0.91034310827907       -0.06399138928922        5.59160221472041
H           -1.89041494441658       -0.97855142423124        4.43066331092086
H           -0.28775976518107       -1.55167651856251        4.84112305611317
