19
 energy: -29.071948803115 gnorm: 0.069324855382 xtb: 6.7.1 (edcfbbe)
N            0.10591000000000       -0.19894000000000       -0.63791000000000
C            0.45874000000000        1.09704000000000       -0.39925000000000
O           -0.03872000000000        1.71843000000000        0.53435000000000
C            1.47438000000000        1.71323000000000       -1.34072000000000
N            2.12890000000000        2.87087000000000       -0.69200000000000
C            1.51074000000000        4.07667000000000       -0.69477000000000
C            2.10275000000000        5.17740000000000       -0.08674000000000
C            3.33478000000000        5.03090000000000        0.53626000000000
C            3.94813000000000        3.78533000000000        0.54744000000000
C            3.32099000000000        2.71014000000000       -0.07171000000000
H           -0.59809000000000       -0.60978000000000       -0.02917000000000
H            0.38561000000000       -0.75311000000000       -1.43864000000000
H            2.24399000000000        0.98481000000000       -1.61444000000000
H            0.97589000000000        2.06556000000000       -2.24924000000000
H            0.53752000000000        4.14553000000000       -1.17312000000000
H            1.60000000000000        6.14223000000000       -0.08838000000000
H            3.80912000000000        5.88229000000000        1.02282000000000
H            4.90700000000000        3.65200000000000        1.04393000000000
H            3.76537000000000        1.71895000000000       -0.07184000000000
19
 energy: -29.075787527031 gnorm: 0.033387807081 xtb: 6.7.1 (edcfbbe)
N            0.11333976047685       -0.16727690724303       -0.63222758051715
C            0.45557355212688        1.11313913963640       -0.38687038783679
O           -0.00968361115140        1.74463529982583        0.53471002770464
C            1.48987027607867        1.72022730901739       -1.33804302732722
N            2.13602553253242        2.86846708155884       -0.70030797876446
C            1.51098106654728        4.05739843289680       -0.68963876539471
C            2.08745963075767        5.15527278926932       -0.07945140477686
C            3.32109169789738        5.01879287682384        0.54179060204045
C            3.93520991259364        3.77360256187654        0.54837662536731
C            3.31480886064026        2.71054233315584       -0.07743097220196
H           -0.58971557157373       -0.57873725109683       -0.03344418502845
H            0.40482052190340       -0.70983383005121       -1.43012754510838
H            2.24823707344866        0.98332692805181       -1.61101580062164
H            0.98056039550217        2.06207794549091       -2.24364935978467
H            0.54668649687900        4.12092118890122       -1.17418103423841
H            1.58160864413257        6.11047178619179       -0.09508050934104
H            3.79560143515676        5.86799136508948        1.01587202487988
H            4.89069791986501        3.63313551731804        1.03378271764986
H            3.75983640618655        1.72539543328702       -0.08619344670041
19
 energy: -29.077361812945 gnorm: 0.010544088098 xtb: 6.7.1 (edcfbbe)
N            0.11401498917072       -0.13027032948817       -0.62339444928627
C            0.45963800015660        1.13278488035009       -0.36306569531291
O            0.02300154884028        1.79558924542666        0.53950098754853
C            1.51092498947224        1.72287541461196       -1.34258323403572
N            2.14739603181732        2.86046857959402       -0.71890492377021
C            1.51049868198505        4.03465411991292       -0.69254642049105
C            2.07064601488408        5.13281488525243       -0.07496356092468
C            3.30621958215040        5.00790668204692        0.54636536845118
C            3.92776865479749        3.76461776547930        0.54520032779264
C            3.31743395354246        2.70822038326899       -0.09153267819283
H           -0.59599499117181       -0.54259835631182       -0.03862334511329
H            0.42489478559640       -0.66099523871533       -1.41838114004118
H            2.25622725802859        0.97265437482674       -1.60800620213097
H            0.98689221572536        2.04589121700898       -2.24700434194012
H            0.54921976061149        4.09110774943154       -1.17795486986898
H            1.54822219792295        6.07445266483249       -0.08388367601824
H            3.77134121856132        5.85376595257043        1.02432426152386
H            4.87672904671264        3.61745512538761        1.03189089595620
H            3.76793606119646        1.72815488451423       -0.10956730414597
19
 energy: -29.077806774503 gnorm: 0.005654315367 xtb: 6.7.1 (edcfbbe)
N            0.10299318813600       -0.10773177205119       -0.61431709711467
C            0.45895141953243        1.15010524109542       -0.35691301936876
O            0.04797810518701        1.83825149832082        0.53945392273522
C            1.52570085214422        1.71878895749885       -1.35315178641686
N            2.16116695735567        2.85391091120295       -0.73978030289493
C            1.51084284589204        4.02104202218538       -0.69936395016424
C            2.05690513633275        5.11864292874888       -0.06628789194529
C            3.29196396851132        5.00041400986006        0.55735629920630
C            3.92679948326285        3.76282824706232        0.54442527670461
C            3.33032313014496        2.70712014505332       -0.10764688779539
H           -0.60745407331788       -0.52036874408857       -0.02957077357949
H            0.42575576534150       -0.63838813202645       -1.40421310518631
H            2.26190584215429        0.95589140814239       -1.60732836788956
H            0.99644555335450        2.02910090676868       -2.25858817505952
H            0.54927133280858        4.07267687600830       -1.18568146163359
H            1.52125483467082        6.05329692032797       -0.06627152635003
H            3.74805146993004        5.84646260202370        1.04360721631829
H            4.87432435793857        3.61681974304306        1.03455518645851
H            3.78982983062041        1.73068623082410       -0.13341355602430
19
 energy: -29.078057447744 gnorm: 0.005784046379 xtb: 6.7.1 (edcfbbe)
N            0.08769358740719       -0.08960997046567       -0.60413903655733
C            0.46158807212428        1.16441848063795       -0.35311456500148
O            0.06445497656791        1.87566523545563        0.53188453884851
C            1.53814224533113        1.71215516621343       -1.36341462497920
N            2.17446583979108        2.84865744833786       -0.75836312258943
C            1.51071362328288        4.01035710476364       -0.70520226286130
C            2.04516633829547        5.10696929352785       -0.05803045201936
C            3.27896879041362        4.99378551867033        0.56777788114317
C            3.92899070044493        3.76395384328621        0.54076069913464
C            3.34653017192629        2.70784532930007       -0.12534116421097
H           -0.62524425346854       -0.50008977464566       -0.01898074819648
H            0.42125821436246       -0.62462500956110       -1.38718643962570
H            2.26892539522238        0.93919119927068       -1.60213437011253
H            1.00926425523913        2.01049031963463       -2.27254759515891
H            0.54938235315202        4.05841764301434       -1.19421786507814
H            1.49683856511945        6.03563540087208       -0.04562355901073
H            3.72261205347593        5.83874323663423        1.07050361507281
H            4.87609713510107        3.62175260649420        1.03539895317032
H            3.81716193621146        1.73583692855928       -0.16115988196795
19
 energy: -29.078203821727 gnorm: 0.005394917471 xtb: 6.7.1 (edcfbbe)
N            0.07604643634183       -0.07754552330838       -0.59687985999357
C            0.45985371587698        1.17618013294466       -0.35634447418612
O            0.06859928541723        1.89928035628767        0.52122685265938
C            1.54545747539702        1.70659691640866       -1.36925756642181
N            2.18286268371618        2.84568392174968       -0.76853096705172
C            1.51078497241688        4.00363521449981       -0.70856398064608
C            2.03721001746050        5.09874043094823       -0.05131826622142
C            3.26930340789554        4.98817922868466        0.57704561564911
C            3.93154411172248        3.76534298272781        0.53686578268968
C            3.35856676674502        2.70945569969466       -0.13821416458837
H           -0.63572872105545       -0.48608813251166       -0.00836967436294
H            0.41681033839894       -0.61960730203233       -1.37257839039503
H            2.27432638337018        0.92761220514243       -1.59383084906471
H            1.02308580260195        1.99806840052407       -2.28360462161641
H            0.55008206807238        4.04930607424310       -1.19978625900096
H            1.48180611029376        6.02364455422205       -0.03094936385982
H            3.70401643446919        5.83157513564730        1.09210673664208
H            4.88035774394403        3.62782984307958        1.03122314602705
H            3.83802496691552        1.74165986104796       -0.18336969625835
19
 energy: -29.078351738141 gnorm: 0.004110191601 xtb: 6.7.1 (edcfbbe)
N            0.06636898789493       -0.06640518241782       -0.59009181525555
C            0.45838190419963        1.18773328770618       -0.36172043845103
O            0.06475260835646        1.92099191795136        0.50570441377048
C            1.55187413492904        1.70071397732130       -1.37262489853022
N            2.18965573056282        2.84338502841420       -0.77528411680430
C            1.51023714635381        3.99709856049473       -0.70953195525337
C            2.02930683759099        5.09047328651817       -0.04369239335166
C            3.26043551161569        4.98237534695661        0.58604121480094
C            3.93471060186790        3.76695245884790        0.53158138360605
C            3.36976005513639        2.71204201823695       -0.15092870074936
H           -0.64610966603319       -0.47019982295641        0.00076246318317
H            0.41320610737460       -0.61824323371466       -1.35664346133217
H            2.28037161511383        0.91721583192684       -1.58140796421172
H            1.04012555364302        1.98580944794692       -2.29465818833397
H            0.55051545891933        4.04044639826200       -1.20276699416974
H            1.46864043131641        6.01194087291672       -0.01695083492150
H            3.68675683850580        5.82325421229520        1.11267575017264
H            4.88649534300685        3.63491479164012        1.02240896386643
H            3.85752479964585        1.74905080165366       -0.20600242803515
19
 energy: -29.078519659186 gnorm: 0.003269043349 xtb: 6.7.1 (edcfbbe)
N            0.05708767343577       -0.05290775353191       -0.58245666845021
C            0.45474649616461        1.20275449332883       -0.37128748913088
O            0.05439443062458        1.94881311557855        0.48244641124076
C            1.56023373777328        1.69344111311372       -1.37485260202684
N            2.19759995519728        2.84038100260914       -0.78163292034391
C            1.50917340048030        3.98794124239110       -0.70839831086534
C            2.01925849063535        5.07971431063405       -0.03344288036240
C            3.25076880858411        4.97575821713465        0.59583452961752
C            3.93913866197600        3.76918100199217        0.52437543640414
C            3.38273154551003        2.71562180936389       -0.16587671583636
H           -0.65860474420669       -0.44726589147224        0.01027209695394
H            0.41019056775864       -0.61926077900721       -1.33583765776885
H            2.28793474174947        0.90421624333908       -1.56402906039604
H            1.06397364160000        1.97103058436638       -2.30780789752844
H            0.54990607913958        4.02765503906316       -1.20209805772088
H            1.45158937797563        5.99634727408335        0.00150961064261
H            3.66766039673294        5.81340606379497        1.13437540691915
H            4.89499286489027        3.64390225962554        1.00879987947630
H            3.88023387397905        1.75882065359274       -0.23302311082432
19
 energy: -29.078691655739 gnorm: 0.003649908668 xtb: 6.7.1 (edcfbbe)
N            0.04863995609293       -0.03828243478387       -0.57444343776372
C            0.45019343922224        1.21913498817364       -0.38284415407352
O            0.03754322178501        1.98178898123034        0.45135681281293
C            1.57105539383223        1.68525412160051       -1.37577655782427
N            2.20699705878022        2.83627336622435       -0.78753084973288
C            1.50711422909715        3.97580295971906       -0.70403395881292
C            2.00727431468121        5.06662994409004       -0.02044525139884
C            3.24132230978769        4.96943191773685        0.60500144260287
C            3.94532923569027        3.77279712325824        0.51535916194961
C            3.39770480208140        2.72009108001257       -0.18204534411450
H           -0.67654848839930       -0.41706959523651        0.01677916985944
H            0.40839912467394       -0.62245651621149       -1.31124838688817
H            2.29682943726685        0.88923747073362       -1.54322114285053
H            1.09258192607401        1.95366995249653       -2.32139856420942
H            0.54737071079111        4.01055964290752       -1.19642589914861
H            1.43044830480520        5.97684408250398        0.02434058096922
H            3.64876658147175        5.80429123480645        1.15370943812642
H            4.90579770241963        3.65513320692841        0.99179857950336
H            3.90619073984670        1.77041847380970       -0.26206163900652
19
 energy: -29.078847210163 gnorm: 0.004007736213 xtb: 6.7.1 (edcfbbe)
N            0.04073344860080       -0.02445372462263       -0.56735488494697
C            0.44332416514607        1.23503025870682       -0.39627378091297
O            0.01711448393092        2.01540664773390        0.41574841789437
C            1.58352916165349        1.67695029695218       -1.37545630666421
N            2.21704452152726        2.83099342502549       -0.79178085010329
C            1.50448435389523        3.96166472181096       -0.69694228375186
C            1.99496364472965        5.05244848307038       -0.00625542968599
C            3.23338544127088        4.96452134420732        0.61209417387366
C            3.95298471416475        3.77820997094529        0.50558408880492
C            3.41357588426617        2.72503004492402       -0.19678239012608
H           -0.69854850515512       -0.38347176263558        0.01935218441734
H            0.40667163718604       -0.62736624036924       -1.28583648944150
H            2.30588065067421        0.87343368313359       -1.52133267476178
H            1.12294179112580        1.93597737463112       -2.33317084965767
H            0.54341451510892        3.99060063497952       -1.18663226904069
H            1.40699077013189        5.95483796030583        0.04990573213246
H            3.63229299787930        5.79793873627489        1.16809607405106
H            4.91850591300363        3.66889262956280        0.97308688213209
H            3.93372041086036        1.78290551536326       -0.28917934421290
19
 energy: -29.078959057985 gnorm: 0.003422502319 xtb: 6.7.1 (edcfbbe)
N            0.03205352122602       -0.01279664186149       -0.56241567122253
C            0.43662681427977        1.24745237579082       -0.40844690509596
O           -0.00212367215459        2.04445551782815        0.38112216658363
C            1.59661700852655        1.66876130686803       -1.37362485506213
N            2.22689202190005        2.82505510639767       -0.79383401834735
C            1.50191021186337        3.94716122760967       -0.68849138511265
C            1.98329701886812        5.03857024615603        0.00812824414446
C            3.22692752376602        4.96164177171424        0.61740757111696
C            3.96148530747539        3.78559023447393        0.49563948077555
C            3.42934253349408        2.73031945102546       -0.20894446897002
H           -0.72436537113261       -0.35023237666164        0.01630089871895
H            0.40260218222492       -0.63246458895551       -1.26336536480352
H            2.31468948323173        0.85822392359404       -1.49984362885823
H            1.15178187001661        1.91877845525729       -2.34140687014368
H            0.53954983879580        3.97027813083840       -1.17567269944519
H            1.38377352559267        5.93249008640736        0.07525900771532
H            3.61902537704422        5.79551019757349        1.17694738142183
H            4.93236929842830        3.68525734790764        0.95370940714704
H            3.96055550655387        1.79549822803634       -0.31159829056249
19
 energy: -29.079007807444 gnorm: 0.001824771023 xtb: 6.7.1 (edcfbbe)
N            0.02268859087828       -0.00495280524363       -0.56122312575861
C            0.43155220427598        1.25421153452199       -0.41643433976300
O           -0.01316318456195        2.06197233252037        0.35804858976097
C            1.60701104048336        1.66210748300274       -1.37076845969543
N            2.23417703590586        2.82007383412936       -0.79352693287431
C            1.50056045766841        3.93620148718636       -0.68196854530947
C            1.97513626263376        5.02837752609676        0.01871345937034
C            3.22289896205177        4.96106807010495        0.62009101360633
C            3.96842454012596        3.79300316563095        0.48773997372979
C            3.44113781856914        2.73471233998773       -0.21603279461892
H           -0.74651834557158       -0.32613055116010        0.00974741083064
H            0.39591324670320       -0.63596179093237       -1.24959059241248
H            2.32162655759869        0.84667056778037       -1.48274735384274
H            1.17292390127328        1.90542741572035       -2.34496532924844
H            0.53781801074104        3.95527149091610       -1.16831184640157
H            1.36604280860601        5.91506979801040        0.09476168483080
H            3.61021965532158        5.79645017419911        1.18108926227756
H            4.94389384001794        3.70057219929638        0.93769472948966
H            3.98066659727954        1.80540572823211       -0.32544680397115
19
 energy: -29.079024145270 gnorm: 0.001033054981 xtb: 6.7.1 (edcfbbe)
N            0.01247583304950       -0.00053669384983       -0.56367740520651
C            0.42963474215041        1.25548334999970       -0.41904882860413
O           -0.01656055165933        2.06944722823949        0.34719082149715
C            1.61453358275735        1.65649012219039       -1.36697179827319
N            2.23881736269660        2.81653453595994       -0.79163032242691
C            1.50014475616497        3.92939188249230       -0.67748951991114
C            1.96994536648360        5.02203983459284        0.02617885106705
C            3.22042537418729        4.96213735175855        0.62151669737509
C            3.97361948455027        3.79998875818929        0.48150797577859
C            3.44904712891503        2.73827292853601       -0.21942128280540
H           -0.76569397933783       -0.31138606461412       -0.00045962388685
H            0.38806617749664       -0.63823633853015       -1.24400959192809
H            2.32771491556333        0.83905849049874       -1.46937946846124
H            1.18650502619293        1.89463309549935       -2.34470559644972
H            0.53792474788846        3.94652667530142       -1.16465959412832
H            1.35458630482398        5.90337358453167        0.10767307331748
H            3.60541554314050        5.79965038308443        1.18147064422161
H            4.95288957416999        3.71423944788312        0.92450024435964
H            3.99351861076656        1.81244142823678       -0.33171527553509
19
 energy: -29.079030711158 gnorm: 0.001257538508 xtb: 6.7.1 (edcfbbe)
N            0.00879995125641       -0.00049464049995       -0.56718430213147
C            0.42947945551513        1.25388716577310       -0.41742098823508
O           -0.01386123928723        2.06627917381814        0.35182348257889
C            1.61505824204668        1.65520095100343       -1.36481356394323
N            2.23870316580208        2.81622150891738       -0.78984164581747
C            1.50036419189297        3.92950527889203       -0.67706687355223
C            1.97031900725017        5.02247795690317        0.02564244722890
C            3.22119816947637        4.96352006641243        0.61994592271336
C            3.97440239632855        3.80178187033931        0.48031337493933
C            3.44923635310498        2.73877497527310       -0.21818792836070
H           -0.76956704055901       -0.31262714686945       -0.00584191824659
H            0.38579234138198       -0.63769256705810       -1.24746583793572
H            2.32944326217816        0.83851507388603       -1.46588258891439
H            1.18731030783337        1.89249510836207       -2.34282462999608
H            0.53823602012266        3.94680322479776       -1.16445273035346
H            1.35408645549155        5.90322358627029        0.10795554759129
H            3.60595652007527        5.80148318709585        1.17991641663247
H            4.95427725653492        3.71737431738312        0.92200499853982
H            3.99377518355525        1.81282090930022       -0.32974918273763
19
 energy: -29.079038893730 gnorm: 0.000941383869 xtb: 6.7.1 (edcfbbe)
N            0.00205085228565        0.00032904252239       -0.57428568330309
C            0.43028232553359        1.25121029487401       -0.41347737638590
O           -0.00861325046063        2.06082159215717        0.36176073133976
C            1.61628326185716        1.65252286427919       -1.36041802901970
N            2.23906776076683        2.81563136876765       -0.78721276587751
C            1.50028618254345        3.92918389553840       -0.67578690714129
C            1.96986064847859        5.02314837297265        0.02561005478220
C            3.22148095008465        4.96591751876422        0.61862935224760
C            3.97605800068338        3.80509418615145        0.47817163665260
C            3.45051239741107        2.73993192016079       -0.21732606475913
H           -0.77804726970753       -0.31446571676937       -0.01665721546564
H            0.38137633045687       -0.63520144033257       -1.25499269670331
H            2.33275096611974        0.83715063872507       -1.45860114742072
H            1.18950325764876        1.88734368506185       -2.33946935784804
H            0.53778484813181        3.94571858436092       -1.16265721615666
H            1.35373708932475        5.90365386078452        0.10632980297053
H            3.60691579085071        5.80508456129987        1.17603761013056
H            4.95706149548990        3.72297164366708        0.91770204865995
H            3.99465836250151        1.81350312701464       -0.32648677670222
19
 energy: -29.079045037795 gnorm: 0.000982145447 xtb: 6.7.1 (edcfbbe)
N           -0.00400676667376        0.00234294763961       -0.58118856648804
C            0.43011052949697        1.24997184993543       -0.41126380997831
O           -0.00399558392785        2.05594126104885        0.37014751963311
C            1.61782800224709        1.65040291794546       -1.35611862180988
N            2.23990323397108        2.81456607457458       -0.78445658488374
C            1.50013406897287        3.92746124204249       -0.67406244660624
C            1.96971277902879        5.02329001875867        0.02404889229829
C            3.22251966262159        4.96839838779915        0.61533578982094
C            3.97761547387108        3.80812704298309        0.47678325862790
C            3.45208577943488        2.74113079473938       -0.21603287664797
H           -0.78424378455758       -0.31462122567735       -0.02482934925294
H            0.37538694391540       -0.63130697672463       -1.26302026612202
H            2.33464542626922        0.83484371834187       -1.45124823638148
H            1.19326282223555        1.88288335737601       -2.33667247770182
H            0.53661880506469        3.94173892732627       -1.15914411132073
H            1.35177835823431        5.90309232533460        0.10546152513006
H            3.60693004749796        5.80839161555651        1.17253102308427
H            4.95926329338611        3.72789654737192        0.91524475817696
H            3.99746090891185        1.81499917362802       -0.32464541957836
19
 energy: -29.079050019984 gnorm: 0.000600603317 xtb: 6.7.1 (edcfbbe)
N           -0.00933926263753        0.00450156846417       -0.58691947658517
C            0.43035301791817        1.24918745316554       -0.41022061879143
O           -0.00120615018850        2.05306786727654        0.37496818971479
C            1.61980365906418        1.64859271406327       -1.35280594802145
N            2.24089131358665        2.81347957593933       -0.78212254851740
C            1.49956438331457        3.92522021259626       -0.67144959122165
C            1.96880913826836        5.02286470686384        0.02396975759307
C            3.22262238332984        4.97032418171751        0.61343220591957
C            3.97895221887744        3.81065570589686        0.47567453946394
C            3.45388892261882        2.74239209184059       -0.21539194001212
H           -0.78920102180906       -0.31287523711626       -0.03029398138944
H            0.36964775598009       -0.62868222552050       -1.26981595481062
H            2.33616946812010        0.83220987832494       -1.44467506931966
H            1.19790320370697        1.87894357014141       -2.33502346020178
H            0.53499152212485        3.93682352431808       -1.15441747832550
H            1.35040494997692        5.90230150920227        0.10442708044710
H            3.60687767267578        5.81164939346707        1.16841914058565
H            4.96115594840123        3.73179811910610        0.91321741747536
H            4.00072087667136        1.81709539025292       -0.32410226400324
