24
 energy: -36.037552571479 gnorm: 0.067185241861 xtb: 6.7.1 (edcfbbe)
C            0.63073000000000       -0.03393000000000       -0.13559000000000
C            0.93347000000000        1.41311000000000       -0.48228000000000
O            1.36596000000000        1.53269000000000       -1.84922000000000
C            2.65176000000000        1.20285000000000       -2.09003000000000
O            3.48169000000000        0.79727000000000       -1.29476000000000
C            2.95447000000000        1.31789000000000       -3.52766000000000
C            2.21705000000000        2.10120000000000       -4.41272000000000
C            2.59130000000000        2.14379000000000       -5.75276000000000
C            3.68754000000000        1.40208000000000       -6.18556000000000
N            4.39417000000000        0.64946000000000       -5.31095000000000
C            4.05112000000000        0.60114000000000       -4.00102000000000
C            5.54002000000000       -0.15179000000000       -5.77736000000000
H           -0.07487000000000       -0.46462000000000       -0.85328000000000
H            0.20646000000000       -0.11009000000000        0.86957000000000
H            1.53650000000000       -0.64724000000000       -0.17327000000000
H            0.02070000000000        2.01022000000000       -0.38657000000000
H            1.67812000000000        1.84393000000000        0.19669000000000
H            1.36110000000000        2.68219000000000       -4.07080000000000
H            2.02842000000000        2.75258000000000       -6.45854000000000
H            4.00305000000000        1.40484000000000       -7.22554000000000
H            4.65985000000000       -0.02442000000000       -3.35192000000000
H            6.37743000000000        0.01728000000000       -5.09538000000000
H            5.23144000000000       -1.20047000000000       -5.76836000000000
H            5.82073000000000        0.15436000000000       -6.78771000000000
24
 energy: -36.041866844648 gnorm: 0.026785199361 xtb: 6.7.1 (edcfbbe)
C            0.63078776008419       -0.04115441586147       -0.13398643966064
C            0.93156975834269        1.40829038127221       -0.47379685517826
O            1.38087119312405        1.53649349386244       -1.83205041557658
C            2.63977456702676        1.18344980161760       -2.08419857630727
O            3.45938587616188        0.80239384785222       -1.28986974332879
C            2.95702497844830        1.31537254565432       -3.53791608971778
C            2.21913832394075        2.10031169525341       -4.42011029068371
C            2.59741076202069        2.14184235951418       -5.75520214243732
C            3.68804743723337        1.40411827049355       -6.17929517110777
N            4.39034693314545        0.65740865419247       -5.31415452646193
C            4.04870497184744        0.60808946635336       -4.01833734393243
C            5.52545689109020       -0.13958946894890       -5.77176916428887
H           -0.08321351991538       -0.45593419318568       -0.84543001373188
H            0.20673615521469       -0.10232455392836        0.86461508738503
H            1.53896511752616       -0.64341334999919       -0.16123567951082
H            0.02757032342866        2.02082337599401       -0.40867872637887
H            1.69425371615593        1.81849196585131        0.19584704511057
H            1.36640862917605        2.66768276939787       -4.07135284573013
H            2.04410426073773        2.74316981717899       -6.46291709285504
H            4.00452579079835        1.40543147201392       -7.21320059367744
H            4.65193381897274       -0.00713305043488       -3.36195622726484
H            6.37059789996376        0.00876276770966       -5.10086931708635
H            5.24624876315699       -1.19363601235547       -5.77056990459783
H            5.81155959231854        0.15537236050244       -6.77858497298105
24
 energy: -36.042590451668 gnorm: 0.009654956961 xtb: 6.7.1 (edcfbbe)
C            0.62603376778940       -0.04449608590959       -0.13036856145903
C            0.93490789893636        1.40455012811124       -0.46802206304239
O            1.39566731027436        1.54249368222214       -1.82337258259773
C            2.63960034023393        1.18802905931348       -2.07706406577915
O            3.45070217630505        0.79170884303315       -1.28896826845330
C            2.95490318264205        1.31090529853047       -3.54743281962767
C            2.21540555340845        2.09704666775415       -4.42764377024343
C            2.60079555288191        2.14111995818054       -5.76001363520108
C            3.69045791498496        1.40421527542070       -6.17830306989396
N            4.38990265102308        0.65860269182651       -5.31774330583036
C            4.04496660028564        0.60793900753248       -4.02991199995624
C            5.51773563085118       -0.12987871357449       -5.76972308681113
H           -0.09044573870445       -0.45337497595991       -0.83857078731506
H            0.20158780506641       -0.09597113423680        0.86625217985236
H            1.53447704840700       -0.64095200516543       -0.15132612900040
H            0.03697308830995        2.02385385374347       -0.42181004363886
H            1.70266507772576        1.80160888404245        0.20284155428938
H            1.36560658322757        2.65749607349979       -4.07142509310007
H            2.05567111640147        2.74005796451931       -6.47106852900916
H            4.00907432296272        1.40651767503912       -7.20969167929070
H            4.64380917086569        0.00330668205290       -3.36188000711350
H            6.36586998360438        0.00785900566765       -5.10101185479751
H            5.25382777465278       -1.18838503060955       -5.77275354250725
H            5.80801518786437        0.16006719496621       -6.77600883947372
24
 energy: -36.042693664881 gnorm: 0.004302726526 xtb: 6.7.1 (edcfbbe)
C            0.62144633536528       -0.04162386261144       -0.12724793466093
C            0.93694780762046        1.40669783852806       -0.46444249225618
O            1.39893100934184        1.54104764944376       -1.82186057786782
C            2.63634493636664        1.17528287491243       -2.07742682689968
O            3.45172258278529        0.77772441424828       -1.29213494923124
C            2.95429620539038        1.30820470265056       -3.55090139018486
C            2.21249744251231        2.09444671904092       -4.42964683511910
C            2.60015811130380        2.14082143293104       -5.76179942194178
C            3.69200659979608        1.40569259868987       -6.17954099736929
N            4.39276626786371        0.65912133689415       -5.32002476226649
C            4.04695943692562        0.60901142167319       -4.03241006556339
C            5.51925632695047       -0.12594430688736       -5.77163816252209
H           -0.09684531591129       -0.44913497344438       -0.83411923113459
H            0.19702087379553       -0.08908175266051        0.87003092556986
H            1.52712038265298       -0.64192100169574       -0.14718405713874
H            0.04301565206212        2.03024526496273       -0.42042781273411
H            1.70672942505839        1.79771832771617        0.20732772530382
H            1.36038393425621        2.65000136700672       -4.07096263923123
H            2.05748499763135        2.74067906757027       -6.47435227425653
H            4.01186859870032        1.41122829999115       -7.21097135701231
H            4.64189412826850        0.00531819764007       -3.35951211874670
H            6.36761631516026        0.01079097157782       -5.10208214958622
H            5.25778850138681       -1.18580450654443       -5.77543461975853
H            5.81079944471697        0.16379791836665       -6.77825797539184
24
 energy: -36.042763720867 gnorm: 0.002566472755 xtb: 6.7.1 (edcfbbe)
C            0.61455233270523       -0.03702980793588       -0.12267385169102
C            0.94073729938447        1.40939918033942       -0.45919652448691
O            1.40355731632551        1.54171320064443       -1.81914395489274
C            2.63470305177658        1.16524011065344       -2.07828076326978
O            3.45309835208154        0.75235677145001       -1.30183341456353
C            2.95134021291743        1.30293138079004       -3.55520372543530
C            2.20731227942832        2.08904385837817       -4.43224938537277
C            2.59890860949330        2.14005779435958       -5.76342806982980
C            3.69423194032027        1.40849439965928       -6.18070861833708
N            4.39650752715087        0.65980226625453       -5.32244239391652
C            4.04753933300252        0.60776905518765       -4.03488851370967
C            5.52366515523763       -0.12105692723587       -5.77437444369567
H           -0.10695204058088       -0.44060807325289       -0.82879251688271
H            0.18999049154021       -0.08070182406282        0.87542704582373
H            1.51552450002683       -0.64475579712358       -0.14267345087765
H            0.05214835319887        2.03919229688949       -0.41489636823335
H            1.71322039662580        1.79342991940394        0.21295378214227
H            1.35231394531139        2.63976339765546       -4.07183275588450
H            2.05796258723473        2.74035325913526       -6.47781592341725
H            4.01527589967649        1.41818068172337       -7.21233301377132
H            4.64009557475199        0.00716584898164       -3.35636422646546
H            6.37161945289219        0.01541702343912       -5.10327010826053
H            5.26419731031161       -1.18208463912549       -5.78025354038785
H            5.81666011918713        0.17024662379169       -6.78074526458455
24
 energy: -36.042806039128 gnorm: 0.003604565483 xtb: 6.7.1 (edcfbbe)
C            0.60767158653012       -0.03173053072946       -0.11884406395750
C            0.94568958377380        1.41207148191816       -0.45424580243661
O            1.40724292798886        1.54258348066136       -1.81623459103605
C            2.63272774870636        1.15405486551981       -2.08032061099152
O            3.45193794886086        0.72657220417394       -1.31209267017727
C            2.94833716483521        1.29705022890400       -3.55819320842594
C            2.20257414727993        2.08249967687090       -4.43405732980428
C            2.59732670571576        2.13827107393366       -5.76412547798107
C            3.69580438721053        1.41105995305315       -6.18120451585477
N            4.39944340973504        0.66141819742167       -5.32397974063881
C            4.04801480563905        0.60632679038752       -4.03674166311403
C            5.52886295998858       -0.11612342101517       -5.77656995429746
H           -0.11789251324025       -0.42914957026306       -0.82469517734720
H            0.18357656550417       -0.07308601390091        0.87981355688675
H            1.50330661540838       -0.64774446517778       -0.14047709333719
H            0.06251592839803        2.04925732340004       -0.40735355139329
H            1.72233949745189        1.78949168116086        0.21667824377277
H            1.34477953690469        2.62928058573848       -4.07371306861777
H            2.05687130674988        2.73874517619895       -6.47915725680692
H            4.01833052025108        1.42489586965765       -7.21252716767855
H            4.63968784891524        0.00728463484623       -3.35590979042038
H            6.37591563664369        0.02105777315691       -5.10422637886895
H            5.27093174244997       -1.17765268174622       -5.78466199129460
H            5.82221393829914        0.17788568582927       -6.78218069617928
24
 energy: -36.042856218963 gnorm: 0.003556357592 xtb: 6.7.1 (edcfbbe)
C            0.59969720875797       -0.02500764880568       -0.11562804376246
C            0.95296711402252        1.41529606196939       -0.44850382070454
O            1.41148500992504        1.54487917646150       -1.81229390673486
C            2.63020972724293        1.14072726516182       -2.08311105370638
O            3.44740148404838        0.69505155146934       -1.32317612832287
C            2.94463189161540        1.28949657171274       -3.56074635331776
C            2.19714325440261        2.07370268300355       -4.43582767233632
C            2.59507191392859        2.13519898390525       -5.76463186904281
C            3.69727379467202        1.41381201244688       -6.18150168903070
N            4.40207341811631        0.66400280869476       -5.32518535695572
C            4.04819175292781        0.60428382931063       -4.03875791304301
C            5.53516587962688       -0.10974860518563       -5.77838639660327
H           -0.13160531413784       -0.41262693327857       -0.82140180203253
H            0.17679638994238       -0.06455992569464        0.88356705166827
H            1.48824698017809       -0.65158382232158       -0.14057138225876
H            0.07690198836631        2.06251108430332       -0.39664041769584
H            1.73599533996161        1.78357785786113        0.22020175039896
H            1.33597379194041        2.61608008421352       -4.07676783915354
H            2.05406097020659        2.73542845274747       -6.47952427988854
H            4.02187396035547        1.43227661252627       -7.21207228699882
H            4.64022964616457        0.00624396293671       -3.35750743017008
H            6.38067268446876        0.02880652952528       -5.10459546200921
H            5.27929386671066       -1.17154873029037       -5.78917776144165
H            5.82845724655659        0.18802013732685       -6.78277993685749
24
 energy: -36.042926536112 gnorm: 0.003217716177 xtb: 6.7.1 (edcfbbe)
C            0.58839329551822       -0.01503474252276       -0.11253388868223
C            0.96463423106455        1.42012169525840       -0.44073476750879
O            1.41765644729007        1.54933422577699       -1.80642698049770
C            2.62630923385582        1.12141430521648       -2.08710252794620
O            3.43724846782877        0.65010381157139       -1.33610907870583
C            2.93970874954942        1.27815894531401       -3.56350466491731
C            2.18979695757825        2.06034125945572       -4.43791094711538
C            2.59131082633725        2.12981970321457       -5.76523826131430
C            3.69893956026607        1.41725432997305       -6.18200157786944
N            4.40505063368623        0.66792115435912       -5.32672607956137
C            4.04827844850329        0.60084924577016       -4.04182165253975
C            5.54388891014308       -0.09969234218183       -5.78035074691301
H           -0.15191740684009       -0.38678317528557       -0.81787813062227
H            0.16807546407282       -0.05221070743878        0.88762982413842
H            1.46613472745823       -0.65693652775408       -0.14333628438948
H            0.09973408896012        2.08260005327843       -0.38037058826530
H            1.75794514514806        1.77312995907429        0.22462443265297
H            1.32389509355624        2.59641557627108       -4.08092799244585
H            2.04850028830934        2.72954787162188       -6.47898724443819
H            4.02681470444028        1.44222240680059       -7.21123178957903
H            4.64174940988482        0.00309983499581       -3.36182165445479
H            6.38679610350845        0.04105332722560       -5.10425201228206
H            5.29203379816498       -1.16202999930206       -5.79520178719925
H            5.83723282171581        0.20361978930748       -6.78280559954375
24
 energy: -36.043011691103 gnorm: 0.003397507840 xtb: 6.7.1 (edcfbbe)
C            0.57261623683793       -0.00101402207571       -0.10940522821026
C            0.98130710037612        1.42685526130054       -0.43101687223985
O            1.42666062932430        1.55574343551161       -1.79870854364231
C            2.62099861923724        1.09508822088287       -2.09220534098755
O            3.42041555483279        0.59053529556268       -1.35014903228637
C            2.93404481209102        1.26209394765432       -3.56662323984490
C            2.18050205509092        2.04169374454675       -4.43999827705925
C            2.58557535839854        2.12164490982254       -5.76577782223144
C            3.70064036910508        1.42132522016861       -6.18289079994929
N            4.40875790275159        0.67282501183243       -5.32914508924855
C            4.04866893580129        0.59528192217200       -4.04637460038815
C            5.55539421523906       -0.08481466590989       -5.78305203865708
H           -0.18039215804670       -0.35015164656459       -0.81333887814512
H            0.15667199560358       -0.03430782479678        0.89251883139243
H            1.43485338116374       -0.66370690897555       -0.14886149135179
H            0.13282643419126        2.11036891520535       -0.35866899987262
H            1.78876357951688        1.75660892087459        0.23025353878735
H            1.30864444072963        2.56907920048180       -4.08475836775669
H            2.03940919711677        2.72064426148530       -6.47726491346434
H            4.03280739286232        1.45528104956496       -7.21032506256028
H            4.64428296850392       -0.00321219341621       -3.36903744585034
H            6.39465047620616        0.05881603631870       -5.10345519031762
H            5.31073933254862       -1.14847318908869       -5.80396552349718
H            5.84937117051803        0.22611509744229       -6.78276961261867
24
 energy: -36.043095833003 gnorm: 0.003607451402 xtb: 6.7.1 (edcfbbe)
C            0.55351084616993        0.01586357252704       -0.10615838293461
C            1.00076994082326        1.43425632386658       -0.42123359114672
O            1.43805540031667        1.56164309845212       -1.79071054775579
C            2.61537770461600        1.06499031289764       -2.09763409035981
O            3.39932257144116        0.52603256603526       -1.36314423622627
C            2.92908231505133        1.24258867928665       -3.56963953233656
C            2.17085618869839        2.01983379211930       -4.44112875951690
C            2.57843517200458        2.11150046258101       -5.76552477215747
C            3.70180190444576        1.42533038721024       -6.18380948020650
N            4.41307625340909        0.67761141124123       -5.33241644044714
C            4.04983896513409        0.58751774337137       -4.05187376051607
C            5.56844413975339       -0.06656471893399       -5.78697285251393
H           -0.21399564973216       -0.30670970558095       -0.80742316254277
H            0.14328617662618       -0.01177775505617        0.89821040107044
H            1.39673510673148       -0.67059060528997       -0.15577305591226
H            0.17253074216807        2.14157088652185       -0.33581566437375
H            1.82335516638143        1.73556789989541        0.23586059859639
H            1.29315683339366        2.53736959453831       -4.08596421950822
H            2.02766549460362        2.70973318845935       -6.47387734081972
H            4.03814288282541        1.46999236561803       -7.20940004019872
H            4.64779860303694       -0.01284910240776       -3.37818276666976
H            6.40364874033244        0.08005563326289       -5.10315134212579
H            5.33383804778784       -1.13232681301506       -5.81586695983805
H            5.86347645398157        0.25368078239954       -6.78339000155988
24
 energy: -36.043170646236 gnorm: 0.003303377327 xtb: 6.7.1 (edcfbbe)
C            0.53215817676304        0.03466237051652       -0.10257170847900
C            1.02084461690440        1.44119905396817       -0.41271760998414
O            1.45143784389243        1.56510774420784       -1.78354616900126
C            2.61058770249130        1.03378312639711       -2.10259969024462
O            3.37713509035256        0.46291031941364       -1.37423777824702
C            2.92566779950355        1.22081259265780       -3.57226758568923
C            2.16219297905527        1.99681279113197       -4.44060890990312
C            2.57054161460775        2.10025978379871       -5.76392503542942
C            3.70192913088771        1.42864408309975       -6.18431397354728
N            4.41773400071921        0.68143679629401       -5.33634031234001
C            4.05188140588241        0.57755742003696       -4.05778783395315
C            5.58213455018449       -0.04631107918218       -5.79243214376508
H           -0.24991669879281       -0.25983617297007       -0.79988439231540
H            0.12843486820496        0.01445353835940        0.90463195815927
H            1.35388275277240       -0.67650095432675       -0.16232353726626
H            0.21532988341722        2.17276368039040       -0.31561568593950
H            1.85719414911371        1.71175037237149        0.24047707887179
H            1.27955563052329        2.50418454663467       -4.08322144043078
H            2.01442229525702        2.69767806640932       -6.46871372488236
H            4.04139272292548        1.48487620536880       -7.20829459264098
H            4.65237561308882       -0.02523365233464       -3.38828864675523
H            6.41334554739063        0.10305669728789       -5.10418081860506
H            5.35984143307330       -1.11467678668269       -5.83115736038454
H            5.87810689178201        0.28492945715177       -6.78510008722744
24
 energy: -36.043227539923 gnorm: 0.002906312961 xtb: 6.7.1 (edcfbbe)
C            0.51023484891536        0.05406369775624       -0.09886590728772
C            1.03936923774230        1.44706831059415       -0.40574858564158
O            1.46578091809363        1.56604262749396       -1.77761594444066
C            2.60724206283349        1.00355550217290       -2.10652915671577
O            3.35746678038648        0.40419855220433       -1.38405045270442
C            2.92381890140750        1.19870805963329       -3.57451224102967
C            2.15509702383320        1.97488337823945       -4.43851861211422
C            2.56254056368251        2.08890759409090       -5.76112314810505
C            3.70082425442020        1.43069915922522       -6.18422761599051
N            4.42236437038474        0.68392649657460       -5.34045953759151
C            4.05461274085187        0.56645622008322       -4.06344186239200
C            5.59563606097234       -0.02585063967321       -5.79901675689549
H           -0.28515637623453       -0.21329293818768       -0.79143421613599
H            0.11329634182212        0.04207128186886        0.91125654649907
H            1.30959003079775       -0.68088466352449       -0.16757325337328
H            0.25725917272637        2.20160639528108       -0.29990526192640
H            1.88687342963252        1.68733020569159        0.24424202440198
H            1.26896480133103        2.47296129881412       -4.07690215043405
H            2.00119858046073        2.68539381000133       -6.46265070755359
H            4.04173949503354        1.49794096233078       -7.20708002827982
H            4.65781008951387       -0.03834521143049       -3.39793475447878
H            6.42318891132432        0.12615839088252       -5.10663929234990
H            5.38666665113151       -1.09677926580348       -5.84855002473207
H            5.89179110893737        0.31750077568068       -6.78773906072834
24
 energy: -36.043266435277 gnorm: 0.002401003334 xtb: 6.7.1 (edcfbbe)
C            0.48981056914814        0.07176019216530       -0.09553840237374
C            1.05473141215159        1.45087040503477       -0.40040081782094
O            1.47911276545289        1.56378419427958       -1.77330080840412
C            2.60560170269664        0.97736181464288       -2.10917428593014
O            3.34354358069089        0.35784286779557       -1.39231506104268
C            2.92328952406268        1.17880815993594       -3.57617518005279
C            2.14981479693771        1.95596756609890       -4.43543688650877
C            2.55536817394170        2.07859974353640       -5.75764607778292
C            3.69877407384171        1.43122187895033       -6.18365586722887
N            4.42640404949326        0.68517478702177       -5.34410776604123
C            4.05786043232302        0.55609553426485       -4.06803977555239
C            5.60757548869381       -0.00775468617684       -5.80575456294315
H           -0.31687582429111       -0.17139972803993       -0.78336609018752
H            0.09949246162019        0.06725200294637        0.91732818269907
H            1.26807688812386       -0.68412274542498       -0.17188399554591
H            0.29437404032834        2.22551761757024       -0.28894649140914
H            1.91042444655486        1.66464608040895        0.24705467226551
H            1.26211031992286        2.44730723540216       -4.06873244681979
H            1.98977471821811        2.67432652046404       -6.45654741069207
H            4.03942109754092        1.50735586865809       -7.20597959407006
H            4.66380618563362       -0.04999777637035       -3.40606471222973
H            6.43205883624070        0.14677727814235       -5.11004289837695
H            5.41086794075682       -1.08054413676843       -5.86556474201280
H            5.90279231991704        0.34746932546189       -6.79072898193863
24
 energy: -36.043264977658 gnorm: 0.006630405151 xtb: 6.7.1 (edcfbbe)
C            0.46200762591147        0.09557514767961       -0.09164041207834
C            1.07628360427302        1.45628576282383       -0.39110532612164
O            1.49732393617195        1.56358204625312       -1.76594928221345
C            2.60361541365297        0.94212305992165       -2.11256079492791
O            3.32633773929132        0.28751213819175       -1.40654846569076
C            2.92163920275331        1.15368734358726       -3.57891513249127
C            2.14195681724344        1.93130809619002       -4.43244143983866
C            2.54548257542326        2.06456067042701       -5.75412088402830
C            3.69603438078541        1.43158993859842       -6.18338384781506
N            4.43164229406373        0.68754409651486       -5.34870802167789
C            4.06178651927198        0.54390697440151       -4.07405731125983
C            5.62402492062316        0.01641838751392       -5.81383176815196
H           -0.36072915567638       -0.11343861556974       -0.77376887900156
H            0.08076096727133        0.09943881722689        0.92484703197341
H            1.21144725201148       -0.68981136485543       -0.17941658729569
H            0.34561552027077        2.25956632195166       -0.27059846133360
H            1.94452548724986        1.63325948566313        0.25305697981307
H            1.25056881616489        2.41262359993684       -4.06067879277618
H            1.97429585964424        2.65833094389026       -6.45030820392779
H            4.03660527873834        1.51877539367627       -7.20501167513915
H            4.67181194590255       -0.06231490669327       -3.41585081378005
H            6.44407385541196        0.17531768127412       -5.11367099461416
H            5.44339372493796       -1.05859118613429       -5.88651375385892
H            5.91770541860830        0.38707016753043       -6.79384316376403
24
 energy: -36.043300891934 gnorm: 0.002000666338 xtb: 6.7.1 (edcfbbe)
C            0.45915117951903        0.09744899739002       -0.09143211625034
C            1.07549726729519        1.45316541816518       -0.39256257584705
O            1.49904428368650        1.55724428836678       -1.76745744768474
C            2.60649716602652        0.94318392827994       -2.11085078262932
O            3.33169200606038        0.29676161929478       -1.40487902647490
C            2.92404296622126        1.15282397143797       -3.57803361508030
C            2.14409863063145        1.93154843527441       -4.43013776642728
C            2.54518161314849        2.06355715606509       -5.75234513652710
C            3.69408760692285        1.42926236152205       -6.18272859520667
N            4.43133355673359        0.68611237487273       -5.34884730130131
C            4.06336772765162        0.54273977900376       -4.07363248753688
C            5.62399117488230        0.01711414782250       -5.81554866042883
H           -0.36221878205427       -0.10964638282809       -0.77251144590821
H            0.07898375475026        0.10163122034551        0.92522297128381
H            1.20499199581288       -0.68780808419644       -0.17921992661599
H            0.34794675345546        2.25619653222554       -0.27521633502566
H            1.94049853862171        1.62957603686756        0.25195909820091
H            1.25471881259931        2.41466362015896       -4.05647809377965
H            1.97398486430038        2.65723915394287       -6.44852341533494
H            4.03208373241008        1.51518785437339       -7.20508562713958
H            4.67448165370612       -0.06290338193055       -3.41611428032355
H            6.44409451044971        0.17614040523743       -5.11568249281259
H            5.44475542469999       -1.05719808210505       -5.89014851449676
H            5.91590356246947        0.39027863041346       -6.79476642665279
24
 energy: -36.043308465119 gnorm: 0.003192546098 xtb: 6.7.1 (edcfbbe)
C            0.44703739172128        0.10557260926622       -0.09052130876456
C            1.08510611273554        1.45348762437455       -0.38742417108298
O            1.50511478864093        1.55501263949485       -1.76379589130391
C            2.60664388469919        0.93123653025447       -2.11208725645986
O            3.32944248755474        0.27948154440639       -1.41025184638746
C            2.92319908261118        1.14453645812028       -3.57891469129505
C            2.14019404298169        1.92133428834211       -4.42986141037527
C            2.54129884847543        2.05774411164494       -5.75183340045114
C            3.69340842159814        1.42929725724823       -6.18327733969971
N            4.43344749554441        0.68803190907472       -5.35030061456429
C            4.06558812074652        0.54028636973384       -4.07546858577767
C            5.62985645303232        0.02521749820718       -5.81807165627910
H           -0.38226156367026       -0.08472110412214       -0.76954217844745
H            0.07110003974614        0.11157710421035        0.92784826952350
H            1.17987788725644       -0.69347391606667       -0.18558133318412
H            0.37026885716541        2.26940471214957       -0.26436113353361
H            1.95682943115069        1.61450515198006        0.25484400256777
H            1.24968460216696        2.40204531781167       -4.05577943534360
H            1.96774714312305        2.65053834917831       -6.44686815069451
H            4.03131122972339        1.51818356964191       -7.20553999549347
H            4.67877686208292       -0.06492166680361       -3.41948240343410
H            6.44807988922278        0.18569218916767       -5.11637670081816
H            5.45516758240814       -1.04944321337136       -5.89699036637931
H            5.92129090928331        0.40369466605630       -6.79538240232163
24
 energy: -36.043319864266 gnorm: 0.001548787466 xtb: 6.7.1 (edcfbbe)
C            0.44285381662148        0.10821005908555       -0.09082804614482
C            1.08842373255260        1.45252045546381       -0.38523946863053
O            1.50744233344126        1.55483829477613       -1.76196067714708
C            2.60805524736633        0.92939442464518       -2.11171387401643
O            3.33052774421526        0.27306743611548       -1.41199885539064
C            2.92353774044011        1.14399412986634       -3.57888479106502
C            2.13948806223841        1.91926006209788       -4.43006421864920
C            2.53995394048356        2.05564493737017       -5.75225896996023
C            3.69277209569420        1.42865311927193       -6.18387991525055
N            4.43376529277199        0.68897186613394       -5.35057503987426
C            4.06647705909259        0.54101317316728       -4.07577749165482
C            5.63117443068673        0.02734497977921       -5.81835828715592
H           -0.38771525187154       -0.07556168277864       -0.76953688675088
H            0.06792450316307        0.11344430466813        0.92782205751747
H            1.17074281752893       -0.69451722479477       -0.18864113342173
H            0.37828852928711        2.27194238486342       -0.25981319454113
H            1.96151140073602        1.60790135192173        0.25658104753391
H            1.24777137962227        2.39865449063072       -4.05695832032423
H            1.96517961541628        2.64725288350834       -6.44722871505780
H            4.03041937394876        1.51748218318438       -7.20623563396300
H            4.68076014583231       -0.06318960268323       -3.41996636069081
H            6.44873258624481        0.18808566114582       -5.11605803379645
H            5.45750228901506       -1.04726086370941       -5.89843936630018
H            5.92262111547274        0.40717317627042       -6.79500582526535
24
 energy: -36.043340892293 gnorm: 0.002336348050 xtb: 6.7.1 (edcfbbe)
C            0.43293816065652        0.11141381664844       -0.09358529028260
C            1.09602615475883        1.44676675610163       -0.37986333844723
O            1.51189772864161        1.55235109738451       -1.75745986513231
C            2.61471085365630        0.93292108748032       -2.10926554838414
O            3.34082096722301        0.27548158232416       -1.41308586826726
C            2.92592051104176        1.14806547265881       -3.57785373121089
C            2.13875259079939        1.91729715179211       -4.43105755734408
C            2.53686597791217        2.05073781257253       -5.75433805798953
C            3.69045871650878        1.42571405443459       -6.18592372981455
N            4.43407769302197        0.69155304587368       -5.35051427551290
C            4.06963356147975        0.54684564498836       -4.07511895163733
C            5.63199772400912        0.02929015505208       -5.81788601484600
H           -0.40110988419772       -0.05393827421087       -0.77125775533381
H            0.06087250330947        0.11276961833436        0.92602086644628
H            1.14769456316406       -0.70045000778521       -0.20044909255448
H            0.39758048666100        2.27401330946966       -0.24734569536392
H            1.97209462758032        1.58784915967621        0.26043611631040
H            1.24405268022534        2.39434003322169       -4.06162745177023
H            1.95863631822453        2.63811568758734       -6.44984407666980
H            4.02657474577359        1.51162335008655       -7.20895229922862
H            4.68726605652684       -0.05302023612230       -3.41866370521379
H            6.44852990720009        0.18889733705242       -5.11445908711655
H            5.45765816185119       -1.04473116347459       -5.89948990962110
H            5.92425919397245        0.41041350885333       -6.79343568101525
24
 energy: -36.043356536062 gnorm: 0.002363804300 xtb: 6.7.1 (edcfbbe)
C            0.41842262981311        0.11906924547672       -0.09536856457705
C            1.10655353037963        1.44386589541442       -0.37438287707524
O            1.51943455405026        1.55012898969428       -1.75291104043314
C            2.61931736985585        0.92780327167134       -2.10835939513663
O            3.34499196822364        0.26671833758253       -1.41553520272474
C            2.92776441404808        1.14462966654178       -3.57752863387003
C            2.13615108009700        1.90951195487696       -4.43046761173154
C            2.53184093366985        2.04335173473609       -5.75449305697218
C            3.68780906961246        1.42345231230466       -6.18695638204995
N            4.43604776050316        0.69366827307747       -5.35162226517622
C            4.07360562570356        0.54815280871468       -4.07579749388750
C            5.63647595788775        0.03632688067746       -5.81996243820963
H           -0.42246909926106       -0.02455341594185       -0.77009473249196
H            0.05160468736066        0.11957503668072        0.92621785771850
H            1.11662830608793       -0.70629336227957       -0.21238898148016
H            0.42416235170094        2.28380309699576       -0.23390095557167
H            1.98793254158125        1.56411937499212        0.26373588985130
H            1.23968497382183        2.38312519185413       -4.06093688368473
H            1.94972335563562        2.62717850828554       -6.44978279498009
H            4.02222496542848        1.50984078419618       -7.21045646667138
H            4.69460965399376       -0.04849937976882       -3.41957062316229
H            6.45156878491143        0.19522934880515       -5.11473849106031
H            5.46490443317871       -1.03793890931227       -5.90602276875538
H            5.92922015171650        0.42205435472432       -6.79369608786770
24
 energy: -36.043380214510 gnorm: 0.003964889331 xtb: 6.7.1 (edcfbbe)
C            0.38653274517527        0.13262487207060       -0.10445396404312
C            1.12920302706216        1.43428409010376       -0.36133094096752
O            1.53425946674431        1.54695602414927       -1.74151222135564
C            2.63357922399058        0.92656469314146       -2.10454374155001
O            3.36438479633280        0.26932919909788       -1.41598047463408
C            2.93403989980783        1.14451541858806       -3.57513353321888
C            2.13048171477628        1.89536184828518       -4.42944824944875
C            2.51993162339382        2.02587681805819       -5.75612216006786
C            3.68090057996648        1.41629166975525       -6.18985038637893
N            4.44071129915944        0.69916144789741       -5.35299534255074
C            4.08480041484218        0.55793280819244       -4.07483582051931
C            5.64341033813173        0.04754731448191       -5.82307241365967
H           -0.46910938120061        0.04174493045893       -0.77195059854122
H            0.03274587375056        0.12563381770353        0.92197022988581
H            1.04675558828866       -0.72096983320707       -0.24952903992324
H            0.48335741963121        2.30019299066724       -0.19785969610365
H            2.02155415882962        1.50349023878621        0.27144294101094
H            1.23094142467599        2.36262610186886       -4.05996576991817
H            1.92808050171330        2.59911671080710       -6.45228154968637
H            4.00997900494451        1.49941603076365       -7.21533186992174
H            4.71411582543451       -0.02845109839682       -3.41700083054977
H            6.45637236272238        0.20142984973763       -5.11427530395813
H            5.47244755890921       -1.02668508263310       -5.91738356197372
H            5.93873453291828        0.44032913962219       -6.79357570192596
24
 energy: -36.043392106186 gnorm: 0.003507229308 xtb: 6.7.1 (edcfbbe)
C            0.39453074523236        0.12481571631631       -0.10788049877557
C            1.12242988321536        1.43295366089508       -0.36419274812533
O            1.52902694288984        1.54943535941772       -1.74326298232532
C            2.63545461164968        0.93977045504941       -2.10300941590371
O            3.37177479164388        0.29442454722114       -1.40964364363666
C            2.93554324583274        1.15367292311140       -3.57366831317181
C            2.13268199412384        1.90336972291311       -4.42963866940778
C            2.52205372257046        2.02917932344813       -5.75687842764613
C            3.68090697962315        1.41515540654809       -6.18962153071252
N            4.43951027498538        0.69815806641986       -5.35146510743441
C            4.08466770203605        0.56317543285106       -4.07224304375725
C            5.63807404576944        0.03961946728397       -5.82085311622695
H           -0.45635422779767        0.02436780268592       -0.77611576029222
H            0.03841476212933        0.11369308916099        0.91760741796448
H            1.06352494369971       -0.71918849962517       -0.25123493521871
H            0.46817292881388        2.29013297603061       -0.20149527150553
H            2.01079463730159        1.51038213859275        0.26922794120653
H            1.23468210202072        2.37322130123951       -4.06009515494187
H            1.93152905888627        2.60195683124662       -6.45443401003226
H            4.00931926316605        1.49411713858509       -7.21569149704302
H            4.71286356888918       -0.02198499637441       -3.41227504288060
H            6.45293673849230        0.19090130733067       -5.11359969050157
H            5.46120786032602       -1.03427908487828       -5.91140293247709
H            5.93446342450093        0.42726991453021       -6.79315356715445
24
 energy: -36.043399462283 gnorm: 0.000936744581 xtb: 6.7.1 (edcfbbe)
C            0.39434006246980        0.12515004612272       -0.10945835895502
C            1.12243863406929        1.43388466085596       -0.36458051947152
O            1.52972034046443        1.55079349831944       -1.74342627418529
C            2.63615318001187        0.94093886177884       -2.10227892265681
O            3.37237409590121        0.29469871662311       -1.40750921170198
C            2.93585277165338        1.15298990338822       -3.57324749722535
C            2.13294245441931        1.90328700153224       -4.42860432838809
C            2.52168542180425        2.02864459309885       -5.75591968017032
C            3.68014207547832        1.41402760936904       -6.18901603545777
N            4.43904460987255        0.69713608242802       -5.35136080699156
C            4.08463746801528        0.56225509403723       -4.07202823093643
C            5.63799492758003        0.03992522542387       -5.82119602162703
H           -0.45755971638745        0.02551562214694       -0.77726063132951
H            0.03865829682578        0.11290187265016        0.91613279296929
H            1.06401525705323       -0.71884635165604       -0.25422696706480
H            0.46856847377944        2.29139081824078       -0.20102994212861
H            2.01081854576245        1.50938243269547        0.26882690666117
H            1.23463986037057        2.37208410865609       -4.05801190905184
H            1.93122459399399        2.60134945577584       -6.45354929730388
H            4.00837654876230        1.49321534926201       -7.21518167684607
H            4.71318120587781       -0.02251299081054       -3.41209958032408
H            6.45296225826669        0.19160901351429       -5.11417272902973
H            5.46229511333388       -1.03389778324989       -5.91258789701609
H            5.93370352062207        0.42839715979713       -6.79323318176842
24
 energy: -36.043402349598 gnorm: 0.001138850777 xtb: 6.7.1 (edcfbbe)
C            0.39357331790519        0.12614353197942       -0.11237068386904
C            1.12290162958236        1.43518095835261       -0.36481174666477
O            1.53080159869497        1.55237561071739       -1.74340622597156
C            2.63666204377901        0.94173046162560       -2.10144340380442
O            3.37343791261066        0.29667546634215       -1.40477046107871
C            2.93688720340342        1.15194300064959       -3.57214547886331
C            2.13301206330944        1.90222965460731       -4.42671555637696
C            2.52057066541699        2.02714572211628       -5.75417003383095
C            3.67878882077148        1.41226939525461       -6.18781725737990
N            4.43861660046862        0.69576089996648       -5.35100297364232
C            4.08533080140028        0.56115720035769       -4.07127426490750
C            5.63800681279285        0.04054121058736       -5.82196575947031
H           -0.45949880785999        0.02860083087423       -0.77954772181666
H            0.03899078644274        0.11119211485739        0.91348286579943
H            1.06338382255437       -0.71771029706616       -0.26048708756204
H            0.46991717094973        2.29320506990873       -0.20004547592663
H            2.01121214936635        1.50761883106476        0.26880188855237
H            1.23530143053052        2.37065545762987       -4.05385830214067
H            1.93019274849963        2.59990355792490       -6.45179340018648
H            4.00602357047663        1.49125948023734       -7.21437880938007
H            4.71418083449924       -0.02359314649415       -3.41165991435380
H            6.45319393808087        0.19283164298584       -5.11533489992656
H            5.46418292061933       -1.03333272928898       -5.91462460720183
H            5.93253996570580        0.43053607480950       -6.79368068999705
24
 energy: -36.043403818913 gnorm: 0.000626724828 xtb: 6.7.1 (edcfbbe)
C            0.39290834619942        0.12655699076717       -0.11393255731738
C            1.12323797463110        1.43531353912896       -0.36456974787536
O            1.53187116833366        1.55341085488024       -1.74279854576720
C            2.63795921555966        0.94311494829329       -2.10058626937716
O            3.37421041285113        0.29800523808394       -1.40387178901450
C            2.93760644089641        1.15164709698219       -3.57143916807568
C            2.13312533040638        1.90172481337380       -4.42581244525230
C            2.51980477520013        2.02622441487738       -5.75348749711829
C            3.67796096779996        1.41136742551623       -6.18741979232832
N            4.43845124156422        0.69524729003600       -5.35085042358343
C            4.08575785917861        0.56063915946639       -4.07087932411747
C            5.63804831841578        0.04082051851636       -5.82237886935293
H           -0.46036610181981        0.03096828464562       -0.78091182078993
H            0.03897649411900        0.10980653981251        0.91209211831254
H            1.06186210454314       -0.71739128992629       -0.26416652284447
H            0.47076213753766        2.29354835450758       -0.19942946962784
H            2.01124190151144        1.50674067912152        0.26958443904442
H            1.23586614089354        2.37018527262157       -4.05206239648696
H            1.92902965554063        2.59853043563489       -6.45115018690318
H            4.00446135490144        1.49003782040740       -7.21423014535235
H            4.71508574643974       -0.02373569174088       -3.41137033690928
H            6.45329659609334        0.19316996879787       -5.11580919887798
H            5.46483697046900       -1.03315413596910       -5.91556869632936
H            5.93221494873487        0.43154147216513       -6.79397135405533
