35
 energy: -50.291477579880 gnorm: 0.068874774848 xtb: 6.7.1 (edcfbbe)
C            0.72727000000000        0.10832000000000        0.01543000000000
C            0.70517000000000       -1.19600000000000        0.76655000000000
C            1.74665000000000       -1.53690000000000        1.64425000000000
C            1.70740000000000       -2.73747000000000        2.35494000000000
C            0.63281000000000       -3.60882000000000        2.19626000000000
C           -0.40352000000000       -3.28485000000000        1.32461000000000
C           -0.36974000000000       -2.08577000000000        0.61172000000000
N            0.47830000000000        1.24971000000000        0.93233000000000
C           -0.77797000000000        1.46971000000000        1.39340000000000
C           -1.04357000000000        2.53108000000000        2.25608000000000
C            0.00454000000000        3.34098000000000        2.68439000000000
C            1.28551000000000        3.10517000000000        2.19522000000000
C            1.50138000000000        2.05096000000000        1.31155000000000
C           -2.41913000000000        2.64565000000000        2.77650000000000
N           -2.99232000000000        3.89073000000000        2.99440000000000
C           -4.25776000000000        3.94100000000000        3.71444000000000
C           -2.59509000000000        5.13053000000000        2.33835000000000
O           -2.98674000000000        1.57912000000000        3.00168000000000
H           -0.04399000000000        0.14975000000000       -0.76313000000000
H            1.69411000000000        0.25239000000000       -0.47991000000000
H            2.60547000000000       -0.88504000000000        1.78723000000000
H            2.51654000000000       -3.00094000000000        3.03365000000000
H            0.60447000000000       -4.54538000000000        2.74994000000000
H           -1.23833000000000       -3.97257000000000        1.20111000000000
H           -1.19483000000000       -1.86756000000000       -0.06460000000000
H           -1.55634000000000        0.77969000000000        1.07605000000000
H           -0.16169000000000        4.13255000000000        3.41310000000000
H            2.11741000000000        3.72907000000000        2.51747000000000
H            2.49087000000000        1.83118000000000        0.91976000000000
H           -4.26423000000000        4.82021000000000        4.36536000000000
H           -5.07251000000000        4.01233000000000        2.98787000000000
H           -4.40357000000000        3.04750000000000        4.32804000000000
H           -2.24792000000000        5.83315000000000        3.10082000000000
H           -1.81382000000000        4.97191000000000        1.59334000000000
H           -3.46441000000000        5.55340000000000        1.82474000000000
35
 energy: -50.297933550334 gnorm: 0.029117350176 xtb: 6.7.1 (edcfbbe)
C            0.72231696207251        0.11455175475858        0.03285737510768
C            0.69151851589082       -1.19271993304639        0.78686217407987
C            1.73136855187443       -1.53217994245926        1.64930864320832
C            1.69989395828054       -2.72938427950572        2.34756983974173
C            0.63268919875190       -3.59951928154007        2.18978207750591
C           -0.39927765572393       -3.27503814608669        1.32400795122329
C           -0.37305889954448       -2.07596672901521        0.62828362994350
N            0.47878042116130        1.25571086099246        0.93460693893247
C           -0.76518299117471        1.48129262193190        1.38511357003503
C           -1.04633482604075        2.54560679408484        2.23264291693451
C            0.00772501709302        3.34682997791430        2.66907013840037
C            1.28870405244717        3.08805665731534        2.20120298168729
C            1.49516127072613        2.04272810769168        1.31964116973278
C           -2.44017306931026        2.64431621687928        2.76232179704154
N           -2.98613076096207        3.86866348356729        2.99063728587056
C           -4.25262903118908        3.93370725271700        3.69725447830969
C           -2.58525555955434        5.10674824023395        2.35053023746484
O           -3.00052640010502        1.59354613081213        3.03778990890168
H           -0.04868776634658        0.13282500265077       -0.74324789004745
H            1.69330180390127        0.25992745431687       -0.44928901613796
H            2.58248094330768       -0.87587140048256        1.78003490521988
H            2.50922171535259       -2.98685148542369        3.01676309815557
H            0.60681440966081       -4.53084416322806        2.73855183217923
H           -1.22780506607299       -3.95710479416290        1.19341236859756
H           -1.18236143860414       -1.85177676578055       -0.05459844990152
H           -1.54256472969915        0.79335610854813        1.07873894837594
H           -0.16131736638848        4.13964000470933        3.38483809456704
H            2.11993998190231        3.70663755989403        2.50966795900154
H            2.47607533880770        1.82682966303026        0.91993427023061
H           -4.25029222716932        4.80646422225034        4.35175759891935
H           -5.08340907329039        4.01487277871689        2.99236517602740
H           -4.38413263917194        3.03478109886094        4.29646825127635
H           -2.24120378693385        5.82547219290756        3.09774561493266
H           -1.80445566572820        4.94379869856494        1.61077682856954
H           -3.45077318822054        5.53568403738227        1.83953729591319
35
 energy: -50.299242298625 gnorm: 0.008653914997 xtb: 6.7.1 (edcfbbe)
C            0.71610095218589        0.12291031886817        0.03981790332769
C            0.68041513725191       -1.18444858230650        0.80098292614892
C            1.72062479612575       -1.52000708144776        1.65774022852001
C            1.69442889574076       -2.71777437432157        2.34855559131666
C            0.63050962910691       -3.58919171827147        2.18845851150527
C           -0.40263356642128       -3.26316704483488        1.32745708947055
C           -0.38086466835098       -2.06321242009565        0.63895596129984
N            0.47636831376743        1.26090724654008        0.92963239687449
C           -0.75975249064322        1.49256560417778        1.37558615382762
C           -1.04678945822650        2.55718883018845        2.21738429246342
C            0.01093075594178        3.35266595602135        2.65837045147349
C            1.29112485988492        3.08133925706649        2.19813985483688
C            1.49176277922603        2.03715707312342        1.31960943140776
C           -2.44778145426620        2.63916374008196        2.77168369667114
N           -2.98467576164812        3.84896859230475        2.98617258268891
C           -4.25210714373695        3.92321168979453        3.68351845394055
C           -2.57389610761542        5.08289836314136        2.35599237836535
O           -2.99484366910989        1.59188654756464        3.06670069969557
H           -0.05492797643093        0.12228584351960       -0.73404309197345
H            1.69078566061456        0.26049519106558       -0.43350875399985
H            2.56386991958631       -0.85557578586427        1.78182150610029
H            2.50843811686965       -2.97404114996797        3.00747930601237
H            0.61119528575107       -4.52279917602495        2.72714205399155
H           -1.22624658800874       -3.94438352916380        1.18805280372987
H           -1.18596171515850       -1.82718088295878       -0.04069869954319
H           -1.54197701567508        0.80932751116673        1.07678383067984
H           -0.15971654651816        4.15107300218579        3.36244894459154
H            2.12824689187201        3.68120282489438        2.51554354929254
H            2.47076700258446        1.81535023384099        0.92376242385634
H           -4.24396733971461        4.79337756145704        4.33871802676865
H           -5.08567800745691        4.01152937316878        2.98440914355086
H           -4.38136884116958        3.01926149755371        4.27299617994854
H           -2.23352853598684        5.80508977792144        3.10154614409389
H           -1.78622597661172        4.91686433350618        1.62550569268264
H           -3.43220613375995        5.51985137610430        1.84022233638348
35
 energy: -50.299513463427 gnorm: 0.005354443979 xtb: 6.7.1 (edcfbbe)
C            0.71264288057754        0.12784759071666        0.03697300578627
C            0.67382949521878       -1.17673394412928        0.80614097199952
C            1.71509503130618       -1.50931921111932        1.66298003678485
C            1.69194646052828       -2.70916531257489        2.35054783801771
C            0.62985474660931       -3.58291525662066        2.18705729445702
C           -0.40725512281687       -3.25552851429849        1.33090747948764
C           -0.38942792591099       -2.05321949097682        0.64575464005591
N            0.47566862838453        1.26388895740003        0.92245548229365
C           -0.75871601943667        1.49702373522213        1.36992820478032
C           -1.04364745162081        2.55870902652415        2.21452909202919
C            0.01465019179618        3.35354781274098        2.65594221345594
C            1.29531059239422        3.07662413596468        2.19985104641008
C            1.49387397259522        2.03325912831636        1.31955875651722
C           -2.44708216910571        2.63216150529305        2.77770565789711
N           -2.98800042340591        3.83957294727850        2.97984122250527
C           -4.25550422659496        3.91647207183675        3.67663415548223
C           -2.56767233129707        5.07208005102029        2.35615583641945
O           -2.97758757997640        1.58083699433119        3.08784955429048
H           -0.05850117129836        0.12081582056944       -0.73592992165419
H            1.68848004941298        0.25743992024233       -0.43528555841814
H            2.55436051901153       -0.83976020569003        1.78635950183215
H            2.50754140616464       -2.96440026085552        3.00790299419761
H            0.61402693739488       -4.51876017758477        2.72182826920556
H           -1.23058030746207       -3.93690018899648        1.19043304731965
H           -1.19506872995988       -1.81250654091642       -0.03162177167717
H           -1.54572893364713        0.81883680442419        1.07103750933954
H           -0.15563942836681        4.15556418159092        3.35584866753891
H            2.13560200778513        3.67026121715982        2.52073743135911
H            2.47353965275849        1.80755697858869        0.92688173261135
H           -4.24557477719046        4.78357410136181        4.33546808450479
H           -5.08660610108195        4.01063386176344        2.97561560102134
H           -4.38942379989495        3.00909797139912        4.26043699172379
H           -2.22845160257359        5.79044665074192        3.10628442286151
H           -1.77530863716292        4.90388694125413        1.63101608403221
H           -3.42022583313466        5.51386069802196        1.83511442553215
35
 energy: -50.299781649858 gnorm: 0.004675250632 xtb: 6.7.1 (edcfbbe)
C            0.70643899907577        0.13552805443008        0.02817173701434
C            0.66408565161574       -1.16478719353531        0.80905789398423
C            1.70605288744635       -1.49134572051050        1.66830985000019
C            1.68623155661347       -2.69223917012142        2.35493109542281
C            0.62661775277947       -3.56920745255840        2.18817842799679
C           -0.41680724130299       -3.24130078398198        1.33948372718172
C           -0.40326436999549       -2.03804991398705        0.65470352052812
N            0.47577234080051        1.26935329119297        0.90923773171711
C           -0.75717924925021        1.50565951134935        1.36036955477237
C           -1.03439541906989        2.55990548163067        2.21518033511289
C            0.02594447777346        3.35069824520882        2.65855986278165
C            1.30575097727994        3.06752520236065        2.20420078435405
C            1.49981155735429        2.02699576845011        1.31842844701902
C           -2.43795965496250        2.62120934469330        2.79389566150872
N           -2.99562031862050        3.82466477626066        2.96821848455928
C           -4.26497604072882        3.90322216670193        3.66268952685508
C           -2.56040410133643        5.05576072087886        2.35440223573285
O           -2.93948111007751        1.56227050319049        3.12351137785424
H           -0.06563558521205        0.12234717764864       -0.74294999439140
H            1.68247243202555        0.25261787645689       -0.44637738746971
H            2.53974670254140       -0.81455647053888        1.79204289768084
H            2.50347758401050       -2.94542409684062        3.01178591354579
H            0.61772774542395       -4.50955780458730        2.71621431794019
H           -1.24119835868791       -3.92269613753083        1.20167873664428
H           -1.21287386009147       -1.79162307181227       -0.01635282985962
H           -1.55160490473770        0.83656486976732        1.05835858970654
H           -0.14065115965575        4.15520980605838        3.35677131038831
H            2.15123087303607        3.65171648183203        2.53071459008497
H            2.48014467837406        1.79469692672974        0.92982052527077
H           -4.25309099955887        4.76246414083079        4.33174534974814
H           -5.09040287936767        4.01078251023222        2.95655091905062
H           -4.40850370296439        2.98950646318172        4.23565732649853
H           -2.22323400298725        5.76616789482451        3.11355471184855
H           -1.76080299815429        4.88475450917407        1.63749461614069
H           -3.40300025938935        5.50595609292014        1.82470015277716
35
 energy: -50.299920005957 gnorm: 0.005753651074 xtb: 6.7.1 (edcfbbe)
C            0.70176184562210        0.14030054816391        0.02011901322852
C            0.65814144510210       -1.15737581777634        0.80699199292944
C            1.70006136102331       -1.47986756372227        1.66816690295804
C            1.68137346338018       -2.67936833768582        2.35751490302752
C            0.62264687847679       -3.55762257429279        2.19174566692109
C           -0.42414445301446       -3.23064370578179        1.34691152097279
C           -0.41186889222112       -2.02886085296680        0.65909289856987
N            0.47725434496694        1.27336934803786        0.90137541181848
C           -0.75498220156430        1.51232648386414        1.35527757009763
C           -1.02554038480653        2.56030180003230        2.21956680516795
C            0.03779436894693        3.34492763524664        2.66632449051877
C            1.31592248686106        3.05951525153932        2.20885929694680
C            1.50531145051480        2.02310984308519        1.31675970815827
C           -2.42754861429556        2.61586664163832        2.80556581264153
N           -3.00114061818935        3.81475948818431        2.95900756701519
C           -4.27261857448396        3.89178792098277        3.65045953503894
C           -2.55846980992032        5.04629002763582        2.35202589542833
O           -2.91011892206946        1.55324349227386        3.15068547784714
H           -0.07262499399346        0.12680956346993       -0.74863705718547
H            1.67642039125642        0.25149633772876       -0.45881284121733
H            2.53210388396192       -0.80080837939119        1.79123464440888
H            2.49820446716058       -2.93001598304390        3.01624183030374
H            0.61616513745710       -4.49821547334754        2.71967885238965
H           -1.25047820011810       -3.91123760130785        1.21470375148755
H           -1.22418305354227       -1.78222371846904       -0.00880486131113
H           -1.55312351788509        0.85007244587782        1.04779694781356
H           -0.12407785509755        4.14685188387010        3.36880769544015
H            2.16462736148628        3.63776786506966        2.53847928209228
H            2.48485931096018        1.78720582930028        0.92798187084128
H           -4.26022906391681        4.74267719036009        4.33067298829974
H           -5.09322970805494        4.01271274468677        2.94047191220877
H           -4.42389551423370        2.97205288397092        4.21241910159917
H           -2.22219059570590        5.75173570729326        3.11638083688890
H           -1.75586233987939        4.87435718091885        1.63877340556261
H           -3.39590088418517        5.50149189455413        1.81910117109152
35
 energy: -50.300117253112 gnorm: 0.005647710048 xtb: 6.7.1 (edcfbbe)
C            0.69406482913811        0.14694484908744        0.00673569740108
C            0.65026976277831       -1.14723399427898        0.79958948631642
C            1.69182886232104       -1.46401686471708        1.66336462695529
C            1.67277952034031       -2.65840478395480        2.36163533396803
C            0.61337630369000       -3.53681567002678        2.20257536514175
C           -0.43578676101958       -3.21358582504917        1.35956946767644
C           -0.42275990653753       -2.01697598854242        0.66253108440805
N            0.48036012515518        1.27979528560422        0.89142786923195
C           -0.75067243180976        1.52359047776116        1.34896995476341
C           -1.01067047564724        2.56095436528188        2.22948693527981
C            0.05919255801288        3.33215352398630        2.68392437403450
C            1.33390806849338        3.04516123445610        2.21778356052850
C            1.51448946949212        2.01763006326614        1.31324455578443
C           -2.40813104773806        2.61040793833828        2.82460457287324
N           -3.00861259381571        3.80011110447052        2.94490973653337
C           -4.28440205705208        3.87229824737061        3.62909757164243
C           -2.55838282148291        5.03355614324805        2.34758608419331
O           -2.86580276117376        1.54517275631351        3.19453126535998
H           -0.08588776296129        0.13685973189637       -0.75679700819512
H            1.66524266571787        0.25321837246570       -0.48083409690044
H            2.52426416283308       -0.78485598158438        1.78323844964374
H            2.48866025865814       -2.90486454025230        3.02341972384763
H            0.60788599116377       -4.47479750795302        2.73522691684651
H           -1.26509436740362       -3.89291123299318        1.23754535948297
H           -1.23828996140276       -1.77402238356759       -0.00287797242574
H           -1.55245801285941        0.87109143213998        1.03122166009515
H           -0.09412685953107        4.12591967415009        3.39808780520599
H            2.18704445485700        3.61491812807416        2.55124707790018
H            2.49136454984995        1.77809064100350        0.92004613411423
H           -4.27193785342729        4.70684322295848        4.33074885716656
H           -5.09653027901457        4.01823771181010        2.91334744871136
H           -4.44842600854648        2.94106702519206        4.16908561178993
H           -2.22256449968316        5.73286134726291        3.11779422412805
H           -1.75313014496112        4.86121151460212        1.63762940908231
H           -3.39064497643487        5.49517998217958        1.81324285741491
35
 energy: -50.300266135193 gnorm: 0.003873179406 xtb: 6.7.1 (edcfbbe)
C            0.68721525941878        0.15259349182274       -0.00514894156291
C            0.64458026361223       -1.13897452312582        0.79032617493398
C            1.68613043959915       -1.45190629517226        1.65520202918802
C            1.66462908904153       -2.63937557270677        2.36502052670714
C            0.60212037672909       -3.51576450371191        2.21686675495121
C           -0.44628174853492       -3.19752567203697        1.37120839247508
C           -0.43016406268818       -2.00777248320807        0.66256598136338
N            0.48325142092120        1.28559967602310        0.88471612440260
C           -0.74609039400495        1.53352296945126        1.34526605462112
C           -0.99771721733115        2.56106418338928        2.24003934061689
C            0.07909466628892        3.31793946443806        2.70264684949572
C            1.35041612341781        3.03114000908630        2.22665742681446
C            1.52248253011191        2.01337480862765        1.30951936332098
C           -2.38996724896026        2.60739754823759        2.84167800889478
N           -3.01290110609385        3.78735052290671        2.93351067500268
C           -4.29330115907736        3.85379150143017        3.60875944246191
C           -2.55972248564584        5.02311418003635        2.34311907860656
O           -2.83100729188297        1.54344945868034        3.23495219846749
H           -0.09910512970322        0.14771874672222       -0.76266303618903
H            1.65455669618320        0.25826525964979       -0.50078167076895
H            2.52188397377785       -0.77579427725572        1.76896772574541
H            2.47978317090601       -2.88198313400260        3.02897042554366
H            0.59343682163802       -4.44760762507894        2.76000305069630
H           -1.27800648160744       -3.87539592804576        1.25827382934150
H           -1.24657780589241       -1.77088559125968       -0.00389628202847
H           -1.54966816461776        0.88879628746211        1.01788336120132
H           -0.06674709274338        4.10134560700117        3.43027441722205
H            2.20709724317882        3.59321464580323        2.56377413491860
H            2.49614363571504        1.77263272078528        0.90944317031637
H           -4.28196343391420        4.67082056452110        4.33187172841418
H           -5.09676823879497        4.02469452804747        2.88858763607172
H           -4.46913337532192        2.91092136064237        4.12465240299182
H           -2.22349657659282        5.71888885454324        3.11622127536825
H           -1.75349940561134        4.85141030618064        1.63412699827870
H           -3.39028329152214        5.48872891011577        1.81032535211580
35
 energy: -50.300343945068 gnorm: 0.001849372644 xtb: 6.7.1 (edcfbbe)
C            0.68313551708239        0.15679621614256       -0.01308177799276
C            0.64202466080099       -1.13357380689811        0.78242475549617
C            1.68407758597227       -1.44512909792547        1.64686913948176
C            1.65868198986067       -2.62600296107778        2.36718158966412
C            0.59153785660073       -3.49864566501331        2.23022760908785
C           -0.45394234640315       -3.18496757499921        1.37915754414835
C           -0.43363731465230       -2.00160854844526        0.66022162370979
N            0.48485458923020        1.28939239383788        0.88133573397017
C           -0.74254237357029        1.53904963010526        1.34459142139338
C           -0.98974705322734        2.55972205732483        2.24829331980601
C            0.09190309065771        3.30644747702438        2.71631865531017
C            1.36093161434466        3.02071569287461        2.23343421760896
C            1.52730416160005        2.01074749755798        1.30706641245743
C           -2.37831301692481        2.60538200313113        2.85408237798911
N           -3.01328577604945        3.77850133411295        2.92739600076117
C           -4.29735131281568        3.84089621687826        3.59474320347119
C           -2.56066691056598        5.01556352301477        2.33930440299904
O           -2.81250215027862        1.54505090275889        3.26407008213311
H           -0.10779458537626        0.15567449935571       -0.76588736081759
H            1.64783894768852        0.26444941730635       -0.51326172920421
H            2.52410491148786       -0.77310235917665        1.75346560623508
H            2.47404347041257       -2.86633854896514        3.03131567620570
H            0.57740296353145       -4.42353936072395        2.78501655768007
H           -1.28705062053298       -3.86146603948755        1.27119848815110
H           -1.24875046876454       -1.76963268299035       -0.00949700810830
H           -1.54701598041434        0.89889970285266        1.01162556390647
H           -0.04998326153082        4.08161943107985        3.45338855036386
H            2.21968156510960        3.57747723722864        2.57329155233196
H            2.49858990401445        1.77103487270984        0.90093329097902
H           -4.28782071137945        4.64403577546864        4.33285000951682
H           -5.09391856508001        4.02966314620119        2.87235676327424
H           -4.48125236114219        2.88992804345609        4.09136755514965
H           -2.22384890140217        5.71081601387580        3.11257627405423
H           -1.75425500924207        4.84488216612885        1.63000951353236
H           -3.39201410904346        5.48205139527502        1.80855438525489
35
 energy: -50.300374395955 gnorm: 0.002023141155 xtb: 6.7.1 (edcfbbe)
C            0.68087924976490        0.16168298041811       -0.02072493452310
C            0.64083448844935       -1.12806248270810        0.77477547427371
C            1.68370963821638       -1.43925788414865        1.63828042156893
C            1.65306068434453       -2.61344170388356        2.36888571593900
C            0.58002157928669       -3.48070386866399        2.24317518430748
C           -0.46205023901105       -3.17116491998578        1.38615150797239
C           -0.43672092927359       -1.99420742403241        0.65724850355270
N            0.48588180713345        1.29223333046554        0.87802478106966
C           -0.73917128715961        1.54128566428752        1.34554399915289
C           -0.98323853037342        2.55583678756346        2.25666529135953
C            0.10151574017416        3.29593372522796        2.72765861773469
C            1.36883547583192        3.01139503945318        2.23981768820398
C            1.53092091991357        2.00842082633224        1.30540496074019
C           -2.36951753252874        2.60080276715801        2.86718696539412
N           -3.01225469838695        3.76971715670704        2.92330796629569
C           -4.29986865569262        3.83005895224305        3.58310417366464
C           -2.56000321837452        5.00651264408372        2.33454056979384
O           -2.79837162623677        1.54403936702153        3.29333610636642
H           -0.11324504207348        0.16220600582730       -0.76978407979287
H            1.64397454973078        0.27137155368785       -0.52310052056241
H            2.52818799750970       -0.77148647851388        1.73637932396774
H            2.46902112817867       -2.85214463644925        3.03258048344395
H            0.55874611584977       -4.39767760221318        2.81073838840838
H           -1.29700056625568       -3.84558177289653        1.28173197481688
H           -1.24938322618123       -1.76521052213293       -0.01643865066369
H           -1.54533377362563        0.90472311952373        1.00982208310738
H           -0.03851320792583        4.06500755280873        3.47091060232133
H            2.22941209066205        3.56324793139278        2.58249971291653
H            2.50057579894008        1.77080262525353        0.89436125306263
H           -4.29101702761957        4.61937770737249        4.33521226861017
H           -5.08940287213913        4.03652066186432        2.85865347973091
H           -4.49207525955320        2.87145959326602        4.06051378141898
H           -2.22336515126454        5.70301382901697        3.10695071807502
H           -1.75260155952331        4.83605985664270        1.62583081386259
H           -3.39202286078918        5.47201961800977        1.80369537441016
35
 energy: -50.300383967689 gnorm: 0.001552331148 xtb: 6.7.1 (edcfbbe)
C            0.68207730718719        0.16266763821150       -0.02190271497365
C            0.64189283022596       -1.12745429636521        0.77328767603360
C            1.68485505546841       -1.43920440971964        1.63658489543235
C            1.65241260903582       -2.61220237201044        2.36892886744232
C            0.57771327058338       -3.47754508372563        2.24497942231035
C           -0.46375291817414       -3.16818684821500        1.38716130309372
C           -0.43683834344514       -1.99238969299249        0.65657200644257
N            0.48602258742119        1.29196394480385        0.87778028633124
C           -0.73882343584841        1.53931094501786        1.34668097536035
C           -0.98307072845616        2.55318493562291        2.25845910504270
C            0.10104590164505        3.29437887542943        2.72893527391979
C            1.36831798896971        3.01100759466616        2.24047068851905
C            1.53072963834405        2.00873382285771        1.30540586348497
C           -2.36981461512846        2.59881558815925        2.86863316069371
N           -3.01098255670045        3.76843680251017        2.92448071243606
C           -4.29921427834501        3.82959621914008        3.58330224363440
C           -2.55879962174925        5.00421216623927        2.33356746783507
O           -2.80049949994253        1.54319194853720        3.29234620415290
H           -0.11157825711348        0.16288180542500       -0.77127672604971
H            1.64546704570094        0.27289491646649       -0.52346373384407
H            2.53022796158715       -0.77242882551731        1.73299234431075
H            2.46833423736145       -2.85111506470657        3.03266529453821
H            0.55460030998412       -4.39299798816265        2.81468402681064
H           -1.29967625078700       -3.84158531873866        1.28334280543131
H           -1.24887188445556       -1.76279281544570       -0.01766102656365
H           -1.54521829213230        0.90236486320376        1.01197636854284
H           -0.03978152800699        4.06377325457758        3.47158506908667
H            2.22872667659017        3.56319036456773        2.58288117732331
H            2.50050941363185        1.77236366419069        0.89395357309333
H           -4.28982807731484        4.61657067931286        4.33746398924380
H           -5.08748855475222        4.03941887019259        2.85869426430664
H           -4.49354439801668        2.87028943419134        4.05779608397825
H           -2.22285851961097        5.70224183128988        3.10491145671838
H           -1.75105474036915        4.83301173255606        1.62539828297146
H           -3.39081633338981        5.46819081842920        1.80132331291078
35
 energy: -50.300403066999 gnorm: 0.002112165944 xtb: 6.7.1 (edcfbbe)
C            0.68754827701829        0.16680637668891       -0.02655021320757
C            0.64562329083335       -1.12467103371939        0.76785708312762
C            1.68839596221661       -1.43834051497409        1.63092069291721
C            1.64924657792645       -2.60748729361995        2.36904751097556
C            0.56862005081769       -3.46581840368350        2.25046062393620
C           -0.47145230458151       -3.15591553902908        1.39125402733011
C           -0.43842902573370       -1.98400149951299        0.65489703814889
N            0.48761723006330        1.29091854759734        0.87677296965588
C           -0.73694322288198        1.53133447743127        1.35057993819627
C           -0.98238009423830        2.54365033029213        2.26346685377373
C            0.09861476750183        3.29037462156098        2.73190566995153
C            1.36632084750084        3.01065127918717        2.24269151722740
C            1.53057378449294        2.01040822591222        1.30574457994983
C           -2.37152255909156        2.58939765329299        2.87245806481947
N           -3.00783624672785        3.76241863388179        2.92686191336826
C           -4.29729410479554        3.82788726237319        3.58410963665553
C           -2.55436134194532        4.99418957559544        2.32859479410979
O           -2.80271209758435        1.53493586231976        3.29775640965149
H           -0.10381128279730        0.16633328450010       -0.77790764553081
H            1.65237418640264        0.27815613563091       -0.52483202563670
H            2.53672437557458       -0.77491959998328        1.72202344378476
H            2.46456086303599       -2.84763877679863        3.03339304782404
H            0.53967743007026       -4.37706546539838        2.82599833605790
H           -1.31166851084370       -3.82491721450846        1.29058601796939
H           -1.24890064214883       -1.75103358223404       -0.02006170538892
H           -1.54391372781237        0.89277565720774        1.01931914753985
H           -0.04493899188782        4.06033703438571        3.47352605517784
H            2.22621160253407        3.56385511212311        2.58487742067090
H            2.50105741185666        1.77841031116503        0.89340955665908
H           -4.28324231800406        4.60523860499593        4.34794989036355
H           -5.08123107430938        4.05363277695227        2.85930052107102
H           -4.50146173551594        2.86481558412065        4.04643577979915
H           -2.22153401899407        5.69762786033121        3.09644284325869
H           -1.74429174687970        4.81908235478904        1.62402814111647
H           -3.38482161107451        5.45336136112611        1.78962206467708
35
 energy: -50.300410145361 gnorm: 0.001612138876 xtb: 6.7.1 (edcfbbe)
C            0.68943797391551        0.16726590204487       -0.02708976215951
C            0.64620860478193       -1.12418497729420        0.76696890040600
C            1.68879555926578       -1.43864367970959        1.62981133725466
C            1.64838235481188       -2.60730083920053        2.36879671311367
C            0.56644366913618       -3.46426128619547        2.25143499397349
C           -0.47358738820437       -3.15331334040029        1.39248976149901
C           -0.43908249839573       -1.98194729295376        0.65521525031988
N            0.48888281360159        1.29114794928619        0.87685090821571
C           -0.73609570283066        1.53023886342866        1.35051958216989
C           -0.98240158996879        2.54230088196725        2.26346292116685
C            0.09804934092395        3.28950388732380        2.73281083638828
C            1.36596982142548        3.01136195759325        2.24314586263062
C            1.53095623067356        2.01182436876881        1.30546267943013
C           -2.37142871032526        2.58761479119375        2.87211435343621
N           -3.00743290261571        3.76095060934506        2.92743032066660
C           -4.29670613927363        3.82739765907710        3.58472511879587
C           -2.55424772981459        4.99203559704555        2.32746569585189
O           -2.80330876009092        1.53300204994653        3.29640303996511
H           -0.10124502293135        0.16806590335164       -0.77938071213079
H            1.65470135634165        0.27904585482548       -0.52454379653845
H            2.53842576414234       -0.77662632011305        1.72011239327439
H            2.46326153685953       -2.84811047288069        3.03337462508942
H            0.53622480589706       -4.37504030327246        2.82804657950981
H           -1.31495933280628       -3.82097088238263        1.29334816490757
H           -1.24948828748363       -1.74872815035734       -0.01976546585999
H           -1.54186721404027        0.89044269924131        1.01918515244211
H           -0.04595606212931        4.05863290164842        3.47537590741981
H            2.22526922379507        3.56559791593020        2.58521876339192
H            2.50147122082674        1.78102158881801        0.89247188058236
H           -4.28069218775973        4.60265443837471        4.35086085407175
H           -5.08010590019959        4.05724789412906        2.86074146323920
H           -4.50318250938137        2.86355969866645        4.04447562985408
H           -2.22252345705628        5.69692918818462        3.09431951310534
H           -1.74341944867605        4.81596284763270        1.62407376198321
H           -3.38432943241707        5.45011209693580        1.78700677253440
35
 energy: -50.300424840844 gnorm: 0.001478652924 xtb: 6.7.1 (edcfbbe)
C            0.69994412277781        0.16894623822230       -0.02810472031749
C            0.64873826393347       -1.12185562576912        0.76492165186602
C            1.69061217968856       -1.44149608430247        1.62623163329535
C            1.64407087868938       -2.60838057845105        2.36782636492346
C            0.55574579030987       -3.45824438845761        2.25530868552729
C           -0.48450449357935       -3.14085846065364        1.39879302436654
C           -0.44291948260650       -1.97148802738609        0.65850854682608
N            0.49577066193380        1.29310993385909        0.87671388313288
C           -0.73147908957907        1.52572552021730        1.34878834116091
C           -0.98332197694459        2.53651841172824        2.26136491948183
C            0.09409750994779        3.28637119971625        2.73494982807465
C            1.36338722862819        3.01659145845373        2.24407746175979
C            1.53328209243965        2.01974176170985        1.30414143682237
C           -2.37244098110717        2.57935231152143        2.86712136604781
N           -3.00592119478452        3.75412808595601        2.92947877522723
C           -4.29262433199328        3.82515273601797        3.58971887235576
C           -2.55450756982895        4.98241334616796        2.32214424947117
O           -2.80782029940594        1.52320560064128        3.28604592436068
H           -0.08606685568075        0.17519986373755       -0.78615351941036
H            1.66835494475833        0.28100879556062       -0.51977245033987
H            2.54595051135750       -0.78613513245909        1.71419773446656
H            2.45810976164793       -2.85423434317762        3.03130084962631
H            0.52118008319888       -4.36868967642166        2.83292644729430
H           -1.33097045609099       -3.80229379989701        1.30537618877472
H           -1.25394592829355       -1.73560246581589       -0.01486324919074
H           -1.53132507589844        0.88010146555968        1.01546593580057
H           -0.05292216358147        4.05157895356956        3.48117369552405
H            2.21939993844388        3.57577028339424        2.58691537323086
H            2.50440048907920        1.79463626015647        0.88929549787886
H           -4.26635430251700        4.59102410367811        4.36574496661737
H           -5.07504023308769        4.07356740493775        2.87145143802154
H           -4.50867243534499        2.85816160134882        4.03833571452637
H           -2.22935859893976        5.69455301207729        3.08481877994129
H           -1.73950688591863        4.80299984210493        1.62479359929544
H           -3.38292210165412        5.43421039245391        1.77390275356096
35
 energy: -50.300430174127 gnorm: 0.000792141722 xtb: 6.7.1 (edcfbbe)
C            0.70168132821460        0.16943561702661       -0.02822848887792
C            0.64866367047330       -1.12063890416531        0.76602812341972
C            1.69076666168136       -1.44186833919694        1.62670799351519
C            1.64334604354400       -2.60890584451254        2.36777646271562
C            0.55396776081159       -3.45732060712302        2.25551516704952
C           -0.48666748836060       -3.13831230037052        1.40014025539671
C           -0.44434513065122       -1.96878969156813        0.66025732087064
N            0.49678808122641        1.29404291889233        0.87540863537726
C           -0.73051374787783        1.52635730122590        1.34725844419210
C           -0.98291993565851        2.53605796569585        2.26080375189002
C            0.09419534932920        3.28600628816310        2.73449245612952
C            1.36366464089966        3.01683742414240        2.24404186805351
C            1.53428724947741        2.02036053734915        1.30387799344460
C           -2.37227384716492        2.57820096875031        2.86668219878813
N           -3.00609326665245        3.75281938765815        2.92846384593164
C           -4.29219389882978        3.82339512977530        3.58995336451300
C           -2.55485143036454        4.98140664861849        2.32171896232306
O           -2.80729324178344        1.52186384083611        3.28499154722175
H           -0.08314537258110        0.17479467157545       -0.78720080619279
H            1.67104125190922        0.27990108421255       -0.51817879643930
H            2.54667530544604       -0.78734520002558        1.71397381441566
H            2.45770697467445       -2.85576003832042        3.03054490887885
H            0.51827263527886       -4.36734519335656        2.83340469324865
H           -1.33422800271829       -3.79855867318606        1.30693391272350
H           -1.25545151501583       -1.73147796873008       -0.01250833301787
H           -1.53054146513561        0.88114906189360        1.01308003669969
H           -0.05354147753243        4.05093500957322        3.48067224638324
H            2.21929639577966        3.57608637016346        2.58738709566571
H            2.50569625910167        1.79574117279982        0.88954630330480
H           -4.26475125945733        4.58712666293353        4.36801390970296
H           -5.07486852920761        4.07430573987635        2.87269206188403
H           -4.50868569423373        2.85528102202754        4.03616834593418
H           -2.23140125145372        5.69382079328669        3.08494182577299
H           -1.73875189161642        4.80311151165816        1.62535016455078
H           -3.38311116155464        5.43207563242015        1.77222871453142
35
 energy: -50.300437842782 gnorm: 0.000630665608 xtb: 6.7.1 (edcfbbe)
C            0.70696939052749        0.17026017188802       -0.02815320275761
C            0.64957490071347       -1.11857266200843        0.76806723152510
C            1.69208649402880       -1.44434783636533        1.62693558126088
C            1.64117897413916       -2.61124257860504        2.36791395292733
C            0.54802965639001       -3.45501197322890        2.25752976112185
C           -0.49303636431942       -3.13154095666822        1.40447849777900
C           -0.44742303666126       -1.96220886187447        0.66448841157910
N            0.49999657860026        1.29602981177150        0.87287501340007
C           -0.72781003165083        1.52809177372142        1.34308063213564
C           -0.98191679332624        2.53572942996499        2.25821425333832
C            0.09440317211807        3.28569776610555        2.73312075065630
C            1.36444110344326        3.01822513738719        2.24354164692267
C            1.53704967817228        2.02224965552393        1.30329266274416
C           -2.37185357938424        2.57605436397981        2.86336753121053
N           -3.00661153974598        3.74987707196877        2.92535158352835
C           -4.29086929992895        3.81852720129989        3.59093600678640
C           -2.55712167442184        4.97997121795930        2.32071222681694
O           -2.80570377778844        1.51907692441879        3.28109942423444
H           -0.07468390590363        0.17405721428311       -0.78993278985742
H            1.67867129950904        0.27752105836859       -0.51368365907140
H            2.54987358776224       -0.79231747933104        1.71267992589142
H            2.45670079293305       -2.86163943704160        3.02808567029183
H            0.51048940815615       -4.36551780350095        2.83394175276739
H           -1.34334540873757       -3.78854889927446        1.31158699950287
H           -1.25922895492955       -1.72056611164033       -0.00590762978568
H           -1.52802234456706        0.88409663870969        1.00630738125757
H           -0.05504142463920        4.04949725851392        3.48001044743849
H            2.21926966806180        3.57745267752376        2.58873195648099
H            2.50935823198682        1.79836362020890        0.89082679225143
H           -4.26079151294195        4.57692804919837        4.37351003117796
H           -5.07497971337933        4.07448626895876        2.87739982654724
H           -4.50732756813328        2.84828994939381        4.03170202329926
H           -2.23852078547317        5.69299095391986        3.08550953263280
H           -1.73816356404383        4.80505801272732        1.62681758019711
H           -3.38522165656885        5.42777237174249        1.76850219376928
35
 energy: -50.300442889739 gnorm: 0.000910911126 xtb: 6.7.1 (edcfbbe)
C            0.71254928520903        0.17097562046947       -0.02850871178006
C            0.65054124200858       -1.11672815315011        0.76938582744670
C            1.69335011858334       -1.44681218540801        1.62633324936920
C            1.63898517523479       -2.61341842951076        2.36743544710113
C            0.54202949229921       -3.45249974195314        2.25933623039126
C           -0.49982548002691       -3.12426670114913        1.40906558314127
C           -0.45076030397307       -1.95524790319451        0.66887630610279
N            0.50374191393087        1.29769010592921        0.87078948569373
C           -0.72488235884603        1.52974806632028        1.33878201691450
C           -0.98049687590576        2.53593435348054        2.25510511752899
C            0.09511076043926        3.28547277842854        2.73232920701307
C            1.36576603739001        3.01937710581656        2.24363567193538
C            1.54004771072154        2.02403028583481        1.30299513881657
C           -2.37043175150973        2.57391536509890        2.86043550592988
N           -3.00729099291278        3.74660008800376        2.92279489947633
C           -4.29031653584618        3.81303567111804        3.59127836834819
C           -2.55980109931727        4.97823129740446        2.31996526302618
O           -2.80248557228172        1.51599831275288        3.27745888148323
H           -0.06630730697260        0.17467544634535       -0.79309623524850
H            1.68624514764356        0.27620551682757       -0.51037018938552
H            2.55434447801819       -0.79857962736400        1.70945661575788
H            2.45466547528754       -2.86692544353517        3.02624188368584
H            0.50109613151402       -4.36220455699323        2.83694863150510
H           -1.35382735317540       -3.77703310241224        1.31868756886481
H           -1.26275671904928       -1.71027006606331       -0.00006738104456
H           -1.52463743110047        0.88623711481405        0.99999366818563
H           -0.05560483997385        4.04795621705566        3.48032192199453
H            2.21979557362655        3.57906922744192        2.58994852615555
H            2.51308663781290        1.80074360194333        0.89191747747630
H           -4.25654106756885        4.56496936159988        4.38046104446707
H           -5.07509770101185        4.07707235743652        2.88074222813007
H           -4.50830674938384        2.83908749533936        4.02439661618320
H           -2.24619349924119        5.69204253587237        3.08611047172998
H           -1.73786633137879        4.80622020559117        1.62880768830942
H           -3.38750521024671        5.42348777980782        1.76494597529553
35
 energy: -50.300448594995 gnorm: 0.000712198429 xtb: 6.7.1 (edcfbbe)
C            0.71864436268373        0.17121278587852       -0.02837712045592
C            0.65236016648040       -1.11597093849196        0.77003587390674
C            1.69535004102956       -1.45069493598117        1.62484972102124
C            1.63686229244462       -2.61670366956796        2.36661180300850
C            0.53554034144505       -3.45039164250789        2.26143954316317
C           -0.50668136780647       -3.11730698413125        1.41349622442645
C           -0.45335639304441       -1.94897472872355        0.67257103364931
N            0.50782991195971        1.29868545516268        0.86969528931493
C           -0.72178966848342        1.53104774748215        1.33494367969185
C           -0.97913156646341        2.53702948275879        2.25108590109605
C            0.09547209751171        3.28667995643959        2.73039649921878
C            1.36696291095592        3.02106819453403        2.24356034228125
C            1.54307168871413        2.02549825111038        1.30353679600731
C           -2.36901986046416        2.57266321648004        2.85649235965464
N           -3.00799041619486        3.74414227810035        2.92080783425061
C           -4.28978264207428        3.80766597141863        3.59211762474743
C           -2.56341260239294        4.97760482559505        2.31970113494147
O           -2.79915767131907        1.51348239218814        3.27249118243525
H           -0.05750301928092        0.17552343163571       -0.79579893559438
H            1.69411343374887        0.27536790634166       -0.50686881550477
H            2.55985624954718       -0.80684044416450        1.70566577916459
H            2.45251965854917       -2.87385075991514        3.02399912706790
H            0.49125631063412       -4.35957104331278        2.83980187729697
H           -1.36424996019728       -3.76566200930205        1.32567465006823
H           -1.26550761735399       -1.70053697687922        0.00510793543833
H           -1.52087051670065        0.88762691688728        0.99469894609260
H           -0.05650877805969        4.04850442350445        3.47876454026264
H            2.22024695527623        3.58126273321685        2.59089123213973
H            2.51694992210486        1.80210440545834        0.89448977266148
H           -4.25407079650820        4.55478118083119        4.38518618906689
H           -5.07550747441251        4.07609893248470        2.88504419166792
H           -4.50750347855032        2.83191993023727        4.02014106961234
H           -2.25474617885436        5.69211078614352        3.08716060170945
H           -1.73877420488566        4.80886334292865        1.63099342747474
H           -3.39105213004170        5.42034958615825        1.76253268901700
35
 energy: -50.300455441355 gnorm: 0.000456374385 xtb: 6.7.1 (edcfbbe)
C            0.72686292491243        0.17141157603615       -0.02838052411711
C            0.65553775705363       -1.11561775013437        0.76965243368964
C            1.69875361223736       -1.45661906122064        1.62148753663044
C            1.63370289722910       -2.62091944479453        2.36576239255342
C            0.52554279200400       -3.44634826426892        2.26610897847964
C           -0.51647401480865       -3.10731479922000        1.42022889155793
C           -0.45632345370542       -1.94087551236611        0.67671102392767
N            0.51361471683920        1.29949026888190        0.86886989320858
C           -0.71733340988866        1.53242290577763        1.33039470185810
C           -0.97697101354754        2.53906631981042        2.24534191662259
C            0.09623043510678        3.28926021329894        2.72708745426267
C            1.36894993338165        3.02342278755195        2.24330873131363
C            1.54744997222381        2.02678382513214        1.30493296773817
C           -2.36693345616062        2.57163694336399        2.85030083671265
N           -3.00880550199344        3.74103402896359        2.91870893373692
C           -4.28959425507030        3.79956545960681        3.59259004724860
C           -2.56854108472248        4.97739325772410        2.32044972329954
O           -2.79377310046705        1.51065291516628        3.26521754489776
H           -0.04613132003591        0.17721272485827       -0.79917038294850
H            1.70430623992231        0.27494836323126       -0.50299509130682
H            2.56836142283425       -0.81923065679264        1.69896699370405
H            2.44970629826621       -2.88364501952334        3.02051846738955
H            0.47708154636323       -4.35502634572629        2.84498463359190
H           -1.37861972860574       -3.74976868370933        1.33597222969007
H           -1.26881776510171       -1.68775820020957        0.01140074475383
H           -1.51546141383710        0.88885382952397        0.98862775002056
H           -0.05737225600913        4.05146176915716        3.47476294038432
H            2.22158326087262        3.58362075317628        2.59251942719533
H            2.52254866022623        1.80216726649518        0.89939937744241
H           -4.25177525716879        4.53960272913955        4.39260398633313
H           -5.07606879870734        4.07529555260412        2.88896638441351
H           -4.50744129399497        2.81988871277064        4.01222751566012
H           -2.26594228744166        5.69236520471635        3.08978491340356
H           -1.74097126312226        4.81329048061204        1.63430414023706
H           -3.39646179508733        5.41706585036566        1.76129248641590
35
 energy: -50.300459704649 gnorm: 0.000471272764 xtb: 6.7.1 (edcfbbe)
C            0.73353623721208        0.17161111383228       -0.02814976394401
C            0.65780166599888       -1.11522266085372        0.76967879187751
C            1.70131360887225       -1.46176971548750        1.61879275777825
C            1.63129796441953       -2.62503450319621        2.36424890502642
C            0.51780732259708       -3.44363618461460        2.26869417487589
C           -0.52443444874377       -3.09922232012362        1.42515150080879
C           -0.45912228695950       -1.93397930703276        0.68034321069292
N            0.51864974848836        1.29996241697397        0.86876757193891
C           -0.71327605421090        1.53336817708697        1.32741042318861
C           -0.97492943016799        2.54132290759970        2.24052300515521
C            0.09702722941151        3.29286740018507        2.72302817293272
C            1.37096963152742        3.02568494098029        2.24292935640101
C            1.55156205681442        2.02732045728686        1.30679601708823
C           -2.36486494848490        2.57084946458603        2.84573467328994
N           -3.00934810412259        3.73861074600071        2.91774799071392
C           -4.28986539845536        3.79250060119890        3.59247621382869
C           -2.57278984457639        4.97738603505853        2.32174851140655
O           -2.78862165546653        1.50779366886015        3.25910565565463
H           -0.03712243037204        0.17894004664299       -0.80140011702880
H            1.71254617125456        0.27450266648933       -0.49979265788204
H            2.57558887923121       -0.83029921875087        1.69284111983498
H            2.44720911962164       -2.89220417311052        3.01727264119441
H            0.46462912871516       -4.35070764463381        2.84989314518862
H           -1.39099089332966       -3.73623153414682        1.34460341679072
H           -1.27148796920464       -1.67723545636182        0.01626012884117
H           -1.51051723321000        0.88904239143892        0.98516359019136
H           -0.05793673403419        4.05656805092726        3.46901856094879
H            2.22300712275028        3.58598748760700        2.59346159391386
H            2.52768757016626        1.80112636658567        0.90454230965306
H           -4.25251182199118        4.52822842667034        4.39616684101077
H           -5.07679388555718        4.07126553225544        2.89107194631584
H           -4.50667936603571        2.81093850860130        4.00726030055494
H           -2.27453683055258        5.69235044929065        3.09274868226326
H           -1.74319802948980        4.81713432655244        1.63719579911624
H           -3.40118609211923        5.41497053559997        1.76160553037948
