31
 energy: -40.655632126312 gnorm: 0.048164396135 xtb: 6.7.1 (edcfbbe)
C            1.51254000000000        0.05975000000000        0.43248000000000
C            0.85161000000000        1.34950000000000        0.82588000000000
C           -0.03272000000000        1.40939000000000        1.90109000000000
C           -0.63742000000000        2.61747000000000        2.23137000000000
N           -0.38244000000000        3.73631000000000        1.51254000000000
C            0.47662000000000        3.70137000000000        0.46787000000000
C            1.10400000000000        2.51526000000000        0.10448000000000
C           -1.04734000000000        5.01513000000000        1.87597000000000
C           -2.30122000000000        5.23199000000000        1.02798000000000
C           -3.39554000000000        4.24691000000000        1.35340000000000
C           -3.60939000000000        3.12417000000000        0.54084000000000
C           -4.59170000000000        2.19054000000000        0.87256000000000
C           -5.37258000000000        2.37297000000000        2.01158000000000
C           -5.17666000000000        3.49144000000000        2.81848000000000
C           -4.19270000000000        4.42547000000000        2.49307000000000
H            1.17801000000000       -0.24456000000000       -0.56444000000000
H            1.26823000000000       -0.74579000000000        1.13266000000000
H            2.60077000000000        0.17917000000000        0.42697000000000
H           -0.26084000000000        0.51914000000000        2.48469000000000
H           -1.33928000000000        2.69437000000000        3.05759000000000
H            0.65015000000000        4.62629000000000       -0.07461000000000
H            1.78784000000000        2.50299000000000       -0.74275000000000
H           -1.26475000000000        4.99281000000000        2.94994000000000
H           -0.31915000000000        5.81603000000000        1.70315000000000
H           -2.68169000000000        6.24691000000000        1.19811000000000
H           -2.05582000000000        5.17580000000000       -0.03959000000000
H           -3.02465000000000        2.96471000000000       -0.36295000000000
H           -4.76218000000000        1.32533000000000        0.23504000000000
H           -6.14881000000000        1.65221000000000        2.26070000000000
H           -5.80450000000000        3.64127000000000        3.69473000000000
H           -4.07338000000000        5.29925000000000        3.13133000000000
31
 energy: -40.659283036630 gnorm: 0.020784613557 xtb: 6.7.1 (edcfbbe)
C            1.50482735866894        0.06753284906656        0.44133215189660
C            0.84046056471020        1.34561405048599        0.82266697062650
C           -0.05007709813969        1.41975543295303        1.89344438849092
C           -0.64595605169282        2.62220679269408        2.21641544002954
N           -0.37960232113692        3.73594674976444        1.51599123041013
C            0.46699264254319        3.69410117831407        0.47434743318706
C            1.08768297165162        2.51958827760353        0.10765668745113
C           -1.03859275210104        5.00343441919469        1.86508881540459
C           -2.30165350615482        5.22043065994984        1.02781858667127
C           -3.38577603860682        4.22760089274701        1.36252478645415
C           -3.60045019787311        3.11320695543492        0.55771044234259
C           -4.58908141757517        2.19494332287920        0.87678990820487
C           -5.36961989486223        2.37896290385995        2.00665035316971
C           -5.16914918520873        3.49100081278607        2.80933806823714
C           -4.18180989346709        4.40989393907095        2.48997895181850
H            1.18754822911660       -0.23043791349493       -0.55780210892449
H            1.26014602798310       -0.73414037736131        1.13585183053204
H            2.58706647212503        0.19339766707356        0.41968334457156
H           -0.27322021153962        0.54215651642933        2.48343038242620
H           -1.33982251933357        2.70556934591315        3.04078604929920
H            0.64394961635466        4.61736639802585       -0.05952950754057
H            1.77223048961302        2.51571068198817       -0.72925468539301
H           -1.28178086299976        4.97892668680274        2.92978851152018
H           -0.32320106243341        5.81234947061448        1.69203353453729
H           -2.66426473324911        6.23480106924019        1.21921307673723
H           -2.04907333756897        5.16007858005427       -0.03451324106253
H           -3.01649517171602        2.96707736854121       -0.34266068787208
H           -4.75616209294623        1.33731288203847        0.23994991944761
H           -6.13916131360022        1.66197254597011        2.25646209338442
H           -5.78842556734504        3.64422585565212        3.68232278972028
H           -4.05251914321602        5.28301398570826        3.11664448422194
31
 energy: -40.659932787239 gnorm: 0.007197443690 xtb: 6.7.1 (edcfbbe)
C            1.49532665776756        0.07414320823545        0.44668325631224
C            0.82965656837895        1.34364309076635        0.82082335423245
C           -0.06759325088120        1.42698364041877        1.88805466603103
C           -0.65742375632346        2.62802915364711        2.20841072747779
N           -0.38213190677423        3.74098241882580        1.52030854585155
C            0.45923567067929        3.69370619996698        0.47922160681173
C            1.07565099922344        2.52432534355152        0.11014983400100
C           -1.03118378339542        4.99821557944574        1.86434696019324
C           -2.29861443828096        5.21325722108212        1.02416389993627
C           -3.37603980719421        4.21693755345672        1.36341618745141
C           -3.58835069270933        3.10256432650123        0.56395206970453
C           -4.57834324865065        2.18920412591992        0.88104993206570
C           -5.36104829641779        2.37735955832157        2.00654121052800
C           -5.15655770041759        3.48741028719561        2.80861779787982
C           -4.16902842236823        4.40115806509659        2.48900913576579
H            1.18928805039117       -0.22204405422306       -0.55589923696537
H            1.25124755142811       -0.72548247403583        1.13865034399679
H            2.57546341539304        0.20612962036068        0.41839597373901
H           -0.29828472967684        0.55314507037906        2.47481586209544
H           -1.35169423344721        2.71353059181166        3.02959858326647
H            0.64087815976078        4.61716925137887       -0.04942116214965
H            1.75716568876750        2.52352549174500       -0.72515142665451
H           -1.29083408646736        4.97598827283812        2.92409865822056
H           -0.32405741906057        5.81132002315370        1.68865957525364
H           -2.65541447670514        6.22411444459301        1.22882408824363
H           -2.04850936067558        5.15094553201003       -0.03672366571450
H           -2.99517687621066        2.95851250620583       -0.32859806740222
H           -4.74671469426351        1.33713812541972        0.24177117464197
H           -6.13722226243691        1.66978566260672        2.24990664577203
H           -5.77611269682956        3.64796951960955        3.67654040251011
H           -4.02856662260355        5.27393264371535        3.10994306690397
31
 energy: -40.660064968137 gnorm: 0.003197725230 xtb: 6.7.1 (edcfbbe)
C            1.48754088386132        0.07683744924172        0.44791696607928
C            0.81960181517091        1.34357799952022        0.81863874305302
C           -0.08248644112972        1.42893437590239        1.88249888401452
C           -0.66709901931638        2.63168268763237        2.20536550295250
N           -0.38334709802387        3.74701033693724        1.52422697200355
C            0.45793318517523        3.69695647511247        0.48242350144400
C            1.06882078336641        2.52647196526693        0.11037395680615
C           -1.02777915391444        5.00080214049312        1.86613577153536
C           -2.29655454282103        5.21325021608978        1.02202876825026
C           -3.36731001550358        4.21176613691102        1.36362210529622
C           -3.57553884700626        3.09366243417912        0.56721083850497
C           -4.56872733767012        2.18280286537989        0.88299193036625
C           -5.35587168586007        2.37580341979099        2.00507795301012
C           -5.14957102996690        3.48516198079060        2.80853913930202
C           -4.16012538230027        4.39702993837351        2.48986321286685
H            1.18676420673935       -0.22097309867863       -0.55651182315368
H            1.24399343748185       -0.72316701931097        1.13920975419099
H            2.56778856857843        0.21204082412916        0.42114037896920
H           -0.32028123548455        0.55430885085283        2.46559006272395
H           -1.36441960456545        2.71701242979387        3.02442344149983
H            0.64334818638283        4.62103165002471       -0.04438117994614
H            1.74997932247732        2.52538277418807       -0.72528523733815
H           -1.29426521144978        4.98242217692721        2.92412478950829
H           -0.32412071572904        5.81616607906234        1.68955195443711
H           -2.65650597377051        6.22165225754555        1.22801048887175
H           -2.04556565022621        5.14981652867537       -0.03809084261722
H           -2.97810219957235        2.94914358493627       -0.32262575014321
H           -4.73512548935040        1.32930253591848        0.24502695182059
H           -6.13410067781441        1.67018943266804        2.24738553292329
H           -5.76787350107979        3.64663992992039        3.67718733876681
H           -4.01598957667875        5.27088064172575        3.10848989400138
31
 energy: -40.660176898767 gnorm: 0.004063861359 xtb: 6.7.1 (edcfbbe)
C            1.47419493215402        0.07967616977747        0.44814689727901
C            0.80374613711345        1.34503167359307        0.81555885646102
C           -0.10636872282079        1.43110997656443        1.87271672214544
C           -0.68336607651555        2.63694199405762        2.20002529317794
N           -0.38514172158482        3.75611626563614        1.52890101327047
C            0.45853676783884        3.70306477800139        0.48726293753835
C            1.06114318549047        2.52961525841983        0.11153649694607
C           -1.02376002910150        5.00812651526337        1.86908352804690
C           -2.29379499556469        5.21501966907670        1.01958514816051
C           -3.35659197114354        4.20696688350556        1.36245341122445
C           -3.55704680304954        3.08235751051972        0.57117556157669
C           -4.55059660615871        2.17139740749010        0.88801227582551
C           -5.34325443618618        2.36977650563477        2.00585984715275
C           -5.13811697641762        3.47989266397588        2.80956576916488
C           -4.14943348878432        4.39241659997888        2.49001138114045
H            1.18005855778355       -0.22089021018679       -0.55827482937695
H            1.23000193819241       -0.72132570591495        1.13857799566065
H            2.55493946734666        0.21781451405200        0.42709735800136
H           -0.35734907461059        0.55394193513599        2.44805506573630
H           -1.38580300106190        2.72195490344089        3.01565691595997
H            0.65197816709671        4.62857539698632       -0.03535925748954
H            1.74310141815121        2.52693006852766       -0.72424868218772
H           -1.29602154178009        4.99536584378575        2.92563960126085
H           -0.32272098555607        5.82534317412915        1.69125963989354
H           -2.66077062315762        6.22061257603766        1.22354797610703
H           -2.03923138245409        5.15072055816790       -0.03942286126466
H           -2.95285965446900        2.93437041522684       -0.31408516898211
H           -4.71341921287553        1.31432626427178        0.25297546070054
H           -6.12650056690444        1.66773801013894        2.24468128019797
H           -5.75737836036056        3.64265035057664        3.67788921981008
H           -4.00316434061059        5.26796203412894        3.10627514686203
31
 energy: -40.660249188131 gnorm: 0.004883888302 xtb: 6.7.1 (edcfbbe)
C            1.46130150861241        0.08078126214897        0.44737115898221
C            0.79064647422162        1.34702596202301        0.81317318348596
C           -0.12639900133854        1.43300442029654        1.86390513365145
C           -0.69712175734915        2.64141530127641        2.19450219651102
N           -0.38624744720577        3.76266712273266        1.53112587104128
C            0.46137179470793        3.70831591747624        0.49175136511831
C            1.05776793278082        2.53225520982795        0.11389867730576
C           -1.02170051639624        5.01555613340729        1.87048570710362
C           -2.29200038227439        5.21770164648157        1.01821413672572
C           -3.34894779195998        4.20452830188735        1.36199302285697
C           -3.54216765456839        3.07507681852412        0.57495397072714
C           -4.53379935278245        2.16199506802137        0.89303785239113
C           -5.33079445337624        2.36292321989531        2.00742250588023
C           -5.12965157291743        3.47493684955246        2.80984514161574
C           -4.14309945418584        4.38953493056281        2.48937864882651
H            1.17135148270462       -0.22054241253853       -0.56013070644622
H            1.21424736176826       -0.72061936530567        1.13691740999675
H            2.54242627925814        0.21893448262132        0.43226952845687
H           -0.38866303798893        0.55396542976437        2.43226431791258
H           -1.40395027635879        2.72681638641049        3.00666228630829
H            0.66256407884596        4.63502984163528       -0.02634578470059
H            1.74223979589278        2.52799317240563       -0.72029945144107
H           -1.29458710441821        5.00629460682180        2.92687878423004
H           -0.32097700876437        5.83274525682763        1.69092255048080
H           -2.66501902825884        6.22177813390962        1.21921193737913
H           -2.03419171891477        5.15307962607147       -0.04011924460252
H           -2.93477755470999        2.92501738108322       -0.30798858680997
H           -4.69174799158427        1.30085176025602        0.26165971322904
H           -6.11404393009405        1.66034055584014        2.24566832928039
H           -5.74985737773999        3.63709103143923        3.67794735351612
H           -3.99916229560649        5.26710594864347        3.10358299098704
31
 energy: -40.660349172412 gnorm: 0.003965044111 xtb: 6.7.1 (edcfbbe)
C            1.44415782560370        0.08079439047100        0.44563712423001
C            0.77579300215721        1.34983042219453        0.81053677890074
C           -0.15012361660891        1.43558759716295        1.85271534831426
C           -0.71372890040488        2.64695847123188        2.18626437688207
N           -0.38712743004071        3.76937648990544        1.53181963299608
C            0.46733031152413        3.71453370454156        0.49768240887124
C            1.05737642642147        2.53552012059296        0.11840868038163
C           -1.02014663479724        5.02503432611580        1.87054896236117
C           -2.29046653842809        5.22169143707170        1.01744999147275
C           -3.34191811387430        4.20344249195543        1.36184438570378
C           -3.52557274537410        3.06871879065945        0.57992968623721
C           -4.51197202071372        2.15051628981120        0.90039277990847
C           -5.31326770865854        2.35198989900397        2.01135104554510
C           -5.12055003937434        3.46828297853620        2.81004058275825
C           -4.13892025445813        4.38751256482728        2.48763622536479
H            1.15796466886882       -0.21928149699143       -0.56292576863717
H            1.19111550482137       -0.72057096244053        1.13363590589590
H            2.52570644943455        0.21620383262873        0.43787057091683
H           -0.42560597430977        0.55496200330833        2.41269119221690
H           -1.42592751605407        2.73365450984211        2.99360508357197
H            0.67891958523569        4.64261746944010       -0.01392149945208
H            1.74738799587924        2.52951974472665       -0.71148347630455
H           -1.29025249427281        5.01873667146858        2.92764139029759
H           -0.31836339930771        5.84080466067559        1.68794201206134
H           -2.66975985071896        6.22459213695669        1.21490234554420
H           -2.02966061196813        5.15714328005060       -0.04042068105922
H           -2.91568180700501        2.91692754350968       -0.30102496102313
H           -4.66289391334530        1.28440836193767        0.27368980795567
H           -6.09394798194879        1.64648653293040        2.24995505704250
H           -5.74349162717077        3.62955038621803        3.67652037762653
H           -4.00136259111267        5.26805535165681        3.09922463341878
31
 energy: -40.660497856254 gnorm: 0.002878519074 xtb: 6.7.1 (edcfbbe)
C            1.41673166018801        0.07937893547767        0.44240142612418
C            0.75557079914490        1.35373312766269        0.80716240053555
C           -0.18394408221666        1.44021374975805        1.83630308233609
C           -0.73759282446945        2.65572231994647        2.17265239865433
N           -0.38788677869837        3.77854743166137        1.53108507654469
C            0.47888225235099        3.72337703154242        0.50748966485547
C            1.06099759757292        2.54050685134382        0.12747237085476
C           -1.01852082062958        5.03852613434403        1.86834004188744
C           -2.28918066477555        5.22829239538324        1.01674727192733
C           -3.33371266820866        4.20339039734057        1.36219356262326
C           -3.50222901206442        3.06134183916653        0.58784469353205
C           -4.47849038678051        2.13349844466579        0.91228441056098
C           -5.28548760539516        2.33349397368638        2.01895415922284
C           -5.10857341269168        3.45809105880769        2.80991695579751
C           -4.13630314176360        4.38600380732352        2.48410161981481
H            1.13483095777258       -0.21569185628551       -0.56818289701284
H            1.15192044829610       -0.72159526851550        1.12683355908953
H            2.49901324555316        0.20696012330138        0.44422516451004
H           -0.47836872887816        0.55816239916747        2.38425240649302
H           -1.45823885264735        2.74507713327631        2.97190376225506
H            0.70680333879349        4.65315150605711        0.00613312138651
H            1.76194424850014        2.53241091491664       -0.69326799050860
H           -1.28289324457689        5.03559769732304        2.92695674069888
H           -0.31497122169739        5.85169202365712        1.68042461393616
H           -2.67543172958740        6.22967190718165        1.21127104883705
H           -2.02656205451146        5.16440937085348       -0.04100509840254
H           -2.88960919313999        2.90896260008303       -0.29098529042908
H           -4.61743987004783        1.26038300962183        0.29240033133092
H           -6.05854711611386        1.62057070659310        2.26025426332271
H           -5.73643332242155        3.61793833406066        3.67302862901001
H           -4.01126781685783        5.27178190059707        3.09096850021140
31
 energy: -40.660670637837 gnorm: 0.003732376085 xtb: 6.7.1 (edcfbbe)
C            1.37886594973810        0.07626751932638        0.43744760582425
C            0.73117593580541        1.35804857230777        0.80346139351408
C           -0.22610803843331        1.44738186304416        1.81562286905460
C           -0.76730992217460        2.66799303216718        2.15426314669820
N           -0.38849041775628        3.79061553538075        1.52931038566448
C            0.49630075698769        3.73426413343600        0.52181300520021
C            1.06912026517843        2.54678790563288        0.14192249622049
C           -1.01678840443604        5.05501726371443        1.86340824257177
C           -2.28895077232360        5.23771590300398        1.01553144917368
C           -3.32522754490306        4.20475520763232        1.36249214553535
C           -3.47275315173868        3.05314150809711        0.59814147533105
C           -4.43376325121725        2.11123010150443        0.92843577645552
C           -5.24743687720440        2.30752052147763        2.03051788026063
C           -5.09379679235197        3.44429363212278        2.80960833095313
C           -4.13594133303841        4.38531628300293        2.47849307824376
H            1.10142578221290       -0.20914441522612       -0.57671727591083
H            1.09619965812812       -0.72435418773303        1.11533410434572
H            2.46243761937089        0.18944280908505        0.44991371386311
H           -0.54444528477792        0.56437834057391        2.34841259424045
H           -1.49928402290068        2.76123762823403        2.94237226396607
H            0.74627386485615        4.66557912858471        0.03384981226620
H            1.78639065505542        2.53625406178962       -0.66461581917412
H           -1.27457015569781        5.05638965026684        2.92384737156821
H           -0.31206499366088        5.86544911889411        1.66837684663739
H           -2.68169457974270        6.23684203385904        1.20991866878763
H           -2.02710329119957        5.17557512313318       -0.04266972055285
H           -2.85645438654907        2.90220629740993       -0.27820976781366
H           -4.55566412185705        1.22960059197474        0.31701175382437
H           -6.00784402324694        1.58283336536797        2.27705034892229
H           -5.72856272483564        3.60237740547543        3.66774863707796
H           -4.02892639728868        5.27858406645856        3.07806718725019
31
 energy: -40.660825789507 gnorm: 0.004448131138 xtb: 6.7.1 (edcfbbe)
C            1.33720977018261        0.07193669932529        0.43103016346412
C            0.70772841286620        1.36173841655382        0.80053059951391
C           -0.26701463563219        1.45627883655526        1.79545092245355
C           -0.79580271818968        2.68180312069962        2.13565718256680
N           -0.38906998162584        3.80360906372028        1.52741156584680
C            0.51600510145159        3.74440942323231        0.53859613136103
C            1.07981152828105        2.55238779545788        0.15971886538474
C           -1.01550915710458        5.07105499421115        1.85676282648888
C           -2.29059189922877        5.24852437442111        1.01352203718100
C           -3.31855537387446        4.20754359724356        1.36194840992038
C           -3.44278818458280        3.04593015440071        0.60819523568028
C           -4.38604111323404        2.08837140517830        0.94542461861994
C           -5.20609496649164        2.27945596541903        2.04357116734193
C           -5.07895382551300        3.42925168798314        2.80898527391381
C           -4.13824073917510        4.38541287294623        2.47145968471934
H            1.06296602082683       -0.20047376001583       -0.58769004962804
H            1.03384095211277       -0.72867601251333        1.09996884668332
H            2.42244805467769        0.16560237504356        0.45279688385945
H           -0.60916857863977        0.57326476527384        2.31289849862258
H           -1.53893660285366        2.77938894655427        2.91236338080788
H            0.78946786659351        4.67630998090260        0.06441428464519
H            1.81524637196391        2.53911585558160       -0.63028672667174
H           -1.26818826918655        5.07755713214384        2.91863144587964
H           -0.31111324679095        5.87974461106275        1.65431904027789
H           -2.68796676962314        6.24493391912908        1.21149041053751
H           -2.03204036674712        5.18954272295854       -0.04566157324168
H           -2.82241024801715        2.89876092415290       -0.26582936254808
H           -4.48845234535074        1.19824877996215        0.34277501191468
H           -5.95062075754149        1.54075076383727        2.29746172144234
H           -5.72075678785780        3.58490767254460        3.66209960085627
H           -4.05139751169761        5.28691291603277        3.06214390210543
31
 energy: -40.660935817011 gnorm: 0.003664306641 xtb: 6.7.1 (edcfbbe)
C            1.30215682370825        0.06760326439781        0.42420130866654
C            0.69118424809911        1.36384031076973        0.79944200192279
C           -0.29465999270435        1.46474052652232        1.78236689132785
C           -0.81421663499919        2.69373402400906        2.12335157243986
N           -0.38949303122860        3.81423152346146        1.52653434262045
C            0.53194265193129        3.75070828720450        0.55358248055447
C            1.08911745528426        2.55525179510390        0.17621244171503
C           -1.01505942704652        5.08263751377974        1.85039160613298
C           -2.29388209339259        5.25790288863196        1.01115257566907
C           -3.31553209535513        4.21096690691374        1.36011625933702
C           -3.42035360782687        3.04194910229975        0.61454704807237
C           -4.34765412939677        2.07131874211015        0.95816466152729
C           -5.17181855091332        2.25680246554523        2.05426065235725
C           -5.06756860651446        3.41641595493925        2.80795670228416
C           -4.14246630391072        4.38568476368456        2.46449351006369
H            1.02831847080964       -0.19167735288563       -0.59849142430157
H            0.98108715227484       -0.73321118456624        1.08415832890295
H            2.38875443766000        0.14160875967003        0.45100396138540
H           -0.65350979239493        0.58292734293075        2.28891553767626
H           -1.56406855037192        2.79505528291430        2.89251885994756
H            0.82350755541976        4.68174859003471        0.08957868207332
H            1.83876110997903        2.53927821249251       -0.59982464623177
H           -1.26561448809929        5.09418554705278        2.91283072847960
H           -0.31242027575921        5.89104923642815        1.64193822634289
H           -2.69305305591052        6.25190373006739        1.21536838001764
H           -2.03966336949995        5.20310102696517       -0.04916576232057
H           -2.79671466911474        2.89992943300300       -0.25798454699047
H           -4.43325008705714        1.17510852879279        0.36241137858193
H           -5.90158749484509        1.50603850729212        2.31544110930240
H           -5.71458936948806        3.56919245207381        3.65750561930042
H           -4.07264427933908        5.29357381835918        3.04718151314217
31
 energy: -40.660991245980 gnorm: 0.002096088759 xtb: 6.7.1 (edcfbbe)
C            1.27719352379209        0.06440649873732        0.41799248689092
C            0.68084165042172        1.36462880981009        0.79967748244910
C           -0.30981661476090        1.47085058509388        1.77689992000422
C           -0.82328592642496        2.70213019078663        2.11837123170310
N           -0.38962892522732        3.82192231686662        1.52702046646730
C            0.54215325453802        3.75400027691147        0.56455729721395
C            1.09497804526331        2.55614598952574        0.18854164367223
C           -1.01487262952666        5.09004922231695        1.84564571060556
C           -2.29724754045348        5.26446095520598        1.00876769083814
C           -3.31434023916488        4.21336300312361        1.35768995754231
C           -3.40614627559645        3.03989875590881        0.61718625194074
C           -4.32195777845519        2.06060812278172        0.96554856177724
C           -5.14808610898223        2.24179601882570        2.06107688243727
C           -5.05984773303221        3.40723617639275        2.80674652339696
C           -4.14590008788073        4.38534215917634        2.45894625547594
H            1.00210394163228       -0.18402869094360       -0.60747383819515
H            0.94405629651070       -0.73680883196017        1.07077240577474
H            2.36449506658745        0.12323067180885        0.44639149769731
H           -0.67841387005163        0.59039922794592        2.27778923235353
H           -1.57564023776773        2.80585136096697        2.88445051230262
H            0.84540111500047        4.68380937607468        0.10657170048503
H            1.85327126519934        2.53805235649897       -0.57838136169904
H           -1.26579678361784        5.10606002465847        2.90793316695186
H           -0.31444330188595        5.89903588091924        1.63286675698881
H           -2.69688185345970        6.25665965156352        1.21905363460222
H           -2.04634497532950        5.21365433930118       -0.05234769731314
H           -2.78054159380065        2.90247134178254       -0.25466938002671
H           -4.39583774725168        1.16072489629656        0.37442761893889
H           -5.86703612750906        1.48299242616824        2.32782036952049
H           -5.70970595737921        3.55733185205320        3.65459161406780
H           -4.08771185138998        5.29732503539955        3.03569540513462
31
 energy: -40.661011292198 gnorm: 0.001005581826 xtb: 6.7.1 (edcfbbe)
C            1.26279236103696        0.06285636883591        0.41358353766639
C            0.67480177897949        1.36502681971993        0.80021337856638
C           -0.31686865515565        1.47403266315270        1.77624223433070
C           -0.82680277801549        2.70660976270018        2.11825451185877
N           -0.38980749871550        3.82634566987127        1.52811240259485
C            0.54678267146190        3.75577230525362        0.57054732542122
C            1.09712138343097        2.55649737477976        0.19515567906525
C           -1.01481152750616        5.09423351221055        1.84341849475131
C           -2.29906838345250        5.26787300018416        1.00702426100839
C           -3.31331867982792        4.21430001403918        1.35570084357565
C           -3.39845475627826        3.03854122543283        0.61767815931654
C           -4.30814464509204        2.05480226235747        0.96867203836146
C           -5.13504092042042        2.23382367599636        2.06416427292112
C           -5.05522894069274        3.40213147039396        2.80575641890740
C           -4.14712547060387        4.38477740242723        2.45555579326383
H            0.98648658244608       -0.17872186339106       -0.61338176376459
H            0.92332887119788       -0.73899903907837        1.06203568217371
H            2.35035564262738        0.11334098952359        0.44237276431222
H           -0.68966365020530        0.59448076647428        2.27565096307884
H           -1.57941373456501        2.81140049371073        2.88404888494690
H            0.85593292392513        4.68489517626091        0.11521977680832
H            1.85942405859274        2.53727856645057       -0.56760276903636
H           -1.26659974783905        5.11334883278376        2.90541289493692
H           -0.31564007703260        5.90352277963353        1.62805033240520
H           -2.69928466713769        6.25901748987947        1.22045320246058
H           -2.04924332542349        5.21945441160773       -0.05432578717631
H           -2.77190755615242        2.90345535749046       -0.25388351643197
H           -4.37606158690792        1.15297322209616        0.38005882852615
H           -5.84831667242976        1.47098671053230        2.33383899582571
H           -5.70633205017683        3.55066814452054        3.65300623516966
H           -4.09488095007059        5.29887443414790        3.02912592415455
31
 energy: -40.661026351747 gnorm: 0.001043538298 xtb: 6.7.1 (edcfbbe)
C            1.25218018331229        0.06219706017908        0.40921857282070
C            0.67067412130082        1.36547329233590        0.80144112924840
C           -0.31793534270083        1.47641883449428        1.78048669259157
C           -0.82556593781411        2.70966516049471        2.12317821806967
N           -0.39003003375286        3.82917084790973        1.53039273043100
C            0.54739547635195        3.75654309551276        0.57403481341617
C            1.09596633491503        2.55636255871149        0.19860916530815
C           -1.01504709699749        5.09687194890631        1.84292201562275
C           -2.29987796122713        5.26962428751230        1.00540609339691
C           -3.31206270481410        4.21434800096704        1.35341268567203
C           -3.39374729542785        3.03770150451491        0.61631431970058
C           -4.29996199091850        2.05159395565333        0.96874315333721
C           -5.12691344081098        2.22916531816590        2.06459042026660
C           -5.05162440642041        3.39853119071498        2.80436429527356
C           -4.14683916051994        4.38363946421381        2.45279306420896
H            0.97387372125515       -0.17344545826298       -0.61857715246930
H            0.90915555627096       -0.74068654510068        1.05427978026520
H            2.33982338391534        0.10691017972168        0.43717412725539
H           -0.69073981548786        0.59786526410769        2.28172047885890
H           -1.57608587804254        2.81509104229831        2.89114950938462
H            0.85837572285908        4.68489703488454        0.11880324958236
H            1.85880065776119        2.53626408141472       -0.56338717414372
H           -1.26822021726161        5.11868723452708        2.90444806786555
H           -0.31656242361336        5.90623023318286        1.62585826689287
H           -2.70100623250364        6.26001956508531        1.22022328433740
H           -2.04944407857126        5.22278507991333       -0.05577197193283
H           -2.76687150429452        2.90405498478959       -0.25525823511645
H           -4.36493265441006        1.14889938509626        0.38139637007046
H           -5.83688966686323        1.46408871215984        2.33590133450724
H           -5.70315193566968        3.54591390151045        3.65158127661576
H           -4.09772537982265        5.29871878438296        3.02471141866103
31
 energy: -40.661041136516 gnorm: 0.001233489542 xtb: 6.7.1 (edcfbbe)
C            1.24446963834352        0.06231527786807        0.40607279677643
C            0.66680254923641        1.36622840095376        0.80235122748722
C           -0.31755821516051        1.47810484926853        1.78602782513265
C           -0.82335227642409        2.71188310951286        2.12952508331372
N           -0.38986268041420        3.83116576011507        1.53329668004253
C            0.54564903706783        3.75758663935851        0.57514227625035
C            1.09237700084316        2.55673297206712        0.19875093456701
C           -1.01505025533259        5.09907050741193        1.84400383490726
C           -2.29899993252380        5.26999833044870        1.00430520983742
C           -3.30971603354493        4.21334960369784        1.35178892665375
C           -3.38995930110174        3.03629038771537        0.61497623273947
C           -4.29521399187907        2.04930152894901        0.96755067070318
C           -5.12239798580008        2.22634587907386        2.06337035259555
C           -5.04858130726194        3.39609674750114        2.80292951487394
C           -4.14482007569371        4.38210825536033        2.45106508802797
H            0.96510648878004       -0.16902533899488       -0.62238280726530
H            0.89954053059801       -0.74173617195835        1.04887753606845
H            2.33230269231190        0.10405123837732        0.43385758751851
H           -0.68865772442837        0.60009072024247        2.29025548094391
H           -1.57134479707836        2.81792617221676        2.90014873419931
H            0.85632935165613        4.68572646838899        0.11872364014781
H            1.85344905215996        2.53602225015423       -0.56516717654686
H           -1.26969116635457        5.12232693597166        2.90506475328257
H           -0.31651192132564        5.90827134397555        1.62656118019583
H           -2.70190828655497        6.25992586368807        1.21801832095979
H           -2.04652354629023        5.22313163757627       -0.05638191579150
H           -2.76284179621307        2.90289855643729       -0.25649877685109
H           -4.35948397077314        1.14624790021591        0.38049218157524
H           -5.83164548777806        1.46054495179191        2.33467832272247
H           -5.70023420051269        3.54301970151242        3.65015786918508
H           -4.09666138855403        5.29759952109973        3.02259841574602
31
 energy: -40.661063807560 gnorm: 0.001418705196 xtb: 6.7.1 (edcfbbe)
C            1.23421518204595        0.06314220548643        0.40213329227189
C            0.66199840763226        1.36783407012771        0.80432792687176
C           -0.31234500079262        1.48140640205800        1.79799776899305
C           -0.81614228751522        2.71553588997133        2.14264284630291
N           -0.38901547984210        3.83341896922746        1.53911510922201
C            0.53925187055122        3.75836646931520        0.57431530029134
C            1.08278526203124        2.55685883730845        0.19536362261985
C           -1.01500910603819        5.10162927839621        1.84754204308330
C           -2.29612227167737        5.26931909403169        1.00323105203772
C           -3.30548659822171        4.21112235823292        1.34956648916772
C           -3.38526145508002        3.03476315702662        0.61197125458860
C           -4.29096933750960        2.04769975779408        0.96331551064508
C           -5.11855072015075        2.22384517720149        2.05893905588498
C           -5.04413425379653        3.39240619620147        2.80023622754231
C           -4.14040181063362        4.37862508323298        2.44917418152853
H            0.95315654773379       -0.16276670902376       -0.62689517512461
H            0.88766750941621       -0.74232142566785        1.04225333747061
H            2.32228597472712        0.10121371141109        0.42910403160711
H           -0.67775408648559        0.60441620118459        2.30836061213726
H           -1.55841463234266        2.82303343596830        2.91866927273419
H            0.84566848494250        4.68571410830323        0.11367788820681
H            1.83735696133894        2.53475736382990       -0.57491316078943
H           -1.27246267801456        5.12610095282716        2.90781429103186
H           -0.31604353428552        5.91069975087824        1.63093043670111
H           -2.70214571565655        6.25875435649760        1.21349906015569
H           -2.03968262402721        5.22114462551965       -0.05650821456211
H           -2.75769248400172        2.90156141223159       -0.25926332537573
H           -4.35570332482296        1.14517057822896        0.37541820803778
H           -5.82832076697419        1.45798654665697        2.32896644931467
H           -5.69573050483382        3.53858213796198        3.64759235706371
H           -4.09198752771967        5.29358000757764        3.02158225033863
31
 energy: -40.661085827882 gnorm: 0.001221041940 xtb: 6.7.1 (edcfbbe)
C            1.22178690414426        0.06399659178319        0.39912227617590
C            0.65483238807122        1.36964156208994        0.80554435302905
C           -0.30842441897691        1.48549056575958        1.81001814362765
C           -0.80886152152737        2.72066731625248        2.15622198917486
N           -0.38685204991482        3.83697143367201        1.54596312890126
C            0.53177211744269        3.76006386697913        0.57188375451694
C            1.07047393709423        2.55748159430848        0.18948076897140
C           -1.01383725249490        5.10548831587225        1.85216107510197
C           -2.29190570377198        5.26860613398058        1.00313699881846
C           -3.29965780091751        4.20816221019029        1.34836586059956
C           -3.37801005997751        3.03226006188415        0.60992360685436
C           -4.28448523081429        2.04488196720824        0.95891453052443
C           -5.11360076706350        2.21998777307677        2.05348758840472
C           -5.03940422436609        3.38773203977033        2.79675921272159
C           -4.13520823672095        4.37420729383526        2.44778975814517
H            0.94077869586521       -0.15683870161125       -0.63095477706069
H            0.87222466805101       -0.74230822721136        1.03667869752607
H            2.31013148595776        0.09807160965844        0.42694995273731
H           -0.66805751896532        0.60953932577362        2.32665494520457
H           -1.54467034336652        2.83040571795541        2.93815813702350
H            0.83360923122926        4.68677743850467        0.10620724063548
H            1.81604536344459        2.53322339650238       -0.58971346009168
H           -1.27457922249557        5.13041479630569        2.91155667747226
H           -0.31459929721202        5.91484003273669        1.63716581097966
H           -2.70191394715631        6.25745946237140        1.20871019616681
H           -2.03124070314530        5.21809860992299       -0.05551777673480
H           -2.74918497602137        2.89942656559411       -0.26049598518822
H           -4.34902974486778        1.14307496477934        0.36963272873786
H           -5.82473949836429        1.45444321044142        2.32088840568823
H           -5.69136839573798        3.53274589412469        3.64402049625718
H           -4.08701387742499        5.28858717748631        3.02144566507766
31
 energy: -40.661101277063 gnorm: 0.000791028888 xtb: 6.7.1 (edcfbbe)
C            1.21163042100267        0.06421814100180        0.39770953245459
C            0.64963012488116        1.37129223025184        0.80664243052325
C           -0.30479929638714        1.48953414602321        1.81898931485187
C           -0.80287373429227        2.72536814713945        2.16591247922909
N           -0.38523967043027        3.83976864628974        1.55043227620558
C            0.52504449344071        3.76089124792081        0.56846936478577
C            1.05960667022351        2.55746657927335        0.18359443865700
C           -1.01252128065012        5.10859498345368        1.85579072345410
C           -2.28872048326743        5.26889633834958        1.00422682056519
C           -3.29525963838555        4.20668346848044        1.34835771654743
C           -3.37156244503866        3.03141926923478        0.60886776676688
C           -4.27806971465890        2.04301415277542        0.95533726354398
C           -5.10909723292593        2.21640161268864        2.04865117751675
C           -5.03586292195869        3.38297404894324        2.79386215737128
C           -4.13206669431946        4.37071334316071        2.44711432617542
H            0.93134496103876       -0.15351046627069       -0.63318550857969
H            0.85862715341523       -0.74206690993231        1.03341841080395
H            2.30019357396409        0.09413483241385        0.42715541417604
H           -0.66086905960865        0.61450626584173        2.33963690984664
H           -1.53330761705362        2.83710193274953        2.95253641629376
H            0.82291943524885        4.68666624173076        0.09846223335656
H            1.79792264138291        2.53109310255804       -0.60262326182824
H           -1.27461495967277        5.13366658489006        2.91484003907339
H           -0.31316933051621        5.91810177322453        1.64157960870500
H           -2.70130892509655        6.25718931049188        1.20729354177711
H           -2.02589912137430        5.21724539657889       -0.05388562655000
H           -2.74107528049962        2.89957417907072       -0.26053392654171
H           -4.34078222580469        1.14154738916396        0.36509256081325
H           -5.82016541251406        1.44988440288356        2.31424917964152
H           -5.68928400992252        3.52669473566650        3.64024332703436
H           -4.08536042022364        5.28453487394948        3.02192289332828
31
 energy: -40.661114554105 gnorm: 0.000564360435 xtb: 6.7.1 (edcfbbe)
C            1.20330717119947        0.06380993229518        0.39767163579381
C            0.64395344785841        1.37184131498417        0.80628888378006
C           -0.30392088953752        1.49258339582978        1.82403641795801
C           -0.79893655643942        2.72955213198044        2.17189521815146
N           -0.38374153263458        3.84235466260651        1.55294006253395
C            0.51968040139784        3.76133826624856        0.56470867207340
C            1.05046477634903        2.55691992843266        0.17813232778786
C           -1.01061902849136        5.11152248885141        1.85812196632708
C           -2.28674275988461        5.27038838929646        1.00659546064721
C           -3.29183842745723        4.20613225789744        1.34953959148200
C           -3.36479177169809        3.03111806251080        0.60928138593861
C           -4.27019485436270        2.04088913204334        0.95335969797515
C           -5.10373644435904        2.21228315218771        2.04502782539754
C           -5.03387992044058        3.37871723915451        2.79094621566797
C           -4.13078181862043        4.36795714827556        2.44691547940896
H            0.92555486628751       -0.15253876827103       -0.63414566211002
H            0.84669353846230       -0.74160654505389        1.03227114075923
H            2.29182548495395        0.09067654323693        0.43019597035235
H           -0.65651796700998        0.61904967105593        2.34843745932906
H           -1.52491614377727        2.84321050939362        2.96221334054315
H            0.81409875936833        4.68599440040560        0.09078880649457
H            1.78218473279017        2.52830643084598       -0.61395448714362
H           -1.27246809195244        5.13661112058923        2.91722420625199
H           -0.31136868272792        5.92110604971044        1.64376433972568
H           -2.70112538231944        6.25796077390919        1.20944135140016
H           -2.02356190400001        5.21908891525098       -0.05143988600897
H           -2.73262737855050        2.90105633426701       -0.25915195629416
H           -4.33084137263905        1.14047534398924        0.36170641965181
H           -5.81487639104368        1.44517702216378        2.30812034874049
H           -5.68891316244480        3.52058887059414        3.63634210718542
H           -4.08635269827961        5.28103582531535        3.02288566019815
31
 energy: -40.661130088159 gnorm: 0.000860189834 xtb: 6.7.1 (edcfbbe)
C            1.19492218324288        0.06262361483743        0.39857169223650
C            0.63826927662760        1.37213191784876        0.80586691137497
C           -0.30385540643018        1.49592521094014        1.82814147677782
C           -0.79640729246624        2.73394721020403        2.17576577010665
N           -0.38307192371431        3.84485781960128        1.55327600747432
C            0.51368132705828        3.76104704598910        0.55905280178368
C            1.04089650047974        2.55547783655433        0.17175327987713
C           -1.00801940214956        5.11481376577474        1.85944747474433
C           -2.28573930391876        5.27363654887232        1.01060952006203
C           -3.28876539911463        4.20669914808339        1.35199355648528
C           -3.35672587759770        3.03195270228050        0.61080403007108
C           -4.26036014111130        2.03912558421240        0.95161165964008
C           -5.09732329528024        2.20753449605024        2.04110823042233
C           -5.03225034922792        3.37339665425817        2.78806222902981
C           -4.13084612212559        4.36537490149886        2.44732362736915
H            0.92111908196911       -0.15300161390903       -0.63444871972941
H            0.83365901195660       -0.74165221511942        1.03194610068883
H            2.28337419059100        0.08627247712531        0.43571194867096
H           -0.65577879341378        0.62346390867543        2.35498645997395
H           -1.51799560481548        2.84977815649612        2.96966556547887
H            0.80634773218110        4.68478576480727        0.08189121157194
H            1.76737893657431        2.52441784337354       -0.62505121922068
H           -1.26746184294764        5.14009267284580        2.91916359853522
H           -0.30876330074479        5.92399436593339        1.64347332940273
H           -2.70133551764704        6.26012045034027        1.21615585803216
H           -2.02422253172421        5.22481586609208       -0.04795735526018
H           -2.72187551827646        2.90423193692062       -0.25604791709251
H           -4.31575771218125        1.13826507571674        0.35970852318900
H           -5.80671313298739        1.43803335966073        2.30220720010021
H           -5.69035017204867        3.51307566328885        3.63145916418524
H           -4.09101960076081        5.27836183074360        3.02390798401677
31
 energy: -40.661150396940 gnorm: 0.001175129281 xtb: 6.7.1 (edcfbbe)
C            1.18477562411084        0.06035564628271        0.39996484406719
C            0.63074526795399        1.37178067579261        0.80493494153557
C           -0.30566136566076        1.49944609109114        1.83176299731174
C           -0.79479065240472        2.73896598166306        2.17896386940146
N           -0.38304315873945        3.84767067551445        1.55203888743370
C            0.50698405461791        3.76013261289527        0.55190416503363
C            1.02998004666680        2.55287848774170        0.16434070860586
C           -1.00472244683233        5.11889294235157        1.85989199617502
C           -2.28587828709237        5.27955717094307        1.01656650545588
C           -3.28591247691156        4.20894177466189        1.35529529446624
C           -3.34571365966244        3.03392273342171        0.61345113627954
C           -4.24532664117660        2.03624389077173        0.95079872671991
C           -5.08734402919700        2.20038930594516        2.03709480776420
C           -5.03079255713223        3.36649565359456        2.78432321856595
C           -4.13286957338662        4.36324780206142        2.44737966449026
H            0.91736854609463       -0.15426211701698       -0.63499036825016
H            0.81691809361077       -0.74279988809485        1.03110737541957
H            2.27318258540293        0.08009376359626        0.44466329694298
H           -0.65570625702750        0.62908086136492        2.36281517075001
H           -1.51139307713895        2.85754332035292        2.97695931510059
H            0.79689172801517        4.68195815759956        0.06992938144685
H            1.75094289342171        2.51858318009366       -0.63738655211727
H           -1.25922047451581        5.14509771693018        2.92085936288430
H           -0.30523057012104        5.92691815949124        1.64038938749034
H           -2.70238755851092        6.26427230294116        1.22863743665118
H           -2.02820913741314        5.23639097941536       -0.04324185831442
H           -2.70758819259295        2.91000506202054       -0.25156136676105
H           -4.29455310117411        1.13595038852897        0.35791641597085
H           -5.79407319318711        1.42740921023673        2.29528823881000
H           -5.69307104095564        3.50278410263944        3.62503036954607
H           -4.09929138906497        5.27565335516571        3.02503263112218
31
 energy: -40.661157250915 gnorm: 0.000396657920 xtb: 6.7.1 (edcfbbe)
C            1.18257960510084        0.05971221415167        0.39978406604654
C            0.62846315800080        1.37113979515251        0.80477642020324
C           -0.30737793225596        1.49930435530186        1.83241543884051
C           -0.79564009471941        2.73924651697940        2.17951106173840
N           -0.38438537152091        3.84802930384303        1.55101430220703
C            0.50590881294941        3.75970333850259        0.55144798107281
C            1.02900413004291        2.55200206142131        0.16475481715507
C           -1.00462865527280        5.11972100033033        1.85887541804628
C           -2.28706492159009        5.28164601936356        1.01714174975123
C           -3.28565020001152        4.20970364804515        1.35509591293104
C           -3.34413954501242        3.03497658323803        0.61285733055214
C           -4.24228463617497        2.03622112015934        0.95020823608012
C           -5.08388480633792        2.19888826725124        2.03702208462749
C           -5.02907282350448        3.36487445353918        2.78431283572438
C           -4.13246557196313        4.36259346040853        2.44743787234907
H            0.91578167477247       -0.15431860580908       -0.63523112404830
H            0.81449553196693       -0.74363965553473        1.03039128196851
H            2.27087655576761        0.07955226101102        0.44510900733970
H           -0.65704061771077        0.62915458449814        2.36475430851987
H           -1.51207989611828        2.85818046085171        2.97773507628692
H            0.79655369908295        4.68140512489489        0.06927662952901
H            1.75028387792727        2.51730756488000       -0.63657422116816
H           -1.25792360150251        5.14680148893019        2.92006260839238
H           -0.30489605380819        5.92712694257808        1.63805062339038
H           -2.70353819023746        6.26571092930565        1.23186333600887
H           -2.03031789113832        5.24092310973905       -0.04293431761965
H           -2.70601875890776        2.91201268847126       -0.25227028685132
H           -4.29007315432244        1.13557466718610        0.35769123339191
H           -5.78930127449372        1.42491827605561        2.29526199180794
H           -5.69099985000605        3.49997774050618        3.62543043561152
H           -4.10015319900556        5.27515028474499        3.02488789011325
31
 energy: -40.661165905885 gnorm: 0.000697269371 xtb: 6.7.1 (edcfbbe)
C            1.17867416751709        0.05835501239771        0.39998338021764
C            0.62522110668391        1.37009290289760        0.80522020256455
C           -0.31040569193144        1.49959703715418        1.83321659533840
C           -0.79788994291918        2.73999505387443        2.17922070315190
N           -0.38663691665349        3.84850922856374        1.54897168342231
C            0.50414656267676        3.75857145663156        0.55040525176415
C            1.02681219920377        2.55010860615685        0.16488243783017
C           -1.00429161218853        5.12107080118967        1.85703151524157
C           -2.28910630248904        5.28578146786638        1.01852666393076
C           -3.28570840789910        4.21179310570843        1.35468712452368
C           -3.34096001301198        3.03717621145978        0.61206157816955
C           -4.23581391973243        2.03567915065554        0.94975015150724
C           -5.07730901183764        2.19551974625336        2.03710703490428
C           -5.02599175950830        3.36149236188751        2.78460480809319
C           -4.13264937088524        4.36194729943787        2.44732647458859
H            0.91332167091423       -0.15454536124937       -0.63553624902516
H            0.80941436261668       -0.74532318603112        1.02940884477825
H            2.26688934383503        0.07782467469177        0.44694747465724
H           -0.66017565956444        0.63015150617045        2.36695082288987
H           -1.51349031344582        2.85997583864328        2.97808084499632
H            0.79599832640374        4.67969569680648        0.06763620527371
H            1.74920227187655        2.51462981954896       -0.63534535764096
H           -1.25515280232784        5.14978011937203        2.91873691630231
H           -0.30392341157425        5.92716151373133        1.63355250551531
H           -2.70542238722647        6.26855993054537        1.23912180528127
H           -2.03474875836075        5.25029513810963       -0.04229381289473
H           -2.70313356062434        2.91652233206420       -0.25362009897780
H           -4.28152413174533        1.13500264452435        0.35707664250023
H           -5.78008973723864        1.41925979758197        2.29545043091201
H           -5.68784081559873        3.49441666515681        3.62609736999346
H           -4.10240548496826        5.27450342819589        3.02490005018890
31
 energy: -40.661173443456 gnorm: 0.000902215868 xtb: 6.7.1 (edcfbbe)
C            1.17433605344986        0.05682911439441        0.40099101483575
C            0.62156695140800        1.36918602769602        0.80527216737512
C           -0.31402634353066        1.50043653089147        1.83313002425289
C           -0.80034492148067        2.74149547923242        2.17816254453968
N           -0.38820807814469        3.84931621685673        1.54701759642629
C            0.50270924553657        3.75761948070588        0.54886729355372
C            1.02449697657051        2.54836687042370        0.16441486981621
C           -1.00355466339667        5.12280461272770        1.85529267143669
C           -2.29076974430642        5.29004688540967        1.02056591316599
C           -3.28532445518706        4.21381519880353        1.35519049957488
C           -3.33732517160509        3.03956054432367        0.61165701208892
C           -4.22897492813684        2.03510191504232        0.94906167542038
C           -5.07036463646656        2.19153906980115        2.03700334282694
C           -5.02300785536507        3.35753577492456        2.78476319438745
C           -4.13286583347154        4.36096500460379        2.44777367664803
H            0.91111910374621       -0.15518699494530       -0.63525703830166
H            0.80280127110867       -0.74674974933327        1.02920893848082
H            2.26251433706925        0.07501408296069        0.45044502939016
H           -0.66436081972994        0.63183069044421        2.36778470083215
H           -1.51565082222016        2.86279321241843        2.97706534194182
H            0.79540890634214        4.67788379282406        0.06500887686536
H            1.74706041423463        2.51176339259530       -0.63561064874076
H           -1.25159956755198        5.15281952023222        2.91762161247666
H           -0.30266106255728        5.92770742817943        1.62918123828030
H           -2.70693559767110        6.27157328804878        1.24711850500037
H           -2.03929590330294        5.25974147833635       -0.04107770284230
H           -2.69946106695257        2.92150413528744       -0.25436054032738
H           -4.27163264164900        1.13426083157465        0.35640948945966
H           -5.76987471946192        1.41240554737957        2.29569637307479
H           -5.68508184774036        3.48796294307859        3.62646591584389
H           -4.10568257954086        5.27365767507837        3.02529641221547
31
 energy: -40.661180428708 gnorm: 0.000657897265 xtb: 6.7.1 (edcfbbe)
C            1.17000078456900        0.05549582810295        0.40241914518979
C            0.61817065781512        1.36869835939195        0.80513895188776
C           -0.31760598236287        1.50163733516304        1.83248434592197
C           -0.80276270601422        2.74345745790373        2.17660424646160
N           -0.38917295066864        3.85041525559790        1.54516401090488
C            0.50129392307241        3.75707758391436        0.54664082283767
C            1.02184351776577        2.54706172531406        0.16303470207965
C           -1.00244240773381        5.12483199678094        1.85403729953512
C           -2.29179162847933        5.29360620427522        1.02291255795751
C           -3.28488334160987        4.21556934745902        1.35612528129454
C           -3.33352772672024        3.04154452074311        0.61187666213872
C           -4.22198552988764        2.03411381238978        0.94888458697813
C           -5.06374240722042        2.18742980111997        2.03697147943455
C           -5.02033463676784        3.35350048693103        2.78488339118558
C           -4.13331882582888        4.35990187376329        2.44837158013367
H            0.90951319326446       -0.15624390597101       -0.63461515019264
H            0.79551540553770       -0.74745982222577        1.02970822343541
H            2.25808320378257        0.07193451842538        0.45504392349310
H           -0.66917195050918        0.63372843743956        2.36736073976111
H           -1.51776384894749        2.86606249634426        2.97556462820423
H            0.79509471853603        4.67659572307367        0.06210958610913
H            1.74440417044211        2.50921236067395       -0.63695719698867
H           -1.24752491294907        5.15562999293781        2.91705323068255
H           -0.30115523578125        5.92876684977391        1.62567668165976
H           -2.70798823046565        6.27407210246436        1.25397207309192
H           -2.04304087216836        5.26718916212325       -0.03942656088969
H           -2.69562997818626        2.92608618894644       -0.25446329317761
H           -4.26232281146356        1.13375814562933        0.35535139727601
H           -5.76080834506730        1.40599366963233        2.29535661150153
H           -5.68309655116501        3.48164008257240        3.62640448441886
H           -4.10883869479187        5.27229240930613        3.02647155767214
31
 energy: -40.661186699521 gnorm: 0.000266193014 xtb: 6.7.1 (edcfbbe)
C            1.16545543607191        0.05444757949546        0.40390282660069
C            0.61448391208202        1.36860340679137        0.80456360109512
C           -0.32125170741611        1.50317903213853        1.83149704653425
C           -0.80482781989222        2.74579959737994        2.17515403877915
N           -0.38943089208140        3.85181110643494        1.54380076438798
C            0.50018833583097        3.75696571071534        0.54446317885023
C            1.01893693948619        2.54617045753301        0.16120884619272
C           -1.00120919096930        5.12698833891111        1.85322285119484
C           -2.29223668191479        5.29653054654780        1.02513580989084
C           -3.28365812248371        4.21666785678611        1.35774947888498
C           -3.32954862841573        3.04305795547466        0.61249021890714
C           -4.21576874348847        2.03323769753543        0.94833898689192
C           -5.05819499497078        2.18373144422821        2.03630129416628
C           -5.01784482838410        3.34949836482620        2.78491333555509
C           -4.13303253968571        4.35833894273514        2.44959882318303
H            0.90837646701805       -0.15737598041520       -0.63400127281705
H            0.78747558985294       -0.74757965754690        1.03035489033113
H            2.25341784923991        0.06896764081489        0.46046511155062
H           -0.67409239639418        0.63597243044696        2.36648719664771
H           -1.51929532143566        2.86964046605498        2.97435266872945
H            0.79448766091649        4.67579556665230        0.05905940899827
H            1.74075047247683        2.50686987864662       -0.63941831372773
H           -1.24350257117591        5.15831847538932        2.91689215985154
H           -0.29983976449759        5.93028391962917        1.62291389657369
H           -2.70885303029587        6.27611631879005        1.25919536817748
H           -2.04569384919033        5.27256991187077       -0.03776827001841
H           -2.69126917099550        2.92987675267431       -0.25387284745273
H           -4.25323136777616        1.13306502457023        0.35434188649679
H           -5.75285530935598        1.40005526145783        2.29452496147786
H           -5.68148122779634        3.47552131027167        3.62608693968714
H           -4.11144450436308        5.27047464315597        3.02820511437829
31
 energy: -40.661191538088 gnorm: 0.000233352800 xtb: 6.7.1 (edcfbbe)
C            1.16103473585056        0.05378503948767        0.40492277501668
C            0.61098533289609        1.36880560454130        0.80396215739411
C           -0.32420219308509        1.50481110537601        1.83104858965193
C           -0.80606473505528        2.74819072452139        2.17462998696549
N           -0.38932492663310        3.85337382653685        1.54305336658327
C            0.49902342097395        3.75717651330354        0.54256998342088
C            1.01600290362061        2.54565392367482        0.15942218918561
C           -0.99994079332098        5.12914082303438        1.85286393281982
C           -2.29221916934081        5.29837923986665        1.02688968762756
C           -3.28253266810021        4.21723890238029        1.35891217638264
C           -3.32610615321655        3.04388307712264        0.61298633612212
C           -4.21032041083251        2.03204061735712        0.94806135625913
C           -5.05340067341823        2.18037731939236        2.03579573770700
C           -5.01559865113153        3.34597627283533        2.78483033569436
C           -4.13253034353407        4.35673998623110        2.45050617875022
H            0.90740693844361       -0.15788387891235       -0.63385180664767
H            0.77965949906939       -0.74748587977290        1.03032457767318
H            2.24884304415201        0.06652356675136        0.46545032868446
H           -0.67820863658356        0.63819345852766        2.36611335766283
H           -1.51977569394205        2.87309016610549        2.97430457434883
H            0.79380389139641        4.67552422323760        0.05661848228162
H            1.73688500452425        2.50500634785238       -0.64200402536809
H           -1.24019356153362        5.16093593824588        2.91698797203659
H           -0.29861315970199        5.93204978785646        1.62100447789492
H           -2.70937353434614        6.27736950376876        1.26240996229843
H           -2.04702756946904        5.27568710808239       -0.03635034233148
H           -2.68741603866006        2.93244810997623       -0.25330320089443
H           -4.24613816109686        1.13245969825718        0.35310303060214
H           -5.74717323587850        1.39558967020585        2.29299530127301
H           -5.67988285088294        3.47028422436458        3.62575723655272
H           -4.11259161116742        5.26823497978809        3.03014528435045
