54
 energy: -60.561541227194 gnorm: 0.037768462312 xtb: 6.7.1 (edcfbbe)
C            1.03343000000000       -0.05249000000000       -0.52609000000000
C            0.94160000000000       -1.44525000000000        0.07829000000000
C            1.26470000000000       -1.48433000000000        1.57410000000000
C            0.35223000000000       -0.63879000000000        2.46877000000000
C           -1.13943000000000       -0.98305000000000        2.40074000000000
C           -1.50243000000000       -2.41969000000000        2.79310000000000
C           -1.08616000000000       -2.84255000000000        4.20628000000000
C           -1.63199000000000       -1.96995000000000        5.34124000000000
C           -3.15981000000000       -1.90591000000000        5.44351000000000
C           -3.85914000000000       -3.24288000000000        5.71506000000000
C           -3.40347000000000       -3.98529000000000        6.97675000000000
C           -3.47835000000000       -3.18191000000000        8.27930000000000
C           -4.87935000000000       -2.70838000000000        8.67941000000000
C           -5.85942000000000       -3.82315000000000        9.03990000000000
N           -5.37753000000000       -4.59490000000000       10.21377000000000
C           -5.40272000000000       -4.02879000000000       11.44526000000000
C           -4.94836000000000       -4.72786000000000       12.55689000000000
C           -4.48031000000000       -6.02516000000000       12.40146000000000
C           -4.47959000000000       -6.60165000000000       11.13815000000000
C           -4.93807000000000       -5.86525000000000       10.05164000000000
H            0.26539000000000        0.61262000000000       -0.12060000000000
H            0.88852000000000       -0.10279000000000       -1.61003000000000
H            2.01447000000000        0.39434000000000       -0.33623000000000
H           -0.05417000000000       -1.86108000000000       -0.10942000000000
H            1.65178000000000       -2.09765000000000       -0.44416000000000
H            1.24234000000000       -2.52751000000000        1.91036000000000
H            2.29794000000000       -1.14415000000000        1.71962000000000
H            0.70145000000000       -0.72978000000000        3.50411000000000
H            0.47545000000000        0.42032000000000        2.21261000000000
H           -1.68583000000000       -0.28244000000000        3.04323000000000
H           -1.51053000000000       -0.79572000000000        1.38626000000000
H           -2.58608000000000       -2.54554000000000        2.68266000000000
H           -1.05237000000000       -3.11660000000000        2.07609000000000
H           -1.39633000000000       -3.88230000000000        4.36384000000000
H            0.00837000000000       -2.85051000000000        4.27253000000000
H           -1.21621000000000       -2.33419000000000        6.28779000000000
H           -1.24925000000000       -0.94852000000000        5.23178000000000
H           -3.42332000000000       -1.19484000000000        6.23558000000000
H           -3.57183000000000       -1.47857000000000        4.52184000000000
H           -4.93932000000000       -3.06267000000000        5.77374000000000
H           -3.71923000000000       -3.90650000000000        4.85325000000000
H           -3.99789000000000       -4.90087000000000        7.07384000000000
H           -2.36863000000000       -4.32134000000000        6.83937000000000
H           -3.05154000000000       -3.78726000000000        9.08747000000000
H           -2.82718000000000       -2.30362000000000        8.20206000000000
H           -4.77289000000000       -2.03028000000000        9.53480000000000
H           -5.31299000000000       -2.10542000000000        7.87392000000000
H           -6.83475000000000       -3.40760000000000        9.31948000000000
H           -6.02323000000000       -4.51104000000000        8.20461000000000
H           -5.78142000000000       -3.01403000000000       11.52640000000000
H           -4.95913000000000       -4.26314000000000       13.54092000000000
H           -4.12019000000000       -6.58710000000000       13.26250000000000
H           -4.12213000000000       -7.61988000000000       11.00101000000000
H           -4.95045000000000       -6.28324000000000        9.04901000000000
54
 energy: -60.564372611653 gnorm: 0.015821639794 xtb: 6.7.1 (edcfbbe)
C            1.03170698780352       -0.05198046131988       -0.52425084150191
C            0.93815303841273       -1.44473430929308        0.08233864007807
C            1.25962062653872       -1.48817025623059        1.57635541314537
C            0.35024462426850       -0.64239088299845        2.47011712718294
C           -1.13906170747197       -0.98490714612986        2.40419912690781
C           -1.50515230404165       -2.41799750911234        2.79573565456935
C           -1.08915878746484       -2.84139722795662        4.20616352651849
C           -1.63333928102112       -1.97312475873288        5.34222279588946
C           -3.15806680839763       -1.90637266508295        5.45130355442461
C           -3.86161678129571       -3.23912167583252        5.71928136962553
C           -3.40486746533337       -3.98639485665322        6.97556795773318
C           -3.47833871136818       -3.19047614094798        8.28098383754954
C           -4.87230623920354       -2.70916260743206        8.68920334692589
C           -5.84888787705540       -3.82584357824195        9.05588565791861
N           -5.38219457708723       -4.60138660319511       10.21499354781860
C           -5.39944998117755       -4.03604746555565       11.43378411436330
C           -4.94846880367080       -4.72284257729519       12.54317896413991
C           -4.47906294807356       -6.02127683416607       12.39503987570521
C           -4.47572906729440       -6.59251802566896       11.12982044333110
C           -4.93285586002356       -5.85597366757096       10.05411233726966
H            0.27035318280800        0.61057037301994       -0.11579702286266
H            0.88955618305035       -0.10009659201090       -1.60354532886371
H            2.00907921219462        0.38841744892596       -0.33068663285167
H           -0.05916109956722       -1.85449932366920       -0.09644956842633
H            1.64766407861330       -2.09901183926732       -0.43405929740468
H            1.22843562204694       -2.52928242117735        1.91085638977389
H            2.28748721855800       -1.13864240342806        1.71828866083796
H            0.69822289240322       -0.74114213437671        3.50268900955230
H            0.46945549611302        0.41123234609828        2.20162119078975
H           -1.67838775509987       -0.28643149295445        3.05135257852021
H           -1.50115762533107       -0.80918425160454        1.38743875226902
H           -2.58772917636313       -2.53634628343010        2.68798585141357
H           -1.04415715432956       -3.11020319514491        2.08559361410784
H           -1.40581424209054       -3.87762293231867        4.35956841830906
H            0.00248943463415       -2.83644830260910        4.27177806270389
H           -1.21866241437705       -2.34332191336348        6.28485642857748
H           -1.25989889675573       -0.95304529095536        5.21935563550544
H           -3.41521166095664       -1.19604911331593        6.24346644928749
H           -3.56380192582501       -1.49475424206730        4.52378202509988
H           -4.93903402717889       -3.05305475520651        5.77626059001319
H           -3.70697955100549       -3.90198700139139        4.86404933032962
H           -4.00062632793530       -4.90040768950048        7.06469254023246
H           -2.36852751818329       -4.30577663780067        6.84019255920244
H           -3.05213592566389       -3.79707839089936        9.08778366720583
H           -2.84139628929682       -2.30829577856480        8.18888518439496
H           -4.77194182373698       -2.02886761733350        9.54014094503267
H           -5.31315632977370       -2.13265651268351        7.87310143187152
H           -6.82208862580288       -3.39754047371215        9.31517837604227
H           -5.99079013150055       -4.51005683630744        8.21804896833162
H           -5.78187822589883       -3.02780438409779       11.50902889384472
H           -4.97048604086103       -4.25314307556316       13.51646966594529
H           -4.12554022506162       -6.57969005277279       13.25138985115053
H           -4.12523568471621       -7.60419639060912       10.98343457113012
H           -4.94546272015325       -6.26759359049185        9.05498175933933
54
 energy: -60.564813712817 gnorm: 0.005304186311 xtb: 6.7.1 (edcfbbe)
C            1.03079979566687       -0.05249136476693       -0.51780114369652
C            0.93080466899594       -1.44730784859771        0.08603308057083
C            1.25529094013508       -1.49195484550340        1.57950214843266
C            0.34769011394321       -0.64443650512484        2.47348612805771
C           -1.14189807779078       -0.98489373615989        2.40731956772402
C           -1.50872098477903       -2.41770787801883        2.79848580428371
C           -1.09230425967858       -2.84267000874284        4.20812745242217
C           -1.63318715419755       -1.97389259827025        5.34537889882565
C           -3.15759839673674       -1.90492155074944        5.45585648850680
C           -3.86227066510945       -3.23689701927720        5.72346848095143
C           -3.40527990817557       -3.98837186239658        6.97714457472313
C           -3.47335403657606       -3.19473478886909        8.28434279001329
C           -4.86604254310893       -2.71186272502507        8.69270448117996
C           -5.84488958512209       -3.83116067040959        9.05962440489471
N           -5.38437319008868       -4.60211119928112       10.20893372610729
C           -5.40096181479470       -4.03776490931960       11.42267906272212
C           -4.95241491063582       -4.71810684892691       12.53354916055689
C           -4.47820984495472       -6.01685998081635       12.39003568865401
C           -4.47039991821785       -6.58494639921765       11.12257172140954
C           -4.92651933825515       -5.84806296260756       10.05013437001297
H            0.27273071012034        0.60959126528868       -0.10759259308407
H            0.88985444988347       -0.09970310451254       -1.59496090359281
H            2.00879067514772        0.38102133818207       -0.32121439765269
H           -0.06897767255305       -1.84975127650815       -0.08916116411799
H            1.63713073539611       -2.10332560565033       -0.42959446350617
H            1.21927205143696       -2.53214748825422        1.91113433218669
H            2.28124271264808       -1.14138294166028        1.72055942214439
H            0.69609978177925       -0.74547468814582        3.50406557005631
H            0.46550461078602        0.40604130036052        2.19992182969852
H           -1.67768342716916       -0.28659221950257        3.05503191961696
H           -1.50019504401015       -0.81378989975590        1.39037351712012
H           -2.59020530970887       -2.53230873032401        2.69120759058725
H           -1.04461485545875       -3.10812480177495        2.09139606321348
H           -1.41025374148590       -3.87753156992623        4.35863376369815
H           -0.00256527346292       -2.83229730300255        4.27257754650908
H           -1.21637121829329       -2.34596110622463        6.28485684844618
H           -1.26368573004617       -0.95516319862253        5.21660828333436
H           -3.41009261418609       -1.19490434176994        6.24770716023186
H           -3.56141894744577       -1.49885638635185        4.52728974424093
H           -4.93772628402365       -3.04778539365996        5.78002602001640
H           -3.70320285226359       -3.89799709631637        4.87031993743005
H           -3.99958143747094       -4.90306189576716        7.05957498636268
H           -2.36888164803635       -4.29888898831438        6.84023758323404
H           -3.04684469947324       -3.80368739422458        9.08813259988846
H           -2.84020917392126       -2.31328879666158        8.18521017916729
H           -4.76620839934011       -2.02901858485761        9.53926997292583
H           -5.31050422159093       -2.14978258318539        7.87138916587827
H           -6.81660373811638       -3.39604920619575        9.30760869216170
H           -5.97273504455868       -4.50969116687877        8.21628810103237
H           -5.78731039165010       -3.03247716074816       11.49425023174402
H           -4.97755002178691       -4.24214644217583       13.50021654758417
H           -4.12671345976634       -6.57238795938446       13.24448523501770
H           -4.11643262562751       -7.59114154996162       10.96878038906145
H           -4.93556878627124       -6.25690932143242        9.05156340301261
54
 energy: -60.564900191666 gnorm: 0.002713147678 xtb: 6.7.1 (edcfbbe)
C            1.03027468466953       -0.05344609990542       -0.51270503201618
C            0.92467125642720       -1.44925206725319        0.08937694752418
C            1.25105245465867       -1.49612160317851        1.58268898269477
C            0.34536228902904       -0.64608049287371        2.47683323857214
C           -1.14492444390651       -0.98489961079257        2.41036440084371
C           -1.51245429481888       -2.41807376275997        2.80080558642842
C           -1.09375373400417       -2.84356995064140        4.20993218181470
C           -1.63264397633733       -1.97373403052316        5.34775714670867
C           -3.15721156619492       -1.90375594928495        5.45959125704840
C           -3.86208176169654       -3.23627148227338        5.72540416205033
C           -3.40208441841366       -3.98991818426764        6.97703707118816
C           -3.46996703171021       -3.19731401536199        8.28518204609994
C           -4.86228898556836       -2.71152730567053        8.69067520128925
C           -5.84292905858395       -3.83308338569772        9.05525128399127
N           -5.38563598604920       -4.60133189178959       10.20225074272340
C           -5.40517862298533       -4.03729977312016       11.41616257244986
C           -4.95505127359296       -4.71499284912200       12.52816010622404
C           -4.47577533852732       -6.01254199650776       12.38620130358219
C           -4.46285170911937       -6.57983571018295       11.11819387720482
C           -4.92049783553493       -5.84453747933070       10.04491619587448
H            0.27427762591498        0.61021304687150       -0.10134923621646
H            0.88988186803776       -0.09845170974995       -1.58991818638651
H            2.00995134961643        0.37525064812834       -0.31391848285418
H           -0.07724891963776       -1.84630463640671       -0.08452787977942
H            1.62713533960420       -2.10770119432567       -0.42782751214158
H            1.21286822015540       -2.53614428690176        1.91383034330325
H            2.27746965140782       -1.14763282359265        1.72282514435487
H            0.69390514055980       -0.74721334093602        3.50703515366980
H            0.46446782895436        0.40364069675893        2.20231552076557
H           -1.67996371386160       -0.28639692487020        3.05795828002952
H           -1.50268076319848       -0.81364981721901        1.39365052846455
H           -2.59386591780773       -2.53186967342828        2.69440024714332
H           -1.04900704489884       -3.10801581195143        2.09331382886287
H           -1.41223468952953       -3.87794524542244        4.36052838964963
H           -0.00423066729119       -2.83352799341115        4.27270441671523
H           -1.21476738917380       -2.34574045039570        6.28644115256923
H           -1.26287502777612       -0.95567706632846        5.21761300702197
H           -3.40866275834178       -1.19415663684493        6.25179414633480
H           -3.56085826288187       -1.49745993578429        4.53149654451623
H           -4.93718413509623       -3.04690114448620        5.78341239527421
H           -3.70363914678550       -3.89560465147575        4.87118091580605
H           -3.99566902830588       -4.90483712468627        7.05796982053412
H           -2.36583891808618       -4.29898353293272        6.83802843100493
H           -3.04461174883265       -3.80732664567460        9.08848375717950
H           -2.83555269366733       -2.31737622151319        8.18598184998502
H           -4.76387447665262       -2.02880698469571        9.53692445521851
H           -5.30507471477172       -2.15197038177770        7.86765739325585
H           -6.81472823889977       -3.39612848020715        9.29788013891704
H           -5.96570999896534       -4.50763805569446        8.20802372432104
H           -5.79519838676172       -3.03308753192282       11.48673385738635
H           -4.98371514662158       -4.23679194357720       13.49351204311335
H           -4.12549111376670       -6.56711448163686       13.24145531417358
H           -4.10407091759824       -7.58393502451788       10.96217968228649
H           -4.92458385278142       -6.25325699885449        9.04590154322474
54
 energy: -60.565003669853 gnorm: 0.003374992022 xtb: 6.7.1 (edcfbbe)
C            1.03035426453046       -0.05499659819802       -0.50416106020563
C            0.91365967936156       -1.45219011431874        0.09411751177785
C            1.24315150178803       -1.50348884049502        1.58690532140604
C            0.34134649990196       -0.64987030429263        2.48221748654380
C           -1.15003273039707       -0.98561349383318        2.41613294960303
C           -1.51826941101215       -2.41907560768912        2.80629720014151
C           -1.09622335226855       -2.84438275357515        4.21482904591655
C           -1.63236053965199       -1.97224019915347        5.35262942374069
C           -3.15713915004911       -1.90170592738737        5.46523514452667
C           -3.86106263923144       -3.23570368880543        5.72780672755877
C           -3.39636046196339       -3.99269753897657        6.97602083173104
C           -3.46356399914610       -3.20163212341454        8.28549124459818
C           -4.85552425974234       -2.71112032951168        8.68509925728674
C           -5.84036158661070       -3.83463309069116        9.04497411101449
N           -5.38682746852838       -4.59943295357488       10.19039974407896
C           -5.41366910487790       -4.03619244247965       11.40576563382797
C           -4.96073009753441       -4.71041267084698       12.51922411906682
C           -4.47141937809678       -6.00464741419590       12.37897655181581
C           -4.44883619265405       -6.57089824570722       11.11073219342703
C           -4.90915425143969       -5.83896800712325       10.03527363663808
H            0.27838915810819        0.61278900086698       -0.09142625764894
H            0.89095652242447       -0.09546922688686       -1.58186155350722
H            2.01326414007282        0.36539777167493       -0.30211451033365
H           -0.09229944362399       -1.83950632714048       -0.07810282431139
H            1.60868204187971       -2.11560408952075       -0.42662952607170
H            1.20109160499444       -2.54358906744966        1.91717816505197
H            2.27134916993277       -1.16004383719428        1.72567056370024
H            0.69036228703152       -0.75089544167661        3.51216776430594
H            0.46331155350337        0.39923194902437        2.20703879692301
H           -1.68420136570910       -0.28664786168658        3.06377244533147
H           -1.50801361198287       -0.81316452647885        1.39981054080767
H           -2.59987680950582       -2.53237890988338        2.70207547653727
H           -1.05699077138800       -3.10901711385091        2.09746572248397
H           -1.41498875975204       -3.87829478880748        4.36719098839179
H           -0.00659747056709       -2.83547831126045        4.27490840837611
H           -1.21340063202785       -2.34298816528645        6.29119043938258
H           -1.26186562208751       -0.95476837417460        5.22081158660898
H           -3.40827643419404       -1.19386107169199        6.25899152406773
H           -3.56106386394790       -1.49297661108822        4.53840274335209
H           -4.93607665866337       -3.04737114627261        5.78942732272458
H           -3.70499937577146       -3.89165954776474        4.87057307005851
H           -3.98804055095769       -4.90874185872889        7.05590590805913
H           -2.36012141968432       -4.30001530666196        6.83337096352304
H           -3.04240945802436       -3.81406400340925        9.08901227765817
H           -2.82476120774631       -2.32463374002508        8.18896775499976
H           -4.75967580929064       -2.02990734514911        9.53243917620680
H           -5.29361483624523       -2.15144193423843        7.86048865696113
H           -6.81275019332132       -3.39578823359541        9.28060836425938
H           -5.95740413981162       -4.50444646406823        8.19313020112705
H           -5.81153733590056       -3.03438681442194       11.47553568851661
H           -4.99521881651432       -4.22978263301003       13.48359649319427
H           -4.12042219499754       -6.55697034365265       13.23580890173040
H           -4.08017589429145       -7.57161764519521       10.95265632353758
H           -4.90495112431887       -6.24813563702557        9.03574132950121
54
 energy: -60.565091065460 gnorm: 0.004985053218 xtb: 6.7.1 (edcfbbe)
C            1.03120972816101       -0.05683666573464       -0.49592404081579
C            0.90193483050741       -1.45467609680182        0.09861767862297
C            1.23394292458554       -1.51130638446371        1.59063990347161
C            0.33683644864481       -0.65446684361878        2.48768066856891
C           -1.15543610974495       -0.98675302174128        2.42310428412776
C           -1.52448923281767       -2.42005641445908        2.81331212875855
C           -1.09869153100056       -2.84471537165902        4.22093405224998
C           -1.63235231071435       -1.97029980556961        5.35815341832306
C           -3.15709552952572       -1.89977988877113        5.47123127617404
C           -3.85940197407599       -3.23551142658134        5.72946396416074
C           -3.38974929316820       -3.99547145938387        6.97396034385580
C           -3.45685282350880       -3.20654740346225        8.28477952028678
C           -4.84822213420990       -2.71079897918434        8.67857162172717
C           -5.83760651340882       -3.83445449558986        9.03260537067326
N           -5.38749679601030       -4.59740935823898       10.17839617273044
C           -5.42398031001809       -4.03542703355293       11.39513072064316
C           -4.96793852331383       -4.70610507975275       12.50960856262462
C           -4.46562257311759       -5.99546401437187       12.37036840407999
C           -4.43295666954045       -6.56068767588671       11.10217822999068
C           -4.89676320286089       -5.83280232845896       10.02488598131675
H            0.28408753475307        0.61619648077400       -0.08230879931906
H            0.89302218253610       -0.09266091645136       -1.57411967184565
H            2.01748690791663        0.35470770250297       -0.29097245821197
H           -0.10825351542697       -1.83161974540959       -0.07235389820052
H            1.58896662196605       -2.12382135450383       -0.42558680867829
H            1.18733567339235       -2.55175886582316        1.91955914210996
H            2.26433222387334       -1.17373531663724        1.72844110490655
H            0.68682408456705       -0.75596449927761        3.51733365226852
H            0.46189428830290        0.39436665085180        2.21247833054865
H           -1.68813164458701       -0.28722068873026        3.07148121081051
H           -1.51462210741178       -0.81271898332350        1.40736827376497
H           -2.60652451737714       -2.53280058209506        2.71198119382019
H           -1.06607314591336       -3.11043384210349        2.10286855675236
H           -1.41766464997845       -3.87827248837625        4.37567554337019
H           -0.00878693053953       -2.83706905177422        4.27831075142455
H           -1.21268306412167       -2.33950632239145        6.29707371344061
H           -1.26118766512852       -0.95314813078617        5.22490223741972
H           -3.40856631966189       -1.19460529989983        6.26739237974060
H           -3.56150010050831       -1.48758995620716        4.54597892547821
H           -4.93462759759032       -3.04909732133313        5.79485572139789
H           -3.70556950987176       -3.88782288610042        4.86885248558595
H           -3.97920386242220       -4.91300780503183        7.05332382669831
H           -2.35326525484692       -4.30094995698329        6.82807721648583
H           -3.04131575746514       -3.82217652068880        9.08889597978275
H           -2.81275662646824       -2.33264428613343        8.19263609324447
H           -4.75484405294000       -2.03204802606598        9.52814481849811
H           -5.28071598171411       -2.14828564303965        7.85314893450976
H           -6.81059558402519       -3.39436186309116        9.26302291676722
H           -5.95074834108120       -4.50200681675472        8.17846039813843
H           -5.83145399585274       -3.03708119650703       11.46427893742597
H           -5.00984847547870       -4.22493838316472       13.47380262338509
H           -4.11229240703106       -6.54492133307914       13.22855924375023
H           -4.05328827335734       -7.55763781813407       10.94344958627689
H           -4.88404854137057       -6.24192518694887        9.02505957688235
54
 energy: -60.565190338854 gnorm: 0.005018111030 xtb: 6.7.1 (edcfbbe)
C            1.03306335953214       -0.05920748369664       -0.48713041576351
C            0.88815069462671       -1.45710313905300        0.10327402423662
C            1.22216835019870       -1.52063190887730        1.59433630437526
C            0.33113172245402       -0.66050853573793        2.49396096745567
C           -1.16207160846467       -0.98830625671170        2.43225157044881
C           -1.53211061015857       -2.42105970168540        2.82283361248935
C           -1.10166315789771       -2.84464247667504        4.22912860303001
C           -1.63255248807870       -1.96769295976003        5.36534793646309
C           -3.15707774181614       -1.89750560047118        5.47846276213006
C           -3.85687015306489       -3.23551478356067        5.73057023160377
C           -3.38186888689559       -3.99883881260942        6.97055382734919
C           -3.44877370876140       -3.21299282843677        8.28306260525655
C           -4.83921743378969       -2.71103012415293        8.67094462503669
C           -5.83421711758467       -3.83256009080362        9.01722580070770
N           -5.38804832179467       -4.59508749628136       10.16502540527345
C           -5.43797003030007       -4.03522432082742       11.38283117458813
C           -4.97830666235361       -4.70165827783745       12.49822041821352
C           -4.45793453714357       -5.98389266331427       12.35938643720323
C           -4.41288114566950       -6.54750442890489       11.09112548155218
C           -4.88147465642033       -5.82459607324476       10.01237055971996
H            0.29237455092936        0.62073541810474       -0.07280155696852
H            0.89630994713903       -0.08995556360891       -1.56574856300617
H            2.02331592218244        0.34149566597932       -0.27929907354046
H           -0.12689255295515       -1.82159868003285       -0.06676207086596
H            1.56580485360421       -2.13330575159382       -0.42437752888694
H            1.16944038968564       -2.56168709854694        1.92093685603996
H            2.25521780334446       -1.19047781958472        1.73165347991206
H            0.68287338925654       -0.76328302732157        3.52303794915482
H            0.45968078720227        0.38816114867452        2.21914489249954
H           -1.69213715942975       -0.28804529991659        3.08224071066516
H           -1.52352343703012       -0.81234748807471        1.41747398359048
H           -2.61475707050777       -2.53278677019814        2.72557045551978
H           -1.07757225018766       -3.11226991520258        2.11047179011899
H           -1.42057464782206       -3.87789160461699        4.38688160777540
H           -0.01144387226506       -2.83801150188965        4.28330324621081
H           -1.21230875026938       -2.33502448631736        6.30490447792480
H           -1.26087740707036       -0.95078703603342        5.23041195021775
H           -3.40926720025586       -1.19635155327405        6.27815152457665
H           -3.56196641883340       -1.48059134093504        4.55530841463557
H           -4.93251506862094       -3.05213455759401        5.79974509347332
H           -3.70456540099989       -3.88327327766008        4.86604348777862
H           -3.96835550889608       -4.91849567317412        7.04915351836717
H           -2.34487635141296       -4.30150346581485        6.82131631363815
H           -3.04038396649486       -3.83306098714634        9.08769269771056
H           -2.79840616516070       -2.34269918588739        8.19683921583343
H           -4.74785126562562       -2.03586846014449        9.52379630498096
H           -5.26477962140845       -2.14313452596412        7.84541820234550
H           -6.80769592092489       -3.39137844470466        9.24332128355331
H           -5.94424713833108       -4.49972917959110        8.16243699044854
H           -5.85830675727505       -3.04202936890123       11.45122956714951
H           -5.03055497289108       -4.22199566304516       13.46289342782763
H           -4.09974403090208       -6.52918395144658       13.21853504421944
H           -4.01930938770380       -7.53940710624754       10.93281680728581
H           -4.85893118668768       -6.23265548564864        9.01224756844435
54
 energy: -60.565297156632 gnorm: 0.003615998755 xtb: 6.7.1 (edcfbbe)
C            1.03625411388559       -0.06260115193093       -0.47669313886564
C            0.87067614243996       -1.46000636436926        0.10872113567460
C            1.20610666135566       -1.53288794059536        1.59870843726578
C            0.32325922071110       -0.66864496276003        2.50190771372801
C           -1.17116691336112       -0.99023082932480        2.44479293136143
C           -1.54276583447297       -2.42204662860585        2.83601652264692
C           -1.10556460093948       -2.84425828896022        4.24023571200251
C           -1.63269795922245       -1.96423165087369        5.37525554400203
C           -3.15687641344184       -1.89429047043952        5.48830181025748
C           -3.85327740246955       -3.23541595165153        5.73107084872205
C           -3.37193328104677       -4.00341540844794        6.96505490425342
C           -3.43809550674740       -3.22222420372496        8.28008829937452
C           -4.82695596732853       -2.71209103110612        8.66212537905899
C           -5.82942131285082       -3.82879578153689        8.99755781249419
N           -5.38902652884668       -4.59230924339846       10.14885567148352
C           -5.45869252918143       -4.03620696540474       11.36736237737548
C           -4.99442111601282       -4.69692700761412       12.48389204047206
C           -4.44746713066812       -5.96830267703085       12.34479493655790
C           -4.38516218245239       -6.52897393861072       11.07598729863663
C           -4.86062270431590       -5.81256797447967        9.99607407164015
H            0.30466997035462        0.62662724286614       -0.06131107918548
H            0.90097712154215       -0.08735255855300       -1.55559795689073
H            2.03167460500917        0.32353870888463       -0.26582640819532
H           -0.15026435277060       -1.80837646518483       -0.06073655877908
H            1.53668188148645       -2.14516154089018       -0.42243368958592
H            1.14448223703692       -2.57476444097275        1.92155835910971
H            2.24242359659657       -1.21269678036337        1.73618932558579
H            0.67775521932105       -0.77377683711669        3.52992104854945
H            0.45611873912058        0.37973662628304        2.22767587568959
H           -1.69677437403128       -0.28897446723406        3.09751601594470
H           -1.53608326553136       -0.81187816875572        1.43155813833675
H           -2.62622421598627       -2.53182447098124        2.74469526170816
H           -1.09369142628582       -3.11442303840398        2.12120655522031
H           -1.42403972639630       -3.87715446362336        4.40172880468269
H           -0.01506985577335       -2.83823575312202        4.28990601111790
H           -1.21181897371879       -2.32952194620378        6.31545114885578
H           -1.26045039787369       -0.94775496093528        5.23806246462538
H           -3.40989682682229       -1.19907150850965        6.29305899339694
H           -3.56203553548600       -1.47086717765488        4.56809308375021
H           -4.92950014018782       -3.05642849860472        5.80390909649455
H           -3.70119452469316       -3.87679964260303        4.86167798669672
H           -3.95466903688825       -4.92576545907667        7.04191697634701
H           -2.33427676605943       -4.30194563784782        6.81168435732833
H           -3.03836166454442       -3.84839554205964        9.08462011160301
H           -2.78037610096577       -2.35647531411543        8.20110424713613
H           -4.73665383291750       -2.04204956024454        9.51943964294812
H           -5.24351970144291       -2.13606024103187        7.83722244232172
H           -6.80323806258448       -3.38618239300782        9.21911648421067
H           -5.93615171216364       -4.49678980165034        8.14303119347772
H           -5.89730958343266       -3.05084561766916       11.43463969232852
H           -5.06218444843338       -4.22146675195254       13.44976325792451
H           -4.08170662907117       -6.50762362204922       13.20455709701653
H           -3.97204187709504       -7.51325990779930       10.91897236784496
H           -4.82474909434610       -6.21768153895251        8.99528934424224
54
 energy: -60.565362523412 gnorm: 0.002055064786 xtb: 6.7.1 (edcfbbe)
C            1.03982933132327       -0.06628840549797       -0.46786680160062
C            0.85528969268729       -1.46281863116566        0.11334085318211
C            1.19082633170931       -1.54427328973238        1.60265817467377
C            0.31554220816960       -0.67595055851303        2.50889979611908
C           -1.18013839729233       -0.99146973990116        2.45636720793676
C           -1.55347982701794       -2.42239973600683        2.84820191220028
C           -1.10916367909467       -2.84380576168895        4.25012168044328
C           -1.63221440402843       -1.96130510979620        5.38469109226992
C           -3.15611229164522       -1.89081762714793        5.49786596808907
C           -3.84985646137261       -3.23474264767380        5.73080474470446
C           -3.36365029441788       -4.00796172332507        6.95911545424983
C           -3.42803107159761       -3.23151048341825        8.27685570748124
C           -4.81500361535574       -2.71376178547428        8.65554798599750
C           -5.82467718774258       -3.82479671162142        8.98053988948272
N           -5.39045730919389       -4.59004464306165       10.13506849747281
C           -5.48072217521086       -4.03891631656731       11.35388809562705
C           -5.01236558698276       -4.69422502115376       12.47161760971485
C           -4.43826344842782       -5.95377355491962       12.33175594034341
C           -4.35773207284371       -6.51030419232913       11.06192987328187
C           -4.83971616250534       -5.79990063406548        9.98129047141668
H            0.31737890793787        0.63152100969868       -0.05097956096563
H            0.90514474221740       -0.08601259552584       -1.54679700194661
H            2.04004833480695        0.30591280949571       -0.25509542489701
H           -0.17050146766819       -1.79654677350240       -0.05616538080599
H            1.51125647616243       -2.15566997097344       -0.42016257650701
H            1.12012223759739       -2.58673228791743        1.92173688690956
H            2.22991080852289       -1.23360048841945        1.74094234792368
H            0.67271324017344       -0.78339559745897        3.53574211177343
H            0.45228102704908        0.37192313917040        2.23485976508142
H           -1.70092506615478       -0.28925250611851        3.11190255492150
H           -1.54835260594357       -0.81100363564485        1.44474458350381
H           -2.63766531887141       -2.52969485203750        2.76305805871299
H           -1.11003822672897       -3.11578726528036        2.13096610359759
H           -1.42687788360852       -3.87641636858383        4.41468567643581
H           -0.01855190784219       -2.83781809268398        4.29493558887463
H           -1.21072622444895       -2.32555017278107        6.32501511263665
H           -1.25912723524490       -0.94547933883185        5.24558774191703
H           -3.40934149491166       -1.20160405819860        6.30767374209648
H           -3.56116741642415       -1.46086729517309        4.58070622814827
H           -4.92651834229634       -3.05972574966880        5.80588946761413
H           -3.69667925173516       -3.86966131369518        4.85699095989818
H           -3.94373236137616       -4.93221330706990        7.03343123387850
H           -2.32568431468327       -4.30303624515910        6.80186109447998
H           -3.03504233842853       -3.86333006988041        9.08033445209855
H           -2.76444802271840       -2.36985037925363        8.20344405823896
H           -4.72407273942500       -2.04891223510644        9.51705386017406
H           -5.22346337772620       -2.12973743376854        7.83194758038175
H           -6.79852823527146       -3.38044102945207        9.19800163144959
H           -5.92849372472303       -4.49352251561268        8.12619586883556
H           -5.93791356829838       -3.06202590786972       11.42012298723497
H           -5.09652842069161       -4.22456298378704       13.43894757437010
H           -4.06504556444600       -6.48721891290849       13.19173515017770
H           -3.92448120685582       -7.48608564757976       10.90627231598857
H           -4.79020303710476       -6.20066535536371        8.97949105468210
54
 energy: -60.565394282408 gnorm: 0.001385738310 xtb: 6.7.1 (edcfbbe)
C            1.04268461234975       -0.06926565103879       -0.46340238262174
C            0.84692360526694       -1.46485253736603        0.11576608906679
C            1.18144738905011       -1.55100522066940        1.60499426571934
C            0.31058147356934       -0.67969882075536        2.51244793699375
C           -1.18593582117745       -0.99141459716188        2.46278100214886
C           -1.56071257614944       -2.42180598437646        2.85494870296124
C           -1.11115976878754       -2.84346383413812        4.25500178145297
C           -1.63092529476303       -1.96007044237147        5.39025570184908
C           -3.15466284793743       -1.88813775696925        5.50407344434871
C           -3.84784202511321       -3.23335307282022        5.73004662087239
C           -3.35994752156297       -4.01090158117618        6.95477167797108
C           -3.42193924643935       -3.23778596248034        8.27455211643045
C           -4.80727646692133       -2.71531503685998        8.65323935785636
C           -5.82170676882671       -3.82229776367102        8.97176077073530
N           -5.39187208781476       -4.58904815493879       10.12793776031000
C           -5.49735955074721       -4.04281418142226       11.34701614162323
C           -5.02670431903360       -4.69486061794705       12.46562187600454
C           -4.43350168464145       -5.94520755151085       12.32490925018446
C           -4.33901064491805       -6.49745732104821       11.05403345085913
C           -4.82484342914749       -5.79071239203070        9.97302586127371
H            0.32651180641685        0.63381521323213       -0.04499896661248
H            0.90730713917119       -0.08638263637725       -1.54216081672240
H            2.04591509991141        0.29408940665937       -0.25064849773585
H           -0.18125545877822       -1.79009200173757       -0.05424335905794
H            1.49751730323241       -2.16191885762016       -0.41835609323507
H            1.10453788118538       -2.59354691723941        1.92191256284076
H            2.22203536762763       -1.24640789318592        1.74428882841058
H            0.66926263056798       -0.78818542640642        3.53856955114186
H            0.44966426439331        0.36762512517204        2.23795613309316
H           -1.70345703939473       -0.28857154379624        3.12008621995800
H           -1.55608967651940       -0.80970687451098        1.45220644201517
H           -2.64535564332582       -2.52695819748183        2.77426432850574
H           -1.12144880526385       -3.11572178558821        2.13585349497179
H           -1.42817907971006       -3.87597078280929        4.42095183373455
H           -0.02054114471373       -2.83730792374100        4.29608419894072
H           -1.20904010065782       -2.32488208570409        6.33010615522813
H           -1.25668772586291       -0.94488184755863        5.25059087122353
H           -3.40717478600865       -1.20295315244280        6.31735017515073
H           -3.55944034327916       -1.45343193393047        4.58920173814094
H           -4.92463224734236       -3.06011131703431        5.80572854772367
H           -3.69350961807156       -3.86387201136244        4.85346538852859
H           -3.93987547045980       -4.93533295041291        7.02673902592411
H           -2.32228528730006       -4.30517778170016        6.79507108644375
H           -3.03182806193079       -3.87306175764387        9.07653928667313
H           -2.75535926473770       -2.37855969779899        8.20353213235653
H           -4.71459985527397       -2.05431087102828        9.51759241476255
H           -5.21115764801177       -2.12592054290346        7.83125206106345
H           -6.79527919586668       -3.37631376544603        9.18663023370789
H           -5.92393656404026       -4.49100852230666        8.11718249089508
H           -5.96766112804033       -3.07239661293669       11.41280279426876
H           -5.12306238556562       -4.23048795076156       13.43412525484809
H           -4.05600625021903       -6.47500868432761       13.18496778157485
H           -3.89129184014601       -7.46647011958646       10.89910726565531
H           -4.76518389824083       -6.18723881893352        8.97023800954193
54
 energy: -60.565436362477 gnorm: 0.002184942285 xtb: 6.7.1 (edcfbbe)
C            1.04722161702209       -0.07387759875198       -0.46056735540431
C            0.83991305183791       -1.46791347071405        0.11750176137614
C            1.17175286072992       -1.55777209215916        1.60718804769225
C            0.30514069671577       -0.68210343109838        2.51441379079327
C           -1.19238215703698       -0.98956000998535        2.46767111365643
C           -1.56947666615262       -2.41934470598540        2.86001002934070
C           -1.11282069047021       -2.84289507432429        4.25713684029797
C           -1.62722163438305       -1.95988486453250        5.39516684964830
C           -3.15068661613122       -1.88378907949494        5.51110638912054
C           -3.84586682398701       -3.22921022875289        5.72822435785675
C           -3.35894723565139       -4.01393365813392        6.94878186036233
C           -3.41579196337655       -3.24550515061050        8.27159108065225
C           -4.79847424887873       -2.71803130345821        8.65402830277218
C           -5.81864048525317       -3.82010312762668        8.96576418674298
N           -5.39434291933510       -4.58890552037472       10.12316899847540
C           -5.52240686479804       -4.05165714178517       11.34309428366125
C           -5.05010215618213       -4.70056713273365       12.46298623425474
C           -4.43039081896908       -5.93720706274119       12.32067294761934
C           -4.31421068729416       -6.48123305343256       11.04776915301660
C           -4.80371503271406       -5.77832287659290        9.96631093923466
H            0.33923091470348        0.63534552033040       -0.03936084855375
H            0.90865354577227       -0.08886701351075       -1.53883914726011
H            2.05423434908221        0.27928039460797       -0.25036108237285
H           -0.19020223188715       -1.78480099228425       -0.05375466723251
H            1.48599248821130       -2.16922004868191       -0.41582730488683
H            1.08711729510529       -2.59993245619417        1.92243887816938
H            2.21379538872341       -1.26013536608841        1.74839154173255
H            0.66504506414495       -0.79055759079243        3.53994988009901
H            0.44675978666906        0.36423503022274        2.23822826348220
H           -1.70611946102470       -0.28593407163434        3.12683855652590
H           -1.56436811335403       -0.80654319066703        1.45819190114388
H           -2.65473039331807       -2.52092657232489        2.78544563323027
H           -1.13630812899378       -3.11375465439417        2.13799224409528
H           -1.42895977120298       -3.87543723663201        4.42361383812115
H           -0.02222458701749       -2.83661341630260        4.29281290469280
H           -1.20486008870808       -2.32794139049317        6.33341808678011
H           -1.25021681220482       -0.94578723286164        5.25641974575484
H           -3.40038712818832       -1.20345969739008        6.32901277013893
H           -3.55494838237501       -1.44217857102716        4.59958272475216
H           -4.92248703270643       -3.05588169872693        5.80363707348577
H           -3.69039641786510       -3.85442963302768        4.84840040357946
H           -3.94201301041481       -4.93649837066615        7.01686037072289
H           -2.32260331346207       -4.31059348716655        6.78633540426793
H           -3.02664794741959       -3.88486368238672        9.07048297626086
H           -2.74658183812332       -2.38875309455728        8.20178939109306
H           -4.70167749073839       -2.06271783061647        9.52232770564554
H           -5.19843901016143       -2.12164902370826        7.83542289378092
H           -6.79136806951906       -3.37131905918703        9.17776424160401
H           -5.91964581187630       -4.48806398507150        8.11041512412896
H           -6.01116377119903       -3.09079731913757       11.40896785260125
H           -5.16471692953282       -4.24497410683343       13.43336041553109
H           -4.04910012243310       -6.46325148302168       13.18094725984105
H           -3.84594918442271       -7.43995640996889       10.89310646643038
H           -4.72861500995538       -6.16733567652001        8.96173869144368
54
 energy: -60.565479471796 gnorm: 0.002348569949 xtb: 6.7.1 (edcfbbe)
C            1.05083116856370       -0.07724676502934       -0.46183130322386
C            0.83889167658410       -1.47019270161282        0.11716683047828
C            1.16856433797364       -1.55994657486144        1.60747777071191
C            0.30326915947600       -0.68124374709817        2.51307265641424
C           -1.19474844070088       -0.98676408198839        2.46719970848386
C           -1.57371026767482       -2.41622936755697        2.85926839525839
C           -1.11302307131205       -2.84243819172138        4.25426799366587
C           -1.62315904455187       -1.96100252228212        5.39555853404183
C           -3.14629273453582       -1.88030769376593        5.51410746163067
C           -3.84548887131623       -3.22427500046554        5.72673483382136
C           -3.36178856142574       -4.01466216615968        6.94511304632036
C           -3.41396206400877       -3.24959945854116        8.27012849136170
C           -4.79463336594231       -2.72018516032602        8.65754060083052
C           -5.81774514622718       -3.82023091437677        8.96701323684150
N           -5.39619407302616       -4.58984125318580       10.12444401842249
C           -5.54087434442461       -4.06034694638935       11.34568420932593
C           -5.06900219377410       -4.70857342222298       12.46637539660295
C           -4.43141307204418       -5.93568640511152       12.32283190205072
C           -4.29841443179510       -6.47221637266402       11.04820246670714
C           -4.78883191280678       -5.77069918036845        9.96637071584084
H            0.34771718065563        0.63535520762145       -0.03836470694475
H            0.90834580133612       -0.09191241680503       -1.53963335735253
H            2.06023925013548        0.27098842040376       -0.25527062406492
H           -0.19185533864890       -1.78422465967616       -0.05503812639403
H            1.48390851661470       -2.17360168593649       -0.41466269254178
H            1.08010800833094       -2.60155114719160        1.92305879631340
H            2.21121668315880       -1.26543977509346        1.74992126111000
H            0.66319457208360       -0.78823942993278        3.53870566649477
H            0.44610391046868        0.36434135182391        2.23490803365923
H           -1.70691550887302       -0.28268771891281        3.12702142358307
H           -1.56713165675802       -0.80303798129826        1.45803661882781
H           -2.65938872912645       -2.51510222139371        2.78836527347312
H           -1.14467749120700       -3.11077762287471        2.13499149525862
H           -1.42911569506174       -3.87509617294974        4.41993717523491
H           -0.02239034651898       -2.83667998114611        4.28651353868811
H           -1.20055486576359       -2.33322048046132        6.33204864924166
H           -1.24323855233260       -0.94772411496290        5.25898730207104
H           -3.39249708889463       -1.20229643247129        6.33489073802764
H           -3.55032748328006       -1.43390093113873        4.60489859269159
H           -4.92165178269912       -3.04815943321567        5.80190280873093
H           -3.69084586718660       -3.84706000839931        4.84515884008856
H           -3.94970895550604       -4.93433206410155        7.01035754848891
H           -2.32701442957710       -4.31604259370060        6.78133188008958
H           -3.02359133932983       -3.89146633677550        9.06638294630475
H           -2.74360319696292       -2.39384807231066        8.20029336347917
H           -4.69433077842649       -2.06889078268895        9.52851695444046
H           -5.19423635248940       -2.11956355147867        7.84197782982459
H           -6.78964760863439       -3.36931760102015        9.17774613843521
H           -5.91875993435631       -4.48728634787153        8.11094151954793
H           -6.04235032925214       -3.10616847247493       11.41232982683723
H           -5.19732041366631       -4.25961002653569       13.43811134128311
H           -4.04957673338960       -6.46061541615937       13.18347881364854
H           -3.81595645149590       -7.42360505017214       10.89280203633877
H           -4.70177174037742       -6.15366852497431        8.96039612949743
54
 energy: -60.565566456235 gnorm: 0.002187530877 xtb: 6.7.1 (edcfbbe)
C            1.05876228760795       -0.08457992271361       -0.46795761662701
C            0.84024872411177       -1.47495328524901        0.11508898440002
C            1.16555863173097       -1.56175890967799        1.60677811445574
C            0.30146441134249       -0.67708160804428        2.50784969415279
C           -1.19739292479924       -0.97933489181604        2.46266833074468
C           -1.58048574191042       -2.40827300253851        2.85341647388907
C           -1.11284271045579       -2.84150444728989        4.24400069155703
C           -1.61352358430762       -1.96449606608121        5.39319064488191
C           -3.13572256494393       -1.87283184524526        5.51828472556813
C           -3.84563892162548       -3.21220435322490        5.72401308186278
C           -3.37044127684134       -4.01444785133310        6.93848004887130
C           -3.41277974001126       -3.25653128650096        8.26804244346719
C           -4.78927281767863       -2.72480277714025        8.66714263126764
C           -5.81712874427908       -3.82227443284408        8.97458153137284
N           -5.39978335279704       -4.59267628926539       10.13146026007343
C           -5.57922149650912       -4.08069592021565       11.35599003758754
C           -5.11001899665927       -4.72914634879826       12.47803636740339
C           -4.43681483961822       -5.93689427512255       12.33215017322393
C           -4.26741494683847       -6.45579710724114       11.05389487013802
C           -4.75810414466339       -5.75577422711329        9.97128071703677
H            0.36474226688927        0.63426918987380       -0.04011338198575
H            0.90726938237645       -0.10006406813663       -1.54465671070165
H            2.07270734558232        0.25578489192842       -0.27028967957073
H           -0.19118182115468       -1.78583836716429       -0.05895354219844
H            1.48455077040112       -2.18213780132803       -0.41287751308969
H            1.07144126464594       -2.60203362673799        1.92466117681699
H            2.20905380316175       -1.27156468223655        1.75127786509816
H            0.66069160431674       -0.78000473568644        3.53414385463716
H            0.44643891614660        0.36696346055076        2.22514484093222
H           -1.70731823906499       -0.27448817880920        3.12340569907775
H           -1.56976748278758       -0.79397255870299        1.45377370125775
H           -2.66704146822854       -2.50143923624970        2.78909780300109
H           -1.15959936267017       -3.10276835586689        2.12426644362733
H           -1.43001701565008       -3.87432924806411        4.40675468938782
H           -0.02205263145760       -2.83802562307831        4.26978493546251
H           -1.19040415724399       -2.34688449406566        6.32546010635429
H           -1.22673430181660       -0.95294131118271        5.26245993522231
H           -3.37327423772128       -1.19831382083370        6.34447691177869
H           -3.53962726133266       -1.41696461560103        4.61370581320602
H           -4.92042847212022       -3.02751067670558        5.79937188593262
H           -3.69512312190049       -3.83158794770969        4.83937451478456
H           -3.97020798338290       -4.92705257469980        6.99790776493257
H           -2.33934103587593       -4.32780134220104        6.77254911477587
H           -3.01869843002465       -3.90332435463938        9.05862702991433
H           -2.74056186989731       -2.40220096082448        8.19819428856846
H           -4.68184316538840       -2.08137737981007        9.54325457898126
H           -5.19061424894924       -2.11646930687983        7.85823204555267
H           -6.78716573952298       -3.36700036013786        9.18358215797475
H           -5.91910446868534       -4.48752003462546        8.11718182675457
H           -6.10640225402422       -3.14028764253938       11.42478813034624
H           -5.26765404952522       -4.29445874310563       13.45244434826451
H           -4.05603974518782       -6.46118142155067       13.19372430997249
H           -3.75638380023617       -7.39202891335729       10.89611734201254
H           -4.64510624052575       -6.12551631237079        8.96250550758999
54
 energy: -60.565629600335 gnorm: 0.002479432358 xtb: 6.7.1 (edcfbbe)
C            1.06748498244732       -0.09259960234966       -0.47823551334553
C            0.84482564659191       -1.47966069247861        0.11151841656054
C            1.16616387136551       -1.56038308048004        1.60453584014836
C            0.30192450719994       -0.67038774919965        2.50036906280161
C           -1.19757268789639       -0.97000365167185        2.45505616945304
C           -1.58533108656666       -2.39853796902834        2.84335223292103
C           -1.11254580643085       -2.84098848089615        4.22937545919926
C           -1.60254170707789       -1.96957625691030        5.38774393052425
C           -3.12339477919605       -1.86467819945070        5.52071901373924
C           -3.84732529426021       -3.19740142563796        5.72160747884805
C           -3.38225959552364       -4.01234946774062        6.93206089334532
C           -3.41405500598429       -3.26262672403689        8.26664299130929
C           -4.78608178835590       -2.72988646057467        8.67898477816867
C           -5.81742380530968       -3.82592857226488        8.98713120031508
N           -5.40300312131060       -4.59647658297686       10.14321043953220
C           -5.61740348666964       -4.10404852510532       11.37097685646607
C           -5.15285015560046       -4.75445256174096       12.49399412233267
C           -4.44572750512818       -5.94258589098130       12.34657099442317
C           -4.23871102205290       -6.44105947964218       11.06532724812339
C           -4.72779163946455       -5.74116118798763        9.98185350655308
H            0.38155581683850        0.63213158875733       -0.04720216364310
H            0.90679165777271       -0.11095296840632       -1.55368685849026
H            2.08535306968264        0.24213773444777       -0.29043414324751
H           -0.18685888004426       -1.78967160210042       -0.06383377702608
H            1.48935832313477       -2.19058359755836       -0.41166735181560
H            1.06899252769843       -2.59913974914932        1.92641740084385
H            2.20999878543580       -1.27197755588272        1.75036979158241
H            0.65988248322000       -0.76865081448644        3.52765185221376
H            0.44869624021164        0.37219515754656        2.21300288754829
H           -1.70589193110734       -0.26471878671392        3.11672611781847
H           -1.56940783867724       -0.78238310257264        1.44625138877524
H           -2.67272014788167       -2.48579238506872        2.78444734261309
H           -1.17215338958158       -3.09240126032859        2.10902274023373
H           -1.43285260163864       -3.87367019805091        4.38763936184151
H           -0.02155729505949       -2.84185113663176        4.24937092464768
H           -1.17909136433309       -2.36402780378852        6.31505590703346
H           -1.20743969032891       -0.96009236819273        5.26432773724245
H           -3.35038914558734       -1.19255047065464        6.35200695211305
H           -3.52717408713238       -1.39926289138458        4.62081726022753
H           -4.92005628824709       -3.00059982844620        5.79854812846585
H           -3.70429426235598       -3.81456162237875        4.83400442817691
H           -3.99544935197339       -4.91679102619903        6.98538165795925
H           -2.35548805458171       -4.33961923274130        6.76393280064178
H           -3.01564156104962       -3.91488390316946        9.05090962772036
H           -2.73992938381219       -2.40950869120755        8.19745173159390
H           -4.67128990203780       -2.09371236390185        9.55955718413853
H           -5.19141919557476       -2.11476437632816        7.87715623976280
H           -6.78549409843585       -3.36649025154319        9.19536428143730
H           -5.92139617202753       -4.48981308097348        8.12887080753476
H           -6.16943292984103       -3.17784629655820       11.44194686249924
H           -5.34054831000257       -4.33541272359729       13.47045003302314
H           -4.06841561566908       -6.46794636724137       13.20921266540654
H           -3.70004749601103       -7.36157912721280       10.90501129393707
H           -4.58792043177942       -6.09654633713221        8.97089376576982
54
 energy: -60.565656452651 gnorm: 0.001911188925 xtb: 6.7.1 (edcfbbe)
C            1.07119744351660       -0.09612974924403       -0.48681447105140
C            0.85034929913857       -1.48118020370187        0.10845367966236
C            1.17108339499270       -1.55609913260605        1.60185536120097
C            0.30509302364348       -0.66513654855365        2.49505986920400
C           -1.19447220325729       -0.96436839308674        2.44873414677455
C           -1.58461730480498       -2.39297573669558        2.83453052258890
C           -1.11247756621068       -2.84144409224480        4.21883127663469
C           -1.59709881567428       -1.97331988299528        5.38192187001482
C           -3.11694263895002       -1.86075245560354        5.51929460400616
C           -3.84980513207865       -3.18853811469636        5.72105290192691
C           -3.39017866341538       -4.00900339015526        6.92986539945738
C           -3.41754389759770       -3.26353252887915        8.26682717027370
C           -4.78774905099924       -2.73240572891898        8.68604620076823
C           -5.81850687486618       -3.82930962236336        8.99778958569786
N           -5.40364807896691       -4.59923763128497       10.15338857087157
C           -5.62995110310903       -4.11575694137459       11.38178518578030
C           -5.16966821296077       -4.76897665920693       12.50485261452781
C           -4.45322621638121       -5.95018512365103       12.35806582038725
C           -4.23216373998949       -6.43847075496443       11.07676781249903
C           -4.71838814702581       -5.73692059629236        9.99287420296289
H            0.38658270184172        0.63003517780379       -0.05635239484059
H            0.90731552525721       -0.11809874432543       -1.56169870376105
H            2.08954416025515        0.23949495277308       -0.30334178156463
H           -0.18084457963609       -1.79366843669888       -0.06654108898884
H            1.49620792137168       -2.19319631296980       -0.41190832775628
H            1.07614916819189       -2.59410756808306        1.92708106894697
H            2.21436756876246       -1.26506474495011        1.74715729546824
H            0.66196981725785       -0.76144847116166        3.52298763798970
H            0.45203530639943        0.37708541238779        2.20618541836196
H           -1.70281515713725       -0.25937584618489        3.11088164535243
H           -1.56550322000031       -0.77509256265494        1.43981383647899
H           -2.67223086699322       -2.47774132920182        2.77593108919170
H           -1.17346613835908       -3.08585951186198        2.09809167780777
H           -1.43666162847516       -3.87358300222352        4.37352493856497
H           -0.02140455588471       -2.84653853925302        4.23769843224645
H           -1.17384698377939       -2.37428286691208        6.30656299133351
H           -1.19720737966934       -0.96512961750080        5.26265769016929
H           -3.33778472198818       -1.18812643198984        6.35191571635991
H           -3.52050634241428       -1.39194585012094        4.62104628057424
H           -4.92089145289160       -2.98326772162284        5.80019285534215
H           -3.71335046698397       -3.80620529628390        4.83256810329520
H           -4.00967766644568       -4.90931764691723        6.98067311013753
H           -2.36568289013619       -4.34298431428461        6.76077471434101
H           -3.01649198192251       -3.91818652292456        9.04790372570527
H           -2.74312323198094       -2.41037722874312        8.19839912146112
H           -4.66993670097205       -2.09774181087442        9.56713569451966
H           -5.19732248957926       -2.11635872135552        7.88711204346691
H           -6.78588357749404       -3.36889524375998        9.20689523553936
H           -5.92421079033911       -4.49337919600216        8.13983388479174
H           -6.18920924990715       -3.19486195384823       11.45322278094675
H           -5.36820507057939       -4.35692353917832       13.48110947171422
H           -4.08011525952103       -6.47799898296064       13.22123254180693
H           -3.68560011243023       -7.35307031992304       10.91577390221998
H           -4.56883516882064       -6.08617392167894        8.98206706858726
54
 energy: -60.565668156566 gnorm: 0.003789850217 xtb: 6.7.1 (edcfbbe)
C            1.07872746218116       -0.10483037077704       -0.49610445659918
C            0.84876434875290       -1.48586259381949        0.10611025586801
C            1.17086265472633       -1.55612928283224        1.59918244913589
C            0.30691757473471       -0.66164163562334        2.49080120161082
C           -1.19368873253308       -0.95580152524246        2.44552501076468
C           -1.58954819553685       -2.38407187638583        2.82641243112616
C           -1.11568231884059       -2.84273031627178        4.20676819883605
C           -1.58771309305129       -1.97751999616597        5.37701482751238
C           -3.10544780685066       -1.85051947198996        5.52242725067724
C           -3.85245750428125       -3.17105732492038        5.72084794748411
C           -3.39724199166714       -4.00405751073419        6.92251831887901
C           -3.41771988905040       -3.26996067862598        8.26587780145572
C           -4.78432086451415       -2.73791970400749        8.69355320891502
C           -5.81713355947732       -3.83431748990945        9.00465670802894
N           -5.40507667676491       -4.60322143364610       10.16215418725065
C           -5.66840298497547       -4.13789530391816       11.39217493965061
C           -5.21389631240035       -4.79244748969290       12.51668541005503
C           -4.46076892846220       -5.95441757640216       12.37067778738360
C           -4.19933009609894       -6.42226112895827       11.08819052911086
C           -4.68459152679628       -5.72188137264130       10.00250349737437
H            0.40093415408128        0.62927535183422       -0.06727062402764
H            0.91171974225647       -0.13039735961419       -1.57031998029441
H            2.10056095676240        0.22393060400208       -0.31696921109664
H           -0.18530031838104       -1.79237147797367       -0.06658749550256
H            1.48908723553637       -2.20533232731456       -0.41174265611447
H            1.07581555512877       -2.59337704073831        1.92804868205179
H            2.21492151312939       -1.26531305467672        1.74255969411293
H            0.66375198411788       -0.75730606026869        3.51891983986642
H            0.45685753057039        0.37992844757706        2.20047098219475
H           -1.69877051043376       -0.25091108959381        3.11068331620344
H           -1.56548468175127       -0.76148504413440        1.43759919063958
H           -2.67800983982612       -2.46300029159189        2.77097021218255
H           -1.18444027008973       -3.07564333578715        2.08507192962778
H           -1.44810843406134       -3.87307283640549        4.35733546614809
H           -0.02435894841447       -2.85716638451664        4.22125633340073
H           -1.16439159635413       -2.38816243208440        6.29734524344340
H           -1.17854797021076       -0.97238941311811        5.26253492557473
H           -3.31529652322763       -1.18018073862884        6.36011384454085
H           -3.50849062010717       -1.37230106579358        4.62859128464564
H           -4.92061501556746       -2.95325059631166        5.80689819894469
H           -3.72855101509136       -3.78554973951647        4.82777595616555
H           -4.02346543234786       -4.89990042302408        6.96712089998821
H           -2.37585422386133       -4.34460194289884        6.74876178858083
H           -3.01705679700843       -3.93279660191052        9.04063736579760
H           -2.73928640526683       -2.41899945540258        8.20381982048237
H           -4.66256215610463       -2.10799876449339        9.57762197527951
H           -5.19630799112297       -2.11674300452519        7.89938853393772
H           -6.78450972875578       -3.37309309822162        9.21163795839340
H           -5.92179106489578       -4.49971589962899        8.14740682880494
H           -6.25371989391929       -3.23138866874902       11.46329147952772
H           -5.44429468811986       -4.39561668116005       13.49370342994055
H           -4.09114352296223       -6.48288624498395       13.23528242070297
H           -3.62384854922434       -7.32135166193622       10.92670305237572
H           -4.50704403357126       -6.05841758585130        8.99113180895864
54
 energy: -60.565699348011 gnorm: 0.001766751663 xtb: 6.7.1 (edcfbbe)
C            1.07664762507400       -0.10383450476752       -0.49571325410424
C            0.84729159840020       -1.48489197910214        0.10631814348617
C            1.17243172679521       -1.55561100300920        1.59855945078373
C            0.30896784809710       -0.66309281294582        2.49255490226987
C           -1.19170149013368       -0.95666372096363        2.44725718461432
C           -1.58774436049260       -2.38512430642916        2.82681954822370
C           -1.11731779395915       -2.84374445428230        4.20829339718790
C           -1.58996407438170       -1.97679536155517        5.37668796326871
C           -3.10761566972984       -1.85065468004985        5.52119538396039
C           -3.85342767439400       -3.17133349109535        5.72207050827686
C           -3.39460451159352       -4.00228192619905        6.92334168957266
C           -3.41820483496251       -3.26800298499777        8.26642590654730
C           -4.78624227169975       -2.73757818925385        8.69101013168436
C           -5.81643145388913       -3.83548023874536        9.00282610662591
N           -5.40284426980071       -4.60339987738955       10.16127205445589
C           -5.65945234995041       -4.13408951112118       11.38984714944629
C           -5.20574007240633       -4.78864290397711       12.51448187618923
C           -4.46162203494919       -5.95520950273082       12.37031556431660
C           -4.20614032486881       -6.42626651840484       11.08925958997516
C           -4.69005136530136       -5.72560446765228       10.00306165645732
H            0.39585880593081        0.62909290789672       -0.06976755315204
H            0.91384275372799       -0.13014893090543       -1.57046799146464
H            2.09700919306401        0.22694416976908       -0.31270117132987
H           -0.18720027808818       -1.79086877953809       -0.06437659648195
H            1.48606236522001       -2.20440295308349       -0.41308773399453
H            1.08020887407464       -2.59327275826506        1.92716964681471
H            2.21629185527523       -1.26281990387325        1.73991373458677
H            0.66621391481525       -0.76142197626501        3.52027044926745
H            0.45908896667182        0.37910184045067        2.20447939684289
H           -1.69641299540011       -0.25225233650902        3.11319780915993
H           -1.56372378841915       -0.76115402457189        1.43966063990310
H           -2.67601185757726       -2.46477371944662        2.76858464031027
H           -1.18018639116442       -3.07622730129198        2.08648924772004
H           -1.45216477797787       -3.87325728987305        4.35892575852309
H           -0.02606536181573       -2.86038862970122        4.22479418572556
H           -1.16682309812707       -2.38521658814671        6.29787259691451
H           -1.18133483303591       -0.97183763631707        5.26034420929079
H           -3.31836085265391       -1.17919385930547        6.35757956975496
H           -3.51053530799746       -1.37450733585809        4.62632453475225
H           -4.92135313790561       -2.95431912815885        5.81011938558271
H           -3.73106949914889       -3.78635975933503        4.82925414078349
H           -4.01644709601569       -4.90081206606899        6.96866973901936
H           -2.37191530581962       -4.33782171470614        6.74923146481206
H           -3.01889376865106       -3.93055384239053        9.04190439194361
H           -2.74030867308114       -2.41656850457888        8.20594467260328
H           -4.66708309012320       -2.10487811816122        9.57334271071632
H           -5.19845787628184       -2.11927761901216        7.89480024551637
H           -6.78504083818863       -3.37680790698887        9.20990494833555
H           -5.91976036640348       -4.50225231452252        8.14646139615763
H           -6.23886637118712       -3.22463978583895       11.45938595594344
H           -5.43117400212780       -4.38919457141296       13.49050650579195
H           -4.09295219120228       -6.48395979789344       13.23507715448221
H           -3.63693249634718       -7.32857581862746       10.92932395005337
H           -4.51708671989258       -6.06520151280243        8.99275301187463
54
 energy: -60.565718576201 gnorm: 0.001346919979 xtb: 6.7.1 (edcfbbe)
C            1.07492113966337       -0.10559316047656       -0.49645651427267
C            0.84247647768028       -1.48531688490124        0.10636982394101
C            1.17345899736696       -1.55680679060135        1.59716441772204
C            0.31289665920381       -0.66588207417114        2.49560452157933
C           -1.18854106841627       -0.95525689869710        2.45079525440535
C           -1.58760546093714       -2.38391020797169        2.82603834521218
C           -1.12219603904665       -2.84593888371442        4.20816301537465
C           -1.59116314312336       -1.97567040648152        5.37553953449648
C           -3.10847806872554       -1.84627732305481        5.52080051670650
C           -3.85585801257073       -3.16577164286011        5.72361592562111
C           -3.39068632741609       -3.99755557967782        6.92163384176065
C           -3.41741563458242       -3.26613928939990        8.26636792035337
C           -4.78759593128291       -2.73909794045674        8.68875289652381
C           -5.81300220521216       -3.84003767935825        9.00004670535229
N           -5.39783387561255       -4.60553714700639       10.16051788789537
C           -5.65692028170092       -4.13520159039292       11.38736268660460
C           -5.20726775209406       -4.78905175705877       12.51378407345434
C           -4.46638468905919       -5.95632709687619       12.37301500191425
C           -4.20567893030860       -6.42661857739939       11.09327239186294
C           -4.68553814158532       -5.72678015489729       10.00484838742408
H            0.39121131350928        0.62729739877954       -0.07563903606544
H            0.91913564894914       -0.13365011295771       -1.57228571514966
H            2.09365162756813        0.22581475648552       -0.30722935842597
H           -0.19350576527187       -1.78693423761766       -0.05993509698748
H            1.47592443330569       -2.20699702656319       -0.41567715990809
H            1.08445248123844       -2.59473335779639        1.92579419364860
H            2.21737905207185       -1.26242601802051        1.73424735762780
H            0.67093723358946       -0.76974089478112        3.52249911112668
H            0.46531510610486        0.37705999888465        2.21130515915519
H           -1.69051067178096       -0.25176910587179        3.11960559630004
H           -1.56118646995370       -0.75533972421944        1.44439317384175
H           -2.67577625786464       -2.46215196841836        2.76402043824333
H           -1.17816880748620       -3.07388499111358        2.08579971233682
H           -1.46393153307493       -3.87324616245510        4.35790968465621
H           -0.03112591358312       -2.86969522757060        4.22623738851992
H           -1.16789605369205       -2.38311905084857        6.29712831955827
H           -1.18051549223533       -0.97192643235746        5.25669255486595
H           -3.31740818496666       -1.17393502891010        6.35675556207661
H           -3.51124120887462       -1.37056464199325        4.62577100372807
H           -4.92286134392069       -2.94742213552094        5.81705770180968
H           -3.73893502126001       -3.78004335041163        4.82985963487278
H           -4.00673886501888       -4.90037557672154        6.96537155807663
H           -2.36581889509873       -4.32536502888150        6.74554925565094
H           -3.01929398196915       -3.93024291091129        9.04082117397835
H           -2.74056603482324       -2.41396576365745        8.20946808522134
H           -4.67212434361007       -2.10389635709464        9.56988245167389
H           -5.20093678387822       -2.12389699140390        7.89082499094916
H           -6.78425702561977       -3.38627668362597        9.20564270534650
H           -5.91217675033953       -4.50893060441284        8.14483778980246
H           -6.23465941976761       -3.22561903413381       11.45368787728160
H           -5.43567407043583       -4.39039312476041       13.48876605228305
H           -4.10225189931351       -6.48510511451206       13.23937048051105
H           -3.63760129406153       -7.32884793963141       10.93654659876540
H           -4.50978252067617       -6.06703647152747        8.99545412069422
54
 energy: -60.565728459912 gnorm: 0.000922541598 xtb: 6.7.1 (edcfbbe)
C            1.07466118082940       -0.10749678180384       -0.49601119756932
C            0.83844907130217       -1.48684132050027        0.10639310844655
C            1.17229482187863       -1.55971457917359        1.59657408678650
C            0.31462712251363       -0.66774652235412        2.49689075155747
C           -1.18757881790025       -0.95345020710267        2.45282083512216
C           -1.58921377302843       -2.38196458139744        2.82587660916793
C           -1.12455948862491       -2.84616781911943        4.20760104534061
C           -1.59047812540694       -1.97445298255230        5.37520969666016
C           -3.10756669556836       -1.84257464475266        5.52163628797634
C           -3.85603266573181       -3.16162427206696        5.72368623206478
C           -3.38886561376335       -3.99499724077349        6.91985620138614
C           -3.41582586043317       -3.26574225851883        8.26587367058833
C           -4.78685733531592       -2.74084868560581        8.68882185664275
C           -5.81100013531073       -3.84338420497915        8.99806973872109
N           -5.39747764570365       -4.60795033730153       10.15964759471396
C           -5.66310537347573       -4.13895619195548       11.38558745961274
C           -5.21528450192378       -4.79156137780645       12.51361089642573
C           -4.46705892382690       -5.95526273083490       12.37437556703524
C           -4.19997425530093       -6.42410651109382       11.09552111180627
C           -4.67878451837738       -5.72578766460810       10.00572633191165
H            0.39156040186886        0.62687767808586       -0.07658357338007
H            0.92083135461606       -0.13544976378765       -1.57217612105930
H            2.09375978798874        0.22195081077950       -0.30507501365770
H           -0.19894809235906       -1.78434820702769       -0.05779224754469
H            1.46830889286812       -2.21076918317330       -0.41685829018069
H            1.08201301862721       -2.59760480992690        1.92482709458886
H            2.21686007021902       -1.26710764014124        1.73190830289546
H            0.67317748235769       -0.77424199201374        3.52330192008663
H            0.46942896881871        0.37521789010736        2.21405793018035
H           -1.68729639942434       -0.25020296582285        3.12343359478026
H           -1.56071556791407       -0.75085909331219        1.44721601925552
H           -2.67749935273465       -2.45828420912228        2.76361855613222
H           -1.18071790194141       -3.07167828347647        2.08489097885023
H           -1.46973562219400       -3.87226909131383        4.35717038915110
H           -0.03362067755986       -2.87357920480034        4.22518848160686
H           -1.16706807888520       -2.38214145436458        6.29667543691382
H           -1.17809306526298       -0.97155751092206        5.25551764251267
H           -3.31492283664577       -1.17069254396991        6.35834423753792
H           -3.51012526785668       -1.36553248439733        4.62724621208566
H           -4.92266866034401       -2.94256517952799        5.81960265554665
H           -3.74135143562597       -3.77456544130277        4.82884858526500
H           -4.00312031516750       -4.89923729537467        6.96224212156879
H           -2.36346665946443       -4.32060426964942        6.74248098406241
H           -3.01685470245164       -3.93049969362096        9.03924237816218
H           -2.74003202459545       -2.41285342695811        8.20969429346854
H           -4.67224293371100       -2.10644082720059        9.57067926633621
H           -5.20016829122656       -2.12506582874829        7.89136442146629
H           -6.78365539133830       -3.39141854000623        9.20117461659278
H           -5.90676878603662       -4.51246428463265        8.14260824184149
H           -6.24541308507751       -3.23165952902652       11.45018215806411
H           -5.44886492554046       -4.39446649185875       13.48796589093965
H           -4.10507854738860       -6.48348913449992       13.24193144449371
H           -3.62533573355365       -7.32327413041453       10.94039201234143
H           -4.49789408989593       -6.06462295428390        8.99668149469574
54
 energy: -60.565737979727 gnorm: 0.001305259468 xtb: 6.7.1 (edcfbbe)
C            1.07383961653255       -0.11057133631899       -0.49486620437914
C            0.83303171304856       -1.48969153292889        0.10634894649869
C            1.17001055743358       -1.56544356187521        1.59587396866822
C            0.31737545214620       -0.67072419012031        2.49835853134579
C           -1.18606365615255       -0.95023084842326        2.45506638534526
C           -1.59197907701368       -2.37823408834484        2.82554545376787
C           -1.12751795985513       -2.84530370841125        4.20645509184653
C           -1.58920251768357       -1.97174017081043        5.37447841116363
C           -3.10603481333941       -1.83703058334017        5.52254204667732
C           -3.85554085324364       -3.15572784710562        5.72343165616350
C           -3.38646136658569       -3.99101541314791        6.91763902987422
C           -3.41351751504736       -3.26372851412703        8.26477429659072
C           -4.78580947987965       -2.74321328215916        8.69011207038534
C           -5.80759887196244       -3.84925190220531        8.99499878489467
N           -5.39633732813807       -4.61224569806516       10.15783664601539
C           -5.67334329134151       -4.14584848709490       11.38291520999624
C           -5.22764133516909       -4.79597447713425       12.51345287010644
C           -4.46995616097414       -5.95422345386610       12.37727797476439
C           -4.18958648885186       -6.42022336935843       11.09876808294980
C           -4.66718981755060       -5.72464029478524       10.00671652649187
H            0.39201785423284        0.62530712150155       -0.07592999392030
H            0.92147145803292       -0.13740230882155       -1.57134337074233
H            2.09354893965144        0.21609367161079       -0.30232940215479
H           -0.20595190267025       -1.78197239146500       -0.05546759496206
H            1.45842100528456       -2.21593037581868       -0.41884486955048
H            1.07597786987798       -2.60313578326927        1.92338366369221
H            2.21587420880319       -1.27719931877922        1.72925940328404
H            0.67638878671509       -0.78050552338494        3.52421337440960
H            0.47648143903197        0.37195142792511        2.21703527408365
H           -1.68234935802000       -0.24689986314621        3.12792803202716
H           -1.55959865309905       -0.74386278287099        1.45047675592648
H           -2.68049305986534       -2.45121841005104        2.76385207412195
H           -1.18593692346215       -3.06799247978455        2.08326051481726
H           -1.47672550037531       -3.86991411491036        4.35604402112842
H           -0.03677693456653       -2.87712408471810        4.22284476887879
H           -1.16539356159501       -2.37971904926375        6.29570706884233
H           -1.17467378325314       -0.96988802691453        5.25369722554804
H           -3.31155128466836       -1.16588287720928        6.36028909060654
H           -3.50855676911614       -1.35813775531204        4.62913549188994
H           -4.92195980331679       -2.93626430839785        5.82150191012180
H           -3.74263051473374       -3.76704543829595        4.82741500220833
H           -3.99924973619333       -4.89643122377775        6.95859418428730
H           -2.36068732059061       -4.31503961236114        6.73900331636385
H           -3.01117881034372       -3.92805733505153        9.03673170565068
H           -2.74075985678713       -2.40857539436364        8.20812088734451
H           -4.67225222829121       -2.11176461718017        9.57430440309374
H           -5.19998841533106       -2.12541700055075        7.89469807146913
H           -6.78256345635790       -3.40046997644387        9.19390811466685
H           -5.89737581815983       -4.51797345118869        8.13858792476241
H           -6.26275350158109       -3.24233533730413       11.44509842461780
H           -5.47087256633765       -4.40145085870419       13.48736591513603
H           -4.10898755286992       -6.48042229488351       13.24660161954275
H           -3.60818976471485       -7.31519637615980       10.94683510881255
H           -4.47855129170206       -6.06119109103873        8.99806610482605
54
 energy: -60.565745960640 gnorm: 0.001284735562 xtb: 6.7.1 (edcfbbe)
C            1.07238052171337       -0.11272365346357       -0.49433478895856
C            0.82988261148109       -1.49211456589554        0.10554073419680
C            1.16925340413165       -1.57016240088451        1.59446006304973
C            0.32102650558063       -0.67297296223886        2.49861386313511
C           -1.18343865229084       -0.94699057016498        2.45581771426677
C           -1.59341928727252       -2.37426934941366        2.82457015304200
C           -1.12939772823772       -2.84367149894484        4.20485845742690
C           -1.58828586217527       -1.96916384012978        5.37323956632337
C           -3.10486468157253       -1.83280895321584        5.52253086775004
C           -3.85499996536256       -3.15115217092738        5.72347860401428
C           -3.38503659164109       -3.98708140885392        6.91691034581949
C           -3.41258263222819       -3.26056674211178        8.26439399722807
C           -4.78623293521988       -2.74522029802822        8.69178685821943
C           -5.80527611755993       -3.85508245979978        8.99318635266348
N           -5.39597884924609       -4.61660104786863       10.15737327843645
C           -5.68011365279424       -4.15153815724814       11.38134744461448
C           -5.23607695271944       -4.79976713104242       12.51373725613951
C           -4.47209965749292       -5.95435426336191       12.38050594271624
C           -4.18634955616343       -6.41981765719887       11.10353281947792
C           -4.66224132777594       -5.72619680007448       10.00956145179080
H            0.39107639223349        0.62341614381407       -0.07493334161705
H            0.92037995981381       -0.13838539133785       -1.57090622936358
H            2.09233494867034        0.21277593250286       -0.30102252059086
H           -0.20997903878898       -1.78183358147111       -0.05462264167240
H            1.45267302975779       -2.21905648653358       -0.42159967252446
H            1.07196453065050       -2.60771418855007        1.92142084349466
H            2.21635532156593       -1.28582743926414        1.72632004545749
H            0.68024640602198       -0.78521076745508        3.52413105152252
H            0.48405054763106        0.36935855372677        2.21829083787740
H           -1.67700001641099       -0.24309252598257        3.13005241043302
H           -1.55692974410709       -0.73777082606332        1.45182595061944
H           -2.68216532882174       -2.44424682320321        2.76332453533175
H           -1.18965338898477       -3.06432813801134        2.08131879898771
H           -1.48144439322571       -3.86732015395079        4.35417833717340
H           -0.03876025982021       -2.87867145949446        4.22057736476600
H           -1.16404755244887       -2.37730948258981        6.29420156774299
H           -1.17255936511989       -0.96792211565613        5.25176117719419
H           -3.30930109234521       -1.16168823555226        6.36057108010750
H           -3.50763658737029       -1.35329330880768        4.62957529998244
H           -4.92127992514797       -2.93128152847588        5.82258559852288
H           -3.74318218044964       -3.76205141226787        4.82701398677709
H           -3.99711495358209       -4.89297891695263        6.95728488584388
H           -2.35910199984667       -4.31036812638864        6.73786796290580
H           -3.00653393174417       -3.92348149287143        9.03567865472605
H           -2.74330497545490       -2.40261592721258        8.20691617538241
H           -4.67414903675263       -2.11658945987714        9.57814961163766
H           -5.20216772435735       -2.12580060086335        7.89853449861176
H           -6.78244727068033       -3.40950070024712        9.18842053460094
H           -5.88962145408760       -4.52366862064503        8.13611444869412
H           -6.27275332345629       -3.25018296740964       11.44119631392646
H           -5.48383633412386       -4.40584029471954       13.48640048678096
H           -4.11186751203944       -6.47906002523779       13.25112007534670
H           -3.59721368549238       -7.31128562616333       10.95378023092119
H           -4.46652865483970       -6.06104807592788        9.00113065904437
54
 energy: -60.565751157844 gnorm: 0.000304207229 xtb: 6.7.1 (edcfbbe)
C            1.07215276635965       -0.11262146459241       -0.49436461700696
C            0.83030639674024       -1.49249594379915        0.10474175522447
C            1.16931987709876       -1.57119319848011        1.59352348270382
C            0.32211113925201       -0.67336880000858        2.49774183964899
C           -1.18247616131401       -0.94615436885770        2.45527250137774
C           -1.59355935091966       -2.37285372485691        2.82465735151848
C           -1.12929852158512       -2.84248890899406        4.20465385384190
C           -1.58847682734930       -1.96873327757844        5.37332560910024
C           -3.10494696436225       -1.83290223935905        5.52271934132528
C           -3.85488336336344       -3.15122844617448        5.72392457042684
C           -3.38528648422172       -3.98685127093794        6.91762596686908
C           -3.41326075785432       -3.26003715352523        8.26485805239841
C           -4.78704257760384       -2.74546823450192        8.69186312211207
C           -5.80533860408820       -3.85608185889032        8.99283506540363
N           -5.39521321059129       -4.61698163651842       10.15738426550061
C           -5.67968376917637       -4.15231516039607       11.38090568115317
C           -5.23590065430170       -4.80018304116009       12.51327164480003
C           -4.47201052708799       -5.95420405633457       12.38119361258922
C           -4.18492635259193       -6.41882997243160       11.10468180517133
C           -4.66116973786545       -5.72603368205137       10.01036087845943
H            0.39126874401561        0.62316706881901       -0.07376743521240
H            0.91916614532302       -0.13735422117347       -1.57070445629120
H            2.09224861481256        0.21272988445190       -0.30172696472935
H           -0.20946693388479       -1.78324873017046       -0.05597810376524
H            1.45375139568223       -2.21870627398642       -0.42289149537496
H            1.07116669660310       -2.60872664703981        1.92026476123065
H            2.21673269243204       -1.28793817128422        1.72556658607719
H            0.68142854612652       -0.78552176448994        3.52326003809582
H            0.48592902732446        0.36872907238967        2.21712171939142
H           -1.67554669438868       -0.24145693052084        3.12915088654768
H           -1.55581620577024       -0.73711249302405        1.45113084259112
H           -2.68234821375584       -2.44195153887514        2.76406897334931
H           -1.19089777024883       -3.06335014310685        2.08128544459299
H           -1.48070707793862       -3.86647521018951        4.35366682872337
H           -0.03860394437371       -2.87693317877885        4.22027980115775
H           -1.16412670524432       -2.37710923098617        6.29403579879101
H           -1.17314430424893       -0.96728758809543        5.25218190355679
H           -3.30962330995821       -1.16177683522546        6.36069897696727
H           -3.50799427421114       -1.35361508843372        4.62974023445939
H           -4.92113468188327       -2.93139049705463        5.82268556081786
H           -3.74282501326069       -3.76252074930474        4.82762082505482
H           -3.99761043488240       -4.89245387918429        6.95825242831331
H           -2.35944447306511       -4.31025440691742        6.73875332946547
H           -3.00715597115349       -3.92251628524301        9.03653963816331
H           -2.74418371024955       -2.40180653305818        8.20764444787526
H           -4.67568114208883       -2.11736390813311        9.57855262884837
H           -5.20343179419180       -2.12590916536553        7.89898039844603
H           -6.78298226211237       -3.41151117775695        9.18771306314606
H           -5.88876526588651       -4.52516109270473        8.13618763085971
H           -6.27380070250314       -3.25228387705279       11.44020600486949
H           -5.48488860256375       -4.40664858501313       13.48549387985410
H           -4.11193032358424       -6.47830518390395       13.25211472895780
H           -3.59880045032027       -7.31122539627977       10.95562176711236
H           -4.46654791572454       -6.06181480386632        9.00284354543647
54
 energy: -60.565754210193 gnorm: 0.000458548879 xtb: 6.7.1 (edcfbbe)
C            1.07176452170031       -0.11250010499686       -0.49452903112378
C            0.83091985806555       -1.49301034953916        0.10350199385447
C            1.16967070315147       -1.57270077309715        1.59220609970538
C            0.32377311122018       -0.67388123542852        2.49658969440847
C           -1.18110605679746       -0.94496277347209        2.45454564773187
C           -1.59381963769247       -2.37100300909490        2.82459696903584
C           -1.12919899044890       -2.84091046351224        4.20433212259884
C           -1.58876251835788       -1.96797947929889        5.37344513954640
C           -3.10523094319540       -1.83280131031098        5.52300239052511
C           -3.85475341670320       -3.15131580757124        5.72443415770083
C           -3.38533174840961       -3.98646550819074        6.91854994067676
C           -3.41404630927951       -3.25929741079067        8.26553735744199
C           -4.78827868004648       -2.74598223955118        8.69222039783106
C           -5.80554397431383       -3.85771864226699        8.99251765818963
N           -5.39517828760316       -4.61802138254913       10.15754112995319
C           -5.68048319959700       -4.15334897006205       11.38073268872736
C           -5.23648982006685       -4.80039410869909       12.51347353498842
C           -4.47178539098642       -5.95388389993583       12.38235842763315
C           -4.18477705998026       -6.41922013704608       11.10608286931691
C           -4.66086146176608       -5.72690736456499       10.01127323217498
H            0.39135997789648        0.62280221009548       -0.07231325729192
H            0.91742361321866       -0.13614921985379       -1.57066890108435
H            2.09208796669483        0.21265314914238       -0.30276611846194
H           -0.20862948058168       -1.78460862200511       -0.05784436624328
H            1.45503238409796       -2.21832201982414       -0.42469461734403
H            1.07004314616141       -2.61023206588223        1.91856937512449
H            2.21754153751337       -1.29106767801921        1.72444126767966
H            0.68326439717859       -0.78624277295218        3.52203506418053
H            0.48873208755998        0.36800551275140        2.21585930164612
H           -1.67332270506861       -0.23928038060078        3.12808326591223
H           -1.55431789411697       -0.73600654173423        1.45030895051520
H           -2.68273784690299       -2.43868152674581        2.76481242805003
H           -1.19262800964971       -3.06219151601278        2.08107256701305
H           -1.47994308443586       -3.86522013287891        4.35293078866432
H           -0.03846327178276       -2.87477748141868        4.21986953326150
H           -1.16421139156720       -2.37663889804390        6.29391651427195
H           -1.17387043759933       -0.96627678774893        5.25275350940596
H           -3.31013648552518       -1.16165089228830        6.36091751994740
H           -3.50860225779566       -1.35375029775810        4.63002789649228
H           -4.92108816282526       -2.93175109062534        5.82271807954533
H           -3.74221326077546       -3.76295396150984        4.82836799269910
H           -3.99760157944557       -4.89205301762205        6.95929951366905
H           -2.35943337235016       -4.30981000252208        6.74010429538128
H           -3.00750616047878       -3.92127263876554        9.03747734469343
H           -2.74552585694025       -2.40058202071835        8.20833940987403
H           -4.67788006439146       -2.11815704972867        9.57921597530429
H           -5.20507326637687       -2.12642885391915        7.89953176215735
H           -6.78382581841197       -3.41440256034764        9.18683510450016
H           -5.88762733139258       -4.52718623966618        8.13608754551532
H           -6.27524040654278       -3.25375879119081       11.43937484726451
H           -5.48636491201301       -4.40660360667986       13.48535167226737
H           -4.11176385566186       -6.47736215820390       13.25365523935210
H           -3.59795447318497       -7.31097122611457       10.95750139124788
H           -4.46535442339697       -6.06289585063625        9.00418668386947
