22
 energy: -28.540606083148 gnorm: 0.102096070091 xtb: 6.7.1 (edcfbbe)
C            0.96590000000000        0.46371000000000       -0.35421000000000
N            0.42439000000000        1.32506000000000        0.78355000000000
C            0.94818000000000        2.75032000000000        0.57842000000000
C           -1.09558000000000        1.35820000000000        0.71855000000000
C            0.92691000000000        0.83987000000000        2.16908000000000
C            0.48702000000000       -0.57871000000000        2.57335000000000
N            1.14217000000000       -1.58339000000000        1.72612000000000
N            0.53413000000000       -2.66504000000000        1.59753000000000
N           -0.04822000000000       -3.63008000000000        1.45191000000000
H            0.77907000000000        0.98374000000000       -1.29899000000000
H            0.43156000000000       -0.48829000000000       -0.36776000000000
H            2.04005000000000        0.32279000000000       -0.20555000000000
H            0.59195000000000        3.11667000000000       -0.38928000000000
H            0.56430000000000        3.37949000000000        1.38674000000000
H            2.04169000000000        2.72165000000000        0.59654000000000
H           -1.47685000000000        0.33611000000000        0.78258000000000
H           -1.46463000000000        1.96193000000000        1.55252000000000
H           -1.39148000000000        1.80216000000000       -0.23678000000000
H            2.02115000000000        0.90985000000000        2.14772000000000
H            0.54595000000000        1.56049000000000        2.90257000000000
H            0.79511000000000       -0.75183000000000        3.61166000000000
H           -0.60388000000000       -0.67314000000000        2.54490000000000
22
 energy: -28.551326896828 gnorm: 0.058794050920 xtb: 6.7.1 (edcfbbe)
C            0.95543545916244        0.47615273581960       -0.33379427477994
N            0.42808591119554        1.32622623884204        0.78217326478038
C            0.94142956639153        2.72543236204342        0.58852727851701
C           -1.06648710468871        1.35610349035710        0.72310325184877
C            0.91885793551149        0.83952560208764        2.13827918761482
C            0.47936091891347       -0.56180287377156        2.55885812038110
N            1.07823998964934       -1.59183000440722        1.72018470911770
N            0.47906555906033       -2.64039027076969        1.66038083432769
N            0.04314333990195       -3.65004567603727        1.39178999352045
H            0.77751115239960        0.98187630774610       -1.28216881621125
H            0.44551697699313       -0.48315698406013       -0.34926831307144
H            2.02290459865707        0.32072125388591       -0.19997272459820
H            0.59529470073434        3.10656619279899       -0.37029805478132
H            0.57072475033890        3.36934831411179        1.38344909184259
H            2.02929698685020        2.71940744774128        0.60002360125487
H           -1.46630510329159        0.34655766292367        0.78368046311386
H           -1.45513472372636        1.95418383531715        1.54520936758596
H           -1.37828255152255        1.79692043302620       -0.22206504301718
H            2.00987355022063        0.88761071639688        2.12154861762634
H            0.54866282109531        1.54869156181781        2.88319825116627
H            0.81371335732141       -0.71348068822370        3.59388382591964
H           -0.61201809116742       -0.65305765764602        2.55444736784184
22
 energy: -28.547740175865 gnorm: 0.131821924080 xtb: 6.7.1 (edcfbbe)
C            0.94376767003918        0.49607988707936       -0.30406232789659
N            0.43127262460749        1.32591832666330        0.78441918788820
C            0.92899916111200        2.68948288060826        0.60476195881209
C           -1.02840866563901        1.35161658867950        0.72698708681623
C            0.90229238240175        0.83531983048862        2.10207753486445
C            0.46676318235681       -0.55625229976388        2.53028332464255
N            1.03308358531995       -1.58509142545014        1.69203118711654
N            0.53712146710892       -2.63869294140624        1.58310973093071
N            0.03130271080363       -3.59153068173170        1.49298160148608
H            0.77442241401959        0.98099140375174       -1.25971323498364
H            0.46706216500284       -0.47632318664512       -0.32329136432130
H            2.00673108656931        0.32555605993211       -0.19200963102586
H            0.59628586150565        3.09262042665932       -0.34499137380271
H            0.57242802171409        3.35164538490200        1.38501910279778
H            2.01232862946024        2.71434104224675        0.61006294838760
H           -1.45071981354734        0.35535886425414        0.78223713746352
H           -1.44385456781850        1.94254306618213        1.53619533794049
H           -1.36074824726050        1.78952106698278       -0.20749064093691
H            1.99083404379400        0.86014228047284        2.09601514315979
H            0.54493538356698        1.52874427124583        2.86380832019345
H            0.82802913853956       -0.68310589966982        3.56291291474701
H           -0.62503823365662       -0.64732494548178        2.54982605572054
22
 energy: -28.554814685208 gnorm: 0.010769623064 xtb: 6.7.1 (edcfbbe)
C            0.94885467091161        0.49121912952508       -0.31257428266322
N            0.42898662701443        1.32909146833938        0.78208169135717
C            0.93561497763198        2.70218956940841        0.60286913083698
C           -1.04114603805028        1.35651224128261        0.72399547592750
C            0.90653878052868        0.84251657321886        2.10981633395032
C            0.45481646742043       -0.54828764275379        2.53495998897189
N            1.01193653495962       -1.56708901102650        1.67488507421080
N            0.51478460689452       -2.65336761754449        1.60803698417802
N            0.07175551431279       -3.67031403679752        1.47531466409411
H            0.77081797129882        0.97923280761675       -1.26805968800400
H            0.46308291107456       -0.47986881970532       -0.32226182224353
H            2.01657563600008        0.33089770663108       -0.19331018037672
H            0.59810882330613        3.10118671634154       -0.35067637789749
H            0.57269545642207        3.35318753533232        1.39398038423136
H            2.02237837485889        2.71167478312565        0.61349839540546
H           -1.45226807988223        0.35264907209213        0.78106979541034
H           -1.44429499820306        1.94960206469552        1.54144447260670
H           -1.36478194239441        1.79700881787353       -0.21585963638247
H            1.99781608967073        0.86003427216409        2.09376462676506
H            0.55504552021593        1.54365984424148        2.86894431170247
H            0.82997756974714       -0.68711061539418        3.55977865317940
H           -0.63840547373839       -0.63306485866661        2.56947200473992
22
 energy: -28.555546558893 gnorm: 0.045635507910 xtb: 6.7.1 (edcfbbe)
C            0.94991962411246        0.49516002531378       -0.31810337736052
N            0.43009835033933        1.33204620720560        0.77984288426728
C            0.93635736834061        2.70701807976218        0.60069871059724
C           -1.04201661266846        1.35938726459175        0.72135433516450
C            0.91091137365504        0.84327292636531        2.10709331291121
C            0.44364232615514       -0.54294658753986        2.54695473430446
N            0.97623664073387       -1.57642342006045        1.68971925843930
N            0.48632737575486       -2.67042880078305        1.63935943611242
N            0.12720866955229       -3.72237830250882        1.42785530209422
H            0.76007986103177        0.97791466823699       -1.27556087525254
H            0.46929949557661       -0.48073854821630       -0.31826687472603
H            2.02210335861924        0.34529735286697       -0.20351906207658
H            0.59830637734994        3.10962486848178       -0.35345432874393
H            0.57197297710286        3.35390260171306        1.39730528187555
H            2.02514399479973        2.71331557865325        0.61372788205057
H           -1.44966851404174        0.35230928941452        0.77802959115532
H           -1.44291298417003        1.95177795770263        1.54280706814419
H           -1.36690174107229        1.80154979526281       -0.21955656009456
H            2.00359127875767        0.84783966471313        2.08485455904185
H            0.57453312070582        1.55494564519203        2.86489366112306
H            0.82594055574958       -0.68438017317719        3.56759461836149
H           -0.65128289638420       -0.60650609319008        2.59754044261153
22
 energy: -28.556113505624 gnorm: 0.016996614157 xtb: 6.7.1 (edcfbbe)
C            0.95232505259104        0.49900157103939       -0.32120437101495
N            0.43098514561380        1.33291949410980        0.77813396849098
C            0.93455818817754        2.70958450179066        0.60340506637049
C           -1.04134761955980        1.35756701241020        0.71974453054426
C            0.91360014911686        0.84015315043819        2.10306777396784
C            0.44081190406052       -0.54417900961017        2.54714668325433
N            0.96191722904543       -1.58000320985717        1.68884084550504
N            0.48496120605786       -2.67876806024330        1.63789190517756
N            0.12463730228592       -3.72432589457910        1.44519517535699
H            0.75322700205330        0.97773688683475       -1.27881535356989
H            0.48098052074123       -0.48187638655942       -0.31639556423779
H            2.02664319682899        0.35916979171148       -0.21235942853598
H            0.59725221845030        3.11456255261755       -0.34995279085534
H            0.56854488276884        3.35476268430814        1.40081576182659
H            2.02346708190985        2.71893539841275        0.61744440362677
H           -1.44770489248390        0.34978003256229        0.77361709106877
H           -1.44422291133604        1.94742832333640        1.54222369283057
H           -1.36743350308290        1.80152862313019       -0.21994990813736
H            2.00617029648055        0.83814681699710        2.07744469297390
H            0.58544559041634        1.55399240542676        2.86288972608923
H            0.82858192545167       -0.68643423152974        3.56544918264508
H           -0.65450996558734       -0.59812245274670        2.60653691662297
22
 energy: -28.556777610526 gnorm: 0.008496029706 xtb: 6.7.1 (edcfbbe)
C            0.95676582077565        0.50651804945560       -0.32738301987608
N            0.43385086356405        1.33384853931234        0.77534357629055
C            0.93308331745247        2.71267258437267        0.60820871705281
C           -1.03821802828534        1.35441656074020        0.71748288331876
C            0.91902898429186        0.83453589105535        2.09563963022976
C            0.42298249301736       -0.54022811168889        2.55330502049638
N            0.90594534041891       -1.57930567619512        1.68535021746313
N            0.47141258950238       -2.69503288209236        1.64301639744427
N            0.15955032816399       -3.75201568008544        1.45441641721160
H            0.72963813804770        0.97320860282065       -1.28525888501131
H            0.51108269824206       -0.48738066294361       -0.30578822701998
H            2.03696718042902        0.39466751349576       -0.23710539507490
H            0.59779304142291        3.12108561368728       -0.34402308031121
H            0.56314857839125        3.35498335706229        1.40643156795657
H            2.02205320313195        2.72772084040227        0.62524489651141
H           -1.44198325898282        0.34520772416959        0.76424096524907
H           -1.44363087057546        1.93833062463401        1.54306809425466
H           -1.36596679600853        1.80372631054131       -0.21901845209544
H            2.01145161720035        0.80937867484373        2.05783503212406
H            0.61615083594133        1.55694345181590        2.85886463433116
H            0.83060740218680       -0.68511611839631        3.56394251440498
H           -0.67282347832781       -0.56660520700716        2.63735649504985
22
 energy: -28.557333768728 gnorm: 0.011151240843 xtb: 6.7.1 (edcfbbe)
C            0.96296382402230        0.51652397406495       -0.33552681214191
N            0.43801941418896        1.33467760742561        0.77361589433463
C            0.93236081854037        2.71662759852142        0.61288157705238
C           -1.03450216486759        1.34960404485330        0.71553540809579
C            0.92688937044050        0.82764266590689        2.08992269575624
C            0.40011951446543       -0.53356603704536        2.55983018886568
N            0.82711143588002       -1.57332128322056        1.67059588706447
N            0.44740220799066       -2.70966203118433        1.65568665608781
N            0.21133512025386       -3.78910731568804        1.46957126744911
H            0.69434269378188        0.96682179707105       -1.29179083637283
H            0.55397249018600       -0.49358609133960       -0.28991203607153
H            2.04994599363057        0.44553745213089       -0.27225723501740
H            0.60088925796325        3.12525499419602       -0.34015712828289
H            0.55450377880507        3.35471038795811        1.41067491989352
H            2.02092222651176        2.73621654348412        0.63678456815584
H           -1.43252795731224        0.33778510713836        0.75046078360580
H           -1.44153392794079        1.92305359090998        1.54747134358952
H           -1.36333809009124        1.80831161216314       -0.21588920575581
H            2.01788401855476        0.77147587045702        2.03578079048181
H            0.65524462128304        1.56085784071090        2.85489001912169
H            0.83105798512545       -0.68988981834686        3.55952899570702
H           -0.69417263141190       -0.52440851016687        2.67347225838120
22
 energy: -28.557733721408 gnorm: 0.010139593658 xtb: 6.7.1 (edcfbbe)
C            0.97097006546376        0.52708411574455       -0.34486987554916
N            0.44321644811372        1.33467609061963        0.77246323652840
C            0.93017117388979        2.72144165883955        0.61731211061395
C           -1.03057372675713        1.34109957918280        0.71538480479745
C            0.93792234796125        0.81999801519207        2.08581484332436
C            0.38372425598678       -0.52771976217236        2.56217313631030
N            0.75454688271300       -1.56737476051861        1.64987628763048
N            0.41942361830172       -2.71573375173097        1.67209609358536
N            0.24180504298741       -3.80824115981326        1.49928865787602
H            0.65929552287746        0.96049974633801       -1.29670265742712
H            0.60168854708261       -0.49725960301323       -0.27622661958710
H            2.06199299480946        0.49998490638112       -0.30945330981168
H            0.60404951643243        3.12617152388732       -0.33889927198854
H            0.53985189881769        3.35489014529429        1.41238248900479
H            2.01800009910755        2.74622402583727        0.65141872948972
H           -1.41956426255019        0.32547036892912        0.73428214056552
H           -1.43924666588111        1.89939472975514        1.55663205825505
H           -1.36126270474756        1.81248990392753       -0.20894974428645
H            2.02564548473013        0.73775689827804        2.01586019236925
H            0.69261408137121        1.56088530824554        2.85084121994931
H            0.83110250434073       -0.70411397023376        3.55105676521892
H           -0.70648312505062       -0.48606400896957        2.69938871313136
22
 energy: -28.558127948681 gnorm: 0.012294099506 xtb: 6.7.1 (edcfbbe)
C            0.97905277438063        0.53965233205483       -0.35390235004911
N            0.44887023355205        1.33605732605930        0.77035734635544
C            0.92786524860141        2.72627347999748        0.62347092763966
C           -1.02466304999355        1.33225997010014        0.71655472466950
C            0.94814298648966        0.81140541889477        2.07881820330189
C            0.36484700207439       -0.52142025517654        2.55614238129478
N            0.67499876254205       -1.55629130858971        1.61432912644221
N            0.39657154168885       -2.72140153373102        1.69123062888358
N            0.27046177792147       -3.82626341185370        1.55981252585228
H            0.62822499132389        0.95317072771118       -1.29927748874303
H            0.65231998261204       -0.49580985144914       -0.26565683608264
H            2.06917835288211        0.55532320297518       -0.34625357871229
H            0.61225491128659        3.12702957773428       -0.33785075922269
H            0.52131109807084        3.35635723125657        1.41238437117232
H            2.01449626142384        2.75833451546450        0.67272118650922
H           -1.40392493448356        0.31281305031504        0.71301448272167
H           -1.43584172342519        1.86852037955079        1.57076647057268
H           -1.36027459532551        1.82158174957136       -0.19648646506477
H            2.03148322066546        0.70220217688346        1.99297594133229
H            0.73073981938985        1.55733650528870        2.84579237967428
H            0.83201668918117       -0.72675011405667        3.53130132406416
H           -0.71924135085843       -0.44882116900050        2.72092545738880
22
 energy: -28.558462317086 gnorm: 0.023706313415 xtb: 6.7.1 (edcfbbe)
C            0.99024291266533        0.55498245933841       -0.36646417440734
N            0.45674300179948        1.33676953541272        0.76731192641107
C            0.92169744872331        2.73283404607086        0.63024682893735
C           -1.01705315678833        1.31788177824374        0.71951594989761
C            0.96604345090702        0.79923686886562        2.06910586926803
C            0.35112943939458       -0.51629952875156        2.54605136433224
N            0.59561713322479       -1.55286638437289        1.58403611898477
N            0.36907886521494       -2.71886444660971        1.71907285102135
N            0.27344283825409       -3.82235147685023        1.63506236282948
H            0.59114116925609        0.94149057070574       -1.30248417947325
H            0.71672967182148       -0.49211908857287       -0.25478155137360
H            2.07633551548618        0.62514631699497       -0.39259742864621
H            0.62183844850588        3.12720982699123       -0.33938158754999
H            0.48982381351011        3.35844602654560        1.40928742104339
H            2.00688698264596        2.77731937188306        0.70262466600276
H           -1.38200930634523        0.29316675266097        0.68349894065352
H           -1.43111162949719        1.82114863514914        1.59315811376191
H           -1.36225506413540        1.83352331610199       -0.17601230495384
H            2.04300912299930        0.66412037353900        1.96591127571041
H            0.77797451751513        1.54879973890284        2.83811238075412
H            0.82655802556483       -0.75957114553233        3.50683090620210
H           -0.72297320072232       -0.40844354671588        2.73306425059442
22
 energy: -28.558149682166 gnorm: 0.033157860975 xtb: 6.7.1 (edcfbbe)
C            1.00152471837925        0.57732582021301       -0.38205111474016
N            0.46483856937161        1.34153139101149        0.76082722024044
C            0.91723994050050        2.74118769619042        0.64242240524280
C           -1.00704452220522        1.30848089882939        0.71927414371904
C            0.98192094210939        0.78309871183139        2.05005680048663
C            0.32029035272417       -0.51036133029783        2.53007707404079
N            0.47123129643168       -1.54762756486707        1.53625240226867
N            0.34450326073407       -2.73348024576835        1.75661433961907
N            0.32114209100784       -3.85730074137931        1.74964115646633
H            0.54189193955622        0.92665099249838       -1.30952076504192
H            0.79470423617670       -0.48711233068765       -0.23957174414550
H            2.08465987479243        0.71490955042319       -0.45186967146690
H            0.64067559860055        3.13624166956750       -0.33510874615248
H            0.45740880428056        3.36133163582215        1.41101464380695
H            2.00068028261293        2.79989924862927        0.74432779092259
H           -1.35959561696389        0.27977659294145        0.64298726873662
H           -1.42456608581174        1.77194851288839        1.61548336590170
H           -1.36414484600367        1.85722449192294       -0.15358030719002
H            2.05296764478835        0.60617891602221        1.92482314371067
H            0.84042237062894        1.53864460105176        2.82745075895303
H            0.82208962182478       -0.79551572875372        3.46859254615089
H           -0.74395047353542       -0.35147278808846        2.76302728847119
22
 energy: -28.558788919523 gnorm: 0.006993592391 xtb: 6.7.1 (edcfbbe)
C            0.99349922563873        0.56667694760756       -0.37545683637834
N            0.46012203458835        1.34011965897649        0.76165520576314
C            0.91940036908373        2.73651554654515        0.63849280065187
C           -1.01147694128523        1.31607357769598        0.71818192400479
C            0.97222004173312        0.78910335475873        2.05376489211018
C            0.33348070645836       -0.51493325378985        2.53662530135478
N            0.53978888832861       -1.55636154547258        1.57380382379710
N            0.36850000556269       -2.72810338428822        1.74020217319242
N            0.30124816211536       -3.84254499432020        1.69697990846435
H            0.57349122216894        0.93322228006060       -1.30691014064260
H            0.74686762509005       -0.48365311707603       -0.25601229460525
H            2.07374992329024        0.66204808283216       -0.42041915414814
H            0.63502513816173        3.13633001596747       -0.33391001848581
H            0.47260839742926        3.35855574215469        1.41190946752961
H            2.00307652763684        2.78976099119706        0.72872300058947
H           -1.37321920907123        0.29207673240119        0.66045458903717
H           -1.42549284982769        1.79725196157672        1.60298211724455
H           -1.36474815347961        1.85005333276138       -0.16254493638623
H            2.04696029295775        0.63285042527048        1.94004608996729
H            0.81007112362307        1.54008665710145        2.83049482523561
H            0.81900452685554       -0.76988205104010        3.48728426123031
H           -0.73528705705856       -0.38368696091965        2.74482300047416
22
 energy: -28.558840137852 gnorm: 0.010093475542 xtb: 6.7.1 (edcfbbe)
C            0.99656255442131        0.56907744371355       -0.37876031680005
N            0.46074168309569        1.33964099989694        0.76091737658306
C            0.91822826987673        2.73820310513082        0.64090755120129
C           -1.01196121818102        1.31395056716223        0.71560185928730
C            0.97525534624228        0.78645247561385        2.05194551593997
C            0.33449800387189       -0.51539747871463        2.53853025154629
N            0.52356130009522       -1.55905587895546        1.56921637069120
N            0.36074414301584       -2.73020657547676        1.74467317452426
N            0.29502493186133       -3.84211460383933        1.70658709945838
H            0.55615731412523        0.92755505567722       -1.31001789378249
H            0.76557792034019       -0.48966241730356       -0.24855670137583
H            2.08041340217133        0.68535885572181       -0.43508759585349
H            0.63750791966063        3.13841822497082       -0.33224109311338
H            0.46587569251059        3.35713779740177        1.41399708774969
H            2.00144898366427        2.79252910057629        0.73715115055721
H           -1.37155119776527        0.28927501580388        0.65068857849003
H           -1.42639274291714        1.78946247034415        1.60340050916534
H           -1.36344176677772        1.85375261006424       -0.16220230137193
H            2.04882914541943        0.62679383257263        1.93379591140421
H            0.81813127410461        1.53699625825782        2.82955344801142
H            0.82712177152061       -0.77135005406478        3.48665053859543
H           -0.73344273035600       -0.37525680455297        2.75441947909250
22
 energy: -28.558933610194 gnorm: 0.007240645691 xtb: 6.7.1 (edcfbbe)
C            0.99684014937945        0.57259554096409       -0.38266073579892
N            0.46084916188165        1.34072954532329        0.75890302007848
C            0.91845346092282        2.73965287284059        0.64483900138658
C           -1.01197422629897        1.31525474497225        0.71285801473888
C            0.97596384746033        0.78297852111050        2.04708136425042
C            0.33152771176636       -0.51623326824100        2.53474901731215
N            0.50310595712105       -1.55976719997010        1.56108914950851
N            0.36411705062577       -2.73402150577521        1.75432677050183
N            0.30421933484881       -3.84828741927596        1.73670781399229
H            0.55168065564203        0.92508329016385       -1.31138024016679
H            0.77202213442508       -0.48487086735561       -0.25124712114296
H            2.07701581494793        0.69518061737892       -0.44388191698336
H            0.64475028975895        3.14209989580240       -0.32937217818023
H            0.45945784359251        3.35599322714266        1.41627126685764
H            2.00077467292646        2.79467910642104        0.74989097285004
H           -1.37051602753478        0.29086846357187        0.63796826022827
H           -1.42628022964688        1.78172256715658        1.60536831703428
H           -1.36332040032405        1.86384835460530       -0.15937509658922
H            2.04802315104388        0.61874446473188        1.92543178266452
H            0.82535154953247        1.53166902477347        2.82701152423223
H            0.83003423053760       -0.77618761850174        3.47887473333477
H           -0.73320613260842       -0.37017235783856        2.75771627989105
22
 energy: -28.558978918936 gnorm: 0.005198263656 xtb: 6.7.1 (edcfbbe)
C            0.99753786520456        0.57699800640622       -0.38745797019324
N            0.46194202936954        1.34169153250244        0.75672164526752
C            0.91823229821329        2.74147520887204        0.64929486780567
C           -1.01114943177051        1.31486288691259        0.71112023685390
C            0.97937161016356        0.77921502799378        2.04112809589124
C            0.32576494939931       -0.51625376754789        2.53024081675987
N            0.47819751297031       -1.56266380497150        1.55834274390510
N            0.36620684977982       -2.73736441268497        1.76684823163155
N            0.31459269717078       -3.85368737590985        1.76451979248541
H            0.54140657880266        0.92153429052539       -1.31305932971606
H            0.78438642289231       -0.48221338950851       -0.25148757317429
H            2.07492299106313        0.71187611557161       -0.45762999964350
H            0.65220062267383        3.14587332056775       -0.32602578628399
H            0.45171675923975        3.35522814553015        1.41840944906865
H            1.99946581128014        2.79809126136309        0.76416173266878
H           -1.36779748608008        0.29071233770480        0.62457840759317
H           -1.42651283947508        1.77042863913572        1.60882449356462
H           -1.36305362443679        1.87349419939386       -0.15458466804739
H            2.05042519124083        0.60699825474483        1.91363359060638
H            0.83835337775850        1.52820832788330        2.82334356638763
H            0.82821988547201       -0.78169699876643        3.46989655555851
H           -0.73554007093182       -0.36124780571785        2.76035110101096
22
 energy: -28.559002707127 gnorm: 0.002889011657 xtb: 6.7.1 (edcfbbe)
C            0.99784590598948        0.57826524359143       -0.38898891043146
N            0.46229629911874        1.34174010534104        0.75612815784525
C            0.91783574767519        2.74205427364023        0.65062278880110
C           -1.01102015040974        1.31405250775644        0.70988017842977
C            0.98062653503857        0.77763929274887        2.03924884359125
C            0.32567143336561       -0.51654231340664        2.53048928283123
N            0.46736896456190       -1.56421693701928        1.55729610018202
N            0.36614788461847       -2.73739873564643        1.77113162181418
N            0.31632726738692       -3.85329853099455        1.76984770117790
H            0.53909305090620        0.92060519150571       -1.31305188599722
H            0.78770922679880       -0.48074165015051       -0.25279210936950
H            2.07362061037284        0.71619067621628       -0.46176867759335
H            0.65507406313826        3.14693852735820       -0.32515860315765
H            0.44815607746241        3.35487577196471        1.41848126555845
H            1.99850508385224        2.79919529411965        0.76972788945494
H           -1.36672641366046        0.29022558204921        0.61918511631191
H           -1.42737821115470        1.76571343678673        1.60876514467162
H           -1.36245142476143        1.87595256892070       -0.15362490019915
H            2.05101371019460        0.60423755884135        1.90978339968048
H            0.84209620922045        1.52620410153848        2.82209515208860
H            0.83185184449140       -0.78359432360329        3.46804204016714
H           -0.73477371420568       -0.35653764155776        2.76583040414301
22
 energy: -28.559020862255 gnorm: 0.002361010861 xtb: 6.7.1 (edcfbbe)
C            0.99728866588679        0.57866166615288       -0.39018468594499
N            0.46271177223671        1.34144117947542        0.75591464540189
C            0.91880325682093        2.74173012322815        0.65120173474936
C           -1.01072382914872        1.31405983574730        0.70954745696476
C            0.98076019093768        0.77635521254939        2.03853410345467
C            0.32340868454044       -0.51623161458232        2.53098871463855
N            0.45675991247161       -1.56352633573668        1.55871609907044
N            0.37030383912667       -2.73653408034566        1.77492105162244
N            0.32310194813834       -3.85171905603560        1.77029050858552
H            0.53288258978786        0.91860191376626       -1.31327231641549
H            0.79090556315793       -0.48147979522879       -0.25182929901189
H            2.07291426615087        0.72120276360618       -0.46734349522527
H            0.65887117290484        3.14680390830869       -0.32499642747045
H            0.44738191636548        3.35437064311518        1.41778145342661
H            1.99887656302027        2.79830597876372        0.77341991407659
H           -1.36604469057288        0.29081973008814        0.61634256242038
H           -1.42706000156654        1.76337854449642        1.60898365758880
H           -1.36165859558138        1.87816211603876       -0.15241907652642
H            2.05060661854041        0.60153299702597        1.90860932221849
H            0.84369179382396        1.52475787029272        2.82130374318558
H            0.83008820039388       -0.78564657268697        3.46677469684341
H           -0.73497983743508       -0.35348702803858        2.76788563634754
22
 energy: -28.559036526299 gnorm: 0.001952089674 xtb: 6.7.1 (edcfbbe)
C            0.99723802534917        0.57805607433639       -0.38982121594719
N            0.46270140513057        1.34091263754063        0.75623476074752
C            0.91911138013130        2.74112187975229        0.65105416198118
C           -1.01073161269526        1.31345224096512        0.70958160318237
C            0.98100256710314        0.77639685982072        2.03911239001563
C            0.32183933589640       -0.51510597807636        2.53223981572495
N            0.44654528879157       -1.56177611611437        1.55717674839708
N            0.37202731511483       -2.73538809523299        1.77453637444144
N            0.32915778123822       -3.85074075684002        1.76468552010845
H            0.53212126250535        0.91772671919287       -1.31260462102828
H            0.79161977052638       -0.48236791806286       -0.25144928548581
H            2.07276165482504        0.72132001073690       -0.46765600636965
H            0.66025596843267        3.14523948680023       -0.32578030032677
H            0.44683904137880        3.35442333812760        1.41657027722630
H            1.99908959935368        2.79771966194681        0.77429945940249
H           -1.36553456894000        0.29005234106542        0.61590074647034
H           -1.42737749835148        1.76238114701443        1.60905611060551
H           -1.36145762968118        1.87769571281052       -0.15239097279530
H            2.05079684099948        0.59994437187061        1.90848926532994
H            0.84533737271597        1.52567121358484        2.82176047869960
H            0.83143672562151       -0.78680214637329        3.46611127932266
H           -0.73589002544614       -0.34837268486492        2.77406341029806
22
 energy: -28.559061955838 gnorm: 0.004318323264 xtb: 6.7.1 (edcfbbe)
C            0.99549792305668        0.57200565332621       -0.38476304418457
N            0.46223255382056        1.33921506470480        0.75849284319598
C            0.92170879203178        2.73781885213937        0.64650965706369
C           -1.01093383372098        1.31364176710645        0.71222748443161
C            0.97801599979544        0.77930885088500        2.04493040222793
C            0.31688438395955       -0.51104350382964        2.53879013500843
N            0.42872172419224       -1.55277179115377        1.55710248468550
N            0.38334101968960       -2.72978862050715        1.76380829516665
N            0.35248285706838       -3.84637815599245        1.72521961059408
H            0.53909139856259        0.91727225791107       -1.30953033367985
H            0.77958598552631       -0.48635400179398       -0.24959268481190
H            2.07245705823890        0.70441109830917       -0.45649525045639
H            0.66072900377970        3.13792952578540       -0.33158636460186
H            0.45353965934936        3.35596221076533        1.41051281733054
H            2.00235493688431        2.79222779305976        0.76527518339409
H           -1.36688186458090        0.28966555712331        0.62696858415418
H           -1.42708944360731        1.77046878994810        1.60816197557190
H           -1.36133806986999        1.87075542203765       -0.15477442249472
H            2.04838088498624        0.60356199472026        1.91811256039342
H            0.83921521734739        1.53190046922224        2.82432539692658
H            0.83021617604792       -0.78822878702514        3.46927917794042
H           -0.73932236255772       -0.34002044674148        2.78819549214473
22
 energy: -28.559068787721 gnorm: 0.001888035818 xtb: 6.7.1 (edcfbbe)
C            0.99589810950075        0.57172761544461       -0.38443609581427
N            0.46213069939707        1.33935785044112        0.75857032234437
C            0.92141518664220        2.73809406585352        0.64612377413169
C           -1.01112894599450        1.31391602038615        0.71232129121883
C            0.97771251932648        0.77969760977902        2.04533366176519
C            0.31739996668490       -0.51124095109814        2.53866432863387
N            0.43172142426766       -1.55262874008124        1.55690369245807
N            0.38311490570626       -2.73033346939226        1.76236991295426
N            0.35052112208141       -3.84642534208507        1.72552674318227
H            0.54120694677362        0.91790663899103       -1.30991364668484
H            0.77783392034795       -0.48624729742917       -0.24917244839329
H            2.07347867200545        0.70253607149989       -0.45458374475403
H            0.65912238461244        3.13818497435233       -0.33173695955981
H            0.45397501340155        3.35608526334750        1.41089054441186
H            2.00233441832935        2.79257456294457        0.76368586824487
H           -1.36753291603158        0.28978493095636        0.62910967539710
H           -1.42677198053668        1.77257754223351        1.60773368617077
H           -1.36152667893394        1.86971709255005       -0.15559601415822
H            2.04823755136607        0.60450328870650        1.91879052299033
H            0.83825155857364        1.53210212040841        2.82470612472447
H            0.83022372785588       -0.78837679263325        3.46941332649932
H           -0.73872760537592       -0.34195305517493        2.78646543423766
22
 energy: -28.558893316952 gnorm: 0.008241515590 xtb: 6.7.1 (edcfbbe)
C            0.99536589713937        0.57170538722547       -0.38492362244453
N            0.46204394508576        1.33959173815940        0.75820342501884
C            0.92143298021897        2.73828557525114        0.64623494039430
C           -1.01126801970511        1.31464693961074        0.71266873451516
C            0.97839265603528        0.77862881063768        2.04396066302851
C            0.31616742571494       -0.51112263003843        2.53812077019770
N            0.41991310462441       -1.55289358227323        1.55604562886864
N            0.35798746606650       -2.72982885205535        1.76156947215961
N            0.38648882774701       -3.84724678027045        1.73057006169345
H            0.54413436643789        0.92115022768586       -1.31145935865539
H            0.77203261826294       -0.48601638081558       -0.25107840756531
H            2.07435739863173        0.69813481411590       -0.45191649402155
H            0.65800466673705        3.13925448376845       -0.33103536486100
H            0.45492149372595        3.35589347679524        1.41198118106620
H            2.00249515670234        2.79266077021322        0.76269982148301
H           -1.36840097473089        0.29041897985644        0.63146106783198
H           -1.42625868801924        1.77503163277869        1.60774312588445
H           -1.36192978630091        1.86936784395472       -0.15590983988020
H            2.04850447675558        0.60240403845478        1.91617618307254
H            0.84102656122075        1.53066156309123        2.82386202916843
H            0.83117135433602       -0.79164345236624        3.46617021854349
H           -0.73769292668618       -0.33752460377915        2.79002576450213
22
 energy: -28.559061765415 gnorm: 0.002585240923 xtb: 6.7.1 (edcfbbe)
C            0.99561647028008        0.57177406942721       -0.38477884993650
N            0.46170130773705        1.33974898796530        0.75803171064230
C            0.92131359607652        2.73839167561407        0.64638995571062
C           -1.01155553989317        1.31482472272735        0.71200668006990
C            0.97728789967217        0.77882867591237        2.04401279099057
C            0.31626864687963       -0.51161790700842        2.53807105571514
N            0.42385503340896       -1.55305165696193        1.55615357434968
N            0.37353680673074       -2.73030582026318        1.76254176762126
N            0.36965665332287       -3.84642936375328        1.73008218875537
H            0.54566301756340        0.92188073130773       -1.31177037886448
H            0.77118955816385       -0.48586982436601       -0.25140800280453
H            2.07489504658997        0.69725098085956       -0.45056271936645
H            0.65812294989201        3.13959997067354       -0.33084961967393
H            0.45481509297813        3.35595028330933        1.41219511032417
H            2.00237636950794        2.79259533561453        0.76304867995989
H           -1.36868418155641        0.29053893572583        0.63121241224185
H           -1.42671913526582        1.77562293633931        1.60682689699114
H           -1.36190952100169        1.86923868093082       -0.15689447220673
H            2.04757305716638        0.60320410852609        1.91676587000188
H            0.83932782275969        1.53064042657549        2.82397041131567
H            0.83238472362073       -0.79092626783978        3.46579326735568
H           -0.73782567463292       -0.34032968131540        2.79033167080797
22
 energy: -28.559089377679 gnorm: 0.001636361961 xtb: 6.7.1 (edcfbbe)
C            0.99532347521616        0.57172420046264       -0.38473436538781
N            0.46132602305595        1.33983528251089        0.75790609132580
C            0.92138729623808        2.73833193274858        0.64653788289073
C           -1.01188190915412        1.31529196767222        0.71152751018175
C            0.97640657166127        0.77887958996345        2.04397794262557
C            0.31575658516932       -0.51186463160530        2.53796442362458
N            0.42365299548277       -1.55286263522279        1.55551572348804
N            0.38328359968810       -2.73037689615075        1.76287194170478
N            0.36445479463531       -3.84693466833013        1.73083654861308
H            0.54845040280004        0.92408553660539       -1.31224137157890
H            0.76782538058065       -0.48537291440878       -0.25313875531339
H            2.07495712401956        0.69415758555689       -0.44825194799299
H            0.65791115236821        3.14006517599360       -0.33039392681485
H            0.45547599766903        3.35575546985721        1.41280694552913
H            2.00252444446133        2.79211878354015        0.76271077880100
H           -1.36926520806852        0.29103516577794        0.63211601202087
H           -1.42704500523752        1.77737835402489        1.60565651585017
H           -1.36193329906952        1.86860164001144       -0.15817864710981
H            2.04676736775495        0.60325656786527        1.91705709228174
H            0.83819230181210        1.53054338603457        2.82407470017972
H            0.83348784458342       -0.79093398332998        3.46496877808596
H           -0.73816793566646       -0.34115490957687        2.79158012699529
22
 energy: -28.559095860450 gnorm: 0.001237377494 xtb: 6.7.1 (edcfbbe)
C            0.99482060897461        0.57167016830595       -0.38483516121546
N            0.46102312964407        1.33982962290947        0.75780428815461
C            0.92148012833774        2.73819852722256        0.64663379113199
C           -1.01217526735139        1.31571891337229        0.71128421908398
C            0.97597511010463        0.77868498021212        2.04379477455912
C            0.31531080535755       -0.51214613324602        2.53786775597887
N            0.42052041321543       -1.55278376088656        1.55470934054700
N            0.38619866931075       -2.73040741952757        1.76283132096892
N            0.36865768577828       -3.84633192182005        1.73265874909695
H            0.55197697292241        0.92762950500910       -1.31289840517146
H            0.76258845112343       -0.48471196255869       -0.25587019698521
H            2.07512805295204        0.68967867614664       -0.44524296399634
H            0.65714861895351        3.14062626056703       -0.32977732055949
H            0.45657768042509        3.35539226469023        1.41370602393734
H            2.00275599103430        2.79153917013943        0.76172236449706
H           -1.36997068645227        0.29145805589554        0.63393596958915
H           -1.42728482773103        1.77978662475429        1.60441612401768
H           -1.36191995176469        1.86736566015536       -0.15960283926240
H            2.04635816067600        0.60309568689390        1.91700902217552
H            0.83769058225034        1.53022333803464        2.82401554482634
H            0.83413353343631       -0.79219058752523        3.46397328181376
H           -0.73810386119700       -0.34076566874389        2.79303431681253
22
 energy: -28.559109342315 gnorm: 0.001986759591 xtb: 6.7.1 (edcfbbe)
C            0.99307226835746        0.57137643154160       -0.38519010534291
N            0.46027580642521        1.33965905918740        0.75763423123163
C            0.92205720888705        2.73760195152430        0.64681705549917
C           -1.01290489347808        1.31691532306880        0.71097214569130
C            0.97484250627622        0.77805887500358        2.04347518652834
C            0.31313450746999       -0.51250338835603        2.53751891464734
N            0.40986198921190       -1.55192139370872        1.55201093481372
N            0.39283291172510       -2.72973304255776        1.76222060854589
N            0.38622187503717       -3.84571647079797        1.73790098888583
H            0.56184046515738        0.93820259948372       -1.31459131562758
H            0.74682080112897       -0.48279124569806       -0.26412422724069
H            2.07526746231607        0.67618589991654       -0.43679625886026
H            0.65476574100996        3.14201725630468       -0.32795652388355
H            0.46058705656610        3.35422093635417        1.41643459113090
H            2.00380232140636        2.78946243020401        0.75815575495057
H           -1.37187262287221        0.29262853024094        0.63988049843092
H           -1.42771421063066        1.78697005895464        1.60111683847326
H           -1.36176957142328        1.86347009178327       -0.16349909666890
H            2.04523523329557        0.60231072520526        1.91702921470145
H            0.83651690961349        1.52933110008730        2.82398837161036
H            0.83481726426135       -0.79573971344747        3.46105046515353
H           -0.73880102974097       -0.33844601429364        2.79712172733015
22
 energy: -28.559116597381 gnorm: 0.000730994201 xtb: 6.7.1 (edcfbbe)
C            0.99095839043913        0.57086267138211       -0.38561492373008
N            0.45958190545614        1.33940481178831        0.75755813385252
C            0.92318759381138        2.73676070433229        0.64679733712750
C           -1.01360549100556        1.31837056738443        0.71102414221456
C            0.97336676869573        0.77715780678158        2.04343071124058
C            0.30972077259758       -0.51259635395464        2.53733892628990
N            0.39816587424210       -1.55075693566170        1.54958015576366
N            0.39913068628181       -2.72840019818769        1.76134440511362
N            0.40935346923727       -3.84483323965650        1.74242156579708
H            0.57054256668171        0.94793153831108       -1.31586780484471
H            0.73139856121596       -0.48089438593590       -0.27220411187324
H            2.07465338911055        0.66282556828952       -0.42951428671239
H            0.65242590376044        3.14316167790673       -0.32618677979181
H            0.46597196605460        3.35304754883532        1.41921761120601
H            2.00548544620426        2.78667221021678        0.75361600739425
H           -1.37385266183481        0.29413449764695        0.64613285697838
H           -1.42778250759822        1.79433023959291        1.59830172704953
H           -1.36166645033886        1.85993043245864       -0.16685913785759
H            2.04366622891101        0.60070761381472        1.91737639884591
H            0.83554248257952        1.52841142115652        2.82405743518612
H            0.83337828452394       -0.79933230241196        3.45853138990930
H           -0.74073317902544       -0.33533589408895        2.80068824084137
22
 energy: -28.559118418949 gnorm: 0.000443838652 xtb: 6.7.1 (edcfbbe)
C            0.99011225234377        0.57042479364148       -0.38564615548308
N            0.45936734800806        1.33926446217199        0.75763601568042
C            0.92393989353421        2.73629064193721        0.64666997715125
C           -1.01384595146017        1.31911601530398        0.71119364585098
C            0.97273442029369        0.77686615409812        2.04367525105573
C            0.30803698841455       -0.51240684379188        2.53740801310921
N            0.39557352953601       -1.55045468606130        1.54950292395355
N            0.40214910609827       -2.72791148360377        1.76105344903079
N            0.41720758286929       -3.84441559077664        1.74225256247772
H            0.57098693503376        0.94870848430912       -1.31573084726270
H            0.72872774230420       -0.48071846399191       -0.27318592831490
H            2.07376336725738        0.66045798321672       -0.42897407710968
H            0.65211596452224        3.14316078974293       -0.32580414098310
H            0.46834409659484        3.35274674838639        1.41987965787486
H            2.00641833382869        2.78527169031253        0.75194092895945
H           -1.37462282435767        0.29504238482613        0.64732203309906
H           -1.42762502214919        1.79613657897204        1.59802726011520
H           -1.36167919777555        1.85996517314109       -0.16716388290477
H            2.04295276605300        0.59974586327760        1.91778847773918
H            0.83530916012171        1.52834829068609        2.82415526616508
H            0.83122028496218       -0.79968215542000        3.45861814201845
H           -0.74229677603303       -0.33439683037735        2.80055142777778
