28
 energy: -36.697224037462 gnorm: 0.049306484516 xtb: 6.7.1 (edcfbbe)
C            1.16358000000000        0.19987000000000        0.17601000000000
C            0.34014000000000        1.03368000000000       -0.78862000000000
N            0.89535000000000        1.00059000000000       -2.14446000000000
C            1.02108000000000       -0.11799000000000       -2.87356000000000
N            1.57523000000000        0.18987000000000       -4.05427000000000
C            1.78102000000000        1.56464000000000       -4.12065000000000
C            1.34169000000000        2.08752000000000       -2.89488000000000
C            1.39472000000000        3.45128000000000       -2.61345000000000
C            1.90901000000000        4.27253000000000       -3.62660000000000
C            2.35192000000000        3.74612000000000       -4.85475000000000
C            2.30069000000000        2.37298000000000       -5.12905000000000
C            1.89610000000000       -0.79809000000000       -5.08494000000000
C            3.23852000000000       -1.45025000000000       -4.81547000000000
H            1.15013000000000       -0.85721000000000       -0.10801000000000
H            0.76371000000000        0.28262000000000        1.19103000000000
H            2.20712000000000        0.52977000000000        0.18419000000000
H           -0.68684000000000        0.65604000000000       -0.84011000000000
H            0.29528000000000        2.06675000000000       -0.43230000000000
H            0.73423000000000       -1.11348000000000       -2.55589000000000
H            1.05600000000000        3.86006000000000       -1.67003000000000
H            1.96826000000000        5.34920000000000       -3.46109000000000
H            2.74393000000000        4.42696000000000       -5.61155000000000
H            2.64177000000000        1.96741000000000       -6.07310000000000
H            1.10222000000000       -1.55331000000000       -5.09003000000000
H            1.89304000000000       -0.31574000000000       -6.06730000000000
H            3.23603000000000       -1.95805000000000       -3.84546000000000
H            3.46968000000000       -2.18786000000000       -5.58953000000000
H            4.03861000000000       -0.70351000000000       -4.79727000000000
28
 energy: -36.700657995739 gnorm: 0.019330756476 xtb: 6.7.1 (edcfbbe)
C            1.16911148654779        0.19939286271033        0.16650586391195
C            0.33443742296708        1.03232382535901       -0.79503431899789
N            0.88824829909332        1.00423782314700       -2.14231034903754
C            1.03204371349471       -0.09919147398025       -2.87660193695855
N            1.56808893981459        0.18897190061250       -4.06173487776857
C            1.78120697230141        1.55478598405139       -4.11876795163466
C            1.34184783751158        2.07948655712475       -2.88861488761565
C            1.40036088421046        3.44128237104530       -2.61865153449354
C            1.90878775851202        4.24931171954308       -3.62231671116026
C            2.34803965639281        3.72670432279477       -4.84232856167144
C            2.29853096719506        2.37030076150453       -5.11747014053970
C            1.89027043589490       -0.79604059040811       -5.08291300774367
C            3.24078767497025       -1.44097218197599       -4.81009667385133
H            1.15565788007740       -0.85641824990373       -0.10099969127812
H            0.76661477132706        0.29356984751077        1.17212343688940
H            2.20394768537400        0.53898786543598        0.18128291257045
H           -0.69176023515324        0.65380934841867       -0.83780507076953
H            0.30119347684424        2.07041235238335       -0.46094982987989
H            0.74851970750958       -1.08643244638805       -2.56110602783096
H            1.06364276919151        3.85753428463936       -1.68307720702958
H            1.96661317742444        5.31689960530471       -3.45988887893511
H            2.73566712212675        4.40294758247490       -5.59191202620758
H            2.63983740761971        1.97522961808871       -6.06061049264026
H            1.09987121775183       -1.55208868620359       -5.08582507985888
H            1.88955099315894       -0.29892675378165       -6.05509884034818
H            3.24096204639872       -1.95641860748875       -3.85008346176566
H            3.46330349921029       -2.16977147418331       -5.58563524443565
H            4.03683643223278       -0.69752816783567       -4.80121941091961
28
 energy: -36.701098919329 gnorm: 0.004036888305 xtb: 6.7.1 (edcfbbe)
C            1.17303551056426        0.20485010421233        0.16595464489042
C            0.33221386420775        1.03104635530764       -0.79877872360300
N            0.87950051755822        1.00144188181922       -2.14245564498682
C            1.02973863168694       -0.09354020306908       -2.88000473092058
N            1.55900206755348        0.18428960606646       -4.06567502411119
C            1.77733599511234        1.54503654568965       -4.11777308596084
C            1.33711625597908        2.07074643516913       -2.88546753382756
C            1.40137754686202        3.43373636087644       -2.62125393861898
C            1.91078862825853        4.23865779332732       -3.61805402718862
C            2.34947252028212        3.71666029231091       -4.83693869175081
C            2.29591688364524        2.36661375609825       -5.11131558375481
C            1.88750271314946       -0.79517672442230       -5.08208633588610
C            3.24438279950012       -1.43361694941884       -4.81069367104133
H            1.16043469781275       -0.84936489644183       -0.09694808520598
H            0.76921528797255        0.30540394295973        1.16865594223566
H            2.20298887220258        0.55246515598583        0.17676773921696
H           -0.69271542947587        0.65016438324265       -0.83130309356499
H            0.30418402117487        2.07181002506280       -0.47623789340788
H            0.74687570483657       -1.07889791695826       -2.56492468550962
H            1.06814704687265        3.85236968524079       -1.68673936386343
H            1.97147946091336        5.30232032977741       -3.45473813077307
H            2.73862472131855        4.39042539849694       -5.58279852018040
H            2.63935367366348        1.97465942838516       -6.05366415932529
H            1.10417730649190       -1.55660897006673       -5.08738255097220
H            1.88919110967435       -0.29026060178172       -6.04894691021789
H            3.24543348538649       -1.95109075529332       -3.85448645874429
H            3.46513495152224       -2.15681648130132       -5.58949794560004
H            4.03231115527399       -0.68492398127521       -4.80435353732731
28
 energy: -36.701160469139 gnorm: 0.001555533751 xtb: 6.7.1 (edcfbbe)
C            1.17566604130027        0.21114234287021        0.16699246315070
C            0.32950572077108        1.03109741364136       -0.79977890183921
N            0.87334373930537        0.99761036721402       -2.14323995871755
C            1.02358290271751       -0.09651834299740       -2.88129028819128
N            1.55290648152210        0.18016780031397       -4.06671135788515
C            1.77414665135014        1.54005454715491       -4.11738164054211
C            1.33388967857434        2.06588842625161       -2.88473417032771
C            1.40206063767187        3.42945681068457       -2.62063362577257
C            1.91415285939793        4.23513612860245       -3.61507651097733
C            2.35279927171864        3.71274172578842       -4.83511693055778
C            2.29529200435124        2.36310461911816       -5.10934892583502
C            1.88553068303260       -0.79546953547779       -5.08341955470151
C            3.24688531208244       -1.42748324535484       -4.81310172883310
H            1.16672552733614       -0.84372578867938       -0.09286488240241
H            0.77228613480554        0.31401726726095        1.16963923579973
H            2.20398407655028        0.56348133020575        0.17472127779665
H           -0.69437247227550        0.64723410430879       -0.82639614085406
H            0.30021516516759        2.07301638345951       -0.48128253725923
H            0.73905010738713       -1.08238635968041       -2.56648192912536
H            1.06892785643741        3.84776664560363       -1.68555635045256
H            1.97737420221981        5.29846517147281       -3.45036396258640
H            2.74459765412460        4.38597853814180       -5.58009718469638
H            2.63891149078671        1.97050354725458       -6.05172009933907
H            1.10727014987989       -1.56184562656987       -5.09089222925838
H            1.88636323966692       -0.28880288476841       -6.04926452038492
H            3.25081283570253       -1.94612659196534       -3.85773066246843
H            3.47012517882488       -2.14803565729783       -5.59365381436694
H            4.03018686959057       -0.67406913655613       -4.80635506937259
28
 energy: -36.701249385965 gnorm: 0.003771587792 xtb: 6.7.1 (edcfbbe)
C            1.18104938796093        0.22829539117906        0.17195457267496
C            0.32304501114223        1.03129135704434       -0.80108390513607
N            0.86031344817112        0.98849320883722       -2.14508865193031
C            1.00730420821546       -0.10557922889397       -2.88424286698652
N            1.54042033245061        0.17090280494326       -4.06818813253253
C            1.76894817490812        1.52982163184878       -4.11579875808600
C            1.32851640753234        2.05557757382164       -2.88325435297673
C            1.40442885149771        3.41961297706475       -2.61780098588928
C            1.92195723241151        4.22682886838025       -3.60830216798748
C            2.36082185805614        3.70366640036806       -4.83053596007723
C            2.29616288137775        2.35430037993699       -5.10487025362483
C            1.88194260858091       -0.79615804980693       -5.08755361032763
C            3.25288876603227       -1.41368825709431       -4.82183806261085
H            1.18295066132614       -0.82865583342859       -0.08065406461221
H            0.77823988405123        0.33520233004742        1.17467371350986
H            2.20573949161187        0.59193450031939        0.17352996192852
H           -0.69761434645173        0.63846262266208       -0.81548336477953
H            0.28669421579093        2.07580607589773       -0.49169245274644
H            0.71645782530087       -1.09200439283340       -2.57123320173052
H            1.07042602374963        3.83655888511810       -1.68147908330284
H            1.98962550390002        5.29003181329085       -3.44098686322833
H            2.75676550564207        4.37637993415930       -5.57455718746653
H            2.63862369618957        1.95972554261646       -6.04776353295030
H            1.11506706095385       -1.57387177165677       -5.09945441592117
H            1.87780716019861       -0.28654691163714       -6.05192092913106
H            3.26405485376552       -1.93642323711044       -3.86861298833612
H            3.48324639975473       -2.12774326306510       -5.60675363071612
H            4.02633689587964       -0.64982135200890       -4.81214882502670
28
 energy: -36.701293805644 gnorm: 0.003612068945 xtb: 6.7.1 (edcfbbe)
C            1.18363071038551        0.23727454167120        0.17424619015605
C            0.31906998542644        1.03021359617103       -0.80148489826743
N            0.85516665438052        0.98498939055379       -2.14581372032573
C            1.00021708566921       -0.10926415793296       -2.88554693708413
N            1.53592222190290        0.16736574590942       -4.06855126594822
C            1.76759607814163        1.52594885191487       -4.11479322899998
C            1.32712597680231        2.05161936192140       -2.88255981687592
C            1.40549203458579        3.41522217986486       -2.61595356695189
C            1.92565722508893        4.22189936440884       -3.60529966346440
C            2.36432759355614        3.69871687661790       -4.82763408659722
C            2.29712022691590        2.34984812914744       -5.10301777089730
C            1.88012566992098       -0.79722711426179       -5.08921174714814
C            3.25537087080206       -1.40688822546364       -4.82688995926167
H            1.19290093784044       -0.82064486694089       -0.07458670911843
H            0.78074346384046        0.34521116030593        1.17677424857710
H            2.20584716544816        0.60806987255107        0.17376727064597
H           -0.69903571874489        0.63074687270185       -0.81238166600113
H            0.27628979040424        2.07586990911145       -0.49674126667834
H            0.70589666569377       -1.09501024200224       -2.57394521506004
H            1.07160484486627        3.83182594219628       -1.67940273596732
H            1.99575804118196        5.28479468771479       -3.43705907612231
H            2.76254004832138        4.37116714117075       -5.57068717724040
H            2.63955459938439        1.95479793184695       -6.04576292003367
H            1.11790525276417       -1.57947732415977       -5.10044660469259
H            1.87093957581198       -0.28699607826415       -6.05329024016254
H            3.27103236248381       -1.93175062958290       -3.87484483128325
H            3.48924167211043       -2.11763047041841       -5.61372942479739
H            4.02417896501515       -0.63829244675288       -4.81629318039967
28
 energy: -36.701370018541 gnorm: 0.002229112939 xtb: 6.7.1 (edcfbbe)
C            1.18721165385642        0.25151896527816        0.17785134200296
C            0.31218970532702        1.02721448072226       -0.80208625013196
N            0.84880605879405        0.98058942751246       -2.14666422232772
C            0.99093686299307       -0.11401617841592       -2.88720690514097
N            1.53100945859939        0.16295801858089       -4.06855918619511
C            1.76751688440970        1.52108471686197       -4.11270283369138
C            1.32666954311766        2.04666112433425       -2.88116018517970
C            1.40781630418668        3.40929382376427       -2.61236196591780
C            1.93134985940484        4.21468840930548       -3.60097583233241
C            2.36999792795688        3.69162555397984       -4.82277380787770
C            2.30041978686324        2.34327148610673       -5.10004988237813
C            1.87720140841719       -0.79960154517961       -5.09110242650908
C            3.25840992949536       -1.39743432294944       -4.83571136917672
H            1.21033040743475       -0.80770502372179       -0.06538336157682
H            0.78322054451198        0.35965216439787        1.17983500950406
H            2.20477445353175        0.63526257484770        0.17539887462913
H           -0.70063181334280        0.61455015452516       -0.81057221872505
H            0.25562626567117        2.07432106617501       -0.50427971077979
H            0.69138481199674       -1.09835995293770       -2.57785377524005
H            1.07381007312193        3.82578454452768       -1.67599861260392
H            2.00355505932152        5.27729606348257       -3.43225370307150
H            2.76993778141924        4.36398537967235       -5.56490012718842
H            2.64253288150313        1.94801568413829       -6.04264320226881
H            1.12109616647803       -1.58768517020869       -5.09804214049451
H            1.85778727912809       -0.28951166915415       -6.05531495090750
H            3.28186924285170       -1.92585821965754       -3.88566738758146
H            3.49687488331230       -2.10303796296979       -5.62571566929767
H            4.02051657963906       -0.62216359301805       -4.82424549954194
28
 energy: -36.701501492699 gnorm: 0.002251934814 xtb: 6.7.1 (edcfbbe)
C            1.19374674669420        0.27818934796159        0.18417081577261
C            0.29846927991014        1.02006789372141       -0.80374227055150
N            0.83797091015407        0.97329018281272       -2.14800311130948
C            0.97589961796906       -0.12142995557970       -2.88991971678245
N            1.52333222426566        0.15551887619569       -4.06824136908039
C            1.76826362455644        1.51263479372273       -4.10863185269943
C            1.32629343719337        2.03820281978253       -2.87821455397232
C            1.41216599426727        3.39923862702803       -2.60578215163996
C            1.94159125311680        4.20243960786945       -3.59322848062311
C            2.38046192844171        3.67959112946909       -4.81387984032062
C            2.30715535863061        2.33197241198691       -5.09434350027010
C            1.87108061717095       -0.80489684615988       -5.09342970185233
C            3.26337068469375       -1.38104255882186       -4.85265285817873
H            1.24526461611075       -0.78292275834759       -0.04926504483019
H            0.78663467723876        0.38508918436949        1.18490570665056
H            2.20142740470005        0.68856775241099        0.17885373837888
H           -0.70304025716293        0.57964022343651       -0.80993772545160
H            0.21272520262948        2.06922458121498       -0.51815356709484
H            0.66770983095806       -1.10343367569413       -2.58418113023595
H            1.07839804183610        3.81594552654665       -1.66985836603708
H            2.01791078286287        5.26448320766182       -3.42350469288887
H            2.78434524745135        4.35165969764509       -5.55399524191626
H            2.64978761329368        1.93672815283936       -6.03633890762322
H            1.12569703999829       -1.60320157125417       -5.08915659050647
H            1.83123510613692       -0.29647713863857       -6.05843167974440
H            3.30254594976947       -1.91563716798150       -3.90629590015562
H            3.50864218318175       -2.07743620622566       -5.64868777376707
H            4.01313488393150       -0.59360613797162       -4.84119423327007
28
 energy: -36.701664979719 gnorm: 0.004988210403 xtb: 6.7.1 (edcfbbe)
C            1.20277298052909        0.31695872949136        0.19255886506691
C            0.27843956898736        1.00860964565035       -0.80669399060749
N            0.82272293517135        0.96324719609016       -2.14979988026928
C            0.95597658015296       -0.13111398087296       -2.89356353020737
N            1.51300925171118        0.14510738896964       -4.06769676186565
C            1.76914181059561        1.50062800833503       -4.10293715440473
C            1.32509767782787        2.02634448452221       -2.87387992004910
C            1.41825864772805        3.38540137881069       -2.59676278390122
C            1.95671967754385        4.18599988775875       -3.58180502585848
C            2.39651035915147        3.66331438592717       -4.80097826101028
C            2.31708365172469        2.31669229864690       -5.08567656860644
C            1.86164004566914       -0.81325115350781       -5.09563524859388
C            3.26994991547828       -1.35821560470508       -4.87728709767164
H            1.29693653431287       -0.74547119087464       -0.02782205506846
H            0.79064638078045        0.42060548455005        1.19145056619399
H            2.19462450881516        0.76718962075105        0.18292366278198
H           -0.70507587550903        0.52639986948412       -0.81004595021075
H            0.14840160821437        2.05910386443117       -0.53738287659991
H            0.63699684668268       -1.11035440386213       -2.59214758951035
H            1.08478586533551        3.80255488829690       -1.66140117866211
H            2.03873211235388        5.24723290833147       -3.41040279438540
H            2.80616161375164        4.33478309056257       -5.53832030934189
H            2.66092914571808        1.92159368652336       -6.02683416527172
H            1.13199072047410       -1.62619121747966       -5.07302773390146
H            1.79195417573391       -0.30922283840735       -6.06223186537976
H            3.33334346653870       -1.89999840696881       -3.93581445025444
H            3.52282252253740       -2.04215000055643       -5.68174874635160
H            4.00164727198956       -0.55339801989754       -4.86817715605953
28
 energy: -36.701818793126 gnorm: 0.007152172499 xtb: 6.7.1 (edcfbbe)
C            1.21135350491617        0.35867160945903        0.20013890581014
C            0.25792819606477        0.99585182651193       -0.80999560564898
N            0.80643577542844        0.95269221716680       -2.15165078137438
C            0.93562666011152       -0.14091487204608       -2.89730195665720
N            1.50214821917362        0.13390086597030       -4.06712194957497
C            1.76893847469769        1.48761213444277       -4.09729202016754
C            1.32250334977540        2.01362954433915       -2.86942460441054
C            1.42414372482588        3.37076772054831       -2.58769453784584
C            1.97296472266763        4.16906830699244       -3.56927838742083
C            2.41410705882035        3.64640006223514       -4.78717839473926
C            2.32709335345659        2.30090024921794       -5.07614161968110
C            1.85132754385738       -0.82300186168515       -5.09682421491981
C            3.27669156883733       -1.33343685557545       -4.90364966892186
H            1.35024233661522       -0.70263193470124       -0.00731700324414
H            0.79475166999238        0.45819118131415        1.19743130778947
H            2.18451223060570        0.85023075832709        0.18427105838237
H           -0.70457247809474        0.47019494659850       -0.80911389908637
H            0.08100677371023        2.04495999919523       -0.55649558428140
H            0.60697113685655       -1.11776261527316       -2.59958496431614
H            1.09060624882114        3.78829788824662       -1.65284271138581
H            2.06218220230885        5.22925083709025       -3.39524010984915
H            2.83162290394171        4.31681030121923       -5.52103474204985
H            2.67251439132861        1.90588233611145       -6.01644604768711
H            1.13983965004737       -1.65185959067070       -5.05313171287117
H            1.74956830637353       -0.32618773691443       -6.06534142856882
H            3.36802985024333       -1.87987042163431       -3.96667258821842
H            3.53557398489549       -2.00529521458845       -5.71626444028574
H            3.98810863972207       -0.50995168189668       -4.89994229877565
28
 energy: -36.701997468498 gnorm: 0.007703341784 xtb: 6.7.1 (edcfbbe)
C            1.21957148892065        0.40494011237538        0.20564473727428
C            0.23663579235259        0.98160646258118       -0.81350716876562
N            0.78732374279558        0.94088956286794       -2.15391392824162
C            0.91294765378147       -0.15158384685369       -2.90150314415289
N            1.48920648808933        0.12101703955889       -4.06672388287982
C            1.76629200051124        1.47258828669796       -4.09183190783638
C            1.31705204454881        1.99911089263200       -2.86505351069735
C            1.42944509225230        3.35420930680048       -2.57833604994476
C            1.99180542734325        4.15025643120142       -3.55454011777728
C            2.43489180779219        3.62739999257818       -4.77133701103582
C            2.33698969425580        2.28343463807887       -5.06531602139435
C            1.83982151079775       -0.83500248761859       -5.09673225296248
C            3.28394844037313       -1.30397298030329       -4.93232439196128
H            1.40532044225758       -0.65186730330925        0.01224273540396
H            0.80075279846079        0.50029439305610        1.20219490972617
H            2.16987335721924        0.93927227065877        0.17947482275138
H           -0.70059965845325        0.41155416402776       -0.80506214264739
H            0.01083979657243        2.02544689849515       -0.57605301504617
H            0.57599380933787       -1.12646115552683       -2.60675144464442
H            1.09515063149472        3.77193398480518       -1.64399060410845
H            2.09064339258181        5.20895042573628       -3.37647407779318
H            2.86318898599805        4.29606440036625       -5.50063258492230
H            2.68395790936035        1.88838206647733       -6.00489119999351
H            1.15122204672525       -1.68226357154040       -5.02834606009466
H            1.70230754975102       -0.34960231077585       -6.06741994750908
H            3.40917237459410       -1.85063179284348       -3.99911813439932
H            3.54773682443921       -1.96445177615444       -5.75228101264076
H            3.97072855584698       -0.45911410406842       -4.93855759370699
28
 energy: -36.702203419680 gnorm: 0.004122648433 xtb: 6.7.1 (edcfbbe)
C            1.22510131281294        0.44383787333091        0.20532349306759
C            0.22057174178062        0.96946026209815       -0.81637099321631
N            0.76947936337292        0.93052658794511       -2.15634512237588
C            0.89426593669316       -0.16061606500168       -2.90517300356330
N            1.47721234033324        0.10961292365011       -4.06689818814487
C            1.76053461404888        1.45929022354561       -4.08846433157985
C            1.30837391217850        1.98627431409757       -2.86232828020787
C            1.43190511890020        3.33975721320031       -2.57138601978418
C            2.00865429800487        4.13446830235394       -3.54052880078052
C            2.45397553979224        3.61133588139004       -4.75703394301087
C            2.34349306246939        2.26922266241268       -5.05574161964362
C            1.83070753236109       -0.84631222120322       -5.09490823611049
C            3.28887581960218       -1.27699573235057       -4.95492740860153
H            1.44789830458756       -0.60500683132805        0.02400805357138
H            0.80821839372998        0.53649126534586        1.20282405913979
H            2.15278440439415        1.01107466646723        0.16583008259971
H           -0.69245006577706        0.36714696451481       -0.79717554465330
H           -0.04201724014552        2.00397224201978       -0.59083506278575
H            0.55398793039643       -1.13508185340372       -2.61141682743827
H            1.09553141133404        3.75717107724688       -1.63742980942889
H            2.11818399392895        5.19132209215956       -3.35713973217017
H            2.89460554174828        4.27769410693922       -5.48124956561794
H            2.69100144571418        1.87408874832537       -5.99529140917836
H            1.16531371693127       -1.70922604638111       -5.00522856193871
H            1.66420620043124       -0.37529063430026       -6.06705146630755
H            3.44557318009996       -1.81565480913604       -4.02288018333012
H            3.55397312851616       -1.93181375645599       -5.77806983006003
H            3.95225906176042       -0.41434945748148       -4.97525174845019
28
 energy: -36.702300385181 gnorm: 0.007479630813 xtb: 6.7.1 (edcfbbe)
C            1.23600593643197        0.50357140599060        0.20658532061329
C            0.19402112020406        0.95142967575165       -0.82183124334903
N            0.74329807852564        0.91342658428063       -2.16037850379748
C            0.86917836830954       -0.17635253862653       -2.91043332724738
N            1.46123515249833        0.09282941652267       -4.06734227937492
C            1.75439150887814        1.44039300694732       -4.08275303987840
C            1.29674431083089        1.96697391003286       -2.85794327905118
C            1.43610053263717        3.31813281365626       -2.55998498747085
C            2.03284914375216        4.11175008265885       -3.51825136170001
C            2.48150756615152        3.58909802990080       -4.73502256073596
C            2.35448733942835        2.24995659528643       -5.04077200860967
C            1.81884415752768       -0.86008176400241       -5.09501763224899
C            3.29416146795702       -1.24220692290061       -4.98833296901399
H            1.52398715863977       -0.53802537385800        0.04594790199100
H            0.81696389481241        0.59129665013268        1.20400761878313
H            2.13009359626832        1.12902979629725        0.15267488751865
H           -0.68349073544941        0.29440334134660       -0.78781418027887
H           -0.12887649236998        1.97741217806163       -0.61868188204028
H            0.52209908875385       -1.15058540191723       -2.61985154320081
H            1.09558341115656        3.73402497994903       -1.62633405104716
H            2.15580242373976        5.16601374375435       -3.32716366812515
H            2.93761844313516        4.25298091391840       -5.45224973362149
H            2.70163361268098        1.85491957196695       -5.98100604586693
H            1.18519930558066       -1.74345426387146       -4.97978685224973
H            1.61329999829696       -0.40522563589396       -6.06781424435780
H            3.49215668950346       -1.77068119640335       -4.05790844671407
H            3.56006928982036       -1.89098673832802       -5.81589282775358
H            3.92725563229906       -0.35764286065211       -5.02778906117245
28
 energy: -36.702404655156 gnorm: 0.003244782931 xtb: 6.7.1 (edcfbbe)
C            1.23652524188722        0.51320497088691        0.20187432338013
C            0.19319189632515        0.94984711085654       -0.82269757724033
N            0.73891089664664        0.90951357992430       -2.16189412587951
C            0.86858013157558       -0.18006530337740       -2.91124270201160
N            1.45908689439651        0.08998527190045       -4.06844696077371
C            1.75008593254363        1.43785129088915       -4.08371093719590
C            1.29105033526810        1.96358702343560       -2.85875084976942
C            1.43396235700048        3.31439922053321       -2.55905058563095
C            2.03590879733887        4.10899909751218       -3.51221163786698
C            2.48559170867355        3.58712024163751       -4.73031599195992
C            2.35326944475346        2.24957574083970       -5.03836314486295
C            1.81933946405290       -0.86206047955661       -5.09466160743683
C            3.29270995099029       -1.23817410559312       -4.99075487174921
H            1.52981896656702       -0.52233045069303        0.04314287228276
H            0.81989563948831        0.60093814171132        1.20070801416305
H            2.12249333468756        1.14127855925156        0.14263941080725
H           -0.67636323327393        0.28995911080161       -0.78139894289479
H           -0.13388929032943        1.97099126504539       -0.62245802567972
H            0.52468495058438       -1.15616912471542       -2.62010084402811
H            1.09061401311127        3.72858021008258       -1.62509917006526
H            2.16296007282943        5.16195978652466       -3.31722848575667
H            2.94659964714711        4.25026016258663       -5.44479373353987
H            2.69927294395069        1.85495135338475       -5.97973554751716
H            1.19332869308176       -1.74677572901420       -4.97875731851191
H            1.61195081152197       -0.41181632297486       -6.06617892838420
H            3.49668938422295       -1.75428046011167       -4.05706463357415
H            3.55475178149508       -1.89505972509666       -5.81326824134730
H            3.92119923346380       -0.35387043666979       -5.04131975695686
28
 energy: -36.702458356460 gnorm: 0.003500315606 xtb: 6.7.1 (edcfbbe)
C            1.24001860175226        0.54628324577823        0.20337219436614
C            0.18212697681452        0.94195426411133       -0.82493014090286
N            0.72694310597987        0.89971519618453       -2.16414113382143
C            0.85630882277736       -0.18931105225327       -2.91417315846612
N            1.45113553967154        0.08075244052979       -4.06924148455141
C            1.74611220168431        1.42809677913193       -4.08164206694713
C            1.28547447247945        1.95305123429683       -2.85703922130791
C            1.43523390135897        3.30220560113848       -2.55261860724365
C            2.04720459034936        4.09621689263607       -3.49950519265147
C            2.49835629528918        3.57540457687758       -4.71797358092945
C            2.35728229791008        2.24006803761071       -5.03133784583308
C            1.81325987832573       -0.87035170645158       -5.09547231525303
C            3.29709801152774       -1.21983069067887       -5.00951939153852
H            1.55971002389324       -0.48159091299548        0.05202432999679
H            0.82318020904147        0.63165287253710        1.20238922761835
H            2.10839620234366        1.19711654330320        0.13547003886231
H           -0.66905196885939        0.25827636000091       -0.77422129117069
H           -0.17236314968231        1.95691273908105       -0.63565735230685
H            0.50967199277448       -1.16529345561682       -2.62492974287078
H            1.09012233815372        3.71464431405992       -1.61837525117550
H            2.18229338055930        5.14732361792546       -3.29935580977268
H            2.96837129278587        4.23771506427373       -5.42752487154736
H            2.70421307277185        1.84618781908368       -5.97283425082805
H            1.20444544351023       -1.76708726423088       -4.96489189648947
H            1.58331351437354       -0.42752979324458       -6.06756132300954
H            3.52443793215784       -1.72592114742449       -4.07387125208570
H            3.55873734334584       -1.88013183187312       -5.82981877061386
H            3.91018767691070       -0.32412974379002       -5.07775983952718
28
 energy: -36.702496780214 gnorm: 0.004163810903 xtb: 6.7.1 (edcfbbe)
C            1.24286209484021        0.57839010117405        0.20462018986031
C            0.17232188937221        0.93375494237360       -0.82728192669656
N            0.71743108567338        0.88974042795397       -2.16630403226209
C            0.84640166512828       -0.19828882653884       -2.91786920131874
N            1.44607737463292        0.07291337932199       -4.07056620201357
C            1.74364329996756        1.41997385384607       -4.07963182790048
C            1.28105451934639        1.94313623537246       -2.85533611718996
C            1.43537149247150        3.29037650848790       -2.54539392962173
C            2.05606275577378        4.08417107887661       -3.48636799997741
C            2.50840988089311        3.56548201190528       -4.70538156805267
C            2.36069601502082        2.23257419495951       -5.02491351843990
C            1.81017578833694       -0.87633661653546       -5.09817517397290
C            3.29945395041898       -1.20685544233365       -5.02653231355444
H            1.59405146986502       -0.44253690072248        0.06096510119323
H            0.82431696589545        0.66069730171014        1.20307644359984
H            2.09252907747945        1.25643716651824        0.12976131399743
H           -0.66118756662849        0.22908969695688       -0.76744762841741
H           -0.20768713596184        1.94184554003847       -0.64816273783030
H            0.49741207007851       -1.17416168360958       -2.63147577233555
H            1.08898168967833        3.70030448119774       -1.61054830839550
H            2.19768804884668        5.13334055473136       -3.28118787803222
H            2.98535607151462        4.22780653096844       -5.41009433896123
H            2.70794520598600        1.84049342914937       -5.96702491483874
H            1.21454304219326       -1.78051537729193       -4.95849355437270
H            1.56491803985331       -0.43961064195067       -6.06962979353178
H            3.54217004733780       -1.69908261891941       -4.08769092799855
H            3.55922961455338       -1.87494620608105       -5.84157399207423
H            3.90199154743288       -0.30579312155747       -5.11247939086227
28
 energy: -36.702549829303 gnorm: 0.002560346949 xtb: 6.7.1 (edcfbbe)
C            1.24266360952281        0.60084206744935        0.20656713250385
C            0.16910282592770        0.92946163438214       -0.82849036260781
N            0.71587152720876        0.88235860238635       -2.16734974392148
C            0.84371048550634       -0.20476607967558       -2.92081509189328
N            1.44639292714542        0.06889335406130       -4.07216200616502
C            1.74426969790237        1.41635778774156       -4.07853382505510
C            1.28110426805252        1.93686620715530       -2.85418138083557
C            1.43480459270295        3.28223701992647       -2.53871634151161
C            2.05862346638851        4.07635132552598       -3.47660424710552
C            2.51104804825223        3.56084605006869       -4.69617223971963
C            2.36215376997545        2.22988987875507       -5.02172718143066
C            1.81061300920345       -0.87866642917400       -5.10277575017526
C            3.30020989516606       -1.20413422333058       -5.03738262724504
H            1.61217198637681       -0.41345337490304        0.06729807758387
H            0.82164540438255        0.68077810104903        1.20371394755874
H            2.07947561299090        1.29242939806003        0.12924777437884
H           -0.65330161651201        0.21392787815845       -0.76267340405496
H           -0.22609765388582        1.93250147416215       -0.65710896695542
H            0.49300915858281       -1.18021647694133       -2.63798431699668
H            1.08810026519194        3.68915640917439       -1.60307278341026
H            2.20228143696140        5.12409908442902       -3.26821494047006
H            2.98956260335825        4.22482546321040       -5.39748487849384
H            2.70936470527281        1.84090260775984       -5.96476172312838
H            1.21913285210576       -1.78440402398792       -4.96113022667575
H            1.55977259544538       -0.44284660539607       -6.07292605474911
H            3.54883711312513       -1.68041770580139       -4.09242955247021
H            3.55651331741323       -1.88654863167318       -5.84253020407264
H            3.90118409623672       -0.30487079257083       -5.14273908288214
28
 energy: -36.702583960246 gnorm: 0.003273139338 xtb: 6.7.1 (edcfbbe)
C            1.24383102648185        0.62819659312072        0.20792428155184
C            0.16394522348771        0.92241609438976       -0.83062867007764
N            0.71315694674679        0.87328486731133       -2.16869116506570
C            0.84138744803256       -0.21241727952194       -2.92437194680260
N            1.44645083145870        0.06423647496684       -4.07416722993133
C            1.74559983833095        1.41169564198489       -4.07667892534262
C            1.28096463781523        1.92905094681215       -2.85219441320110
C            1.43564535756405        3.27254974015943       -2.53025851747611
C            2.06264958955587        4.06804853231467       -3.46501906830167
C            2.51541888720373        3.55619682962455       -4.68528632970437
C            2.36557357949334        2.22674019346728       -5.01694702124610
C            1.81041107063791       -0.88101814726148       -5.10794058688435
C            3.29956346877185       -1.20142355970251       -5.04912766018900
H            1.63745607550303       -0.37846045022590        0.07839803816486
H            0.81960644093940        0.70530253293524        1.20370897111977
H            2.06412059601973        1.33794376827792        0.12718176222268
H           -0.64328374782569        0.18910638323854       -0.75812711071752
H           -0.25383590374859        1.91983152870433       -0.67199372154592
H            0.48826510114011       -1.18760845036811       -2.64592434785178
H            1.08706959145156        3.67631723674890       -1.59423428870519
H            2.20779631827394        5.11476257744132       -3.25328324312647
H            2.99524276361237        4.22238437381514       -5.38345726769628
H            2.71178668402556        1.84148408501634       -5.96157170992547
H            1.22336405177506       -1.78829024962408       -4.96445799132049
H            1.55322562759925       -0.44608596737991       -6.07601316850233
H            3.55834741370875       -1.65892434388357       -4.09687725635013
H            3.55012747259389       -1.89891388947824       -5.84338812543893
H            3.89833360935151       -0.30400606288192       -5.17771328765618
28
 energy: -36.702610347303 gnorm: 0.003940578681 xtb: 6.7.1 (edcfbbe)
C            1.24203045419492        0.64160650008546        0.20942438318178
C            0.16387746528434        0.91741385946397       -0.83197254279747
N            0.71679596960474        0.86770751381136       -2.16880596667071
C            0.84524598608042       -0.21636808879430       -2.92681230356641
N            1.44973809011079        0.06338630183908       -4.07617713139871
C            1.74907548710011        1.41091519508911       -4.07564385574658
C            1.28461621525580        1.92518496661836       -2.85020357494566
C            1.43728040380002        3.26768974355353       -2.52404560164057
C            2.06140866111474        4.06578600800449       -3.45894552377205
C            2.51386216054616        3.55737393086398       -4.67992160066463
C            2.36744942820961        2.22802065602711       -5.01494128656555
C            1.81151481026099       -0.88040396738904       -5.11283492953276
C            3.29827939653750       -1.20671272495895       -5.05393979835867
H            1.64953858886271       -0.35961487365543        0.08781082148342
H            0.81327156115933        0.71754009902393        1.20351016455241
H            2.05211322469721        1.36219556610139        0.12857310958033
H           -0.63555874209741        0.17884933172762       -0.75779054927855
H           -0.26327273506631        1.91008638905038       -0.68180969087332
H            0.49050895103249       -1.19149302184411       -2.65214991934095
H            1.08789432085643        3.66909438791877       -1.58762999807552
H            2.20408598110303        5.11265366955224       -3.24600638422667
H            2.99071975561445        4.22655961956082       -5.37745677842022
H            2.71325990777933        1.84646936626147       -5.96089921986884
H            1.22085311259501       -1.78583413797717       -4.97192876983099
H            1.55495715942168       -0.44145832733903       -6.07895248449102
H            3.55788112805572       -1.64928482411212       -4.09521606817063
H            3.54308637666193       -1.91920449226478       -5.83649499183688
H            3.90170688122470       -0.31575864621640       -5.19987950872473
28
 energy: -36.702638148145 gnorm: 0.003783349500 xtb: 6.7.1 (edcfbbe)
C            1.24245790446060        0.66826268165531        0.21283345019607
C            0.15950316078815        0.90807796515896       -0.83454930459375
N            0.71657011420567        0.85860838346041       -2.16966930746802
C            0.84513489570700       -0.22310293847486       -2.93066414935129
N            1.45047624281612        0.05946999829621       -4.07869521271491
C            1.75176530722964        1.40651617945689       -4.07366043676453
C            1.28644343157603        1.91747670278833       -2.84714166030518
C            1.43967152607119        3.25871666533307       -2.51618953922007
C            2.06424795118300        4.05988120325431       -3.44880436546544
C            2.51715552029423        3.55507988663471       -4.67085071729195
C            2.37107339714183        2.22631993617465       -5.01000496858455
C            1.81018661873325       -0.88220126650937       -5.11800295485336
C            3.29804539027316       -1.20654448644235       -5.06547488046185
H            1.67433555329951       -0.32432428102815        0.10255078552882
H            0.80828302061639        0.74270617357962        1.20505610498385
H            2.03560413983513        1.40745103667112        0.12837210785956
H           -0.62355844554455        0.14995599748264       -0.75607194514786
H           -0.29240902716632        1.89342863274638       -0.69709154499015
H            0.48787305223805       -1.19849875698670       -2.66005396190978
H            1.08996056202550        3.65740353906990       -1.57881562777455
H            2.20691208286882        5.10642880566991       -3.23276163665250
H            2.99397905012535        4.22667143966864       -5.36656995803019
H            2.71751710329752        1.84836452638665       -5.95709041964372
H            1.22055721036397       -1.78876144618026       -4.97571999941746
H            1.54833181465916       -0.44182490289373       -6.08231017150782
H            3.56441176096706       -1.63288196568375       -4.10152220370922
H            3.53717386112515       -1.93217014895784       -5.83750773299458
H            3.90051680080981       -0.31810956032884       -5.23072974971573
28
 energy: -36.702672724805 gnorm: 0.003117661013 xtb: 6.7.1 (edcfbbe)
C            1.24063585711490        0.67965232649157        0.21743019720703
C            0.16015963829957        0.90090280580709       -0.83633575289671
N            0.72275568355184        0.85432153586508       -2.16907662823309
C            0.85098218912880       -0.22481387980348       -2.93307202124782
N            1.45476423225968        0.05992163195924       -4.08088886742732
C            1.75675895274265        1.40642239195368       -4.07256346679257
C            1.29162737224761        1.91474211431095       -2.84414830656962
C            1.44253974889433        3.25614244224939       -2.51268062192954
C            2.06202561019326        4.06154838420232       -3.44573290593358
C            2.51496226565765        3.55928320817293       -4.66913054284991
C            2.37309235682572        2.22966270047827       -5.00794018948869
C            1.80984810033569       -0.88033963872503       -5.12215599370815
C            3.29611487338609       -1.21562568206984       -5.06843121951228
H            1.68487376237209       -0.30690726622450        0.11490278425060
H            0.80018966000740        0.75433320459279        1.20734283933167
H            2.02478058021313        1.42681927625006        0.13244757375870
H           -0.61332141070779        0.13143276389066       -0.75923264094555
H           -0.30679817553202        1.88016170321307       -0.70480007258307
H            0.49340634644412       -1.20117567296314       -2.66436203423490
H            1.09418981565786        3.65334167525203       -1.57398237414875
H            2.20022049842012        5.10887534039823       -3.22901304239003
H            2.98771647189264        4.23301941407020       -5.36603132327664
H            2.72112278926145        1.85387943125889       -5.95546474908819
H            1.21207859856847       -1.78278391268932       -4.98462069405955
H            1.55339840978973       -0.43470729117314       -6.08536928907902
H            3.56089121990492       -1.63529882354716       -4.10211750822036
H            3.52992725761097       -1.94800302951146       -5.83437285272910
H            3.90327729545953       -0.33240715370749       -5.24174029720374
28
 energy: -36.702697499149 gnorm: 0.001323190428 xtb: 6.7.1 (edcfbbe)
C            1.24032152263897        0.68095125075304        0.21820478127983
C            0.16055945697458        0.89931937721200       -0.83655794822119
N            0.72316574934441        0.85443615134350       -2.16909859752301
C            0.85131269065014       -0.22437643700663       -2.93351033817934
N            1.45532248879073        0.06052020012805       -4.08127993479666
C            1.75691592104266        1.40706772242689       -4.07266406181692
C            1.29165169372357        1.91519386484625       -2.84396210576288
C            1.44213828992694        3.25705305658268       -2.51332875255113
C            2.06158055735175        4.06273030057860       -3.44583412647508
C            2.51487959586712        3.56040110875043       -4.66957141884630
C            2.37289598518716        2.23086444050967       -5.00792581951250
C            1.80958412518645       -0.87910700674934       -5.12314450563767
C            3.29551504295638       -1.21838327607885       -5.06764104565738
H            1.68802270072516       -0.30432765253647        0.11502749203056
H            0.79914205472166        0.75440037610666        1.20758421155608
H            2.02197182694475        1.43136544879063        0.13291177710104
H           -0.60863602092505        0.12769311174940       -0.75914423012420
H           -0.30991088727195        1.87553827734220       -0.70312992705504
H            0.49564923393271       -1.20152293376422       -2.66380988205239
H            1.09386156308777        3.65402335995193       -1.57429729061109
H            2.19963491630064        5.10986822223049       -3.22883497875831
H            2.98808808617718        4.23375530715451       -5.36625402361213
H            2.72149903178785        1.85434380271815       -5.95515728946371
H            1.20985030161857       -1.78083928255437       -4.98716936232601
H            1.55651776467636       -0.43213703875980       -6.08723962773229
H            3.55774089149421       -1.64398887730891       -4.10228299203852
H            3.52778992474148       -1.94755139173950       -5.83765490135219
H            3.90515549234822       -0.33489148267513       -5.23537510186176
28
 energy: -36.702733691361 gnorm: 0.003305819606 xtb: 6.7.1 (edcfbbe)
C            1.24088266482812        0.68756331053200        0.22004313537831
C            0.16086252570879        0.89264809682226       -0.83762601367613
N            0.72540957444583        0.85449182175681       -2.16884713568210
C            0.85370605462741       -0.22312950755696       -2.93483629613897
N            1.45792537770216        0.06281733900798       -4.08240826183484
C            1.75795248787492        1.40950085059328       -4.07245738626486
C            1.29257961496634        1.91650624438370       -2.84272459992588
C            1.44154006966344        3.25964671645400       -2.51448379087132
C            2.05988158572114        4.06647049532804       -3.44576717363789
C            2.51443561906625        3.56436263894819       -4.67037084611879
C            2.37286845331161        2.23506686355594       -5.00728291026043
C            1.80898589889256       -0.87443084614106       -5.12647547140011
C            3.29257061230171       -1.22968329662977       -5.06495722142010
H            1.70245659297200       -0.29196729236969        0.11659505403303
H            0.79635664164768        0.75523920494662        1.20758333076298
H            2.01338711379756        1.44904580958415        0.13635752081116
H           -0.59440421203833        0.11073507551361       -0.76092662119886
H           -0.32300700267937        1.86000359019985       -0.70086960124653
H            0.50325032585475       -1.20222310803733       -2.66294525220293
H            1.09248939728785        3.65584305668602       -1.57491687739170
H            2.19632344450262        5.11345292070503       -3.22849557931734
H            2.98734418900081        4.23732190335767       -5.36707523635533
H            2.72206015641633        1.85663224845016       -5.95403781214896
H            1.20040513208590       -1.77210132705715       -4.99858788869321
H            1.56831892655742       -0.42090706635513       -6.09175868548754
H            3.54341788621453       -1.67918729031220       -4.10547956977005
H            3.52212027236209       -1.94452646717107       -5.85014932491414
H            3.91210059690832       -0.34679198519307       -5.20823948502762
28
 energy: -36.702752396742 gnorm: 0.002833576266 xtb: 6.7.1 (edcfbbe)
C            1.24173685466773        0.69109408088109        0.22060146222988
C            0.16122919245274        0.89014980910573       -0.83799184057958
N            0.72674824671968        0.85399313964044       -2.16887245376401
C            0.85534282962088       -0.22322684485862       -2.93543836085522
N            1.45915993734022        0.06347028724893       -4.08298165939418
C            1.75863930500687        1.41021833344855       -4.07233886329503
C            1.29315641714183        1.91655318094963       -2.84239765630597
C            1.44134694578466        3.25978139994832       -2.51409412026419
C            2.05899739089460        4.06714565301939       -3.44533315345330
C            2.51393010387271        3.56557451785636       -4.67000038722085
C            2.37324518545629        2.23626360661823       -5.00697156847390
C            1.80906971274882       -0.87296917296236       -5.12796467761978
C            3.29105993741933       -1.23396828415828       -5.06406428940245
H            1.70846429802836       -0.28592983015323        0.11765382887471
H            0.79598250881635        0.75634424171939        1.20785140230802
H            2.01033389922321        1.45634451225164        0.13762119814902
H           -0.59013069717816        0.10378984164448       -0.76160632897536
H           -0.32791544457253        1.85535477858781       -0.70220069870242
H            0.50513729217233       -1.20237846416225       -2.66394945915062
H            1.09189518831478        3.65554651369775       -1.57450677024743
H            2.19469234962193        5.11426468364236       -3.22803260888794
H            2.98637217027204        4.23901066745865       -5.36663608731024
H            2.72254750126985        1.85787747094652       -5.95368424123802
H            1.19673945841958       -1.76848589927461       -5.00374111278447
H            1.57223455581378       -0.41633169555521       -6.09248534424848
H            3.53703243918988       -1.69164194977062       -4.10754692533325
H            3.52132512767437       -1.94321109337054       -5.85381545548964
H            3.91384729380831       -0.35223348439766       -5.19821382856547
28
 energy: -36.702792513624 gnorm: 0.001143775283 xtb: 6.7.1 (edcfbbe)
C            1.24414984181079        0.70130768248916        0.22212206914515
C            0.16274407653720        0.88414278499950       -0.83879570127677
N            0.73076399338128        0.85172442301533       -2.16899927041890
C            0.86007313411989       -0.22442446630968       -2.93716508394297
N            1.46220320352280        0.06468818370412       -4.08482432325583
C            1.76035058079764        1.41164126129886       -4.07230758441569
C            1.29520250981615        1.91581151990168       -2.84158901858895
C            1.44137762986725        3.25884311558358       -2.51192170666674
C            2.05666281618697        4.06783217429009       -3.44362709520180
C            2.51199567661851        3.56819363465754       -4.66851040561604
C            2.37391224047270        2.23879472120537       -5.00657847079716
C            1.80960709090577       -0.86952727020803       -5.13262469901398
C            3.28707587760807       -1.24457804517159       -5.06169584116476
H            1.72409577421522       -0.26917093328069        0.12122289106546
H            0.79481185427054        0.76030372041274        1.20857334618217
H            2.00219880570033        1.47636455035549        0.14129778605850
H           -0.57988820966408        0.08734546738215       -0.76276137662038
H           -0.33969544897180        1.84445029236825       -0.70759562066123
H            0.50924668714428       -1.20344792146563       -2.66769950032694
H            1.09136526302367        3.65331687658813       -1.57219061852243
H            2.19021253797652        5.11540802743793       -3.22626834576605
H            2.98252810057493        4.24346964350062       -5.36498975413705
H            2.72359876636127        1.86150323675876       -5.95339760607486
H            1.18724906335988       -1.75915520036220       -5.01844190945932
H            1.58250978933532       -0.40403071474719       -6.09453527651435
H            3.51940785967361       -1.72325306030430       -4.11308103212269
H            3.52057685082040       -1.93915046330166       -5.86284123869692
H            3.91788363453528       -0.36600324079646       -5.17191461318963
28
 energy: -36.702823165110 gnorm: 0.001838608702 xtb: 6.7.1 (edcfbbe)
C            1.24799079586146        0.71846167560368        0.22414346272635
C            0.16566196920360        0.87548099491613       -0.84007938310113
N            0.73640037737145        0.84691330279581       -2.16960239426936
C            0.86634113417820       -0.22723066833145       -2.94068377458379
N            1.46590928355602        0.06606866657011       -4.08851050155547
C            1.76257797171632        1.41329250176720       -4.07260730224803
C            1.29775284004732        1.91369373685706       -2.84050874795663
C            1.44051446455468        3.25624471947977       -2.50792620687549
C            2.05231639164117        4.06824920260606       -3.43978370886509
C            2.50851019169325        3.57207728356044       -4.66522815131686
C            2.37457290956107        2.24263798523951       -5.00581860730005
C            1.81059611800029       -0.86405664851690       -5.14125225598860
C            3.28105551240369       -1.26139964567580       -5.05786294869279
H            1.74929580194182       -0.24158153352036        0.12667188656858
H            0.79373834237303        0.76854345756136        1.20929064691603
H            1.98901101957806        1.50966780516940        0.14546045604198
H           -0.56364926975886        0.06478592937436       -0.76254781804148
H           -0.35565386809610        1.82798653619753       -0.71609662584489
H            0.51537447731791       -1.20672098738471       -2.67432719700107
H            1.09026784651704        3.64825980695041       -1.56748293063924
H            2.18274248117991        5.11620286367710       -3.22148430031519
H            2.97657318250936        4.25027952237272       -5.36083349892219
H            2.72565819996782        1.86788011761984       -5.95292430269544
H            1.17277520075637       -1.74476057761435       -5.04344750635460
H            1.60013231491756       -0.38438455970541       -6.09971431701540
H            3.49118387226383       -1.77282169609538       -4.12109144728171
H            3.51976768340505       -1.93355148428367       -5.87658821976862
H            3.92480275533912       -0.38781830718859       -5.13030430561995
28
 energy: -36.702838335172 gnorm: 0.001104630773 xtb: 6.7.1 (edcfbbe)
C            1.24988609216566        0.72682958941476        0.22377832619427
C            0.16717901778391        0.87290778423915       -0.84082870721799
N            0.73746522768950        0.84355266113349       -2.17050776311235
C            0.86731261398940       -0.22936426648768       -2.94321014264634
N            1.46615799956109        0.06602777761255       -4.09095119835080
C            1.76273026118875        1.41334598156023       -4.07314917135192
C            1.29786974480357        1.91168030479671       -2.84024663143567
C            1.43916961947682        3.25376563687942       -2.50544657619306
C            2.05010795327697        4.06766399072629       -3.43629746442406
C            2.50699115608035        3.57352168870628       -4.66226196361504
C            2.37434603827695        2.24437018943874       -5.00503006259141
C            1.81129773011369       -0.86199972427290       -5.14572160078884
C            3.27866677923042       -1.26848777757424       -5.05631780086623
H            1.75992226533737       -0.22852606164239        0.12798749498985
H            0.79520365173793        0.77452680410674        1.20862456078270
H            1.98360761482665        1.52454894455504        0.14393655599438
H           -0.55703600436521        0.05906816478630       -0.75999825612325
H           -0.35929140821027        1.82224431126041       -0.71979315246835
H            0.51717517645369       -1.20968563803343       -2.67821407232098
H            1.08878350887135        3.64422635855905       -1.56441899015716
H            2.17920985340894        5.11543370707376       -3.21657986995471
H            2.97468169355564        4.25304969161181       -5.35672253156461
H            2.72694334682445        1.87165363543428       -5.95238608090018
H            1.16797017181682       -1.73917799768156       -5.05506940006370
H            1.60905722831745       -0.37718480543536       -6.10331138174459
H            3.47965768274561       -1.78927395913790       -4.12384344312744
H            3.52005518961561       -1.93381279889905       -5.87909846747005
H            3.92709979542732       -0.39850419272856       -5.11606220947258
28
 energy: -36.702849501596 gnorm: 0.000355216184 xtb: 6.7.1 (edcfbbe)
C            1.25271886298923        0.73626101215342        0.22227168778818
C            0.16817634395728        0.87038139060561       -0.84196304100480
N            0.73764996065618        0.83961002306216       -2.17178945846385
C            0.86755917421558       -0.23186289532694       -2.94625254270974
N            1.46600820076170        0.06573084313645       -4.09377858067446
C            1.76251026822781        1.41310407953266       -4.07378559760213
C            1.29750502670815        1.90915513460162       -2.83995633716291
C            1.43760636167737        3.25077664966706       -2.50287960280542
C            2.04804515049491        4.06692403689795       -3.43197289692943
C            2.50563893141897        3.57499943440642       -4.65875018890371
C            2.37371020147562        2.24640614642094       -5.00386799607538
C            1.81190802038923       -0.85973413294501       -5.15059064859491
C            3.27652560876382       -1.27547813710925       -5.05364697731523
H            1.77189188369651       -0.21435442285350        0.12825175261273
H            0.79807056203857        0.78190649878455        1.20701615573115
H            1.97910717931432        1.54074984848714        0.14043955343459
H           -0.54959430448060        0.05225124891688       -0.75678350455737
H           -0.36413066298849        1.81631917567220       -0.72388850090674
H            0.51884888996766       -1.21328167705231       -2.68260983522829
H            1.08691202609925        3.63936909647236       -1.56111041088473
H            2.17621615478696        5.11426136369524       -3.21017940084198
H            2.97321207442283        4.25576174591772       -5.35190164256061
H            2.72729575452944        1.87597395451561       -5.95184374532987
H            1.16286870986166       -1.73357278648513       -5.06822126331559
H            1.61916007818503       -0.36920252923439       -6.10737182359608
H            3.46686546116610       -1.80696906052436       -4.12451198227469
H            3.51928230734845       -1.93447948612927       -5.88139429051527
H            3.93065177431692       -0.40860655528392       -5.10006888131355
28
 energy: -36.702856010167 gnorm: 0.000636635719 xtb: 6.7.1 (edcfbbe)
C            1.25535467104448        0.74244867519763        0.22010440194124
C            0.16844537116953        0.86889656623453       -0.84280052548454
N            0.73633816241434        0.83702999574097       -2.17314476625962
C            0.86632736348487       -0.23345118421457       -2.94873534497615
N            1.46497529909107        0.06547511789093       -4.09589020196011
C            1.76168395356740        1.41279784495131       -4.07431709438915
C            1.29622193734849        1.90737239237644       -2.84007090371370
C            1.43613604847282        3.24847458217935       -2.50102764004445
C            2.04728430930316        4.06602538296212       -3.42831241351816
C            2.50551970847086        3.57565315783141       -4.65555818447302
C            2.37343202340306        2.24762113888956       -5.00266768163910
C            1.81219211070479       -0.85881640314436       -5.15320920429394
C            3.27536798904025       -1.27898721654393       -5.05188931902392
H            1.77879875560301       -0.20583962217082        0.12701652802836
H            0.80218907292396        0.78806897530067        1.20550308360923
H            1.97786367682732        1.55012473653937        0.13512754442417
H           -0.54541631214752        0.04794086389350       -0.75387747195659
H           -0.36755023740391        1.81293612712947       -0.72663500907790
H            0.51811458421702       -1.21543674967754       -2.68636353686730
H            1.08481888272976        3.63566946440589       -1.55887761408030
H            2.17546659218642        5.11293174793550       -3.20469761888968
H            2.97375851006559        4.25719653245314       -5.34744256143546
H            2.72769565351322        1.87880895652379       -5.95106838630230
H            1.16079398080707       -1.73115119515933       -5.07507776954438
H            1.62442906450669       -0.36598049415426       -6.10963555066182
H            3.46129910414808       -1.81104608933577       -4.12276826079082
H            3.51913502106043       -1.93820340065299       -5.87895759287944
H            3.93154470344821       -0.41415990338007       -5.09586690574125
28
 energy: -36.702861873924 gnorm: 0.000596905506 xtb: 6.7.1 (edcfbbe)
C            1.25806088564668        0.74756627488358        0.21759992054466
C            0.16849459527591        0.86682715975191       -0.84352984432696
N            0.73468161213094        0.83516558429178       -2.17449978822246
C            0.86474740037746       -0.23449874293838       -2.95109630697146
N            1.46382749906262        0.06551234521474       -4.09780935829695
C            1.76072053624923        1.41274917538933       -4.07478099007571
C            1.29485572491029        1.90608647027710       -2.84021950126451
C            1.43495714334694        3.24672004891819       -2.49945692509254
C            2.04708821530105        4.06524761265743       -3.42516659345544
C            2.50591479990475        3.57614519735327       -4.65272061594149
C            2.37334911152933        2.24865739712046       -5.00160418979584
C            1.81221345825413       -0.85811513629659       -5.15521142922564
C            3.27428891853463       -1.28126760902750       -5.04992352671656
H            1.78497032746804       -0.19890555840510        0.12566440871190
H            0.80691555536433        0.79400583923514        1.20387635612872
H            1.97721788393225        1.55775660387906        0.12887346639364
H           -0.54146395915705        0.04275439181420       -0.75157852303271
H           -0.37170711443708        1.80867330463945       -0.72836029407067
H            0.51642949144957       -1.21677360724442       -2.69004911731891
H            1.08273078545867        3.63275919275511       -1.55716538150280
H            2.17556976829934        5.11179920832074       -3.20006514968261
H            2.97499084709295        4.25831990067045       -5.34342862814744
H            2.72800638314728        1.88094410615118       -5.95029606767094
H            1.15890546337968       -1.72929517322541       -5.08031214380508
H            1.62854029351703       -0.36371349036942       -6.11152285936860
H            3.45671942567741       -1.81225079934553       -4.11942632403751
H            3.51858202971907       -1.94251827731566       -5.87522089404717
H            3.93261291856499       -0.41795141915318       -5.09370969970900
28
 energy: -36.702868376668 gnorm: 0.000442355713 xtb: 6.7.1 (edcfbbe)
C            1.26133437430306        0.75280896587199        0.21428235945018
C            0.16833859292216        0.86374270304104       -0.84430434331264
N            0.73239619092869        0.83358337129446       -2.17613350796594
C            0.86258686431035       -0.23524019230289       -2.95383721419435
N            1.46225741314584        0.06594042026236       -4.09998830141135
C            1.75960644147136        1.41301206010273       -4.07521135699032
C            1.29306463521430        1.90508714386775       -2.84043033192593
C            1.43343653982155        3.24525652161175       -2.49788235030429
C            2.04714139486981        4.06452688059693       -3.42186289549389
C            2.50700097978049        3.57663704950290       -4.64951400169375
C            2.37372704310366        2.24974671583181       -5.00034136633188
C            1.81199247363975       -0.85738427022204       -5.15715748688885
C            3.27293287559971       -1.28327719552079       -5.04735360754157
H            1.79216923845696       -0.19172320598823        0.12409152924699
H            0.81278168047888        0.80072331300084        1.20171333941480
H            1.97671178841374        1.56585813537228        0.12069280569885
H           -0.53637487494258        0.03531305524298       -0.74979130449760
H           -0.37763780651773        1.80246090943203       -0.72934375270360
H            0.51374670495457       -1.21770451735316       -2.69429382288940
H            1.08021163713378        3.63014511920919       -1.55550082408719
H            2.17630857611604        5.11067325579429       -3.19522311328277
H            2.97745582574810        4.25937750378509       -5.33874378758378
H            2.72885311097429        1.88292813461116       -5.94919773430874
H            1.15690849897047       -1.72745277863547       -5.08485033847520
H            1.63211469457585       -0.36199655207990       -6.11365441022346
H            3.45282104959906       -1.81026745187501       -4.11389444114646
H            3.51724911136998       -1.94895972413727       -5.86925656128734
H            3.93308494555833       -0.42141537031489       -5.09415317927060
28
 energy: -36.702873549986 gnorm: 0.000249101993 xtb: 6.7.1 (edcfbbe)
C            1.26487269656265        0.75888493775872        0.21081636831050
C            0.16829802185573        0.85958119074458       -0.84511975529081
N            0.72987776827831        0.83199313312470       -2.17804000589472
C            0.86005454543739       -0.23583582265615       -2.95707693242823
N            1.46041430318632        0.06664585323140       -4.10252967029519
C            1.75843117569958        1.41352409711752       -4.07571206023703
C            1.29121038328872        1.90415528439318       -2.84063228488256
C            1.43183897659953        3.24382070853711       -2.49613859638027
C            2.04735686476393        4.06382335375685       -3.41825732221806
C            2.50855618647140        3.57724504701148       -4.64590961635556
C            2.37448809519312        2.25100180676341       -4.99891119456203
C            1.81155321557436       -0.85664011875304       -5.15930310231539
C            3.27123669252544       -1.28534302051497       -5.04480129961836
H            1.80054820812859       -0.18308847244758        0.12264671405536
H            0.81922995742814        0.80831659360942        1.19952260724375
H            1.97562899054111        1.57530419189025        0.11172339488769
H           -0.52954667045123        0.02554679645208       -0.74810605007314
H           -0.38502773307872        1.79407128493031       -0.72997674004194
H            0.51060812189649       -1.21845950826548       -2.69907774111153
H            1.07706803196272        3.62767269256986       -1.55392939903333
H            2.17678275876079        5.10965729816861       -3.19022010707092
H            2.98076032187541        4.26058808747791       -5.33337080063055
H            2.73060558763930        1.88505187143166       -5.94771300296040
H            1.15420888303316       -1.72532284582838       -5.08960209738412
H            1.63586908610142       -0.36036976978277       -6.11610900729504
H            3.44809936388662       -1.80703906472591       -4.10750529152424
H            3.51516707479261       -1.95702702509958       -5.86201606981229
H            3.93402909204760       -0.42535858089325       -5.09579093708165
28
 energy: -36.702875453348 gnorm: 0.000225711783 xtb: 6.7.1 (edcfbbe)
C            1.26682690002522        0.76299118226515        0.20897353120766
C            0.16832247500936        0.85671399830060       -0.84557813374192
N            0.72885355172333        0.83094949762672       -2.17897880933531
C            0.85903324359840       -0.23622765366458       -2.95892322839252
N            1.45967538625852        0.06713616667511       -4.10399580691850
C            1.75819685467632        1.41387292027868       -4.07580778945325
C            1.29039519329713        1.90360656862940       -2.84058313958621
C            1.43067694593659        3.24306921363277       -2.49515007868639
C            2.04711465871951        4.06357335174869       -3.41622885422544
C            2.50965428451419        3.57770511249438       -4.64363822004651
C            2.37541293051006        2.25178575232422       -4.99782680404033
C            1.81122031480441       -0.85599294266032       -5.16081664461866
C            3.26992823332336       -1.28715095953805       -5.04350946047745
H            1.80664168778031       -0.17686165894787        0.12229037606583
H            0.82223492210771        0.81279212687703        1.19811705756548
H            1.97384386733887        1.58236000580449        0.10713915017330
H           -0.52454299508879        0.01871352325689       -0.74729458691007
H           -0.39032100686795        1.78809809075733       -0.73055331455371
H            0.50913012891004       -1.21892633443443       -2.70188167192513
H            1.07512691173040        3.62632881766078       -1.55300633319338
H            2.17675260651686        5.10919393797908       -3.18729918596496
H            2.98287550090523        4.26142370398183       -5.33003540530180
H            2.73209636016045        1.88644042936920       -5.94663498139736
H            1.15247927184920       -1.72371234576402       -5.09260192193977
H            1.63785806922571       -0.35902396381245       -6.11769197233618
H            3.44531261642773       -1.80592426095439       -4.10421168900295
H            3.51323106541758       -1.96205312598104       -5.85835159868638
H            3.93419002119076       -0.42848115390324       -5.09706048427815
