23
 energy: -31.566249519157 gnorm: 0.270165553345 xtb: 6.7.1 (edcfbbe)
N            1.02300000000000        0.09709000000000        0.00668000000000
C            2.28397000000000        0.09709000000000        0.00668000000000
C            3.80397000000000        0.09709000000000        0.00668000000000
C            4.38502000000000       -0.79839000000000        1.09719000000000
C            3.95291000000000       -2.26143000000000        1.01852000000000
N            4.16216000000000       -2.85656000000000       -0.30551000000000
C            3.19679000000000       -3.53414000000000       -1.04154000000000
C            3.79167000000000       -3.93244000000000       -2.20331000000000
N            5.10527000000000       -3.49677000000000       -2.14893000000000
C            5.33132000000000       -2.90302000000000       -0.96765000000000
C            6.09676000000000       -3.66088000000000       -3.20521000000000
H            4.15597000000000       -0.21523000000000       -0.98247000000000
H            4.14980000000000        1.12589000000000        0.15947000000000
H            5.47878000000000       -0.74420000000000        1.03592000000000
H            4.10816000000000       -0.40685000000000        2.08391000000000
H            4.52616000000000       -2.85698000000000        1.73851000000000
H            2.89528000000000       -2.36165000000000        1.28800000000000
H            2.20187000000000       -3.64172000000000       -0.64024000000000
H            3.44962000000000       -4.47142000000000       -3.07134000000000
H            6.27766000000000       -2.50048000000000       -0.62640000000000
H            5.80042000000000       -3.05130000000000       -4.06349000000000
H            7.07720000000000       -3.33371000000000       -2.84953000000000
H            6.14701000000000       -4.71368000000000       -3.49469000000000
23
 energy: -31.599036296656 gnorm: 0.043184065945 xtb: 6.7.1 (edcfbbe)
N            1.15223456228115        0.10002762612077       -0.00309130694445
C            2.28878098484565        0.10065053971538       -0.00349319921208
C            3.76793856830078        0.08580667616151        0.01418739216579
C            4.38197350312485       -0.80380608578698        1.09640106020147
C            3.95430377155267       -2.27105387211726        1.02005529529304
N            4.16350718444969       -2.86445839949674       -0.29681545822027
C            3.21023258408761       -3.52182298531255       -1.03781700756780
C            3.80441616174480       -3.92063846986454       -2.19579518869681
N            5.11023859857169       -3.50117912076761       -2.14317805313184
C            5.31534098629008       -2.89082383240322       -0.97558117471902
C            6.09004975983712       -3.66358049619660       -3.19867101967175
H            4.11912358718329       -0.21779613008115       -0.97866392267900
H            4.11153553756928        1.11528993846097        0.16486272596427
H            5.47281893341216       -0.73445296185038        1.02903893619572
H            4.10164167967047       -0.41948566481630        2.08056805096779
H            4.52948129202304       -2.85427365412883        1.74649215391349
H            2.89539054554135       -2.36584448983039        1.27425691681373
H            2.21420776305901       -3.63787419845360       -0.65273844723572
H            3.44756037240550       -4.46028360708281       -3.05359493012481
H            6.25623823737501       -2.49220270725791       -0.63721315134599
H            5.79890814865693       -3.06052816497017       -4.06108810949366
H            7.06804337296798       -3.33492557415720       -2.85015969082439
H            6.14680386504988       -4.71043436588440       -3.49671187164772
23
 energy: -31.601218836841 gnorm: 0.015311775707 xtb: 6.7.1 (edcfbbe)
N            1.18737688790053        0.04235183678911        0.01869155077786
C            2.32641790125396        0.07123201787594        0.01189948078259
C            3.77728333913062        0.08763968115125        0.00512174936037
C            4.38614784508054       -0.80528271653396        1.08989323246106
C            3.95146399516933       -2.27223425052064        1.01819666716254
N            4.16326845506956       -2.86256572456757       -0.29257094010321
C            3.21467958608793       -3.50356511246702       -1.03837231306519
C            3.80966643275186       -3.90439474878578       -2.19330481397127
N            5.11298619281724       -3.49924178761823       -2.13828293810457
C            5.30656136858659       -2.87720253820628       -0.97853200519226
C            6.08737960526574       -3.67118585844007       -3.18858201351756
H            4.11076432469771       -0.21245874868569       -0.99408281224150
H            4.09523642262369        1.12204101234061        0.16580198398225
H            5.47430023695066       -0.72982265039901        1.02475991712625
H            4.09414550648250       -0.43173780439097        2.07336115498249
H            4.51700009047255       -2.85175384422014        1.75505095493762
H            2.88801757219055       -2.36158902862878        1.25153791187421
H            2.21253796767676       -3.61670557498449       -0.67506549659825
H            3.43613877144014       -4.43789469454146       -3.04480288553272
H            6.24143682063951       -2.47046522488818       -0.64459735915205
H            5.80156336532853       -3.07591696951111       -4.05732770743350
H            7.06529834438863       -3.34532843769102       -2.84199959065760
H            6.14109896799487       -4.71760883307646       -3.48554372787753
23
 energy: -31.601837740322 gnorm: 0.009246107423 xtb: 6.7.1 (edcfbbe)
N            1.20137812929075       -0.03695725640507        0.03360126034778
C            2.34204412201976        0.03453301215979        0.02323903264543
C            3.78187729379792        0.08853393317575        0.00305177920901
C            4.39901720944636       -0.80127155013761        1.08886177310912
C            3.94893990624622       -2.26409261399043        1.01241620231971
N            4.16251469526649       -2.85475105133012       -0.29292197597030
C            3.21560610522903       -3.48543775279382       -1.04029247470813
C            3.81101909686502       -3.88757916534136       -2.19531776413684
N            5.11377631092632       -3.49345668541261       -2.13781824951525
C            5.30282291783573       -2.87051657289700       -0.97963379874221
C            6.08616950073463       -3.67818171351494       -3.18143536368075
H            4.11773676327046       -0.20586607138168       -0.99638370906287
H            4.08513353276865        1.12542936542755        0.16940802184289
H            5.48593644720269       -0.72998265724222        1.02680415748092
H            4.09857175150585       -0.43063493889262        2.06996534968241
H            4.49957801008170       -2.84552130350389        1.75870340111608
H            2.88152805559160       -2.34042640702976        1.23152503973954
H            2.20601200906394       -3.59578144543756       -0.69852594161626
H            3.41835280715411       -4.41510884405588       -3.04097847078594
H            6.23572298623737       -2.46037953193596       -0.64695982745250
H            5.80870494518473       -3.08984146030440       -4.05777157592262
H            7.06654676940803       -3.35955069343194       -2.83583559192383
H            6.13178063487264       -4.72684859572419       -3.47245127397532
23
 energy: -31.602140181970 gnorm: 0.010157937535 xtb: 6.7.1 (edcfbbe)
N            1.20972482322958       -0.11834138125167        0.04323208498027
C            2.34719465510133       -0.00202000132545        0.03057818272891
C            3.78516400036350        0.09196871294406        0.00465035682182
C            4.41102255910541       -0.79675750548148        1.08925124847139
C            3.94750787271451       -2.25586868438088        1.00924159632532
N            4.16120607436899       -2.84491490256553       -0.29450960814729
C            3.21281480886354       -3.46623922856775       -1.04444516543587
C            3.80869288521608       -3.87073579706106       -2.20009310899269
N            5.11277894039742       -3.48623843009766       -2.13971397522432
C            5.30184304027760       -2.86619287606389       -0.98008769440966
C            6.08669946430019       -3.68626170484389       -3.17647348218403
H            4.12889936603759       -0.19305725376231       -0.99480468356393
H            4.07168606822410        1.13277999400989        0.17543368600903
H            5.49719036855935       -0.73107187084022        1.02485245150341
H            4.11203678185316       -0.42557588361368        2.07001867022043
H            4.48330804620803       -2.84409508464102        1.76097661732556
H            2.87711307017526       -2.31660535748938        1.21930128500317
H            2.19757553086733       -3.57474853496025       -0.71921016089976
H            3.40046565139996       -4.39454583666142       -3.04056470288254
H            6.23563157249216       -2.45827959807771       -0.64618906047695
H            5.81900210968742       -3.10360015169421       -4.05999492564007
H            7.06971503679862       -3.37517283362666       -2.83071407928660
H            6.12349727375886       -4.73811578994779       -3.45948553224549
23
 energy: -31.602337584037 gnorm: 0.007394165281 xtb: 6.7.1 (edcfbbe)
N            1.21449628662069       -0.18667668765423        0.04359726945874
C            2.34698278096665       -0.03159174793798        0.03153312805094
C            3.78534656880747        0.09595811833877        0.01017860190659
C            4.42077387548581       -0.79283259261351        1.09054438488342
C            3.94742833598661       -2.24870423574557        1.00801475943089
N            4.15963677066081       -2.83546435468041       -0.29704106863073
C            3.20833310635869       -3.44955356916953       -1.04951604465604
C            3.80407059295942       -3.85613260540314       -2.20594347985263
N            5.11050949509125       -3.48010736835119       -2.14263829668910
C            5.30245944165716       -2.86459291891907       -0.98029180960775
C            6.08805173280587       -3.69477585724674       -3.17344038192502
H            4.13897894083994       -0.17515065889231       -0.99000760230979
H            4.05234582898625        1.14086798218602        0.18786007021700
H            5.50668316952225       -0.73208874491318        1.01765763683754
H            4.13153380667771       -0.42005165162064        2.07355086670848
H            4.47310755350979       -2.84467248480895        1.76040968292603
H            2.87586050440790       -2.29726590166553        1.21474214208249
H            2.19003735198801       -3.55553139513471       -0.73394833221648
H            3.38604199706069       -4.37685887680089       -3.04335318879787
H            6.23855541613991       -2.46250434870568       -0.64397935789664
H            5.82917154161028       -3.11724246470745       -4.06306412563540
H            7.07249456298759       -3.38898484074354       -2.82619192664482
H            6.11787033886923       -4.74973279481047       -3.44742292763970
23
 energy: -31.602501467093 gnorm: 0.004196525805 xtb: 6.7.1 (edcfbbe)
N            1.21812541217578       -0.24693146545181        0.03419226327464
C            2.34432599886047       -0.05632310508615        0.02680781302729
C            3.78207237073967        0.10106730047206        0.01865609428642
C            4.42811152372737       -0.78967643824064        1.09118916110839
C            3.94967154142446       -2.24328924154162        1.00829110131837
N            4.15853683992279       -2.82713301392786       -0.29980938115631
C            3.20319265152678       -3.43311388662011       -1.05518086940878
C            3.79804854725086       -3.84220771210622       -2.21195805582065
N            5.10759066892601       -3.47604201071541       -2.14544386037847
C            5.30379525331595       -2.86549113694705       -0.98037557368005
C            6.08927185435295       -3.70444885726140       -3.17099824217719
H            4.14801813683386       -0.15098693201995       -0.98261580209201
H            4.02650627619358        1.14955952984025        0.20849126904763
H            5.51376083024469       -0.73172845672871        1.00494404586994
H            4.15381261987688       -0.41658994647964        2.07870777813565
H            4.47118246356822       -2.84561871816478        1.75782343413410
H            2.87837638002048       -2.28497112115920        1.21581736863176
H            2.18318178517128       -3.53307529335133       -0.74419277504799
H            3.37457048579489       -4.35848644374313       -3.04915291371511
H            6.24292692543836       -2.47207423248393       -0.64116412977291
H            5.83785838472508       -3.13234238372947       -4.06601465211848
H            7.07389671881148       -3.40167426746211       -2.82136708399228
H            6.11393633109809       -4.76211216709172       -3.43539698947375
23
 energy: -31.602669025531 gnorm: 0.005022367598 xtb: 6.7.1 (edcfbbe)
N            1.22207073754698       -0.31351647860645        0.01401379373455
C            2.34098698924791       -0.08194130245849        0.01724970672106
C            3.77594152902887        0.10917553655180        0.03023839755857
C            4.43425125423668       -0.78612994058713        1.09102656400116
C            3.95474183314869       -2.23857870983740        1.00905208068029
N            4.15808845249255       -2.81914745178974       -0.30294442895088
C            3.19720978804948       -3.41331976993631       -1.06215413573418
C            3.79033397498698       -3.82616954733958       -2.21858948606485
N            5.10414325513350       -3.47439373641841       -2.14777176281296
C            5.30553882760233       -2.86944185874345       -0.98021332095640
C            6.08968727719007       -3.71691047754865       -3.16815093417163
H            4.15799126606657       -0.11605906808716       -0.97225871031485
H            3.99251232871163        1.16041880702160        0.24015751941759
H            5.51917151214079       -0.72859367905104        0.98770993545620
H            4.17798306154257       -0.41576784192354        2.08496282055515
H            4.47819398043477       -2.84506499543543        1.75317642183817
H            2.88469998196929       -2.27901437982430        1.22088674078440
H            2.17573870463030       -3.50150944140845       -0.75257916911941
H            3.36409260370000       -4.33530405554576       -3.05861935307641
H            6.24852406163229       -2.48829490490770       -0.63742599900675
H            5.84484818265897       -3.15155346947659       -4.06877701366335
H            7.07370159103494       -3.41542917980955       -2.81590285084873
H            6.11031880681381       -4.77714405483822       -3.42183681602651
23
 energy: -31.602870284625 gnorm: 0.008391671585 xtb: 6.7.1 (edcfbbe)
N            1.22857093096251       -0.38854057345069       -0.01966560236229
C            2.33545554357983       -0.11398989773818        0.00255807855533
C            3.76374844690738        0.11859475600726        0.04511693990878
C            4.43952822364014       -0.78163115418620        1.09030733200206
C            3.96495415288657       -2.23472052180536        1.01068469306107
N            4.15951202277758       -2.81086277407143       -0.30616957166414
C            3.19033170834971       -3.38546516713483       -1.07139884421339
C            3.78029455635672       -3.80378235977320       -2.22694757520525
N            5.10050406991574       -3.47514291484045       -2.14955185536727
C            5.30889493648144       -2.87838459191633       -0.97901176931531
C            6.08907542625523       -3.73404742106586       -3.16437250675837
H            4.16694547060176       -0.06830831142326       -0.95823370459335
H            3.94397220524692        1.17122025686391        0.28438669072951
H            5.52270743212372       -0.72044761457411        0.96534086455783
H            4.20409798200345       -0.41726243688917        2.09212029863371
H            4.49872924185960       -2.84189548117571        1.74642011694162
H            2.89741605727010       -2.28098302398755        1.23202184151104
H            2.16711328502842       -3.45306190719137       -0.76092664026556
H            3.35289603221374       -4.30105799508824       -3.07367188375472
H            6.25748867684075       -2.51627064863877       -0.63092793627223
H            5.85051804090867       -3.17758289133661       -4.07158476062246
H            7.07230773861527       -3.43297803305326       -2.81000495345538
H            6.10570781917470       -4.79708929353053       -3.40523925205095
23
 energy: -31.602953689486 gnorm: 0.022981065861 xtb: 6.7.1 (edcfbbe)
N            1.24039646317526       -0.51724678764532       -0.07599342789740
C            2.33246851370647       -0.16506776416570       -0.01845061073798
C            3.74802864557223        0.13686371327268        0.06746316964171
C            4.44708418436867       -0.77266584516139        1.09034056183897
C            3.98141615153233       -2.22843564700036        1.01194998060645
N            4.16255185159721       -2.79857400738833       -0.31031172792093
C            3.18079924093493       -3.34026883468936       -1.08537369708272
C            3.76570557525762       -3.76758762831416       -2.23936577095309
N            5.09557892135109       -3.47723024212915       -2.15146771271653
C            5.31383565257429       -2.89354876353132       -0.97647231995036
C            6.08596389972894       -3.76040311085568       -3.15880076432001
H            4.18029504569329        0.00506123168755       -0.93491722761615
H            3.87449282278834        1.18937674907789        0.34901511570758
H            5.52701873156952       -0.70505953505270        0.94065307405556
H            4.23405768414318       -0.41979937916566        2.10140534908276
H            4.53234014213670       -2.83435485470625        1.73647160846628
H            2.91737328686591       -2.28624449892143        1.24798371547244
H            2.15455758167642       -3.37538916416876       -0.77556826257070
H            3.33519850299950       -4.24634200206656       -3.09579806216929
H            6.27069151544067       -2.56133808392564       -0.61995736139288
H            5.85542907544137       -3.21730721821310       -4.07581546347309
H            7.06927375101226       -3.46059327250038       -2.80395661590428
H            6.09621276043367       -4.82753505443688       -3.38178355016599
23
 energy: -31.603258063927 gnorm: 0.005670889745 xtb: 6.7.1 (edcfbbe)
N            1.24370200094430       -0.51596928652017       -0.09124904626538
C            2.32999137779458       -0.17212308421039       -0.02368895707944
C            3.73782913503585        0.13471679981758        0.06877006872648
C            4.44379384569378       -0.77085411528018        1.09027391329872
C            3.99072875518217       -2.23125558292685        1.01410671715395
N            4.16735428179901       -2.79940109130402       -0.30870684207761
C            3.18152207555900       -3.32686565301350       -1.08820323554547
C            3.76386276206861       -3.75555536955713       -2.24207209498179
N            5.09676449152922       -3.48035578581152       -2.15007923910696
C            5.31780854154813       -2.90303568754186       -0.97318468108811
C            6.08402999128940       -3.76628084269283       -3.15795714806271
H            4.17007446654218        0.01178359414425       -0.93041865944164
H            3.85700952927145        1.18253964887413        0.35439534241017
H            5.52190178350342       -0.69513117607797        0.93958273623866
H            4.22826142852963       -0.42117585514279        2.10040160766309
H            4.55612278809234       -2.82976055900778        1.73455154488451
H            2.92902278951197       -2.30221377951752        1.25939665697212
H            2.15525591908986       -3.34885088913098       -0.77646690106122
H            3.33482567811605       -4.22597448625920       -3.10418366519200
H            6.27713877560454       -2.58278275264650       -0.61311320819445
H            5.85247816170018       -3.22451319592136       -4.07520500228162
H            7.06849133769027       -3.46729729871302       -2.80554730632880
H            6.09280008390391       -4.83333355156039       -3.38015260064014
23
 energy: -31.603463977477 gnorm: 0.006062350237 xtb: 6.7.1 (edcfbbe)
N            1.25458039486280       -0.59381144009630       -0.13777964214590
C            2.32684624339971       -0.21433907050122       -0.03915890821078
C            3.72078095810501        0.14182769054993        0.08127044781328
C            4.44548624185191       -0.76281032560545        1.09234768309554
C            4.00938654479290       -2.22948454207264        1.01633336829355
N            4.17469361162788       -2.79208490982775       -0.30903925688683
C            3.17833715976559       -3.28584773183221       -1.09829665465781
C            3.75517805846308       -3.72081470890055       -2.25192892844015
N            5.09556624230532       -3.48277130579336       -2.15057097944479
C            5.32527798949382       -2.92085862397724       -0.96829889232516
C            6.07955220058937       -3.78769624208473       -3.15502731987358
H            4.17197527305659        0.05933678113409       -0.91456929594958
H            3.79866297589874        1.18696195633197        0.39574658120649
H            5.52064412388887       -0.67505359382835        0.93181112593877
H            4.23395230578306       -0.42199555274947        2.10556195022198
H            4.59537370736325       -2.82031798461334        1.72761831974462
H            2.95214832751186       -2.31734787220874        1.27779238300915
H            2.15020439177728       -3.27928285127921       -0.78974383834721
H            3.32143243749366       -4.17295747386924       -3.12198866489664
H            6.29125944238653       -2.62955985272923       -0.59973279182494
H            5.85173888573593       -3.25502337385359       -4.07870275297808
H            7.06660265371610       -3.49216256138159       -2.80673262614440
H            6.08108983013053       -4.85759641081179       -3.36566130719714
23
 energy: -31.603659171451 gnorm: 0.010936696307 xtb: 6.7.1 (edcfbbe)
N            1.27031971781305       -0.69329736553407       -0.20205514974766
C            2.32496044064951       -0.27086958517502       -0.05837406279931
C            3.69781381610371        0.14722192698742        0.09598474853925
C            4.44506109514893       -0.75041118235274        1.09974164120732
C            4.03626373945920       -2.22750694474700        1.02025163625783
N            4.18762738589355       -2.78196363865142       -0.30751961087976
C            3.17909362341210       -3.22786289465553       -1.10985661892470
C            3.74757025009207       -3.66932704962016       -2.26502192674624
N            5.09550759195545       -3.48331648952531       -2.15196916218653
C            5.33722955840340       -2.94621337708383       -0.96059492407306
C            6.07179187885371       -3.81626405688519       -3.15357112725165
H            4.16850691860863        0.10929888615727       -0.89216500528060
H            3.72436306873655        1.18606063933119        0.43671495099039
H            5.51726838908711       -0.64407799387258        0.93545509845203
H            4.22851833510737       -0.41969205353960        2.11473543987782
H            4.64847400404858       -2.80650736278736        1.71939734865265
H            2.98640174763868       -2.33863104513439        1.30327224042576
H            2.14927886629563       -3.18623277644714       -0.81153303940883
H            3.30204194241282       -4.09514145299149       -3.14246790897127
H            6.31044236613290       -2.69532472316541       -0.58029469091160
H            5.84778444138650       -3.29467989679619       -4.08498643588832
H            7.06476797816703       -3.52906902935368       -2.81431176077544
H            6.05968284459321       -4.88988253415781       -3.34958168055766
23
 energy: -31.603733119482 gnorm: 0.007670058954 xtb: 6.7.1 (edcfbbe)
N            1.27208146779620       -0.69184339610688       -0.20655434990316
C            2.32535597940132       -0.28020347661396       -0.05929360651434
C            3.69285337328674        0.14134945523245        0.09233776776215
C            4.43995405797710       -0.74695547767671        1.10453470993066
C            4.04456041462996       -2.22907761850334        1.02191646962328
N            4.19510403833669       -2.78152016707363       -0.30476542652929
C            3.18625241333646       -3.21431030578916       -1.10958631695382
C            3.75203110568782       -3.65477582921091       -2.26704113935481
N            5.09863647920626       -3.48222567595193       -2.15253147273063
C            5.34284992684093       -2.95434218943810       -0.95768415989663
C            6.06873285126104       -3.82243855405575       -3.15633398602923
H            4.16309327575985        0.10376754578293       -0.89261800146965
H            3.71206129225639        1.17808570941712        0.42977194008697
H            5.51282533797727       -0.63077039182523        0.95427390010792
H            4.20589213599890       -0.41667660620645        2.11607952927658
H            4.66236424112180       -2.80184655641782        1.71931191075884
H            2.99770733705632       -2.34760926590300        1.30915044908180
H            2.15650619784394       -3.16794540733592       -0.81988093114795
H            3.29831312657468       -4.07243406758858       -3.14290259394635
H            6.31550034383945       -2.71340123724474       -0.57468406904777
H            5.84318989143198       -3.30076716612866       -4.08747614552165
H            7.06577652730065       -3.54149160720518       -2.82319019485609
H            6.04912818507789       -4.89625771415658       -3.35158428272643
23
 energy: -31.603780710384 gnorm: 0.004462942640 xtb: 6.7.1 (edcfbbe)
N            1.27264402661281       -0.72095311573043       -0.22736868252271
C            2.32042043563854       -0.29664314219344       -0.06945727489118
C            3.68339675028912        0.14180802266368        0.09842797541685
C            4.43840629816801       -0.74395395125219        1.10730558937336
C            4.05509830137252       -2.22917414050941        1.02549298876553
N            4.20134527493952       -2.77777553734080       -0.30449933655185
C            3.18715897467604       -3.19411883206682       -1.11318313950999
C            3.74956941475659       -3.63647322259009       -2.27185615593465
N            5.09920765754755       -3.48264512633017       -2.15358386778601
C            5.34907468574448       -2.96283100534271       -0.95593850037634
C            6.06720338215441       -3.83388321095673       -3.15681756267347
H            4.16367042008019        0.12007120196682       -0.88509783216879
H            3.68323540247050        1.17835004228374        0.44465635083638
H            5.51101262685196       -0.61856362214898        0.95446354002130
H            4.20566695171608       -0.41695169327639        2.12095681746950
H            4.68201702595297       -2.79934559983725        1.71709192368435
H            3.01075503941621       -2.35558549521088        1.31883433295955
H            2.15576317631480       -3.13425228796101       -0.82663203953366
H            3.29053031433565       -4.04328073720406       -3.15066187771349
H            6.32488546270332       -2.73672271923150       -0.56940028384127
H            5.84306899359482       -3.31557112923346       -4.08984061940966
H            7.06574264197516       -3.55668693243837       -2.82564472281266
H            6.04089674268837       -4.90850776605958       -3.34599762280070
23
 energy: -31.603801830000 gnorm: 0.002037942062 xtb: 6.7.1 (edcfbbe)
N            1.26863701860780       -0.71669360667355       -0.22910484292619
C            2.31753389098950       -0.29173567273371       -0.07181613151444
C            3.68181372944312        0.14064766985275        0.10015347082949
C            4.43536523690888       -0.74411631547950        1.10947872421904
C            4.05657088907309       -2.22934665550605        1.02721909541053
N            4.20366914481871       -2.77702360720825       -0.30483300071435
C            3.18918926201557       -3.19262040231579       -1.11280272538780
C            3.75066781261743       -3.63415482612702       -2.27234792510644
N            5.09989969910996       -3.48214420775836       -2.15448065598823
C            5.35102761079952       -2.96272760961450       -0.95700855171256
C            6.06735380119966       -3.83553086443389       -3.15840540973064
H            4.16168796883524        0.11399231789009       -0.88263573052886
H            3.68427004012177        1.17683132929583        0.44096170175210
H            5.50833190379620       -0.61569630610991        0.95766634082011
H            4.20302901334843       -0.41735406203339        2.12373604919809
H            4.68551531339703       -2.79948232382144        1.71667080590297
H            3.01271153307090       -2.35875033577398        1.31999894199108
H            2.15826262163933       -3.13286267845916       -0.82514634653031
H            3.29062770393364       -4.03896569672845       -3.15101956510980
H            6.32715937901073       -2.73894487318191       -0.57071272889102
H            5.84350160096772       -3.31691412728348       -4.09102213956506
H            7.06596708825996       -3.56040422319002       -2.82685236509231
H            6.03797773803543       -4.90969292260632       -3.34644701132500
23
 energy: -31.603814429334 gnorm: 0.001690101086 xtb: 6.7.1 (edcfbbe)
N            1.26556892763748       -0.71368924999453       -0.22469576986069
C            2.31522019413770       -0.29076488089238       -0.07183345983103
C            3.68070040493668        0.13902205661868        0.09960929170296
C            4.43253933605395       -0.74360880602204        1.11091430945172
C            4.05821247615156       -2.22909503670665        1.02772188136404
N            4.20659772398074       -2.77640073897556       -0.30508160876202
C            3.19156391857540       -3.18912186938114       -1.11304440594869
C            3.75222928682866       -3.63064472866373       -2.27314986763137
N            5.10106367259355       -3.48179675965737       -2.15529542399772
C            5.35350877022465       -2.96379339619890       -0.95750677472335
C            6.06739026733796       -3.83828476636551       -3.15968701788569
H            4.16162729112940        0.11007445016748       -0.88312121837250
H            3.68233895733193        1.17637275428307        0.43907920501877
H            5.50562830241693       -0.61165502619379        0.96271280232358
H            4.19693195213430       -0.41709518026162        2.12464657717628
H            4.68864623448129       -2.79816620083265        1.71602582930482
H            3.01482353205453       -2.36190591201788        1.31950905911054
H            2.16099841928078       -3.12902337678794       -0.82561588924654
H            3.29008846860719       -4.03309692993927       -3.15125546250502
H            6.32979096688792       -2.74283522446530       -0.57121405192556
H            5.84447385993630       -3.31963224303178       -4.09252910900157
H            7.06683628911428       -3.56620946575692       -2.82851764912272
H            6.03399074816642       -4.91233946892427       -3.34642124663783
23
 energy: -31.603830033223 gnorm: 0.003802079729 xtb: 6.7.1 (edcfbbe)
N            1.25948582960747       -0.71522247532796       -0.21401075140967
C            2.30979838854985       -0.29287815299971       -0.06877527319384
C            3.67576795176175        0.13660915033112        0.09808657097552
C            4.42719939451749       -0.74100560454428        1.11328558237964
C            4.06383233529648       -2.22862021370566        1.02829050726264
N            4.21362744881671       -2.77477265249207       -0.30523830071863
C            3.19583128557868       -3.17594306146939       -1.11567232313946
C            3.75443049187888       -3.61886253943169       -2.27642472040332
N            5.10405685048006       -3.48196338129721       -2.15640720816641
C            5.35985929117878       -2.96922282813444       -0.95682083005700
C            6.06740901913397       -3.84642367171724       -3.16097728675173
H            4.15614719348575        0.10313626857308       -0.88406590947130
H            3.67659383665516        1.17498744643819        0.43313230378618
H            5.50004149182382       -0.60124707390257        0.97167819957425
H            4.18314318298755       -0.41614452537015        2.12555812450270
H            4.69977011157861       -2.79361052179629        1.71448778341928
H            3.02174674683338       -2.37076691427260        1.32037374324128
H            2.16508622077708       -3.11011361315306       -0.82969337763410
H            3.28760320813592       -4.01397430059547       -3.15522897305697
H            6.33753392437944       -2.75780843587993       -0.56893520512790
H            5.84745619062282       -3.32782136151246       -4.09457943919384
H            7.06930087120489       -3.58159980419969       -2.83124609338931
H            6.02504873471509       -4.92042173354049       -3.34556712342753
23
 energy: -31.603847312260 gnorm: 0.003479187153 xtb: 6.7.1 (edcfbbe)
N            1.25252708441201       -0.71023281384518       -0.19616961303401
C            2.30519416572511       -0.28998405424505       -0.06146039230938
C            3.67370365432829        0.13557700160882        0.09554455515724
C            4.42422213788876       -0.73978589797948        1.11349156863318
C            4.06544972596870       -2.22825331985011        1.02731256114152
N            4.21653392017205       -2.77359701046634       -0.30641142809733
C            3.19834289341375       -3.17058872345026       -1.11794579487571
C            3.75622674770030       -3.61437420291582       -2.27859587359576
N            5.10600750448996       -3.48219844419615       -2.15737810265099
C            5.36245716522136       -2.97107022189228       -0.95721967083334
C            6.06852003391355       -3.85097076609670       -3.16098839388869
H            4.15083572346419        0.09495995692548       -0.88813626563028
H            3.68031739174953        1.17580678507081        0.42543272488076
H            5.49688901428198       -0.59698452295428        0.97557040546814
H            4.17489801114194       -0.41579366144332        2.12464109749656
H            4.70310756748356       -2.79121045245722        1.71353176579908
H            3.02379405352545       -2.37435490319704        1.31898986374227
H            2.16792782043091       -3.10280446620228       -0.83143704240450
H            3.28854541503192       -4.00695970008179       -3.15784074397320
H            6.34063310113637       -2.76369117042388       -0.56865498789819
H            5.85212028569470       -3.33123204052963       -4.09482641844839
H            7.07145560156113       -3.59125322543976       -2.83039453937141
H            6.02106098126411       -4.92469414593845       -3.34580527530708
23
 energy: -31.603890928333 gnorm: 0.002421885397 xtb: 6.7.1 (edcfbbe)
N            1.22416614101634       -0.69437686770433       -0.12743218382227
C            2.28544414215546       -0.28175730354992       -0.03192287920492
C            3.66284547799171        0.13069613078008        0.08630223325732
C            4.41499797000568       -0.73470384975279        1.11281033631771
C            4.07362681751725       -2.22759366444522        1.02416466507598
N            4.22702779765890       -2.76915807230960       -0.31037881477556
C            3.20584800121137       -3.14596030774149       -1.12880199179503
C            3.76167837378039       -3.59462053713182       -2.28820547511048
N            5.11351371240977       -3.48422296038796       -2.16017944882915
C            5.37269475829650       -2.98164718405897       -0.95665363833056
C            6.07349926569795       -3.86924334565881       -3.15929417983511
H            4.12419010242598        0.06174813860149       -0.90366982526791
H            3.69194846820128        1.17808656611877        0.39477601911655
H            5.48698181726385       -0.57980016465271        0.98427224834954
H            4.14952805610448       -0.41282322908084        2.12035277810112
H            4.71945703649769       -2.78323688217137        1.70922994443231
H            3.03410678477730       -2.38713840733441        1.31776752945639
H            2.17537973875783       -3.06511666272942       -0.84235789103291
H            3.29195932789204       -3.97602662343117       -3.17141061217490
H            6.35315435397418       -2.79136114209771       -0.56408590131016
H            5.87152580303221       -3.34461959097034       -4.09379252210095
H            7.08003525674527       -3.62893249370137       -2.82424466417115
H            6.00716079658625       -4.94188154658982       -3.34599572634520
23
 energy: -31.603911577495 gnorm: 0.002493555778 xtb: 6.7.1 (edcfbbe)
N            1.21352584940426       -0.68854380925993       -0.10462816045131
C            2.27753270896126       -0.28051274667166       -0.01997529266332
C            3.65726709537779        0.12792735086572        0.08371895364686
C            4.41370288296358       -0.73308545541350        1.11119122425391
C            4.07724442043656       -2.22786882781041        1.02330491226407
N            4.22912005546416       -2.76736712665029       -0.31161032492114
C            3.20744412194848       -3.13619348549711       -1.13344016021109
C            3.76297899426624       -3.58647301889346       -2.29220517749915
N            5.11568125909139       -3.48518964710969       -2.16056612771670
C            5.37500980099122       -2.98667640595395       -0.95536966286422
C            6.07560772137137       -3.87564695383458       -3.15736311388110
H            4.11070813387882        0.04936455951295       -0.90930826281013
H            3.69444609883622        1.17759062396710        0.38389461118821
H            5.48521663864320       -0.57461434673794        0.98204404516855
H            4.14658129648447       -0.41096497805791        2.11815601336490
H            4.72688895741889       -2.78143022689805        1.70681447571135
H            3.03902146337956       -2.39006861042312        1.32051860755601
H            2.17693198636922       -3.04863060259042       -0.84873237028402
H            3.29396706867243       -3.96372619608805       -3.17786030002815
H            6.35597576996239       -2.80303553681683       -0.56005513559744
H            5.87937363572486       -3.34907975743658       -4.09205576823836
H            7.08274623442212       -3.64164700592255       -2.81970044102777
H            6.00379780593122       -4.94781779627941       -3.34552254495923
23
 energy: -31.603929874821 gnorm: 0.001717219787 xtb: 6.7.1 (edcfbbe)
N            1.21101334810990       -0.68529250761416       -0.10898159426485
C            2.27451799155120       -0.28034676212631       -0.01158654908278
C            3.65490519261350        0.12613175892985        0.08536075050143
C            4.41611699602217       -0.73337060847417        1.10908571035321
C            4.07774076219598       -2.22797688475329        1.02364473606544
N            4.22806793077826       -2.76810856505166       -0.31110947116575
C            3.20701015318460       -3.13528129701902       -1.13407735980473
C            3.76323600514574       -3.58575075135410       -2.29254426071827
N            5.11553550203156       -3.48625351852452       -2.15963872049158
C            5.37405367646990       -2.98898205495236       -0.95398283070746
C            6.07640707436553       -3.87554796121250       -3.15620389183116
H            4.10268749074755        0.04502100275013       -0.91005760286684
H            3.69443658370009        1.17618002417933        0.38313935206857
H            5.48706790511598       -0.57563903679196        0.97432402235348
H            4.15527643359004       -0.40947420493398        2.11723539381949
H            4.72745947154266       -2.78237296520831        1.70597876803731
H            3.03982922155231       -2.38765600447806        1.32261965628815
H            2.17680561787759       -3.04415978253593       -0.85199651849544
H            3.29537021794017       -3.96200974455453       -3.17930796374819
H            6.35433566298930       -2.80569956238366       -0.55767635508590
H            5.88107118737149       -3.34803082197467       -4.09036951667186
H            7.08290902970316       -3.64159534865469       -2.81701089532200
H            6.00491654540105       -4.94747440326110       -3.34559485922953
23
 energy: -31.603945472163 gnorm: 0.005356255982 xtb: 6.7.1 (edcfbbe)
N            1.20033062004026       -0.67612207504148       -0.09043493577059
C            2.26646505516593       -0.27854746762492       -0.00758727171003
C            3.64813268282959        0.12082314596179        0.08717793260537
C            4.42228893566412       -0.73437119051048        1.10083760414707
C            4.07817338281859       -2.22842017658024        1.02410600963188
N            4.22397095116721       -2.77067731825087       -0.30998217186819
C            3.20514392159759       -3.13125048318767       -1.13757202238000
C            3.76427935456002       -3.58232677601126       -2.29474189873200
N            5.11545446562576       -3.49011051728945       -2.15632869397129
C            5.37086515615654       -2.99731089192254       -0.94883353228889
C            6.08005293878236       -3.87594828145647       -3.15129730618984
H            4.08350792794529        0.03387543380226       -0.91352052136682
H            3.69326872623461        1.17182979844735        0.37891665433284
H            5.49178071714032       -0.57999682303457        0.94882865914803
H            4.18139609683814       -0.40510381578509        2.11281746497822
H            4.72779418497679       -2.78500208089555        1.70361092200982
H            3.04099374409731       -2.38009328325009        1.32808261135704
H            2.17531451915150       -3.02858603320711       -0.86447119026581
H            3.30057029973796       -3.95527501164552       -3.18533141556739
H            6.34888089825716       -2.81659548774750       -0.54791574108847
H            5.88841815232734       -3.34478300453090       -4.08368596095046
H            7.08441776153362       -3.64270126540888       -2.80630418757778
H            6.00926950735173       -4.94699639483050       -3.34512100848192
23
 energy: -31.603967064920 gnorm: 0.002019788528 xtb: 6.7.1 (edcfbbe)
N            1.19759367372440       -0.67568400124133       -0.08625970874088
C            2.26501309002694       -0.27863164681164       -0.00253246997768
C            3.64757643016191        0.12110851299097        0.08606471559964
C            4.42317865133258       -0.73453172077788        1.09915908753045
C            4.07802540258101       -2.22829147891530        1.02380851081944
N            4.22368947067581       -2.77071976054199       -0.31024440421341
C            3.20479043422088       -3.12942637793089       -1.13877295431336
C            3.76431251740243       -3.58045811450360       -2.29578945227027
N            5.11585050249277       -3.49036987671567       -2.15599790023836
C            5.37111281073477       -2.99835556804920       -0.94802917204855
C            6.08096323406862       -3.87668661264019       -3.15014633065760
H            4.08019628662641        0.03420317221465       -0.91608372623506
H            3.69360874787452        1.17230383773563        0.37767325413886
H            5.49239728795806       -0.58130751346309        0.94403219353525
H            4.18477541662392       -0.40541197066298        2.11165278932177
H            4.72756257528814       -2.78441089950232        1.70409931289378
H            3.04060003715490       -2.37993110325111        1.32755265335728
H            2.17423000815221       -3.02735805054767       -0.86553445012768
H            3.30073592172679       -3.95319042637613       -3.18647461983867
H            6.34928553145562       -2.81989824230741       -0.54554172148789
H            5.89020944587096       -3.34471760643275       -4.08241053856195
H            7.08539509455932       -3.64431773072965       -2.80438843116451
H            6.00966742928677       -4.94760682154012       -3.34458663731977
23
 energy: -31.603984959869 gnorm: 0.001211598110 xtb: 6.7.1 (edcfbbe)
N            1.19303281395245       -0.67471200376833       -0.07196411529446
C            2.26179109204418       -0.27863033435931        0.00663815575505
C            3.64565273129445        0.12201497311819        0.08367491446455
C            4.42469237323338       -0.73452504609374        1.09507435999662
C            4.07743259765709       -2.22771318685269        1.02273696838174
N            4.22331207021746       -2.77156392896437       -0.31072873931501
C            3.20444300245511       -3.12555267026958       -1.14162696456008
C            3.76473043691974       -3.57668165270771       -2.29822132971788
N            5.11692130844343       -3.49143162297889       -2.15538170235077
C            5.37172757262099       -3.00173077531609       -0.94614243790674
C            6.08307069929536       -3.87875392685528       -3.14782501069781
H            4.07346140617166        0.03499194052369       -0.92067848908827
H            3.69333173932394        1.17348998426680        0.37504106368758
H            5.49329321820830       -0.58366916619692        0.93381144906799
H            4.19097165022622       -0.40461809619435        2.10801911460266
H            4.72648755790572       -2.78258174515675        1.70504617479816
H            3.03952720615364       -2.37914930659627        1.32594477367814
H            2.17273506155300       -3.02377042037233       -0.86840589428924
H            3.30126013388587       -3.94745384723765       -3.18965906234617
H            6.35003969427453       -2.82850533122080       -0.54033712756946
H            5.89486218216881       -3.34508206320770       -4.07990269895022
H            7.08759165057876       -3.64871779932785       -2.80017847735630
H            6.01040180141568       -4.94934397423177       -3.34368492498919
23
 energy: -31.603997833877 gnorm: 0.002081779202 xtb: 6.7.1 (edcfbbe)
N            1.18631946794653       -0.67202400001907       -0.05055376752686
C            2.25678134940120       -0.27790285436489        0.01725595997863
C            3.64179193553844        0.12235638143017        0.08131505987041
C            4.42673070327334       -0.73424560787438        1.08916305383872
C            4.07682944889608       -2.22686718714590        1.02139687621234
N            4.22298605341495       -2.77357092998831       -0.31082728849717
C            3.20460766085567       -3.12055556796339       -1.14533341398005
C            3.76592049645884       -3.57203716522690       -2.30129923896173
N            5.11843888017759       -3.49356876629899       -2.15440659790210
C            5.37226403700207       -3.00774318961155       -0.94328152818807
C            6.08597427357196       -3.88184005692392       -3.14490638474920
H            4.06281800766787        0.03403875280626       -0.92567593379180
H            3.69219338105979        1.17412482085348        0.37145911306062
H            5.49439232556873       -0.58609693934814        0.91952502075945
H            4.20031523843760       -0.40199347043758        2.10275787672485
H            4.72509263275157       -2.78039666748711        1.70575292074904
H            3.03857030764037       -2.37677473640455        1.32464347168008
H            2.17233399875812       -3.01627160635450       -0.87359320058640
H            3.30280408445246       -3.93832970016139       -3.19473266437848
H            6.35026022475118       -2.84117978709420       -0.53353259053337
H            5.90176054007179       -3.34582234891525       -4.07656277885073
H            7.09030513975964       -3.65511118909991       -2.79425521475542
H            6.01127981254397       -4.95187818436967       -3.34305875017179
23
 energy: -31.604006066920 gnorm: 0.001298450343 xtb: 6.7.1 (edcfbbe)
N            1.18317291186135       -0.67023081257032       -0.04062308680534
C            2.25413081623379       -0.27722107051214        0.02145724505354
C            3.63936107478618        0.12209320825358        0.08058294762958
C            4.42733907195436       -0.73396043525333        1.08650939242924
C            4.07685889467113       -2.22651514598765        1.02094984694739
N            4.22330158031988       -2.77471933315833       -0.31057437869803
C            3.20521685418791       -3.11806161503617       -1.14685351455134
C            3.76684149463353       -3.56972892465232       -2.30260359812134
N            5.11925884105762       -3.49468900047725       -2.15399133562803
C            5.37265589437355       -3.01102800767755       -0.94194057454381
C            6.08721146766117       -3.88360825238821       -3.14380354959020
H            4.05710386171753        0.03260862203415       -0.92748140652030
H            3.69128004578557        1.17402154673437        0.36963734744469
H            5.49447683562798       -0.58642942947661        0.91346338908552
H            4.20421696056520       -0.40048370987916        2.10039929627903
H            4.72481129095583       -2.77941491059363        1.70600487078890
H            3.03855221161892       -2.37548547191577        1.32434899997560
H            2.17313388579142       -3.01152819384115       -0.87611443096810
H            3.30379895652888       -3.93311511974306       -3.19727980757854
H            6.35042852382010       -2.84763730772474       -0.53078253446132
H            5.90503807045921       -3.34647331156822       -4.07516474341450
H            7.09145061970562       -3.65875299109637       -2.79177254854105
H            6.01112983568305       -4.95333033346982       -3.34311782621060
23
 energy: -31.604018934143 gnorm: 0.000504652006 xtb: 6.7.1 (edcfbbe)
N            1.17679496226973       -0.66670167145451       -0.02315513465580
C            2.24861077549714       -0.27578950539671        0.02902284954442
C            3.63433247608306        0.12096335132156        0.07956222127879
C            4.42783392389832       -0.73313420738639        1.08232312163940
C            4.07758398033241       -2.22591347161673        1.02033018500552
N            4.22471493097544       -2.77633464643689       -0.31008692872325
C            3.20697252506349       -3.11250856377682       -1.14958492874728
C            3.76890299804570       -3.56462599137381       -2.30503335626362
N            5.12101746184887       -3.49658386591962       -2.15339610881944
C            5.37394542046676       -3.01712464505880       -0.93966628532592
C            6.08929427074881       -3.88763344017064       -3.14210198305467
H            4.04574491329667        0.02830757341055       -0.93058387085244
H            3.68959028529551        1.17342638722130        0.36566787756420
H            5.49399592447064       -0.58547789494654        0.90397865507965
H            4.20978998455823       -0.39788961412972        2.09677748918347
H            4.72538566680462       -2.77750373610352        1.70629443232248
H            3.03931395750501       -2.37371419379814        1.32397784662577
H            2.17544679670870       -3.00089917632693       -0.88074996517463
H            3.30580586668212       -3.92244844860483       -3.20196946836554
H            6.35152879095491       -2.85991303348502       -0.52635631129377
H            5.91102708517336       -3.34841503428177       -4.07288798036118
H            7.09359106886536       -3.66705268542846       -2.78775627932744
H            6.00954593445491       -4.95672348625729       -3.34335607727767
23
 energy: -31.604029565081 gnorm: 0.000892381745 xtb: 6.7.1 (edcfbbe)
N            1.17058054216993       -0.66386905965624       -0.00797652400820
C            2.24317973439708       -0.27457023878725        0.03670928859442
C            3.62973186958534        0.11988952819763        0.07876354214614
C            4.42767205287977       -0.73213667362358        1.07940255153841
C            4.07891487140246       -2.22539822960183        1.01973591986077
N            4.22651708828527       -2.77670631563962       -0.31017067864628
C            3.20878201693199       -3.10627095232785       -1.15238009518367
C            3.77080334530944       -3.55912854643846       -2.30750399705965
N            5.12280435707464       -3.49804772631972       -2.15308882119413
C            5.37566292386603       -3.02207102893481       -0.93799497099099
C            6.09105265978573       -3.89215421142388       -3.14068259881502
H            4.03522161210761        0.02353961881569       -0.93345954205710
H            3.68825890573617        1.17313663033781        0.36135020784444
H            5.49304986843526       -0.58344543754747        0.89725370730211
H            4.21283882059946       -0.39615604039974        2.09433984666071
H            4.72726231232369       -2.77566407527169        1.70611229959786
H            3.04079339145410       -2.37336109472461        1.32365434897707
H            2.17750524337239       -2.98989553238575       -0.88513898669601
H            3.30758207419451       -3.91273299342281       -3.20605331463225
H            6.35332131979007       -2.87064347550048       -0.52279301878686
H            5.91651683209174       -3.35114693315934       -4.07110105554608
H            7.09567224155769       -3.67618569334910       -2.78447527656399
H            6.00704591664939       -4.96067151883663       -3.34325283234058
23
 energy: -31.604041920044 gnorm: 0.000830604045 xtb: 6.7.1 (edcfbbe)
N            1.16426532934712       -0.66159865793607        0.00708050720717
C            2.23755330114426       -0.27340487887755        0.04485434602719
C            3.62504772221461        0.11893820520439        0.07816835023815
C            4.42664709685349       -0.73067574787604        1.07760581159606
C            4.08094865205255       -2.22472632670196        1.01891332119762
N            4.22889300708751       -2.77591685401155       -0.31094270911913
C            3.21096259684425       -3.09884397280148       -1.15558875378077
C            3.77278773336630       -3.55297330326003       -2.31028918716103
N            5.12479055487663       -3.49940662856211       -2.15316098354238
C            5.37790034320559       -3.02650685657642       -0.93689608387601
C            6.09259912351867       -3.89782226881821       -3.13952101822394
H            4.02496517901168        0.01821779627509       -0.93589498482701
H            3.68684903864538        1.17312343116382        0.35660033891573
H            5.49133851580222       -0.57979047364450        0.89329194278746
H            4.21293700603559       -0.39477483877713        2.09277774414656
H            4.73081593754694       -2.77337726493537        1.70508197185818
H            3.04324948647545       -2.37453847088803        1.32342964934644
H            2.17983340119590       -2.97744055402393       -0.88981789709713
H            3.30933431262579       -3.90294225369845       -3.21011538357912
H            6.35573173958620       -2.88090554323505       -0.51993245827021
H            5.92219398646766       -3.35526741003232       -4.06980530923232
H            7.09779286533383       -3.68729706579269       -2.78168202324768
H            6.00333307076214       -4.96576006219416       -3.34290719136263
23
 energy: -31.604057380076 gnorm: 0.000601937888 xtb: 6.7.1 (edcfbbe)
N            1.15677816624497       -0.65932790109240        0.02431716626658
C            2.23068447723906       -0.27205846040000        0.05495278969896
C            3.61919090115020        0.11816835851293        0.07782128028274
C            4.42485259030267       -0.72857174047628        1.07625152716884
C            4.08414664628219       -2.22385038737660        1.01773991916327
N            4.23195449038386       -2.77395848028472       -0.31254351832683
C            3.21371714587602       -3.08897351801116       -1.15991289706886
C            3.77512450086975       -3.54538603626748       -2.31390191919898
N            5.12718049649179       -3.50113632863164       -2.15356921874508
C            5.38074592105944       -3.03140137384218       -0.93612695365790
C            6.09425787042073       -3.90560432455581       -3.13821816837423
H            4.01278788676527        0.01215219728900       -0.93826018187825
H            3.68462727441991        1.17345850077380        0.35123779768144
H            5.48886938086752       -0.57415406641569        0.89051326400199
H            4.21107929190882       -0.39350961852348        2.09173591816594
H            4.73698291751684       -2.77048330889736        1.70268305070780
H            3.04735138375544       -2.37725337023353        1.32377097922687
H            2.18272203480321       -2.96128758420330       -0.89603097608347
H            3.31146106763990       -3.89153914035472       -3.21509423349146
H            6.35868819090358       -2.89257944886124       -0.51693225358174
H            5.92928779130284       -3.36142927753645       -4.06856620676555
H            7.10021162135756       -3.70212841164657       -2.77836821371552
H            5.99806795243820       -4.97283627896490       -3.34224895147527
23
 energy: -31.604073755063 gnorm: 0.000481020495 xtb: 6.7.1 (edcfbbe)
N            1.14830450675545       -0.65736550856810        0.04408698789877
C            2.22292738256302       -0.27076683952249        0.06618595470424
C            3.61226558204016        0.11766661290947        0.07792619670013
C            4.42257214895546       -0.72582203178328        1.07509325652127
C            4.08823668639598       -2.22257560902233        1.01601580991840
N            4.23542973855455       -2.77111701722532       -0.31496588764740
C            3.21690242378918       -3.07726070678139       -1.16530982323052
C            3.77776605487242       -3.53667722740574       -2.31834728029459
N            5.12983149075252       -3.50339374864338       -2.15429929385045
C            5.38390880324070       -3.03691156287580       -0.93568870107678
C            6.09607313713418       -3.91534631741097       -3.13668079575867
H            3.99921434832980        0.00645439602100       -0.94018839663581
H            3.68119962006082        1.17400729633889        0.34632785696587
H            5.48575037919099       -0.56667282471288        0.88823701752261
H            4.20812715763628       -0.39217334889424        2.09091424406637
H            4.74529526760775       -2.76675476416568        1.69885402809111
H            3.05283142620530       -2.38089624787143        1.32448695689879
H            2.18607845621191       -2.94222293448373       -0.90376535029043
H            3.31397579161169       -3.87864980197203       -3.22105668082186
H            6.36180530383857       -2.90573100680501       -0.51371498404166
H            5.93784462502021       -3.36945493100561       -4.06723290940573
H            7.10282641700172       -3.72032272188439       -2.77429823944626
H            5.99160325223111       -4.98170315423536       -3.34132996678601
23
 energy: -31.604087067114 gnorm: 0.000587657251 xtb: 6.7.1 (edcfbbe)
N            1.14111853991862       -0.65625776545712        0.06020630336719
C            2.21571479712921       -0.26996028723935        0.07699907099852
C            3.60541290549317        0.11789978090135        0.07887341976786
C            4.42069162890923       -0.72318929934436        1.07398272389157
C            4.09235016443163       -2.22130125442502        1.01426324700697
N            4.23857785581233       -2.76823065219851       -0.31748472723599
C            3.21984269551376       -3.06617704817835       -1.17056170409338
C            3.78017400406740       -3.52889235941138       -2.32253914495611
N            5.13214535063938       -3.50568322502235       -2.15512170130004
C            5.38666996047968       -3.04189371205905       -0.93556776271849
C            6.09765465585427       -3.92481332099846       -3.13517675787260
H            3.98631087194800        0.00326325448277       -0.94120415815825
H            3.67662762392636        1.17500818542937        0.34364176910016
H            5.48302133615301       -0.55967682128996        0.88556793602100
H            4.20625741383437       -0.39137538334773        2.09047107582722
H            4.75351862193721       -2.76336152125030        1.69481991837557
H            3.05835389270039       -2.38417057281298        1.32528999343344
H            2.18920988628554       -2.92437933962176       -0.91124633148988
H            3.31631835964291       -3.86726211789111       -3.22656922195791
H            6.36437476170665       -2.91773705999681       -0.51085993157933
H            5.94599266480948       -3.37747921287232       -4.06600524983227
H            7.10499825712376       -3.73771967130338       -2.77020135012198
H            5.98543375168339       -4.99030059609301       -3.34032741647177
23
 energy: -31.604098443255 gnorm: 0.001072416900 xtb: 6.7.1 (edcfbbe)
N            1.13469532282897       -0.65603501379269        0.07595317113554
C            2.20972400387654       -0.26952980998968        0.08535716195684
C            3.59933566728973        0.11855136637298        0.07994560019620
C            4.41908967051925       -0.72070277246107        1.07274715611872
C            4.09578120105308       -2.21992007347283        1.01239803880075
N            4.24126426424620       -2.76571219068927       -0.31988897133060
C            3.22253513652356       -3.05658992072953       -1.17539022482426
C            3.78243057556006       -3.52228962226081       -2.32637015312614
N            5.13416011109208       -3.50797615183323       -2.15591553222059
C            5.38893884519017       -3.04647261586434       -0.93555629878215
C            6.09907199490432       -3.93353217233760       -3.13375962279146
H            3.97564990269445        0.00239135818187       -0.94157152578472
H            3.67155425908294        1.17600358653972        0.34286787272182
H            5.48054247367572       -0.55344039323931        0.88263534732338
H            4.20515717155516       -0.39048750640204        2.08989202364586
H            4.76047547835490       -2.76010303974298        1.69095053721478
H            3.06306990033300       -2.38667133185119        1.32569087375388
H            2.19220536580634       -2.90870340243459       -0.91817502810121
H            3.31854949489429       -3.85727717239384       -3.23166512962099
H            6.36631404724053       -2.92845657583059       -0.50838293372651
H            5.95356328469889       -3.38496517876055       -4.06484237034756
H            7.10678554824686       -3.75361132354274       -2.76624060782457
H            5.97987628033272       -4.99816004346554       -3.33942938438542
23
 energy: -31.604107516323 gnorm: 0.000612717946 xtb: 6.7.1 (edcfbbe)
N            1.13037829771541       -0.65675745348296        0.08586728113119
C            2.20511026465992       -0.26980035766428        0.09213427458085
C            3.59434267984481        0.11951789060356        0.08164292572981
C            4.41852533458824       -0.71876078814685        1.07152275439908
C            4.09820905190762       -2.21859667400908        1.01076420684527
N            4.24313910108959       -2.76387490976590       -0.32179120896088
C            3.22452155427163       -3.04961581094717       -1.17910534343241
C            3.78414346165326       -3.51753372169874       -2.32931317484312
N            5.13560099464264       -3.50993916067596       -2.15649134580340
C            5.39047734662629       -3.05004396066963       -0.93556353475363
C            6.10014510872400       -3.94029611989750       -3.13256112593065
H            3.96713322492682        0.00381082416704       -0.94121127950024
H            3.66644958630324        1.17700338723695        0.34444911922221
H            5.47915192475412       -0.54910608818894        0.87881507839691
H            4.20645265970637       -0.38981976255182        2.08949993529281
H            4.76517182207760       -2.75751615887302        1.68801011467500
H            3.06636776295886       -2.38768999835998        1.32564042113603
H            2.19446129721215       -2.89718709189030       -0.92351514069018
H            3.32027389719437       -3.84999537148150       -3.23554151762931
H            6.36755043887428       -2.93670787899805       -0.50647596775254
H            5.95944107196670       -3.39073923370303       -4.06377468216863
H            7.10802876028624       -3.76584603995327       -2.76296075531275
H            5.97569435801557       -5.00419552104945       -3.33879103462974
23
 energy: -31.604117604487 gnorm: 0.000343061064 xtb: 6.7.1 (edcfbbe)
N            1.12623636777011       -0.65836869819028        0.09614004580767
C            2.20051000891782       -0.27038966497733        0.09882674658178
C            3.58899712458962        0.12124301397195        0.08380909623152
C            4.41830179290643       -0.71689046223888        1.06955183287966
C            4.10044635226281       -2.21726336245092        1.00906644739071
N            4.24499219372612       -2.76228063544030       -0.32362363464225
C            3.22655397427645       -3.04252891546575       -1.18299858205961
C            3.78599945853737       -3.51300712111916       -2.33226919314908
N            5.13709869032642       -3.51210776513968       -2.15698905819379
C            5.39197224628160       -3.05385027227682       -0.93545441517820
C            6.10133259038474       -3.94729404167727       -3.13119803345442
H            3.95832253203883        0.00751335552831       -0.94051573065463
H            3.66002336263352        1.17857928502446        0.34768846299903
H            5.47791644820039       -0.54542229529788        0.87299482221242
H            4.20964137756796       -0.38924389509981        2.08865880023741
H            4.76902498788871       -2.75519531360276        1.68545695417620
H            3.06921711420132       -2.38785634383417        1.32505899647033
H            2.19680524971963       -2.88541986616538       -0.92910754827895
H            3.32213948658424       -3.84287094331240       -3.23945130653294
H            6.36872954705299       -2.94547028848565       -0.50442846941842
H            5.96573120582547       -3.39658668056624       -4.06247498723835
H            7.10933078981160       -3.77858774141902       -2.75929893837658
H            5.97144709849558       -5.01039134776491       -3.33819230780776
23
 energy: -31.604128005593 gnorm: 0.000269214130 xtb: 6.7.1 (edcfbbe)
N            1.12223488045923       -0.66061999368717        0.10655395302256
C            2.19601921234445       -0.27132436559376        0.10567477060509
C            3.58364256603686        0.12311965677709        0.08630891558762
C            4.41879348529092       -0.71491155598052        1.06721367487505
C            4.10198056644154       -2.21548641760659        1.00704273231811
N            4.24649770654625       -2.76094312376072       -0.32546656995625
C            3.22844116646123       -3.03624085227666       -1.18687402470042
C            3.78788882526401       -3.50881596290547       -2.33527357354845
N            5.13860021852218       -3.51451724913255       -2.15732140777469
C            5.39323760323027       -3.05785609755889       -0.93514826481033
C            6.10268230881448       -3.95415255209151       -3.12967392959014
H            3.94934419132295        0.01267043935882       -0.93971920032656
H            3.65317975859828        1.18002075909080        0.35241525140086
H            5.47728096392326       -0.54244955779042        0.86533200228415
H            4.21508916498195       -0.38824929171171        2.08767879544417
H            4.77150125927749       -2.75259067163832        1.68307542793845
H            3.07111166537930       -2.38685661255192        1.32383672904127
H            2.19900116690095       -2.87457239558286       -0.93475283935270
H            3.32415015933006       -3.83598888628721       -3.24351110328996
H            6.36964357650700       -2.95434776177567       -0.50218870592436
H            5.97224402926876       -3.40201846965424       -4.06084230709756
H            7.11071073885738       -3.79118860111197       -2.75531567701083
H            5.96749478624095       -5.01637043652845       -3.33779464913326
23
 energy: -31.604137627060 gnorm: 0.000212470035 xtb: 6.7.1 (edcfbbe)
N            1.11861569354882       -0.66285007906453        0.11683729074304
C            2.19178097182938       -0.27184983246909        0.11258854441342
C            3.57844698436609        0.12560041568084        0.08908257179368
C            4.41940594192902       -0.71324147769798        1.06434961552861
C            4.10324643573010       -2.21397774241703        1.00508087935130
N            4.24783452753099       -2.75984437172890       -0.32723283431971
C            3.23020284969400       -3.03041292687969       -1.19069732073265
C            3.78978179265168       -3.50526487958964       -2.33809734144690
N            5.14008265393331       -3.51686371560871       -2.15759919279377
C            5.39436191091569       -3.06150127847263       -0.93487792853867
C            6.10409189809821       -3.96069441992918       -3.12812580780057
H            3.94055313928477        0.01867667861086       -0.93853810759881
H            3.64643678461012        1.18200921881622        0.35768877734421
H            5.47665921228475       -0.54021804436742        0.85676655912582
H            4.22127580475366       -0.38743081703721        2.08611448959128
H            4.77311989982808       -2.75056360603337        1.68117398187419
H            3.07249325609340       -2.38545350990911        1.32219710693724
H            2.20103468263296       -2.86460603130212       -0.94022722931235
H            3.32627452592676       -3.83019248972693       -3.24723054033642
H            6.37041968008775       -2.96257350363870       -0.50010963200618
H            5.97865910720742       -3.40716745224787       -4.05913970177867
H            7.11208425338738       -3.80324561169802       -2.75135257646690
H            5.96390799367540       -5.02202452328969       -3.33740160356929
23
 energy: -31.604145970123 gnorm: 0.000192430367 xtb: 6.7.1 (edcfbbe)
N            1.11524961821301       -0.66477123540391        0.12709780274870
C            2.18778466487240       -0.27208838098970        0.11958720164599
C            3.57361758000134        0.12789134880395        0.09172873058918
C            4.42017703086411       -0.71155496804173        1.06173488010556
C            4.10410902181309       -2.21228073531643        1.00299382582642
N            4.24887386142940       -2.75874171701589       -0.32904835251828
C            3.23178114130318       -3.02526312438979       -1.19441346544792
C            3.79161172647023       -3.50227866855557       -2.34080720260904
N            5.14150715209421       -3.51916999632474       -2.15784069575131
C            5.39530257152273       -3.06487683268751       -0.93461510205006
C            6.10555024136435       -3.96680920184614       -3.12658453164924
H            3.93166184227968        0.02443521798953       -0.93772034073484
H            3.64052388657735        1.18375352031616        0.36281386216600
H            5.47622914449373       -0.53841026519205        0.84820703522439
H            4.22794257983161       -0.38670545628144        2.08495422322372
H            4.77411534785758       -2.74852754518212        1.67919309961887
H            3.07339663276512       -2.38364935521708        1.32034847756486
H            2.20283939437869       -2.85564885348834       -0.94558658975392
H            3.32846237840703       -3.82525574124046       -3.25083698079241
H            6.37097061325547       -2.96999096158268       -0.49812057181445
H            5.98497939868550       -3.41187531808142       -4.05741452602525
H            7.11343148778478       -3.81460088284647       -2.74734419944422
H            5.96065268373515       -5.02727084742611       -3.33707658012080
23
 energy: -31.604152591730 gnorm: 0.000178735721 xtb: 6.7.1 (edcfbbe)
N            1.11225443751205       -0.66598262253733        0.13661009845834
C            2.18422374461876       -0.27179486176858        0.12609618319054
C            3.56943790989870        0.13002538106695        0.09414598708581
C            4.42077994422169       -0.71015537254345        1.05930526463426
C            4.10480130700583       -2.21091170035205        1.00109604932793
N            4.24974725344866       -2.75772165111459       -0.33076887907377
C            3.23314667704215       -3.02100857737439       -1.19770451324957
C            3.79321318722657       -3.49979337372975       -2.34323384830949
N            5.14276935274898       -3.52119784338160       -2.15808848798359
C            5.39611241826702       -3.06757474545091       -0.93452596495656
C            6.10688058610109       -3.97220877555300       -3.12521127506774
H            3.92401507495026        0.02897883152943       -0.93668211143909
H            3.63591533355674        1.18546636241390        0.36704398160802
H            5.47577377380636       -0.53663529066457        0.84095482224425
H            4.23324707098018       -0.38600039750166        2.08353916473170
H            4.77495853241175       -2.74688898270006        1.67734765445856
H            3.07411759043896       -2.38228916570875        1.31862744997116
H            2.20438065044271       -2.84825986460473       -0.95028843341257
H            3.33044406545021       -3.82128531404557       -3.25398087817469
H            6.37142775449799       -2.97594200418427       -0.49653661886527
H            5.99061316361293       -3.41604239921344       -4.05585331625400
H            7.11462883891197       -3.82459134001180       -2.74381074418858
H            5.95788133284817       -5.03187629256971       -3.33683158473361
23
 energy: -31.604157858345 gnorm: 0.000183920836 xtb: 6.7.1 (edcfbbe)
N            1.10972894944902       -0.66650553017908        0.14533696491325
C            2.18125919427344       -0.27119644074696        0.13183611578728
C            3.56604776687863        0.13167938085558        0.09596505659280
C            4.42105170742791       -0.70893970210349        1.05753283758873
C            4.10544339036123       -2.20973481903150        0.99944939180029
N            4.25048730336888       -2.75675142849332       -0.33232371449121
C            3.23430166846086       -3.01732522466429       -1.20060533187021
C            3.79460573640193       -3.49795601319018       -2.34526802757734
N            5.14383818741964       -3.52285856742766       -2.15838641544903
C            5.39678170196720       -3.06972450946232       -0.93456418922768
C            6.10803054724104       -3.97672159661796       -3.12409011698208
H            3.91724203407253        0.03219769913296       -0.93619054968392
H            3.63256408337265        1.18683714661309        0.36992564244771
H            5.47518068064382       -0.53517143030385        0.83537939757933
H            4.23730086527320       -0.38559089085636        2.08271518074062
H            4.77575093431369       -2.74551820599207        1.67569127219664
H            3.07482059257298       -2.38114767451945        1.31714050486910
H            2.20567837582162       -2.84192054322943       -0.95442845794824
H            3.33220852134019       -3.81840484173397       -3.25656359558417
H            6.37175453982904       -2.98063797074829       -0.49531731782150
H            5.99552807423689       -3.41955528755898       -4.05459369050923
H            7.11560601494705       -3.83304962461252       -2.74074590973492
H            5.95555913032631       -5.03569392512993       -3.33664504763411
23
 energy: -31.604162402965 gnorm: 0.000156275144 xtb: 6.7.1 (edcfbbe)
N            1.10738090608818       -0.66660161309075        0.15365259754147
C            2.17855248802407       -0.27045569578719        0.13716173170360
C            3.56307666149919        0.13298339142603        0.09742072160590
C            4.42121079483139       -0.70784266512705        1.05599155754708
C            4.10601771263260       -2.20872323426660        0.99798151039196
N            4.25119881559412       -2.75575075304925       -0.33375917889808
C            3.23539035077638       -3.01408634643607       -1.20314169645236
C            3.79583978049317       -3.49611744280287       -2.34714066829859
N            5.14481549273867       -3.52429743835923       -2.15867543252079
C            5.39743002094759       -3.07152424322128       -0.93465126063495
C            6.10905811923462       -3.98078172254756       -3.12309399865337
H            3.91126801041232        0.03410874861786       -0.93577296852682
H            3.63008670627269        1.18802609540498        0.37173749343082
H            5.47464749281872       -0.53346289709143        0.83104239095889
H            4.24007815489113       -0.38517426875786        2.08181203918080
H            4.77664570047167       -2.74429962443145        1.67405155268437
H            3.07549052899228       -2.38049871829584        1.31585399922541
H            2.20691528881776       -2.83641860694983       -0.95801620665540
H            3.33372696393198       -3.81563269446860       -3.25893465910862
H            6.37210427649050       -2.98463507043744       -0.49428483632929
H            6.00002954789554       -3.42262714741370       -4.05342896170048
H            7.11647834629327       -3.84077337116776       -2.73796260475804
H            5.95332783985189       -5.03910468174707       -3.33659312173137
