23
 energy: -31.927163292116 gnorm: 0.051169846310 xtb: 6.7.1 (edcfbbe)
O            1.56103000000000       -0.14288000000000        0.00297000000000
C            0.79634000000000       -1.00215000000000       -0.82676000000000
C            1.01744000000000       -0.60324000000000       -2.26338000000000
C            1.05302000000000        0.74308000000000       -2.63422000000000
C            1.26424000000000        1.09360000000000       -3.96116000000000
N            1.41865000000000        0.14033000000000       -4.90899000000000
C            1.36611000000000       -1.17078000000000       -4.58108000000000
C            1.16209000000000       -1.56615000000000       -3.26212000000000
C            1.66514000000000        0.54493000000000       -6.31176000000000
C            0.38606000000000        1.01056000000000       -6.93851000000000
C            0.17811000000000        2.24525000000000       -7.41739000000000
H            1.42562000000000       -0.43738000000000        0.92158000000000
H            1.12438000000000       -2.03134000000000       -0.64930000000000
H           -0.26360000000000       -0.90795000000000       -0.57071000000000
H            0.93600000000000        1.52207000000000       -1.88154000000000
H            1.30917000000000        2.13220000000000       -4.27689000000000
H            1.49001000000000       -1.89820000000000       -5.37838000000000
H            1.12932000000000       -2.62685000000000       -3.01915000000000
H            2.43652000000000        1.32349000000000       -6.29256000000000
H            2.06874000000000       -0.31244000000000       -6.86038000000000
H           -0.41862000000000        0.28184000000000       -7.02283000000000
H           -0.77407000000000        2.51135000000000       -7.87367000000000
H            0.93615000000000        3.02404000000000       -7.39021000000000
23
 energy: -31.930384508029 gnorm: 0.019680061505 xtb: 6.7.1 (edcfbbe)
O            1.54935730076630       -0.12039963782018       -0.01086246028902
C            0.80545674448083       -1.00132121071436       -0.83210064834122
C            1.00217492090577       -0.60855443368846       -2.26761389816308
C            1.05372318249344        0.73598269674367       -2.63776550466539
C            1.26811354684661        1.07867544943509       -3.95579119553802
N            1.42885930298735        0.13644573109502       -4.89898226699502
C            1.36416674620733       -1.16346824221732       -4.57554700769965
C            1.15324781297439       -1.56380499945980       -3.27138017983593
C            1.65740033720126        0.54823261084793       -6.29395678822846
C            0.38062002864535        1.01762772927148       -6.92535705486086
C            0.18289246362607        2.23557728839935       -7.40141937387794
H            1.43423021645700       -0.39552201894524        0.90910488423841
H            1.12538209066084       -2.03856675383621       -0.67634882107849
H           -0.26532930518441       -0.92158262113885       -0.59727634036088
H            0.94997457768168        1.50848096703205       -1.88814781893121
H            1.31193915633102        2.11081780536253       -4.27454296063923
H            1.49260788236760       -1.88364206360807       -5.37140207760282
H            1.12663943986531       -2.61882069885890       -3.03742020438374
H            2.41201581241246        1.33994507687284       -6.29735376630949
H            2.05508236384788       -0.30949561354899       -6.84346909335103
H           -0.40991758620180        0.28167618374643       -7.00188969576677
H           -0.75158164182132        2.50163349944648       -7.86955539653310
H            0.94079460644904        3.00346325558352       -7.37736233078704
23
 energy: -31.931050255893 gnorm: 0.008804185199 xtb: 6.7.1 (edcfbbe)
O            1.52831746367755       -0.09879303888393       -0.02736034110879
C            0.81020985428123       -1.00116853695952       -0.83755275581139
C            1.00271648291970       -0.61409215846432       -2.27074113256260
C            1.06211279985468        0.73152341002999       -2.63918945081652
C            1.27213669355477        1.07120293827205       -3.95400437230931
N            1.43361284692404        0.13509763383064       -4.89713550183538
C            1.36042277145099       -1.16003183847582       -4.57724102210760
C            1.14887939279484       -1.56535169820495       -3.27994068398784
C            1.65545392049604        0.54891801202833       -6.28295479618172
C            0.37387829314699        1.01552575697132       -6.91538372189197
C            0.18710238762022        2.22778218234263       -7.39574131878452
H            1.42910480440388       -0.35400668986368        0.89660686679420
H            1.13652523025847       -2.03727869295185       -0.68328545062050
H           -0.26969154727486       -0.94352968158657       -0.61745129563738
H            0.96403316123061        1.49803595488264       -1.88803787736926
H            1.32175223420723        2.10109387798545       -4.27295066253299
H            1.49462336429328       -1.87681671393588       -5.37300982787952
H            1.11506228308505       -2.61849071892688       -3.05340500555958
H            2.39657656517107        1.35180259667733       -6.29755739936520
H            2.05132843729909       -0.30645645549565       -6.83575713451183
H           -0.40976326189619        0.27335544664530       -6.97506670836687
H           -0.74202930619667        2.50378894380438       -7.85905343682690
H            0.94548512869798        2.99126947027901       -7.36022697072653
23
 energy: -31.931294106775 gnorm: 0.005812927871 xtb: 6.7.1 (edcfbbe)
O            1.50321069761598       -0.07764812957049       -0.03849079560318
C            0.81317848274068       -1.00202659717771       -0.84096845201604
C            1.00337580360465       -0.61992486774110       -2.27406490993468
C            1.07110584834069        0.72731581316176       -2.63919847370378
C            1.28222585712378        1.06804991846116       -3.95231229715523
N            1.44077222084621        0.13448109821064       -4.89815260510828
C            1.35929460373900       -1.16047487468878       -4.58144291436373
C            1.14276315590739       -1.56948955537779       -3.28665671821330
C            1.65623622394110        0.55042784943511       -6.27810775545200
C            0.36533126096845        1.01410563879976       -6.90220822000447
C            0.18266007070409        2.22737552878917       -7.38076660210970
H            1.41516943776429       -0.31885067210411        0.88954468545683
H            1.15691219714773       -2.03194813708037       -0.67912588727156
H           -0.27264957430694       -0.97062321478190       -0.63063606103865
H            0.97849904079235        1.48944419891718       -1.88370409127246
H            1.33486939201558        2.09826346814669       -4.26992359062329
H            1.49197897707665       -1.87591860340482       -5.37885769019935
H            1.10114898361821       -2.62292205091115       -3.06434898736349
H            2.38860458099373        1.36052016902626       -6.29728102994946
H            2.05265898607142       -0.29958335033967       -6.83840539341713
H           -0.41278209749448        0.26605031079995       -6.95474765300253
H           -0.73934905124755        2.50672042774493       -7.85619048686778
H            0.95263490203700        2.98003563168533       -7.36039407078673
23
 energy: -31.931528741376 gnorm: 0.007468585510 xtb: 6.7.1 (edcfbbe)
O            1.45887669666028       -0.04370252347358       -0.04905757627958
C            0.81725872419993       -1.00340326028529       -0.84505174570747
C            1.00638332719863       -0.62767531303180       -2.27907617952827
C            1.08675300579260        0.72155971012176       -2.63906556023834
C            1.30006158071551        1.06572209592687       -3.95044004717830
N            1.45050028445647        0.13398274367210       -4.90124059653414
C            1.35609027374509       -1.16240818929709       -4.58863725833782
C            1.13300642907413       -1.57565359301268       -3.29541871976529
C            1.65926905351919        0.55228706480206       -6.27568779213459
C            0.35835814459460        1.00880620261553       -6.89482138345829
C            0.18137129817262        2.22126671415484       -7.38012857878876
H            1.38356524925292       -0.27103720673946        0.88332981775101
H            1.19744344198196       -2.01994399992398       -0.66798175341494
H           -0.27533446553062       -1.01778086858311       -0.64811666210752
H            1.00239895554584        1.47810741027310       -1.87633434287891
H            1.35963220527508        2.09725209535770       -4.26481922439487
H            1.48320902748303       -1.87666423886454       -5.38896660655151
H            1.07822546043534       -2.63021114372923       -3.07793425358525
H            2.38239792003596        1.36988687783463       -6.29898839122514
H            2.05850659886665       -0.29070172039140       -6.84444487855899
H           -0.41966668505239        0.25902183131668       -6.92436273189498
H           -0.74738475349683        2.51577327720562       -7.83388980026480
H            0.95692822707402        2.96889603405130       -7.35530573492322
23
 energy: -31.931737664718 gnorm: 0.008431435493 xtb: 6.7.1 (edcfbbe)
O            1.41532225310228       -0.01679744619409       -0.04865639400243
C            0.82048902677479       -1.00469203311994       -0.84742035802296
C            1.01389288941330       -0.63206711908291       -2.28211929895922
C            1.10503024537136        0.71764188951947       -2.63858532520890
C            1.31863917463048        1.06487745682582       -3.94933305794215
N            1.45745108602625        0.13301095061797       -4.90404872716009
C            1.35142816188184       -1.16488231569182       -4.59419328866368
C            1.12710855307085       -1.57945264821122       -3.30041855531987
C            1.66156993736595        0.55411427426844       -6.27784277900146
C            0.35309955695387        1.00801040515095       -6.88673230720036
C            0.17366486633983        2.22044016944173       -7.37294660217433
H            1.34392339721997       -0.24383403872098        0.88366500942792
H            1.23854934766971       -2.00584051644904       -0.65623059961142
H           -0.27394268499000       -1.06093618190778       -0.66123566088624
H            1.02656271554783        1.47118119610890       -1.87107659183206
H            1.38698647495282        2.09748420526735       -4.26036446357844
H            1.46974796100673       -1.87850693437210       -5.39718836359008
H            1.05984993978574       -2.63481005720340       -3.08559559190251
H            2.38112691129157        1.37458172215891       -6.30125925450894
H            2.06304765031266       -0.28383161373400       -6.85304035023874
H           -0.42543486077408        0.25855945615230       -6.90533823979388
H           -0.75663778097927        2.51706765064755       -7.82429069306249
H            0.95637517802558        2.96206152852792       -7.36218850676763
23
 energy: -31.932068323828 gnorm: 0.010581337677 xtb: 6.7.1 (edcfbbe)
O            1.33319682307279        0.02436895417578       -0.03909956594787
C            0.82623812307473       -1.00707037681924       -0.85108367928518
C            1.02993131206821       -0.63541044709301       -2.28540584904517
C            1.14297140276553        0.71367021038134       -2.63718240065052
C            1.35544012330594        1.06452692478374       -3.94761775138039
N            1.46903663537590        0.13170684182954       -4.90755728628970
C            1.34171024865944       -1.16734766410415       -4.60168959431448
C            1.11785287654252       -1.58208809803891       -3.30652280074306
C            1.66470288488774        0.55711743422687       -6.28416816775977
C            0.34801991740613        1.00773668905409       -6.87675736455222
C            0.15914572757715        2.21760480907380       -7.36801218535269
H            1.26116139049554       -0.21423312115849        0.88970257433311
H            1.31288626683884       -1.97678824149862       -0.63849751173717
H           -0.26559860241699       -1.13845007745313       -0.68499338759767
H            1.07683649839112        1.46399201271040       -1.86382880382024
H            1.44094159519837        2.09789088702170       -4.25349597291079
H            1.43877875551707       -1.87965151565203       -5.40961221943601
H            1.03061200042778       -2.63783058829783       -3.09515640568241
H            2.38225589371782        1.37930125999600       -6.30674334649559
H            2.06846193023362       -0.27582816819542       -6.86550586602235
H           -0.43372783098391        0.26154314819785       -6.87773383213232
H           -0.77860212056340        2.51254369511270       -7.80706513416726
H            0.94559814840812        2.95607543174703       -7.37841344901024
23
 energy: -31.932358190996 gnorm: 0.008738726806 xtb: 6.7.1 (edcfbbe)
O            1.27866097527018        0.03652890639599       -0.02665288248230
C            0.82819978275756       -1.00823895090288       -0.85349317935460
C            1.04346319420118       -0.63231727741839       -2.28527222027765
C            1.17580763674387        0.71490063710054       -2.63493016844297
C            1.38505978650749        1.06630316851427       -3.94624523134227
N            1.47731912831727        0.13271523516716       -4.90822097352520
C            1.33506834638753       -1.16558038445085       -4.60418163169413
C            1.11301231711311       -1.57864568131621       -3.30791820519822
C            1.66626385365446        0.55985761724948       -6.29005845462153
C            0.34730010117929        1.00765023558396       -6.87184175636280
C            0.14563700451291        2.21358782480393       -7.36848999832228
H            1.19350119159665       -0.21602113438166        0.89776887630799
H            1.35317688376204       -1.95359082948771       -0.63125589726908
H           -0.25352835283682       -1.18424528617303       -0.70090809867017
H            1.12016789958080        1.46493336850597       -1.86002328959179
H            1.48392086189618        2.09902791289757       -4.24947079015574
H            1.41430469115748       -1.87668743113204       -5.41520609068831
H            1.01335657101482       -2.63361354179971       -3.09775945623892
H            2.38543199134340        1.38112318662997       -6.31225653950928
H            2.07020657821376       -0.27317730211005       -6.87108668192937
H           -0.43668507588261        0.26398926845511       -6.86450127060535
H           -0.79895062619399        2.49833740722615       -7.79962108612630
H            0.92715525970354        2.95654305064245       -7.39481497389970
23
 energy: -31.932639987117 gnorm: 0.011171348791 xtb: 6.7.1 (edcfbbe)
O            1.19750234026889        0.06041933966968       -0.01673694599367
C            0.83476715718963       -1.01251664120682       -0.85779854559601
C            1.05826807448980       -0.62802460231812       -2.28463602585027
C            1.22046193626221        0.71707477102535       -2.63067482901728
C            1.42685127723160        1.06725417981578       -3.94242015662160
N            1.49006960357362        0.13583837841208       -4.90712610800813
C            1.32483648869057       -1.15941314194783       -4.60659981293249
C            1.10486332686308       -1.57221918757364       -3.31143632725457
C            1.66608884063932        0.56317544049739       -6.29255669524617
C            0.34328731999274        1.00596446903158       -6.86249522518998
C            0.13094244579298        2.20505770380385       -7.36967759571677
H            1.09863210786832       -0.20164834531503        0.90476018894594
H            1.41723051986862       -1.92360623614254       -0.62874472425257
H           -0.23919500092531       -1.26464197401300       -0.73426174693580
H            1.18815358847632        1.46549592596517       -1.85300828449454
H            1.54633770440001        2.09811326606206       -4.24283467175497
H            1.38072438192589       -1.86787837059809       -5.42141271451704
H            0.98508592478162       -2.62530052154154       -3.10497764829892
H            2.38418760271569        1.38563593879180       -6.32144983504247
H            2.06648781508054       -0.27171947576114       -6.87299940035946
H           -0.44126943593410        0.26261533529372       -6.83992989673736
H           -0.82155759970137        2.47974768307183       -7.78798772316221
H            0.90509358044945        2.95395606497744       -7.41143527596364
23
 energy: -31.932813765502 gnorm: 0.010723767127 xtb: 6.7.1 (edcfbbe)
O            1.15267964020845        0.04445917233911       -0.01041093722797
C            0.83720663611452       -1.01694760115856       -0.86056456845060
C            1.06653865554333       -0.61564260149493       -2.27973470408087
C            1.25903629153870        0.72550339240903       -2.62370388086841
C            1.46276300414308        1.07105228041547       -3.93685715457342
N            1.50080446618409        0.14455301879469       -4.90151187890278
C            1.31783921386555       -1.14507019343941       -4.60290676365332
C            1.09937063986390       -1.55684543229510       -3.31042176808837
C            1.66439789782118        0.56737542163190       -6.29156778034354
C            0.34294609183246        1.00243497863048       -6.85814677344638
C            0.11719613111034        2.19244244902390       -7.37733735298940
H            1.01913458838869       -0.21897156080241        0.90900326104042
H            1.43872348108364       -1.90214867340134       -0.64009724699001
H           -0.21832511668749       -1.30795197495050       -0.76035199182546
H            1.25004831547551        1.47469237842699       -1.84822414201424
H            1.60019597774057        2.09823717202870       -4.23695950309800
H            1.35640981867386       -1.85044156572855       -5.41880376364511
H            0.96652158130406       -2.60620532135877       -3.10538370379215
H            2.38322837297540        1.38952754497667       -6.33175355283680
H            2.05820436128582       -0.27579310943468       -6.86406883960244
H           -0.43827968516954        0.25547077911532       -6.83042291934032
H           -0.84224173658456        2.44690133799688       -7.78836300568653
H            0.87345137328859        2.95674810827502       -7.42785102958431
23
 energy: -31.933007274603 gnorm: 0.008497503006 xtb: 6.7.1 (edcfbbe)
O            1.08715771393312        0.06563976597747       -0.00826207419886
C            0.84311751820837       -1.02082990280948       -0.86412114044507
C            1.07759226242413       -0.61481304962005       -2.28083166981254
C            1.29302064323381        0.72499226479388       -2.61948070082217
C            1.49772098003149        1.07230167334524       -3.93222027099702
N            1.51250561707067        0.14910289551172       -4.90219183294817
C            1.30815554565016       -1.14012192882620       -4.60796341583960
C            1.08941127350151       -1.55370099384824       -3.31629017420490
C            1.66632454288452        0.57137650199366       -6.29149475231890
C            0.33621691712342        0.99881822146354       -6.84901850559270
C            0.10460793908420        2.18507677324842       -7.37472577878905
H            0.94507651645381       -0.19667863532478        0.90933187686533
H            1.49534515255369       -1.87951749928186       -0.63153284599112
H           -0.20606680618015       -1.37202251722755       -0.78443065766269
H            1.29816722388425        1.47028033829408       -1.84022339521184
H            1.65273365078696        2.09925804959708       -4.22810255330821
H            1.33015692463390       -1.84374185858663       -5.42711422753064
H            0.93731548884124       -2.60220402631322       -3.11461962766421
H            2.38011802277899        1.39707367106389       -6.33889254460385
H            2.05917052946684       -0.27010281297771       -6.86760431752733
H           -0.44227556013165        0.24874085191156       -6.80680087365650
H           -0.85874793284799        2.43509158949353       -7.78010780142189
H            0.86102583661491        2.94936062812153       -7.43974271631806
23
 energy: -31.933081635389 gnorm: 0.003732248151 xtb: 6.7.1 (edcfbbe)
O            1.08942645426524        0.06513253896300       -0.01352205466186
C            0.84293671991876       -1.02083737387266       -0.86382119182941
C            1.07642031224641       -0.61664350008624       -2.28193106027368
C            1.29064729032238        0.72271606820174       -2.61876114753628
C            1.49860063641507        1.07244190309982       -3.93082492263881
N            1.51349083248563        0.15098081313546       -4.90303409920179
C            1.30736354323718       -1.13943694141564       -4.60987272823560
C            1.08737060977013       -1.55446290969754       -3.31809159853967
C            1.66844709631116        0.57309173475459       -6.28984242850166
C            0.33466216341906        0.99646704952320       -6.84904765620089
C            0.10325808246946        2.18360083613550       -7.37323416476211
H            0.94827702116861       -0.19315943585367        0.90369104169684
H            1.49320512361504       -1.88026657893561       -0.62678439450436
H           -0.20365304102320       -1.36688289025569       -0.78053958688874
H            1.29472248100000        1.46627997581079       -1.83805883572218
H            1.65591737675795        2.09998335660632       -4.22477611900652
H            1.32932861283752       -1.84285600673418       -5.42950395408435
H            0.93203877745249       -2.60304501137922       -3.11663211653158
H            2.37826721576651        1.40146844597042       -6.33771891130634
H            2.06450678380257       -0.26543012133375       -6.86853096406188
H           -0.44064447525760        0.24343051701384       -6.80613294978737
H           -0.85875898915920        2.43499963471293       -7.78200306469731
H            0.86201937217905        2.94580789563648       -7.43746709272445
23
 energy: -31.933149809263 gnorm: 0.002818781533 xtb: 6.7.1 (edcfbbe)
O            1.05174437103342        0.07035217029475       -0.01516024401287
C            0.84639584136975       -1.02238729857802       -0.86514637577700
C            1.08421462675002       -0.61567517239364       -2.28252119621029
C            1.31476923461916        0.72139005791900       -2.61436568826257
C            1.52412214238590        1.07372236915696       -3.92616559263216
N            1.52156073589386        0.15674104306945       -4.90318102674250
C            1.30007911893878       -1.13331203434158       -4.61339299962764
C            1.07976111380457       -1.55023907457041       -3.32225387978769
C            1.67089938404007        0.57797945590767       -6.28838598438582
C            0.33016886491277        0.99056206214117       -6.84587858284165
C            0.09211452323216        2.17524594842096       -7.37293396680668
H            0.89845851816643       -0.18628371611850        0.89990650257290
H            1.51735698869522       -1.86365982105265       -0.62006285564438
H           -0.18901809015794       -1.40004945330855       -0.79160208263867
H            1.32933463940196        1.46195549153742       -1.83072958187425
H            1.69628981663833        2.10056774224826       -4.21557847137004
H            1.30817283265911       -1.83450874619799       -5.43576637728167
H            0.90937634168410       -2.59711569324853       -3.12271614010814
H            2.37282439812133        1.41214827829359       -6.34094162607828
H            2.07128536727505       -0.25698119784151       -6.86981349253131
H           -0.43890766119256        0.23208853331340       -6.79589447812203
H           -0.87188004003264        2.42170135791154       -7.78166563640509
H            0.84872693176136        2.93913769743708       -7.44219022343215
23
 energy: -31.933189140245 gnorm: 0.002579484854 xtb: 6.7.1 (edcfbbe)
O            1.01783913572904        0.07466152999253       -0.01724523602822
C            0.84875710410671       -1.02353607992680       -0.86608770661324
C            1.08999859020007       -0.61443583062130       -2.28247642536511
C            1.33743955299313        0.72035444006242       -2.61071657905751
C            1.54646957904826        1.07405350706766       -3.92249244507308
N            1.52745189873847        0.16084261685822       -4.90242530155584
C            1.29284653012153       -1.12769622793792       -4.61511027291733
C            1.07268063051609       -1.54580903199905       -3.32471433311900
C            1.67191803011527        0.58231449270193       -6.28744663708989
C            0.32757825658294        0.98548281622575       -6.84454476857018
C            0.08277336939754        2.16776312146819       -7.37372352271687
H            0.85492232711497       -0.18426694012562        0.89593345785298
H            1.53989082467366       -1.84624331979718       -0.61435596504648
H           -0.17549060330520       -1.43085521802481       -0.80055593871836
H            1.36241553664167        1.45915815415497       -1.82539110310210
H            1.73090166696384        2.09932717034547       -4.20864718247418
H            1.28803798403272       -1.82592890790907       -5.43981869719528
H            0.89075583524276       -2.59058208577489       -3.12697694974721
H            2.36703864521157        1.42178024154018       -6.34209258805176
H            2.07733669872739       -0.24976745087455       -6.86957771034768
H           -0.43637829799161        0.22285313970435       -6.79099209297975
H           -0.88284102527699        2.40891152721091       -7.78221113859085
H            0.83550773041639        2.93499833565845       -7.44477086349307
23
 energy: -31.933210862378 gnorm: 0.001742004437 xtb: 6.7.1 (edcfbbe)
O            0.99285359743706        0.07879055599359       -0.01921556287507
C            0.85119093394831       -1.02410182241391       -0.86661216062856
C            1.09476542687042       -0.61458311367089       -2.28240596716660
C            1.35402385111381        0.71826380233424       -2.60831135303961
C            1.56201890795590        1.07319965851504       -3.91990063770638
N            1.53069932210527        0.16298110867623       -4.90164148966167
C            1.28620904110839       -1.12393020435764       -4.61656863482954
C            1.06689462747601       -1.54321102157578       -3.32657857236832
C            1.67256656222065        0.58626962159872       -6.28679754213129
C            0.32655793999943        0.98158172178792       -6.84434118121368
C            0.07608465351742        2.16222720428576       -7.37434677059804
H            0.82383696838807       -0.18222711107593        0.89260660488284
H            1.55734371356888       -1.83111016695362       -0.60850191483289
H           -0.16358466291370       -1.45250506339712       -0.80615464333579
H            1.38662517522671        1.45557114151860       -1.82190468613511
H            1.75543855997084        2.09708132839455       -4.20362684902498
H            1.27147973182989       -1.81903641161840       -5.44335484526211
H            0.87550205657339       -2.58656853067906       -3.13103615422405
H            2.36214657410904        1.43026417203588       -6.34038534187979
H            2.08368509845852       -0.24302542427156       -6.86879947893077
H           -0.43353920001126        0.21539757533990       -6.79058315511891
H           -0.89020288865801        2.39903711214715       -7.78332915972569
H            0.82525400970519        2.93301386738613       -7.44465050419401
23
 energy: -31.933222311878 gnorm: 0.001407354540 xtb: 6.7.1 (edcfbbe)
O            0.96509603394062        0.08499860692933       -0.02413756235809
C            0.85395850884803       -1.02505561188598       -0.86707095276517
C            1.09758562616763       -0.61584447360858       -2.28258381827476
C            1.37043054400437        0.71511317994769       -2.60583684425276
C            1.57846551811340        1.07188262784101       -3.91678300889634
N            1.53384167780661        0.16489868388814       -4.90048783305448
C            1.27662502780372       -1.12003981481801       -4.61861758324558
C            1.05731486743071       -1.54111208450052       -3.32911824544167
C            1.67432447578141        0.59137704006963       -6.28580705329176
C            0.32693854288883        0.97703289585632       -6.84447985316977
C            0.06917657735813        2.15603022031507       -7.37464140498735
H            0.79350670206789       -0.17670355618385        0.88685396803025
H            1.58090730480950       -1.81180863859508       -0.60040801529918
H           -0.14968107091683       -1.47918501441521       -0.80940400160335
H            1.41212876521057        1.45005753032764       -1.81768690166306
H            1.78185056058035        2.09438240280755       -4.19785038896642
H            1.25058153486706       -1.81131367423011       -5.44804901584733
H            0.85643986678469       -2.58302364983002       -3.13675070827574
H            2.35751307556309        1.44077128428027       -6.33591714553315
H            2.09347647265233       -0.23411209920166       -6.86745177083685
H           -0.42855912258460        0.20582742401500       -6.79302028842241
H           -0.89759682896443        2.38723479439513       -7.78488898206138
H            0.81352533978718        2.93197192659603       -7.44230258978366
23
 energy: -31.933221042880 gnorm: 0.002241017161 xtb: 6.7.1 (edcfbbe)
O            0.96864973805628        0.08464242320642       -0.02541679632493
C            0.85526772278348       -1.02478335338139       -0.86638570917660
C            1.09692821934796       -0.61722346963085       -2.28266930403290
C            1.36834052062157        0.71368645515964       -2.60592304893768
C            1.57587164117392        1.07098022707237       -3.91661952050830
N            1.53187343285482        0.16428942808873       -4.90030699636580
C            1.27404691977120       -1.12004253483897       -4.61911381900143
C            1.05520263788627       -1.54168077076885       -3.32949018564482
C            1.67513461532885        0.59215981201364       -6.28550865240677
C            0.32915058672595        0.97598181970321       -6.84701602277129
C            0.06974946619901        2.15588819770017       -7.37420065481609
H            0.79974589084558       -0.17500403661637        0.88645333306968
H            1.57973672369058       -1.80916575777984       -0.59995278568254
H           -0.14668971150014       -1.47695394707946       -0.80481806436664
H            1.40925810193207        1.44781991383100       -1.81747783297713
H            1.77872488113972        2.09335057884328       -4.19758857041999
H            1.24736097334021       -1.81049517237404       -5.44893898419180
H            0.85328713863917       -2.58368124886227       -3.13826301060642
H            2.35722984468957        1.44264403159517       -6.33199785465060
H            2.09786975441409       -0.23192143027747       -6.86647997339608
H           -0.42500972019247        0.20293066439434       -6.80116217775162
H           -0.89618342272122        2.38592494192597       -7.78677998921716
H            0.81230404497375        2.93403322807536       -7.43678337982308
23
 energy: -31.933228217773 gnorm: 0.001005295002 xtb: 6.7.1 (edcfbbe)
O            0.96732495968882        0.08550124798227       -0.02500987166312
C            0.85579781478016       -1.02525861305813       -0.86644575001790
C            1.09653027081072       -0.61709825962401       -2.28277106602544
C            1.36774959020370        0.71400614071165       -2.60589875676143
C            1.57567714544211        1.07128037983891       -3.91655706638228
N            1.53189617293194        0.16442608973387       -4.90045262390989
C            1.27362220298293       -1.12000405656211       -4.61933639613238
C            1.05461872526697       -1.54163503923704       -3.32971690574773
C            1.67552885628923        0.59184209610984       -6.28556591298565
C            0.32948914075959        0.97608107109180       -6.84709717280303
C            0.06991331220980        2.15618598433285       -7.37387824741648
H            0.79958101316946       -0.17352699674577        0.88723844336434
H            1.58263144862937       -1.80901267120149       -0.60055306587735
H           -0.14635358278567       -1.47925446513310       -0.80469389004759
H            1.40895023485154        1.44792477185721       -1.81715122571226
H            1.77889463449061        2.09387520381690       -4.19749231632469
H            1.24697335856844       -1.81082007676898       -5.44908377197134
H            0.85192303743766       -2.58379652997570       -3.13854116044256
H            2.35816450045036        1.44186711202574       -6.33249616288401
H            2.09766320134538       -0.23259125424125       -6.86647058297004
H           -0.42470403786545        0.20296614509293       -6.80141038335411
H           -0.89625510900433        2.38589049982743       -7.78634858181929
H            0.81223310934691        2.93453122012596       -7.43670753211580
23
 energy: -31.933232084542 gnorm: 0.001110435477 xtb: 6.7.1 (edcfbbe)
O            0.96728550881354        0.08658739131632       -0.02587436133471
C            0.85636507149095       -1.02587178747101       -0.86606420168356
C            1.09275271012945       -0.61669655139766       -2.28302402569470
C            1.36400437033255        0.71490824799147       -2.60607103791667
C            1.57323844197106        1.07197127721833       -3.91657386651142
N            1.53090190432821        0.16470571173295       -4.90054204055989
C            1.27134975918165       -1.11974554510596       -4.61939602518279
C            1.05086555927512       -1.54128553945454       -3.32994969789962
C            1.67682167595222        0.59101298455379       -6.28537808543653
C            0.33139748469976        0.97560123829358       -6.84905160011346
C            0.07126497957748        2.15687706786093       -7.37305848450041
H            0.80620622112181       -0.17269195640155        0.88741874242613
H            1.58929220247968       -1.80758536131487       -0.60223474930136
H           -0.14550603269710       -1.48370977188794       -0.80100326769741
H            1.40541942656690        1.44857311327944       -1.81688318003637
H            1.77652767438291        2.09475500909916       -4.19763649535773
H            1.24574059891433       -1.81126624573287       -5.44869376762695
H            0.84944967345947       -2.58323592957127       -3.13839866479935
H            2.36010680017063        1.44059818213403       -6.33244361628342
H            2.09892943228693       -0.23406645949924       -6.86540673513246
H           -0.42199965810939        0.20152416874662       -6.80663622062632
H           -0.89477980447005        2.38579086590889       -7.78661871238312
H            0.81221600014216        2.93662988970121       -7.43291990634789
23
 energy: -31.933235212530 gnorm: 0.000758058397 xtb: 6.7.1 (edcfbbe)
O            0.96788903259699        0.08676103685927       -0.02484125991358
C            0.85770878333067       -1.02578808403439       -0.86570870720960
C            1.09261081926091       -0.61666834955381       -2.28295447679365
C            1.36259940938208        0.71498214057384       -2.60618927317486
C            1.57141675617969        1.07199792239553       -3.91670400196962
N            1.52967420762510        0.16459613948426       -4.90058970600761
C            1.27003769394262       -1.11968485953677       -4.61946510287652
C            1.04995391279548       -1.54118402774570       -3.32992426671809
C            1.67715099364332        0.59077412746975       -6.28541809444866
C            0.33246856389025        0.97500097410579       -6.85093074207463
C            0.07187907784213        2.15719740683004       -7.37261834325451
H            0.80935416478230       -0.17294041732030        0.88888507729062
H            1.59104528911641       -1.80632004977179       -0.60300668215549
H           -0.14343745692752       -1.48422277038477       -0.79960267650242
H            1.40336225698235        1.44863277271915       -1.81707406048664
H            1.77438815911028        2.09475303717759       -4.19779831596932
H            1.24402334837248       -1.81125546508237       -5.44886280342093
H            0.84695132724247       -2.58325790935154       -3.13864195763871
H            2.36031671797674        1.44054208213926       -6.33157887573566
H            2.10031755769874       -0.23433510195223       -6.86463503085355
H           -0.42008851078057        0.19992238208082       -6.81202283811227
H           -0.89361658039593        2.38570013042762       -7.78758174775863
H            0.81184447633325        2.93817688247054       -7.42917611421566
