34
 energy: -51.429164029108 gnorm: 0.081910114827 xtb: 6.7.1 (edcfbbe)
O            0.32146000000000       -0.11394000000000        1.96201000000000
C            1.43971000000000       -0.07745000000000        1.45254000000000
C            2.46251000000000        0.85886000000000        1.98999000000000
C            3.47333000000000        1.39736000000000        1.18535000000000
C            4.43972000000000        2.23172000000000        1.75187000000000
C            4.39500000000000        2.53246000000000        3.11321000000000
C            3.37729000000000        2.01359000000000        3.91173000000000
C            2.40777000000000        1.18226000000000        3.35153000000000
C            1.82928000000000       -1.02691000000000        0.33048000000000
N            3.02921000000000       -1.81564000000000        0.65777000000000
C            4.12921000000000       -1.87456000000000       -0.10510000000000
N            5.04745000000000       -2.62314000000000        0.51942000000000
C            4.51890000000000       -3.10619000000000        1.71217000000000
C            3.20884000000000       -2.61567000000000        1.78758000000000
C            2.36354000000000       -2.92335000000000        2.85169000000000
C            2.90777000000000       -3.73798000000000        3.85435000000000
C            4.22939000000000       -4.21940000000000        3.78390000000000
C            5.06843000000000       -3.91498000000000        2.70332000000000
C            6.38877000000000       -2.87648000000000        0.01192000000000
H            3.51768000000000        1.21156000000000        0.11782000000000
H            5.22322000000000        2.66566000000000        1.13379000000000
H            5.14471000000000        3.18857000000000        3.55183000000000
H            3.33461000000000        2.26389000000000        4.96997000000000
H            1.61399000000000        0.78840000000000        3.98458000000000
H            1.00980000000000       -1.73408000000000        0.15926000000000
H            1.98554000000000       -0.46484000000000       -0.59509000000000
H            4.26393000000000       -1.38160000000000       -1.06072000000000
H            1.34576000000000       -2.55476000000000        2.91064000000000
H            2.29200000000000       -4.00485000000000        4.71456000000000
H            4.60668000000000       -4.84724000000000        4.59221000000000
H            6.08383000000000       -4.28594000000000        2.64438000000000
H            6.44632000000000       -2.58685000000000       -1.04091000000000
H            7.10364000000000       -2.28608000000000        0.59108000000000
H            6.62168000000000       -3.94083000000000        0.10055000000000
34
 energy: -51.435402654281 gnorm: 0.034059914027 xtb: 6.7.1 (edcfbbe)
O            0.33475838128152       -0.13217233302321        1.95733068135552
C            1.44495079784640       -0.08785594765803        1.47768248669019
C            2.47960415566451        0.83560776087913        1.99568098139589
C            3.48983532763571        1.37455863289977        1.19616021057163
C            4.43228929079718        2.22554903307350        1.75286300780848
C            4.38571213470483        2.53079159227671        3.10607715703614
C            3.37360823836812        2.01310274945821        3.90089399903874
C            2.41645893248910        1.17966058429469        3.34758815991879
C            1.82646978215676       -1.03817121337444        0.34013208529819
N            3.02173819609653       -1.80648466521658        0.65931405691398
C            4.13251426568572       -1.86123625199999       -0.07724252935656
N            5.05113185371184       -2.62022380949247        0.51896165028230
C            4.51942687963294       -3.09732999424426        1.70407804791389
C            3.21011840159535       -2.59041917836089        1.78838395693396
C            2.37519664086549       -2.90459354897862        2.85365859218220
C            2.91287053142197       -3.72309253169214        3.83536499458659
C            4.22388682213849       -4.20584653396959        3.76370863096220
C            5.05554529138556       -3.90949713385559        2.69577087466398
C            6.38374175985244       -2.87794990142760        0.01744527427047
H            3.52072797529987        1.19273316675527        0.13088742338341
H            5.20666411873134        2.65751446866643        1.13364162823193
H            5.13280987341118        3.18150289173844        3.54001342419478
H            3.32946627400996        2.26173673935252        4.95204562312274
H            1.62229876501406        0.78393151363328        3.96585888426745
H            0.99275063393449       -1.72946926281348        0.17174050591210
H            1.99866396684470       -0.47217031188309       -0.57854598061179
H            4.26685515256584       -1.37288688994967       -1.02545523282486
H            1.36035286186741       -2.54460463913163        2.91511633919627
H            2.30151941023797       -3.99610539927104        4.68506110072122
H            4.59596151140962       -4.83149139814188        4.56415814063431
H            6.06451502602676       -4.28629926766471        2.64323505104948
H            6.44340897466221       -2.58474247944227       -1.02932235256730
H            7.11055970175001       -2.30322395916679        0.59368888740434
H            6.61455807090409       -3.93925248227000        0.10370423941932
34
 energy: -51.436709559817 gnorm: 0.008948567553 xtb: 6.7.1 (edcfbbe)
O            0.33745692670269       -0.15640460744716        1.96878363434201
C            1.44083512595985       -0.09263820564080        1.49744264293181
C            2.48780476968677        0.81530236923051        2.00106537950265
C            3.49728301740872        1.35275439598350        1.20107730629144
C            4.43159290762250        2.20944086732473        1.75142810440239
C            4.38378951270415        2.52460645353335        3.10068246865135
C            3.37494535892922        2.00831951291943        3.89745367627146
C            2.42519397884287        1.16946194199052        3.35013408672827
C            1.82971574838585       -1.04379567993867        0.34523136052706
N            3.02084019548886       -1.79520813179550        0.65589083453544
C            4.13745363662239       -1.84776294683360       -0.06373936731308
N            5.05614917462378       -2.61074501121754        0.51739829117532
C            4.52178247070080       -3.08460111005845        1.69723998793934
C            3.21200812265379       -2.57078068441092        1.78338139558255
C            2.38114739252024       -2.88939794243900        2.85041672943933
C            2.91196850994646       -3.70869651809651        3.82476391766566
C            4.21847972896786       -4.19726387101034        3.75156816570881
C            5.04701671571093       -3.90215152591115        2.69032203777112
C            6.38138299015164       -2.87524377628078        0.02273465918616
H            3.52783617350903        1.15351435193776        0.14001210610844
H            5.19608075420991        2.64387793054128        1.12650558273185
H            5.12162605548883        3.18640750992515        3.52579339803200
H            3.32273883105163        2.26920539401248        4.94213726570630
H            1.62589959654698        0.77424182460138        3.95667471069022
H            0.98933568083086       -1.72803001059327        0.18619924419276
H            1.99806586321361       -0.47347465039254       -0.57039234819723
H            4.27386058390508       -1.35680396123113       -1.00747930800172
H            1.37164760207562       -2.52129245138585        2.91669813943526
H            2.30157441131949       -3.98314810842577        4.66921244411773
H            4.58555772474744       -4.82656112405866        4.54575169058293
H            6.05086178842360       -4.28825712489818        2.63712562605923
H            6.44775072381152       -2.58000625945004       -1.02141100231984
H            7.11847116768688       -2.31547866327662        0.60091079028113
H            6.60281675955014       -3.93782018720761        0.10866634924183
34
 energy: -51.436952456963 gnorm: 0.004213861852 xtb: 6.7.1 (edcfbbe)
O            0.33608973361383       -0.17320202196697        1.98032563965411
C            1.43932082757349       -0.10089468141810        1.51017108067756
C            2.48784893270671        0.80465643037495        2.00688425937832
C            3.50013605534548        1.33331236157723        1.20410451442013
C            4.43208777458170        2.19614969651901        1.74869628822539
C            4.38139797178167        2.52452981376211        3.09540562776906
C            3.37489888851712        2.00998371593245        3.89722705952851
C            2.42608618279245        1.16693753059301        3.35500796543882
C            1.83051371388453       -1.04587841426004        0.34463992878362
N            3.02317838210336       -1.78797292125069        0.65190936469931
C            4.14204927862374       -1.83704554776631       -0.06317935769831
N            5.05993201442463       -2.60126416118284        0.51690131603302
C            4.52315255085188       -3.07710295184305        1.69441355719064
C            3.21407903451401       -2.56144597145995        1.77992319451069
C            2.38298919854994       -2.87767549976585        2.84844957848265
C            2.90893733901135       -3.70024409057952        3.82213865933035
C            4.21405825595199       -4.19598405283348        3.74681212718319
C            5.04343859050386       -3.89994215791184        2.68651928817835
C            6.38302505088869       -2.87215815498073        0.02553158458962
H            3.53103435798281        1.12285145426742        0.14494957562011
H            5.19587136220351        2.62638868187736        1.11976847039008
H            5.11754875167858        3.19203848743665        3.51459170372736
H            3.32308303039256        2.27620037242015        4.94069052191770
H            1.62644509081967        0.77005179245886        3.96031224987882
H            0.99101151081782       -1.73173960397999        0.19050560596609
H            1.98792175517972       -0.46911237674043       -0.56878623506735
H            4.28083080178656       -1.34160872579329       -1.00541240695898
H            1.37546166747812       -2.50309143071708        2.91486647969835
H            2.29727627954468       -3.97323625239256        4.66618241847011
H            4.57840868263643       -4.82928873984957        4.53904797407501
H            6.04615797214031       -4.28947564518859        2.63184113514303
H            6.45648244337406       -2.57392794259370       -1.01762967010447
H            7.12440799606023       -2.32185338507560        0.60813039644324
H            6.59580852168452       -3.93738560766907        0.10874010442583
34
 energy: -51.437114847989 gnorm: 0.004272323381 xtb: 6.7.1 (edcfbbe)
O            0.33634601401765       -0.19698532575852        2.00037990529846
C            1.43616788454419       -0.11004718353705        1.52326602516022
C            2.48573231306420        0.79138696640654        2.01646869888640
C            3.50177696727185        1.30689428109412        1.20903732910738
C            4.43378518111320        2.17521447687486        1.74513340312906
C            4.37977006262878        2.52178761047633        3.08784986209871
C            3.37476110189495        2.01360946434005        3.89690164692834
C            2.42608621779870        1.16445073855890        3.36318304399347
C            1.82900114335166       -1.04783554615187        0.34395235056232
N            3.02741826265431       -1.77809889822565        0.64625677265080
C            4.14807654563391       -1.82361370359273       -0.06639964574046
N            5.06532820459678       -2.58743042533008        0.51667734266040
C            4.52493710970645       -3.06728647123241        1.69151569123684
C            3.21680664536178       -2.55151316634283        1.77466096673154
C            2.38399614088139       -2.86305963240429        2.84407569757281
C            2.90451865736675       -3.68900829838101        3.81825796935446
C            4.20774177856863       -4.19368659031742        3.74071150443207
C            5.03967877296559       -3.89669001218082        2.68170120566103
C            6.38758856399248       -2.86677337209191        0.02956362886363
H            3.53543452784343        1.08038343952621        0.15299668626881
H            5.19994634838854        2.59567522940038        1.11149977371049
H            5.11294844652883        3.19919122229726        3.49780144627592
H            3.32358963915858        2.29038054947932        4.93832726140074
H            1.62519862118529        0.77023964480253        3.96975090753971
H            0.99424199341491       -1.74044613335927        0.19610873715723
H            1.96840016889838       -0.46314216790554       -0.56725205372053
H            4.29015115955833       -1.32272529092691       -1.00668221419343
H            1.37892390094762       -2.48000449100545        2.91011233676676
H            2.29140221320717       -3.95757992474458        4.66344255133245
H            4.56747074667173       -4.83411774797189        4.53014167374722
H            6.04121447969195       -4.29032400064508        2.62535100017719
H            6.47167335535347       -2.56167982406664       -1.01142764374702
H            7.13262172854176       -2.32981172072285        0.62067269703059
H            6.58823510319678       -3.93578369636173        0.10564344166637
34
 energy: -51.437165407854 gnorm: 0.003600897387 xtb: 6.7.1 (edcfbbe)
O            0.33719389479982       -0.20724998988646        2.01054836461045
C            1.43538746301785       -0.11638066636006        1.52993145921179
C            2.48358532147915        0.78654942817798        2.02163674837834
C            3.50242532728947        1.29406740748353        1.21230403105495
C            4.43636402244980        2.16300974720972        1.74395398856187
C            4.38003868925178        2.51939099828127        3.08389160854383
C            3.37364746117679        2.01781584974428        3.89550380340761
C            2.42378170940145        1.16697994136846        3.36646090479222
C            1.82648245861702       -1.04860835967581        0.34468229044078
N            3.02898741486262       -1.77455535072862        0.64349085752995
C            4.14996297790954       -1.81897827630237       -0.06938697628468
N            5.06745319961676       -2.58130481050002        0.51654112710544
C            4.52552058211726       -3.06342801902942        1.69024923360901
C            3.21755608103531       -2.54884568685418        1.77183091036549
C            2.38357708850758       -2.85787320609570        2.84101310218171
C            2.90289950722743       -3.68426377451624        3.81566771335179
C            4.20496317088984       -4.19196713566021        3.73746134225640
C            5.03863019302245       -3.89486207298853        2.67947328421852
C            6.39064925431501       -2.86279127969162        0.03158312049772
H            3.53786391707159        1.06080405231066        0.15804467435427
H            5.20553722314167        2.57632018655737        1.10896415158147
H            5.11313529620718        3.19940139684938        3.48975006682346
H            3.32310561092239        2.30059565736722        4.93551244688931
H            1.62284758047513        0.77622749342599        3.97561391034061
H            0.99524564448821       -1.74586244835897        0.19871274513874
H            1.95807601417495       -0.46091104155275       -0.56552647803573
H            4.29339771126789       -1.31660903251353       -1.00868527653380
H            1.37916818233780       -2.47303105367960        2.90641237985219
H            2.28941872036948       -3.95044613561325        4.66163815733450
H            4.56257078469161       -4.83490254536697        4.52603313890883
H            6.03980330132084       -4.28955602190302        2.62324741197872
H            6.48018039352320       -2.55077173452850       -1.00699532842115
H            7.13530966943683       -2.33310950072915        0.62947601822094
H            6.58620413358439       -3.93328401624089        0.10064506773441
34
 energy: -51.437212410166 gnorm: 0.002048020330 xtb: 6.7.1 (edcfbbe)
O            0.33860037945030       -0.21747667659196        2.02210772184978
C            1.43401339679575       -0.12265090996751        1.53548137086842
C            2.48171115111664        0.78148788604812        2.02696192238239
C            3.50410352468710        1.27994300791969        1.21639806274447
C            4.44087891101797        2.14854826495070        1.74326705269771
C            4.38180698379426        2.51560595385321        3.07977236990353
C            3.37161950667414        2.02402374169042        3.89261103943807
C            2.42046576123297        1.17136370673127        3.36870660389959
C            1.82229351659433       -1.04937009707587        0.34691844433133
N            3.02959257469428       -1.77210812578575        0.64067480759014
C            4.15066354444641       -1.81565627097358       -0.07274854819525
N            5.06885668084531       -2.57579112036500        0.51607700111461
C            4.52593407401569       -3.05995591789464        1.68882657904107
C            3.21773890373873       -2.54726243845204        1.76881829261123
C            2.38241050571677       -2.85439167157560        2.83711586429440
C            2.90173476965079       -3.68028105806328        3.81227963267611
C            4.20285681877309       -4.18899589220414        3.73421463299191
C            5.03832668845185       -3.89218332107768        2.67742109647800
C            6.39398828668782       -2.85696245857620        0.03370569993003
H            3.54153670209338        1.04029753976938        0.16412509802782
H            5.21457618144153        2.55235313981412        1.10768447989234
H            5.11622976937802        3.19599070399926        3.48208654495813
H            3.32030853809988        2.31548324858827        4.93019825987055
H            1.61816416655666        0.78812321989650        3.98103791432225
H            0.99504292227676       -1.75183232211438        0.20241975260386
H            1.94700515098841       -0.45977624735892       -0.56258034365858
H            4.29523377746283       -1.31284364633843       -1.01115338910766
H            1.37800561737222       -2.47025617417537        2.90154080376425
H            2.28805706025973       -3.94464189756995        4.65872007230012
H            4.55865263973191       -4.83329947625662        4.52240455767999
H            6.03918744031149       -4.28741348955554        2.62210143036459
H            6.49005535313801       -2.53213885015529       -1.00032340463522
H            7.13662232414807       -2.33743014884173        0.64259390580544
H            6.58469637835702       -3.92893220229143        0.09021467116457
34
 energy: -51.437243436863 gnorm: 0.001726203810 xtb: 6.7.1 (edcfbbe)
O            0.33958923443011       -0.22291732517862        2.02902127420928
C            1.43348289860303       -0.12728598899710        1.53915191278010
C            2.48082686623640        0.77892921930532        2.02961911530056
C            3.50661821439320        1.27032971859250        1.21910317522014
C            4.44600289188368        2.13742776520075        1.74337920969141
C            4.38462940650577        2.51201632964019        3.07744206469521
C            3.36945207991370        2.02985119702232        3.88950721611871
C            2.41693516231072        1.17703135699385        3.36840220925028
C            1.81882317980806       -1.05000284622979        0.34926763473151
N            3.02839626811212       -1.77222341433547        0.63908362327222
C            4.14960562372806       -1.81459963434244       -0.07426472400643
N            5.06859159913846       -2.57322705065398        0.51540537414201
C            4.52589835374732       -3.05833046277341        1.68781922410896
C            3.21701195755921       -2.54747309386739        1.76707982407687
C            2.38103782410783       -2.85489019156823        2.83444320266980
C            2.90149807353400       -3.67950717784941        3.81006857045445
C            4.20276667513758       -4.18657544864862        3.73278822106646
C            5.03887834735255       -3.88976508020040        2.67654840935874
C            6.39546136387781       -2.85144257110275        0.03492571323630
H            3.54592624289409        1.02597484467050        0.16817789769677
H            5.22319266896974        2.53417805904960        1.10790398838094
H            5.12065010702921        3.19137549204376        3.47819931501050
H            3.31596088805822        2.32865276303854        4.92476278176772
H            1.61284984209189        0.80050600326037        3.98243321357184
H            0.99327194898242       -1.75464508989323        0.20498546910535
H            1.94092278397990       -0.45952489145843       -0.55984271112191
H            4.29449826004811       -1.31210823923719       -1.01240817625433
H            1.37605018255797       -2.47292263744792        2.89837907083376
H            2.28782003475933       -3.94389003685261        4.65633209961157
H            4.55843911816677       -4.83019903342168        4.52136369900637
H            6.03977987782307       -4.28454716097263        2.62219382443688
H            6.49681647646147       -2.51239402279484       -0.99398508525909
H            7.13581280368234       -2.34176071570488        0.65477975820966
H            6.58347274411606       -3.92447063528667        0.07761360462738
34
 energy: -51.437287492987 gnorm: 0.002924861667 xtb: 6.7.1 (edcfbbe)
O            0.34097520903537       -0.22767491493612        2.03709839860405
C            1.43268822040620       -0.13131628803161        1.54226243541106
C            2.48107887398436        0.77639369678177        2.03097274318940
C            3.51290817379509        1.25742751203474        1.22203674800680
C            4.45538367063508        2.12210611190430        1.74422582085586
C            4.38981243420680        2.50716042150377        3.07503238388667
C            3.36566337966623        2.03938196988556        3.88403356682648
C            2.41162077597192        1.18682258329284        3.36519317239437
C            1.81373064118516       -1.05119726908620        0.35272864752327
N            3.02412167843817       -1.77510976606792        0.63766171846984
C            4.14566553636421       -1.81474396195822       -0.07486388794526
N            5.06636678012747       -2.57111835795499        0.51429606572555
C            4.52525070649147       -3.05706468744383        1.68672850768771
C            3.21467827514335       -2.54953107439893        1.76566214307897
C            2.37860804481869       -2.86000776723789        2.83171749566920
C            2.90189293804702       -3.68190516919189        3.80812332514715
C            4.20491565598740       -4.18344840728886        3.73261980493446
C            5.04062488112061       -3.88562865872817        2.67646326578923
C            6.39572277440779       -2.84177563377363        0.03635354312373
H            3.55523879667484        1.00666554968619        0.17277913966262
H            5.23822826929158        2.50853260107782        1.10977273439953
H            5.12939703538891        3.18269060188812        3.47532279782852
H            3.30698376655800        2.34893939550387        4.91557731297173
H            1.60259536799260        0.82155796915299        3.97926260964504
H            0.98809177201408       -1.75588746103318        0.20837942356678
H            1.93499051697013       -0.46028106508862       -0.55628704813814
H            4.29000438799563       -1.31333394907452       -1.01344311386523
H            1.37189019567023       -2.48307361192918        2.89512414237422
H            2.28834048087403       -3.94847207216210        4.65348704743528
H            4.56253637933327       -4.82395403855833        4.52257230890889
H            6.04228304824919       -4.27812449876799        2.62341818407519
H            6.50575932927361       -2.47517166402341       -0.98238882791100
H            7.13241620500777       -2.35085482976805        0.67588755176788
H            6.58050579887406       -3.91643326620831        0.05186983890021
34
 energy: -51.437319511915 gnorm: 0.002811027719 xtb: 6.7.1 (edcfbbe)
O            0.34148503355195       -0.22787904927131        2.03993583525290
C            1.43262436965129       -0.13207183637593        1.54368540087096
C            2.48155630703875        0.77636125272701        2.03010509083638
C            3.51793496590761        1.25069637855255        1.22284973554944
C            4.46191842091661        2.11356055020592        1.74511936558835
C            4.39322089125361        2.50443507003751        3.07423428758463
C            3.36335057575749        2.04512894810097        3.88081290853914
C            2.40819148242736        1.19383172064585        3.36194228872139
C            1.81113634993639       -1.05232069480684        0.35387359893747
N            3.02028266205829       -1.77817182177968        0.63745644548790
C            4.14208491864094       -1.81535201187011       -0.07445593805464
N            5.06435065204586       -2.56987438861085        0.51405060445015
C            4.52451223799108       -3.05656134619511        1.68663761193324
C            3.21258721786266       -2.55184002848902        1.76558400631796
C            2.37718403246015       -2.86535869929832        2.83130669971399
C            2.90247711748931       -3.68551601075681        3.80811846759231
C            4.20740846202796       -4.18256272719097        3.73357045593358
C            5.04205718955834       -3.88293678239319        2.67709787108408
C            6.39471693794660       -2.83540533532181        0.03713780810833
H            3.56308294787265        0.99535501605676        0.17463762681209
H            5.24838905892977        2.49433348211812        1.11174273699334
H            5.13421875911073        3.17846702868669        3.47465428998953
H            3.30087685160193        2.36036598330775        4.91035879908296
H            1.59532607066632        0.83426545913468        3.97415596215791
H            0.98365044310093       -1.75492072769859        0.20971492891321
H            1.93316029950258       -0.46127398903254       -0.55521175712501
H            4.28529094606185       -1.31442724200662       -1.01365985608985
H            1.36923779642610       -2.49142088035129        2.89456276062593
H            2.28920534724133       -3.95431413487221        4.65294307068475
H            4.56726292742753       -4.82097409454304        4.52424586866065
H            6.04472828341037       -4.27294541922479        2.62418063640092
H            6.51001897545351       -2.45078893860436       -0.97431217700298
H            7.12966043111909       -2.35765039883054        0.68850782147637
H            6.57778103755341       -3.91066433204985        0.03409674397266
34
 energy: -51.437365775669 gnorm: 0.002457392805 xtb: 6.7.1 (edcfbbe)
O            0.34201520402914       -0.22599677644277        2.04381453637462
C            1.43199232936455       -0.13063379872523        1.54456223725429
C            2.48284900371694        0.77695857390256        2.02733674477958
C            3.52799590469225        1.23896643274827        1.22382093634574
C            4.47393174182576        2.09916184618646        1.74697089791525
C            4.39850978913084        2.50076773411409        3.07286509999957
C            3.35898891187967        2.05551450101663        3.87499407111245
C            2.40248454333109        1.20609631114333        3.35535923863859
C            1.80650906161344       -1.05475343265274        0.35518005509227
N            3.01278419192976       -1.78430877309228        0.63775860066533
C            4.13498801447025       -1.81663655747751       -0.07347598087366
N            5.06067083137906       -2.56692395628944        0.51441927502098
C            4.52300925531603       -3.05555809411809        1.68716152482925
C            3.20852071927946       -2.55670996139865        1.76613427162952
C            2.37481125190672       -2.87599925437901        2.83167100426547
C            2.90395840434194       -3.69322158505609        3.80891882743209
C            4.21250846462402       -4.18204295160889        3.73557128975285
C            5.04498544787654       -3.87808831365163        2.67859526291659
C            6.39245194200372       -2.82385111769591        0.03860618560659
H            3.57852989325170        0.97598406791744        0.17759600188393
H            5.26777342178344        2.46955825818686        1.11632577611575
H            5.14239036495347        3.17135657728184        3.47399005743958
H            3.29006568141481        2.37954259449309        4.90137674812740
H            1.58146183220537        0.85685259254596        3.96276741851890
H            0.97489032900633       -1.75274948249279        0.21250014015324
H            1.93023597398597       -0.46440908383012       -0.55443416421114
H            4.27539865741690       -1.31639003134072       -1.01384799213198
H            1.36453350941554       -2.50755423731320        2.89445015320472
H            2.29148025690871       -3.96650154206868        4.65295352469403
H            4.57683257523867       -4.81691460949027        4.52722570131221
H            6.04998669005321       -4.26246893980074        2.62539316554312
H            6.51723335733865       -2.40574773196100       -0.95876280081044
H            7.12481551594967       -2.37180689844307        0.71135439343852
H            6.57137692836683       -3.89992236020763        0.00052779796487
34
 energy: -51.437388850813 gnorm: 0.001899793748 xtb: 6.7.1 (edcfbbe)
O            0.34173735446588       -0.22276899704021        2.04546626370660
C            1.43143237200603       -0.12902102845544        1.54537247377920
C            2.48327780817495        0.77830959491726        2.02483135725585
C            3.53596222634578        1.22954780489745        1.22467478837681
C            4.48387331472338        2.08704306989264        1.74880325743952
C            4.40275934629732        2.49740388150522        3.07180413766040
C            3.35536646312455        2.06393712833586        3.87032253643171
C            2.39731362005273        1.21687220190354        3.34983231622996
C            1.80266477838779       -1.05705407629570        0.35598792669194
N            3.00688162257069       -1.78911797416174        0.63839159311559
C            4.12930716803489       -1.81739003045369       -0.07278068495827
N            5.05814253747695       -2.56338172230958        0.51547027468185
C            4.52196720055013       -3.05415810135127        1.68809387937443
C            3.20535881169679       -2.56080562826938        1.76682526806959
C            2.37313642803757       -2.88445710199999        2.83238035708085
C            2.90545305393445       -3.69975495347618        3.80954225166009
C            4.21665745309137       -4.18230682369066        3.73670176696842
C            5.04761839112167       -3.87415738902004        2.67973618083407
C            6.39075173223351       -2.81467717616670        0.03988503855027
H            3.59183217726782        0.95954416125004        0.18041260073109
H            5.28410838943944        2.44881015211341        1.12093577129533
H            5.14800121055138        3.16655088806928        3.47308824961145
H            3.28137720490279        2.39511823181446        4.89420574529702
H            1.56999364388918        0.87536417883054        3.95316218794651
H            0.96789619990453       -1.75159905756241        0.21554739785814
H            1.92737139220886       -0.46786960015980       -0.55431780076834
H            4.26712592724204       -1.31727320131209       -1.01377838539412
H            1.36121686863087       -2.51997290066134        2.89480180372783
H            2.29392711124159       -3.97655934374400        4.65321970294043
H            4.58410999270785       -4.81551329454195        4.52837545066789
H            6.05452993234339       -4.25379324300684        2.62583442061456
H            6.52260032666996       -2.37149803809427       -0.94550677688701
H            7.12131643507945       -2.38360949572186        0.72774174584913
H            6.56590150559491       -3.89019211603447       -0.02538309643868
34
 energy: -51.437401229447 gnorm: 0.001047718336 xtb: 6.7.1 (edcfbbe)
O            0.34023441998602       -0.21863211588296        2.04568298738027
C            1.43004238543831       -0.12667904870518        1.54552578705273
C            2.48320072338850        0.77916914032302        2.02304609280508
C            3.54246918471988        1.22028349576252        1.22603659435672
C            4.49194089150129        2.07596344434950        1.75063601022044
C            4.40519744080271        2.49524259110633        3.07044927891831
C            3.35175054651471        2.07163465625450        3.86612462297020
C            2.39280502574437        1.22586292507662        3.34539504705507
C            1.79918665031934       -1.05944878398010        0.35690267891837
N            3.00297437281428       -1.79188283598968        0.63943435290714
C            4.12554096914663       -1.81658744854599       -0.07209701824083
N            5.05706995727651       -2.55859438928383        0.51723707425480
C            4.52159773444310       -3.05213644238471        1.68918279262115
C            3.20352121712277       -2.56340815489368        1.76767542095824
C            2.37244275273437       -2.88990579271732        2.83337162408190
C            2.90706183797449       -3.70469241859666        3.80970396886947
C            4.21964248793392       -4.18365237522095        3.73631771265748
C            5.04988539021687       -3.87148022067082        2.67996994417955
C            6.38992032221101       -2.80752497803691        0.04099999952116
H            3.60305844372819        0.94405794121000        0.18384315960601
H            5.29824944571946        2.42938281024564        1.12567502652561
H            5.15163743395618        3.16315725016815        3.47157199717718
H            3.27431841462518        2.40875874317255        4.88784805893436
H            1.56006990534378        0.89151354463617        3.94530238048856
H            0.96286924988717       -1.75262459043125        0.22034526536348
H            1.92291368738589       -0.47230539280584       -0.55469345397861
H            4.26109833172319       -1.31588613268415       -1.01307540863900
H            1.35961250451573       -2.52782607631667        2.89561416456887
H            2.29656500936287       -3.98411101599970        4.65337091459132
H            4.58872231221686       -4.81708975531808        4.52708476252648
H            6.05822937074536       -4.24727521320178        2.62515909483869
H            6.52733129004279       -2.34529603551185       -0.93368042726112
H            7.11971786159077       -2.39495721619904        0.73947258655902
H            6.56009242886804       -3.88146010892775       -0.04575309278798
34
 energy: -51.437406227835 gnorm: 0.001407953602 xtb: 6.7.1 (edcfbbe)
O            0.33834766200184       -0.21672212552486        2.04568981032982
C            1.42867433484141       -0.12659088915792        1.54642579307256
C            2.48216191471170        0.77903052875681        2.02332346120845
C            3.54485925715900        1.21383293566992        1.22758070767929
C            4.49574943573132        2.06849654313988        1.75134673202179
C            4.40635282755261        2.49355258513588        3.06891923221226
C            3.34937849185934        2.07643882754895        3.86347645185953
C            2.38951396483160        1.23119174811542        3.34372719255057
C            1.79710274575044       -1.06096033881474        0.35844999716718
N            3.00245738023757       -1.79153871163058        0.64020734029489
C            4.12525661247511       -1.81413328316730       -0.07136060745106
N            5.05750227630554       -2.55517801591450        0.51831114376869
C            4.52195294225178       -3.05089232542105        1.68934299322864
C            3.20358372371577       -2.56363137794546        1.76793465674762
C            2.37269444804532       -2.89061077339599        2.83359248382372
C            2.90801259642933       -3.70599010396666        3.80906666183026
C            4.22052490048716       -4.18473364540006        3.73483904154494
C            5.05089946434534       -3.87108736534040        2.67903282476126
C            6.39041378979822       -2.80450794875289        0.04144629039731
H            3.60788578005153        0.93343210499360        0.18678669488768
H            5.30523608506595        2.41658926359136        1.12762732095352
H            5.15305073867691        3.16177352922222        3.46905155993000
H            3.27019258130096        2.41832254135730        4.88358998855201
H            1.55471183192820        0.90110417488759        3.94302267007699
H            0.96173441615873       -1.75574836777146        0.22500527173162
H            1.91802032116086       -0.47527009382253       -0.55431947410835
H            4.26018221943334       -1.31253199795712       -1.01180181644733
H            1.35997418146578       -2.52851014929242        2.89626717102491
H            2.29808993004166       -3.98584140139569        4.65301778918772
H            4.58943970148966       -4.81942744227614        4.52465085131695
H            6.05949679100906       -4.24595372193358        2.62375717548654
H            6.53246905389074       -2.32823320720377       -0.92680259300991
H            7.12053433475229       -2.40529804240505        0.74859323428293
H            6.55451326504449       -3.87880345392868       -0.06011805091288
34
 energy: -51.437411573224 gnorm: 0.001500528307 xtb: 6.7.1 (edcfbbe)
O            0.33416167814776       -0.21083273939229        2.04064645772095
C            1.42664951210030       -0.12516302702278        1.54557082361909
C            2.48037405510109        0.77972294969119        2.02409688865193
C            3.54423872287269        1.21155828189842        1.22921089446572
C            4.49597757378575        2.06570949989991        1.75228928723904
C            4.40531557464868        2.49371793469514        3.06826973278536
C            3.34695175500595        2.07949429655189        3.86214360338283
C            2.38673665109682        1.23418634548703        3.34330209057750
C            1.79674608289243       -1.06195134251570        0.36075397901294
N            3.00507487718434       -1.78862510595291        0.64227137558420
C            4.12773077218070       -1.81086453048734       -0.06976684468298
N            5.05952256484618       -2.55276526338831        0.51972557392079
C            4.52352779433504       -3.05024128145656        1.68971589842137
C            3.20578337600867       -2.56212215650436        1.76898553365451
C            2.37468166325051       -2.88798018096767        2.83469686959654
C            2.90933113055879       -3.70599595265386        3.80834178023803
C            4.22038177207387       -4.18775816629626        3.73222615807250
C            5.05161569894306       -3.87345528514715        2.67731516853923
C            6.39146413141788       -2.80609063414542        0.04063456222507
H            3.60812398927244        0.92947184221625        0.18927277105487
H            5.30691818971900        2.41086197495226        1.12953995944374
H            5.15188483477688        3.16229447193159        3.46784240780480
H            3.26735533499871        2.42393449884173        4.88122591943196
H            1.55159954676675        0.90645302827233        3.94304679404115
H            0.96420369709448       -1.76076994456842        0.23113408936189
H            1.91378243035642       -0.47915940983274       -0.55420528818391
H            4.26284650031951       -1.30770581605028       -1.00908153053329
H            1.36302569759885       -2.52360865138530        2.89864750118028
H            2.29974543681506       -3.98540898420563        4.65264648783401
H            4.58753622161841       -4.82565243808735        4.52021463345668
H            6.05934504859754       -4.25007774623531        2.62110684994338
H            6.53497665012190       -2.32665507909022       -0.92426012937653
H            7.12304380863714       -2.41366221286172        0.74792199411948
H            6.55031722685692       -3.87928917619009       -0.06580229260301
34
 energy: -51.437415588446 gnorm: 0.000698669360 xtb: 6.7.1 (edcfbbe)
O            0.33243689058622       -0.20721452240288        2.03818031586723
C            1.42578909257862       -0.12354159765941        1.54450530259373
C            2.48023399982403        0.78040641346602        2.02382396267039
C            3.54537709020867        1.21079447162397        1.22955500178266
C            4.49707703402126        2.06483425950027        1.75289173331049
C            4.40480894124759        2.49475814509841        3.06848154373506
C            3.34486386332152        2.08231516146093        3.86135086747165
C            2.38496356876632        1.23665113388574        3.34234449206586
C            1.79679657222166       -1.06230879504461        0.36210531734337
N            3.00531499325259       -1.78838897211372        0.64348274101001
C            4.12773222742431       -1.81067699332335       -0.06869163704958
N            5.05961637788909       -2.55314419196660        0.51970619513801
C            4.52408403219045       -3.05092900604304        1.68969473875464
C            3.20639644403604       -2.56222993608082        1.76983143453450
C            2.37565204039761       -2.88864355343023        2.83566756876744
C            2.91028964618758       -3.70734139022790        3.80872832708534
C            4.22132410203356       -4.18931692718410        3.73198091682482
C            5.05218663519501       -3.87469414416368        2.67686534304271
C            6.39115752462144       -2.80623557361330        0.03990155050469
H            3.60953701657422        0.92820562028342        0.18964530188562
H            5.30921038068559        2.40830063104072        1.13042181552005
H            5.15241477047379        3.16168113982955        3.46878248169371
H            3.26410435859500        2.42784789984172        4.87987587838207
H            1.54816650856724        0.91108285489840        3.94134136099856
H            0.96441692655769       -1.76162485496350        0.23336635891330
H            1.91326256084607       -0.48075868197891       -0.55384848499067
H            4.26277621868397       -1.30723373283583       -1.00796480064411
H            1.36398825046593       -2.52420950531720        2.90021284157530
H            2.30068859516305       -3.98749038317069        4.65277283370327
H            4.58886006441518       -4.82723394925199        4.51976433498448
H            6.05978292739200       -4.25177092414298        2.62023884857828
H            6.53637511024697       -2.32087412765574       -0.92231933302348
H            7.12329147440815       -2.41983161355572        0.75052779561707
H            6.54799376092206       -3.87961435480287       -0.07354294864639
