34
 energy: -43.651003752949 gnorm: 0.054915458645 xtb: 6.7.1 (edcfbbe)
C            0.50087000000000        0.53700000000000        0.19893000000000
C            0.16726000000000       -0.70967000000000       -0.16277000000000
C           -1.21843000000000       -1.15904000000000       -0.54036000000000
N           -1.36462000000000       -1.75557000000000       -1.95475000000000
C           -0.37644000000000       -2.93103000000000       -2.14042000000000
C            0.31502000000000       -3.13655000000000       -3.34607000000000
C            1.16291000000000       -4.23755000000000       -3.51217000000000
C            1.31871000000000       -5.16350000000000       -2.48752000000000
C            0.61955000000000       -4.99821000000000       -1.29796000000000
C           -0.22819000000000       -3.89843000000000       -1.12837000000000
C           -2.74954000000000       -2.40826000000000       -2.14912000000000
C           -3.88122000000000       -1.48567000000000       -2.04819000000000
C           -4.85681000000000       -0.78529000000000       -2.00139000000000
C           -1.08676000000000       -0.66138000000000       -3.01422000000000
C           -1.71268000000000        0.69293000000000       -2.83602000000000
C           -1.02608000000000        1.83467000000000       -2.68115000000000
H           -0.22069000000000        1.34846000000000        0.23816000000000
H            1.52360000000000        0.77859000000000        0.48185000000000
H            0.95382000000000       -1.46115000000000       -0.13679000000000
H           -1.56429000000000       -1.90917000000000        0.17992000000000
H           -1.93113000000000       -0.33022000000000       -0.45855000000000
H            0.22796000000000       -2.47490000000000       -4.20134000000000
H            1.69959000000000       -4.37704000000000       -4.44987000000000
H            1.97736000000000       -6.02038000000000       -2.62126000000000
H            0.73042000000000       -5.73339000000000       -0.50201000000000
H           -0.76436000000000       -3.84121000000000       -0.18597000000000
H           -2.74675000000000       -2.89161000000000       -3.13402000000000
H           -2.85865000000000       -3.18682000000000       -1.38388000000000
H           -5.73504000000000       -0.17756000000000       -1.98706000000000
H            0.00244000000000       -0.53136000000000       -3.05325000000000
H           -1.42528000000000       -1.05891000000000       -3.97902000000000
H           -2.79229000000000        0.77534000000000       -2.91048000000000
H           -1.54260000000000        2.78870000000000       -2.59673000000000
H            0.06001000000000        1.86440000000000       -2.64544000000000
34
 energy: -43.660029963206 gnorm: 0.023629418816 xtb: 6.7.1 (edcfbbe)
C            0.48261690060473        0.51614997517162        0.16884500523475
C            0.16144669151556       -0.71362851874732       -0.20530591876114
C           -1.22415901751719       -1.15918847181474       -0.56417957143826
N           -1.33618499125559       -1.76038506258665       -1.95546061569853
C           -0.37564793547418       -2.92550221294027       -2.14271096074811
C            0.30814387174179       -3.12353878011872       -3.33886239689939
C            1.14736334108355       -4.22043358580706       -3.50082835905406
C            1.30459595642412       -5.14365436790406       -2.48242576780371
C            0.60420419283883       -4.97142791853592       -1.30072139064389
C           -0.23675459408056       -3.87797166889287       -1.13337747130385
C           -2.71482372153763       -2.37898404906242       -2.14224859350587
C           -3.84213462346893       -1.46612262930896       -2.06337306662210
C           -4.82903257098437       -0.79190863445505       -1.99338142253606
C           -1.07257225787598       -0.67643873472482       -2.99677131345749
C           -1.71382004365643        0.66430766448879       -2.78854449823159
C           -1.03174140805829        1.79452653907035       -2.66061609333823
H           -0.23459361955193        1.32145297723581        0.21527810235021
H            1.48755497108959        0.75417519287925        0.48431845086007
H            0.93060093777264       -1.47645690912947       -0.17760619144780
H           -1.56047488045257       -1.91529617307984        0.15235309780414
H           -1.92502378863349       -0.32052672672252       -0.50843595728670
H            0.21998868478430       -2.45654809176983       -4.18236515213524
H            1.67619192036489       -4.35503443568989       -4.43439075727225
H            1.95808673864912       -5.99620486603789       -2.61350762810535
H            0.70777855329339       -5.69692709158214       -0.50538354144659
H           -0.76682080046997       -3.80626560736582       -0.19427132454914
H           -2.71947642400971       -2.86191696003726       -3.12499954373188
H           -2.83732674908267       -3.15830749569727       -1.38280141195448
H           -5.69742503161321       -0.19249743808414       -1.96991435243053
H            0.01140283620578       -0.53870005765363       -3.02961210198778
H           -1.42241080624868       -1.07222564883868       -3.95575963872263
H           -2.79083832949124        0.72512844587780       -2.87252318633843
H           -1.53829684697614        2.74728198779898       -2.61730463525353
H            0.04725284407047        1.82928935406467       -2.63040179354444
34
 energy: -43.662713886634 gnorm: 0.011148953834 xtb: 6.7.1 (edcfbbe)
C            0.46288196470246        0.49441620608184        0.16458309527498
C            0.15590211342398       -0.72685738864255       -0.22453834743062
C           -1.22725329420600       -1.16518658002711       -0.59179543220931
N           -1.32494010134333       -1.76558538536792       -1.96130940316432
C           -0.37881548491553       -2.90979035267329       -2.14068255460496
C            0.30218025154548       -3.10266926304734       -3.33207281626538
C            1.13261250791846       -4.20084994755553       -3.49077561858431
C            1.28751134108517       -5.12335389117735       -2.47463143960547
C            0.58725893510134       -4.94395651760831       -1.29572521630577
C           -0.24572058731018       -3.85095878539992       -1.12906659618787
C           -2.68660276725879       -2.36814477451447       -2.14864302889201
C           -3.80682647471213       -1.45995958631889       -2.04832771094595
C           -4.78873156640813       -0.77875936655556       -1.99141042965459
C           -1.05699599309153       -0.69460387557735       -2.98347399537066
C           -1.71443212014030        0.63689361725694       -2.77439530121701
C           -1.03298237709394        1.76072493293327       -2.66289300533494
H           -0.25311394604535        1.29713954915211        0.19060646377485
H            1.46633829266163        0.74844464764397        0.45022121256631
H            0.91665171915579       -1.49561423083067       -0.23540667830261
H           -1.56598816272065       -1.91258307081374        0.12914285971310
H           -1.91689406323371       -0.31843212510758       -0.55970144110802
H            0.21243110651818       -2.43093768351010       -4.16707891305605
H            1.65611807676518       -4.33116737721677       -4.42289635031309
H            1.93747844485323       -5.97292333470768       -2.60227617094536
H            0.68328298837688       -5.66171870788553       -0.49827702676065
H           -0.77546456361678       -3.76717605996255       -0.19434234637891
H           -2.70575900607829       -2.84528856310585       -3.13428875474900
H           -2.81131880559077       -3.14959713270135       -1.39312314498613
H           -5.66644857504477       -0.20592981556715       -1.95132476540344
H            0.02323394330102       -0.54226564852624       -3.00694656868497
H           -1.40279000226884       -1.08243506133577       -3.94471111325824
H           -2.79317354573219        0.66568952821347       -2.82474555930564
H           -1.53383557430714        2.70703503530564       -2.58468996791929
H            0.04187532570953        1.79262100914932       -2.61229393438438
34
 energy: -43.663052338631 gnorm: 0.013014486877 xtb: 6.7.1 (edcfbbe)
C            0.46108740879107        0.49240572290671        0.13238396844669
C            0.15623463548351       -0.73080382877798       -0.25345199654473
C           -1.23378005007942       -1.16503465189195       -0.60699789848739
N           -1.32613052821582       -1.76784419810247       -1.96955967640351
C           -0.38113541622635       -2.90294224287514       -2.14120443185051
C            0.30343306088312       -3.09699062492013       -3.33149519104997
C            1.13222209299941       -4.19674739208214       -3.48539083871738
C            1.28196170788034       -5.11743545266479       -2.46591620847327
C            0.58115792669576       -4.93406257061348       -1.28685068328395
C           -0.25066326993598       -3.84008649270480       -1.12428986611974
C           -2.67880346547647       -2.37095278418863       -2.16406386617117
C           -3.80063300656906       -1.46474455666546       -2.05962390705492
C           -4.80054578953466       -0.81073795862258       -1.94928589537291
C           -1.04892210289927       -0.69951903635638       -2.98185523197325
C           -1.71609664929881        0.62552851576251       -2.75539157533563
C           -1.03367162027002        1.74714008229094       -2.62926609209283
H           -0.27056038059265        1.27986049030665        0.19992201635667
H            1.45727470703535        0.74513643391291        0.44770091446358
H            0.91104966491154       -1.50540439092744       -0.27332101340283
H           -1.57836679631615       -1.89907577010304        0.12456357848871
H           -1.91573972540493       -0.31236103945887       -0.58292988285328
H            0.21656165571788       -2.42286452958514       -4.16464994566825
H            1.65577678324485       -4.32702992909718       -4.41776746122047
H            1.92846500560088       -5.96917215403985       -2.59102499235817
H            0.67313483987889       -5.64793131863480       -0.48520323019985
H           -0.78119665758527       -3.74748825863511       -0.19075756111674
H           -2.69685889455822       -2.84174919866984       -3.15307107332910
H           -2.80507247900305       -3.15760542393285       -1.41329261128048
H           -5.63045407987362       -0.16841215107476       -1.93447924279010
H            0.03087382987029       -0.53772962070703       -2.99172553268860
H           -1.38019364227119       -1.07484859804016       -3.95345416180316
H           -2.79445929541715        0.64016554232068       -2.80176621366877
H           -1.53140966093952        2.69772873424446       -2.57101098333595
H            0.04313019147495        1.77782865162748       -2.62276321310832
34
 energy: -43.663331333609 gnorm: 0.007583162346 xtb: 6.7.1 (edcfbbe)
C            0.45959799470298        0.49150048910424        0.12406928651638
C            0.15634230800852       -0.73214250752844       -0.26689211395765
C           -1.23819242469042       -1.16401624106960       -0.61332354698474
N           -1.32904866975842       -1.77015770833720       -1.97567492346010
C           -0.38249496297104       -2.90421711200617       -2.14354355630111
C            0.30663848323634       -3.10061847009944       -3.33290751246322
C            1.13741772503692       -4.20021702422384       -3.48210635970661
C            1.28361574649704       -5.11830580809242       -2.45882085731693
C            0.58226744637391       -4.93277652760685       -1.27960813337703
C           -0.25176466194278       -3.83907234410617       -1.12206128293358
C           -2.68152269764351       -2.37457502857848       -2.17245675334469
C           -3.79505803009917       -1.45686056597007       -2.04944499122828
C           -4.77329130047085       -0.77386968127478       -1.96647974446574
C           -1.04780912518927       -0.69858942036687       -2.98386996388740
C           -1.71873823456031        0.62441938399808       -2.75083626193094
C           -1.03580411075893        1.74687713303921       -2.61918761001330
H           -0.28021148401553        1.27194011838817        0.20397097869411
H            1.45735752803111        0.74849956505797        0.43463514298080
H            0.91178164320284       -1.50634738427089       -0.30037514292469
H           -1.58774439333152       -1.89119726952196        0.12319638858644
H           -1.91676839960827       -0.30874978513187       -0.58895484735429
H            0.22309856861231       -2.42573786677566       -4.16655673180959
H            1.66338119785310       -4.33137320317892       -4.41416362945628
H            1.92881017239541       -5.97213420079527       -2.58161077973605
H            0.67374422446795       -5.64367269362933       -0.47402789002124
H           -0.78272713624452       -3.74045487831966       -0.18862954093485
H           -2.70303554472870       -2.83323752649097       -3.16757369361606
H           -2.80671808758535       -3.17051571677793       -1.43009316742739
H           -5.65148393714187       -0.20095495304100       -1.89090694704119
H            0.03240008127905       -0.53377355273874       -2.98521179134235
H           -1.36812320008210       -1.06797486589971       -3.96215893285538
H           -2.79706723770485        0.63275687653422       -2.79005388582971
H           -1.53343088966601        2.69821847617805       -2.55028238678952
H            0.04225140849587        1.77355029353218       -2.62534881826699
34
 energy: -43.663593744513 gnorm: 0.006262907039 xtb: 6.7.1 (edcfbbe)
C            0.45421903406439        0.48739889948696        0.14079540330361
C            0.15343856288942       -0.73303814218081       -0.26480846876801
C           -1.24115313664370       -1.16284807621309       -0.61617606094196
N           -1.33023856370158       -1.76951790597420       -1.98177088875862
C           -0.38192031662957       -2.90701472574445       -2.14614315955750
C            0.31146016193665       -3.10704942575921       -3.33334364522666
C            1.14337024824515       -4.20704350454643       -3.47798757163618
C            1.28614972643781       -5.12237901907382       -2.45172738198446
C            0.58330542246299       -4.93445660836313       -1.27391027290269
C           -0.25230145020068       -3.84061294975375       -1.12193670462369
C           -2.68519497968846       -2.37486184615627       -2.18470980611719
C           -3.80358338311804       -1.46262164693435       -2.04608865940900
C           -4.78543754383575       -0.78723011014285       -1.94196155919233
C           -1.04754423055908       -0.69291475074838       -2.98830451750072
C           -1.71817590519965        0.63109494558282       -2.76023332051438
C           -1.03507513637445        1.75494049804030       -2.63270402834056
H           -0.28419033107075        1.26946839032345        0.20151630225543
H            1.46110376709845        0.75492332495971        0.41058724185306
H            0.91385118058737       -1.50198532693294       -0.32114038365264
H           -1.59534848027564       -1.89021811359652        0.11795856191453
H           -1.91939865415463       -0.30746310690202       -0.58936642691996
H            0.23062453270118       -2.43345946585992       -4.16890121186668
H            1.67322183588525       -4.34005820854013       -4.40823952778792
H            1.93180382753539       -5.97736167898678       -2.57108022646707
H            0.67505523856956       -5.64254881362632       -0.46515285927377
H           -0.78540169847792       -3.73843247256314       -0.18971444161461
H           -2.70668580158770       -2.82194157376352       -3.18515233630012
H           -2.80653725623090       -3.18145205125346       -1.45271754347357
H           -5.64461210901036       -0.18661529844698       -1.87062919090322
H            0.03317790153350       -0.53062197690179       -2.98495146243225
H           -1.36181617042817       -1.06249832656330       -3.96848384192988
H           -2.79697035124807        0.63714794811321       -2.78512079385902
H           -1.53377074290197        2.70253501782337       -2.52139923750043
H            0.04224480138995        1.77495610119766       -2.61429197987052
34
 energy: -43.663761460534 gnorm: 0.002704812001 xtb: 6.7.1 (edcfbbe)
C            0.45285320031102        0.48719483094699        0.13096105449962
C            0.15299835852845       -0.73223121965876       -0.27546367957089
C           -1.24213349473887       -1.16384102153516       -0.62248877204009
N           -1.33092516955786       -1.77010885884463       -1.98742624172606
C           -0.38226916622573       -2.90696059377549       -2.14797935737419
C            0.31393327999882       -3.10866461366791       -3.33261943582636
C            1.14567351113595       -4.20934370973343       -3.47337816568316
C            1.28636586137477       -5.12262340538329       -2.44534888645617
C            0.58138762524803       -4.93215185798027       -1.26955151207788
C           -0.25425474508116       -3.83810362342412       -1.12175156012219
C           -2.68549699680947       -2.37339739824493       -2.19542251055971
C           -3.80477910580432       -1.46499548729559       -2.04211227620173
C           -4.78834216762252       -0.79227507034300       -1.92378189532403
C           -1.04370269235476       -0.69206083031917       -2.99055230001541
C           -1.71703290427712        0.63002470758188       -2.75600516244698
C           -1.03587333129604        1.75347826074628       -2.62132710274348
H           -0.29113660698377        1.26286451002000        0.21142097071101
H            1.45727982114827        0.75465110228942        0.40751135797779
H            0.91341001618306       -1.49950225863557       -0.33776116158162
H           -1.59783383707692       -1.88951831912329        0.11244174269467
H           -1.91940627424977       -0.30772828148521       -0.59832446429988
H            0.23408198670210       -2.43629837528192       -4.16913995077860
H            1.67820736396991       -4.34382318594233       -4.40156018093559
H            1.93323900180350       -5.97715006361485       -2.56096990768290
H            0.67233534032720       -5.63761337399121       -0.45875663797372
H           -0.79036340486336       -3.73390285139104       -0.19180925239713
H           -2.70924441258535       -2.80922194882370       -3.20091385903336
H           -2.80444733262308       -3.18823725989673       -1.47227317295271
H           -5.64167462010067       -0.18418697959008       -1.84424832816363
H            0.03683728720019       -0.52934688878461       -2.98289427363424
H           -1.35423866324745       -1.05814764450921       -3.97305601463111
H           -2.79531679998311        0.63353536174101       -2.78192868039714
H           -1.53402667065655        2.70109006150044       -2.51676996158101
H            0.04156574220657        1.77481628644930       -2.61401042167086
34
 energy: -43.663926821949 gnorm: 0.004765116850 xtb: 6.7.1 (edcfbbe)
C            0.44673368439638        0.48533502787463        0.12340953895333
C            0.14989932910706       -0.73065298678773       -0.29384522002111
C           -1.24589383862085       -1.16537954386796       -0.63396349609312
N           -1.33156456045055       -1.77029275126603       -1.99930452193258
C           -0.38418179286140       -2.90889209122138       -2.15325414687343
C            0.31876505228845       -3.11401719051787       -3.33252626332891
C            1.15271253812297       -4.21455801078840       -3.46363413590374
C            1.28957779158642       -5.12283692055971       -2.43090938266240
C            0.57789754508636       -4.92828243015462       -1.26006882087531
C           -0.26036642666822       -3.83533587957613       -1.12254191687571
C           -2.68656125118726       -2.36892017506443       -2.21733684315071
C           -3.80550497482175       -1.46601361599310       -2.03349549588334
C           -4.78908495313589       -0.79697034493827       -1.88609882646250
C           -1.03534291671399       -0.69006115287468       -2.99785166397110
C           -1.71383988797224        0.62843579184391       -2.75500383484183
C           -1.03741246595848        1.75289622861473       -2.60866041594773
H           -0.30429202679631        1.25173449979293        0.22977173538595
H            1.45008441551201        0.75543044503310        0.39975590871438
H            0.91318346101682       -1.49245503653506       -0.37486389266163
H           -1.60262516850037       -1.89051967444801        0.10052988017448
H           -1.92290831057645       -0.30930750211645       -0.61135224360926
H            0.24245665168599       -2.44392415982004       -4.17131867960935
H            1.69102259349571       -4.35308191550913       -4.38759310304073
H            1.93842794207497       -5.97698227032439       -2.53873672109961
H            0.66630893976426       -5.62898471060103       -0.44523075773867
H           -0.80239957955719       -3.72735245863234       -0.19681126827502
H           -2.71423079926998       -2.77683046641710       -3.23491239281128
H           -2.80140504187845       -3.20389515808937       -1.51606026928937
H           -5.63963889684010       -0.18749164441258       -1.77531915211763
H            0.04488220705746       -0.52696288549542       -2.98162612694889
H           -1.33841320202766       -1.05073283039120       -3.98432182414461
H           -2.79182791185948        0.62674961046256       -2.78110954428541
H           -1.53672180617558        2.69910697583429       -2.50367129275730
H            0.03993366067709        1.77726522694584       -2.60933481001389
34
 energy: -43.664063595666 gnorm: 0.004165528065 xtb: 6.7.1 (edcfbbe)
C            0.43769058001208        0.48343119510708        0.12264257282615
C            0.14541260947293       -0.72755595980389       -0.31164316624305
C           -1.24958560937740       -1.16695681486280       -0.64710487710801
N           -1.33173806342061       -1.77034892896246       -2.01331492618873
C           -0.38608134638876       -2.91186447152824       -2.16001137229255
C            0.32467671693430       -3.12059739634679       -3.33319559266262
C            1.16149584274196       -4.22055100182938       -3.45306045210065
C            1.29419602399572       -5.12318304075103       -2.41494197912649
C            0.57275869308057       -4.92532065795308       -1.25064225095002
C           -0.26897500219032       -3.83405020050867       -1.12494438906518
C           -2.68838644009673       -2.36205852346489       -2.24124460022023
C           -3.80732564792927       -1.46837581974973       -2.01148899488397
C           -4.78631184978394       -0.80017795249524       -1.83930726578484
C           -1.02600552702867       -0.68802179052448       -3.00754173526905
C           -1.70960660707878        0.62686486199457       -2.76055068141332
C           -1.03942691412273        1.75321672503037       -2.60149340126071
H           -0.31854098111333        1.24092784792360        0.25364041388157
H            1.44078941805533        0.75648215970548        0.39587778616260
H            0.91353976141319       -1.48151467707480       -0.41360508539117
H           -1.60472240429723       -1.89419070415838        0.08554099272427
H           -1.92891720907253       -0.31298441143846       -0.62380939951975
H            0.25241221857682       -2.45388248629866       -4.17516039860928
H            1.70731232409897       -4.36347940928084       -4.37176013081668
H            1.94731235884365       -5.97528610675933       -2.51290249283004
H            0.65750307390076       -5.62135276386417       -0.43170616479739
H           -0.81912770793384       -3.72418858645916       -0.20450118005122
H           -2.72411319323994       -2.73383238654538       -3.27346794449907
H           -2.79544888156005       -3.22237274889970       -1.56869599274680
H           -5.63365578738140       -0.19275154625840       -1.69587617827752
H            0.05384202437551       -0.52510006197283       -2.98228166897466
H           -1.32126859768962       -1.04482496742265       -3.99732427024339
H           -2.78748899522282        0.62055224298422       -2.79075746573992
H           -1.54210129210276        2.69677465853513       -2.49255772392009
H            0.03755641152852        1.78279372393220       -2.60009998460544
34
 energy: -43.664181748505 gnorm: 0.009665236681 xtb: 6.7.1 (edcfbbe)
C            0.42507019671589        0.48146535813728        0.13187361759438
C            0.13916860489256       -0.72295169184233       -0.32541469101888
C           -1.25322454044990       -1.16804420818533       -0.66119772578780
N           -1.33066533419522       -1.77022748553129       -2.02852390995107
C           -0.38795319469841       -2.91579079830258       -2.16760182654881
C            0.33188160067090       -3.12727589984196       -3.33426412444850
C            1.17248208475195       -4.22576964351925       -3.44226197368005
C            1.30053482212629       -5.12304287264834       -2.39884623604361
C            0.56612068130587       -4.92395827226088       -1.24258761113309
C           -0.28022940160617       -3.83523724011753       -1.12920122599967
C           -2.68974365259285       -2.35222754050516       -2.26739929747687
C           -3.80239982772212       -1.46266819335762       -2.00134899327497
C           -4.78180420197693       -0.80432100113579       -1.78086821550379
C           -1.01469065815765       -0.68733759326428       -3.01966255435396
C           -1.70471971176438        0.62379583331617       -2.77465822914944
C           -1.04270205056910        1.75301860813155       -2.60117010016241
H           -0.33361676454615        1.23152708292968        0.28124656832494
H            1.42895883358308        0.75773011694297        0.39890940553362
H            0.91398778186344       -1.46696828370213       -0.44909364451234
H           -1.60475009417217       -1.89925365441300        0.06893747102347
H           -1.93739173206567       -0.31796606410475       -0.63585823507684
H            0.26455762061874       -2.46416579817347       -4.17961154431826
H            1.72655440268636       -4.37276209146280       -4.35535203502784
H            1.95907999882266       -5.97199594009032       -2.48625136913740
H            0.64507227151216       -5.61679958382310       -0.42052955181509
H           -0.84054594793847       -3.72629142939020       -0.21488573843985
H           -2.73372175080662       -2.68768304583640       -3.31137909246316
H           -2.79461938586754       -3.23515989448008       -1.62486601927497
H           -5.62620275165578       -0.20325305220719       -1.58929056661447
H            0.06467066781022       -0.52379087632868       -2.98435205485520
H           -1.30079094232901       -1.04276105057375       -4.01233977078007
H           -2.78280108009493        0.61323968490994       -2.81496926117397
H           -1.55177538520463        2.69272839607204       -2.48840332502978
H            0.03387884105288        1.79041812465738       -2.58606813942048
34
 energy: -43.664316158729 gnorm: 0.003747831289 xtb: 6.7.1 (edcfbbe)
C            0.41419061603597        0.48025717385367        0.14676620236382
C            0.13480917471246       -0.71799260117734       -0.33111703369074
C           -1.25419827439243       -1.16847984738978       -0.67083833862334
N           -1.32896287544660       -1.76981095112350       -2.03887740843910
C           -0.38974748235659       -2.91913386507252       -2.17406675670333
C            0.33769502053345       -3.13096883980102       -3.33589308095550
C            1.18182427254523       -4.22733590467714       -3.43591849371325
C            1.30596173856704       -5.12214117443131       -2.38983939535005
C            0.55926466803897       -4.92533375361497       -1.24075955445225
C           -0.29114596278135       -3.83917180855730       -1.13534541444406
C           -2.69130399284314       -2.34280713534330       -2.27969768003265
C           -3.79907071372602       -1.46062352815746       -1.97246103079781
C           -4.77039447103015       -0.80313510475369       -1.73619313208425
C           -1.00649792848006       -0.68852851022643       -3.02963332646745
C           -1.70217759539990        0.62019282321800       -2.79386522717067
C           -1.04750693833610        1.75190960843569       -2.60832665443199
H           -0.34472593374383        1.22579373345629        0.30631337555595
H            1.41817823750101        0.75745489041567        0.41325377425865
H            0.91556908492417       -1.45335680379265       -0.46680532863395
H           -1.60055541049547       -1.90407189577877        0.05760536623494
H           -1.94415772024295       -0.32277024718582       -0.64267263301845
H            0.27527204756970       -2.46984989317210       -4.18314429905033
H            1.74227781835481       -4.37576527705041       -4.34489024328117
H            1.96921517768933       -5.96775514962860       -2.47001207534505
H            0.63156673812991       -5.61843770084023       -0.41833380716557
H           -0.86046299261383       -3.73457251939986       -0.22600384536083
H           -2.74773257207342       -2.64773379497396       -3.33126022780850
H           -2.79095732922940       -3.24293293227861       -1.66290277048245
H           -5.61051267499986       -0.21007639533156       -1.52235873406166
H            0.07232542455522       -0.52332366313031       -2.98664866687123
H           -1.28453840879529       -1.04662101931360       -4.02366234841548
H           -2.78039255087521        0.60805002780955       -2.85126290842207
H           -1.56418683810042        2.68818198947255       -2.49796901044317
H            0.02874864680391        1.79711006953939       -2.57046929269265
34
 energy: -43.664394727076 gnorm: 0.003230298158 xtb: 6.7.1 (edcfbbe)
C            0.40505274407331        0.47880058731062        0.15841013729214
C            0.13215398150670       -0.71473836624148       -0.33464483754041
C           -1.25484857485137       -1.16802731845428       -0.67942028186879
N           -1.32712029002462       -1.77002691338638       -2.04736005063324
C           -0.38974223034235       -2.92081436583571       -2.17844041754920
C            0.34599553103775       -3.13191510512972       -3.33576788807648
C            1.19122896220080       -4.22769628446989       -3.43072501490239
C            1.30877701017178       -5.12272518396980       -2.38392321545207
C            0.55241752014271       -4.92849877774026       -1.24063667170074
C           -0.29982153934001       -3.84309537840051       -1.14049822381143
C           -2.69204230841684       -2.33549144644827       -2.29243449762549
C           -3.79298516151643       -1.45419381019719       -1.95922635084106
C           -4.76194934706095       -0.80301428002756       -1.69202945015801
C           -0.99918083738814       -0.69015384738442       -3.03692038581902
C           -1.70232733416479        0.61646347999144       -2.81282245024408
C           -1.05380005388592        1.75005496784732       -2.61672642929517
H           -0.35807731875226        1.21910305659360        0.32828132346497
H            1.40827877769200        0.75712867461636        0.42797766971995
H            0.91707242927753       -1.44432944332673       -0.47862921027872
H           -1.60051785005762       -1.90405567687129        0.04929819940674
H           -1.94732331147156       -0.32402104907998       -0.65147175136832
H            0.28934355495672       -2.47076085553795       -4.18336572936755
H            1.75786433160874       -4.37481990582032       -4.33629819076441
H            1.97502206639413       -5.96633137090591       -2.45903695723980
H            0.61821819602858       -5.62276164442422       -0.41830109189644
H           -0.87724687089643       -3.74142443641164       -0.23557602965928
H           -2.75682572307234       -2.61930576612998       -3.34832273886314
H           -2.79167416399775       -3.24603373325864       -1.69293015050248
H           -5.59678232663609       -0.21230234170462       -1.45394453881267
H            0.07904697817120       -0.52096072301586       -2.98402359093737
H           -1.26551094877158       -1.05214473187441       -4.03342381052601
H           -2.78003075633343        0.60154082249711       -2.88711211939051
H           -1.57683215283076        2.68386408805304       -2.51067088210397
H            0.02183701654826        1.79890707913592       -2.55657437265056
34
 energy: -43.664481045575 gnorm: 0.005096160826 xtb: 6.7.1 (edcfbbe)
C            0.39375848197592        0.47511212120804        0.17864373535250
C            0.13068351387367       -0.71237553350025       -0.33344650297231
C           -1.25384473300906       -1.16696073055072       -0.68869448981707
N           -1.32372033134785       -1.77005115422953       -2.05598114143436
C           -0.38889337224808       -2.92191001101172       -2.18332389822451
C            0.36020157245694       -3.12945571661477       -3.33383097029594
C            1.20527346811008       -4.22539429501218       -3.42479838109755
C            1.31023382278589       -5.12485266856573       -2.38027830206675
C            0.54129063707244       -4.93582480884522       -1.24476885967631
C           -0.31133406038821       -3.84989410680607       -1.14886928255500
C           -2.69267039090261       -2.32588019025095       -2.30355727936457
C           -3.78350363007069       -1.44431519186973       -1.93962641120578
C           -4.74667272466253       -0.79933850865996       -1.63611895550417
C           -0.98962025367043       -0.69309084753244       -3.04446335710124
C           -1.70660650878832        0.60996847325288       -2.83982341457963
C           -1.06734237834593        1.74597584269629       -2.62714396956950
H           -0.37437399818701        1.21001002269355        0.34841654639157
H            1.39490190589780        0.75571867420219        0.45512806252712
H            0.91984600332251       -1.43635576726272       -0.48405242995484
H           -1.60266109886123       -1.90122398512200        0.04081851238891
H           -1.94648856786236       -0.32271544220621       -0.66376833662474
H            0.31462873785714       -2.46476012068957       -4.17928441619215
H            1.78092972987709       -4.36728830656126       -4.32580449140968
H            1.97764782937081       -5.96776854439204       -2.45150727703273
H            0.59675418299198       -5.63414194827575       -0.42459587444560
H           -0.89937298294595       -3.75198553246263       -0.24989839839118
H           -2.76858945025036       -2.58432183176334       -3.36398367451193
H           -2.79409478457848       -3.24810830900151       -1.72393960121992
H           -5.57535080872580       -0.21159219070096       -1.37088329689700
H            0.08695984680303       -0.51474680069798       -2.97588743003814
H           -1.23622531362577       -1.06273573159354       -4.04437685751965
H           -2.78233053668394        0.59038585860220       -2.94517575462686
H           -1.59832970305426        2.67796414127216       -2.54236655232752
H            0.00658589581240        1.79817314024965       -2.54004724999782
34
 energy: -43.664540749571 gnorm: 0.004036406932 xtb: 6.7.1 (edcfbbe)
C            0.38979703269428        0.47233619373994        0.18690395807462
C            0.13297621188203       -0.71236856200777       -0.33282550317287
C           -1.25122567564462       -1.16521305023715       -0.69346926757590
N           -1.32038959412011       -1.76942434926401       -2.05984686488503
C           -0.38734408123836       -2.92189941467540       -2.18596231703141
C            0.37317262267309       -3.12497998258347       -3.33038834393942
C            1.21643514008940       -4.22230781776168       -3.42028201447261
C            1.30890226466578       -5.12830626566846       -2.38011552209074
C            0.53126755304102       -4.94332799984278       -1.25022862887097
C           -0.31940210026308       -3.85541731610418       -1.15557314199198
C           -2.69246782870579       -2.31936115806964       -2.30686748734394
C           -3.77739860046967       -1.43817106354915       -1.92365961949198
C           -4.73414876514756       -0.79411760258029       -1.60214371337877
C           -0.98395539009442       -0.69495409091838       -3.04860620060035
C           -1.71294173781272        0.60495142693353       -2.86225658871661
C           -1.08174313420383        1.74362464023793       -2.64067166715309
H           -0.38495799039093        1.20198305533307        0.36082158199299
H            1.38624002495420        0.75290503771402        0.47997994246731
H            0.92237146949719       -1.43574944157366       -0.47978516267363
H           -1.60536053182579       -1.89636422838262        0.03686196218167
H           -1.94051642237157       -0.31810780173518       -0.67279054948786
H            0.33877538051850       -2.45484513582988       -4.17214704398908
H            1.79973461506514       -4.35847743761848       -4.31738039529852
H            1.97412393438858       -5.97313562090353       -2.45082987608542
H            0.57827129545498       -5.64600382603765       -0.43306923508915
H           -0.91443316170999       -3.75896534897370       -0.26092189349808
H           -2.77567528805580       -2.56252508096765       -3.37021205699322
H           -2.79430525997084       -3.24885135872022       -1.73842723397814
H           -5.55892741713872       -0.20688377042624       -1.32468225826191
H            0.09039278527287       -0.50778915398021       -2.96842301899759
H           -1.21541071483518       -1.07187465118136       -4.04954572032366
H           -2.78626695567892        0.57971901621434       -2.98778387479850
H           -1.61766339701190        2.67373909555607       -2.56519778565858
H           -0.01025628350857        1.79638306386194       -2.52776445886157
34
 energy: -43.664601070083 gnorm: 0.003238306209 xtb: 6.7.1 (edcfbbe)
C            0.38881651574710        0.46737379519873        0.19719455616098
C            0.13608036906954       -0.71546444497027       -0.32939662291781
C           -1.24800199169880       -1.16338275935439       -0.69673558227436
N           -1.31702493617624       -1.76778348455004       -2.06294607229197
C           -0.38497901313792       -2.92109424778996       -2.18807302123672
C            0.38692570886209       -3.11937151374052       -3.32562354456096
C            1.22702268724073       -4.21935050217117       -3.41471663243545
C            1.30589511472296       -5.13280986843190       -2.37990176065418
C            0.52028389187861       -4.95041136008560       -1.25530170357131
C           -0.32689562531037       -3.85956321553156       -1.16162778757790
C           -2.69152313267184       -2.31388053130498       -2.30925621585343
C           -3.77353723939188       -1.43454927892736       -1.91188508140108
C           -4.72443798278805       -0.78965346821802       -1.57698670688650
C           -0.97929283737653       -0.69497517649044       -3.05225284123091
C           -1.72037463874524        0.59998226317476       -2.87717774205614
C           -1.09879095108643        1.74231140502362       -2.64683943684438
H           -0.38847334167481        1.19513747087736        0.36421929879715
H            1.38245503116246        0.74936667889507        0.49692787573281
H            0.92506973198716       -1.44028641642085       -0.47492778200742
H           -1.60898704247699       -1.89252374039046        0.03211299393649
H           -1.93221253021737       -0.31231427658475       -0.67960938843350
H            0.36455283391167       -2.44325930218658       -4.16310400534250
H            1.81849136993512       -4.35075841211663       -4.30712253592819
H            1.96709282334270       -5.98114874715961       -2.45090403390780
H            0.55903106047853       -5.65725863088001       -0.44145848925930
H           -0.92810433264055       -3.76324070288273       -0.27119313092234
H           -2.77965749645013       -2.54743393340592       -3.37456121135614
H           -2.79183581850549       -3.24828890595252       -1.74759709912677
H           -5.54537962860991       -0.20010834464674       -1.29287635685844
H            0.09222793141530       -0.49883654592383       -2.96146797531187
H           -1.19809632901378       -1.07701820718125       -4.05338515657477
H           -2.79057169875784        0.56763438144923       -3.02116732536956
H           -1.63809681458035        2.67118376612442       -2.58697853491312
H           -0.03000168844482        1.79799625655298       -2.52267094751635
34
 energy: -43.664665283869 gnorm: 0.002937338432 xtb: 6.7.1 (edcfbbe)
C            0.39469434063588        0.46081728976600        0.20281641852462
C            0.14139981695618       -0.72135484398356       -0.32443816192675
C           -1.24336532126788       -1.16060157228102       -0.69810508427119
N           -1.31301208396884       -1.76467606080860       -2.06471572263178
C           -0.38130839765689       -2.91916138479792       -2.18929663614217
C            0.40336708314133       -3.11092917722287       -3.31840079100295
C            1.23839438664401       -4.21505610818051       -3.40726200901110
C            1.30051379367883       -5.13830020688245       -2.38008860328596
C            0.50597791449535       -4.95843906111253       -1.26129137701545
C           -0.33587023892208       -3.86369504927121       -1.16799738555072
C           -2.68922581864435       -2.30906564989467       -2.30921677705250
C           -3.76961327944514       -1.43191526855176       -1.90739469356136
C           -4.71466208842716       -0.78494437218122       -1.56074064012220
C           -0.97529150097360       -0.69312189191242       -3.05572405670338
C           -1.73007472500800        0.59501368393747       -2.89221585522668
C           -1.12194772596055        1.74337683347662       -2.65596420335329
H           -0.38254656737516        1.18912585191973        0.36288255510171
H            1.38513603261651        0.74131460077084        0.51203123570508
H            0.92717121796025       -1.45100366634133       -0.46290581426575
H           -1.61274137067844       -1.88808955383854        0.02789239866026
H           -1.92066049880360       -0.30424154297060       -0.68438901983632
H            0.39551915657416       -2.42748952471678       -4.15018108488955
H            1.83957909581534       -4.34219767872773       -4.29351184309528
H            1.95545860058318       -5.99169746753043       -2.45248423875425
H            0.53444474424022       -5.67093998793181       -0.45230296406528
H           -0.94403897925192       -3.76806143018019       -0.28247554252728
H           -2.77948637560248       -2.54018037595382       -3.37412247596324
H           -2.78838945865498       -3.24428683420481       -1.74936781392610
H           -5.53355665774806       -0.19355802203767       -1.27208314082005
H            0.09265433773722       -0.48695743050563       -2.95464928903582
H           -1.18224462321413       -1.08091541649700       -4.05584982919195
H           -2.79676743332919        0.55249515563312       -3.05133267383448
H           -1.66607227833034        2.66915717749905       -2.60682075946154
H           -0.05576509781710        1.80579898551228       -2.51758412146090
34
 energy: -43.664721644700 gnorm: 0.003429205635 xtb: 6.7.1 (edcfbbe)
C            0.40080678102757        0.45302450405216        0.20880934522111
C            0.14557632208323       -0.72722441366914       -0.32385708314665
C           -1.23982903853251       -1.15789789890940       -0.70293894459691
N           -1.30863299401661       -1.76119756418570       -2.07042812898167
C           -0.37771746271421       -2.91763433553651       -2.19215927836737
C            0.42295292075905       -3.10330166695595       -3.31031401502376
C            1.25306016269160       -4.21185848807455       -3.39521684271411
C            1.29542931166487       -5.14361421743571       -2.37472154296366
C            0.48754648591604       -4.96603824591521       -1.26434430397600
C           -0.34977666517486       -3.86796103553408       -1.17532277104028
C           -2.68593586381213       -2.30320184967084       -2.31700884214266
C           -3.76552056793761       -1.43091359917075       -1.89535197785946
C           -4.70258981989002       -0.77998083211877       -1.53104531198918
C           -0.96827101084648       -0.68970028333552       -3.06149287599798
C           -1.73962930478621        0.58943361461805       -2.91003051668335
C           -1.14920763859336        1.74566494523759       -2.66464246276902
H           -0.37563330226732        1.18188285033237        0.36950138228263
H            1.38993198177537        0.73110022122000        0.52260757628398
H            0.92894496387422       -1.46035155286057       -0.46200382111410
H           -1.61650279821009       -1.88473816620093        0.01965502066778
H           -1.91157062638599       -0.29736065543275       -0.69127446552858
H            0.43203133068476       -2.41331919091409       -4.13675844303202
H            1.86692213088156       -4.33687487957686       -4.27306433546530
H            1.94515077853345       -6.00127198420454       -2.44529965739084
H            0.50251428353072       -5.68376646398393       -0.45965433768552
H           -0.96858898083905       -3.77378156432138       -0.29686601064336
H           -2.78067840419032       -2.51960730439767       -3.38754470694539
H           -2.78073637834058       -3.24876889407751       -1.76906491602618
H           -5.51881234437604       -0.18864240389985       -1.22963902072557
H            0.09615855590432       -0.47298346227692       -2.94604116517151
H           -1.15912501385341       -1.08291491195315       -4.06252769995427
H           -2.80321251559286        0.53361397504901       -3.08590763572292
H           -1.70225150658272        2.66610342579065       -2.62388412550746
H           -0.08513377238593        1.82030232831041       -2.50945808528366
34
 energy: -43.664789654908 gnorm: 0.003859010106 xtb: 6.7.1 (edcfbbe)
C            0.41614803217074        0.44763387796663        0.20693388996626
C            0.15216782502000       -0.73425561869403       -0.31766936367620
C           -1.23499439674779       -1.15501418943727       -0.69999943109212
N           -1.30511697390678       -1.75798818062579       -2.06797389333467
C           -0.37351423337614       -2.91432046714444       -2.19038746613415
C            0.43631293684553       -3.09379728471616       -3.30180457151128
C            1.25997772454599       -4.20715833679988       -3.38797809286453
C            1.28713189979389       -5.14793451654987       -2.37567152858906
C            0.47248130274591       -4.97317010441013       -1.26958721906621
C           -0.35873488607242       -3.87126902498103       -1.17936331408456
C           -2.68094494696463       -2.30329910818121       -2.31291486792830
C           -3.76274448764649       -1.43265174851263       -1.89980455343421
C           -4.69522429962217       -0.77555888664068       -1.53997064187918
C           -0.96765805774593       -0.68535354489635       -3.05942354463068
C           -1.74984755607711        0.58689143707394       -2.91542652871956
C           -1.17298475005952        1.74930701989963       -2.66942855153816
H           -0.35458123669971        1.18405134208287        0.36038692143952
H            1.40697963499264        0.71998552931348        0.51992670205028
H            0.93022677437152       -1.47502506964477       -0.44800268867942
H           -1.61688954474608       -1.88086305310711        0.02070260955462
H           -1.90177608304210       -0.29078209942210       -0.68879124494100
H            0.45756855042320       -2.39729134628316       -4.12208099920301
H            1.88129974743132       -4.33025750906541       -4.26046703268502
H            1.93072391884691       -6.00965299693942       -2.44836868998692
H            0.47701087447412       -5.69715655557548       -0.47039302817922
H           -0.98333804262265       -3.77965218417830       -0.30492554433819
H           -2.77324816914139       -2.52818558249103       -3.38070471918621
H           -2.77504051791908       -3.24433463701798       -1.75974883575893
H           -5.51231517567194       -0.18485186882267       -1.24716240485785
H            0.09418554359951       -0.46072617280741       -2.93753910070981
H           -1.14980850422030       -1.08296720967454       -4.06039748530639
H           -2.81132613906501        0.52093713480448       -3.09737776629144
H           -1.73415834623680        2.66497603567506       -2.63295117821576
H           -0.11029841767879        1.83595491980074       -2.50892583618205
34
 energy: -43.664852851889 gnorm: 0.003074021604 xtb: 6.7.1 (edcfbbe)
C            0.42727208958090        0.44304165322601        0.20663161454918
C            0.15631251606950       -0.73806933500528       -0.31593212179599
C           -1.23173715353184       -1.15345224791322       -0.70082125298869
N           -1.30156378892370       -1.75560498269298       -2.06930498180878
C           -0.37104042189606       -2.91268884219195       -2.19017328395475
C            0.45119453013450       -3.08668056927148       -3.29346985311372
C            1.27094908738420       -4.20310664091509       -3.37820138970331
C            1.28201042154038       -5.15134791531186       -2.37271139330521
C            0.45597958197534       -4.98133638333038       -1.27388795140963
C           -0.37140730977687       -3.87665422123884       -1.18522865258181
C           -2.67722815188078       -2.29952597377810       -2.31676996407057
C           -3.75822161705197       -1.43053156180322       -1.90156370042671
C           -4.68648961076542       -0.77221064644655       -1.52957685050171
C           -0.96320117159951       -0.68223442045433       -3.05937659977586
C           -1.75831893166495        0.58330950937935       -2.92684251572716
C           -1.19598552118389        1.75148819503842       -2.67476284701269
H           -0.33749964164646        1.18616368363554        0.35609314972218
H            1.41987961478140        0.70819874904061        0.52229758298106
H            0.93059001065269       -1.48268745889074       -0.44192168589629
H           -1.61656719948204       -1.87823725765801        0.01962729255826
H           -1.89620869614619       -0.28733884413195       -0.69018638050913
H            0.48639158929949       -2.38363872892289       -4.10782764956210
H            1.90187337228786       -4.32326322380087       -4.24446343099534
H            1.92240824144500       -6.01509885891674       -2.44447826131618
H            0.44813770373048       -5.71127369011787       -0.47982584502546
H           -1.00514492223002       -3.78902584291481       -0.31665614182883
H           -2.76930371708981       -2.52237407866637       -3.38389021315943
H           -2.77274255470662       -3.24114244799767       -1.76744938849032
H           -5.50371566515334       -0.18501797074047       -1.22951089642118
H            0.09612113682676       -0.44916674974062       -2.92844470126470
H           -1.13244350672313       -1.08449411247252       -4.06166726302353
H           -2.81802471865846        0.50794782330352       -3.12039680138046
H           -1.76915356503598        2.66096143569360       -2.64457960772634
H           -0.13545203056308        1.85131195600568       -2.50201801502808
34
 energy: -43.664920330145 gnorm: 0.002880078809 xtb: 6.7.1 (edcfbbe)
C            0.44082192859276        0.43957272364648        0.20248823871667
C            0.16110894610034       -0.74093247036990       -0.31649554435789
C           -1.22833973458743       -1.15212717797696       -0.70152036315005
N           -1.29800347630759       -1.75315084470357       -2.07039805170053
C           -0.36895444456581       -2.91088677079911       -2.18884799590899
C            0.46767792902026       -3.07950159665365       -3.28262289602780
C            1.28348357769728       -4.19904258043186       -3.36554285661566
C            1.27648720910908       -5.15516737003168       -2.36773851261368
C            0.43730146145152       -4.99072161100247       -1.27797246780260
C           -0.38612948953655       -3.88283675658131       -1.19141318728724
C           -2.67318028203037       -2.29529710584899       -2.32275811324043
C           -3.75480136746250       -1.42940330986043       -1.90053384161271
C           -4.67856878580663       -0.76939529549222       -1.52000695229576
C           -0.95845472991041       -0.67894216631146       -3.05820622805487
C           -1.76693784157200        0.57932557344176       -2.93605761842286
C           -1.22033303610965        1.75336302367008       -2.67811435915725
H           -0.31703122332248        1.19089052115876        0.35120679715798
H            1.43692476727151        0.69593542712896        0.51686828536349
H            0.93151272849123       -1.48932908429329       -0.44073130064852
H           -1.61407728782880       -1.87594054350127        0.01968008846669
H           -1.89163366525604       -0.28493642427739       -0.69048880015296
H            0.51771866399924       -2.36938703597448       -4.09000406963533
H            1.92503022976669       -4.31537600759025       -4.22480164683889
H            1.91406157039195       -6.02090311100151       -2.43774347036747
H            0.41518798856621       -5.72700553521573       -0.48988425636490
H           -1.03074120317290       -3.79970454942789       -0.33003188761036
H           -2.76426565629885       -2.50926156134505       -3.39276177919436
H           -2.77022816452982       -3.24253145511717       -1.78239493538352
H           -5.49668041659779       -0.18678932819611       -1.21316569635141
H            0.09796033475424       -0.43662128530248       -2.91836555603113
H           -1.11389389403474       -1.08450858313595       -4.06205653752429
H           -2.82431934977284        0.49416371665045       -3.13923648737080
H           -1.80776620863270        2.65469253823334       -2.65295782438037
H           -0.16326707787817        1.86797603651018       -2.49468017359534
34
 energy: -43.664985042495 gnorm: 0.003928571169 xtb: 6.7.1 (edcfbbe)
C            0.45564196967263        0.43624177105638        0.19667212505195
C            0.16713331021364       -0.74358444328772       -0.31966916543360
C           -1.22429372664800       -1.15077806924546       -0.70318126530305
N           -1.29431274229517       -1.75050860512257       -2.07241104691414
C           -0.36760640544227       -2.90966337435957       -2.18743786517487
C            0.48736617650528       -3.07144273408057       -3.26880722408109
C            1.29969285186159       -4.19373047050242       -3.34921325683490
C            1.27134987791381       -5.15954685246520       -2.36091827977746
C            0.41552203742689       -5.00202400256883       -1.28313948478619
C           -0.40433895562245       -3.89097688535249       -1.19949509026412
C           -2.67003472787831       -2.28859149671862       -2.33085549266341
C           -3.75201986472052       -1.42703778811447       -1.89743694210241
C           -4.67228293352395       -0.76866784974897       -1.50452467101808
C           -0.95220772938764       -0.67604403512134       -3.05783179012045
C           -1.77610521125095        0.57382802836080       -2.94677388689394
C           -1.24776210019191        1.75471284062262       -2.68065881644993
H           -0.29486612132825        1.19578377099165        0.34589675994840
H            1.45538241628969        0.68361997684687        0.50807185632258
H            0.93347208445653       -1.49617272131406       -0.44265997042359
H           -1.60945229486572       -1.87472379322537        0.01834865088259
H           -1.88659610135418       -0.28266074027031       -0.69048944525314
H            0.55489693837850       -2.35262726924687       -4.06743075155101
H            1.95440943464874       -4.30407558942017       -4.19964435241801
H            1.90587558170915       -6.02783498904395       -2.42872448524046
H            0.37663483707850       -5.74559789294758       -0.50250787670159
H           -1.06210847757294       -3.81271138095404       -0.34723760296951
H           -2.76056924698924       -2.48949603522970       -3.40408446678527
H           -2.76876175608061       -3.24256226838661       -1.80249936822081
H           -5.48902156909779       -0.18860543706733       -1.19096457452037
H            0.10047842066136       -0.42252171584814       -2.90620088390957
H           -1.09125062491237       -1.08460846345931       -4.06321730432641
H           -2.83026620204870        0.47744295219174       -3.16382886182760
H           -1.85091687067537        2.64619920568190       -2.66288998964843
H           -0.19541227493181        1.88518635734745       -2.48154518058503
34
 energy: -43.665010203923 gnorm: 0.001710551961 xtb: 6.7.1 (edcfbbe)
C            0.45814011247286        0.43556971622724        0.19233876081778
C            0.16910696359460       -0.74503137685239       -0.32172707888421
C           -1.22308363007256       -1.15157998001756       -0.70320350678756
N           -1.29474097603536       -1.75070601692848       -2.07270287390184
C           -0.36849883886929       -2.91035352783047       -2.18802165158546
C            0.48877200055715       -3.07093623148156       -3.26684284722354
C            1.30215388543710       -4.19247368983263       -3.34624244343282
C            1.27261210440829       -5.15908664353734       -2.35918591620841
C            0.41431219370321       -5.00251341702713       -1.28402030147624
C           -0.40624397636048       -3.89191317440847       -1.20113426062947
C           -2.67172533142712       -2.28687881171898       -2.32971542712907
C           -3.75031336187827       -1.42676047098034       -1.88640636088284
C           -4.68050280072386       -0.77813697573676       -1.50338594757856
C           -0.95261628091990       -0.67594798030564       -3.05787210717930
C           -1.77660241199495        0.57350898286483       -2.94572205597112
C           -1.24911192048086        1.75408204215463       -2.67787304300292
H           -0.29248613175461        1.19409912588884        0.34195945539272
H            1.45758391812743        0.68390237244949        0.50227900582639
H            0.93494589464862       -1.49859185997442       -0.44451470138795
H           -1.60769166300193       -1.87612731830332        0.01794304826901
H           -1.88467364193939       -0.28291301195147       -0.68969689156492
H            0.55749595821041       -2.35131484639104       -4.06408849666448
H            1.95919408592797       -4.30100304843164       -4.19449619018260
H            1.90771918428528       -6.02724877477757       -2.42653917233920
H            0.37462293563486       -5.74628347432466       -0.50422547593961
H           -1.06550093516775       -3.81370874724602       -0.35051909241398
H           -2.76593701069467       -2.48162235265725       -3.40306533155356
H           -2.76961352674344       -3.24269035361712       -1.80522353526019
H           -5.49004419343528       -0.18183273992144       -1.19985542558694
H            0.09917902612596       -0.42194168274010       -2.90508485814471
H           -1.09104511580848       -1.08366305110063       -4.06289328260423
H           -2.82923279999473        0.47706721005215       -3.16625358543165
H           -1.85061660230990        2.64571938245822       -2.66390593619818
H           -0.19788711352271        1.88353072599681       -2.47739247315330
34
 energy: -43.665020114278 gnorm: 0.005049708044 xtb: 6.7.1 (edcfbbe)
C            0.46426226064974        0.43395114764408        0.18241559256718
C            0.17347066129695       -0.74852362172767       -0.32609207293706
C           -1.22054163332042       -1.15322437579606       -0.70306881789394
N           -1.29614620692895       -1.75160342734240       -2.07296077126626
C           -0.37074698545699       -2.91218585315788       -2.18841430829785
C            0.49274348974143       -3.06901012698561       -3.26145632286886
C            1.30879617339924       -4.18867737530432       -3.33875559030708
C            1.27582779568406       -5.15769918664744       -2.35474050961547
C            0.41107913292631       -5.00431844521784       -1.28545814954375
C           -0.41159931207368       -3.89514560991981       -1.20430278004991
C           -2.67624132001408       -2.28206468599859       -2.32901478713071
C           -3.74769431181815       -1.41529428691737       -1.88287027543234
C           -4.67879850099715       -0.76706345607725       -1.50504556664016
C           -0.95286542762253       -0.67682521625875       -3.05798492101359
C           -1.77773556990528        0.57178133950837       -2.94597859554271
C           -1.25250038614477        1.75208197424423       -2.67405809207630
H           -0.28633328981936        1.19133183569332        0.33136021160886
H            1.46365881776099        0.68447622705918        0.48807431105534
H            0.93791568949926       -1.50422522492821       -0.44877145316839
H           -1.60410695194996       -1.87861258626876        0.01760197935684
H           -1.88022402004056       -0.28315086609884       -0.68758543453441
H            0.56429018380143       -2.34725479182817       -4.05568669751749
H            1.97152012933734       -4.29273984020683       -4.18220135724117
H            1.91286227127954       -6.02497574774873       -2.42082964980942
H            0.36910212974800       -5.74913875569428       -0.50776061958475
H           -1.07517539430993       -3.81817671964291       -0.35774721842367
H           -2.77342252602638       -2.46825319324768       -3.40235776619252
H           -2.77790159301467       -3.23943318932631       -1.80915103629923
H           -5.50972123495556       -0.20172267809401       -1.19845368067116
H            0.09718694924467       -0.42153998823862       -2.90221482782128
H           -1.08942730218146       -1.08358755676901       -4.06226123907868
H           -2.82788672646079        0.47443212481172       -3.17201018177491
H           -1.85218530545830        2.64329661919086       -2.66237265607047
H           -0.20379168587187        1.87931553728928       -2.46713671577763
34
 energy: -43.665060179672 gnorm: 0.002732738618 xtb: 6.7.1 (edcfbbe)
C            0.46695742144011        0.43374935063765        0.17901783037559
C            0.17495150665350       -0.74946284302283       -0.32720507871376
C           -1.21973812422702       -1.15351194113223       -0.70248261149866
N           -1.29677339998156       -1.75138193407232       -2.07259717513386
C           -0.37153184520578       -2.91221972595920       -2.18793535717937
C            0.49490084265184       -3.06724255187502       -3.25924807241067
C            1.31159382308241       -4.18651914996237       -3.33598940400813
C            1.27636243850684       -5.15693107211296       -2.35314669262467
C            0.40859386446273       -5.00546471196295       -1.28573196326087
C           -0.41484940668808       -3.89679323827616       -1.20520445925199
C           -2.67713909073400       -2.28101680546448       -2.32993011798357
C           -3.75320240103339       -1.41763659266188       -1.88786949329801
C           -4.68386422222086       -0.77092674204179       -1.50426530536746
C           -0.95272874315295       -0.67692455087358       -3.05774636670519
C           -1.77840492659586        0.57152285834827       -2.94806608562413
C           -1.25375929595231        1.75175178987519       -2.67388519928707
H           -0.28338028732984        1.19194545730178        0.32649869092454
H            1.46698577214849        0.68472161554253        0.48276311947615
H            0.93867899692355       -1.50573867802232       -0.45005249566971
H           -1.60269627698472       -1.87901910861204        0.01832825641909
H           -1.87899675704351       -0.28318700401309       -0.68588337663886
H            0.56788493437194       -2.34457779833135       -4.05270879581271
H            1.97653052118248       -4.28915883520225       -4.17807488902399
H            1.91431662087881       -6.02351241319734       -2.41851875257881
H            0.36493205741989       -5.75140011648312       -0.50896124217192
H           -1.08085545537425       -3.82136103574760       -0.36025226792121
H           -2.77304055484159       -2.46629028154265       -3.40360371692317
H           -2.77875538460780       -3.23919497706127       -1.81160072074972
H           -5.50652263112950       -0.19722166904860       -1.19226037361631
H            0.09720930985431       -0.42122282920555       -2.90077390366439
H           -1.08806532352245       -1.08445597126343       -4.06201940383327
H           -2.82852430245128        0.47395198530744       -3.17533053446753
H           -1.85411478678359        2.64272768222715       -2.65922712355659
H           -0.20528489371838        1.87822183790610       -2.46332691821272
34
 energy: -43.665092498628 gnorm: 0.001921938569 xtb: 6.7.1 (edcfbbe)
C            0.47226019651088        0.43386521200850        0.17102979325455
C            0.17737970702042       -0.75085791525102       -0.33028955804699
C           -1.21847778173320       -1.15424061773005       -0.70251034166013
N           -1.29747488870963       -1.75120032092424       -2.07301698818160
C           -0.37326074531319       -2.91282988368511       -2.18805134628785
C            0.49984426844337       -3.06406666763695       -3.25540487466461
C            1.31794953063870       -4.18244114017275       -3.33029273275821
C            1.27744331768161       -5.15552861382670       -2.34973408596967
C            0.40269669134781       -5.00832740004387       -1.28661169263831
C           -0.42240992337954       -3.90074665647811       -1.20805368941758
C           -2.67815440961244       -2.27909066631560       -2.33141272036501
C           -3.75511501034265       -1.41767081817180       -1.88631811194182
C           -4.68969472796160       -0.77560800612385       -1.50095038296622
C           -0.95247330978216       -0.67668598215407       -3.05763654567585
C           -1.78065171111281        0.57059029191983       -2.94959779947168
C           -1.25774236113583        1.75054498658662       -2.66943086456170
H           -0.27741747031345        1.19379611364175        0.31704297922201
H            1.47341510899253        0.68438909787870        0.47294758297397
H            0.93945384863210       -1.50861217269523       -0.45177642394525
H           -1.59990160545477       -1.87993384043055        0.01889795702583
H           -1.87776203196067       -0.28400507192838       -0.68405479577768
H            0.57710651169589       -2.33914745316349       -4.04691667386754
H            1.98795119330652       -4.28235263822681       -4.16927960067284
H            1.91718884085381       -6.02067258202136       -2.41322140605483
H            0.35473530052264       -5.75685173848954       -0.51191766852076
H           -1.09387060284761       -3.82870296507272       -0.36656080350973
H           -2.77484345095776       -2.46219772650494       -3.40608628876077
H           -2.77970911575063       -3.23861310196853       -1.81540194690250
H           -5.50509415552184       -0.19335424652755       -1.18640392398048
H            0.09735281424235       -0.41975247920327       -2.89845652838983
H           -1.08522244384564       -1.08536882113590       -4.06244043568383
H           -2.83043059292525        0.47285698783255       -3.18195433813925
H           -1.85879281643521        2.64197097499197       -2.65608883430342
H           -0.20860817479451        1.87706586102022       -2.45733690935336
34
 energy: -43.665124514937 gnorm: 0.002175195493 xtb: 6.7.1 (edcfbbe)
C            0.48121531638027        0.43370735640149        0.15702593855227
C            0.18136476925090       -0.75349279323267       -0.33565634354081
C           -1.21622173485961       -1.15569680514854       -0.70327431137142
N           -1.29869436313212       -1.75104201543398       -2.07443121597209
C           -0.37586284773811       -2.91371742831165       -2.18861947774364
C            0.50963770158049       -3.05829523078021       -3.24735416695318
C            1.32985116185264       -4.17534694694931       -3.31868989464387
C            1.27937720627117       -5.15327624531970       -2.34310518476335
C            0.39136014804493       -5.01363320771110       -1.28933328350887
C           -0.43603940939427       -3.90754070489423       -1.21449213862516
C           -2.68039513235628       -2.27520958538472       -2.33345882272689
C           -3.75603809743515       -1.41454441022214       -1.88276683304617
C           -4.69360933986829       -0.77866865245382       -1.49488898776965
C           -0.95258683742963       -0.67643168960355       -3.05839570830792
C           -1.78432894073428        0.56893502047217       -2.95406096173999
C           -1.26518909948829        1.74871298679762       -2.66552032308582
H           -0.26626052451598        1.19713327571628        0.29921661049963
H            1.48428027532887        0.68381017478834        0.45404294640007
H            0.94076491540375       -1.51410109197670       -0.45421016614836
H           -1.59452602569547       -1.88256245312086        0.01859784815766
H           -1.87573407922981       -0.28570325601038       -0.68139950408303
H            0.59540571895629       -2.32906753051370       -4.03443902204249
H            2.00977699541996       -4.27009982600321       -4.15081764008875
H            1.92201496459602       -6.01634789869363       -2.40300756613945
H            0.33502650544964       -5.76678676225460       -0.51913776496516
H           -1.11780960265807       -3.84135466847038       -0.38019486071990
H           -2.77856490987041       -2.45408110353077       -3.40930981679327
H           -2.78361298424965       -3.23684166028156       -1.82166288962403
H           -5.50403251778726       -0.19290450523125       -1.17413253214824
H            0.09634181068556       -0.41662659268894       -2.89560061540682
H           -1.08032504609573       -1.08709469931329       -4.06360812437643
H           -2.83300303795560        0.47006581905084       -3.19318479109740
H           -1.86842861962345        2.63919149672912       -2.64894094722512
H           -0.21748433910465        1.87513163357682       -2.44247944894531
34
 energy: -43.665154403332 gnorm: 0.001845186273 xtb: 6.7.1 (edcfbbe)
C            0.48708574700889        0.43407299309980        0.14634229811122
C            0.18385824347069       -0.75500155166236       -0.33968749738368
C           -1.21463619608573       -1.15687154780835       -0.70430519999355
N           -1.29942014662476       -1.75121844972524       -2.07584699041265
C           -0.37727491721361       -2.91430833794245       -2.18940398507942
C            0.51775511809022       -3.05380521277343       -3.24076384694238
C            1.33915427964791       -4.17016823303277       -3.30942926807270
C            1.28056457364823       -5.15208291156569       -2.33838417599837
C            0.38245782553655       -5.01796601408919       -1.29240448008837
C           -0.44607702180866       -3.91260596291909       -1.22035655324160
C           -2.68192760179961       -2.27255908395993       -2.33480432741236
C           -3.75536561944387       -1.41110786182451       -1.88029070074482
C           -4.69274821750885       -0.77723064438707       -1.48950650910317
C           -0.95293930683658       -0.67637048951783       -3.05922571042355
C           -1.78739996594897        0.56714734432505       -2.95540025575790
C           -1.27176011400987        1.74671347831705       -2.65994956019685
H           -0.25848921660854        1.19978271764383        0.28646783953051
H            1.49102959991737        0.68311567017817        0.44123994269717
H            0.94153749933063       -1.51786396969759       -0.45481541498684
H           -1.59043728655408       -1.88494370537749        0.01769733081698
H           -1.87454678889988       -0.28722107859504       -0.68016909694338
H            0.61044899697375       -2.32104781018259       -4.02384122540681
H            2.02674652738648       -4.26106089353656       -4.13576063502371
H            1.92484422024645       -6.01409496164698       -2.39564989932431
H            0.31930275661105       -5.77470398267325       -0.52619193509159
H           -1.13556822739969       -3.85060809210068       -0.39189729099779
H           -2.78112646366296       -2.44864462687965       -3.41111259351689
H           -2.78716128927509       -3.23541406142621       -1.82576981636198
H           -5.50317243056798       -0.19486621240619       -1.16263082230435
H            0.09500007976339       -0.41411398802586       -2.89389775428813
H           -1.07696714478885       -1.08778223696143       -4.06476168438807
H           -2.83443850556597        0.46768181988265       -3.20161627921041
H           -1.87571970294708        2.63680370983227       -2.64719861646073
H           -0.22493930408250        1.87456418743637       -2.43396528599243
34
 energy: -43.665208995797 gnorm: 0.001621978989 xtb: 6.7.1 (edcfbbe)
C            0.49983582923565        0.43412919497778        0.12278751470421
C            0.18925260376854       -0.75913440359860       -0.34788329290617
C           -1.21074491736035       -1.16023842037512       -0.70689934659153
N           -1.30066362144122       -1.75175173829477       -2.07961918773938
C           -0.38006962263004       -2.91568234404395       -2.19185097118064
C            0.53924088244849       -3.04210499799782       -3.22328394393206
C            1.36313784965912       -4.15715355294598       -3.28534356727768
C            1.28291333535577       -5.15011378858164       -2.32733954896942
C            0.35978301641303       -5.02937509038746       -1.30178998799600
C           -0.47055490461175       -3.92512172054087       -1.23643673138152
C           -2.68531346153263       -2.26618321343838       -2.33758971144573
C           -3.75002089544604       -1.40106614556049       -1.86998915451230
C           -4.68618610545417       -0.76949613168569       -1.47340751576441
C           -0.95412078113424       -0.67664634516776       -3.06242647061230
C           -1.79468676709648        0.56285715829475       -2.96333033766190
C           -1.28837376303745        1.74282708610099       -2.65468769989010
H           -0.24011364607594        1.20620458392628        0.25562101946074
H            1.50589746866168        0.68070324950418        0.41162844878859
H            0.94351751383182       -1.52698912974166       -0.45455945676557
H           -1.58074939824533       -1.89204518105216        0.01438612530281
H           -1.87168415875079       -0.29153517831921       -0.67721239895001
H            0.65020760914356       -2.29973691608959       -3.99490250173787
H            2.07044513600946       -4.23805931591970       -4.09592738749164
H            1.92997092805394       -6.01057332516620       -2.37856657356004
H            0.27888803144263       -5.79520912390514       -0.54652465889278
H           -1.17864121877444       -3.87272481440847       -0.42296045885434
H           -2.78853120364746       -2.43459332931690       -3.41454846471120
H           -2.79545801338442       -3.23187088649983       -1.83523672896074
H           -5.50017151420215       -0.19915147875248       -1.13376212976016
H            0.09106580929594       -0.40815425571902       -2.89164109796277
H           -1.06961819792918       -1.09056175891888       -4.06780269574806
H           -2.83792452631179        0.46074441998971       -3.22204171806779
H           -1.89678542759533        2.62937709397894       -2.64132811894881
H           -0.24607386865974        1.87464979965296       -2.41282124997627
34
 energy: -43.665241575014 gnorm: 0.001904891721 xtb: 6.7.1 (edcfbbe)
C            0.50925606747882        0.43240766311357        0.10824689586749
C            0.19385300399411       -0.76337733981007       -0.35267242201952
C           -1.20749170699462       -1.16249481523290       -0.70819851499634
N           -1.30133937463717       -1.75186941960416       -2.08189345477489
C           -0.38140100385656       -2.91633386104157       -2.19315516336764
C            0.55593179781442       -3.03287581565422       -3.20922103647903
C            1.38099612052267       -4.14738489063888       -3.26705465738308
C            1.28386452706142       -5.14961203841870       -2.32021785468568
C            0.34333110678340       -5.03813496423270       -1.30969816738585
C           -0.48730708602523       -3.93395592860129       -1.24817588095362
C           -2.68803721621280       -2.26132105983997       -2.34002216133048
C           -3.75026743576551       -1.39679500995978       -1.86630305136864
C           -4.68168821494185       -0.76483833514186       -1.46010140157078
C           -0.95439305145807       -0.67681332500807       -3.06456045559892
C           -1.80148048144580        0.55863554767847       -2.96871053981281
C           -1.30369061355381        1.73999169331379       -2.65131020322879
H           -0.22717797002076        1.20828092543425        0.23678806572603
H            1.51662962562773        0.67669658347718        0.39423013176224
H            0.94561703233816       -1.53462996270049       -0.45373271357936
H           -1.57515093516028       -1.89637749762951        0.01208531876289
H           -1.86770672101669       -0.29345674894401       -0.67505877514651
H            0.68031991923665       -2.28311923617500       -3.97152657070394
H            2.10313336547471       -4.22031029155709       -4.06516411382829
H            1.93166134314791       -6.00976537414974       -2.36808513092271
H            0.24944444298206       -5.81072942751108       -0.56305292879070
H           -1.20795119306426       -3.88775059994854       -0.44555604685001
H           -2.79350767292970       -2.42285275160404       -3.41751425248934
H           -2.80054177914059       -3.22962389533680       -1.84352092473640
H           -5.49058970024450       -0.19359785067816       -1.10958254388379
H            0.08852688843929       -0.40314672935615       -2.88907352974886
H           -1.06373205810617       -1.09271569785008       -4.06963617885691
H           -2.84157963362168        0.45338246534323       -3.23835074995272
H           -1.91590293766673        2.62388260626727       -2.64435566725046
H           -0.26395845503966        1.87682538199497       -2.40313532041535
34
 energy: -43.665281947519 gnorm: 0.001065186483 xtb: 6.7.1 (edcfbbe)
C            0.51972642493173        0.42728303207202        0.09760325576054
C            0.19919070020928       -0.76986567323589       -0.35577877845634
C           -1.20373824004123       -1.16477149078346       -0.70938924031697
N           -1.30121710301934       -1.75161712229129       -2.08425916415215
C           -0.38220561020757       -2.91688525287748       -2.19436470633669
C            0.57496266699372       -3.02226540034261       -3.19256907273001
C            1.40078260957840       -4.13642497922244       -3.24619146657211
C            1.28424924212636       -5.14968829861642       -2.31347208119831
C            0.32536239197151       -5.04822753736368       -1.31983843265956
C           -0.50474546352737       -3.94352305804092       -1.26149933865521
C           -2.69037538603185       -2.25577534644091       -2.34243380433123
C           -3.74770345349886       -1.39174250238038       -1.85666002422170
C           -4.67380811103492       -0.75697917497126       -1.44141917145211
C           -0.95413596871275       -0.67675180668145       -3.06717446249726
C           -1.81021305196333        0.55342518227715       -2.97954262314037
C           -1.32410767818792        1.73805058905069       -2.65640068948433
H           -0.21296630332474        1.20727953132863        0.22185490447304
H            1.52844818741314        0.66802825357806        0.38215725996077
H            0.94792012822393       -1.54456538302581       -0.45178459967852
H           -1.57138337037461       -1.90009291167382        0.00932359062491
H           -1.86164790176703       -0.29423604891071       -0.67329485453369
H            0.71463949950230       -2.26371554635711       -3.94322976187652
H            2.13929194904490       -4.20025438491087       -4.02955475119277
H            1.93162224798706       -6.01023307824178       -2.35877025872967
H            0.21701287640854       -5.82863028624829       -0.58360910527495
H           -1.23817451516119       -3.90353645248320       -0.47063952209351
H           -2.80016200373913       -2.40727062184905       -3.42092764558222
H           -2.80428674096800       -3.22788954190617       -1.85410615443465
H           -5.47686939639123       -0.18214489383888       -1.08479051231273
H            0.08576504314958       -0.39587325675417       -2.88557178612811
H           -1.05481375615774       -1.09637266713965       -4.07165879062045
H           -2.84707759596356        0.44204915066773       -3.25876237804244
H           -1.94383532529248        2.61689824936614       -2.65281302211492
H           -0.28783699217646        1.88253872824528       -2.39772281199251
34
 energy: -43.665323305824 gnorm: 0.000941572508 xtb: 6.7.1 (edcfbbe)
C            0.53260537288661        0.41802080926666        0.09300667302299
C            0.20584083550272       -0.77911221863810       -0.35624067880837
C           -1.19909431997032       -1.16630164315860       -0.71057201039222
N           -1.30037332396378       -1.75076087878900       -2.08645633491503
C           -0.38252748587727       -2.91708687566062       -2.19504606902067
C            0.59722594694563       -3.00951495684047       -3.17258063533894
C            1.42317822764016       -4.12369466766976       -3.22257453248178
C            1.28407115055303       -5.15010562710793       -2.30733088899490
C            0.30426700735932       -5.06039993537238       -1.33293794594856
C           -0.52451497267861       -3.95451517222948       -1.27671168179736
C           -2.69247121092121       -2.24865752730851       -2.34502140219411
C           -3.74471121712226       -1.38641164717719       -1.84526909933938
C           -4.65962992909703       -0.74456442519890       -1.41663289386530
C           -0.95270577473659       -0.67643968825315       -3.06962646407653
C           -1.82217755745678        0.54543140448955       -2.99507782499234
C           -1.35266422986625        1.73593431310630       -2.66847661966934
H           -0.19570898017374        1.20317557225477        0.21173932433169
H            1.54283884114792        0.65460426394849        0.37628374320899
H            0.95033231119282       -1.55808337642753       -0.44848762243562
H           -1.56993012728923       -1.90178780954328        0.00641375840775
H           -1.85223448880673       -0.29229876153514       -0.67259409833370
H            0.75480215255258       -2.24034716853563       -3.90882270331764
H            2.18028311721005       -4.17687448028787       -3.98874268784366
H            1.93062044076007       -6.01134004646471       -2.35082479146675
H            0.17933160414571       -5.85024266663202       -0.60936693659368
H           -1.27243879023775       -3.92189554374180       -0.49893161333023
H           -2.80714367235007       -2.38644387329668       -3.42489007333046
H           -2.80791237134197       -3.22629193092668       -1.86863316505979
H           -5.45667363661058       -0.16524796882472       -1.05350760170423
H            0.08250785452951       -0.38445399925086       -2.87825680393585
H           -1.03891110602130       -1.10159282134286       -4.07352916912191
H           -2.85478761018557        0.42348041543462       -3.28635034632167
H           -1.98271752408277        2.60771703699480       -2.67366886097822
H           -0.32090653363690        1.89232189471680       -2.39757194335591
34
 energy: -43.665344501485 gnorm: 0.001335141929 xtb: 6.7.1 (edcfbbe)
C            0.54264109459478        0.41021231758519        0.09327293158066
C            0.21135239727253       -0.78566658414442       -0.35630302642809
C           -1.19541717768433       -1.16598818587693       -0.71151861762904
N           -1.29866316991812       -1.74952582909216       -2.08761989998938
C           -0.38193590060624       -2.91681019251735       -2.19502101396493
C            0.61115975760733       -3.00182836952319       -3.15879324452193
C            1.43603920134650       -4.11679773430706       -3.20746782720831
C            1.28244257853198       -5.15147274470216       -2.30471787002967
C            0.29128077850298       -5.06781496251604       -1.34234528503676
C           -0.53588427182821       -3.96068091825535       -1.28655936531752
C           -2.69271049828285       -2.24265252531138       -2.34728201318735
C           -3.74130330688911       -1.38304650326729       -1.83559161232927
C           -4.64720822902626       -0.73493118505241       -1.39687403969127
C           -0.95016477169100       -0.67542016543283       -3.07040183775453
C           -1.83167271174471        0.53846487106789       -3.00905107181435
C           -1.37682451149869        1.73466163747095       -2.68252372902461
H           -0.18387499824789        1.19631507804707        0.21428129022638
H            1.55183104755877        0.64088873802310        0.38421908890831
H            0.95183725171676       -1.56888724345127       -0.44527326257870
H           -1.57102056293017       -1.89998085698277        0.00478618510457
H           -1.84358506360469       -0.28824098468330       -0.67414359793713
H            0.78052313799404       -2.22576877410386       -3.88454909247203
H            2.20390758750902       -4.16386724905863       -3.96244790072085
H            1.92765480840611       -6.01373855991249       -2.34792169231054
H            0.15588866607019       -5.86371826355441       -0.62779117162308
H           -1.29157841907136       -3.93178681680944       -0.51662252644831
H           -2.81096703706475       -2.36811817288493       -3.42825664896597
H           -2.80881060930795       -3.22525511562681       -1.88184854697008
H           -5.44064979770850       -0.15191733533474       -1.03204562315725
H            0.08036290159490       -0.37347607622014       -2.86926590748665
H           -1.02194853532974       -1.10470329535930       -4.07373951566551
H           -2.86031111124514        0.40595108204587       -3.30964999236940
H           -2.01534742787805        2.60003562905139       -2.69629728191904
H           -0.34937309714851        1.90178529068747       -2.40192628126107
34
 energy: -43.665351896574 gnorm: 0.001401133624 xtb: 6.7.1 (edcfbbe)
C            0.54894822537628        0.40285136301842        0.09914742609295
C            0.21460574723085       -0.79114518394624       -0.35308598016956
C           -1.19273800170025       -1.16576279269474       -0.71205367691591
N           -1.29729158981428       -1.74827462902361       -2.08854534034587
C           -0.38190799651599       -2.91653860439147       -2.19523554561188
C            0.62077942130581       -2.99650797222909       -3.14989959909013
C            1.44502325898464       -4.11207240153009       -3.19762181481533
C            1.28121274115149       -5.15220200099097       -2.30268008175612
C            0.28108161842137       -5.07302653373099       -1.34851902877052
C           -0.54498974245880       -3.96501480898540       -1.29335642293265
C           -2.69251203795220       -2.23770891391182       -2.34924564206405
C           -3.73802478349226       -1.37989618480395       -1.82810231103111
C           -4.63925054773112       -0.72960298194227       -1.38268371228079
C           -0.94751471774714       -0.67428234002889       -3.07064231003805
C           -1.83793146156923        0.53336063576180       -3.01890198553783
C           -1.39401895806006        1.73320094507105       -2.69049663539854
H           -0.17424870280817        1.19384151461878        0.21264170795764
H            1.55984802406132        0.63367097976060        0.38461914951200
H            0.95298065384046       -1.57585729837150       -0.44434647489255
H           -1.57156474675291       -1.89912706143768        0.00328329669445
H           -1.83771317125580       -0.28560575600709       -0.67460807076242
H            0.79872320396545       -2.21572358812003       -3.86872453402390
H            2.22026988379027       -4.15526823629401       -3.94561462327531
H            1.92570537335397       -6.01507743544151       -2.34539579145370
H            0.13864372656277       -5.87274131213045       -0.63951228554557
H           -1.30661166703937       -3.93882869644221       -0.52876196543409
H           -2.81338448482879       -2.35406688369181       -3.43094303825397
H           -2.80950185746886       -3.22394119778064       -1.89196244895434
H           -5.43201552064411       -0.14712895208676       -1.01559533721961
H            0.07925932454542       -0.36511351848818       -2.86143598264334
H           -1.00785601612720       -1.10607557326444       -4.07360405091982
H           -2.86288451904626        0.39352515088883       -3.32902700419820
H           -2.03752517614151        2.59456529297937       -2.71368462933829
H           -0.36992550343602        1.90779497566529       -2.40269525657628
34
 energy: -43.665359258320 gnorm: 0.000550695405 xtb: 6.7.1 (edcfbbe)
C            0.54984944660352        0.40320918563807        0.09946070805503
C            0.21497902246010       -0.79055985330837       -0.35326545973166
C           -1.19250527977363       -1.16483682276201       -0.71198474647959
N           -1.29672402608378       -1.74765578438968       -2.08832380827894
C           -0.38156959049899       -2.91603460740789       -2.19489914019535
C            0.62005585508372       -2.99687631818231       -3.15060479660318
C            1.44354759679449       -4.11299729223448       -3.19897673411111
C            1.28035870963953       -5.15249009023324       -2.30320916901675
C            0.28112152427689       -5.07252206456073       -1.34796635318458
C           -0.54445036177420       -3.96416213413934       -1.29251414926383
C           -2.69177301954288       -2.23688428770892       -2.34942819294955
C           -3.73761829988731       -1.37961328676101       -1.82857396145759
C           -4.63918143497651       -0.73095129725626       -1.38246516333005
C           -0.94624322132729       -0.67384681458916       -3.07039671086809
C           -1.83761266768248        0.53297220681438       -3.02099002391055
C           -1.39533894195006        1.73317141074967       -2.69229730691315
H           -0.17365831325339        1.19311814770748        0.21670438100417
H            1.56004251924682        0.63226273772786        0.38858363334289
H            0.95280720862156       -1.57604837047591       -0.44381844796185
H           -1.57161132071625       -1.89767084488297        0.00371986451560
H           -1.83730762769819       -0.28457086793014       -0.67499787616359
H            0.79769415785055       -2.21648159893454       -3.86983737890614
H            2.21776908453042       -4.15701937980006       -3.94808643450211
H            1.92440138186677       -6.01567492529849       -2.34621263693299
H            0.13905162577344       -5.87192049772312       -0.63846077117369
H           -1.30593792837547       -3.93776011816945       -0.52753263728757
H           -2.81218180653800       -2.35267969640133       -3.43103768344255
H           -2.80917877997703       -3.22325636327749       -1.89280404242804
H           -5.43316191607221       -0.15075917933442       -1.01386677933314
H            0.07982766389074       -0.36387196748679       -2.85972842376716
H           -1.00462868887638       -1.10593439883206       -4.07315010054935
H           -2.86160038362553        0.39221247078848       -3.33312260274478
H           -2.03926265819651        2.59402852273059       -2.71648626559627
H           -0.37228952981271        1.90832417992193       -2.40072078982718
34
 energy: -43.665365589052 gnorm: 0.000745685980 xtb: 6.7.1 (edcfbbe)
C            0.55072392756212        0.40262579251792        0.10316313717996
C            0.21530139362761       -0.78999094032042       -0.35208758297885
C           -1.19219803047736       -1.16327619678898       -0.71188688774678
N           -1.29529199234942       -1.74653114951336       -2.08805390620074
C           -0.38068215136435       -2.91525263982224       -2.19432794984565
C            0.61863449555547       -2.99811867277398       -3.15187874192072
C            1.44024113242905       -4.11554017968103       -3.20149777746776
C            1.27802130266121       -5.15381554393083       -2.30448185714620
C            0.28188538656147       -5.07134842791146       -1.34678288551625
C           -0.54271882658446       -3.96234964916766       -1.29090499528862
C           -2.69004594964928       -2.23529156760564       -2.35059696867311
C           -3.73633242920081       -1.37896254424760       -1.82916781417711
C           -4.63916218323145       -0.73338717610350       -1.38123910097591
C           -0.94361374907654       -0.67275293385062       -3.06973351174727
C           -1.83734970729230        0.53228120180791       -3.02465152702323
C           -1.39885863132455        1.73341244896635       -2.69446307716138
H           -0.17250488712561        1.19227632873969        0.22318659264022
H            1.56043391790312        0.62970176869926        0.39536048666192
H            0.95258887894233       -1.57600647177938       -0.44305802303271
H           -1.57264344009263       -1.89547063315518        0.00381747592289
H           -1.83648644975684       -0.28257343596123       -0.67600664341176
H            0.79620747630956       -2.21827642625433       -3.87159316476078
H            2.21220240106588       -4.16140235598389       -3.95265243469915
H            1.92096746055243       -6.01776553651113       -2.34804501523525
H            0.14049606573468       -5.87009187622936       -0.63649024195905
H           -1.30258213640216       -3.93451260164209       -0.52470255253858
H           -2.80972170636851       -2.34960239530535       -3.43237706935596
H           -2.80786405235545       -3.22220686215093       -1.89535588270970
H           -5.43431177382339       -0.15618044062907       -1.01014397038651
H            0.08117745016484       -0.36101255620536       -2.85586007225088
H           -0.99801127788969       -1.10557776306638       -4.07225530655341
H           -2.85934631356488        0.38954378133496       -3.34205095628235
H           -2.04379755275422        2.59333330966717       -2.72238015996312
H           -0.37768804838611        1.91034234485598       -2.39809161538886
34
 energy: -43.665370146166 gnorm: 0.000653505105 xtb: 6.7.1 (edcfbbe)
C            0.55394317562875        0.40084056287019        0.10653632975978
C            0.21687017998439       -0.79054301993062       -0.35083356111429
C           -1.19082386187758       -1.16147125998102       -0.71242295201296
N           -1.29310132543605       -1.74481966068507       -2.08861538490347
C           -0.37947902304920       -2.91427836981974       -2.19412941796107
C            0.62115305989572       -2.99792451287811       -3.15082599301106
C            1.44058885455021       -4.11694969015861       -3.20085017480281
C            1.27537715448638       -5.15570983928186       -2.30442971705853
C            0.27827201965980       -5.07221171021463       -1.34707205458831
C           -0.54439825553892       -3.96174553325163       -1.29128256788128
C           -2.68802994273447       -2.23204272896259       -2.35266118111546
C           -3.73349560437174       -1.37669195727736       -1.82753470536864
C           -4.63771014221060       -0.73540406039784       -1.37597116936311
C           -0.94008196253080       -0.67114615304517       -3.06988843420152
C           -1.83900948132851        0.53029244337358       -3.03137989846740
C           -1.40814590920661        1.73321728330324       -2.69718130441198
H           -0.16801108836301        1.19128295034400        0.22849206949640
H            1.56347432979109        0.62498701839437        0.40144062117890
H            0.95297146032139       -1.57780772438719       -0.44167700129710
H           -1.57336521153250       -1.89295003523618        0.00295683699360
H           -1.83381113871688       -0.27973834768633       -0.67756332160470
H            0.80150089274567       -2.21762446006230       -3.86958208121366
H            2.21261685491651       -4.16396795456055       -3.95226143278612
H            1.91645101049220       -6.02105536128137       -2.34830520754422
H            0.13538635682949       -5.87081276892088       -0.63679748751397
H           -1.30517246623538       -3.93304828650815       -0.52571237426019
H           -2.80791886687125       -2.34255666411908       -3.43489962277597
H           -2.80647650336516       -3.22052278486441       -1.90077396296613
H           -5.43272838867898       -0.16087304433962       -1.00056266401649
H            0.08254811824245       -0.35558716520447       -2.85088409974261
H           -0.98776734388769       -1.10554886079858       -4.07207051229808
H           -2.85770562442036        0.38371576627666       -3.35779439762109
H           -2.05601345099861        2.59078783405431       -2.73107000951781
H           -0.39023787619001        1.91412809523523       -2.39168316600125
