24
 energy: -32.775282630508 gnorm: 0.076318625600 xtb: 6.7.1 (edcfbbe)
C            1.11331000000000       -0.10229000000000        0.16165000000000
C            0.61906000000000        1.08269000000000       -0.64451000000000
O            1.11424000000000        0.99425000000000       -1.99556000000000
C            2.31802000000000        1.60368000000000       -2.22337000000000
O            2.99166000000000        2.18976000000000       -1.39246000000000
C            2.70155000000000        1.45549000000000       -3.70069000000000
C            2.75941000000000        2.80402000000000       -4.40643000000000
C            1.36853000000000        2.96989000000000       -4.99534000000000
C            1.04650000000000        1.58703000000000       -5.51827000000000
N            1.65966000000000        0.67067000000000       -4.50996000000000
H            0.81703000000000       -1.04188000000000       -0.31630000000000
H            0.70553000000000       -0.07875000000000        1.17609000000000
H            2.20618000000000       -0.10631000000000        0.22216000000000
H           -0.47388000000000        1.06147000000000       -0.70455000000000
H            0.89901000000000        2.03308000000000       -0.17628000000000
H            3.63783000000000        0.89321000000000       -3.76728000000000
H            3.01945000000000        3.63477000000000       -3.74333000000000
H            3.50248000000000        2.77104000000000       -5.21263000000000
H            0.65533000000000        3.25879000000000       -4.21397000000000
H            1.33547000000000        3.72818000000000       -5.78261000000000
H           -0.02320000000000        1.37324000000000       -5.58140000000000
H            1.53836000000000        1.38335000000000       -6.47433000000000
H            2.07062000000000       -0.16444000000000       -4.94647000000000
H            0.94122000000000        0.33889000000000       -3.84329000000000
24
 energy: -32.780308053955 gnorm: 0.024504644930 xtb: 6.7.1 (edcfbbe)
C            1.11918695614953       -0.11121920269149        0.16209861486641
C            0.61583656972832        1.07246042613455       -0.64206407135828
O            1.10730790574453        1.01205748339252       -1.99555238575207
C            2.29774526000492        1.59821296213484       -2.23942256541109
O            2.96195934611783        2.18070189663296       -1.43950074053650
C            2.70191935641818        1.44995570987505       -3.71178504848866
C            2.76594273805678        2.80419799980668       -4.41560414985208
C            1.36450929462369        2.97016980714238       -4.99236182214173
C            1.04896439749437        1.57928660575470       -5.51110308590931
N            1.65747143379833        0.66724027108180       -4.49010149675620
H            0.81307869429784       -1.04715962618892       -0.30562405209003
H            0.70843150331833       -0.07382544366354        1.16716413235547
H            2.20683599144597       -0.09592068860711        0.23202667724530
H           -0.47474328323555        1.05726486392508       -0.72625076514916
H            0.92533721226481        2.01869173616514       -0.18835128969169
H            3.65468028428555        0.91446776743748       -3.75050621079522
H            3.03008904023331        3.61094588700466       -3.73234127651601
H            3.51019795272774        2.78023564392342       -5.21464415429307
H            0.65520333807211        3.25973798788874       -4.21403184913225
H            1.33089108052468        3.72277621257328       -5.77785161096361
H           -0.01936563877260        1.38384234306802       -5.59832084079823
H            1.52973135968435        1.40125148532939       -6.47490249714302
H            2.06438633646752       -0.16778377075554       -4.92090136222881
H            0.94777287054947        0.35224164263593       -3.80919814946013
24
 energy: -32.781057381873 gnorm: 0.012258709233 xtb: 6.7.1 (edcfbbe)
C            1.12234951893122       -0.11602285639591        0.16043569738065
C            0.61567440936603        1.06680676060695       -0.64367375469767
O            1.10804103015991        1.02153208620049       -2.00073837282363
C            2.28631569843259        1.60357514585848       -2.24545625727405
O            2.95318997097205        2.18987877093683       -1.45690933402383
C            2.69603551504334        1.44156823436244       -3.71994890963676
C            2.76793113967346        2.80248735943351       -4.41738803113887
C            1.36310690839260        2.97126369154634       -4.98964356003003
C            1.04937007520760        1.57605987650085       -5.50880179564846
N            1.65571788827469        0.66591810075075       -4.48590152449522
H            0.81742541187673       -1.05340925869519       -0.29906746573470
H            0.70681846467968       -0.06878642163312        1.16103747723467
H            2.20686773080165       -0.08792669374978        0.23689163305703
H           -0.47193853103471        1.05000989516471       -0.74155948472348
H            0.93643429317951        2.00977683485491       -0.19307544358145
H            3.65862050062180        0.92332307244426       -3.73878165324548
H            3.03775149180884        3.59237789933881       -3.71893664346435
H            3.50992492772496        2.78463359496082       -5.21514544966113
H            0.65957724612553        3.26176447290443       -4.20961233266416
H            1.32808845185129        3.71891933155290       -5.77675275988639
H           -0.01759752068134        1.38405929642917       -5.60781070600330
H            1.53207852476207        1.40493995340791       -6.47132302764694
H            2.05193076401670       -0.17306100116986       -4.91502024934815
H            0.94965608981378        0.37014185438933       -3.79194805194428
24
 energy: -32.781222071542 gnorm: 0.003795748155 xtb: 6.7.1 (edcfbbe)
C            1.12351510068275       -0.11703594312507        0.15962402363720
C            0.61393971498156        1.06419917476433       -0.64520207797398
O            1.11194682839897        1.02104078124319       -2.00379464859874
C            2.28485305139668        1.60250285867981       -2.24694035817861
O            2.95250223822196        2.20263704033726       -1.46575964331659
C            2.69449824084459        1.43589040045779       -3.72547927188468
C            2.76859399503692        2.80149565673059       -4.41809854936300
C            1.36253832263175        2.97245558477604       -4.98707638412032
C            1.05060850164753        1.57580396617896       -5.50743110364297
N            1.65473363437061        0.66604851624680       -4.48416973932620
H            0.82339379052236       -1.05702631691005       -0.29616645591019
H            0.70371673933879       -0.06609344349284        1.15859044172430
H            2.20703235768213       -0.08312080173506        0.24000450352189
H           -0.47190244149324        1.04358661173133       -0.74917229933632
H            0.93507250409139        2.00626410842133       -0.19461111017096
H            3.65959993836176        0.92410291119270       -3.73726836987579
H            3.04194187162910        3.58318950418474       -3.71253586786645
H            3.50839916800736        2.78753294361703       -5.21713971511407
H            0.66097851316489        3.26193396098262       -4.20558984014929
H            1.32508765534847        3.71766294306283       -5.77596192458007
H           -0.01541206825825        1.38255885421944       -5.61268625493796
H            1.53909263787305        1.40750628423855       -6.46740525291523
H            2.03953494382105       -0.17834177825741       -4.91274605266554
H            0.94910476169781        0.38503618245510       -3.78211404895640
24
 energy: -32.781262858115 gnorm: 0.002152892750 xtb: 6.7.1 (edcfbbe)
C            1.12454075474188       -0.11678229432157        0.16107833672232
C            0.61295576776316        1.06208220339502       -0.64548824975105
O            1.11547009715132        1.01773422393560       -2.00454462983684
C            2.28393871296260        1.60506165870857       -2.24770546831437
O            2.95296388843240        2.21000440664073       -1.46975995059220
C            2.69488273151794        1.43365772881539       -3.72802871321043
C            2.76919069846889        2.80103237729788       -4.41843739419895
C            1.36299454514900        2.97280182990336       -4.98579344300361
C            1.05227156229863        1.57664193842913       -5.50831344714167
N            1.65294580677377        0.66714376770440       -4.48338088025031
H            0.82932692206943       -1.05863993082820       -0.29450456732395
H            0.70203771054392       -0.06657709124326        1.15953869792478
H            2.20797235891346       -0.07989778079005        0.24347849970640
H           -0.47218628686148        1.03722020963370       -0.75212238787688
H            0.92922499063508        2.00571228071385       -0.19546771579611
H            3.65876166696628        0.92102556204126       -3.73945670489638
H            3.04420448672981        3.58050140742016       -3.71136124972517
H            3.50798063483226        2.78795498359791       -5.21865113318541
H            0.66148590686620        3.26108426192127       -4.20354043926407
H            1.32399497874848        3.71815564970892       -5.77478353358279
H           -0.01305799965696        1.38135626590081       -5.61801776820469
H            1.54705227232483        1.40909446822473       -6.46548354816395
H            2.02869081005127       -0.18253894812609       -4.91021270477920
H            0.94572698257784        0.39600082131649       -3.77817160525540
24
 energy: -32.781285485399 gnorm: 0.002559176075 xtb: 6.7.1 (edcfbbe)
C            1.12584792602855       -0.11591380264735        0.16398689301378
C            0.61229672019297        1.05981258962608       -0.64522606099396
O            1.11930625335984        1.01232204735233       -2.00385862029326
C            2.28528307841867        1.60412838321927       -2.24711633061327
O            2.95216605920321        2.21584679662987       -1.47230418311174
C            2.69511035624854        1.43262603049126       -3.72943392249225
C            2.76927923452741        2.80067704298169       -4.41869855161333
C            1.36328066038130        2.97310496828337       -4.98529525635846
C            1.05454077074577        1.57804474074797       -5.51084262890277
N            1.65007150785064        0.66865561869150       -4.48294155547881
H            0.83575419946845       -1.05945440442719       -0.29217977493615
H            0.70084924940804       -0.06748486768909        1.16179734523692
H            2.20926941035110       -0.07609807234442        0.24861144445486
H           -0.47254262522223        1.03093414776175       -0.75442706145919
H            0.92316590192801        2.00602817574959       -0.19688749125777
H            3.65719886897363        0.91751074678583       -3.74323055718893
H            3.04544155155103        3.57963523230671       -3.71161212942319
H            3.50747947480172        2.78797590250195       -5.21988411013082
H            0.66112964195726        3.25935444557189       -4.20249970483711
H            1.32328636691980        3.72021132731367       -5.77291963077761
H           -0.00992052554372        1.38092522498489       -5.62667398726908
H            1.55653892424741        1.41130701572292       -6.46468918904140
H            2.01787144540672       -0.18634824886975       -4.90647007510206
H            0.94066554879584        0.40602895925526       -3.77633486142432
24
 energy: -32.781304790964 gnorm: 0.002273451743 xtb: 6.7.1 (edcfbbe)
C            1.12833407763184       -0.11518239180193        0.16868810568969
C            0.61236439145215        1.05641183275000       -0.64413394698494
O            1.12257427772881        1.00628517298279       -2.00214448919650
C            2.28543431440141        1.60434834003798       -2.24680227562992
O            2.95019416965914        2.22035174827334       -1.47428090084357
C            2.69400598385991        1.43200428630986       -3.73038044577372
C            2.76918170341871        2.80011403446397       -4.41881565210393
C            1.36382155381552        2.97354916217668       -4.98613742697238
C            1.05802232811970        1.57995600472568       -5.51574887385263
N            1.64507586150434        0.67075465931594       -4.48279580900047
H            0.84398419301804       -1.06047728365036       -0.28810946638698
H            0.70031599413012       -0.06860397106214        1.16535555430134
H            2.21155026983667       -0.07112977011728        0.25629988463385
H           -0.47226364254886        1.02305567442851       -0.75588762040395
H            0.91751938203584        2.00591369630476       -0.19848882335776
H            3.65405377239109        0.91305703403377       -3.74731211285590
H            3.04594112383727        3.57914294137420       -3.71193354260292
H            3.50764327252673        2.78714292379882       -5.22006052812394
H            0.66026984162333        3.25667322130832       -4.20315887582731
H            1.32367376469054        3.72365177182656       -5.77110395741769
H           -0.00526616250503        1.38175214904423       -5.64090193440043
H            1.56921510623418        1.41388072523985       -6.46502174192201
H            2.00524644392355       -0.19041424149131       -4.90042432860443
H            0.93247797921496        0.41759227972780       -3.77583079236341
24
 energy: -32.781322316091 gnorm: 0.001907622652 xtb: 6.7.1 (edcfbbe)
C            1.13193529013534       -0.11470253850680        0.17458673196487
C            0.61302753294304        1.05237819717038       -0.64232310210629
O            1.12457628732639        1.00000184812471       -1.99962684090690
C            2.28495324395239        1.60302417284323       -2.24658728561058
O            2.94672744508699        2.22351507724390       -1.47591544812783
C            2.69105089991560        1.43148441428248       -3.73094675791225
C            2.76872463073326        2.79957221485170       -4.41846973565309
C            1.36460198145318        2.97432636873682       -4.98863153212425
C            1.06243514330677        1.58213946230050       -5.52269031621496
N            1.63825864173721        0.67341509705041       -4.48315039551928
H            0.85353621878125       -1.06197529219568       -0.28197307492793
H            0.70046545891790       -0.06897453767468        1.16965311663206
H            2.21463915417093       -0.06535366064143        0.26578758192683
H           -0.47143248321964        1.01479840127601       -0.75572482098276
H            0.91384853745534        2.00489084360736       -0.19977736861577
H            3.64930160429511        0.90873198350990       -3.75104467202871
H            3.04512008005261        3.57857420853896       -3.71121952919070
H            3.50846046537126        2.78634805839168       -5.21860859043168
H            0.65886369493445        3.25367759511708       -4.20614160094485
H            1.32552182545652        3.72779177797473       -5.77040035591612
H            0.00058815344700        1.38395928091301       -5.65980087370147
H            1.58422145595847        1.41619750178885       -6.46628908581892
H            1.99218148642831       -0.19391450704096       -4.89302944313298
H            0.92176325136028        0.42992403233787       -3.77680660065633
24
 energy: -32.781341191502 gnorm: 0.001987275419 xtb: 6.7.1 (edcfbbe)
C            1.13900351985641       -0.11455243372095        0.18414902391383
C            0.61457867510523        1.04596167155763       -0.63867133572275
O            1.12437537317151        0.99177552268714       -1.99551931102897
C            2.28135665271008        1.60081506651427       -2.24706879091484
O            2.94012244128806        2.22507885970464       -1.47767907492688
C            2.68392131406840        1.43041322873200       -3.73127502526127
C            2.76764739124675        2.79893208720559       -4.41695929487581
C            1.36665936656451        2.97613986677484       -4.99518055016422
C            1.06986645265844        1.58536318164163       -5.53485913251381
N            1.62639355788631        0.67786602810183       -4.48444822692499
H            0.86923791411368       -1.06510630798204       -0.27038440816246
H            0.70247604180438       -0.06834365892798        1.17669782840939
H            2.22060963206388       -0.05630247965416        0.28042557541533
H           -0.46971540601281        1.00259475340706       -0.75173176844906
H            0.91143383438102        2.00179961640994       -0.20038674647795
H            3.63992648012330        0.90274500501940       -3.75461834801632
H            3.04137147353374        3.57712549409702       -3.70756719307479
H            3.51142432443930        2.78558087481391       -5.21313046065773
H            0.65631234953103        3.25065331438716       -4.21520746966778
H            1.33159762335211        3.73346958985578       -5.77307825932576
H            0.01033509261443        1.38915508199612       -5.69122751361848
H            1.60785415507283        1.41814453393464       -6.46911200767272
H            1.97339202853166       -0.19781306023980       -4.88189776088185
H            0.90318971189569        0.44833416368440       -3.78039974939995
24
 energy: -32.781335096102 gnorm: 0.003547264479 xtb: 6.7.1 (edcfbbe)
C            1.14623488034340       -0.11439385030321        0.19389765373760
C            0.61614547160151        1.03942564545383       -0.63493343852031
O            1.12412799211992        0.98338735422013       -1.99133702682947
C            2.27765549529083        1.59853431088010       -2.24755234861227
O            2.93338456850164        2.22664666947058       -1.47946656534583
C            2.67662418307681        1.42930277529608       -3.73160747033822
C            2.76654104008585        2.79828524862994       -4.41539199650141
C            1.36878381336212        2.97800143488614       -5.00190023815117
C            1.07744129649387        1.58864818919945       -5.54726812396954
N            1.61429483977184        0.68240686795649       -4.48578929503568
H            0.88529095743579       -1.06830488093992       -0.25855553936825
H            0.70456441853176       -0.06769576019937        1.18389233340398
H            2.22672309004272       -0.04705466860406        0.29532318185910
H           -0.46798156723614        0.99014603954951       -0.74759142398083
H            0.90896131537685        1.99864301511172       -0.20098019438066
H            3.63033806528886        0.89663923851061       -3.75823852907467
H            3.03749958766062        3.57563334019015       -3.70378158461308
H            3.51448135541016        2.78482221677320       -5.20747895850216
H            0.65370962299646        3.24764473004406       -4.22454154328229
H            1.33787251690826        3.73922150351207       -5.77590328145121
H            0.02027196304787        1.39446351271982       -5.72323945934771
H            1.63193535660953        1.42009563286322       -6.47198848784390
H            1.95422966267374       -0.20177148603419       -4.87060247963249
H            0.88424007460568        0.46710292081374       -3.78409518421933
24
 energy: -32.781349510828 gnorm: 0.002015041662 xtb: 6.7.1 (edcfbbe)
C            1.14483370541999       -0.11440876081060        0.19065522047693
C            0.61530033246801        1.04162994107854       -0.63578373674681
O            1.12224191592583        0.98662933105053       -1.99287239688811
C            2.27740590637887        1.59828474560739       -2.24741668996992
O            2.93504769623428        2.22422999596125       -1.47834628629874
C            2.67777905415773        1.42929094098767       -3.73120631200949
C            2.76668393826437        2.79870402421208       -4.41509590214425
C            1.36890571069679        2.97783148662096       -5.00127368175292
C            1.07495693137024        1.58742770196316       -5.54334533143384
N            1.61800450445128        0.68102847449147       -4.48580648345084
H            0.88106591573305       -1.06753112009828       -0.26152833383085
H            0.70553416517121       -0.06728296091799        1.18181702054561
H            2.22562737996955       -0.04949727111171        0.28943785215771
H           -0.46897151695936        0.99414997796446       -0.74670475405057
H            0.91027286657986        1.99919444507274       -0.20008450280308
H            3.63245967502912        0.89905696981893       -3.75577609708192
H            3.03712265229371        3.57567913908834       -3.70309229612805
H            3.51471790065714        2.78568958855782       -5.20706374674764
H            0.65449658059853        3.25092714872240       -4.22465207922146
H            1.33850091702970        3.73623637886344       -5.77803746169368
H            0.01709598447196        1.39352024682158       -5.71207336389755
H            1.62320826691181        1.41818418004558       -6.47110819028112
H            1.96116378176511       -0.19943074971806       -4.87564479354600
H            0.88991573538115        0.46028614572836       -3.78412765320325
24
 energy: -32.781360793601 gnorm: 0.000505862158 xtb: 6.7.1 (edcfbbe)
C            1.14585809481090       -0.11417002025101        0.18891963554474
C            0.61398022801628        1.04276985654576       -0.63533787576470
O            1.11856498326097        0.98892962706261       -1.99371155953223
C            2.27511613231988        1.59726757402763       -2.24686979570276
O            2.93571457029895        2.22011132022055       -1.47670932727034
C            2.67686006932795        1.42872755490428       -3.73044449451962
C            2.76641488360456        2.79912738248072       -4.41367952826616
C            1.37038163969809        2.97833358540649       -5.00336955816522
C            1.07377260967788        1.58661584164067       -5.54177957658078
N            1.61927363265840        0.68047770211536       -4.48595585093580
H            0.88109628804735       -1.06734349193669       -0.26239085440110
H            0.70926604196705       -0.06696461611041        1.18149926137188
H            2.22693499968937       -0.04942322961568        0.28440097684786
H           -0.47051891972654        0.99518330505358       -0.74308350631298
H            0.90994432465407        1.99936720624270       -0.19856447561192
H            3.63204069841614        0.90022237594408       -3.75293322545829
H            3.03434870034709        3.57517393673553       -3.70000673965016
H            3.51685832654979        2.78698836367777       -5.20335818141033
H            0.65464168537526        3.25668868287961       -4.22989037675661
H            1.34349053067286        3.73291918559280       -5.78408212562538
H            0.01521841674544        1.39419686096200       -5.70604724155366
H            1.61842009825036        1.41556562770974       -6.47109053730280
H            1.96430238929343       -0.19765406691090       -4.87952045311232
H            0.89138957604439        0.45671943562291       -3.78512458983115
24
 energy: -32.781369011831 gnorm: 0.001204424416 xtb: 6.7.1 (edcfbbe)
C            1.15039136319056       -0.11337990872631        0.19041476306804
C            0.61237731043148        1.04168055174261       -0.63291330212952
O            1.11353787299687        0.98893468491637       -1.99281847529439
C            2.27122711713328        1.59455346065863       -2.24548007849465
O            2.93451231420976        2.21428342646889       -1.47451451849871
C            2.67291633990793        1.42778190804867       -3.72922863907513
C            2.76550170492594        2.79935866676560       -4.41093606881237
C            1.37337445920634        2.97971548522629       -5.00918401324022
C            1.07516192588543        1.58697917201687       -5.54485062218778
N            1.61593029671179        0.68158578837095       -4.48640477087062
H            0.88782360759807       -1.06773715602079       -0.25958093715977
H            0.71628827037644       -0.06702774805769        1.18424073986993
H            2.23152527416873       -0.04498535047645        0.28277639616871
H           -0.47233199873078        0.99080679455534       -0.73691543900419
H            0.90678619729963        1.99900461187156       -0.19685663529936
H            3.62763473324141        0.89889621299851       -3.75119812456234
H            3.02867550072242        3.57433144205755       -3.69445823852851
H            3.52117332186798        2.78837815990024       -5.19564804706555
H            0.65362033777452        3.26374897225213       -4.24146802437439
H            1.35349295313268        3.73084885394734       -5.79361597115640
H            0.01655316221239        1.39704631373316       -5.71084075102032
H            1.62148061514335        1.41264885113034       -6.47249946946691
H            1.96015406586142       -0.19719033191775       -4.87945491551057
H            0.88556325473228        0.45956713853804       -3.78769485735479
24
 energy: -32.781378570546 gnorm: 0.000845289261 xtb: 6.7.1 (edcfbbe)
C            1.15682150165446       -0.11225581746677        0.19402685406819
C            0.61082308067954        1.03881757112070       -0.62951066634603
O            1.10916069802655        0.98727311580002       -1.99065453113218
C            2.26739375800077        1.59163527554748       -2.24363609016079
O            2.93255750276697        2.20890313520180       -1.47250558045539
C            2.66767167116641        1.42677707730898       -3.72805531111407
C            2.76436238704498        2.79919111135871       -4.40786890958726
C            1.37680319279235        2.98128902496296       -5.01634832181313
C            1.07851683726254        1.58829719458748       -5.55117096400701
N            1.60913821030595        0.68389880668711       -4.48655210971431
H            0.89877775418476       -1.06844801161244       -0.25484024533257
H            0.72437080220603       -0.06765191952806        1.18862325345409
H            2.23777738238027       -0.03762765239768        0.28435420500360
H           -0.47386637378927        0.98212824089327       -0.73125388941344
H            0.90102626117381        1.99844107963621       -0.19554122534703
H            3.62114309876655        0.89546225809627       -3.75137410243255
H            3.02224081182958        3.57347427193038       -3.68864413887125
H            3.52598583402375        2.78934937048515       -5.18682766542178
H            0.65201250690635        3.26941303200919       -4.25488017165209
H            1.36489881027074        3.73061591704968       -5.80276955843754
H            0.02043035308005        1.40089386936323       -5.72439286208237
H            1.63112309389222        1.41026799536360       -6.47459504844021
H            1.94965221820777       -0.19870699543185       -4.87462488901114
H            0.87454860716677        0.46839204903467       -3.79008803175352
24
 energy: -32.781388736222 gnorm: 0.000465643967 xtb: 6.7.1 (edcfbbe)
C            1.16630937546686       -0.11050754174419        0.19908096165912
C            0.60827191109543        1.03408204557747       -0.62508185494866
O            1.10373856871282        0.98488531750558       -1.98759243291874
C            2.26256504290324        1.58798694425140       -2.24110146526525
O            2.92976224059178        2.20262780075330       -1.47000626654272
C            2.66028953453811        1.42544753979100       -3.72662950054182
C            2.76311003826724        2.79857447789695       -4.40408679901306
C            1.38157565069120        2.98333923880054       -5.02591698705844
C            1.08391401746761        1.59044161249194       -5.56048543106851
N            1.59845349582364        0.68780918191209       -4.48623680074053
H            0.91577371001959       -1.06959596639166       -0.24810256512419
H            0.73572640136273       -0.06859404069391        1.19454678564722
H            2.24680144869572       -0.02599595008431        0.28712715682114
H           -0.47606064133176        0.96763797480067       -0.72503253036929
H            0.89083710648752        1.99731142753058       -0.19383095593371
H            3.61156898911281        0.88987505107966       -3.75247694073626
H            3.01441829866410        3.57222226794062       -3.68172910960728
H            3.53221422209883        2.78983251074755       -5.17558083241929
H            0.65035611831166        3.27551878128925       -4.27221650833772
H            1.37999591661575        3.73126696084188       -5.81376937657202
H            0.02710874065433        1.40618553234423       -5.74581919389361
H            1.64700429369721        1.40692277532993       -6.47672936256357
H            1.93199018301138       -0.20169572405597       -4.86496934170909
H            0.85764533704207        0.48425178208555       -3.79249064876345
24
 energy: -32.781393916707 gnorm: 0.000541121882 xtb: 6.7.1 (edcfbbe)
C            1.17440626295968       -0.10879461291146        0.20236176730519
C            0.60546141040044        1.03014029412852       -0.62205405715649
O            1.09862536911993        0.98378420653558       -1.98560689689880
C            2.25818347889612        1.58558892256528       -2.23914703397278
O            2.92725837965310        2.19728844991686       -1.46753856107492
C            2.65435048576319        1.42435967398038       -3.72526001632705
C            2.76254142338849        2.79782316178075       -4.40131802506312
C            1.38573997515034        2.98488756130315       -5.03323398723288
C            1.08820109911203        1.59199764628183       -5.56727574560865
N            1.58985994299118        0.69115810343530       -4.48572260347195
H            0.93052453773629       -1.07041993074338       -0.24310963613036
H            0.74583710445374       -0.06913438715891        1.19878044112999
H            2.25440510598707       -0.01545276085662        0.28791017956409
H           -0.47838553395541        0.95458242542530       -0.72044944819545
H            0.88069127955786        1.99623798543441       -0.19241374098661
H            3.60370934208254        0.88525145948209       -3.75262653810418
H            3.00929926046643        3.57113189528154       -3.67697217848601
H            3.53718854893568        2.78908405465372       -5.16715684839284
H            0.64987717732980        3.28028332659305       -4.28536753387513
H            1.39197419858833        3.73160555612092       -5.82217734051997
H            0.03258500886477        1.41048126905086       -5.76198743352263
H            1.65927002840269        1.40397465877651       -6.47765826247046
H            1.91742827548470       -0.20366109625463       -4.85686312066093
H            0.84433783863086        0.49763213717911       -3.79424337984780
24
 energy: -32.781396589214 gnorm: 0.000338574045 xtb: 6.7.1 (edcfbbe)
C            1.17984471112130       -0.10730074666547        0.20354061103511
C            0.60288876506051        1.02765153963774       -0.62076887274176
O            1.09477852452630        0.98366639946367       -1.98484534793931
C            2.25521638721892        1.58403413957284       -2.23789326805011
O            2.92512271854355        2.19426560869954       -1.46577063674927
C            2.65079409232795        1.42357046268752       -3.72422204470694
C            2.76261393258488        2.79707382118985       -4.39986727503395
C            1.38853803355900        2.98582116411805       -5.03705142882173
C            1.09072711093552        1.59282582091261       -5.57064893133996
N            1.58477160699824        0.69315374921606       -4.48516847583335
H            0.94067997884190       -1.07066653175410       -0.24064992548638
H            0.75298690283076       -0.06920526203278        1.20075445291551
H            2.25941659533069       -0.00765954355788        0.28696913818297
H           -0.48048258861315        0.94527520701585       -0.71818257796700
H            0.87251431793404        1.99556598929835       -0.19174080908152
H            3.59893894633706        0.88238315592560       -3.75190724874196
H            3.00752495488895        3.57021616292410       -3.67475334350683
H            3.54005701893421        2.78757514712018       -5.16276629015825
H            0.65040433017049        3.28321188700339       -4.29230071928660
H            1.39904060404188        3.73172138416905       -5.82663381154736
H            0.03582238637687        1.41322746522589       -5.77064642886695
H            1.66619556624223        1.40215277724113       -6.47761644196724
H            1.90841116019694       -0.20476467549716       -4.85196886964756
H            0.83656394361080        0.50603487808614       -3.79499145465925
