25
 energy: -30.261502897533 gnorm: 0.044390641102 xtb: 6.7.1 (edcfbbe)
C            0.68569000000000        0.05312000000000        0.20105000000000
C            0.29596000000000        0.93856000000000       -0.97440000000000
C            1.00596000000000        0.53543000000000       -2.27375000000000
N            0.60319000000000       -0.81743000000000       -2.71087000000000
C            1.42434000000000       -1.93701000000000       -2.73201000000000
C            0.67344000000000       -2.97139000000000       -3.21505000000000
N           -0.58603000000000       -2.46112000000000       -3.47769000000000
C           -0.61624000000000       -1.15884000000000       -3.15883000000000
C           -1.71294000000000       -3.19833000000000       -4.03448000000000
C            0.74188000000000        1.55396000000000       -3.38169000000000
H            0.37209000000000       -0.98291000000000        0.04204000000000
H            0.20573000000000        0.41108000000000        1.11743000000000
H            1.76883000000000        0.06612000000000        0.35954000000000
H           -0.79163000000000        0.89710000000000       -1.10597000000000
H            0.55056000000000        1.97593000000000       -0.72592000000000
H            2.08890000000000        0.51425000000000       -2.09477000000000
H            2.44373000000000       -1.85125000000000       -2.39710000000000
H            0.87438000000000       -4.01086000000000       -3.40924000000000
H           -1.47237000000000       -0.50064000000000       -3.25490000000000
H           -2.63501000000000       -2.87189000000000       -3.54611000000000
H           -1.76986000000000       -2.99363000000000       -5.10684000000000
H           -1.57838000000000       -4.27062000000000       -3.86990000000000
H            1.13479000000000        2.53834000000000       -3.10751000000000
H            1.22343000000000        1.24132000000000       -4.31414000000000
H           -0.32940000000000        1.66098000000000       -3.58140000000000
25
 energy: -30.264822241287 gnorm: 0.019131034965 xtb: 6.7.1 (edcfbbe)
C            0.68452825523636        0.03974655526575        0.20236095503616
C            0.29142806171047        0.92347841096662       -0.97455533171616
C            1.00457227121056        0.54007884528661       -2.27543549332606
N            0.60168407810495       -0.80262366777120       -2.70676005418241
C            1.40693619100861       -1.91305851262392       -2.73050511043415
C            0.66089756673590       -2.94458229835845       -3.21019862618203
N           -0.58932563094310       -2.44933779428539       -3.46858992551963
C           -0.60419784514207       -1.15373702023166       -3.15493821283246
C           -1.70354108211159       -3.18762479108041       -4.02658831345834
C            0.73629435976036        1.54267559767082       -3.39476551250919
H            0.37707318066726       -0.99406992975026        0.04808931060294
H            0.20734735817231        0.39917439113972        1.11142355851905
H            1.76160367524937        0.06082023907486        0.36113110200310
H           -0.79143899758480        0.89063222077554       -1.11974909605339
H            0.55664640449890        1.95768412797850       -0.74663085936410
H            2.08314940267937        0.49410845452764       -2.08992608655898
H            2.42514531823188       -1.84887686690884       -2.40246856150836
H            0.88251922820810       -3.97688198131256       -3.39762523636836
H           -1.45254415134653       -0.50321302633417       -3.25308504779698
H           -2.63058156004202       -2.87156429907277       -3.55013351610131
H           -1.77136247977463       -3.00098370415552       -5.09954429047649
H           -1.56300687601364       -4.25406531075827       -3.86071438061396
H            1.13610396769449        2.51289613736750       -3.11061887414009
H            1.22111858457173        1.23659948062405       -4.32138473795415
H           -0.33000928078224        1.66299474196576       -3.58129765906463
25
 energy: -30.265429194213 gnorm: 0.007234747306 xtb: 6.7.1 (edcfbbe)
C            0.68246594721923        0.03063329092958        0.19538554153594
C            0.28876043817891        0.92086676623116       -0.97668047188094
C            1.00380978810592        0.54024398892621       -2.27764677146500
N            0.60098685201835       -0.79534975298365       -2.70705678325926
C            1.39657059139084       -1.89925828226425       -2.73095445161574
C            0.65043983486280       -2.93133373870678       -3.20701390963208
N           -0.59368103594251       -2.44300226383892       -3.46420891375616
C           -0.59879104154418       -1.15023829521828       -3.15372104724110
C           -1.69850453461343       -3.18195822340990       -4.01910532628826
C            0.73640631053803        1.54236078020881       -3.39595872679530
H            0.37956892465174       -1.00219831965854        0.03765142621125
H            0.20270150498487        0.38610453673991        1.10147546766377
H            1.75703119084346        0.05731535651467        0.35497713302922
H           -0.79155574740002        0.88733287689593       -1.12704022947659
H            0.55700691167648        1.95210122443036       -0.74845831835839
H            2.08013866792925        0.48428961471204       -2.08877276126806
H            2.41678905063929       -1.85856463404267       -2.40845445521069
H            0.89425384831555       -3.95915152540383       -3.38416497739359
H           -1.44488898094487       -0.50185333498904       -3.25190663131097
H           -2.63027544464834       -2.86993689298987       -3.55144795419858
H           -1.76957753827222       -3.00752501581832       -5.09392006674644
H           -1.55088690009938       -4.24533338274295       -3.84784560244222
H            1.14316118743423        2.50826046704393       -3.11458922169878
H            1.21700826385695        1.23036741920065       -4.31932279952451
H           -0.32789808918095        1.66609734023367       -3.57373014887751
25
 energy: -30.265536009007 gnorm: 0.004039116806 xtb: 6.7.1 (edcfbbe)
C            0.68016834290633        0.02511882818938        0.19138336660866
C            0.28787980651854        0.92027808789138       -0.97777987676347
C            1.00474741922479        0.54189719449248       -2.27927802425469
N            0.60143046913658       -0.79153543067031       -2.70888692264151
C            1.39526064662163       -1.89463097041463       -2.73076628515195
C            0.64730877978089       -2.92831246213148       -3.20472307262001
N           -0.59586731315056       -2.44040185049278       -3.46241149707037
C           -0.59900301816228       -1.14658054535502       -3.15432908030367
C           -1.69806724253927       -3.18141337382030       -4.01438255455184
C            0.73842965650622        1.54547120320167       -3.39685714455910
H            0.38024364806303       -1.00762169975684        0.02675747104796
H            0.19686639299649        0.37426508390936        1.09836238396180
H            1.75449799404857        0.05357038783439        0.35297725179276
H           -0.79206169099476        0.88626742957356       -1.12997397198024
H            0.55585393394421        1.95023244204445       -0.74477721942527
H            2.08067705983833        0.48554794531480       -2.08865345928668
H            2.41714598700050       -1.86638379284142       -2.41123149045355
H            0.90263404280914       -3.95451810368646       -3.37519411623345
H           -1.44578369899548       -0.49762246916714       -3.25299683720566
H           -2.63228267082561       -2.86907967953399       -3.55109077612248
H           -1.76843218306592       -3.01313471214540       -5.09068455229722
H           -1.54870324378113       -4.24411196073711       -3.83796043363283
H            1.15064665182714        2.51005390897377       -3.11810552279162
H            1.21369577630892        1.22990450410926       -4.32196636337938
H           -0.32624554601633        1.67301003521829       -3.56994127268617
25
 energy: -30.265596544041 gnorm: 0.001794217861 xtb: 6.7.1 (edcfbbe)
C            0.67665548309778        0.01710018113261        0.18504917678965
C            0.28707710771839        0.92019083606424       -0.97931205597845
C            1.00621300387183        0.54507622382676       -2.28136937418597
N            0.60302612447905       -0.78730829483790       -2.71232521049000
C            1.39582733812597       -1.89090713757195       -2.73059159404828
C            0.64529425959871       -2.92672745268497       -3.20111716286920
N           -0.59735457703109       -2.43816002933329       -3.46008246501043
C           -0.59931812858130       -1.14219039115201       -3.15612918662734
C           -1.69872810504677       -3.18235466200301       -4.00793950991103
C            0.74105269669178        1.55166335416888       -3.39709723123006
H            0.38082199022629       -1.01564252626073        0.01005018215592
H            0.18766521042764        0.35651504587530        1.09335043889345
H            1.75059207574238        0.04728228319608        0.35170042324996
H           -0.79280543501125        0.88667201604898       -1.13355457503823
H            0.55459513358833        1.94876484035141       -0.73903308062443
H            2.08206710448931        0.49036828250159       -2.08915156504268
H            2.41906119064345       -1.87503326336310       -2.41436007772478
H            0.91162709239889       -3.95141661845237       -3.36320271680205
H           -1.44651353359573       -0.49232266488639       -3.25637256205115
H           -2.63480269727507       -2.86664769517771       -3.54977642235200
H           -1.76681046517961       -3.02260941388184       -5.08616616290224
H           -1.55010283638613       -4.24424830168741       -3.82290076354354
H            1.16211773990361        2.51401585757704       -3.12203852333082
H            1.20797818532708        1.23162958894549       -4.32566077344424
H           -0.32419595822358        1.68655994160412       -3.56447920788203
25
 energy: -30.265616542053 gnorm: 0.001848960081 xtb: 6.7.1 (edcfbbe)
C            0.67324522113284        0.01024993061127        0.17998795397983
C            0.28701283508375        0.91929027252629       -0.98072345898570
C            1.00721640793925        0.54803372159724       -2.28335101175011
N            0.60513472637440       -0.78480844302024       -2.71589351002030
C            1.39741368968223       -1.88933669936145       -2.73067485590814
C            0.64564955131496       -2.92633859096168       -3.19810557193059
N           -0.59673127689369       -2.43737723160801       -3.45822046153259
C           -0.59820806030481       -1.14001544873701       -3.15840537780733
C           -1.69964139035083       -3.18354361949929       -4.00254238887200
C            0.74227018920146        1.55708342840742       -3.39698629375532
H            0.38022331449866       -1.02209938575301       -0.00295956318372
H            0.17953651738147        0.34257614542926        1.08852217817246
H            1.74649795910793        0.04117515694758        0.35176859263802
H           -0.79292376284316        0.88820838488482       -1.13635561772580
H            0.55537693500410        1.94664521830826       -0.73536156585479
H            2.08319172594141        0.49464536502089       -2.09086148898843
H            2.42064808507077       -1.87654471021648       -2.41567051398475
H            0.91435027728707       -3.95083852063145       -3.35526061247934
H           -1.44474597835073       -0.48966503804179       -3.26088369970302
H           -2.63545505086739       -2.86200503734256       -3.54781437753356
H           -1.76506465817224       -3.03133799038890       -5.08201615172767
H           -1.55406137417544       -4.24447017583782       -3.80908650195868
H            1.17075844745326        2.51675056507982       -3.12360523627489
H            1.20242515785871        1.23498967022061       -4.32851022789584
H           -0.32307948837403        1.69900303236605       -3.55950023691770
25
 energy: -30.265640571232 gnorm: 0.001653291222 xtb: 6.7.1 (edcfbbe)
C            0.66889647260669        0.00208417121272        0.17435493744717
C            0.28757532348092        0.91761214424078       -0.98255233998174
C            1.00847885993332        0.55107294611301       -2.28575433816649
N            0.60804847990314       -0.78252066159754       -2.72042307780750
C            1.39970406387450       -1.88796533533536       -2.73109583717057
C            0.64726785062102       -2.92589617135071       -3.19465684982466
N           -0.59477924977245       -2.43688198038064       -3.45625830092818
C           -0.59560719866168       -1.13849780499796       -3.16152620265240
C           -1.70035591905734       -3.18441691981671       -3.99619862816239
C            0.74237835555082        1.56264843083906       -3.39652527889825
H            0.37878468113417       -1.02956533033923       -0.01667064254522
H            0.16942094723641        0.32765218353433        1.08200284183758
H            1.74100640011337        0.03363896606171        0.35278466516952
H           -0.79232346976270        0.89095700791702       -1.14002779810843
H            0.55842595281858        1.94325388279982       -0.73218597313421
H            2.08464580992042        0.49842481825478       -2.09386615443969
H            2.42262701329631       -1.87311428744861       -2.41628884689397
H            0.91367117502936       -3.95130978466861       -3.34805106030250
H           -1.44080484974184       -0.48757640475960       -3.26722235109553
H           -2.63501742412703       -2.85332293583361       -3.54621051834915
H           -1.76182217979732       -3.04274720060133       -5.07708374934019
H           -1.56009129020316       -4.24377903076209       -3.79100509991538
H            1.17963942831980        2.51866314238947       -3.12456542508421
H            1.19415351244008        1.23898846201518       -4.33156259225214
H           -0.32288274515541        1.71286769251384       -3.55192137940141
25
 energy: -30.265663931872 gnorm: 0.001267984714 xtb: 6.7.1 (edcfbbe)
C            0.66223989708804       -0.01066895590866        0.16615507187934
C            0.28904993556220        0.91497983446803       -0.98535744961806
C            1.01097848807872        0.55491648867124       -2.28960495161125
N            0.61207408082898       -0.77844023905986       -2.72681381596643
C            1.40252613054534       -1.88462498471564       -2.73169633815746
C            0.64917308694075       -2.92401684646160       -3.18953431819199
N           -0.59237959585508       -2.43522269718029       -3.45341101420393
C           -0.59159934349375       -1.13549064331190       -3.16606145376592
C           -1.70029628882496       -3.18462111111709       -3.98622420728078
C            0.74216433326832        1.57006503403519       -3.39618430912626
H            0.37565695677034       -1.04105057977547       -0.03675866031820
H            0.15427117761418        0.30555896523342        1.07235792461619
H            1.73263981349807        0.02113748682450        0.35394875178799
H           -0.79048623272019        0.89480417804246       -1.14629722296744
H            0.56423217141791        1.93753814764993       -0.72708877499481
H            2.08723689226594        0.50250933301317       -2.09849084777408
H            2.42559402340893       -1.86678496879261       -2.41671408906353
H            0.91239618451597       -3.95123092132124       -3.33779174888377
H           -1.43528651762941       -0.48349419329173       -3.27620140856793
H           -2.63445348826358       -2.83847085063881       -3.54646309933545
H           -1.75524617868278       -3.06184620717005       -5.06982753633596
H           -1.56842652899058       -4.24124209699442       -3.76128201583846
H            1.19118894502872        2.52145079832110       -3.12724050829958
H            1.18097454548867        1.24400266192273       -4.33649034490382
H           -0.32318248786086        1.73051236755724       -3.53943763307836
25
 energy: -30.265674402401 gnorm: 0.000668024068 xtb: 6.7.1 (edcfbbe)
C            0.65736463193282       -0.02049844647824        0.15983679001183
C            0.29071205188113        0.91341662162189       -0.98721805773824
C            1.01323505672797        0.55745346386342       -2.29245971786076
N            0.61488620822196       -0.77510756016245       -2.73119820382129
C            1.40456986224201       -1.88184197936093       -2.73208523829845
C            0.65057338398367       -2.92221077422112       -3.18595506699287
N           -0.59087803892933       -2.43347284052633       -3.45141738876544
C           -0.58890470139913       -1.13276876564528       -3.16911176335943
C           -1.69962291355687       -3.18452132338380       -3.97863766324732
C            0.74175106045217        1.57525476542616       -3.39597670503687
H            0.37103712601459       -1.04917254613604       -0.05130876733076
H            0.14450541068779        0.29000243022354        1.06504769258000
H            1.72658222943627        0.00904731106951        0.35379466350849
H           -0.78847771935926        0.89842806580182       -1.15066592984662
H            0.56967375348525        1.93320425555214       -0.72255756565982
H            2.08957265821316        0.50554362748144       -2.10206641707269
H            2.42757263465516       -1.86175595632028       -2.41659282358579
H            0.91117487195728       -3.95060304177974       -3.33102343497419
H           -1.43188367727680       -0.48018399422171       -3.28182223095103
H           -2.63421890343938       -2.82626001801092       -3.54969529783930
H           -1.74840970683487       -3.07872776859786       -5.06437735618874
H           -1.57541866937759       -4.23835324273440       -3.73674922078331
H            1.19701600141237        2.52413678461231       -3.12942265148860
H            1.17219827583303        1.24842046210255       -4.33961469023533
H           -0.32357088696348        1.74084046982390       -3.53123295502337
25
 energy: -30.265680823046 gnorm: 0.000609118108 xtb: 6.7.1 (edcfbbe)
C            0.65419063992567       -0.02701463415992        0.15599752484122
C            0.29246150515639        0.91271592599223       -0.98790963659171
C            1.01450629556507        0.55917562937401       -2.29432624584590
N            0.61631592868649       -0.77273976818036       -2.73357406259722
C            1.40564666014625       -1.87971952924268       -2.73246310805655
C            0.65125222279252       -2.92069068466919       -3.18387194018983
N           -0.59022210065591       -2.43202870817153       -3.45015445034633
C           -0.58758592878630       -1.13082465636111       -3.17057533978294
C           -1.69885891239896       -3.18451635629157       -3.97406802664245
C            0.74112230305102        1.57838895260242       -3.39615048930457
H            0.36535479841759       -1.05392977762867       -0.06009904831104
H            0.14028487868517        0.28116362663936        1.06133132765645
H            1.72303087349672       -0.00141760403544        0.35207561697711
H           -0.78652345395542        0.90195538853632       -1.15263661407049
H            0.57479358241232        1.93035499296650       -0.71910181672212
H            2.09095463716241        0.50767281975679       -2.10476065859567
H            2.42866632993431       -1.85860096898483       -2.41673693137661
H            0.91056110577792       -3.94971530675989       -3.32730629687763
H           -1.43040462886982       -0.47815646803313       -3.28437543870276
H           -2.63440621925226       -2.81668776279374       -3.55545697610082
H           -1.74126117715188       -3.09287150342946       -5.06141490582161
H           -1.58093338942010       -4.23574189452664       -3.71798143261796
H            1.19836038659525        2.52642191787424       -3.13008718260102
H            1.16813182834942        1.25185118936422       -4.34134591163930
H           -0.32439816566398        1.74522518016162       -3.52751795668015
25
 energy: -30.265692711797 gnorm: 0.001618802509 xtb: 6.7.1 (edcfbbe)
C            0.64937313850101       -0.03780769929050        0.14936632786337
C            0.29587504375661        0.91258637445704       -0.98845679943126
C            1.01638288208495        0.56195898660881       -2.29691328711772
N            0.61820597220781       -0.76900266593623       -2.73674252399580
C            1.40722904178214       -1.87622776637237       -2.73319627019749
C            0.65239663876489       -2.91802239586942       -3.18126985900085
N           -0.58941175324908       -2.42967186501440       -3.44803396970119
C           -0.58596449339955       -1.12780275905916       -3.17216170589804
C           -1.69741221888393       -3.18494691543931       -3.96721247530082
C            0.73924551067421        1.58328424935094       -3.39601414866129
H            0.35140986766020       -1.06071089669705       -0.07307249723038
H            0.13761424196391        0.26923345152706        1.05611682170031
H            1.71827598232784       -0.02319043973840        0.34624615483209
H           -0.78296486658459        0.91070400544802       -1.15442748650893
H            0.58575265495516        1.92611246155389       -0.71265036628876
H            2.09321166957596        0.51126350223959       -2.10941556946957
H            2.43030285176927       -1.85364577010029       -2.41728790111530
H            0.91000247048442       -3.94782289096898       -3.32282284889218
H           -1.42890275906237       -0.47527200898327       -3.28692611389186
H           -2.63537767733254       -2.79746660747327       -3.57154156358815
H           -1.72443513904577       -3.12200147128245       -5.05754308524339
H           -1.59314735780907       -4.23060197549510       -3.68212346940801
H            1.19578531464717        2.53137451339022       -3.12943549305592
H            1.16421657906465        1.25905120000271       -4.34268075194786
H           -0.32662359485340        1.74889538314143       -3.52431111845085
25
 energy: -30.265709799472 gnorm: 0.002901975641 xtb: 6.7.1 (edcfbbe)
C            0.64396318048139       -0.04952496360770        0.14288784112474
C            0.30136454132318        0.91336678915619       -0.98778402936400
C            1.01775520487173        0.56529064870362       -2.29958779458490
N            0.61933319512576       -0.76497630005816       -2.73906100064898
C            1.40873444317160       -1.87198391891610       -2.73461578414036
C            0.65374680802928       -2.91474149387178       -3.17955923354360
N           -0.58890076334511       -2.42717754362227       -3.44554881341398
C           -0.58534627731636       -1.12500209511994       -3.17193612184310
C           -1.69534359467290       -3.18587284492285       -3.96092073481520
C            0.73615678235254        1.58803599064317       -3.39632016816937
H            0.32799026423894       -1.06610920461785       -0.08446764325457
H            0.14113422942479        0.26056057349533        1.05361540153163
H            1.71399851237028       -0.05401744414425        0.33492332480019
H           -0.77736791616373        0.92410408462631       -1.15369699653653
H            0.60221369926411        1.92141492746339       -0.70421990525503
H            2.09517920501106        0.51558896916786       -2.11551571375466
H            2.43204543146711       -1.84794434211872       -2.41921418213657
H            0.91029678401269       -3.94501821275076       -3.32019579193043
H           -1.42904731903372       -0.47321073572066       -3.28624107405278
H           -2.63667611115733       -2.77141884813667       -3.60041743212100
H           -1.69806674602085       -3.16289124401244       -5.05396859605443
H           -1.61200392413531       -4.22251834889313       -3.63587816009943
H            1.18585215759392        2.53843033861392       -3.12620092552294
H            1.16463911423766        1.26918149774573       -4.34313986088498
H           -0.33061090113086        1.74670372089716       -3.52544660532956
25
 energy: -30.265728030223 gnorm: 0.002682864145 xtb: 6.7.1 (edcfbbe)
C            0.64251930237959       -0.05272473630566        0.14120330398502
C            0.30454907511686        0.91533822382390       -0.98624799376706
C            1.01763404255406        0.56617149828285       -2.29964100734552
N            0.61855005244025       -0.76409768964303       -2.73796122498547
C            1.40891332380208       -1.87042667997583       -2.73576680730782
C            0.65437057777604       -2.91331761724653       -3.18093820360862
N           -0.58923107233839       -2.42656037398696       -3.44462844458098
C           -0.58649780024311       -1.12481578202575       -3.16935272875054
C           -1.69410682636841       -3.18662417539249       -3.96050315141087
C            0.73374490302868        1.58836240639373       -3.39628036053604
H            0.31069317635130       -1.06483934652703       -0.08393813240232
H            0.15080705919847        0.26413000499422        1.05581317767993
H            1.71405231352426       -0.07222998485074        0.32520320797394
H           -0.77428509526913        0.93355711408677       -1.15053731276824
H            0.61247000907698        1.92048913703191       -0.70043149370622
H            2.09552316204651        0.51681623292370       -2.11796802112978
H            2.43253564942829       -1.84615286347676       -2.42133550295824
H            0.91155783663076       -3.94322889813221       -3.32308382045243
H           -1.43126414001442       -0.47393049112312       -3.28141171650384
H           -2.63693976393364       -2.75842280223642       -3.62249236857171
H           -1.68108048623168       -3.18536282961536       -5.05303604211227
H           -1.62409023679796       -4.21672950536026       -3.61456078964684
H            1.17335064934595        2.54240450986654       -3.12181932430842
H            1.17091381948712        1.27468086149896       -4.34089247971168
H           -0.33364953099058        1.73778378699497       -3.53190276307383
25
 energy: -30.265742326544 gnorm: 0.003338289876 xtb: 6.7.1 (edcfbbe)
C            0.63947838960608       -0.05860767630403        0.13845270916629
C            0.30927406613499        0.91811343511506       -0.98388088749097
C            1.01720128287855        0.56829273646656       -2.29974185775258
N            0.61779811351059       -0.76259382582168       -2.73728786771160
C            1.40983535866266       -1.86778024147361       -2.73878037077800
C            0.65570585525706       -2.91136571920893       -3.18330140263228
N           -0.58924469868090       -2.42599118446015       -3.44320730279164
C           -0.58793484608835       -1.12464042957251       -3.16604943996375
C           -1.69296057700196       -3.18835462647807       -3.95930581975492
C            0.73003950666975        1.58987734194309       -3.39585899629894
H            0.28347791084277       -1.06353210893379       -0.08375370432579
H            0.16521779092687        0.26738650908683        1.05961033086215
H            1.71280669075435       -0.10093881650581        0.31031590789957
H           -0.76971115845760        0.94881369230842       -1.14588108155754
H            0.62856721090424        1.91873355559926       -0.69397674479486
H            2.09580908904075        0.51940666168277       -2.12175391864536
H            2.43435506771590       -1.84347392694801       -2.42756068820215
H            0.91496068490135       -3.94047531939886       -3.32722169146945
H           -1.43419434201960       -0.47507587772685       -3.27427029725220
H           -2.63724912129857       -2.73294591461212       -3.65993123031047
H           -1.65142837012601       -3.22668368218791       -5.05183124372170
H           -1.64754549736954       -4.20759826159896       -3.57403557906305
H            1.15552962258766        2.54874222583828       -3.11446636965651
H            1.17956508456316        1.28412755289060       -4.33778862153503
H           -0.33831311391431        1.72683390029979       -3.54100383221906
25
 energy: -30.265751675752 gnorm: 0.001459887185 xtb: 6.7.1 (edcfbbe)
C            0.64165466022799       -0.05244491569750        0.14295311390876
C            0.30899194609953        0.91997505962347       -0.98189400714094
C            1.01519763752652        0.56710653314317       -2.29735209035823
N            0.61566098465260       -0.76513837007048       -2.73389063854869
C            1.40919500939657       -1.86926403009278       -2.74052093038630
C            0.65580655215251       -2.91245903354431       -3.18805708523530
N           -0.58990272762371       -2.42786349414632       -3.44426896431844
C           -0.59039998127672       -1.12747075416394       -3.16201868055631
C           -1.69375758278159       -3.18913092771762       -3.96456494853319
C            0.72969807248188        1.58640294655074       -3.39569738425279
H            0.27862005891915       -1.05611498066921       -0.07120390303009
H            0.17693359051088        0.28019549211063        1.06684087930648
H            1.71560611774861       -0.09931830175757        0.30635573828790
H           -0.77013929343769        0.95049801293314       -1.14148914575983
H            0.62855920694601        1.92150648236058       -0.69579489886452
H            2.09386403671681        0.51774583062465       -2.11961785431449
H            2.43436953798554       -1.84636370464208       -2.43201338909871
H            0.91825311897245       -3.94019510908509       -3.33520946180477
H           -1.43762258589412       -0.47868977642200       -3.26627744570458
H           -2.63606981674686       -2.73337520283473       -3.67015265982070
H           -1.64747658018694       -3.22800060706838       -5.05375576278914
H           -1.65284015123861       -4.20581268213236       -3.57978464876901
H            1.14631889691617        2.54819020067013       -3.11052280332054
H            1.18910825235332        1.28391930602946       -4.33433329640253
H           -0.33858896042044        1.71637202599782       -3.55023973249386
25
 energy: -30.265760935589 gnorm: 0.001400267138 xtb: 6.7.1 (edcfbbe)
C            0.63944969623439       -0.05690692038162        0.14019102882652
C            0.30950258966160        0.91960181508448       -0.98232082463681
C            1.01575686382461        0.56847794588132       -2.29807796759126
N            0.61681286402643       -0.76398907502313       -2.73552762241706
C            1.41064708753849       -1.86783903526481       -2.74227988449238
C            0.65707648620934       -2.91150558306479       -3.18842286055793
N           -0.58913863304457       -2.42761153522363       -3.44299912912122
C           -0.58972130082420       -1.12705568280244       -3.16183866868882
C           -1.69394439185865       -3.18958256511295       -3.96112230954260
C            0.72917560227394        1.58895948107169       -3.39497270039204
H            0.27380203780462       -1.05882917430588       -0.07649817133512
H            0.17492826775936        0.27450534417889        1.06394370620982
H            1.71283622139968       -0.10724141430985        0.30480874820797
H           -0.76957231938590        0.95357961097892       -1.14251899076801
H            0.63164945096773        1.91976529867924       -0.69343673739151
H            2.09455989808925        0.51935090152421       -2.12093442096468
H            2.43627444374492       -1.84459016090567       -2.43553359626966
H            0.92002178244322       -3.93909829915634       -3.33500214421061
H           -1.43692723022949       -0.47834569265529       -3.26559953821000
H           -2.63632411476979       -2.72031694522129       -3.68176672557413
H           -1.63699527987851       -3.24620493455021       -5.05099554527461
H           -1.66364919782782       -4.20212267488614       -3.55917678271715
H            1.14715050632999        2.54976957840144       -3.11022019555099
H            1.18637272071126        1.28711647613372       -4.33439207985306
H           -0.33870405120004        1.72038324092951       -3.54781658768452
25
 energy: -30.265768411223 gnorm: 0.001179115903 xtb: 6.7.1 (edcfbbe)
C            0.63910140953505       -0.05660841378693        0.14047446987569
C            0.30802072861489        0.91872561597595       -0.98289014545800
C            1.01590438345542        0.56837026929426       -2.29781512156758
N            0.61748131013151       -0.76424953824265       -2.73615770361783
C            1.41169499992533       -1.86777626057193       -2.74422455930935
C            0.65791164866615       -2.91154494506340       -3.18987784365204
N           -0.58864074321559       -2.42798502708273       -3.44287934143805
C           -0.58941554914790       -1.12756117236959       -3.16130858094827
C           -1.69462460712342       -3.18934145750694       -3.96003087260135
C            0.73015858717727        1.58927604434176       -3.39453045464937
H            0.27834799958177       -1.05969476093374       -0.07788514421077
H            0.17031392830817        0.27248151458604        1.06244289765786
H            1.71192070564461       -0.10245072748504        0.30826798788352
H           -0.77098765882032        0.95029312874090       -1.14391359681950
H            0.62764022603203        1.91984190631473       -0.69433954386196
H            2.09453872770271        0.51906573301687       -2.11972026509319
H            2.43768231347701       -1.84427284844179       -2.43893479704392
H            0.92120708873224       -3.93893348175679       -3.33670999801747
H           -1.43655014071198       -0.47875743520581       -3.26415189916825
H           -2.63569680722511       -2.71703385990468       -3.68314764221685
H           -1.63658136552044       -3.24955319301678       -5.04930604012721
H           -1.66717960322285       -4.20055790541565       -3.55532079582740
H            1.15297471435183        2.54819097264726       -3.11152991394643
H            1.18319566047087        1.28530348675003       -4.33496273190570
H           -0.33737795681937        1.72504235511604       -3.54405836393641
25
 energy: -30.265787395313 gnorm: 0.003637501330 xtb: 6.7.1 (edcfbbe)
C            0.63580015676614       -0.05623492593918        0.14263486329298
C            0.30451548579257        0.91715617973280       -0.98259198620518
C            1.01560680497686        0.56823758976073       -2.29537900594520
N            0.61888097287314       -0.76533036142031       -2.73650695543987
C            1.41723563238696       -1.86582913242952       -2.75791630612125
C            0.66332628234502       -2.90996869343133       -3.20292801599556
N           -0.58694362902816       -2.42941616810866       -3.44214990201231
C           -0.59055217528365       -1.13074994959098       -3.15325884422983
C           -1.69663134877070       -3.18950031550826       -3.95598175842400
C            0.73224811267138        1.58950556273179       -3.39231656389049
H            0.27748698125430       -1.05995616766856       -0.07770834877687
H            0.16362771511014        0.27260683990913        1.06296369107165
H            1.70857095698315       -0.09942755907991        0.31210464771704
H           -0.77434872197564        0.94535862007282       -1.14487543510491
H            0.61995004365662        1.91990847785154       -0.69461390216670
H            2.09385321054467        0.51834990929170       -2.11513906068994
H            2.44601518236549       -1.84065223452939       -2.46298442595149
H            0.93013621728091       -3.93527937863365       -3.35622160212464
H           -1.43969000958177       -0.48322259514995       -3.24518208935515
H           -2.63272675985946       -2.67915890292194       -3.72937539301072
H           -1.60633696766692       -3.30334322835341       -5.04037316873924
H           -1.70656973953909       -4.18243137783634       -3.50253336935515
H            1.16353586984909        2.54528008730133       -3.11108970322080
H            1.17920015407686        1.28175047124022       -4.33441773931981
H           -0.33515042722807        1.73261725270869       -3.53666962600241
25
 energy: -30.265807098248 gnorm: 0.002015565129 xtb: 6.7.1 (edcfbbe)
C            0.63691387186030       -0.05154426025086        0.14606662442623
C            0.30098575381378        0.91602456061015       -0.98277893858971
C            1.01538976071595        0.56627915763677       -2.29357389300411
N            0.61881123568773       -0.76669881120648       -2.73548511368115
C            1.41802676212453       -1.86650448581525       -2.76188094506988
C            0.66413718289710       -2.90987306099761       -3.20844378321718
N           -0.58713732276060       -2.42960903911907       -3.44359352262260
C           -0.59103944864296       -1.13179805301762       -3.15101630968130
C           -1.69729476728441       -3.18885851746204       -3.95655400101928
C            0.73470685833962        1.58720592671914       -3.39177474182196
H            0.28922472278206       -1.05945121429252       -0.07314062538273
H            0.15799602982345        0.27530522418938        1.06394665458133
H            1.70966897026142       -0.08427615864304        0.31985864728943
H           -0.77797141007538        0.93694575999307       -1.14636933302800
H            0.61003000970734        1.92169322257927       -0.69804979804437
H            2.09310013131954        0.51601356598826       -2.11048868183593
H            2.44740284894320       -1.84065432382582       -2.46879901506034
H            0.93087620662920       -3.93467669768304       -3.36575440841505
H           -1.44087266729977       -0.48455950494913       -3.23923110517646
H           -2.63185839993327       -2.67832253721339       -3.73219065216944
H           -1.60771219793076       -3.30474468796423       -5.03900524353196
H           -1.70916329249985       -4.17942656419595       -3.50252351897387
H            1.17201340606882        2.54148112937260       -3.11402674048479
H            1.17724992649778        1.27482103430785       -4.33456761765708
H           -0.33244417104492        1.73549833523893       -3.53313393782963
25
 energy: -30.265825759106 gnorm: 0.001205660359 xtb: 6.7.1 (edcfbbe)
C            0.63744802234578       -0.04533198311857        0.15140737963426
C            0.29580609286732        0.91447268624897       -0.98227221456723
C            1.01502977352197        0.56348372932894       -2.29020414639358
N            0.61863649869928       -0.76834598184335       -2.73366040341954
C            1.42012168960178       -1.86620544142863       -2.77192681212660
C            0.66615656712781       -2.90829675041322       -3.22103681141067
N           -0.58765347396568       -2.42919439444859       -3.44625520029022
C           -0.59251427654000       -1.13341231401928       -3.14512691535762
C           -1.69812575235352       -3.18873975697250       -3.95626441349156
C            0.73855406647431        1.58396194572816       -3.39025725390139
H            0.30354095758504       -1.05861800572008       -0.06503657611949
H            0.15053842460641        0.27890647307329        1.06624819505301
H            1.70981078136479       -0.06452628401542        0.33081898888483
H           -0.78313206180002        0.92610495383783       -1.14807021355895
H            0.59649864197588        1.92383597129148       -0.70153143378565
H            2.09196666696663        0.51270608448471       -2.10296809327936
H            2.45114779563494       -1.83944426678054       -2.48416200831192
H            0.93364854981413       -3.93171402208647       -3.38721526421725
H           -1.44443151907582       -0.48743586126586       -3.22406082638142
H           -2.62989492741042       -2.66412396140426       -3.75636868968867
H           -1.59611996025581       -3.33026685484399       -5.03431828189902
H           -1.72706886526883       -4.16840185442036       -3.48033538353894
H            1.18315887424803        2.53633167004998       -3.11735543510138
H            1.17588187570863        1.26558315804519       -4.33358586877832
H           -0.32796444187275        1.73894106069200       -3.52897231795320
25
 energy: -30.265827186590 gnorm: 0.003933451175 xtb: 6.7.1 (edcfbbe)
C            0.63916889889644       -0.03360654432357        0.16189237069456
C            0.28835158270331        0.91296977770886       -0.97973110011732
C            1.01368855656554        0.55857828321380       -2.28370531853484
N            0.61699240755386       -0.77130850317710       -2.72924923029524
C            1.42289330821516       -1.86518285649215       -2.79052874601379
C            0.66895677372757       -2.90461053174837       -3.24541466026129
N           -0.58960078469785       -2.42784367240330       -3.45206051396234
C           -0.59658403863953       -1.13630731100293       -3.13346516497903
C           -1.69933984159401       -3.19008400314146       -3.95679371559507
C            0.74467414021956        1.57759875286573       -3.38742640069867
H            0.32393559653128       -1.05429436193560       -0.04875557282878
H            0.14251603807696        0.28803480424053        1.07255475456632
H            1.71069372926047       -0.03334344340199        0.34744183141225
H           -0.79032787944567        0.91161918260734       -1.14784807339685
H            0.57746708557532        1.92759922849333       -0.70602907565774
H            2.08950891767074        0.50675746638380       -2.09049251034294
H            2.45680707009454       -1.83738956809786       -2.51247696290470
H            0.93805163386815       -3.92496380381419       -3.42951590846718
H           -1.45272494791419       -0.49338732925484       -3.19498147870529
H           -2.62733155292862       -2.63613332249783       -3.81121926516854
H           -1.56752167377712       -3.38708626918407       -5.02566147398292
H           -1.76355071555790       -4.14651043145939       -3.43288169129933
H            1.19524570498829        2.52823689311130       -3.11923353397492
H            1.17977990528175        1.25235406639752       -4.32949182565444
H           -0.32070991467418        1.73857349691189       -3.52743673383181
25
 energy: -30.265847980867 gnorm: 0.000969380345 xtb: 6.7.1 (edcfbbe)
C            0.63958341285960       -0.03395816246737        0.16175714821588
C            0.28899744772046        0.91316026641961       -0.97940551471573
C            1.01351333709048        0.55886773285720       -2.28380026237604
N            0.61675048599716       -0.77117556464221       -2.72963648534836
C            1.42244932209502       -1.86497236105771       -2.79019960700610
C            0.66850530585090       -2.90435901597189       -3.24502896749071
N           -0.58969628577624       -2.42757496563056       -3.45276651503400
C           -0.59662599038622       -1.13608980160528       -3.13465173349692
C           -1.69947341898858       -3.19044664760496       -3.95679863441744
C            0.74449823661511        1.57808385702031       -3.38723265772721
H            0.32427954082388       -1.05402552746641       -0.05037022258697
H            0.14246320022223        0.28700796743410        1.07223119236421
H            1.71087975692240       -0.03383597344222        0.34720949652619
H           -0.78960778644291        0.91275516713440       -1.14668121454158
H            0.57901452009996        1.92738411699731       -0.70572783424851
H            2.08938871005227        0.50682519937467       -2.09097960714095
H            2.45608596048699       -1.83724874494254       -2.51165352030725
H            0.93733878516229       -3.92457788154199       -3.42862581454390
H           -1.45244087919670       -0.49327904936874       -3.19716284284361
H           -2.62651676434913       -2.63887180208577       -3.81319939887873
H           -1.56790847733122       -3.38990470543733       -5.02250017973277
H           -1.76452115773642       -4.14406541463386       -3.43283421275527
H            1.19363222565828        2.52892727585540       -3.11713060047982
H            1.18155340677216        1.25403788755679       -4.32886890196174
H           -0.32110289422189        1.73760614724852       -3.52845310947255
25
 energy: -30.265852413039 gnorm: 0.000763439225 xtb: 6.7.1 (edcfbbe)
C            0.64028131208059       -0.03504820565185        0.16107530686531
C            0.28999982718362        0.91347457960852       -0.97913558158608
C            1.01327737722516        0.55932934645794       -2.28418597889342
N            0.61615838944964       -0.77084158210159       -2.73034267309214
C            1.42146338185155       -1.86480977518276       -2.78923987630402
C            0.66764272053808       -2.90421603922933       -3.24422460225414
N           -0.59002237008074       -2.42719768945022       -3.45374978988042
C           -0.59694795375812       -1.13557982859806       -3.13652928177280
C           -1.69972761019995       -3.19130157105785       -3.95669827587799
C            0.74412318393432        1.57916569608779       -3.38690433649005
H            0.32507766528417       -1.05462157807144       -0.05280107044432
H            0.14255451719828        0.28477857101875        1.07148602000608
H            1.71135009191727       -0.03500316069780        0.34688864813465
H           -0.78864640512826        0.91469142045301       -1.14539354195561
H            0.58171989776107        1.92707391774942       -0.70515865096725
H            2.08927099368017        0.50679662886932       -2.09207527582036
H            2.45473855262755       -1.83727492291261       -2.50963329298326
H            0.93617764848942       -3.92452035784822       -3.42697124847667
H           -1.45239605154483       -0.49268979446292       -3.20080388719910
H           -2.62599966834659       -2.63986850127732       -3.81590093694547
H           -1.56664622682692       -3.39443891384032       -5.02008670009236
H           -1.76538242037809       -4.14199992797895       -3.42971444119248
H            1.19003472708862        2.53075644565998       -3.11398575168359
H            1.18455067430286        1.25764322721076       -4.32782957586452
H           -0.32161225434903        1.73597201524523       -3.53059520522986
