29
 energy: -29.450959911538 gnorm: 0.061873720005 xtb: 6.7.1 (edcfbbe)
C            0.99213000000000       -0.13646000000000       -0.04200000000000
C            0.59985000000000       -0.40441000000000        1.39804000000000
P            1.16238000000000        0.79658000000000        2.57176000000000
C            0.59618000000000        2.41786000000000        2.09101000000000
C           -0.90507000000000        2.57157000000000        1.94907000000000
C            0.48347000000000        0.45355000000000        4.17480000000000
C            0.88715000000000       -0.85519000000000        4.81908000000000
C            2.93399000000000        0.87248000000000        2.62683000000000
C            3.67932000000000       -0.44687000000000        2.61019000000000
H            0.55869000000000        0.80313000000000       -0.39623000000000
H            0.63808000000000       -0.94198000000000       -0.69231000000000
H            2.07819000000000       -0.06136000000000       -0.14521000000000
H           -0.49207000000000       -0.47223000000000        1.45587000000000
H            0.98054000000000       -1.39017000000000        1.68597000000000
H            0.95517000000000        3.14137000000000        2.83166000000000
H            1.06886000000000        2.68851000000000        1.14055000000000
H           -1.41099000000000        2.36668000000000        2.89659000000000
H           -1.15805000000000        3.59047000000000        1.64061000000000
H           -1.30085000000000        1.87886000000000        1.20116000000000
H            0.74765000000000        1.27305000000000        4.85252000000000
H           -0.60876000000000        0.46228000000000        4.09020000000000
H            1.94388000000000       -0.84211000000000        5.09640000000000
H            0.30756000000000       -1.02617000000000        5.73162000000000
H            0.71998000000000       -1.69669000000000        4.14126000000000
H            3.27563000000000        1.45694000000000        1.76459000000000
H            3.23119000000000        1.43905000000000        3.51632000000000
H            3.46197000000000       -1.00856000000000        1.69759000000000
H            4.75928000000000       -0.27405000000000        2.65102000000000
H            3.40477000000000       -1.07580000000000        3.45845000000000
29
 energy: -29.455797345515 gnorm: 0.026397270527 xtb: 6.7.1 (edcfbbe)
C            0.99795938157075       -0.12973103413963       -0.04521972948500
C            0.58855613787258       -0.42883084571934        1.39409904078017
P            1.16068669637837        0.80245211917181        2.57048251583201
C            0.59913419121774        2.44527702542339        2.08329771989247
C           -0.91458575153816        2.56911340703410        1.94924928759879
C            0.46492016636459        0.45440002335375        4.19270472760087
C            0.89299284246684       -0.86611648184455        4.82307183089845
C            2.95801893824772        0.88438918695243        2.62219274836072
C            3.68008083373151       -0.45963166401795        2.60661705754625
H            0.56029590668742        0.80141644504964       -0.40308239082134
H            0.64948453998410       -0.92974364005687       -0.69447738564859
H            2.07981142706975       -0.05926834263647       -0.15277615531406
H           -0.50357487862141       -0.48712141269338        1.46858356914672
H            0.97933613421344       -1.40677489236044        1.69693042636120
H            0.96825897697567        3.15790056063365        2.82994511758427
H            1.08106442188509        2.70033482484268        1.13303579994812
H           -1.42094984756070        2.37460812117941        2.89367840722129
H           -1.16822053672095        3.58082826602384        1.64139749997068
H           -1.31058628567384        1.88458575038868        1.20003289213201
H            0.73633217358626        1.28568283452643        4.85432701797328
H           -0.62641570055343        0.46812151144250        4.08935161274104
H            1.94478927240137       -0.85364368209769        5.10352644472412
H            0.31633597257439       -1.03770865984344        5.72952074475967
H            0.72008272125810       -1.70804369667231        4.15402060138965
H            3.28497080728811        1.47732870476862        1.75941898797933
H            3.23710570765098        1.45065475673619        3.51854063411546
H            3.47033410087310       -1.01687096677346        1.69466951115246
H            4.75374592028855       -0.28857783798521        2.64940829420418
H            3.41015573008208       -1.08470038068638        3.45486317135577
29
 energy: -29.457018739218 gnorm: 0.007311564383 xtb: 6.7.1 (edcfbbe)
C            0.99889271106027       -0.13064049770240       -0.04996496130690
C            0.58331299445634       -0.44619744159986        1.38688123973205
P            1.16041060658694        0.80637999444805        2.57107123100404
C            0.59516007917581        2.46500939036380        2.07587370026220
C           -0.92271470569179        2.57687234781671        1.94619776488368
C            0.45183222111477        0.45196012485290        4.21035864603683
C            0.89238457800345       -0.87244236623194        4.83235016297332
C            2.98006878367890        0.88752522267913        2.62082075005838
C            3.68847287305356       -0.46716907514212        2.60049380122640
H            0.55554183645665        0.79857699999033       -0.39792147328923
H            0.65837140504468       -0.92677791378271       -0.70584638293275
H            2.07907129590647       -0.05693581010063       -0.14710218234828
H           -0.50716483870809       -0.49968343580932        1.47097983377762
H            0.98609508636337       -1.41513152610986        1.69764837979512
H            0.96809965919458        3.17048584600962        2.82578379450674
H            1.07898670078631        2.71015083949233        1.12529731094618
H           -1.42022229109710        2.38398409204714        2.89266355888832
H           -1.18293718152758        3.58476466211186        1.63651818727585
H           -1.31050180094803        1.88906468754764        1.19934037969081
H            0.72451812341116        1.28794389217827        4.86405743215887
H           -0.63687371720325        0.46215748150195        4.09201612586544
H            1.94274746589993       -0.85108035975474        5.10761517582405
H            0.31870322988504       -1.04804345122078        5.73777644616887
H            0.71752446175824       -1.70892304244203        4.16083519781781
H            3.29741431661704        1.48512367842860        1.75936864178630
H            3.24791005176424        1.44730082472964        3.52363149092593
H            3.47365815662459       -1.01443159120422        1.68685199711376
H            4.76150920920535       -0.30401428785257        2.64586237833572
H            3.40984868912816       -1.08549928524477        3.44795137282288
29
 energy: -29.457127076755 gnorm: 0.002892482687 xtb: 6.7.1 (edcfbbe)
C            0.99850547098138       -0.13166438759939       -0.05092877458651
C            0.58411235064483       -0.45071504199374        1.38415417952401
P            1.16047612482339        0.80729723751211        2.57229387716531
C            0.59285943321434        2.46975037597353        2.07355274384500
C           -0.92438532773113        2.58096037554295        1.94465976876158
C            0.44714559726028        0.45073509057423        4.21613750988281
C            0.89093822662120       -0.87176818463716        4.83730131875874
C            2.98681963296488        0.88691685421605        2.62262229813475
C            3.69112942526298       -0.46861571815150        2.59578196357583
H            0.55087352811484        0.79683025754495       -0.39556959798697
H            0.66291510299583       -0.92779208396329       -0.71036482189086
H            2.07872296308253       -0.05232922948198       -0.14468441923434
H           -0.50508992199807       -0.50661746522554        1.47056369724979
H            0.99298734127994       -1.41563136193024        1.69618909400201
H            0.96644386388914        3.17434331575274        2.82303288162207
H            1.07630200537700        2.71169027160242        1.12270138503498
H           -1.41969043366326        2.38982897908548        2.89278572690480
H           -1.18656953287010        3.58819688283929        1.63210825918784
H           -1.31136433132545        1.88996334150744        1.20014667951047
H            0.71602713220498        1.28734144327816        4.86904626043730
H           -0.64010993056228        0.45651178388198        4.09188566280997
H            1.94188700512637       -0.84694314566835        5.11024938362810
H            0.31903456366969       -1.04956029359057        5.74421004523668
H            0.71669459463371       -1.70763507368448        4.16469760217799
H            3.30213691854354        1.48793118063079        1.76390966420992
H            3.25291334942538        1.44085237361322        3.52856794354977
H            3.47460753307830       -1.01032748680028        1.67914537507691
H            4.76540036359004       -0.31019776835496        2.64278136110861
H            3.40839695136574       -1.08902252247386        3.44043293230345
29
 energy: -29.457154783121 gnorm: 0.001087592465 xtb: 6.7.1 (edcfbbe)
C            0.99836397342501       -0.13126680139332       -0.05059370157185
C            0.58639043999818       -0.45249439675942        1.38339453550267
P            1.16039507856660        0.80742906358412        2.57348979413158
C            0.59203836520817        2.47064996360371        2.07247224337830
C           -0.92426624279361        2.58273513122692        1.94403770674314
C            0.44381363176465        0.45011604363256        4.21797583954903
C            0.89045949249013       -0.86948727309312        4.84032353820255
C            2.98894694549451        0.88584346088126        2.62557190159255
C            3.69097039941816       -0.46937478090395        2.59125773588035
H            0.54610056505579        0.79548505644774       -0.39491231011637
H            0.66703851164399       -0.92864685381148       -0.71126562251098
H            2.07845927492795       -0.04586579385650       -0.14453015354625
H           -0.50209320684126       -0.51252609039179        1.47106731212225
H            0.99999522157058       -1.41503633815618        1.69542722486198
H            0.96625804598242        3.17581208122474        2.82078177827906
H            1.07525542279055        2.71036205381722        1.12116688870670
H           -1.41955515613688        2.39479159041932        2.89320206521582
H           -1.18640424288476        3.58944611960922        1.62821079558426
H           -1.31276095683389        1.88935527177999        1.20204229280050
H            0.70780853626229        1.28790127470486        4.87068607435472
H           -0.64268826237348        0.45161802295798        4.08964589464944
H            1.94201868499726       -0.84257529571473        5.11207337258361
H            0.32018398673891       -1.04780902416692        5.74873149130798
H            0.71723680881398       -1.70696042095245        4.16894408334065
H            3.30419579619593        1.49131925946842        1.77037281747151
H            3.25470478938675        1.43399066877447        3.53470320372633
H            3.47512295223851       -1.00575138762704        1.67089218940522
H            4.76601427841597       -0.31374561150616        2.64045328820803
H            3.40611686647763       -1.09498499379945        3.43178772014721
29
 energy: -29.457191879054 gnorm: 0.003434452691 xtb: 6.7.1 (edcfbbe)
C            0.99833235131185       -0.12886900231830       -0.04923322160156
C            0.59271176827400       -0.45524485768258        1.38338245382085
P            1.15983591468387        0.80740895012568        2.57612362579062
C            0.59172890111540        2.47048499230325        2.07028454124013
C           -0.92302645496670        2.58505211082775        1.94321128694338
C            0.43610570923603        0.44909980125301        4.21906180084302
C            0.89095485289443       -0.86329247608792        4.84605224459888
C            2.99041002626278        0.88306295623704        2.63414337758595
C            3.68834852224668       -0.47162999303733        2.58028245477295
H            0.53371736606337        0.79228776691204       -0.39408931815380
H            0.67740858518983       -0.93039731571445       -0.71083132501109
H            2.07763800192824       -0.02816956316216       -0.14529761505847
H           -0.49462513464862       -0.52609590279937        1.47374359476087
H            1.01679569006832       -1.41338629103341        1.69446845660823
H            0.96810492256986        3.17783699277991        2.81528052994252
H            1.07451183726577        2.70505746570475        1.11755029813394
H           -1.41854467604400        2.40635335348472        2.89470698467797
H           -1.18385047485711        3.59002777902196        1.61886428013953
H           -1.31582713690745        1.88605026895305        1.20791023495701
H            0.68780234700909        1.29092768792676        4.87097761283901
H           -0.64922602027997        0.44017316566056        4.08243873606289
H            1.94387805537032       -0.83090012619467        5.11445906909284
H            0.32503797625350       -1.04112862647693        5.75804572982373
H            0.71998752486199       -1.70586114312699        4.17958366675346
H            3.30745529284970        1.50119700101005        1.78883880638505
H            3.25527731599013        1.41651668773841        3.55202265847048
H            3.47618869593719       -0.99341339814116        1.64980152452501
H            4.76439975438775       -0.32092913157937        2.63653363534289
H            3.39858848593375       -1.11188915258425        3.40909387571370
29
 energy: -29.457195749447 gnorm: 0.005856019703 xtb: 6.7.1 (edcfbbe)
C            0.99831152608318       -0.12729650323068       -0.04833590760931
C            0.59687303979667       -0.45705549046100        1.38337080213455
P            1.15947006281933        0.80739639744417        2.57785970843265
C            0.59151917821370        2.47037925897792        2.06884725155521
C           -0.92221164011910        2.58658339617815        1.94266549572714
C            0.43103526062119        0.44842958372333        4.21978557451576
C            0.89127170102892       -0.85921615029405        4.84982640187396
C            2.99138159295217        0.88123368614450        2.63977752558347
C            3.68662852696301       -0.47310953165116        2.57305850805063
H            0.52557390335166        0.79018417626621       -0.39354691659413
H            0.68422978787669       -0.93155282914226       -0.71054870806822
H            2.07710083217255       -0.01653180848634       -0.14580135426812
H           -0.48970746749509       -0.53502813454793        1.47550048182583
H            1.02785633845359       -1.41229719997252        1.69383651816108
H            0.96930923292991        3.17917199755998        2.81166338649012
H            1.07401638509201        2.70157086162434        1.11517451836065
H           -1.41788640982592        2.41396315671699        2.89569432954802
H           -1.18217113377857        3.59042082178078        1.61271395772394
H           -1.31784805373700        1.88388315879347        1.21176617163844
H            0.67463775120205        1.29291222307867        4.87118311618091
H           -0.65352462122870        0.43264153185580        4.07769894655565
H            1.94509376362279       -0.82322564428292        5.11603871239468
H            0.32822009898136       -1.03673844879201        5.76418010552405
H            0.72178969174532       -1.70513705093832        4.18658417078037
H            3.30960086221270        1.50768935526747        1.80097647894115
H            3.25566936397490        1.40502296288734        3.56340715388453
H            3.47688772728267       -0.98530120541656        1.63592515761149
H            4.76334699754554       -0.32565676265211        2.63394176587905
H            3.39364570126250       -1.12300580843121        3.39416664716643
29
 energy: -29.457225556262 gnorm: 0.004618550330 xtb: 6.7.1 (edcfbbe)
C            0.99830172573701       -0.12585472063979       -0.04821130919888
C            0.59834356753804       -0.45715821810371        1.38413183402212
P            1.15896684718043        0.80714364125294        2.57811205204998
C            0.59255152938701        2.46933836084076        2.06816195874635
C           -0.92163234832985        2.58605203315455        1.94273092672461
C            0.42907317074789        0.44842653469629        4.21817418170156
C            0.89282960026295       -0.85742114829061        4.85054929280196
C            2.98974783466009        0.88029972423009        2.64302145550696
C            3.68505339660368       -0.47419390318400        2.57051755681070
H            0.52196589638407        0.78943395949667       -0.39345825079681
H            0.68708547154627       -0.93141719251875       -0.70979034544975
H            2.07637921456805       -0.01112098500121       -0.14606035973784
H           -0.48818187370670       -0.53765247037759        1.47663130908644
H            1.03105717348514       -1.41206823589051        1.69361874315873
H            0.97133574257178        3.17887761909292        2.80996770917301
H            1.07475117633396        2.69937254008492        1.11391505275770
H           -1.41656417915435        2.41627686063796        2.89640167803497
H           -1.18103417601333        3.58897753121230        1.61045257002328
H           -1.31792416415011        1.88183689611920        1.21394469962747
H            0.66953916660652        1.29456854760716        4.86889686736183
H           -0.65542454300551        0.42961506644678        4.07539492151916
H            1.94687001662401       -0.81878816253593        5.11495121801111
H            0.33136228508749       -1.03368681312656        5.76581514942812
H            0.72372748242014       -1.70486690132232        4.18942349628991
H            3.31000797507213        1.51101395294168        1.80805146890317
H            3.25320988264468        1.39949289129708        3.56961160143408
H            3.47732211817879       -0.98103319624636        1.63039125760529
H            4.76134406994574       -0.32702420277033        2.63468132469766
H            3.39005594077399       -1.12811000910358        3.38738193970712
29
 energy: -29.457306113548 gnorm: 0.001499035791 xtb: 6.7.1 (edcfbbe)
C            0.99774185090126       -0.11952869184416       -0.04847284477986
C            0.60448170749086       -0.45883856415754        1.38627882386986
P            1.15640472662734        0.80569162911406        2.57901989815851
C            0.59713961195247        2.46535105661126        2.06379987515172
C           -0.91898803386241        2.58451784353815        1.94274156950208
C            0.41848958798079        0.44834186253369        4.21163017139935
C            0.90066517463423       -0.84798057760903        4.85516823991000
C            2.98342359713619        0.87550837416706        2.65984936539986
C            3.67840978165404       -0.47979637985976        2.55791699485566
H            0.50253568727597        0.78512102932289       -0.39293302470003
H            0.70196101281107       -0.93168795346832       -0.70803410444033
H            2.07273537662277        0.01631820891119       -0.14643982053287
H           -0.48150473700141       -0.55078756197579        1.48051457945347
H            1.04615278183754       -1.41157824297618        1.69106018785223
H            0.98069388278022        3.17803419900573        2.80074730992997
H            1.07722319699256        2.68941548571531        1.10667197450107
H           -1.40921594017435        2.42860851341064        2.90039983477031
H           -1.17635596350864        3.58307844598850        1.59857062896657
H           -1.31842244324267        1.87186576263552        1.22484915342356
H            0.64304472584107        1.30236556805404        4.85900955155678
H           -0.66539783882202        0.41281844773907        4.06477041195290
H            1.95608225776161       -0.79508927269658        5.10971863942343
H            0.34793229236732       -1.01874184973497        5.77578349484396
H            0.73368605586257       -1.70297857527018        4.20417772839025
H            3.31366646108950        1.52793279455143        1.84469201897018
H            3.24134603339817        1.37027559335640        3.60216871373334
H            3.48145783699820       -0.95820781812077        1.60127390820110
H            4.75299926289742       -0.33469219745258        2.63990179220553
H            3.37173205369835       -1.15500712948901        3.35257492803141
29
 energy: -29.457341620954 gnorm: 0.003755527786 xtb: 6.7.1 (edcfbbe)
C            0.99587986695442       -0.11220391236730       -0.04955243308940
C            0.61218108874220       -0.46287270437281        1.38637949420020
P            1.15330337133240        0.80354289688605        2.58044196197764
C            0.60142108150832        2.46172273026863        2.05681560054553
C           -0.91579275498523        2.58480458104395        1.94252006950638
C            0.40345607527223        0.44759992208721        4.20632589038333
C            0.90979344590239       -0.83438241037767        4.86336231910863
C            2.97874350392708        0.86832469258897        2.68242215723557
C            3.67189655553829       -0.48634593658679        2.54096285072607
H            0.47443501314889        0.77817839844015       -0.39319956845814
H            0.72293154614618       -0.93287204208781       -0.70860945915062
H            2.06697665713157        0.05460584290600       -0.14749353396416
H           -0.47239819830645       -0.57005430307172        1.48358371186832
H            1.06758336089091       -1.41115942193776        1.68570720224652
H            0.99144610232000        3.17810684557388        2.78700589927336
H            1.07811580028484        2.67672180441859        1.09573251308682
H           -1.39980159633085        2.44798038833025        2.90624516379357
H           -1.17130946952730        3.57782484395929        1.58171811664884
H           -1.32161698626472        1.86018205267000        1.24025082642037
H            0.60560218615632        1.31126234664280        4.84937613482190
H           -0.67871859895504        0.38838699299562        4.05152718542852
H            1.96716083705041       -0.76281556910183        5.10567187498166
H            0.36872594951537       -0.99978308651151        5.79158791420713
H            0.74727139452425       -1.69974718373569        4.22514232266894
H            3.32086259218749        1.54854383335407        1.89387783459360
H            3.22828666386566        1.32966398777896        3.64513348875443
H            3.49029751710382       -0.92677138315159        1.56213441807705
H            4.74516616225899       -0.34715332716805        2.64779451108826
H            3.34822083260758       -1.19096087947378        3.30454553301967
29
 energy: -29.457365872511 gnorm: 0.002255512844 xtb: 6.7.1 (edcfbbe)
C            0.99412617227134       -0.11087939960113       -0.05119392637233
C            0.61231978174285       -0.46422014098262        1.38447739660247
P            1.15267427254971        0.80229312498039        2.57984532700079
C            0.60220779133605        2.46094732349299        2.05441771957574
C           -0.91504377628167        2.58532967042474        1.94316486241832
C            0.40070735661487        0.44704823976932        4.20555955518027
C            0.91193742888617       -0.83118543027349        4.86525502845962
C            2.97842010396319        0.86605250358123        2.68689667588845
C            3.67213075802307       -0.48684522327967        2.53985048896900
H            0.46730283985548        0.77610680904826       -0.39433606941118
H            0.72677512252583       -0.93252188354052       -0.71099608618539
H            2.06382457906891        0.06294938574815       -0.14853247810250
H           -0.47172801754177       -0.57287255001217        1.48226257360836
H            1.06964075715656       -1.41179425256226        1.68219657456629
H            0.99422948951261        3.17758111919667        2.78301812464352
H            1.07722396280353        2.67388491643102        1.09223280906662
H           -1.39649270825208        2.45246930720278        2.90862138570572
H           -1.17073873561821        3.57709668535704        1.57925273192746
H           -1.32335966497759        1.85836922883446        1.24492135108802
H            0.59869293925509        1.31206227800542        4.84722179030660
H           -0.68059623790245        0.38265544959053        4.04978944978867
H            1.96920745231728       -0.75529257227885        5.10563503679264
H            0.37283483670756       -0.99577047952562        5.79469796210674
H            0.75177792796583       -1.69863004303051        4.22948154388955
H            3.32300435587270        1.54967904835242        1.90405519658702
H            3.22466668038633        1.32128438939126        3.65211179977186
H            3.49537394950032       -0.92016285639279        1.55833573311799
H            4.74480772527997       -0.34980644046801        2.65291499656459
H            3.34419285697855       -1.19549820745892        3.29625244644509
29
 energy: -29.457387553560 gnorm: 0.000665471383 xtb: 6.7.1 (edcfbbe)
C            0.99047880575872       -0.10836408917453       -0.05449163560475
C            0.61336140260474       -0.46703069122116        1.38032687315852
P            1.15157714349504        0.79980738534603        2.57861202718575
C            0.60361478719319        2.45915039492902        2.04927797156520
C           -0.91328286400206        2.58677140946204        1.94463340953825
C            0.39502128941507        0.44572036265454        4.20386680951745
C            0.91691709840919       -0.82378212976594        4.86989577129957
C            2.97806811015130        0.86166914043697        2.69712352388600
C            3.67152160145887       -0.48853156682889        2.53642949985143
H            0.45085663863592        0.77085325256853       -0.39746270479628
H            0.73564971001449       -0.93320389712083       -0.71523287412327
H            2.05739750276092        0.08148728941226       -0.15105338222582
H           -0.46964431999524       -0.57992593373814        1.48004435202338
H            1.07548702082244       -1.41284728139738        1.67490699883096
H            1.00040942894456        3.17680364191079        2.77387730334682
H            1.07496151995973        2.66700405894469        1.08444358447889
H           -1.38977898514274        2.46293063472104        2.91382560004985
H           -1.16889624550739        3.57608820342909        1.57370824186983
H           -1.32755931597022        1.85484287020720        1.25504056505123
H            0.58296412429918        1.31476133670665        4.84205466761979
H           -0.68447260217209        0.36983973522470        4.04471594157665
H            1.97408619460759       -0.73870371717619        5.10735878867523
H            0.38126755433313       -0.98716182834423        5.80168297477898
H            0.76244911129295       -1.69633092860817        4.23956938499813
H            3.32795506668511        1.55570502137174        1.92740098467786
H            3.21617252923513        1.30186653129193        3.67027709394166
H            3.50775288189805       -0.90350685190810        1.54508233918328
H            4.74312108656323       -0.35561619881952        2.66618479240356
H            3.33266372425125       -1.20996615451399        3.27531109724183
29
 energy: -29.457393396654 gnorm: 0.000706892570 xtb: 6.7.1 (edcfbbe)
C            0.98744617887257       -0.10689038915955       -0.05754832389055
C            0.61354772449624       -0.46874507672222        1.37698382267461
P            1.15078688725017        0.79779402560816        2.57694242687744
C            0.60471600091796        2.45728125707838        2.04548522081300
C           -0.91200015396031        2.58793757409409        1.94661728825810
C            0.39191640631261        0.44445831932803        4.20166759766920
C            0.92132738953115       -0.81865108610411        4.87304274628730
C            2.97716758948442        0.85904896268180        2.70405324149599
C            3.67113120551905       -0.48959120003930        2.53489925460629
H            0.43899841563408        0.76664282390656       -0.40105247556998
H            0.74113736429857       -0.93433965957949       -0.71830129543452
H            2.05235599160302        0.09376441606194       -0.15377102743611
H           -0.46902767811520       -0.58387561459223        1.47847080649732
H            1.07813651161235       -1.41400112227059        1.66934929225297
H            1.00607352311342        3.17577331185871        2.76665225777344
H            1.07283465943165        2.66123091619605        1.07829232877794
H           -1.38450266088820        2.46976519435542        2.91847788787776
H           -1.16716020684295        3.57602136228203        1.57197521257505
H           -1.33101543029551        1.85358084372057        1.26251061539718
H            0.57286549533900        1.31724775756462        4.83663802786294
H           -0.68654322907370        0.36058590616040        4.04043806769683
H            1.97792901452263       -0.72638113467730        5.11093213651508
H            0.38605131927405       -0.98194288840182        5.80516121722437
H            0.77277465923978       -1.69478991256799        4.24606472580246
H            3.33145029465279        1.56071448930556        1.94355732513809
H            3.20828212459155        1.28927228969398        3.68321494625882
H            3.51929466644524       -0.89210875926037        1.53666073524464
H            4.74143659398380       -0.35977383577776        2.67944242586591
H            3.32270934304984       -1.21969877074338        3.26055351488843
29
 energy: -29.457396245105 gnorm: 0.000589250759 xtb: 6.7.1 (edcfbbe)
C            0.98681501380095       -0.10768263212767       -0.05862606735378
C            0.61280818790649       -0.46862363568613        1.37613734048923
P            1.15094999704072        0.79747345190600        2.57585547206962
C            0.60471642574102        2.45678493902285        2.04510463322785
C           -0.91203419714413        2.58846156103047        1.94813752351121
C            0.39309907991393        0.44399110714688        4.20073474152361
C            0.92204103489951       -0.81882189052441        4.87282920698332
C            2.97688052711987        0.85956729761105        2.70308572182681
C            3.67148641513978       -0.48918463356453        2.53692476775554
H            0.43890775607799        0.76570629178742       -0.40278809625085
H            0.74005344573291       -0.93526629798792       -0.71881572905459
H            2.05162411132176        0.09222880818411       -0.15506118860450
H           -0.47002020332410       -0.58252654483324        1.47798667129010
H            1.07615814748372       -1.41458738284079        1.66861391649196
H            1.00767236790293        3.17527863464739        2.76544132959440
H            1.07169752047209        2.66027629985009        1.07721124978278
H           -1.38363109647653        2.46909060681516        2.92015469818271
H           -1.16694299361841        3.57728760573946        1.57544911610267
H           -1.33219283276211        1.85567130946009        1.26324898142613
H            0.57432995059300        1.31724935475113        4.83505253442329
H           -0.68547441307389        0.36045981264212        4.03999649914488
H            1.97769382336176       -0.72562799727358        5.11447044632870
H            0.38375217907342       -0.98348215829843        5.80297945589383
H            0.77668395995817       -1.69469352561815        4.24482698126953
H            3.33148794327720        1.56009752853986        1.94191907387020
H            3.20696693970612        1.29148949643642        3.68150836652602
H            3.52314043092621       -0.89183597454629        1.53861288022579
H            4.74096075348990       -0.35976086998128        2.68509712002371
H            3.32048972545978       -1.21869056228793        3.26132235329982
