19
 energy: -25.383164240716 gnorm: 0.089422514898 xtb: 6.7.1 (edcfbbe)
C            0.96720000000000        0.11568000000000        0.32606000000000
N           -0.00976000000000        1.12008000000000        0.74510000000000
N           -0.42654000000000        0.93449000000000        2.04359000000000
C           -0.32746000000000        2.09532000000000        2.66296000000000
N            0.20785000000000        3.04057000000000        1.90820000000000
N            0.57603000000000        2.43675000000000        0.71242000000000
C            0.44924000000000        4.44139000000000        2.24642000000000
C           -0.76540000000000        2.27062000000000        4.04887000000000
H            1.28454000000000        0.29198000000000       -0.70761000000000
H            0.51760000000000       -0.88241000000000        0.36243000000000
H            1.85534000000000        0.11320000000000        0.96879000000000
H           -0.77427000000000        0.08275000000000        2.47008000000000
H            0.27092000000000        2.99560000000000       -0.09187000000000
H           -0.50670000000000        4.94023000000000        2.42793000000000
H            1.07443000000000        4.49802000000000        3.14176000000000
H            0.96231000000000        4.94368000000000        1.42086000000000
H           -1.69435000000000        1.72054000000000        4.23079000000000
H           -0.00332000000000        1.88972000000000        4.73557000000000
H           -0.95244000000000        3.31970000000000        4.29330000000000
19
 energy: -25.391402862945 gnorm: 0.036994326905 xtb: 6.7.1 (edcfbbe)
C            0.99440880357377        0.11409877249714        0.32308006009033
N            0.00012538023341        1.10960696261460        0.70602813162343
N           -0.43640620621888        0.95738113737642        2.03448611899044
C           -0.33733923093244        2.10478282519971        2.68642230788752
N            0.20152351295800        3.03083291313108        1.92185026139391
N            0.57772586774492        2.44194239465833        0.69488383776135
C            0.45293282222333        4.41726286790250        2.24604576847833
C           -0.77546169039450        2.28154504307998        4.07869541631859
H            1.29591476220615        0.30624296124910       -0.70418454198178
H            0.52351465440859       -0.86847935503116        0.36137719658632
H            1.87838332139757        0.12525573676842        0.96935109443646
H           -0.79178803401063        0.10215981876408        2.43230214718508
H            0.22842049434471        2.98032693524119       -0.10498805968108
H           -0.49433438047081        4.93041312937007        2.42154855592078
H            1.08299270025882        4.48995046430769        3.13273884658220
H            0.96439263696230        4.89246977597578        1.41081264256377
H           -1.69457880041954        1.72408100383819        4.25839122891089
H           -0.01381735155895        1.89970082106883        4.76041840688945
H           -0.95138926230583        3.32833579198806        4.31639058004399
19
 energy: -25.393891930347 gnorm: 0.011381998507 xtb: 6.7.1 (edcfbbe)
C            1.01984411415080        0.11944550461063        0.33261423550596
N            0.00259840096142        1.10172615467799        0.68054294027324
N           -0.45610270146462        0.96895945543209        2.02552418270843
C           -0.34988043206204        2.10500860717317        2.70220090309281
N            0.19271392007406        3.02223635980701        1.93295025425810
N            0.55932887822387        2.45390925622302        0.68001930704165
C            0.46785799718400        4.39788286553138        2.23879307771406
C           -0.78204026955850        2.28301045385094        4.09840179380058
H            1.31846414630695        0.32411855097218       -0.68993894758145
H            0.55139970172251       -0.86051448180879        0.36975620366078
H            1.89670489497520        0.14993162869781        0.98438503128827
H           -0.82629110471266        0.10375525543080        2.38369897564589
H            0.14963360046165        2.97799046157764       -0.10345873052468
H           -0.46637270146398        4.93490677763217        2.41529854298159
H            1.10655906430070        4.47947122336925        3.11750717472218
H            0.98096244257417        4.85063541737722        1.39397917121578
H           -1.69440372980593        1.72087232719135        4.28203332505544
H           -0.01517676589901        1.90404721559209        4.77458633264617
H           -0.95057945596859        3.33051696666204        4.32675622649522
19
 energy: -25.394875556183 gnorm: 0.012760536486 xtb: 6.7.1 (edcfbbe)
C            1.03998635961259        0.13323234355148        0.34830657812516
N           -0.00432510725625        1.09673035214190        0.66969755261132
N           -0.48019596462207        0.96952931722881        2.01760754496539
C           -0.36358621502272        2.09920350947870        2.70490917863865
N            0.18262237745089        3.01521041832656        1.93554171258824
N            0.52354101442853        2.46407843765036        0.66470281262371
C            0.48897092479578        4.38434368517230        2.23157548017510
C           -0.78409831846250        2.27887860631061        4.10484717446646
H            1.34774272032048        0.34151424841645       -0.67125819434428
H            0.59183390319345       -0.85538087739230        0.38467224252411
H            1.90741218846512        0.18828388676591        1.01092034377334
H           -0.86562434895933        0.09732736051944        2.34376264126693
H            0.06169619189421        2.98121313945954       -0.09803775848987
H           -0.43095897355553        4.94645175563223        2.41289842291238
H            1.13832929453332        4.46252696363183        3.10328344414891
H            1.00500764381795        4.81787121280149        1.37782625139772
H           -1.69225335604538        1.71431550021963        4.29952718571033
H           -0.00982728191918        1.90500316674027        4.77594950669156
H           -0.95105305266934        3.32757697334479        4.32891788021490
19
 energy: -25.395951599370 gnorm: 0.016420277043 xtb: 6.7.1 (edcfbbe)
C            1.06442432850911        0.15677190389246        0.37266685135227
N           -0.01586887760788        1.09193935362143        0.66273846181685
N           -0.51193196447718        0.96612017228747        2.00758506028128
C           -0.37956348746054        2.08910444831385        2.70197502870954
N            0.17104996798701        3.00561882193252        1.93435056995979
N            0.46623939655689        2.47552136430282        0.64302210745629
C            0.52004156731473        4.36693498592643        2.22311064346047
C           -0.78345658940617        2.27274318216736        4.10613494863748
H            1.38689661244409        0.36672135972344       -0.64357253523914
H            0.64949447736391       -0.84755741203156        0.40724560264029
H            1.91785419360476        0.24477903669283        1.05093465954267
H           -0.92059159714638        0.08890389918997        2.29351267172145
H           -0.06112522624196        2.98480729602009       -0.08644618084603
H           -0.38088911176904        4.95985051506357        2.40865223094706
H            1.17958452695938        4.43287175091860        3.08872534551735
H            1.04165476510859        4.77669623076210        1.36021931787958
H           -1.68464060603787        1.70224591293108        4.31853744947664
H            0.00227335801497        1.91124434829893        4.77191905867056
H           -0.95622573371640        3.32259282998661        4.32433870801568
19
 energy: -25.396976015482 gnorm: 0.016472033043 xtb: 6.7.1 (edcfbbe)
C            1.08718142972193        0.18714380110829        0.40224158774188
N           -0.03127452614430        1.08930191488751        0.65831778934156
N           -0.54641093558963        0.96176178489100        1.99469401737809
C           -0.39544740605187        2.07873529498373        2.69218527961177
N            0.15942163425401        2.99565620103289        1.92650149008073
N            0.39943127349562        2.48311651577936        0.61845323805260
C            0.55263544571064        4.34725455039486        2.21507526753544
C           -0.77833653677855        2.26581383403333        4.10146313249671
H            1.42751427283033        0.39606814217465       -0.60972702062698
H            0.71054579964055       -0.83418843488204        0.43718356811387
H            1.92246782526130        0.31073857227020        1.09918785633674
H           -0.98026008294834        0.08550507291704        2.24473545194848
H           -0.18484097191861        2.98321331708550       -0.07301967238425
H           -0.32809334344010        4.96939631791388        2.40300747676655
H            1.21739732208175        4.39104585026623        3.07816820823915
H            1.08299353719083        4.73569867360877        1.34771601112659
H           -1.66875492820119        1.68463452475222        4.33505108693652
H            0.02287762769788        1.92152722642330        4.75933874670929
H           -0.96382743681225        3.31548684035928        4.31507648459537
19
 energy: -25.397926148760 gnorm: 0.013412631823 xtb: 6.7.1 (edcfbbe)
C            1.10634590256646        0.22151455845453        0.43546265144789
N           -0.04782549474822        1.08989660708781        0.65329022582006
N           -0.58168666230272        0.95926528874690        1.97729221126405
C           -0.40895534999058        2.07047380696714        2.67685315177388
N            0.14930250522137        2.98649461154705        1.91156700865000
N            0.33141199648127        2.48541395906850        0.59258433604272
C            0.58220683230000        4.32587102874281        2.20762593106546
C           -0.76808061268521        2.25776540127698        4.09197757250596
H            1.46784959048809        0.42712470232016       -0.57023205138884
H            0.76610233960345       -0.81306505630465        0.47445675043651
H            1.91794858776916        0.37983939145433        1.15417470179514
H           -1.04140392407204        0.09140305660631        2.20214828236542
H           -0.29647774316287        2.97463155088367       -0.06033805898944
H           -0.27878636826077        4.97287349894255        2.39561159422417
H            1.24526323364701        4.34083444964678        3.07281815866078
H            1.12466092631169        4.69861582605490        1.34187690566874
H           -1.64354596270782        1.66134026771695        4.34669574283239
H            0.05194232441378        1.93247091745874        4.73719674394857
H           -0.97105212087205        3.30514613332853        4.30458814187671
19
 energy: -25.398646799631 gnorm: 0.011188903339 xtb: 6.7.1 (edcfbbe)
C            1.12428877284754        0.25519864763732        0.46966278508444
N           -0.06126773142171        1.09173154853435        0.64421581099665
N           -0.61463893570366        0.96006636071580        1.95618592230081
C           -0.41785089620735        2.06512169419852        2.66054270352853
N            0.14259713955662        2.97803025375651        1.89274291847497
N            0.26600907366384        2.48513698612461        0.56402441010423
C            0.60915417173784        4.30285721334564        2.20124665484687
C           -0.75583026020607        2.24891434271535        4.08065290441967
H            1.50839049283133        0.45723955566793       -0.52752821260053
H            0.81442412101395       -0.78730917691372        0.51621241939151
H            1.90816510031425        0.44680539523774        1.21093769754179
H           -1.10170508206675        0.10645096727196        2.16922685011508
H           -0.40752482050629        2.96252629060122       -0.05079775686248
H           -0.23298398792850        4.97265298045110        2.38796104742759
H            1.26495209357237        4.28846357806608        3.07173197201717
H            1.16778206494736        4.66508865895132        1.34195512618482
H           -1.61335680782579        1.63430541746362        4.35130661281817
H            0.08282015794147        1.94249959612284        4.71051161503732
H           -0.97820466656043        3.29212969005179        4.29485851917361
19
 energy: -25.399077682759 gnorm: 0.008585988415 xtb: 6.7.1 (edcfbbe)
C            1.13598789851571        0.28331269495890        0.49704347727836
N           -0.07188175612601        1.09401259839694        0.63251278077569
N           -0.64356880275683        0.96342066576054        1.93569032224451
C           -0.42655859541726        2.06328641015917        2.64633227958364
N            0.13578228223040        2.97215074264511        1.87415157291458
N            0.21871401047542        2.48095551836991        0.54263784853676
C            0.62718419732103        4.28338252788515        2.19444831992078
C           -0.74417074998691        2.23926609624030        4.07168657362859
H            1.54092290551226        0.48392158025202       -0.49112730150840
H            0.84808287255715       -0.76338098250170        0.55115753853905
H            1.89413925202612        0.50191638783427        1.25606348924597
H           -1.15275051123982        0.12584995949296        2.15428040897657
H           -0.47874425375187        2.94823587369415       -0.04367140769748
H           -0.20024572065355        4.97191396980241        2.37654465307976
H            1.27108395365021        4.24681155399954        3.07265541723975
H            1.20477616902223        4.63950150150687        1.34430389300685
H           -1.58309646553407        1.60612254047896        4.35546801287205
H            0.11275217754455        1.94986323912782        4.68439315391377
H           -0.98318886338875        3.27736712189663        4.29107896744948
19
 energy: -25.399198014665 gnorm: 0.007848128496 xtb: 6.7.1 (edcfbbe)
C            1.14858933052449        0.30591062033405        0.51909539508595
N           -0.07994638831088        1.09276394601618        0.62025343294049
N           -0.66551223585840        0.96582547248524        1.92012206955227
C           -0.43353577881254        2.06118336975263        2.63690461641347
N            0.13065084431136        2.96662216616420        1.86118381006443
N            0.17573039524576        2.48182912358327        0.52047444855723
C            0.64773138573729        4.26553547360149        2.18923673889065
C           -0.73836332442539        2.23134322919840        4.06487842490876
H            1.56932849837220        0.50603278898489       -0.46184858266863
H            0.88206717611703       -0.74661691767466        0.58001622538545
H            1.88555644053227        0.55145962963895        1.29192281738232
H           -1.19239015756791        0.14020160231730        2.14631116202207
H           -0.56158202083672        2.94063447071752       -0.03942204408363
H           -0.16594141880357        4.97340989717693        2.36688550844479
H            1.28260295827305        4.21236747008210        3.07322779000797
H            1.24240804220872        4.61372883943677        1.34642222403953
H           -1.56088948831533        1.58177843507842        4.35739182254880
H            0.13185149305091        1.95868675064337        4.66595857354010
H           -0.99313575144233        3.26521363246293        4.28663556696829
19
 energy: -25.399317209366 gnorm: 0.005652717030 xtb: 6.7.1 (edcfbbe)
C            1.14424455044155        0.30998074229103        0.51982928035570
N           -0.08139625077781        1.09347094519249        0.61555299393140
N           -0.66767004196357        0.96788412486474        1.91694014472501
C           -0.43589809382680        2.06312327427550        2.63500545691382
N            0.12824775567454        2.96775635289634        1.85772388071215
N            0.18101955794801        2.47880860658526        0.52192740839121
C            0.64606217880424        4.26354813503696        2.18656731329613
C           -0.73709990141872        2.22755771002382        4.06371221498124
H            1.56876559308740        0.51126474919860       -0.45855689768763
H            0.87787653496549       -0.74098616456041        0.58269436104855
H            1.87538961785106        0.55711965492933        1.29287013252108
H           -1.19231967898714        0.14693778541282        2.16261357733778
H           -0.54412611995907        2.93633409656418       -0.03981479103647
H           -0.16669478486839        4.97259154816328        2.35788254705786
H            1.27305988308303        4.21102982299254        3.07523034375255
H            1.24783405141992        4.61103770728469        1.34835382226775
H           -1.55222886969367        1.57107003039188        4.35774748270186
H            0.13772199462325        1.96073359462777        4.65928239856014
H           -0.99756797640331        3.25864728382915        4.29008833017016
19
 energy: -25.399359239646 gnorm: 0.004151789887 xtb: 6.7.1 (edcfbbe)
C            1.14390886323507        0.31140786871432        0.51999648825320
N           -0.08500594029552        1.09235325291430        0.61357707135980
N           -0.67055466613950        0.96735414913020        1.91637371309122
C           -0.43936871219426        2.06256514704737        2.63452512546287
N            0.12454730980679        2.96821067598965        1.85831875160077
N            0.17950513782362        2.48049902772678        0.52146103490888
C            0.64809513335859        4.26321592586137        2.18592184730571
C           -0.73815463259393        2.22637499330752        4.06419345589231
H            1.56992170616533        0.51196180342470       -0.45855731680800
H            0.88172087762048       -0.74176551520638        0.58224764933934
H            1.87380029856839        0.56290962595695        1.29497076840779
H           -1.19069913472545        0.14414221406493        2.16527927098887
H           -0.54399267809461        2.93813976970950       -0.04128749438650
H           -0.16222166023077        4.97697364423560        2.35527015410291
H            1.27499928167118        4.20983280874041        3.07511872113581
H            1.25189661639870        4.60596877937734        1.34727586536426
H           -1.55021233146383        1.56656866828639        4.36164153691577
H            0.13966371209565        1.96444275774565        4.65885058995271
H           -1.00262918100593        3.25675440297337        4.29047276711257
19
 energy: -25.399398748754 gnorm: 0.002383099292 xtb: 6.7.1 (edcfbbe)
C            1.14163351044017        0.31391566393449        0.51970451895094
N           -0.08844576486409        1.09176223423822        0.61171340356404
N           -0.67192379291291        0.96695598527823        1.91647084076769
C           -0.44098007091788        2.06153925724688        2.63502244130612
N            0.12129261061886        2.96947917340062        1.86079559367845
N            0.18147599699059        2.48444461949313        0.52195876610376
C            0.65118953740331        4.26281783720662        2.18465805642385
C           -0.74018169408075        2.22443872173976        4.06445481703978
H            1.56865886769917        0.51381397783862       -0.45903301056447
H            0.88316788930087       -0.74014817247279        0.58164920024958
H            1.86933852692622        0.56735994159953        1.29503132674451
H           -1.18330645163284        0.13882611563447        2.17276983758990
H           -0.54413424847753        2.94194922534209       -0.04269850829202
H           -0.15556067709666        4.98117256489483        2.34742842711361
H            1.27470094210201        4.20990148989526        3.07653979541038
H            1.25854299917494        4.59624364378615        1.34563230243032
H           -1.54546791293917        1.55773197038454        4.36437024418218
H            0.14051165771756        1.97299414600904        4.65925257041581
H           -1.01529192545185        3.25271160455027        4.28992937688586
19
 energy: -25.399414777900 gnorm: 0.002561100449 xtb: 6.7.1 (edcfbbe)
C            1.14111504760194        0.31766780802927        0.52243121687443
N           -0.09157937195452        1.09207843063688        0.60997960531084
N           -0.67660724402075        0.96762254858902        1.91384052585490
C           -0.44305899973097        2.06095518852060        2.63356715076136
N            0.11789974167429        2.96963465996377        1.85961592905402
N            0.17727135871588        2.48509359180168        0.52064749712439
C            0.65386751975193        4.26061705144064        2.18348372601837
C           -0.73967944232697        2.22252987810887        4.06381939030877
H            1.56998056904136        0.51759192884067       -0.45546567887879
H            0.88694547488682       -0.73742367343668        0.58559407562286
H            1.86579866091556        0.57582322054616        1.29943603481247
H           -1.18323291582513        0.13781426249530        2.17362529939334
H           -0.54876089463910        2.94174182073941       -0.04292603877066
H           -0.14883087982122        4.98497467314442        2.34129333957755
H            1.27313418839119        4.20527299968533        3.07828446795825
H            1.26725840255699        4.58833684924317        1.34633345740676
H           -1.53850816024904        1.54919921395779        4.36692491846263
H            0.14527373558482        1.97959139323428        4.65627812386187
H           -1.02306679055307        3.24878815445938        4.28888695924694
19
 energy: -25.399449332346 gnorm: 0.002479373238 xtb: 6.7.1 (edcfbbe)
C            1.13906199453014        0.32517484015093        0.52795621854956
N           -0.09782682189596        1.09365244485286        0.60762317311448
N           -0.68743151132659        0.97005107204120        1.90798983464061
C           -0.44624243561948        2.05962085619833        2.63098068659681
N            0.11082501445487        2.97046879867847        1.85759989943057
N            0.16841509228189        2.48676687678947        0.51837316999764
C            0.65958764472009        4.25582247184194        2.18149974239332
C           -0.73827863805653        2.21903689861836        4.06274810227174
H            1.57096573052840        0.52512345753120       -0.44841057205054
H            0.89266633825673       -0.73106532795054        0.59433197185089
H            1.85809783974312        0.59167000981883        1.30738937618455
H           -1.17884769919441        0.13305714928837        2.17304503511365
H           -0.55802670698272        2.94196681837905       -0.04397015180313
H           -0.13370899557290        4.99285186318665        2.32416302478963
H            1.26547905531828        4.19650988517233        3.08507227712886
H            1.28857441403984        4.56944379599112        1.35044392394045
H           -1.52012423796454        1.52913098270761        4.37265345392808
H            0.15578433309954        1.99909736340525        4.65055912785013
H           -1.04375041035973        3.23952974329857        4.28560170607299
19
 energy: -25.399470466165 gnorm: 0.002094341382 xtb: 6.7.1 (edcfbbe)
C            1.13732552558261        0.32871196755357        0.53042920126943
N           -0.10087968171699        1.09515209439118        0.60708546983027
N           -0.69394413278068        0.97242969153750        1.90473820735544
C           -0.44773568255109        2.05924804809889        2.62997009081449
N            0.10694518861740        2.97133557434294        1.85645811056050
N            0.16338038603117        2.48756628783126        0.51714781559959
C            0.66266778090457        4.25300755769685        2.18107350656428
C           -0.73752434026852        2.21777370415184        4.06241653321765
H            1.57008592326190        0.52831455418844       -0.44542851061544
H            0.89353403442959       -0.72751350335438        0.59889854655878
H            1.85427003279824        0.59837213216485        1.31014423701043
H           -1.17231041064207        0.12852795928520        2.17157217414009
H           -0.56335529712025        2.94245734661088       -0.04525821022651
H           -0.12495577410084        4.99823663199789        2.31014655864950
H            1.25627292881573        4.19233866103279        3.09256347996514
H            1.30485323822350        4.55706285962799        1.35639756913941
H           -1.50629100267160        1.51561301731832        4.37690529781172
H            0.16244156049270        2.01569462319602        4.64733180907541
H           -1.05956027730535        3.23358079232794        4.28305811328012
19
 energy: -25.399489095838 gnorm: 0.001800413871 xtb: 6.7.1 (edcfbbe)
C            1.13507247095296        0.32955897121766        0.53071220489665
N           -0.10263887249140        1.09673094924226        0.60692651591770
N           -0.69844053947711        0.97505063645994        1.90275320255273
C           -0.44848216347746        2.05972897726698        2.62978639124086
N            0.10509875845497        2.97245794594094        1.85579876525999
N            0.16093361824810        2.48805372455417        0.51630544945587
C            0.66435375864052        4.25140301275764        2.18191764861049
C           -0.73698360084380        2.21785638364472        4.06247214789182
H            1.56744097246800        0.52799969176939       -0.44545778415560
H            0.89069334429105       -0.72626474501813        0.60059334785893
H            1.85224311460712        0.59984227481002        1.30971451118958
H           -1.16318362064534        0.12365231979034        2.17077429504786
H           -0.56496259955472        2.94379158546390       -0.04724071382047
H           -0.11982312574289        5.00214971925823        2.29517006924028
H            1.24323823444302        4.19179492048150        3.10275051562187
H            1.32056115474474        4.54760526722130        1.36561117079403
H           -1.49256352869965        1.50409696312084        4.38119924994084
H            0.16791456836573        2.03372006484859        4.64498376027238
H           -1.07525194428383        3.22868133716967        4.28087925218447
19
 energy: -25.399507919404 gnorm: 0.003036323670 xtb: 6.7.1 (edcfbbe)
C            1.13147631478522        0.32784097428790        0.52854433598261
N           -0.10359953893459        1.09885754855527        0.60666162165423
N           -0.70195019287037        0.97831165101320        1.90164177604818
C           -0.44939488521845        2.06133822081560        2.63009305643571
N            0.10459341083972        2.97406131424720        1.85541600086037
N            0.16069091108205        2.48874127602735        0.51566801183676
C            0.66494526761407        4.25097067269919        2.18435224059403
C           -0.73652743774897        2.21894414670360        4.06278165418842
H            1.56234629800318        0.52389386311161       -0.44885147953062
H            0.88219843157640       -0.72683999895195        0.59891200485192
H            1.85150429247706        0.59494600334253        1.30532804814180
H           -1.14918223585824        0.11774224055346        2.17218713037176
H           -0.56367181288514        2.94681000574157       -0.04974867743319
H           -0.11670079790732        5.00892635495728        2.27120957792062
H            1.21937573829009        4.19492007517121        3.12063378382510
H            1.34457934031080        4.53661616150444        1.38268034157638
H           -1.47194576727906        1.48705629874485        4.38859935845736
H            0.17627848692471        2.06244498987596        4.64189516309776
H           -1.09979582320116        3.22232820159970        4.27764605112111
19
 energy: -25.399522304944 gnorm: 0.002897939704 xtb: 6.7.1 (edcfbbe)
C            1.12919973451460        0.32280386611732        0.52425868748731
N           -0.10213440339769        1.09953362663966        0.60698695032451
N           -0.69917973367592        0.97876799939305        1.90333722383600
C           -0.44738709139311        2.06250448807183        2.63131668239656
N            0.10872734953923        2.97431024434395        1.85665923368098
N            0.16590054665008        2.48858980908931        0.51682715184391
C            0.66233121077583        4.25349293346761        2.18671876306427
C           -0.73599209309323        2.22074805629610        4.06335310262921
H            1.55785498337853        0.51743482901447       -0.45457882680298
H            0.87400873733078       -0.73118026258438        0.59334222638722
H            1.85379735345373        0.58513646827456        1.29926091853422
H           -1.14342192680691        0.11703378734397        2.17445992881483
H           -0.55585397077805        2.94912157862456       -0.05019448965813
H           -0.12225944489393        5.00866953141485        2.26287244504059
H            1.20627076552810        4.20333402769441        3.12887959558964
H            1.34885583428026        4.53872817838112        1.39211567209097
H           -1.46631872230124        1.48639944780068        4.38974356592456
H            0.17597908540189        2.07115076107648        4.64291767158089
H           -1.10515821451295        3.22133062954043        4.27737349723575
19
 energy: -25.399548908141 gnorm: 0.003216251250 xtb: 6.7.1 (edcfbbe)
C            1.12517970326012        0.31782641392365        0.51932767831831
N           -0.10173572694794        1.10118304844563        0.60592980958418
N           -0.69795394540083        0.97970767344168        1.90404989889343
C           -0.44566069134950        2.06374809176957        2.63200650319980
N            0.11387863049178        2.97430438061221        1.85815172463013
N            0.17091070027883        2.48960309099260        0.51769510635771
C            0.66077554351871        4.25610945038088        2.18947973973718
C           -0.73436939441462        2.22176298197003        4.06377561088705
H            1.55263981280785        0.51059338869386       -0.46076034832472
H            0.86258953646808       -0.73515639348456        0.58628382656579
H            1.85431153021421        0.57377714141828        1.29307800901204
H           -1.13868822229608        0.11688586581153        2.17839524563523
H           -0.54928527858749        2.95309148379532       -0.04910721274376
H           -0.12568230400003        5.01246222773504        2.23898187019270
H            1.18000509240931        4.21364636267693        3.14624884866382
H            1.36801065471550        4.53390670148211        1.40998139042691
H           -1.44665720198649        1.47131962773355        4.39666420453143
H            0.18396729682234        2.09772729693057        4.64151604670249
H           -1.12701573600375        3.21541116567111        4.27395204773055
19
 energy: -25.399573330741 gnorm: 0.004211803841 xtb: 6.7.1 (edcfbbe)
C            1.12026491169835        0.31115498751309        0.51215146372973
N           -0.10071161024408        1.10299815339912        0.60543396059912
N           -0.69414392674907        0.97975539062791        1.90603803904871
C           -0.44160229741912        2.06402294496777        2.63370919325348
N            0.12264022825640        2.97285770925592        1.86178286524715
N            0.17855120316357        2.49115519086819        0.52047365836227
C            0.65783354880762        4.26062478125599        2.19200050193937
C           -0.73152058767558        2.22210669665409        4.06520334376625
H            1.54600758575800        0.50355726986055       -0.46893390963847
H            0.84826877311336       -0.74016946758904        0.57514416757465
H            1.85541767744580        0.55655796513307        1.28386296920835
H           -1.13817646727521        0.11935518743180        2.18265964847324
H           -0.54100447922965        2.95802407329107       -0.04428339440279
H           -0.13147858620541        5.01884006687169        2.20502986153777
H            1.14496971140756        4.23027481250423        3.16678498572751
H            1.39221582033270        4.52739687871615        1.43184905877208
H           -1.42160170732654        1.45322227137885        4.40514177053680
H            0.19239833371539        2.12992616870943        4.64183735470754
H           -1.15310813157409        3.20624891915009        4.26976446155753
19
 energy: -25.399600213582 gnorm: 0.001735843029 xtb: 6.7.1 (edcfbbe)
C            1.11970749162132        0.31163948632048        0.51177652164604
N           -0.10149561921918        1.10272613649506        0.60598305795649
N           -0.69319448071366        0.97949989645004        1.90622587658460
C           -0.43939768572858        2.06252396131231        2.63444881438671
N            0.12400798123763        2.97182615490607        1.86286682196832
N            0.17868599086523        2.49115801246234        0.52174765263476
C            0.65847690909423        4.26039480706270        2.19100059917764
C           -0.73122271137247        2.22126828464257        4.06588131640796
H            1.54566936948918        0.50632610137749       -0.46839355831597
H            0.85020237862564       -0.73956319008497        0.57465977691775
H            1.85305991682993        0.55785356614677        1.28432635946633
H           -1.14165126644213        0.12144663897118        2.18075016370010
H           -0.54154247727058        2.95742591714584       -0.04162513910302
H           -0.12892302408045        5.01791146328506        2.20113678126602
H            1.14434753867776        4.23233217098205        3.16514404216928
H            1.39242486206695        4.52562694191716        1.43197564524284
H           -1.41955551374403        1.45213901676108        4.40557857992299
H            0.19091182094289        2.13207611506477        4.64345264696519
H           -1.15529148087971        3.20329851878198        4.26871404100623
19
 energy: -25.399614542290 gnorm: 0.001575681097 xtb: 6.7.1 (edcfbbe)
C            1.11926948330474        0.31317321101388        0.51115803505996
N           -0.10335228608521        1.10206956959096        0.60730509605599
N           -0.69159990469382        0.97852831305598        1.90726666273979
C           -0.43660999695126        2.06014332781733        2.63622934954157
N            0.12619841474715        2.96989576864232        1.86511861630504
N            0.17816435177480        2.49133054895471        0.52396746301073
C            0.66043274621303        4.25977313392587        2.18893412858094
C           -0.73082444475126        2.21978312312408        4.06772851678964
H            1.54529488219691        0.51231026382540       -0.46771659104616
H            0.85374292268174       -0.73839713072487        0.57245991803142
H            1.85050646133572        0.56028828136328        1.28516236122643
H           -1.15006568136624        0.12491178473942        2.17765635236884
H           -0.54312578067794        2.95719641451752       -0.03737448697908
H           -0.12529154231734        5.01681326557430        2.19158276986988
H            1.14232922504454        4.23599373506052        3.16411354558547
H            1.39656665127184        4.51993314219323        1.43171840518744
H           -1.41442346992091        1.44739233306775        4.40725740707042
H            0.18995000480522        2.13828182478979        4.64650086604753
H           -1.16194203661171        3.19848908946853        4.26658158455441
19
 energy: -25.399624363305 gnorm: 0.001201435856 xtb: 6.7.1 (edcfbbe)
C            1.11947458672532        0.31402141188712        0.51061648477142
N           -0.10419059238169        1.10161274040409        0.60793729955500
N           -0.69070315668769        0.97762305275937        1.90831146795520
C           -0.43646876302252        2.05948939743809        2.63725324993760
N            0.12671501887352        2.96908613261412        1.86614201362087
N            0.17738451645803        2.49134384412865        0.52473213363980
C            0.66166821814616        4.25929359767074        2.18799487456689
C           -0.73069788363991        2.21914133297465        4.06885322089286
H            1.54538770867592        0.51538923579779       -0.46789328195610
H            0.85499880159254       -0.73804515741878        0.57008733286396
H            1.85037820096768        0.56075395431266        1.28524417798179
H           -1.15559595419006        0.12654651210506        2.17645966979265
H           -0.54416717331757        2.95764846283225       -0.03612443538239
H           -0.12343198163679        5.01762895868928        2.18425991476316
H            1.13904547715050        4.23816517140891        3.16574499629901
H            1.40200024648836        4.51525364087144        1.43283642372201
H           -1.40945944581098        1.44267238128168        4.40963457085269
H            0.19097575261791        2.14450233756267        4.64752026430440
H           -1.16809357700874        3.19578299268020        4.26603962181946
19
 energy: -25.399640754763 gnorm: 0.001322502735 xtb: 6.7.1 (edcfbbe)
C            1.11984244660616        0.31508953511663        0.50900372873127
N           -0.10514819813370        1.10093906991923        0.60901119637324
N           -0.68800955908853        0.97560078450044        1.91096307578640
C           -0.43672902683437        2.05888185606316        2.63916979109205
N            0.12712845319293        2.96805567032940        1.86774594877678
N            0.17587622527442        2.49124043695846        0.52588364627907
C            0.66378926050476        4.25830330567971        2.18660569767863
C           -0.73006767275035        2.21799876615933        4.07085962990026
H            1.54544440775473        0.52046777808632       -0.46893831597061
H            0.85602944418853       -0.73771068235125        0.56433919441533
H            1.85058243818765        0.55965766826490        1.28459947336501
H           -1.16817439992266        0.13087697951936        2.17405007241136
H           -0.54586456984696        2.95870298915374       -0.03435005049924
H           -0.11864237612762        5.02067246815711        2.16604422701043
H            1.12737643573244        4.24303948477639        3.17171047353069
H            1.41617388616028        4.50481586325721        1.43900213800839
H           -1.39462244591054        1.43053762314055        4.41635036165821
H            0.19470084315533        2.16239965372637        4.64802801969292
H           -1.18446559214252        3.18834074954294        4.26557169176009
19
 energy: -25.399648274817 gnorm: 0.001278277299 xtb: 6.7.1 (edcfbbe)
C            1.11966545236193        0.31500921382439        0.50805677494695
N           -0.10514098335134        1.10095494173829        0.60931207315366
N           -0.68651288422261        0.97486279165858        1.91218506911191
C           -0.43687970306114        2.05906567514830        2.63961214483374
N            0.12686201828378        2.96819502755562        1.86793725055563
N            0.17543892149116        2.49112639640387        0.52608090713631
C            0.66426063073393        4.25801820605065        2.18667141502722
C           -0.72940029414994        2.21780482762114        4.07136752044608
H            1.54508276479822        0.52128511851460       -0.46981450225647
H            0.85518906942146       -0.73777405296095        0.56207969556237
H            1.85079257659186        0.55816258666984        1.28373304366460
H           -1.17307924105289        0.13322522526830        2.17320336673789
H           -0.54613551868395        2.95889820104436       -0.03422298176710
H           -0.11624866757989        5.02233239864709        2.15720203612918
H            1.11947463838335        4.24489965854928        3.17575524023607
H            1.42347540627234        4.50050347417611        1.44446313928395
H           -1.38563663408217        1.42458257475901        4.41964970007380
H            0.19698377625288        2.17264047342323        4.64702035700675
H           -1.19297132840697        3.18411726190826        4.26535775011775
19
 energy: -25.399657211074 gnorm: 0.000753290462 xtb: 6.7.1 (edcfbbe)
C            1.11900420717888        0.31426996794785        0.50688178111504
N           -0.10477783558824        1.10131797493120        0.60933966464697
N           -0.68503173711787        0.97447563004797        1.91311609647180
C           -0.43671424347226        2.05953109319265        2.63957954300502
N            0.12627316596186        2.96887965550105        1.86760849122743
N            0.17536487628625        2.49104418775721        0.52595918230787
C            0.66418871016620        4.25799954602199        2.18758488311867
C           -0.72837981414752        2.21799019823701        4.07147441071310
H            1.54398322489416        0.52012308976178       -0.47126177016570
H            0.85316336166100       -0.73814006285282        0.56086095203519
H            1.85106250754878        0.55611220494576        1.28199161943178
H           -1.17623774753192        0.13537188329181        2.17267775829373
H           -0.54580309924312        2.95884286131841       -0.03477350696544
H           -0.11374608394215        5.02419879927247        2.14868348349810
H            1.10960446302254        4.24628009829290        3.18089526991016
H            1.43091366848434        4.49711848797268        1.45230732163017
H           -1.37528008806338        1.41878750887092        4.42280222381011
H            0.19951515078103        2.18425568174413        4.64513727386555
H           -1.20188268687861        3.17945119374500        4.26478532205072
19
 energy: -25.399665809682 gnorm: 0.000686051691 xtb: 6.7.1 (edcfbbe)
C            1.11780948123084        0.31347674330908        0.50519131113934
N           -0.10475817675763        1.10182805840206        0.60932055018600
N           -0.68354904391470        0.97420699771861        1.91400001158395
C           -0.43611711196804        2.05984222627457        2.63964398531079
N            0.12581763977768        2.96953381930053        1.86742811814244
N            0.17545192659115        2.49110952184945        0.52601376789794
C            0.66428363369098        4.25794612735550        2.18883116444270
C           -0.72721563645577        2.21826488442890        4.07172660132391
H            1.54165796667714        0.51829257719074       -0.47363079360278
H            0.85070013208031       -0.73845209491130        0.56014029641727
H            1.85128294838480        0.55455487083254        1.27909011484121
H           -1.17859151550830        0.13714275108181        2.17229507733982
H           -0.54519575395502        2.95896254892215       -0.03514826568227
H           -0.11031500750178        5.02647665000373        2.13737589900578
H            1.09694027298740        4.24812012961139        3.18759187434471
H            1.44074380173412        4.49232237084956        1.46246150957459
H           -1.36241679974320        1.41149438292080        4.42664252990987
H            0.20224260954746        2.19923812560888        4.64331352551990
H           -1.21355136689746        3.17354930925101        4.26336272230511
19
 energy: -25.399673537486 gnorm: 0.000774561958 xtb: 6.7.1 (edcfbbe)
C            1.11648982812297        0.31300419591311        0.50347200848615
N           -0.10526021416799        1.10229467044885        0.60933944455445
N           -0.68277683488677        0.97411713743597        1.91461180837979
C           -0.43549641387858        2.05984365301484        2.64000350674813
N            0.12575308135680        2.96984544214886        1.86767560961370
N            0.17548993964208        2.49144368128680        0.52630145707161
C            0.66483539639980        4.25779209636853        2.18975258323777
C           -0.72642967825239        2.21831352873841        4.07220435635872
H            1.53861515644189        0.51654876754209       -0.47635220948370
H            0.84870456792970       -0.73864965659591        0.55996137627903
H            1.85166786799249        0.55420944778262        1.27570745958477
H           -1.17928335386811        0.13784028280695        2.17228484045707
H           -0.54469357413371        2.95964373286674       -0.03510894757274
H           -0.10643784574859        5.02857979509430        2.12548061847307
H            1.08488617702122        4.25062797989188        3.19375946096184
H            1.45085406079236        4.48687233210380        1.47204153421959
H           -1.35058957278439        1.40456566256040        4.43035113821264
H            0.20393323615079        2.21342128519875        4.64233982287674
H           -1.22504182412956        3.16759596539299        4.26182413154166
19
 energy: -25.399682505535 gnorm: 0.000678658499 xtb: 6.7.1 (edcfbbe)
C            1.11483740863547        0.31282126565233        0.50160743070645
N           -0.10624504809300        1.10289311643227        0.60934542379002
N           -0.68262489150587        0.97436240150465        1.91496388975177
C           -0.43469310766781        2.05962702106063        2.64072774237523
N            0.12619922196154        2.96990100764222        1.86845636941045
N            0.17563749809893        2.49207635760867        0.52695243527086
C            0.66584224217710        4.25761229994910        2.19033806256425
C           -0.72593830920279        2.21800633811815        4.07293738725314
H            1.53464084625313        0.51476337993993       -0.47954799364234
H            0.84672777218583       -0.73861506943890        0.56029913123520
H            1.85196331137531        0.55483148748337        1.27171872574480
H           -1.17825845568804        0.13759102102425        2.17270630698995
H           -0.54413239942227        2.96094241257464       -0.03440171436250
H           -0.10172137099968        5.03075467401230        2.11152308353589
H            1.07218869643495        4.25430582669429        3.19988214866832
H            1.46210482942970        4.48015865578569        1.48186721830460
H           -1.33868975285298        1.39702344574828        4.43407852273449
H            0.20489774335069        2.22796347407527        4.64202326221763
H           -1.23751623447022        3.16089088413284        4.26017256745204
19
 energy: -25.399693729111 gnorm: 0.000516921012 xtb: 6.7.1 (edcfbbe)
C            1.11245509978211        0.31284483219202        0.49937488856772
N           -0.10786474065801        1.10390053795977        0.60927296469484
N           -0.68323932518073        0.97511460862322        1.91503784119938
C           -0.43364579266723        2.05928911739431        2.64186540389906
N            0.12728374946432        2.96980931436671        1.86987279380705
N            0.17585856973906        2.49318593147599        0.52800334019441
C            0.66748738209794        4.25749847777704        2.19053393755811
C           -0.72553650630728        2.21707681877874        4.07407783063280
H            1.52927775367379        0.51271528013437       -0.48348017770187
H            0.84412766336138       -0.73840050281860        0.56089280442688
H            1.85204893065454        0.55611756977515        1.26674408319358
H           -1.17530005517760        0.13644222734328        2.17373344128893
H           -0.54351047303746        2.96323459119127       -0.03288564062567
H           -0.09513760252326        5.03349225090898        2.09199122859893
H            1.05578994476082        4.26037165386552        3.20719148308553
H            1.47710441514582        4.47087851702677        1.49412475367212
H           -1.32415306710053        1.38716020472507        4.43858275199751
H            0.20544567089204        2.24542883326996        4.64221275491408
H           -1.25327161691972        3.15174973601040        4.25850351659689
19
 energy: -25.399705364124 gnorm: 0.001026164777 xtb: 6.7.1 (edcfbbe)
C            1.10885961842740        0.31317564031928        0.49653669647598
N           -0.11045442636883        1.10558127865704        0.60907458487125
N           -0.68489750791426        0.97661948238786        1.91483634437178
C           -0.43214593789077        2.05884819324037        2.64356876461703
N            0.12922309708140        2.96961325060328        1.87212776690503
N            0.17597255675449        2.49492071836728        0.52954742191345
C            0.67008513968337        4.25748028560535        2.19025132411280
C           -0.72486969747257        2.21517871191807        4.07583554648960
H            1.52217576623754        0.51065629815649       -0.48831666616185
H            0.84009581639021       -0.73781493002041        0.56123124066497
H            1.85140090489047        0.55772909813724        1.26071027683921
H           -1.17033407753663        0.13450239090201        2.17558152561132
H           -0.54303175996445        2.96686734210181       -0.03027711765290
H           -0.08486674028462        5.03735658747198        2.06204419941620
H            1.03162197179417        4.27046148006429        3.21692764432212
H            1.49914020003254        4.45696128122285        1.51193068217532
H           -1.30331140871364        1.37262205408670        4.44469475057191
H            0.20600441919505        2.26931624429737        4.64256620582867
H           -1.27544793434085        3.13783459248110        4.25677880862836
19
 energy: -25.399711438722 gnorm: 0.001525082359 xtb: 6.7.1 (edcfbbe)
C            1.10540986139141        0.31399368134832        0.49455453695358
N           -0.11331384132899        1.10730975968017        0.60875137313215
N           -0.68744381312134        0.97836613000136        1.91426511148510
C           -0.43095494092145        2.05844846714015        2.64509940999198
N            0.13116617865712        2.96933053206260        1.87424132946016
N            0.17547148389156        2.49665181673522        0.53080866670365
C            0.67287795673506        4.25740888568310        2.18925584433981
C           -0.72399651084273        2.21282091570583        4.07758409784341
H            1.51676024986999        0.51058988215930       -0.49131137221088
H            0.83642948923441       -0.73695282237589        0.56045695741979
H            1.84966442872069        0.55899318501072        1.25701873187792
H           -1.16541464304183        0.13248317366019        2.17750357599796
H           -0.54349934144414        2.97050265843904       -0.02756316973894
H           -0.07377135118031        5.04045383327964        2.03217396719932
H            1.00829633820927        4.28115038907133        3.22464234719196
H            1.52009737349727        4.44319119522920        1.52904891223588
H           -1.28361825612712        1.35923818915030        4.45029168833645
H            0.20605874150224        2.29022045063984        4.64278516905483
H           -1.29499940370112        3.12370967737955        4.25604282272611
19
 energy: -25.399714912355 gnorm: 0.000853383375 xtb: 6.7.1 (edcfbbe)
C            1.10464799959459        0.31460627204995        0.49492747876688
N           -0.11421722327037        1.10782468737444        0.60854569311224
N           -0.68887518133795        0.97910265693790        1.91375501658863
C           -0.43076007478222        2.05840118047834        2.64531027506992
N            0.13166574679670        2.96922157516203        1.87462174754121
N            0.17475240700046        2.49706065951640        0.53088917234237
C            0.67372173752492        4.25739106679446        2.18833290497500
C           -0.72347475222281        2.21178962061671        4.07796892058961
H            1.51737540348494        0.51273084908801       -0.49002823873042
H            0.83566389330184       -0.73644336584700        0.55887217649450
H            1.84775625608480        0.55852484946552        1.25882089680698
H           -1.16430654318818        0.13212219956917        2.17798862086354
H           -0.54463749572697        2.97129508543055       -0.02659903855003
H           -0.07012234365873        5.04041604343730        2.02488192510644
H            1.00341584817301        4.28443603737371        3.22443327938551
H            1.52397197871134        4.44003348755818        1.53266317112869
H           -1.27961371693084        1.35670699190892        4.45095369262570
H            0.20587106802017        2.29271723760417        4.64262870844242
H           -1.29761500757472        3.11997286548124        4.25668359744103
