23
 energy: -31.923097990767 gnorm: 0.050666703247 xtb: 6.7.1 (edcfbbe)
C            0.53397000000000       -0.46379000000000        0.22161000000000
C            0.24858000000000        0.77707000000000       -0.19801000000000
C           -1.12297000000000        1.27180000000000       -0.55551000000000
N           -1.55838000000000        2.28950000000000        0.43755000000000
C           -2.20560000000000        1.84415000000000        1.54474000000000
C           -2.67401000000000        2.72014000000000        2.51361000000000
C           -2.47802000000000        4.07966000000000        2.34993000000000
C           -1.81026000000000        4.53318000000000        1.22111000000000
C           -1.33643000000000        3.62637000000000        0.25528000000000
C           -0.64389000000000        4.16287000000000       -0.97434000000000
O           -1.51907000000000        4.00900000000000       -2.08003000000000
H           -0.22214000000000       -1.23383000000000        0.34787000000000
H            1.56110000000000       -0.75121000000000        0.44134000000000
H            1.07400000000000        1.47557000000000       -0.31884000000000
H           -1.13999000000000        1.68926000000000       -1.56242000000000
H           -1.86377000000000        0.46271000000000       -0.54414000000000
H           -2.34587000000000        0.77092000000000        1.64726000000000
H           -3.19580000000000        2.34258000000000        3.39039000000000
H           -2.84750000000000        4.78496000000000        3.09290000000000
H           -1.66791000000000        5.60494000000000        1.08716000000000
H           -0.39548000000000        5.22304000000000       -0.85727000000000
H            0.28538000000000        3.62127000000000       -1.17021000000000
H           -1.21468000000000        4.61405000000000       -2.78377000000000
23
 energy: -31.927043715175 gnorm: 0.016491712749 xtb: 6.7.1 (edcfbbe)
C            0.51944479977052       -0.44231241193221        0.21598563324535
C            0.25145115398364        0.78700592318996       -0.19327812854250
C           -1.11864648746887        1.29348489316724       -0.54398952893325
N           -1.56624015304390        2.30362193954179        0.43433169356963
C           -2.19995988368240        1.85539016415419        1.53215349771985
C           -2.66407598625788        2.71346246247388        2.50627076590412
C           -2.47353079459899        4.07682622080132        2.34394697502001
C           -1.80515194387859        4.52513609320030        1.21639979840843
C           -1.34110274511911        3.62499492346594        0.26028051575665
C           -0.64387194479155        4.14164476170035       -0.97237955507176
O           -1.52073877374137        3.97540196925564       -2.07478690103586
H           -0.23758465666822       -1.20238780467822        0.33275580554540
H            1.53285299529867       -0.74255461189293        0.43188656104157
H            1.06644346548706        1.49160219106409       -0.29899020845673
H           -1.13351066294953        1.73579457717249       -1.54192604949179
H           -1.84423726156968        0.47502853801257       -0.53102800590580
H           -2.33543276669903        0.78615647541143        1.62120772474284
H           -3.18153560352209        2.32469077375858        3.37208908324839
H           -2.84185369768149        4.77844943543853        3.08026051973890
H           -1.65168501732567        5.58555915456985        1.07299019577291
H           -0.40668096677023        5.20059906772995       -0.82270463766063
H            0.29519986315747        3.59974072482847       -1.14843469336825
H           -1.23829293192877        4.56687453956680       -2.78683106124749
23
 energy: -31.927847582163 gnorm: 0.006462835402 xtb: 6.7.1 (edcfbbe)
C            0.50590861477111       -0.42455825326765        0.20943425828884
C            0.25395989844241        0.80706043514444       -0.18723657637531
C           -1.11760497900974        1.31425751346216       -0.54246079125824
N           -1.56813159059655        2.31056538878448        0.43461716809315
C           -2.19695268536340        1.85923759492975        1.52629447864811
C           -2.66187110529808        2.70771071990262        2.50442744883864
C           -2.47187748783684        4.07424183146165        2.34546816251322
C           -1.80144072943509        4.52106415794398        1.21903530530895
C           -1.33933754612952        3.62361090942349        0.26826151836535
C           -0.64113973869373        4.12965102390672       -0.96954043060804
O           -1.51318518717444        3.93015278708544       -2.06617877489058
H           -0.25827279712369       -1.17691953510551        0.31025591695820
H            1.51004129512725       -0.74035085386534        0.42878240934171
H            1.06209209891061        1.51898342337093       -0.27967361446631
H           -1.12790613112113        1.77054455046736       -1.53455781638712
H           -1.83007946265533        0.48703795176375       -0.53501598042642
H           -2.33060510625871        0.79090753400392        1.60455630732551
H           -3.17199856233248        2.31009611365498        3.36629388230808
H           -2.83827020196853        4.77368691522108        3.07942473220875
H           -1.63983006223044        5.57615029917471        1.06965866972021
H           -0.41574436790323        5.19105081978446       -0.82405340359239
H            0.30698287309319        3.59397616158516       -1.12745188351448
H           -1.25347703921367        4.50605251116740       -2.79413098639980
23
 energy: -31.928102037888 gnorm: 0.004859731134 xtb: 6.7.1 (edcfbbe)
C            0.49787123719782       -0.41560718231780        0.20229505927593
C            0.25663139688661        0.82131730553528       -0.18425600544129
C           -1.11676532016943        1.32646490192492       -0.54510191240352
N           -1.57006579269182        2.31354624084988        0.43358275787082
C           -2.19761334084572        1.85957953248392        1.52393824226671
C           -2.65979107021742        2.70467313167195        2.50639238000248
C           -2.46806140390165        4.07237195478072        2.35146420849338
C           -1.79715937917958        4.52149859904745        1.22595927064763
C           -1.33782287421925        3.62532036181925        0.27302256653363
C           -0.64035963790480        4.12699889225130       -0.96858578339068
O           -1.50359249270114        3.89148917250299       -2.06303643792798
H           -0.27409617274641       -1.16278796449369        0.28496008928576
H            1.49593259537958       -0.74131219555293        0.43458112352611
H            1.06122554957794        1.53926894716384       -0.25983938019219
H           -1.12369766514289        1.78656286738187       -1.53481097273993
H           -1.82240276051529        0.49435534965201       -0.54485635627755
H           -2.33193400107730        0.79085162343135        1.59620410475782
H           -3.16874346426950        2.30238865232230        3.36605808100855
H           -2.83532784024612        4.77035718177629        3.08560116199246
H           -1.63121873737341        5.57566519937153        1.07637805249507
H           -0.43046119598687        5.19339930025760       -0.83872372227151
H            0.31787881110917        3.60283883458038       -1.10971237114574
H           -1.25916644096256        4.45496929355955       -2.80530415636598
23
 energy: -31.928300073215 gnorm: 0.004087766736 xtb: 6.7.1 (edcfbbe)
C            0.49052782917318       -0.40856470413848        0.19758962966269
C            0.25889512936018        0.83490280943214       -0.17557330951028
C           -1.11517860218727        1.33651242964473       -0.54819737928679
N           -1.57335090248250        2.31667982790825        0.43088903866329
C           -2.20125577437669        1.85965689980087        1.52077161222557
C           -2.65885218503453        2.70249977947534        2.50807325341096
C           -2.46142128897267        4.07022432415156        2.36014749359681
C           -1.79019722465383        4.52369991994676        1.23633505587719
C           -1.33749187802002        3.62965752224786        0.27650482834604
C           -0.64363007965872        4.12937385139891       -0.96918816229298
O           -1.48876255263625        3.84503719495141       -2.06552892517842
H           -0.28901940416947       -1.15236881689730        0.24902418839236
H            1.48308756213140       -0.74657693140386        0.43845084347118
H            1.06011588828465        1.55856576017750       -0.23030513243395
H           -1.11703433098459        1.79653803859701       -1.53707829528297
H           -1.81566226880422        0.50051084114582       -0.55656063899231
H           -2.33828432615976        0.79038968300479        1.58715790326610
H           -3.16733769488455        2.29622389210894        3.36650984037731
H           -2.82613478798570        4.76593347131997        3.09841929880339
H           -1.61852581270015        5.57811129894150        1.09096893894580
H           -0.46205591900111        5.20432144521462       -0.86258718522529
H            0.33128263838960        3.62804168909768       -1.08725339208848
H           -1.25845401462702        4.39483977387394       -2.82235950474722
23
 energy: -31.928428286022 gnorm: 0.004315292270 xtb: 6.7.1 (edcfbbe)
C            0.48864577576519       -0.40992481920552        0.18800936178449
C            0.25899352468007        0.83921513352302       -0.16914091369278
C           -1.11411041879984        1.33960633291911       -0.54950536724721
N           -1.57730335320219        2.31888676854573        0.42764937592048
C           -2.20598089411506        1.86000411357289        1.51763251178555
C           -2.65852031921330        2.70177382244250        2.50866852067967
C           -2.45300040567420        4.06852420623060        2.36774350075827
C           -1.78380501265341        4.52536383054541        1.24406080774985
C           -1.34036326193188        3.63371752293600        0.27608226097075
C           -0.65079472741777        4.13495096283140       -0.97140434368912
O           -1.47540408823479        3.81496496822371       -2.07329492610679
H           -0.29439044671773       -1.15024248119501        0.22537282776453
H            1.47662662247257       -0.75013285560118        0.44532642043779
H            1.05708879156778        1.56817071322417       -0.20236932252612
H           -1.11082269618626        1.79790772285003       -1.53884564566019
H           -1.81364146885360        0.50282515952710       -0.56340494542695
H           -2.34634705203551        0.79064385082354        1.58057576113479
H           -3.16845794986467        2.29414128936723        3.36626994846619
H           -2.81216004711624        4.76224399857943        3.11165527296756
H           -1.60735547297118        5.58037728988277        1.10468111276779
H           -0.49731040728790        5.21654897360857       -0.88156210728750
H            0.33892486942024        3.65774518356339       -1.07180482300666
H           -1.24925156163034        4.35689831280504       -2.83618528854439
23
 energy: -31.928579980303 gnorm: 0.005875619260 xtb: 6.7.1 (edcfbbe)
C            0.48767319666608       -0.41254828592308        0.18708710556303
C            0.25558036460543        0.84184768336669       -0.15044129243827
C           -1.11316134805855        1.33942953443667       -0.54868392596505
N           -1.58542529243233        2.32239698646221        0.42187243487770
C           -2.21502784623174        1.86176991261537        1.51207403526904
C           -2.65873101656438        2.70199877961187        2.50861300713924
C           -2.43871936506751        4.06675029044597        2.37802978974661
C           -1.77552956513951        4.52714924509119        1.25229458876985
C           -1.34829990090650        3.63939272440101        0.27181273461189
C           -0.66506180311138        4.14550489408009       -0.97630945969425
O           -1.45576383023698        3.78141009388887       -2.08920656917814
H           -0.29258715662939       -1.15840977692229        0.18515741374685
H            1.47356642368973       -0.75679028481263        0.44389619062890
H            1.04951564039266        1.57561936076734       -0.15927099151531
H           -1.09867929564176        1.79277234396806       -1.54039648105187
H           -1.81398763936697        0.50352190955910       -0.56814602064247
H           -2.36025580556583        0.79269992298003        1.57159972238309
H           -3.17079619265556        2.29401991917313        3.36560916472605
H           -2.78445383156629        4.75763247922029        3.13229251997336
H           -1.59247610074389        5.58280974113459        1.12228051537495
H           -0.55408459930473        5.23462564148261       -0.90473265184329
H            0.34505973789535        3.70580992566268       -1.05321537875155
H           -1.22709477402596        4.31479695931013       -2.85600645173034
23
 energy: -31.928698940712 gnorm: 0.004743191560 xtb: 6.7.1 (edcfbbe)
C            0.49002831497474       -0.42059689431444        0.17766926717800
C            0.24967858770966        0.83801691751634       -0.13853268433081
C           -1.11394719084188        1.33621615417735       -0.54692879776042
N           -1.59203580843482        2.32470538712913        0.41776540264741
C           -2.22202678334141        1.86384418391465        1.50779418659011
C           -2.65832984256829        2.70261314454445        2.50834496017454
C           -2.42636572644279        4.06573421470069        2.38438791757376
C           -1.77065235703527        4.52687675285460        1.25474870345353
C           -1.35613984949142        3.64202958643045        0.26639174935595
C           -0.67823469969537        4.15450324418145       -0.98080465615866
O           -1.44226538412110        3.76712102924757       -2.10253062647416
H           -0.28331242732615       -1.17089912413275        0.16182315692152
H            1.47489936148608       -0.75706293585191        0.44766986086970
H            1.03923178098478        1.57746253250572       -0.12145399197055
H           -1.08878143835640        1.78769118250037       -1.54002451742631
H           -1.81840781680218        0.50309915268780       -0.56957832077283
H           -2.37154107160084        0.79549218795113        1.56557539637580
H           -3.17139761919963        2.29578052239445        3.36539632121672
H           -2.75735341335527        4.75477985082496        3.14720704808321
H           -1.58459284591535        5.58244634146445        1.12995282405880
H           -0.59779993287090        5.24562738215604       -0.91504473295954
H            0.34357403413442        3.74296201667130       -1.04412016711704
H           -1.20296787189065        4.29576717044609       -2.86949829952872
23
 energy: -31.928763778342 gnorm: 0.002930636225 xtb: 6.7.1 (edcfbbe)
C            0.49018442697371       -0.42524477154135        0.17245415965961
C            0.24319010470721        0.83630242893831       -0.12497477004067
C           -1.11524914111543        1.33561427919860       -0.54478645101038
N           -1.59727972261913        2.32720912666082        0.41540452157061
C           -2.22680976005386        1.86659059911975        1.50492977818615
C           -2.65640144524096        2.70328508914011        2.50942502291068
C           -2.41618012057104        4.06565289331992        2.38913681505128
C           -1.76821332629629        4.52629582132061        1.25500642317080
C           -1.36216677217267        3.64325087851720        0.26284612071969
C           -0.68822073394795        4.16140543486794       -0.98379617126669
O           -1.43019597890912        3.75087385509844       -2.11167720415894
H           -0.27433681172081       -1.18500910986879        0.13125223285153
H            1.47559891174325       -0.75643377097607        0.44671283828243
H            1.02831666259120        1.57964614976432       -0.08588177198995
H           -1.07943465542848        1.78728011229087       -1.53796683042791
H           -1.82230253152706        0.50476303409070       -0.57116275804506
H           -2.38009238137836        0.79895050354296        1.56053064719444
H           -3.16913408254146        2.29697155373198        3.36635436729894
H           -2.73534673784676        4.75352489633026        3.15692496117957
H           -1.58060956340908        5.58111070589399        1.13121532508386
H           -0.63584482961576        5.25407239130387       -0.92086739961988
H            0.34371611456932        3.77432144309039       -1.03347995117983
H           -1.18192762619051        4.27377645616506       -2.88138990542029
23
 energy: -31.928785431803 gnorm: 0.001863279669 xtb: 6.7.1 (edcfbbe)
C            0.49028546692301       -0.42770300916020        0.16794846874037
C            0.23880977759315        0.83510343135816       -0.11786851219087
C           -1.11696207832988        1.33537803115947       -0.54367708506245
N           -1.60037978017820        2.32767918376575        0.41467854031980
C           -2.22827981733820        1.86789435581839        1.50489877392453
C           -2.65410994526921        2.70381297016325        2.51136363341332
C           -2.41281231925566        4.06630584094703        2.39031271847345
C           -1.76904598142416        4.52589829907227        1.25353965165849
C           -1.36562895716028        3.64254240315816        0.26102739977427
C           -0.69218789653910        4.16352064384492       -0.98525757825373
O           -1.42507919889666        3.74747780407141       -2.11467549203265
H           -0.26731123118666       -1.19281624945051        0.11539358176558
H            1.47673162654668       -0.75495228005816        0.44396114223140
H            1.02059368667675        1.58064767756119       -0.06469893021085
H           -1.07544928648104        1.78803980217892       -1.53595494051138
H           -1.82497815885057        0.50559856118417       -0.57315568918866
H           -2.38263203161900        0.80052360794339        1.56015401797515
H           -3.16430523638908        2.29766387782274        3.36940730862140
H           -2.72710300090784        4.75428292417463        3.15884413169255
H           -1.58209083249735        5.58030243516960        1.12745762584727
H           -0.64988888927642        5.25506934159271       -0.92203617947600
H            0.34164687320221        3.78582778139048       -1.03018898239307
H           -1.16856278934250        4.26611256629213       -2.88526360511792
23
 energy: -31.928785328596 gnorm: 0.003318103139 xtb: 6.7.1 (edcfbbe)
C            0.48847041839661       -0.43201482208856        0.15500082113175
C            0.23296453491557        0.83592199952033       -0.10517451028966
C           -1.11903651270765        1.33780000197115       -0.54198794797812
N           -1.60569791811600        2.32966346415740        0.41344639614569
C           -2.23036528118714        1.87020851452029        1.50542336734325
C           -2.64968989784157        2.70475675484375        2.51556245867292
C           -2.40712847532543        4.06761314606971        2.39449721720732
C           -1.77073015882530        4.52714688153230        1.25381728598030
C           -1.37223278893994        3.64372243571285        0.25893770328252
C           -0.69951038193038        4.16862650805127       -0.98737146080509
O           -1.40946014801452        3.72394928132748       -2.12295945660492
H           -0.26104430559719       -1.20342781933150        0.07463708346403
H            1.47388726464524       -0.75608472651134        0.44090847658411
H            1.00810909913030        1.58700775409739       -0.02092586578853
H           -1.06767373548506        1.79162681464547       -1.53286290830690
H           -1.82742803392482        0.50882820691547       -0.57878939960708
H           -2.38620051417721        0.80295561058327        1.55924071017557
H           -3.15457165419619        2.29761184020423        3.37589483918274
H           -2.71339765718359        4.75535944864998        3.16588231828311
H           -1.58267581288555        5.58116261385064        1.12602604313734
H           -0.68623949189580        5.26337464684014       -0.93169984076527
H            0.34627631597078        3.81542705789740       -1.01347434609092
H           -1.14536486482519        4.23297438654074       -2.89781898435415
23
 energy: -31.928806233393 gnorm: 0.001563947268 xtb: 6.7.1 (edcfbbe)
C            0.48892250483787       -0.43160947179776        0.15537372457106
C            0.23395127468519        0.83539640500753       -0.10742403533715
C           -1.11907557766543        1.33740884884707       -0.54154889308198
N           -1.60458784341057        2.32893945661895        0.41458371341400
C           -2.22822327442938        1.86971362080448        1.50760496795760
C           -2.64927497844183        2.70518768053638        2.51624250661962
C           -2.41087868887960        4.06844926670004        2.39257964558477
C           -1.77357450213054        4.52779030316540        1.25241030424438
C           -1.37171947522190        3.64336563298699        0.25942105663855
C           -0.69704149610071        4.16678858241229       -0.98659708738253
O           -1.41245877549509        3.73148617108516       -2.12058667878479
H           -0.26111183549143       -1.20202029100404        0.07674471927259
H            1.47445359662473       -0.75635342863404        0.43996909952596
H            1.00927257818513        1.58489293272821       -0.02759378589655
H           -1.06987992205259        1.79079425978422       -1.53248965735499
H           -1.82714228077670        0.50818066127803       -0.57749815784199
H           -2.38206830655550        0.80216899176403        1.56296978420634
H           -3.15278380640918        2.29803644679946        3.37756136910664
H           -2.72105918157253        4.75693664613536        3.16192086311583
H           -1.58726340356485        5.58204031076320        1.12304520740711
H           -0.67435835304139        5.25997460266427       -0.92938735092391
H            0.34430391388958        3.80587477294128       -1.01676011862809
H           -1.14714216698330        4.24076759841337       -2.89433119643248
23
 energy: -31.928820706031 gnorm: 0.001697031502 xtb: 6.7.1 (edcfbbe)
C            0.48971941348519       -0.43386172920975        0.15092510865767
C            0.23494526751665        0.83389974132294       -0.10783267248225
C           -1.11884485146143        1.33700767895548       -0.53961534531723
N           -1.60283364925838        2.32873263827260        0.41698585467070
C           -2.22355222167100        1.86964628821614        1.51254587303455
C           -2.64741340731810        2.70688959099216        2.51847735018123
C           -2.41688424714285        4.07085868917053        2.39008818212481
C           -1.78002102980102        4.53008884624299        1.24976553606563
C           -1.37285189863059        3.64421164214762        0.25960419896206
C           -0.69492710071072        4.16513497293721       -0.98547895802716
O           -1.41334085989584        3.73832862980466       -2.11919188590848
H           -0.26074753911746       -1.20225397611672        0.06760136930215
H            1.47464866188969       -0.76151457219625        0.43253021412412
H            1.00917416467960        1.58348134971586       -0.02318824967472
H           -1.07140329606010        1.78963304612935       -1.53108155961241
H           -1.82742535682276        0.50810540193311       -0.57483281702784
H           -2.37256111191791        0.80146865858882        1.57133192668121
H           -3.14779485479325        2.29988877669295        3.38208985689212
H           -2.73377725894190        4.76056096683415        3.15637643390240
H           -1.59842120229239        5.58488976918235        1.11748333772628
H           -0.66256213415923        5.25705409116863       -0.92853256419727
H            0.34208825458582        3.79640031922583       -1.01757515298042
H           -1.14395374216206        4.24555917998919       -2.89226603709717
23
 energy: -31.928833770221 gnorm: 0.001938442028 xtb: 6.7.1 (edcfbbe)
C            0.49045712273107       -0.43832903320980        0.14154537610574
C            0.23501323931522        0.83208781666108       -0.10463049390842
C           -1.11807043735871        1.33738763620999       -0.53603981045223
N           -1.60116480408173        2.32977888014902        0.42010980454813
C           -2.21873278973811        1.87090469353395        1.51774206023963
C           -2.64526232400774        2.70933462992759        2.52142800625726
C           -2.42245224091377        4.07407857592799        2.38808607289574
C           -1.78714932992027        4.53279425452113        1.24673998332171
C           -1.37516981895824        3.64570804256895        0.25968307843990
C           -0.69468927201509        4.16484813865852       -0.98445220312925
O           -1.41080587588183        3.73787950836829       -2.11961349108845
H           -0.25947133904299       -1.20610549418942        0.04630453191474
H            1.47427298926871       -0.76768113308326        0.42542338454881
H            1.00738967007711        1.58129862472958       -0.01185798527445
H           -1.07030999198712        1.78955171494777       -1.52788056873788
H           -1.82789885123164        0.50949158966469       -0.57133892011676
H           -2.36305326587577        0.80220998182771        1.57945132317695
H           -3.14241332791198        2.30259911647330        3.38712278128912
H           -2.74344056185426        4.76466225458373        3.15210417876563
H           -1.61009312719355        5.58800948118114        1.11141998703522
H           -0.66087767300967        5.25695954985832       -0.92850562802369
H            0.34204968690742        3.79465720156269       -1.01357821305021
H           -1.13686767731714        4.24208396912687       -2.89305325475727
23
 energy: -31.928855606489 gnorm: 0.001541862993 xtb: 6.7.1 (edcfbbe)
C            0.49189166081256       -0.44971154111168        0.11781570006396
C            0.23468992928031        0.82652091306809       -0.09596330836786
C           -1.11565835374341        1.33836273581292       -0.52764874600976
N           -1.59700965255673        2.33261077825685        0.42750346002863
C           -2.20741348059198        1.87449738496995        1.52946803827892
C           -2.64042181202925        2.71549161875577        2.52830912006490
C           -2.43458255786733        4.08204307560529        2.38385527222832
C           -1.80301822506537        4.53910413894050        1.23972623533542
C           -1.38061825832666        3.64924703423810        0.25967834727421
C           -0.69503851382271        4.16454172585954       -0.98260356049414
O           -1.40463281316758        3.73348642845979       -2.12112288243970
H           -0.25619677660496       -1.21552762523992       -0.00643211550931
H            1.47337262277316       -0.78498596142390        0.40173909487389
H            1.00283858162405        1.57825697507487        0.02891416644693
H           -1.06565481127640        1.79042934547908       -1.51996543732161
H           -1.82943215189298        0.51365118752741       -0.56413597267181
H           -2.34042543057208        0.80466263908822        1.59810271937040
H           -3.13075039093231        2.30976253092887        3.39836894598844
H           -2.76460318000241        4.77463904250086        3.14236895457418
H           -1.63719338222973        5.59532910295107        1.09728459977701
H           -0.66093779050641        5.25782405427500       -0.92943554661174
H            0.34260602161743        3.79330219632296       -1.00375604345989
H           -1.12055123491929        4.23067221966012       -2.89586104141941
23
 energy: -31.928863074117 gnorm: 0.001342155988 xtb: 6.7.1 (edcfbbe)
C            0.49328444357218       -0.45509200116842        0.10633526958573
C            0.23471814941461        0.82358690248180       -0.08970907587031
C           -1.11355364854903        1.33909344068192       -0.52264938933336
N           -1.59517654542969        2.33424075449650        0.43152489175240
C           -2.20375649932385        1.87708796120700        1.53441454287916
C           -2.64022786278804        2.71897954400864        2.53106633364906
C           -2.44007953826413        4.08596461266590        2.38228729174300
C           -1.80900651760900        4.54173302398009        1.23727935696781
C           -1.38224615423964        3.65059834662052        0.26042709337863
C           -0.69510863690209        4.16453413072841       -0.98181758346978
O           -1.40262740606253        3.73006323752405       -2.12106763376413
H           -0.25305312664030       -1.21978685626602       -0.02903239436800
H            1.47435216405566       -0.79325629709466        0.38784353963651
H            1.00175174096560        1.57285182499772        0.04392948830664
H           -1.06107490398288        1.79138438678053       -1.51473447486071
H           -1.82931325729467        0.51609720337862       -0.56093778533259
H           -2.33264740105415        0.80702102377202        1.60585339419061
H           -3.12894745583195        2.31405077559995        3.40213590001236
H           -2.77366893677802        4.77956211674391        3.13788510978394
H           -1.64763315807836        5.59813482585824        1.09168864390824
H           -0.66229162260339        5.25844386094150       -0.92997154529109
H            0.34342343980572        3.79383501194211       -1.00024145737101
H           -1.11585726638217        4.22508217011943       -2.89629951613318
23
 energy: -31.928865946648 gnorm: 0.001961485408 xtb: 6.7.1 (edcfbbe)
C            0.49533112169488       -0.46200701546146        0.09203656375881
C            0.23483552983221        0.81965361537991       -0.08097995891557
C           -1.11068203991760        1.33942099026597       -0.51626753921982
N           -1.59397657858866        2.33601409302687        0.43572657910090
C           -2.20138889616139        1.88047985640234        1.53953044601491
C           -2.64077079494506        2.72359992369015        2.53387479734949
C           -2.44440219033790        4.09061398925417        2.38110433382358
C           -1.81361299471855        4.54466026467816        1.23518864028600
C           -1.38406797540552        3.65203412747427        0.26100780734049
C           -0.69691141912668        4.16482881072256       -0.98205986912315
O           -1.40141460051317        3.72593951566913       -2.12105359032292
H           -0.24778455972157       -1.22872062655003       -0.06659536304683
H            1.47569081340582       -0.80121583631225        0.37681213321796
H            0.99999908885367        1.56857569909655        0.07188459111081
H           -1.05329913007828        1.79201632011061       -1.50779224893889
H           -1.82867047374285        0.51846907027947       -0.55817308523394
H           -2.32753703351538        0.81038069118877        1.61373542617196
H           -3.12872315191157        2.31993093479219        3.40574421104556
H           -2.77981482610522        4.78550616987568        3.13436511682899
H           -1.65514730659241        5.60102227581833        1.08685486586553
H           -0.66729674067483        5.25863324719346       -0.93290465908750
H            0.34232740086170        3.79699178067968       -0.99831524505219
H           -1.11142324259175        4.21738210272519       -2.89751395297427
23
 energy: -31.928872035313 gnorm: 0.001426613444 xtb: 6.7.1 (edcfbbe)
C            0.49659981845385       -0.46266793649847        0.09006907170352
C            0.23655123255301        0.81797132644684       -0.08226759317742
C           -1.10908469007701        1.33929657327897       -0.51509248424932
N           -1.59190798975538        2.33590946138536        0.43709731896007
C           -2.20155155526647        1.88092189833336        1.53994493576640
C           -2.64331671028539        2.72474853856153        2.53272963078876
C           -2.44600158070091        4.09142182929714        2.38005363204321
C           -1.81252125434066        4.54503176132026        1.23540530124144
C           -1.38169125735830        3.65206626444369        0.26229041585158
C           -0.69561441520892        4.16399035097733       -0.98159851317938
O           -1.40488033903277        3.72695414757595       -2.11837126534252
H           -0.24738507761753       -1.22671353539657       -0.06474828692003
H            1.47706118009624       -0.80306259806058        0.37335030537380
H            1.00258166597814        1.56570043776619        0.07110235472974
H           -1.05220247965814        1.79203628632359       -1.50643523055933
H           -1.82728379503036        0.51868297678446       -0.55692011904705
H           -2.32865185341530        0.81093530789005        1.61431411889556
H           -3.13403122907329        2.32161778166931        3.40338226824601
H           -2.78269987843010        4.78678949925930        3.13257003313079
H           -1.65250497056129        5.60120396124233        1.08774597258090
H           -0.66330478866376        5.25754160491717       -0.93226077817566
H            0.34255387990511        3.79359301337254       -1.00119215091735
H           -1.11945391251090        4.22024104910999       -2.89495893774380
23
 energy: -31.928874944289 gnorm: 0.001202972765 xtb: 6.7.1 (edcfbbe)
C            0.49881184608290       -0.46525290997313        0.08559859287602
C            0.23732064690824        0.81747741775833       -0.07720510171091
C           -1.10760215133232        1.33921216160412       -0.51273748079723
N           -1.59156764486408        2.33626739084550        0.43809180816508
C           -2.20333043327411        1.88191676695857        1.54032188752940
C           -2.64579370916106        2.72668899615268        2.53208312236136
C           -2.44598647179520        4.09304686914878        2.37998801417965
C           -1.81088448139912        4.54615980592159        1.23598950569726
C           -1.38075456658514        3.65268044699643        0.26296175153426
C           -0.69590812149602        4.16376330767729       -0.98176791449191
O           -1.40651941810727        3.72554253914497       -2.11713172713657
H           -0.24405784254707       -1.22836058758740       -0.07326458612087
H            1.47906580441559       -0.80746463207172        0.36541261358905
H            1.00222428639763        1.56518832341524        0.08180534086105
H           -1.04873339906391        1.79138940073251       -1.50436081351941
H           -1.82589863558166        0.51873883176896       -0.55574676842709
H           -2.33092435455457        0.81192443839191        1.61526716130000
H           -3.13884630690201        2.32414492474542        3.40192568509823
H           -2.78359035285081        4.78900467486439        3.13179799729984
H           -1.64971562330385        5.60222403074075        1.08833041377409
H           -0.66431994678877        5.25710278612918       -0.93373920908271
H            0.34231578428981        3.79407924269136       -1.00257250105944
H           -1.12404490848733        4.21873577394402       -2.89483779191924
23
 energy: -31.928877920741 gnorm: 0.000579974585 xtb: 6.7.1 (edcfbbe)
C            0.50018604145936       -0.46568786327024        0.08371884712585
C            0.23780227326298        0.81678139833399       -0.07503305389985
C           -1.10687510347232        1.33889371207000       -0.51123460546778
N           -1.59132458332418        2.33633789635601        0.43867948818582
C           -2.20461238302735        1.88265258364484        1.54042608494578
C           -2.64746930590483        2.72798579806650        2.53160383887930
C           -2.44579756103046        4.09417021304247        2.37994354447767
C           -1.80922488504031        4.54664145992767        1.23649850759926
C           -1.37969495368556        3.65269636226055        0.26355444636863
C           -0.69568117525398        4.16335566538112       -0.98182946524932
O           -1.40755213565276        3.72386215072648       -2.11611396076514
H           -0.24147185385715       -1.22949008990572       -0.08278128607672
H            1.48018637922399       -0.80829185907648        0.36356164242008
H            1.00128799193836        1.56469866568791        0.08886539663443
H           -1.04719047818759        1.79026381652337       -1.50315112609158
H           -1.82517482662615        0.51847394123742       -0.55438365340785
H           -2.33296122498389        0.81274354796440        1.61549137461514
H           -3.14226790290668        2.32589475781781        3.40070789656879
H           -2.78351163399105        4.79048239922336        3.13134782634280
H           -1.64701705539670        5.60256138735721        1.08866797936059
H           -0.66490720570720        5.25679585993494       -0.93448907829133
H            0.34285991017766        3.79432818349188       -1.00360247338569
H           -1.12832832801435        4.21806001320423       -2.89423817088898
