40
 energy: -50.109661909689 gnorm: 0.056306768623 xtb: 6.7.1 (edcfbbe)
C            1.03565000000000       -0.09481000000000       -0.05528000000000
C            0.48022000000000        1.28886000000000       -0.43998000000000
N            0.87760000000000        1.67769000000000       -1.92066000000000
C            0.40006000000000        0.69305000000000       -3.01812000000000
C           -1.06974000000000        0.45958000000000       -3.25565000000000
C           -1.89190000000000        1.43404000000000       -3.84295000000000
C           -3.24669000000000        1.18514000000000       -4.07599000000000
C           -3.79447000000000       -0.05339000000000       -3.75797000000000
C           -2.98497000000000       -1.05064000000000       -3.22413000000000
C           -1.63145000000000       -0.80034000000000       -2.98485000000000
C            0.40506000000000        3.09452000000000       -2.23603000000000
C            2.41577000000000        1.72575000000000       -2.02568000000000
C           -0.97875000000000        1.48223000000000       -0.03326000000000
C           -1.43827000000000        2.75695000000000        0.35339000000000
C           -2.76768000000000        2.96669000000000        0.73033000000000
C           -3.66128000000000        1.90212000000000        0.75471000000000
C           -3.22176000000000        0.62725000000000        0.41948000000000
C           -1.89283000000000        0.41877000000000        0.04015000000000
H            0.63872000000000       -0.89950000000000       -0.67978000000000
H            0.77977000000000       -0.33306000000000        0.98443000000000
H            2.12712000000000       -0.12885000000000       -0.11245000000000
H            1.04607000000000        2.00407000000000        0.17513000000000
H            0.83431000000000        1.05361000000000       -3.96113000000000
H            0.89919000000000       -0.26121000000000       -2.81191000000000
H           -1.49817000000000        2.39820000000000       -4.15220000000000
H           -3.87624000000000        1.95442000000000       -4.51865000000000
H           -4.84893000000000       -0.24636000000000       -3.94282000000000
H           -3.41040000000000       -2.02601000000000       -2.99740000000000
H           -1.02601000000000       -1.60923000000000       -2.57994000000000
H            0.86640000000000        3.78031000000000       -1.51841000000000
H            0.72531000000000        3.35204000000000       -3.25082000000000
H           -0.68018000000000        3.15190000000000       -2.16631000000000
H            2.80337000000000        2.35097000000000       -1.21620000000000
H            2.81291000000000        0.70997000000000       -1.96065000000000
H            2.68475000000000        2.15572000000000       -2.99609000000000
H           -0.76631000000000        3.61234000000000        0.37835000000000
H           -3.10738000000000        3.96017000000000        1.01534000000000
H           -4.69602000000000        2.06149000000000        1.04941000000000
H           -3.91499000000000       -0.21076000000000        0.45549000000000
H           -1.59974000000000       -0.60174000000000       -0.19067000000000
40
 energy: -50.118709599889 gnorm: 0.026924495651 xtb: 6.7.1 (edcfbbe)
C            1.02346163527124       -0.08785421568631       -0.07217154819602
C            0.48480559435016        1.29458741346835       -0.44507193581980
N            0.85976327764464        1.66720183621961       -1.91411327861357
C            0.39597700359364        0.69947871648568       -3.00245341292385
C           -1.07987515636101        0.47616411419885       -3.21676563135391
C           -1.89228246214074        1.43861119951343       -3.81671562778493
C           -3.23308892988319        1.18386161392597       -4.06524227056160
C           -3.77961572502610       -0.04902313333096       -3.75028117783698
C           -2.97120451510128       -1.03716944775011       -3.21393321689837
C           -1.63402111556170       -0.77699448786688       -2.95159042926823
C            0.39362882111979        3.05730825508785       -2.21849258774569
C            2.36697557670112        1.71295469769735       -2.01784940196938
C           -0.98346837200062        1.48632669688485       -0.08558101778574
C           -1.43298992531880        2.74896212988528        0.31774241067367
C           -2.74604942104261        2.95446828990740        0.71666580398026
C           -3.63910760780976        1.89664726042078        0.74354067482288
C           -3.19896334792616        0.62947330760760        0.40185896966316
C           -1.88614750218451        0.42602503211961       -0.00281392364583
H            0.62044010273954       -0.88839142766261       -0.68801522553792
H            0.74928139856148       -0.29872786143215        0.96180084953130
H            2.11083127684672       -0.12180652391398       -0.11842257173731
H            1.04502820370307        2.02875080528233        0.14902625365875
H            0.82946345317141        1.07924480478377       -3.93573781359903
H            0.87974392589265       -0.25710337836233       -2.78914608371120
H           -1.49056542516831        2.39137331747860       -4.13314858259069
H           -3.85238480492671        1.94679298502235       -4.51664290756527
H           -4.82591925067375       -0.24489705799336       -3.94187136977808
H           -3.38478622737741       -2.01374264012913       -3.00185778433030
H           -1.01912453415519       -1.58182518905666       -2.56823708558527
H            0.85142945449373        3.75218638672349       -1.51594655616866
H            0.70608180273446        3.32483422191536       -3.22769252056591
H           -0.68783863987854        3.11753155996492       -2.14173178802421
H            2.77272334225752        2.33301386433006       -1.22132041137184
H            2.78774442507361        0.71317789901675       -1.95413415270247
H            2.64892526143861        2.14486147764495       -2.97691565306439
H           -0.75517020322470        3.59237930234700        0.35784302609949
H           -3.07463679747879        3.94190177237636        1.01192644358512
H           -4.66603162647617        2.05553654948582        1.04521312576161
H           -3.88169497798646       -0.20767547719565        0.45195300251760
H           -1.58321798789091       -0.58649466941425       -0.22344459355742
40
 energy: -50.121422924702 gnorm: 0.007121197036 xtb: 6.7.1 (edcfbbe)
C            1.00820115562359       -0.08130124706385       -0.07722261731001
C            0.48612952414084        1.29440708245090       -0.46613939786971
N            0.85950546383342        1.66712186943002       -1.91374327476215
C            0.39459621108207        0.70903416195439       -2.98148993120452
C           -1.08313812899690        0.49019408990108       -3.18864669282055
C           -1.89006533515850        1.44876373905372       -3.79218905625588
C           -3.22407744658906        1.19000372294243       -4.04579468620815
C           -3.76862999711264       -0.04244071337697       -3.73368285554907
C           -2.96032126089206       -1.02449310590107       -3.19075741654152
C           -1.63055672561214       -0.75960788501078       -2.92234154718680
C            0.37694314092548        3.02686096808231       -2.20478049512993
C            2.33610897258845        1.70716579947328       -2.01626640840530
C           -0.97858733231062        1.48265480276515       -0.11240662939086
C           -1.42034126443156        2.74128035464003        0.29334406069729
C           -2.72716306828268        2.94712620997208        0.69209748852985
C           -3.62025867343231        1.89114590797806        0.72079359875006
C           -3.18173293145072        0.62810386364609        0.36772714110644
C           -1.87580562040791        0.42442538699095       -0.04050147125391
H            0.59908486219122       -0.87494234041588       -0.69101194175909
H            0.71435107205966       -0.27357716931871        0.95203025641364
H            2.09262713792536       -0.12469450976484       -0.11275300297966
H            1.03750928483074        2.03611988832751        0.12291012719665
H            0.81895142746885        1.09366583053756       -3.91338782410992
H            0.86351223219716       -0.25286950105070       -2.77234479309779
H           -1.48221152895469        2.39655470161409       -4.10666566951069
H           -3.83411133981870        1.94625307710269       -4.51286636263393
H           -4.80653011179666       -0.24571530682045       -3.94260531933128
H           -3.36299295308656       -2.00452392947883       -2.99111025493690
H           -1.00988409605307       -1.55287685528484       -2.53271229755806
H            0.82808464133214        3.73261310935525       -1.51122048425109
H            0.67092649642898        3.30897451990819       -3.21397442678258
H           -0.70392046657153        3.07772758235615       -2.11390167788990
H            2.75346559892546        2.32242105151732       -1.22322992800151
H            2.76465520650578        0.71246043070534       -1.95205919165078
H            2.62736428512556        2.13899901319739       -2.97078357165460
H           -0.73801500110858        3.57755811316260        0.32950028515045
H           -3.04349777099418        3.92994442847434        1.00406272462286
H           -4.63763383201007        2.04688045041204        1.04309350807039
H           -3.85557123062565       -0.21082205519049        0.43060610341572
H           -1.56885059748802       -0.57864553727349       -0.27934606791730
40
 energy: -50.121795886108 gnorm: 0.004287444648 xtb: 6.7.1 (edcfbbe)
C            1.00430697726640       -0.08293041605362       -0.07565669807338
C            0.49238996595675        1.29587976476992       -0.46972162653143
N            0.86201388637263        1.66610439411031       -1.91314359645923
C            0.39684117872871        0.71020806481687       -2.97707698737821
C           -1.08298731631902        0.49673228196289       -3.17522484679354
C           -1.88978407801375        1.45659045130722       -3.77827414354796
C           -3.22324181388527        1.19448533151468       -4.03529584111062
C           -3.76557835360042       -0.04037063568509       -3.72487944506796
C           -2.95833818233471       -1.02027668768849       -3.17433131369335
C           -1.62918256551422       -0.75265048227880       -2.90242161353281
C            0.36699660802345        3.02040632251653       -2.20080044006569
C            2.33450337941567        1.70971730259601       -2.01738478549708
C           -0.97485956288714        1.48303139780265       -0.12889324553055
C           -1.41456261251027        2.74106488236591        0.28144835576899
C           -2.72080402391728        2.94450584441045        0.68481662884992
C           -3.61284065391535        1.88644479997737        0.71086626621886
C           -3.17724975134453        0.62519978122491        0.34488979766941
C           -1.87259529104725        0.42375808410340       -0.06994405570582
H            0.59347155503344       -0.87498275925673       -0.69155023957543
H            0.69749426561625       -0.27020407345423        0.95097155815368
H            2.08885395924478       -0.13717440814684       -0.10121527759623
H            1.03845324565189        2.03611476760553        0.12676875577436
H            0.81449759433383        1.08787652986725       -3.91480198570832
H            0.86118063827513       -0.25442047244769       -2.77009366226697
H           -1.48062938849138        2.40434923623402       -4.09214641760792
H           -3.83286290330546        1.95059247570971       -4.50382601205772
H           -4.80228594503511       -0.24594327754906       -3.93726231806713
H           -3.35921632284781       -2.00046841312574       -2.97133884229195
H           -1.00561321281549       -1.54183797870680       -2.50749529695853
H            0.81481049686800        3.73271466090713       -1.50987339185616
H            0.64615172647667        3.30798136610519       -3.21375059161499
H           -0.71465690709722        3.05920141772215       -2.09924167774317
H            2.75397629873406        2.32511790355900       -1.22371169454052
H            2.76227460840127        0.71336410904863       -1.95240682426684
H            2.62582810915492        2.14047090752688       -2.97365568314663
H           -0.72813130139492        3.57439012099854        0.32237700541494
H           -3.03562094208342        3.92735574829961        0.99809737243820
H           -4.62945507285425        2.04073267475128        1.03468812611163
H           -3.85149575968142       -0.21420475723440        0.39877844716091
H           -1.56393253265824       -0.57697626018646       -0.31805375927488
40
 energy: -50.121949398276 gnorm: 0.002378132173 xtb: 6.7.1 (edcfbbe)
C            1.00350598733446       -0.08570180217578       -0.07479235686933
C            0.49580936015502        1.29460552103098       -0.47294974412986
N            0.86563822281422        1.66680500925324       -1.91288342871830
C            0.39859315791168        0.71015547896505       -2.97337841751017
C           -1.08230782577134        0.49946238603878       -3.16812542631683
C           -1.89021224506028        1.46060236948471       -3.76871195655352
C           -3.22465136052253        1.19777041335822       -4.02266713834537
C           -3.76535828275558       -0.03779276738394       -3.71086857415031
C           -2.95901225809137       -1.01674933161870       -3.15677238528724
C           -1.62862265422885       -0.74916473401551       -2.88929915926175
C            0.36166786723034        3.01967714175666       -2.20042039794366
C            2.33888607181095        1.71460957995040       -2.01933949839010
C           -0.97144348388844        1.48142855123560       -0.13323172296197
C           -1.41056693813454        2.73872307046419        0.28104351235426
C           -2.71901382210689        2.94152661346169        0.67863778740943
C           -3.61126269353114        1.88303088979265        0.69410106216003
C           -3.17827265504446        0.62373864752883        0.31793291270863
C           -1.87152435086921        0.42289969204212       -0.09019330977970
H            0.59406063507572       -0.87775348252362       -0.69267586498284
H            0.68782131979388       -0.27039379969894        0.94969756281858
H            2.08815560449026       -0.14551896462428       -0.09266660698092
H            1.04140992628479        2.03230831940485        0.12766302493865
H            0.81386054674642        1.08303911813069       -3.91447763507950
H            0.86180855826774       -0.25550946886600       -2.76724964667425
H           -1.48185438655931        2.40927084256760       -4.08150360043564
H           -3.83519959616590        1.95447368265803       -4.48989782208946
H           -4.80137579021652       -0.24527628425470       -3.92602515765958
H           -3.35995601804520       -1.99579621970508       -2.94686526373437
H           -1.00341220704666       -1.53549168556982       -2.48985006235769
H            0.80847445075953        3.73606871318921       -1.51237461725773
H            0.62934979845892        3.30706273849541       -3.21655079278765
H           -0.72011679555120        3.04868648274033       -2.08968444558714
H            2.75798338273486        2.33212517304866       -1.22636010041466
H            2.76657713917028        0.71730984571800       -1.95189975584317
H            2.62842337199291        2.14349631166636       -2.97769806014448
H           -0.72146296386358        3.57009526630119        0.32604129745493
H           -3.03312057239999        3.92387743231629        0.99505466378026
H           -4.62732957608907        2.03508474094016        1.02099842824572
H           -3.85443585329667       -0.21552572545180        0.35817786637213
H           -1.56339307179345       -0.57530976565154       -0.34970516999561
40
 energy: -50.122035317987 gnorm: 0.001882654056 xtb: 6.7.1 (edcfbbe)
C            1.00553774047323       -0.08706596322461       -0.07440106651714
C            0.49862123720537        1.29402883150771       -0.47327154235377
N            0.86688518120154        1.66692557371671       -1.91270982556977
C            0.40009320981694        0.70945530725357       -2.97272823731118
C           -1.08128489262721        0.49936203492514       -3.16621838479979
C           -1.89109975792503        1.46142141905830       -3.76292109411802
C           -3.22699025003350        1.19933629626375       -4.01128957072321
C           -3.76705875514791       -0.03571337864090       -3.69690110578515
C           -2.96043915332823       -1.01482308895263       -3.14392908053216
C           -1.62810001050416       -0.74864674317175       -2.88418643935639
C            0.36037755642270        3.02037320102854       -2.20076309111192
C            2.34157969268289        1.71797866281302       -2.02017858665655
C           -0.96903864323427        1.48057368880970       -0.13395776217409
C           -1.40870688145030        2.73627074507515        0.28492474496234
C           -2.71949707759964        2.93830607286255        0.67629852676292
C           -3.61293117022893        1.88068876475086        0.67888885562414
C           -3.18095686315698        0.62351162427194        0.29545488018930
C           -1.87114790553256        0.42325822250255       -0.10332573520784
H            0.59914826620754       -0.87952608246400       -0.69412828690823
H            0.68566377241131       -0.27230937670928        0.94843125845922
H            2.09011217115690       -0.14710559899164       -0.08821110955498
H            1.04512841185862        2.03009690617487        0.12898186505170
H            0.81566737306865        1.08007075992210       -3.91489491575743
H            0.86364449127971       -0.25604608186219       -2.76572974901090
H           -1.48427976250448        2.41055134872176       -4.07633143777100
H           -3.83913999497648        1.95703896761293       -4.47510252970584
H           -4.80386117532925       -0.24271444152659       -3.90885428157605
H           -3.36233444413701       -1.99225815186380       -2.92728326315124
H           -1.00165193208095       -1.53458182645130       -2.48549702602850
H            0.80915571715659        3.73802257176297       -1.51570359285187
H            0.62237454979902        3.30455655716244       -3.21863374498721
H           -0.72075152867641        3.04674248472471       -2.08440744860132
H            2.75898496011697        2.33898144395001       -1.22910605416203
H            2.77087727895685        0.72127368960381       -1.94971910443757
H            2.62859171294654        2.14483899509473       -2.98022487350648
H           -0.71776567733474        3.56590106607050        0.33744089335437
H           -3.03414312659994        3.91957791586072        0.99578196032453
H           -4.63075389366728        2.03181226153654        1.00064799196290
H           -3.85974903233675       -0.21473331199188        0.32064065456528
H           -1.56264139434967       -0.57348136718679       -0.36665269102927
40
 energy: -50.122160878334 gnorm: 0.003173375383 xtb: 6.7.1 (edcfbbe)
C            1.01252850119410       -0.08779779727581       -0.07368884508886
C            0.50317217390588        1.29303269894744       -0.47215739419249
N            0.86812188093372        1.66664523323770       -1.91220671129499
C            0.40282709127134        0.70722052366129       -2.97236323214867
C           -1.07891336021037        0.49677837507790       -3.16488057675085
C           -1.89238395666113        1.46028431554043       -3.75377433891887
C           -3.23170485064961        1.20171945280858       -3.98826505411249
C           -3.77263797180580       -0.03034979718511       -3.66553561510168
C           -2.96353585144748       -1.01176282264093       -3.12134816183394
C           -1.62672598585183       -0.75015478124414       -2.87958350550527
C            0.35945981952537        3.02096817892004       -2.20076542988438
C            2.34442125443683        1.72311307813902       -2.02184355286609
C           -0.96487275772922        1.47881164118114       -0.13262094329858
C           -1.40585213698802        2.73035826486117        0.29687306303694
C           -2.72156919273251        2.93114105246872        0.67332121145414
C           -3.61983415104876        1.87769098968594        0.64350007047950
C           -3.18735759770120        0.62440256193113        0.25043697005747
C           -1.87014460824971        0.42426062834889       -0.12449473092877
H            0.61361100379069       -0.88114603349320       -0.69711209618748
H            0.68741693929856       -0.27636204076639        0.94643284399945
H            2.09715667807643       -0.14291910256464       -0.08172906019676
H            1.05136097133025        2.02875261511908        0.12930565027816
H            0.82047377433422        1.07668509269060       -3.91426385533880
H            0.86759991213437       -0.25732783260689       -2.76297530541914
H           -1.48816888223050        2.40907638870271       -4.07120484145107
H           -3.84680930379278        1.96135075035020       -4.44510106345540
H           -4.81295610312823       -0.23333301835333       -3.86410528528580
H           -3.36754500715807       -1.98618620382142       -2.89428099716592
H           -0.99792725290743       -1.53824760869846       -2.48902554234089
H            0.81476088282130        3.73959441744781       -1.52213819542546
H            0.61355278704940        3.29895636526571       -3.22138356041954
H           -0.71997139048916        3.04824028187815       -2.07495626298068
H            2.75823278326786        2.35241876980253       -1.23601727947526
H            2.77829190888270        0.72925246843467       -1.94398643417409
H            2.62720577939478        2.14473020225578       -2.98507696946782
H           -0.71218947619015        3.55659779975920        0.36752377960893
H           -3.03729186772524        3.90866713546694        1.00336056026520
H           -4.64310260490178        2.02830897312553        0.94882577425658
H           -3.87100737819667       -0.21100352383239        0.24731196513228
H           -1.55957245385261       -0.57051769262530       -0.38977704785888
40
 energy: -50.122214770942 gnorm: 0.002219473293 xtb: 6.7.1 (edcfbbe)
C            1.01611273189516       -0.08714417614842       -0.07309780221163
C            0.50492214919781        1.29284999087179       -0.47110196845050
N            0.86831283087081        1.66642007036658       -1.91206168112524
C            0.40370172184526        0.70667766941983       -2.97270973057125
C           -1.07793735199972        0.49522437664805       -3.16418062947222
C           -1.89290137423546        1.45947608800525       -3.74937197870559
C           -3.23380754281987        1.20314699123619       -3.97634896963059
C           -3.77555929798144       -0.02744440491240       -3.64934217064513
C           -2.96368153692062       -1.01125597709283       -3.11348453829405
C           -1.62511971845853       -0.75200804706533       -2.87965136438129
C            0.35885353405720        3.02008818703566       -2.19934106042438
C            2.34376846513436        1.72423111813550       -2.02235516774654
C           -0.96337076289191        1.47760094252715       -0.13298114434462
C           -1.40470981710061        2.72731349544627        0.30111353934146
C           -2.72217400748713        2.92805149977674        0.67049283980571
C           -3.62312077102791        1.87750156431418        0.62595126200374
C           -3.18912988981922        0.62515150636833        0.23184264099849
C           -1.86923755928575        0.42404045579687       -0.13288687637173
H            0.62010055701056       -0.88039362378180       -0.69823523837054
H            0.68965837050688       -0.27797071112236        0.94623148364641
H            2.10098119944729       -0.13919387239240       -0.07927289155845
H            1.05231621324172        2.03003664101213        0.12903965449504
H            0.82102695717703        1.07746633523955       -3.91406039852652
H            0.86917070310600       -0.25742835981105       -2.76340476432016
H           -1.48910025770232        2.40754378675939       -4.06929800161158
H           -3.85003146664857        1.96343709300430       -4.43026602384122
H           -4.81826009886444       -0.22743724873046       -3.83846642665625
H           -3.36758446465458       -1.98543654496918       -2.88597600633181
H           -0.99517938127343       -1.54204012523540       -2.49499016179353
H            0.81655500253720        3.73899122030003       -1.52258642354807
H            0.61047120595339        3.29821499184426       -3.22074368427849
H           -0.72014725589671        3.04874226885847       -2.07052809570696
H            2.75727337010944        2.35663051564338       -1.23887970410235
H            2.77944267115306        0.73172870618925       -1.94166686680232
H            2.62585585547530        2.14334179569238       -2.98678526013003
H           -0.71037522549499        3.55204115054023        0.38060075358412
H           -3.03836193994393        3.90340354303105        1.00600022584282
H           -4.64952502348956        2.02952473383833        0.92007437610584
H           -3.87401802878240       -0.20852434778583        0.21972312673076
H           -1.55707076593991       -0.57064929885333       -0.39676487260168
40
 energy: -50.122259285540 gnorm: 0.000945144785 xtb: 6.7.1 (edcfbbe)
C            1.02051352262720       -0.08594709321596       -0.07208188277633
C            0.50654196463349        1.29268255094203       -0.46931628572247
N            0.86855209443413        1.66633676997257       -1.91189251547641
C            0.40442066435845        0.70654979844376       -2.97357712378187
C           -1.07697803380726        0.49335462069614       -3.16334502958365
C           -1.89385071865840        1.45878979876998       -3.74368862602299
C           -3.23660628542002        1.20519700644299       -3.96172022150445
C           -3.77881955292919       -0.02436002635291       -3.63122741422077
C           -2.96303616903398       -1.01175800554062       -3.10738860492074
C           -1.62270936102020       -0.75501415523008       -2.88156616019923
C            0.35824879800505        3.01912992862138       -2.19716195001209
C            2.34285572614548        1.72467840527225       -2.02313888830560
C           -0.96181093965185        1.47575344169179       -0.13270038688849
C           -1.40371340829022        2.72392673513746        0.30487047747778
C           -2.72330699468149        2.92537366926842        0.66525937300550
C           -3.62710925521192        1.87818925926774        0.60555240051533
C           -3.19073983936935        0.62584953592073        0.21363951611013
C           -1.86810316210771        0.42299347621395       -0.13965693293260
H            0.62718821099345       -0.87918543231740       -0.69868838843490
H            0.69370668377648       -0.27922751335876        0.94687153961243
H            2.10568562328482       -0.13453273389218       -0.07694435649514
H            1.05261494760601        2.03217976406776        0.12874755850610
H            0.82035721895649        1.08009458378060       -3.91422673722365
H            0.87147121785160       -0.25691902561515       -2.76550308701562
H           -1.49002982550040        2.40587239463413       -4.06639538559386
H           -3.85454012473903        1.96667242187426       -4.41104635387241
H           -4.82443798483496       -0.22056140755656       -3.80826543347686
H           -3.36625090978437       -1.98661704075726       -2.88230006609611
H           -0.99134621091619       -1.54786057374421       -2.50512073885151
H            0.81697755770435        3.73789925447683       -1.52069407201342
H            0.60887747227493        3.29922319183550       -3.21861471706972
H           -0.72058495214898        3.04890670068675       -2.06716095194084
H            2.75661361436085        2.35964447919317       -1.24181176525180
H            2.77982870861649        0.73321011223595       -1.93997122174497
H            2.62472813173440        2.14134330291083       -2.98872287424059
H           -0.70897175872777        3.54710737840002        0.39357988984962
H           -3.04035089882509        3.89859573531173        1.00550322805539
H           -4.65681150719786        2.03252532716029        0.88685335630926
H           -3.87675851690881       -0.20605394052187        0.19412819156830
H           -1.55419574759926       -0.57209269512562       -0.40084735934108
40
 energy: -50.122286860345 gnorm: 0.001027274072 xtb: 6.7.1 (edcfbbe)
C            1.02440655705809       -0.08506173825119       -0.07093271605288
C            0.50814782104895        1.29228598342855       -0.46779984046851
N            0.86911362165180        1.66649545792196       -1.91170727224206
C            0.40464876323225        0.70740291991795       -2.97441620296217
C           -1.07654623650457        0.49217510914381       -3.16175970953327
C           -1.89596374145535        1.45925916849056       -3.73579409371058
C           -3.24031321346027        1.20774312707197       -3.94525259629142
C           -3.78140573884098       -0.02231218126106       -3.61450799585493
C           -2.96160761282003       -1.01328026371302       -3.10335778068660
C           -1.62000855414609       -0.75801511151277       -2.88389806267711
C            0.35808596784660        3.01863072667102       -2.19450654234223
C            2.34241775876879        1.72472350518554       -2.02368308570021
C           -0.96038975739195        1.47377716115418       -0.13341306395362
C           -1.40318439316261        2.72122915647030        0.30509364852712
C           -2.72477868295175        2.92383336323335        0.65696592883882
C           -3.63006721234115        1.87890314643467        0.58696089568116
C           -3.19157239257808        0.62579928822325        0.19875559862193
C           -1.86699535601771        0.42132434483658       -0.14546865086686
H            0.63263738517757       -0.87836095421060       -0.69832712411612
H            0.69765049850588       -0.27976995374798        0.94798661541982
H            2.10977275124699       -0.13148450882505       -0.07506523574741
H            1.05283805037773        2.03374042920205        0.12873687940922
H            0.81811001339096        1.08416875998820       -3.91472712353010
H            0.87381764035837       -0.25551041958758       -2.76885111961891
H           -1.49241526600726        2.40606076946518       -4.05948291112108
H           -3.86062671739007        1.97090349956266       -4.38834883392390
H           -4.82893955566032       -0.21611758095482       -3.78213309959241
H           -3.36330348511005       -1.98982739403206       -2.88304614241280
H           -0.98685528486317       -1.55304783620442       -2.51523160333814
H            0.81541603781166        3.73675436581256       -1.51609523587345
H            0.60946822916630        3.30211205193026       -3.21513136820010
H           -0.72099256471398        3.04787589746701       -2.06553062020547
H            2.75718300965189        2.36067912787995       -1.24358054413487
H            2.77967672830332        0.73349156607319       -1.93959604958715
H            2.62419508349804        2.13996989116580       -2.98999943966409
H           -0.70812374687043        3.54310061297400        0.40104629202849
H           -3.04311475919097        3.89608350443776        0.99822179925515
H           -4.66225354492887        2.03555410014558        0.85716887646411
H           -3.87842414226246       -0.20504535385134        0.17465767113343
H           -1.55158395842775       -0.57429373813555       -0.40372014097120
40
 energy: -50.122306453179 gnorm: 0.001014267402 xtb: 6.7.1 (edcfbbe)
C            1.02519752568700       -0.08527101438656       -0.07093631821545
C            0.50865254728304        1.29194707090767       -0.46751517194166
N            0.86982945378300        1.66685599097275       -1.91146498981364
C            0.40437663302885        0.70890813142512       -2.97471253107158
C           -1.07693989388973        0.49272552827722       -3.15992818417950
C           -1.89841039189696        1.46086974897633       -3.72942835262501
C           -3.24298119049742        1.20894911111841       -3.93637933146941
C           -3.78178159305824       -0.02310069824016       -3.60927323173455
C           -2.96006758838706       -1.01512456098511       -3.10361046889726
C           -1.61849558239133       -0.75898899044272       -2.88503481157513
C            0.35918431414725        3.01933919393104       -2.19300208360882
C            2.34308859661129        1.72422373036252       -2.02388056690643
C           -0.96001531097723        1.47291169180877       -0.13422726182420
C           -1.40376052632458        2.72086311767925        0.30172294700095
C           -2.72622475997479        2.92422087906820        0.65001567036309
C           -3.63085590917344        1.87897837066430        0.58012881324899
C           -3.19140202178947        0.62496856712782        0.19549346864073
C           -1.86642597756139        0.42011059866813       -0.14629363613048
H            0.63310264343905       -0.87865777222815       -0.69808983206172
H            0.69890900407746       -0.27976794171362        0.94820188447090
H            2.11054532855515       -0.13184069809307       -0.07540419619922
H            1.05292246279974        2.03344175619672        0.12930831269665
H            0.81588522187715        1.08724403763585       -3.91529012714300
H            0.87472442241037       -0.25395149649957       -2.77131130757982
H           -1.49587476621718        2.40859328473270       -4.05160577457532
H           -3.86522349047229        1.97336679816521       -4.37464614580731
H           -4.82932954824784       -0.21737457571947       -3.77516936016803
H           -3.36030000736567       -1.99305836266268       -2.88660572515085
H           -0.98389733335416       -1.55428647001333       -2.51959456724096
H            0.81431251740302        3.73640339355734       -1.51192205829177
H            0.61276905759331        3.30495599379309       -3.21249224211667
H           -0.72027654393752        3.04768298651007       -2.06650468348581
H            2.75849745762299        2.35907614115956       -1.24323186979863
H            2.77962321789754        0.73245876589577       -1.94087865647391
H            2.62496008365851        2.14014613301362       -2.98992646828597
H           -0.70889619665867        3.54269654029407        0.39806775313785
H           -3.04545595327878        3.89725253895492        0.98831582776896
H           -4.66326979988534        2.03605378185513        0.84830437617235
H           -3.87806013834072       -0.20614138732106        0.17230247340401
H           -1.55051596419563       -0.57572991444561       -0.40327157253280
40
 energy: -50.122334266518 gnorm: 0.000753503053 xtb: 6.7.1 (edcfbbe)
C            1.02499718761957       -0.08629045327302       -0.07202951149612
C            0.50894716800853        1.29140169557853       -0.46793876110603
N            0.87114315630122        1.66783717880141       -1.91105343862133
C            0.40354648582091        0.71181123891923       -2.97474688421973
C           -1.07798625480343        0.49445206162095       -3.15715753261809
C           -1.90279224575959        1.46380966120369       -3.72002011908633
C           -3.24726078691268        1.20997335946653       -3.92532019558400
C           -3.78209063136476       -0.02565478704467       -3.60500415345867
C           -2.95764160386472       -1.01812117930184       -3.10502393146111
C           -1.61644707096907       -0.75953995155794       -2.88639061859569
C            0.36273686065614        3.02172226178884       -2.19135518343846
C            2.34483447177193        1.72313802794722       -2.02342565489274
C           -0.96021331506231        1.47229832359620       -0.13656585049202
C           -1.40567183648320        2.72159770559846        0.29388506404519
C           -2.72885109142428        2.92536144380045        0.63969685199333
C           -3.63160972243971        1.87817490933590        0.57509800377445
C           -3.19074547499953        0.62288087417489        0.19591967374906
C           -1.86571845355626        0.41843124143965       -0.14562721422229
H            0.63164918310630       -0.87941237274844       -0.69884466530584
H            0.69955092060618       -0.28036700437146        0.94743894875176
H            2.11026945729416       -0.13390749979954       -0.07761614272629
H            1.05296421297454        2.03192073934952        0.13045223264590
H            0.81249781161328        1.09184170934178       -3.91583215556879
H            0.87511950630969       -0.25120458462939       -2.77441123697380
H           -1.50294728634510        2.41407045964465       -4.03812704030724
H           -3.87226808198396        1.97565235927528       -4.35753163179176
H           -4.82887388364763       -0.22246027003608       -3.77264263905810
H           -3.35515520761187       -1.99825391812740       -2.89275291075551
H           -0.97951727495976       -1.55428825587953       -2.52389681534830
H            0.81549275822667        3.73662248736883       -1.50645429798128
H            0.62021347494882        3.30943426295916       -3.20922756114623
H           -0.71721700031168        3.04987004551137       -2.06873586259154
H            2.76131190085792        2.35531521311455       -1.24117688484656
H            2.77960964970727        0.73024986849110       -1.94320668963250
H            2.62684827590432        2.14102272021531       -2.98858062725295
H           -0.71140272815098        3.54427860389902        0.38829774392993
H           -3.04951551481534        3.90041533754024        0.97121363411340
H           -4.66428736134290        2.03497714035839        0.84250184530190
H           -3.87652097216825       -0.20930645385916        0.17627526448114
H           -1.54887868275116       -0.57780419971222       -0.39985305220715
40
 energy: -50.122365231216 gnorm: 0.000718926619 xtb: 6.7.1 (edcfbbe)
C            1.02401898674594       -0.08741874689782       -0.07462758498872
C            0.50891295277067        1.29132130579593       -0.46867284758511
N            0.87333483355211        1.66936277110524       -1.91031820436870
C            0.40257603000881        0.71655548885671       -2.97499991681221
C           -1.07963266990797        0.49791733094966       -3.15221633451277
C           -1.90938686332320        1.46832689374946       -3.70608117366606
C           -3.25321461970489        1.21057048313664       -3.91089681736609
C           -3.78228230380411       -0.03000116457392       -3.60016002284514
C           -2.95373102012590       -1.02221929208944       -3.10677099947814
C           -1.61345877082886       -0.75940608351856       -2.88735267567812
C            0.36948272273953        3.02555377512405       -2.18917889502298
C            2.34747140354876        1.72076866399119       -2.02299772010869
C           -0.96084718942847        1.47156179064741       -0.13905592317581
C           -1.40936797682638        2.72271559544769        0.28278772683874
C           -2.73370414139744        2.92643529643778        0.62449884039328
C           -3.63382418466083        1.87637042960693        0.56736556996550
C           -3.19014399002536        0.61952420557137        0.19692845545335
C           -1.86452119808621        0.41593147595694       -0.14319309071829
H            0.62940894075419       -0.87981116211466       -0.70166157035542
H            0.69946285004467       -0.28173396645156        0.94500731626292
H            2.10920822165102       -0.13620935433063       -0.08131890298563
H            1.05239484497508        2.03012926951397        0.13250798228333
H            0.80789849399688        1.09868338933881       -3.91693812733623
H            0.87530473285524       -0.24683351898231       -2.77878728663221
H           -1.51403358416605        2.42225333155587       -4.01896857641135
H           -3.88229861863013        1.97756564723555       -4.33491480889324
H           -4.82848462217742       -0.22993751851497       -3.76836818753879
H           -3.34723400791224       -2.00508921130234       -2.89969400973270
H           -0.97291817062102       -1.55368046108943       -2.53000941997462
H            0.82187292429228        3.73747930734542       -1.50099657538122
H            0.63106316465662        3.31463919567381       -3.20559697972812
H           -0.71077397321854        3.05607505285143       -2.07002150253920
H            2.76525446295996        2.34901891104641       -1.23833781464374
H            2.77953608178895        0.72637164058132       -1.94626687191892
H            2.63058062513401        2.14139092315229       -2.98665787517586
H           -0.71693540170347        3.54739449804492        0.37250447929079
H           -3.05635466394396        3.90374189104664        0.94805684978828
H           -4.66642836597598        2.03198607764902        0.83571765693627
H           -3.87391879619524       -0.21452884751216        0.18348467326064
H           -1.54616713981184       -0.58082531403426       -0.39356883489945
40
 energy: -50.122392541213 gnorm: 0.000730879217 xtb: 6.7.1 (edcfbbe)
C            1.02331248164395       -0.08805028482730       -0.07681569178049
C            0.50876886732637        1.29134930194793       -0.46991970835667
N            0.87571138506147        1.67145862302274       -1.90990411212073
C            0.40132316613363        0.72159940313819       -2.97524535353084
C           -1.08113536731675        0.50117434835678       -3.14841402995871
C           -1.91602982145508        1.47244917060798       -3.69288596344628
C           -3.25964425042944        1.21116383369142       -3.89536717563676
C           -3.78325133456421       -0.03356867943526       -3.59231522485539
C           -2.95004717734320       -1.02575490554613       -3.10670116865241
C           -1.61021413504789       -0.75938788915685       -2.88910342676288
C            0.37748510171796        3.03017040273510       -2.18760001489276
C            2.35028580016021        1.71782683101473       -2.02171275115143
C           -0.96214758527620        1.47111808866175       -0.14373691083224
C           -1.41406173021518        2.72377146445509        0.27044549152937
C           -2.73901026673111        2.92639942121838        0.61021697176496
C           -3.63616925814226        1.87347025123100        0.56042271021869
C           -3.18935006380690        0.61555179996486        0.19755605241587
C           -1.86342654649059        0.41342319754393       -0.14223191973323
H            0.62860676250485       -0.87936159448007       -0.70516502199206
H            0.69839532690451       -0.28349451537547        0.94251285536077
H            2.10848021309998       -0.13745007100536       -0.08330477030263
H            1.05107660236005        2.02914078998667        0.13374178162971
H            0.80304075302359        1.10648185513159       -3.91761630167524
H            0.87535894973200       -0.24212731560780       -2.78368905933261
H           -1.52578162183417        2.43053755066550       -3.99948913660966
H           -3.89258303658046        1.97862139987607       -4.31279100605449
H           -4.82837542186203       -0.23723682660472       -3.76236804969636
H           -3.33914834191249       -2.01163708344532       -2.90539922642090
H           -0.96632334339499       -1.55297400712723       -2.53642795765757
H            0.83233334620186        3.73933287978084       -1.49817090386350
H            0.64094260301479        3.31929105934895       -3.20354067511626
H           -0.70269682420448        3.06472086303666       -2.06922385627568
H            2.77017135765050        2.34226098029364       -1.23505032834852
H            2.77895114457896        0.72171325110039       -1.94821200049572
H            2.63469506868209        2.14037383638260       -2.98412671505808
H           -0.72348529958618        3.55049228487766        0.35747260998816
H           -3.06444509772448        3.90542313769051        0.92569145462957
H           -4.66947238851079        2.02818287523412        0.82677675555850
H           -3.87106530214696       -0.22042823704888        0.18882454732317
H           -1.54295471522175       -0.58407749133431       -0.38690276980911
40
 energy: -50.122418058743 gnorm: 0.000637719141 xtb: 6.7.1 (edcfbbe)
C            1.02284254973515       -0.08727390164900       -0.07849358548407
C            0.50848175935006        1.29248344410170       -0.47078011083000
N            0.87792967459187        1.67299631356368       -1.90979429825380
C            0.40057101271743        0.72601199297526       -2.97621269189929
C           -1.08232195955721        0.50433800806039       -3.14459576483580
C           -1.92163068037031        1.47607368682420       -3.68106221150127
C           -3.26498874689776        1.21157796475825       -3.88174846713908
C           -3.78415200226754       -0.03631066452376       -3.58445555938481
C           -2.94680503045669       -1.02828614300466       -3.10542689282052
C           -1.60731687999333       -0.75889219173998       -2.88974642510290
C            0.38543620333415        3.03400244593475       -2.18688815967665
C            2.35275612948408        1.71449424598935       -2.02094389610650
C           -0.96331294531990        1.47076127640383       -0.14705131505059
C           -1.41854226939028        2.72409377853430        0.26150256061589
C           -2.74454893331457        2.92513228117824        0.59832997047079
C           -3.63949950475327        1.86998761625327        0.55200114734107
C           -3.18926294521005        0.61159893279443        0.19525687841442
C           -1.86237703832755        0.41110404119242       -0.14225897257274
H            0.62991092224300       -0.87780893445630       -0.70896008222832
H            0.69599703221018       -0.28436278354346        0.93991668548301
H            2.10805719321436       -0.13606317857339       -0.08273541380269
H            1.04932077356614        2.02986000555085        0.13479215701270
H            0.79898563231639        1.11336667386725       -3.91899373840422
H            0.87564301337802       -0.23797035554417       -2.78861832397602
H           -1.53560662270597        2.43723044955306       -3.98331521658562
H           -3.90136761623849        1.97936854593765       -4.29327304173123
H           -4.82916810217578       -0.24216299409532       -3.75294406146912
H           -3.33244406112892       -2.01614382992894       -2.90757210236551
H           -0.96025342407426       -1.55241231842301       -2.54259604226187
H            0.84524567359494        3.74126289492946       -1.49873523120391
H            0.64809959337748        3.32148092924528       -3.20349273291850
H           -0.69425454941010        3.07376086375789       -2.06632812108427
H            2.77435681303602        2.33597074866844       -1.23285067724420
H            2.77801235431875        0.71684886721516       -1.94920444763095
H            2.63894643891692        2.13786815971276       -2.98246244195016
H           -0.73009713989139        3.55285811894533        0.34622895142953
H           -3.07256272466169        3.90469187538317        0.90936810190965
H           -4.67342693793103        2.02338354435062        0.81698840804839
H           -3.86878804546597       -0.22616830552895        0.18997483992969
H           -1.53974460984371       -0.58680210466972       -0.38258967514094
40
 energy: -50.122446538585 gnorm: 0.000495254122 xtb: 6.7.1 (edcfbbe)
C            1.02306146438975       -0.08522205130767       -0.07890486310311
C            0.50795625932287        1.29406053228108       -0.47196708121772
N            0.88023753275976        1.67457265069966       -1.91011855204795
C            0.40008125455965        0.73005720352461       -2.97738066670573
C           -1.08308954911874        0.50706380388628       -3.14136347468643
C           -1.92653330217802        1.47937080986364       -3.66983644524578
C           -3.26996818465597        1.21250844060891       -3.86728239140240
C           -3.78539909573515       -0.03772834273445       -3.57387500507221
C           -2.94402403311724       -1.02988509317840       -3.10211119722824
C           -1.60440833094731       -0.75848119562607       -2.89038898262558
C            0.39330055107159        3.03762518675547       -2.18692505457919
C            2.35518633716074        1.71037715529960       -2.02046220383923
C           -0.96476988370616        1.47052964998374       -0.15111612489837
C           -1.42353134681991        2.72375870831462        0.25357427263412
C           -2.75057270910151        2.92245659193657        0.58761718855694
C           -3.64331544150828        1.86542961631912        0.54212407884082
C           -3.18934865233313        0.60721620552396        0.18995431841773
C           -1.86130905508459        0.40885156340513       -0.14438485841549
H            0.63452049835174       -0.87531590371274       -0.71261465762099
H            0.69191828450269       -0.28458220555434        0.93768635269523
H            2.10838518125548       -0.13197520055677       -0.07812433169093
H            1.04671314148407        2.03227147929620        0.13442770467510
H            0.79535223690266        1.12012319696707       -3.92032312525665
H            0.87624597103946       -0.23412663259579       -2.79379864937854
H           -1.54426988623750        2.44315113924852       -3.96831341655584
H           -3.90953157365649        1.98056215418913       -4.27324229555719
H           -4.83063667510542       -0.24509605114974       -3.73934051934958
H           -3.32666516947012       -2.01937739374014       -2.90694207278094
H           -0.95444855439742       -1.55209305416297       -2.54895782411906
H            0.86018958133753        3.74350974678607       -1.50205166647280
H            0.65291799806981        3.32231907681458       -3.20510258294370
H           -0.68554658428840        3.08355702030464       -2.06165045835374
H            2.77846369596328        2.32942507471742       -1.23141705471145
H            2.77695896113287        0.71125357872313       -1.94949395139119
H            2.64360146854619        2.13375385106939       -2.98129554961288
H           -0.73718642469514        3.55429619695358        0.33804268294242
H           -3.08134076008271        3.90167139540947        0.89658784251170
H           -4.67814522845833        2.01727314262786        0.80458014256447
H           -3.86681103153644       -0.23212644264064        0.18556519803375
H           -1.53611894561707       -0.58908560454942       -0.38114472500976
40
 energy: -50.122478678806 gnorm: 0.000567410752 xtb: 6.7.1 (edcfbbe)
C            1.02416779425398       -0.08148347920049       -0.07807927936227
C            0.50773642096844        1.29679237948298       -0.47291915593459
N            0.88266210042031        1.67562749099281       -1.91094600875015
C            0.39963927130175        0.73375269134390       -2.97937103811564
C           -1.08376706062077        0.50944928112915       -3.13846344401490
C           -1.93155583997091        1.48283365033272       -3.65762095077395
C           -3.27553262678932        1.21442116197155       -3.84955418134531
C           -3.78737961559680       -0.03800567861525       -3.55933370426155
C           -2.94161394546378       -1.03111166527868       -3.09714240746860
C           -1.60142479726325       -0.75838224007777       -2.89134128645205
C            0.40232538736796        3.04102369456107       -2.18763980444419
C            2.35773179371012        1.70581888452595       -2.01978740934546
C           -0.96619852941132        1.47033481684329       -0.15582216223184
C           -1.42917533139705        2.72287239382294        0.24622646218565
C           -2.75760466457928        2.91836897818975        0.57672539316872
C           -3.64794342845747        1.85933772501735        0.52929731473967
C           -3.18965931355030        0.60180498750697        0.18029726064281
C           -1.86000111352765        0.40628084337636       -0.14937832082102
H            0.64328547514192       -0.87166282070490       -0.71642472006896
H            0.68586628087580       -0.28387446999518        0.93557484165290
H            2.10965050464607       -0.12434093696501       -0.06884202063095
H            1.04361913074549        2.03667650861014        0.13400843456775
H            0.79161707088499        1.12658717329535       -3.92250444356532
H            0.87701785537386       -0.23056318076631       -2.79984954765361
H           -1.55286845253147        2.44911667000436       -3.95244681372164
H           -3.91852624766836        1.98310805496485       -4.24885650122235
H           -4.83323644411098       -0.24628995698613       -3.71982814550583
H           -3.32145434371976       -2.02216155110824       -2.90450116040298
H           -0.94830303416370       -1.55252315821826       -2.55709874573665
H            0.87746446729410        3.74564747017391       -1.50702779544181
H            0.65756792816811        3.32232693810376       -3.20789596840675
H           -0.67538222139837        3.09370350975820       -2.05621435572144
H            2.78324807067205        2.32252308584852       -1.23002603643211
H            2.77514518294719        0.70491477542038       -1.94923329725820
H            2.64845945415949        2.12844160777291       -2.98024700098899
H           -0.74537191711048        3.55540614382288        0.33137730227784
H           -3.09191325292398        3.89681893694800        0.88404408092484
H           -4.68412507238101        2.00914645677253        0.78779121093178
H           -3.86474026539820       -0.23933713459862        0.17558122708307
H           -1.53130667089844       -0.59145003807747       -0.38229782209631
40
 energy: -50.122509759941 gnorm: 0.000596600918 xtb: 6.7.1 (edcfbbe)
C            1.02627807641122       -0.07684813952957       -0.07588641673018
C            0.50726415151490        1.29944300720756       -0.47435576877954
N            0.88541627875626        1.67717354835832       -1.91186115735022
C            0.39939199701660        0.73735841142698       -2.98081273751880
C           -1.08432093233263        0.51182164209806       -3.13498543771429
C           -1.93650144308032        1.48666587565341       -3.64391773862980
C           -3.28115740239510        1.21714341248770       -3.82943185798327
C           -3.78955244468906       -0.03748914022266       -3.54266198884168
C           -2.93938733375227       -1.03203851093729       -3.09164542408882
C           -1.59840830654653       -0.75841869297494       -2.89256312196046
C            0.41074088118823        3.04453256594731       -2.18868689804904
C            2.36059425369945        1.70014780503445       -2.01989531681901
C           -0.96778644111595        1.46999993249741       -0.16124321878330
C           -1.43543738111267        2.72167879879639        0.23790640713848
C           -2.76550781661009        2.91366311023273        0.56404190856970
C           -3.65292792431328        1.85235782738492        0.51427939515292
C           -3.18973984333522        0.59560574791255        0.16895441210786
C           -1.85835752583312        0.40333417060886       -0.15538002443606
H            0.65545841991185       -0.86758679175823       -0.71949742974547
H            0.67891943038305       -0.28261279449029        0.93401246402551
H            2.11185062111670       -0.11450531304207       -0.05592420291947
H            1.03987595465173        2.04204444877540        0.13202247613598
H            0.78815047743861        1.13296665727659       -3.92409594451312
H            0.87800102747149       -0.22713723981790       -2.80544337729810
H           -1.56103109618515        2.45513617733358       -3.93552713144178
H           -3.92784052105489        1.98711258454523       -4.22029556138757
H           -4.83645556074790       -0.24594398746767       -3.69630746205734
H           -3.31665909213811       -2.02459393554126       -2.90182575357881
H           -0.94208060322991       -1.55340259885961       -2.56657619126225
H            0.89355529871761        3.74762369170737       -1.51193250974523
H            0.66229216804019        3.32277661261399       -3.21064666286822
H           -0.66586297452741        3.10381665736569       -2.05179030664601
H            2.78784601222670        2.31455179396809       -1.22938711096497
H            2.77390692359336        0.69751612259484       -1.94938552009727
H            2.65405887635999        2.12221513811730       -2.97977230844404
H           -0.75397310757667        3.55602355506252        0.32544264707232
H           -3.10340554836910        3.89103078919322        0.87087496836896
H           -4.69058023782137        1.99975285448725        0.76830088736289
H           -3.86269460707680       -0.24720178378694        0.16175340604162
H           -1.52581270465555       -0.59376401025905       -0.38562439132256
40
 energy: -50.122536022181 gnorm: 0.000535028287 xtb: 6.7.1 (edcfbbe)
C            1.02879984141451       -0.07198255682628       -0.07337670637143
C            0.50736954026122        1.30247813974493       -0.47508538096652
N            0.88779729543688        1.67770172213979       -1.91272056688824
C            0.39889629416994        0.74009493004491       -2.98242285544454
C           -1.08498948474468        0.51354553205425       -3.13246384984249
C           -1.94124775447979        1.49022989028253       -3.63088101013993
C           -3.28684870032781        1.22044841371573       -3.80882830638463
C           -3.79211774888950       -0.03626060657487       -3.52566154704355
C           -2.93782719476286       -1.03278133996798       -3.08679934367420
C           -1.59592291813760       -0.75884601119702       -2.89475366675290
C            0.41887633281891        3.04704448261494       -2.18933231983236
C            2.36298152044903        1.69566441163281       -2.01962942009176
C           -0.96883951804449        1.46963036217959       -0.16605038114618
C           -1.44110743351165        2.72038214304175        0.23022623880520
C           -2.77283046726544        2.90909005671189        0.55150103144525
C           -3.65740213114414        1.84561654574685        0.49892942581257
C           -3.18960235564360        0.58965846625495        0.15696292245093
C           -1.85642444680886        0.40045826996989       -0.16149116818715
H            0.66816817453965       -0.86362689673305       -0.72170404926528
H            0.67272313343638       -0.28086981970151        0.93273591222331
H            2.11426380414908       -0.10421787927569       -0.04284086491455
H            1.03673005600384        2.04762925616013        0.13102028425010
H            0.78493231677699        1.13768081439354       -3.92597478371067
H            0.87832935033044       -0.22457361120726       -2.81036744578333
H           -1.56865602951390        2.46079327514177       -3.91911465192883
H           -3.93681052938612        1.99178635669174       -4.19132997788143
H           -4.83976166272998       -0.24492876369875       -3.67352555088312
H           -3.31266606396226       -2.02703211105810       -2.90078748918194
H           -0.93683044986216       -1.55455916543443       -2.57642107587772
H            0.90670176730036        3.74869015687633       -1.51468891719590
H            0.66850380191802        3.32339403466596       -3.21226831518539
H           -0.65693003877872        3.11129899788641       -2.04931053289102
H            2.79234349742984        2.30783649270459       -1.22846951659954
H            2.77216364089821        0.69136512053266       -1.94946291203662
H            2.65862447801310        2.11702720666110       -2.97914155839136
H           -0.76235825739220        3.55666065311366        0.31871859218467
H           -3.11453174543497        3.88578787512459        0.85609622066591
H           -4.69635135731572        1.99058116111400        0.74882393002903
H           -3.86014540959220       -0.25492660092170        0.14883342654826
H           -1.51988314761907       -0.59601940460441       -0.38871381992309
40
 energy: -50.122557641953 gnorm: 0.000463131373 xtb: 6.7.1 (edcfbbe)
C            1.03160581687423       -0.06781132559734       -0.07055948556730
C            0.50776873316108        1.30481051595929       -0.47568457796364
N            0.88989203566466        1.67861750532449       -1.91331060941943
C            0.39833194090935        0.74249478832371       -2.98321479523263
C           -1.08592926697380        0.51542178414588       -3.12917850473283
C           -1.94568625921903        1.49381867532427       -3.61803092001682
C           -3.29195940965287        1.22365250499534       -3.78980155216342
C           -3.79431066261533       -0.03531954729613       -3.51122615431645
C           -2.93654388368505       -1.03365925452181       -3.08365778768888
C           -1.59412629301167       -0.75907109273889       -2.89649619345878
C            0.42546495909665        3.04954336363494       -2.19000083133659
C            2.36521879740753        1.69148124387210       -2.01952990274875
C           -0.96949920051342        1.46908358195425       -0.17050233206764
C           -1.44614923425207        2.71937047427340        0.22203801761294
C           -2.77947008567741        2.90527612441437        0.53852388973293
C           -3.66106340930770        1.83947527592892        0.48486122652429
C           -3.18895325749578        0.58393486289988        0.14696106254733
C           -1.85433952260781        0.39753198387537       -0.16670348905908
H            0.67991946191496       -0.86034846402294       -0.72271588872437
H            0.66811489294042       -0.27928994532316        0.93230033646548
H            2.11685268394491       -0.09512562826326       -0.03105063324491
H            1.03421041960504        2.05225148886811        0.13011503043411
H            0.78203535215109        1.14150297144480       -3.92715800604881
H            0.87835401157561       -0.22241158014278       -2.81385768106698
H           -1.57554818572541        2.46615589697352       -3.90336073738024
H           -3.94510480505540        1.99689335058360       -4.16314372872625
H           -4.84289272967843       -0.24371115147102       -3.65282882745679
H           -3.30936842430168       -2.02934085486912       -2.90136893046132
H           -0.93233933027481       -1.55597036375406       -2.58638439627590
H            0.91596247048825        3.74941079357126       -1.51546882712080
H            0.67539297260010        3.32516618183535       -3.21307100077257
H           -0.65000278417041        3.11729583240264       -2.04928793888769
H            2.79621391102441        2.30190192787919       -1.22787954404683
H            2.77106608173306        0.68576567614272       -1.94971205388947
H            2.66240411258836        2.11239323736408       -2.97875899143726
H           -0.76962002649691        3.55737914117209        0.31210613593523
H           -3.12471048103067        3.88167488207554        0.84013877722500
H           -4.70148558306434        1.98246073307687        0.72994871884445
H           -3.85751620554461       -0.26225533878707        0.13772583663538
H           -1.51406961332656       -0.59850025152820       -0.39054471064518
40
 energy: -50.122576174854 gnorm: 0.000397748793 xtb: 6.7.1 (edcfbbe)
C            1.03449872589728       -0.06413223283055       -0.06822862057343
C            0.50819706152491        1.30683185781567       -0.47593504418431
N            0.89201738907399        1.67922718113220       -1.91337707698549
C            0.39762057184917        0.74471268722199       -2.98338963844237
C           -1.08686767396730        0.51712673134275       -3.12632500281324
C           -1.95007796174762        1.49736674393688       -3.60543805462966
C           -3.29708989550829        1.22698460216543       -3.77102205573754
C           -3.79671156616619       -0.03411268942383       -3.49726693829785
C           -2.93555942999634       -1.03437516273050       -3.08115254587867
C           -1.59246354995605       -0.75943470344814       -2.89910420649626
C            0.43142741384789        3.05152166545276       -2.18974151654683
C            2.36736236963326        1.68794183284578       -2.01978812517865
C           -0.96992333703913        1.46836263503635       -0.17411287673273
C           -1.45076182645193        2.71845892495173        0.21359977236134
C           -2.78577851109214        2.90207663564000        0.52454966755033
C           -3.66454460963113        1.83399806154136        0.47039115756900
C           -3.18808972348086        0.57847677809341        0.13832999015633
C           -1.85193619289405        0.39447527632341       -0.16996814683439
H            0.69019215151811       -0.85763976911157       -0.72309003320189
H            0.66513985687532       -0.27744246002424        0.93198375592174
H            2.11947943348238       -0.08732085621338       -0.02137529054943
H            1.03212310619574        2.05628896588944        0.12951812717020
H            0.77926148478776        1.14484756744900       -3.92772159339875
H            0.87795574170571       -0.22049054916063       -2.81642864573537
H           -1.58243586100233        2.47158069833366       -3.88752885465529
H           -3.95290942433011        2.00171150202778       -4.13619845126558
H           -4.84562182126586       -0.24290730943765       -3.63502947997099
H           -3.30620297112916       -2.03182860184110       -2.90379879762173
H           -0.92863239716955       -1.55678197934546       -2.59527621391949
H            0.92280631733136        3.74977995160825       -1.51414999689760
H            0.68325818418829        3.32711602014550       -3.21236039026947
H           -0.64402725802727        3.12192539627507       -2.05026434506642
H            2.79972531582738        2.29687308073710       -1.22779331053292
H            2.77035816247655        0.68106712605548       -1.95007306285192
H            2.66602768915088        2.10837784263641       -2.97879602123800
H           -0.77647200817778        3.55819020460200        0.30408421254729
H           -3.13432085272909        3.87850011898870        0.82238052607614
H           -4.70596928549487        1.97500982073045        0.71187884097056
H           -3.85461949785616       -0.26932848464817        0.12911445052088
H           -1.50831532025438       -0.60108511076306       -0.39086616433806
40
 energy: -50.122580899887 gnorm: 0.000265613533 xtb: 6.7.1 (edcfbbe)
C            1.03446761342947       -0.06505891042026       -0.06856442210613
C            0.50868241163376        1.30623746163127       -0.47593304918079
N            0.89221313496325        1.67948741610455       -1.91320810001002
C            0.39752156050213        0.74533517590628       -2.98332912512203
C           -1.08711998835391        0.51757462746200       -3.12523886555865
C           -1.95105559251893        1.49779688480715       -3.60280151866763
C           -3.29802349217004        1.22689035601395       -3.76775380238525
C           -3.79671779806218       -0.03487371376139       -3.49555206186099
C           -2.93502165055136       -1.03494791706049       -3.08087338770387
C           -1.59209047460886       -0.75933460689701       -2.89869127533430
C            0.43168673598869        3.05195933955058       -2.18897680834598
C            2.36764499535066        1.68837515275052       -2.01959684683214
C           -0.96956119277761        1.46799657278732       -0.17462398186307
C           -1.45050464919310        2.71835712931822        0.21212760540042
C           -2.78571296127184        2.90240383822414        0.52174507555619
C           -3.66443857754472        1.83429964353363        0.46779493431431
C           -3.18813296147416        0.57858925038077        0.13652154857898
C           -1.85189664383541        0.39427865333029       -0.17095924228795
H            0.68921233551750       -0.85833076155244       -0.72324888598046
H            0.66589432435484       -0.27832798032601        0.93202928751589
H            2.11949638936483       -0.08888258428310       -0.02271370298977
H            1.03272595886674        2.05513039739679        0.13017348456032
H            0.77865520301734        1.14567151095149       -3.92782768873971
H            0.87805983528766       -0.21987736927382       -2.81687906632058
H           -1.58413403881439        2.47248356387167       -3.88410162614081
H           -3.95464989083023        2.00204153144556       -4.13052961563286
H           -4.84577619077047       -0.24384874715567       -3.63214495703342
H           -3.30512619976150       -2.03264273501525       -2.90409631514419
H           -0.92747203580688       -1.55684599974507       -2.59673839359816
H            0.92185398421441        3.74976121950329       -1.51190401736641
H            0.68466359142609        3.32851827601392       -3.21112809486067
H           -0.64409212738330        3.12160526943557       -2.05073819160257
H            2.80017360573237        2.29730615016814       -1.22764859624900
H            2.77069388986519        0.68147248731824       -1.95020040084469
H            2.66588871169956        2.10891499670652       -2.97868970607383
H           -0.77613779278935        3.55801886089312        0.30268865020054
H           -3.13445849964756        3.87933194519366        0.81773855091888
H           -4.70616194595938        1.97571326127707        0.70772045634675
H           -3.85483405628576       -0.26917812351987        0.12735987961672
H           -1.50829552080516       -0.60145152296510       -0.39097772717358
