12
 energy: -17.700262575445 gnorm: 0.181895051328 xtb: 6.7.1 (edcfbbe)
C            1.03186000000000        0.13253000000000       -0.10693000000000
N            0.19432000000000        0.82413000000000       -1.07654000000000
C           -0.04098000000000        0.11502000000000       -2.18825000000000
N           -0.10382000000000        0.95951000000000       -3.21660000000000
C            0.40497000000000        2.12598000000000       -2.78929000000000
N            0.71049000000000        2.03191000000000       -1.47578000000000
H            0.56108000000000       -0.80090000000000        0.22449000000000
H            1.17959000000000        0.75198000000000        0.78607000000000
H            2.02219000000000       -0.10865000000000       -0.51335000000000
H           -0.71095000000000        0.97993000000000       -0.65708000000000
H           -0.23784000000000       -0.94955000000000       -2.25981000000000
H            0.56946000000000        3.00198000000000       -3.39665000000000
12
 energy: -17.723636674142 gnorm: 0.099048462392 xtb: 6.7.1 (edcfbbe)
C            1.05114557389409        0.13400433980639       -0.08454773912193
N            0.20671937650581        0.82318984943525       -1.06755572136795
C           -0.09138520171010        0.11267711836054       -2.23506316582296
N           -0.03812709368131        0.91707538478645       -3.25497430254594
C            0.40811442978997        2.10947364928887       -2.76466924007031
N            0.64913222317101        2.08118962033901       -1.46941178270350
H            0.57757633925280       -0.79949673495402        0.22992801268821
H            1.20078125870233        0.76414418940529        0.79474246377834
H            2.02629881934965       -0.09042292558347       -0.52060992518972
H           -0.70637660939767        0.97844693762184       -0.61726471317557
H           -0.29222009323322       -0.94295863425464       -2.30692658291681
H            0.58871097735664        2.97654720574848       -3.37336730355186
12
 energy: -17.731453429433 gnorm: 0.032103561409 xtb: 6.7.1 (edcfbbe)
C            1.07027716575844        0.13243074707273       -0.06344724628614
N            0.21418851004971        0.81118880736046       -1.05789866906612
C           -0.11129302269820        0.11202401964945       -2.28822656506949
N           -0.01929461158325        0.89788441499742       -3.27073693538176
C            0.41692412802621        2.10280733654358       -2.74701852640699
N            0.60341110336484        2.10183720601928       -1.48353325463550
H            0.59450998860076       -0.79644204864732        0.24629897244988
H            1.20604008075153        0.78311899511835        0.79878665872354
H            2.03987896968451       -0.07748094028096       -0.50990199352826
H           -0.70272824760279        0.96565274641076       -0.58389854477310
H           -0.34270032986459       -0.93377792991196       -2.35039854467782
H            0.61115626551283        2.96462664566821       -3.35974535134822
12
 energy: -17.733040802548 gnorm: 0.021781153603 xtb: 6.7.1 (edcfbbe)
C            1.07709285295231        0.13800281585816       -0.06049005141967
N            0.19203871799471        0.79951487770933       -1.04626078115936
C           -0.12626324854612        0.10643003082005       -2.31018692603277
N            0.01241053010721        0.89088636912732       -3.28664595718347
C            0.43917271212941        2.10249604309396       -2.74293747876450
N            0.57433933149299        2.09741953375194       -1.47666485281926
H            0.62868050732776       -0.80025075164643        0.25775186056018
H            1.21449889403672        0.79726256992060        0.79505037341192
H            2.04741373958631       -0.04924430318680       -0.52011558607908
H           -0.72165483922399        0.94804261829455       -0.56573641893156
H           -0.39355653882840       -0.93395499183917       -2.36129764657878
H            0.63619734097109        2.96726518809649       -3.35218653500363
12
 energy: -17.733968315420 gnorm: 0.012349344339 xtb: 6.7.1 (edcfbbe)
C            1.08247092021794        0.15011842854324       -0.06709448248040
N            0.15702643899322        0.78933671602747       -1.03228825821674
C           -0.13677948319261        0.09839319856577       -2.33002739253626
N            0.03792168396246        0.88458491404293       -3.29079981586920
C            0.46221514952507        2.09893621241211       -2.73145181851368
N            0.54633780716659        2.08768195869198       -1.46052688364069
H            0.67007453760105       -0.80170500151822        0.26256259986169
H            1.22034151208685        0.81598121763331        0.78371344739099
H            2.05058907517289       -0.00923750689063       -0.54676788566929
H           -0.75023953190711        0.92488351456963       -0.54505293442102
H           -0.44101896236469       -0.93351490754699       -2.37040344785818
H            0.68143085273837        2.95841125546941       -3.34158312804721
12
 energy: -17.734325157854 gnorm: 0.008588011820 xtb: 6.7.1 (edcfbbe)
C            1.08283088935171        0.16115693292384       -0.07837153637805
N            0.12994199963727        0.78690599219432       -1.02374986048196
C           -0.14330778758501        0.09161614184519       -2.33635563862071
N            0.05804593929788        0.87892990830704       -3.28837366977747
C            0.47378342687925        2.09473920764903       -2.71941638491516
N            0.53293529975670        2.07901892524870       -1.44891376228511
H            0.69377541834472       -0.79776213363100        0.26045651504654
H            1.22502820642042        0.82796339569566        0.77105845107969
H            2.04380250598488        0.01642648729312       -0.57582945766499
H           -0.77092370662660        0.91128052096465       -0.52965413736710
H           -0.45928255917517       -0.93463617870774       -2.37111926835073
H            0.71374036771396        2.94823080021719       -3.32945125028496
12
 energy: -17.734506681863 gnorm: 0.007595054946 xtb: 6.7.1 (edcfbbe)
C            1.08082670068198        0.16971378615983       -0.09090554308489
N            0.10922803714100        0.79052940907578       -1.01763443834421
C           -0.14606903245099        0.08815934340258       -2.33409634094438
N            0.07140628889329        0.87403063945999       -3.28113916780713
C            0.48452422376441        2.08825830933440       -2.71130082167296
N            0.51833675391707        2.07848272982953       -1.43802296278398
H            0.70746373532597       -0.79378863865313        0.25227786525586
H            1.23016774759862        0.83290674074833        0.75998731136519
H            2.03306602193529        0.03400443881580       -0.60487345875546
H           -0.78701137986098        0.90119870970652       -0.51597259629699
H           -0.46191807621807       -0.93581556533022       -2.36664665442237
H            0.74034897927242        2.93619009745059       -3.32139319250867
12
 energy: -17.734606317557 gnorm: 0.005106680915 xtb: 6.7.1 (edcfbbe)
C            1.07811986812725        0.17442693846705       -0.10130041760737
N            0.09637053720190        0.79654796834540       -1.01463179847816
C           -0.14636238536410        0.08646312323905       -2.32775117209996
N            0.08714505488940        0.86827314783457       -3.27562090144523
C            0.48643797737830        2.08448980201060       -2.70524000313213
N            0.50759148980321        2.08083779474889       -1.43346617376809
H            0.71166027223183       -0.79053075395224        0.24338199509005
H            1.23556615674134        0.83405777524479        0.75123674164228
H            2.02300734769573        0.04277464297501       -0.62679450852322
H           -0.79639712759684        0.89656570441983       -0.50529737181692
H           -0.45950284624179       -0.93809859558459       -2.35952259661810
H            0.75673365513377        2.92806245225166       -3.31471379324313
12
 energy: -17.734657226024 gnorm: 0.004404020897 xtb: 6.7.1 (edcfbbe)
C            1.07613386091692        0.17597401553827       -0.10759464699625
N            0.08789166591094        0.80220923649744       -1.01244645827333
C           -0.14546090293609        0.08708736674415       -2.32107759489554
N            0.09873281748577        0.86340654653233       -3.27145091551938
C            0.49129118425810        2.08075767798479       -2.70443975686427
N            0.49505814983218        2.08646501293746       -1.43096300407582
H            0.71249943553142       -0.79028083052698        0.23607533092857
H            1.24135702121000        0.83232654757441        0.74632111685119
H            2.01665560447267        0.04710623446377       -0.64139827307947
H           -0.80282873390815        0.89419029990508       -0.49708565267922
H           -0.45664751580700       -0.93884126611660       -2.35341908413995
H            0.76568741303325        2.92346915846588       -3.31224106125652
12
 energy: -17.734680482846 gnorm: 0.002556347892 xtb: 6.7.1 (edcfbbe)
C            1.07553358065617        0.17518712221361       -0.10925112857914
N            0.08553490804526        0.80499587364291       -1.01219220984610
C           -0.14338948756255        0.08798941215623       -2.31735888562884
N            0.10522376620512        0.85995144866483       -3.26969643482781
C            0.49112504559498        2.07998551693847       -2.70504225439617
N            0.48907290939423        2.08986044447106       -1.43287955425098
H            0.70932538257561       -0.79029520765464        0.23310104556876
H            1.24479129528483        0.83076688371624        0.74457417824802
H            2.01472491277727        0.04531813528940       -0.64501602894355
H           -0.80354989302319        0.89535051895189       -0.49309279689946
H           -0.45427252817109       -0.93872519786779       -2.35119282129012
H            0.76625010822339        2.92348504947782       -3.31167310915462
12
 energy: -17.734689181036 gnorm: 0.001808686612 xtb: 6.7.1 (edcfbbe)
C            1.07548453120522        0.17479998997529       -0.10969460700743
N            0.08283182997832        0.80532274370912       -1.01168056675364
C           -0.14269699020855        0.08810521130161       -2.31576166344499
N            0.11076756621921        0.85749539826388       -3.26981076991493
C            0.49214375271688        2.07991252376810       -2.70559935848491
N            0.48428058396862        2.09124216565868       -1.43333672620333
H            0.70856548301725       -0.79053287656587        0.23302748524858
H            1.24747478685395        0.83072042487091        0.74324199319331
H            2.01407959178474        0.04429932791775       -0.64763455669599
H           -0.80455249161247        0.89632779494547       -0.49022656765104
H           -0.45456963362973       -0.93841250059968       -2.35078475718167
H            0.76656098970659        2.92458979675475       -3.31145990510396
12
 energy: -17.734692637499 gnorm: 0.001384983586 xtb: 6.7.1 (edcfbbe)
C            1.07568073615772        0.17419381278628       -0.10897479030729
N            0.08301052795138        0.80401993160282       -1.01234054049788
C           -0.14074953593979        0.08782236526529       -2.31603180485952
N            0.11115738049955        0.85683696324804       -3.26959124223799
C            0.49210106363438        2.08050569092296       -2.70592109995350
N            0.48401690636088        2.09107013956530       -1.43425139594437
H            0.70660163914838       -0.78981473265713        0.23510508051004
H            1.24782726085096        0.83185378022630        0.74233888856889
H            2.01418807906561        0.04069798868844       -0.64621413323918
H           -0.80279781525933        0.89834343856555       -0.48954173438556
H           -0.45407097192648       -0.93806926631664       -2.35276258645493
H            0.76340472945676        2.92640988810280       -3.31153464119870
12
 energy: -17.734694601998 gnorm: 0.000496737650 xtb: 6.7.1 (edcfbbe)
C            1.07539395659151        0.17464653947062       -0.10961678263980
N            0.08174987235751        0.80326962744980       -1.01223009270772
C           -0.14102996558364        0.08741338181050       -2.31614367302702
N            0.11174546386504        0.85709033367517       -3.26965523194653
C            0.49200069262203        2.08073761447508       -2.70497063455135
N            0.48341081677296        2.09063982608898       -1.43294297076114
H            0.70764294083281       -0.78935710599297        0.23629972701850
H            1.24819230083527        0.83304190374898        0.74099038212618
H            2.01323895799000        0.04086204876174       -0.64808995939205
H           -0.80349453997450        0.89817677481174       -0.48873356066811
H           -0.45367747073733       -0.93839102964513       -2.35331231541093
H            0.76519697442835        2.92574008534550       -3.31131488804003
