28
 energy: -34.176507026543 gnorm: 0.051581538910 xtb: 6.7.1 (edcfbbe)
C            0.96142000000000       -0.03888000000000        0.30557000000000
C            0.45747000000000        0.57399000000000       -0.77494000000000
C           -1.00515000000000        0.76199000000000       -1.04822000000000
N           -1.49900000000000        2.21876000000000       -1.00448000000000
C           -0.76879000000000        3.05532000000000       -2.04279000000000
C           -0.06464000000000        4.22035000000000       -1.70799000000000
C            0.58808000000000        4.96951000000000       -2.69405000000000
C            0.54477000000000        4.56823000000000       -4.02530000000000
C           -0.15395000000000        3.41916000000000       -4.37716000000000
C           -0.80870000000000        2.67017000000000       -3.39500000000000
C           -2.99215000000000        2.27366000000000       -1.32470000000000
C           -1.31543000000000        2.75258000000000        0.41437000000000
H            0.33655000000000       -0.44977000000000        1.09371000000000
H            2.03686000000000       -0.16019000000000        0.42195000000000
H            1.15356000000000        0.93031000000000       -1.53271000000000
H           -1.25746000000000        0.34115000000000       -2.02810000000000
H           -1.60826000000000        0.21327000000000       -0.31274000000000
H            0.01045000000000        4.59420000000000       -0.69289000000000
H            1.13341000000000        5.87235000000000       -2.42224000000000
H            1.05450000000000        5.15369000000000       -4.78901000000000
H           -0.18973000000000        3.10749000000000       -5.41988000000000
H           -1.34535000000000        1.78546000000000       -3.72472000000000
H           -3.53016000000000        1.73103000000000       -0.54064000000000
H           -3.31019000000000        3.32128000000000       -1.34280000000000
H           -3.17902000000000        1.79337000000000       -2.28948000000000
H           -1.83466000000000        2.07833000000000        1.10397000000000
H           -0.25129000000000        2.78289000000000        0.66606000000000
H           -1.76571000000000        3.74849000000000        0.48210000000000
28
 energy: -34.182941017097 gnorm: 0.022710319091 xtb: 6.7.1 (edcfbbe)
C            0.94094917084597       -0.00824954298654        0.29331496843011
C            0.44742240212804        0.61277177227028       -0.76798871441818
C           -1.01423260642933        0.77823145770870       -1.04284465519418
N           -1.48243090667235        2.22464582828348       -1.01604309731864
C           -0.75731518844989        3.04962107651882       -2.04080369799944
C           -0.06450799297118        4.20568872183256       -1.70156432360052
C            0.57755896354217        4.95114438664933       -2.68377516943480
C            0.53478423461705        4.55536594827313       -4.00935196527024
C           -0.16230139752909        3.40948753566406       -4.35417564312887
C           -0.80772025846057        2.66262150281238       -3.37883415928296
C           -2.95250737902698        2.26694272509746       -1.32189085571458
C           -1.30792865980611        2.74199844387818        0.37870150576219
H            0.31989280069761       -0.42726963939512        1.07066120558273
H            2.00413853226316       -0.15705685539962        0.40254101653464
H            1.12835275756722        0.97151223674174       -1.53031417385240
H           -1.24995453510486        0.37170615953930       -2.03008390315087
H           -1.60545812206677        0.23027213787968       -0.30195577045845
H            0.00249191523397        4.56972808174277       -0.68838291168391
H            1.11468765243158        5.84773704339127       -2.40776682832205
H            1.03915532977303        5.13736283040434       -4.76895927573756
H           -0.20488379135854        3.09527337660210       -5.38763689049350
H           -1.34446434228955        1.78057937598585       -3.69842871157326
H           -3.50519829516095        1.73371627784461       -0.54857427434575
H           -3.27874940013380        3.30490451475395       -1.34783711995934
H           -3.15258509448275        1.80304286197004       -2.28459196305344
H           -1.82539027039089        2.07564997521606        1.06810247300637
H           -0.25178869972806        2.76469800878658        0.63684106931905
H           -1.74458681903812        3.73606375793462        0.45953186535785
28
 energy: -34.184404688131 gnorm: 0.007208479356 xtb: 6.7.1 (edcfbbe)
C            0.92724056528059       -0.00181076463641        0.27063537208464
C            0.44413480345293        0.63246129766434       -0.78047857249119
C           -1.01885357947744        0.79584472886313       -1.05038263558670
N           -1.48114069535192        2.22703783730154       -1.01754054323660
C           -0.75695095208392        3.03909830140800       -2.03216990378648
C           -0.06548676147092        4.18892166367451       -1.68869176302189
C            0.57136509937284        4.93172857076897       -2.67066941508858
C            0.52608738744350        4.53923195616342       -3.99456453511417
C           -0.17005667487774        3.39310977981550       -4.33560518351374
C           -0.81154423721395        2.64742378397899       -3.36320035131301
C           -2.92676309337038        2.27277498108271       -1.32686246228320
C           -1.29745688443344        2.73267842259509        0.35475365018505
H            0.30194723712735       -0.40880090125810        1.04715302833828
H            1.98563125542532       -0.11711828064683        0.41183010110876
H            1.11294347689996        1.03322949471382       -1.52971356060282
H           -1.24570398365076        0.39149952769034       -2.03825080601363
H           -1.59979058142079        0.24699337821521       -0.30674384892872
H            0.00022422199684        4.54272206227209       -0.67518125825971
H            1.10281457905764        5.82574364604462       -2.39027334521328
H            1.02399746865940        5.12069691548446       -4.75262285774668
H           -0.22027206242108        3.07697281061422       -5.36417682839997
H           -1.34760094258372        1.76515108190699       -3.67393710655921
H           -3.48626443290550        1.73923968150783       -0.56177950973144
H           -3.26113134983098        3.30712656058405       -1.35428732593999
H           -3.13257231143745        1.81830210600245       -2.29127643693822
H           -1.81746173307245        2.07491029006159        1.04711353976582
H           -0.24286044405056        2.74185011756944        0.61623955887983
H           -1.71704537506334        3.73117095055810        0.44857299940688
28
 energy: -34.184591232859 gnorm: 0.005369930628 xtb: 6.7.1 (edcfbbe)
C            0.92788466797232        0.03106057363882        0.27698795113760
C            0.44562806099789        0.66043847545873       -0.77797616778141
C           -1.02109199984295        0.79963667092433       -1.05402934903507
N           -1.48528142166526        2.22585948384702       -1.01673059356235
C           -0.75804287755024        3.03441984590774       -2.02889405941801
C           -0.06265345665383        4.18278741976828       -1.68487389464080
C            0.57353100005080        4.92491469182608       -2.66828734630746
C            0.52442637872746        4.53240387860986       -3.99260726634515
C           -0.17199274383278        3.38556819133808       -4.33348460453176
C           -0.81331320471085        2.64055454093096       -3.36024812588518
C           -2.92617806950531        2.27771211279725       -1.32897930881000
C           -1.29685935086773        2.72552943573865        0.35423995944445
H            0.29522410013627       -0.42379673490417        1.02349661364585
H            1.98479036339254       -0.11193543651483        0.40839665122323
H            1.10834343794078        1.06947405718836       -1.52811772261353
H           -1.24220908285662        0.38948107282864       -2.04078133144025
H           -1.59609326206255        0.24535127618437       -0.30990431029818
H            0.00585702632202        4.53301901283825       -0.67038427997373
H            1.10642548949375        5.81800805666326       -2.38612752122012
H            1.02045386288408        5.11394285416123       -4.75152997642007
H           -0.22385696278515        3.06699988254969       -5.36156947669147
H           -1.34977093489729        1.75723673590275       -3.66772328773546
H           -3.49118763296260        1.74133480434745       -0.56877524145652
H           -3.25865893374747        3.31396134471922       -1.35349026088039
H           -3.13069370879573        1.82841716010134       -2.29727033617484
H           -1.82177662890979        2.07247342045912        1.04886094092534
H           -0.24055061973576        2.72387026799919        0.61506503686571
H           -1.70492349653593        3.72946690469038        0.45262730797962
28
 energy: -34.184735054545 gnorm: 0.002603422301 xtb: 6.7.1 (edcfbbe)
C            0.93019283100136        0.02869126458151        0.26956743721287
C            0.44669527931717        0.66603699993255       -0.78126933298154
C           -1.02211906289441        0.79894464120368       -1.05588598351351
N           -1.48813530838247        2.22443670934877       -1.01569483362798
C           -0.75890054064910        3.03301010887199       -2.02783129383571
C           -0.05936773942010        4.18019217204642       -1.68446731632980
C            0.57748873493142        4.92146144507587       -2.66898547545807
C            0.52524280477502        4.52867908194530       -3.99355137354237
C           -0.17234598659940        3.38219498871673       -4.33458280873576
C           -0.81463793076930        2.63855382888250       -3.36026505733422
C           -2.93023905311873        2.28136708597852       -1.32840148060565
C           -1.29877100696482        2.72049766400020        0.35857719378100
H            0.29496155805335       -0.42573219082649        1.01376852213663
H            1.98914771099137       -0.08942690851484        0.41616269889340
H            1.10663123752991        1.09595934508118       -1.52364851997998
H           -1.24224262668945        0.38891737362517       -2.04299301358087
H           -1.59469769569365        0.23859890406378       -0.31372125548696
H            0.01229528299112        4.52880432956727       -0.66924516243882
H            1.11354707289049        5.81333889141979       -2.38637616090113
H            1.02100283456770        5.10996550128949       -4.75354454337464
H           -0.22425027786947        3.06173994011420       -5.36276413628598
H           -1.35215831619482        1.75495081375607       -3.66647988552393
H           -3.49916713368467        1.74252741910345       -0.57179992395496
H           -3.25930278516354        3.31949298456750       -1.34891265182659
H           -3.13371042342865        1.83673844998758       -2.29990717167337
H           -1.82881008064729        2.06978750554384        1.05270868529690
H           -0.24153112582352        2.71054562267007        0.61911976364972
H           -1.69938825305539        3.72791602796797        0.45831308002135
28
 energy: -34.184793336924 gnorm: 0.002093405701 xtb: 6.7.1 (edcfbbe)
C            0.93500007542286        0.03232409216340        0.26351153105209
C            0.44840853834985        0.67585486890127       -0.78196849777108
C           -1.02208965025550        0.79931302604660       -1.05717087823444
N           -1.49200807430875        2.22312803519078       -1.01514631021929
C           -0.76152204446704        3.03189873953777       -2.02716962437709
C           -0.05616583569600        4.17572624654830       -1.68394434424741
C            0.58292048334795        4.91495677591338       -2.66903855902961
C            0.52737792758940        4.52284254653140       -3.99362929769241
C           -0.17329908134837        3.37839619618785       -4.33489788357956
C           -0.81809292281803        2.63747421122946       -3.36012442054309
C           -2.93493595531223        2.28483504679070       -1.32814823998826
C           -1.30180671486090        2.71685702755238        0.36130932705651
H            0.29844461239315       -0.43471088309754        0.99860472694792
H            1.99488389567491       -0.06728431018907        0.42034027115181
H            1.10350424714660        1.12719273598815       -1.51596465748879
H           -1.24088313510029        0.38836144031832       -2.04426399113758
H           -1.59170110477665        0.23413376795236       -0.31619762979482
H            0.01950660589750        4.52145969928395       -0.66772386346812
H            1.12364913323434        5.80421254251623       -2.38612172322028
H            1.02372436485752        5.10324364790950       -4.75440425262624
H           -0.22572264526860        3.05673993253426       -5.36291920793696
H           -1.35804768338867        1.75486453138226       -3.66542075431578
H           -3.50554539654885        1.74252429209196       -0.57536298348145
H           -3.26083164189892        3.32434868937945       -1.34162097491034
H           -3.13882982567226        1.84711633209513       -2.30300245538271
H           -1.83937802349977        2.06856213261048        1.05213268359221
H           -0.24497880949241        2.69665422883959        0.62414946578274
H           -1.69415133920068        3.72716440779174        0.46208254386205
28
 energy: -34.184827784047 gnorm: 0.001528030522 xtb: 6.7.1 (edcfbbe)
C            0.94048020927954        0.03544441263890        0.25869316510657
C            0.44967601485590        0.68565194227118       -0.78048907473503
C           -1.02151871066583        0.80057950627194       -1.05706033444260
N           -1.49502953110636        2.22308007965398       -1.01488281069077
C           -0.76390434696100        3.03155341624700       -2.02716858117870
C           -0.05280764633862        4.17137204196582       -1.68360046428953
C            0.58875042651558        4.90844090409124       -2.66880766106792
C            0.53044445387744        4.51745242897905       -3.99345539273700
C           -0.17510715030955        3.37619461664159       -4.33510792222895
C           -0.82265697232966        2.63796641194602       -3.36029549771931
C           -2.93852410401070        2.28561622260864       -1.32774199811924
C           -1.30635185759473        2.71612521611677        0.36276084963460
H            0.30560736080020       -0.44492248003913        0.98606605905465
H            2.00023777569097       -0.05457521685873        0.41863519276734
H            1.10034102426479        1.15296930274184       -1.50757606073181
H           -1.23863788608205        0.38898303236818       -2.04435729496043
H           -1.58906785801961        0.23272799552777       -0.31661119231483
H            0.02574346096258        4.51493759057807       -0.66676533502495
H            1.13436271537095        5.79464981068827       -2.38586473695820
H            1.02909851726735        5.09592592657492       -4.75434211695730
H           -0.22848511087240        3.05446007525514       -5.36300322145180
H           -1.36635076338051        1.75756154916283       -3.66543279249825
H           -3.50885609722138        1.73915202704428       -0.57814144035698
H           -3.26353753824195        3.32542796494323       -1.33429968406357
H           -3.14243611693270        1.85434953259182       -2.30521661449887
H           -1.85086718709363        2.07049735977725        1.05053503877552
H           -0.25084253759101        2.68818569418090        0.62895592214988
H           -1.69233054413341        3.72838263603130        0.46246399953751
28
 energy: -34.184878823352 gnorm: 0.001981274098 xtb: 6.7.1 (edcfbbe)
C            0.95285044135118        0.03862716640079        0.24884368361855
C            0.45222967544849        0.70476617672474       -0.77528651184851
C           -1.01926539677376        0.80500771602987       -1.05386175771675
N           -1.50127524645694        2.22495039490364       -1.01440041712780
C           -0.76965168200722        3.03229483753845       -2.02748645612037
C           -0.04542780761114        4.16262044357891       -1.68247951650530
C            0.60286044157014        4.89419979805448       -2.66730678561697
C            0.53889407724859        4.50607868796835       -3.99230450854329
C           -0.18049517890560        3.37371432516763       -4.33512363520967
C           -0.83500331023514        2.64146927720208       -3.36079137915754
C           -2.94531973696833        2.28316933340423       -1.32767886312347
C           -1.31770088279672        2.72016704274286        0.36371495106403
H            0.32508044627856       -0.47210581965657        0.96144737311359
H            2.01253578989703       -0.03810906115349        0.40830496186145
H            1.09524422135823        1.20030753761847       -1.48895388273282
H           -1.23229113298997        0.39195494487826       -2.04157749262748
H           -1.58357915134476        0.23403206160005       -0.31363192778631
H            0.03911667952011        4.50196766209840       -0.66470203281007
H            1.15941344467849        5.77338748948414       -2.38450858634884
H            1.04397912686620        5.07950813433983       -4.75276201425970
H           -0.23813636379210        3.05428262126864       -5.36325925200089
H           -1.38844692376472        1.76736066319177       -3.66666454419786
H           -3.51249341786776        1.72578796989264       -0.58439857196062
H           -3.27390366532932        3.32165364045873       -1.32064374257887
H           -3.14745843217521        1.86385158789919       -2.30984862230737
H           -1.87595122586920        2.08157495357069        1.04676212055169
H           -0.26562145041182        2.67955986104430        0.63862607202082
H           -1.69275333891703        3.73611055374893        0.45786133835037
28
 energy: -34.184915130151 gnorm: 0.001534906325 xtb: 6.7.1 (edcfbbe)
C            0.96100108566079        0.03618362677084        0.24085562468375
C            0.45411761370066        0.71638686458471       -0.77086512791827
C           -1.01717503166448        0.80990258690181       -1.04958650240922
N           -1.50583091222568        2.22803020546273       -1.01352505725465
C           -0.77422638404911        3.03420903699355       -2.02712614063858
C           -0.03920547936407        4.15722442991345       -1.68098961756016
C            0.61478550164402        4.88414368138736       -2.66538014479830
C            0.54570362860963        4.49866597079699       -3.99100361540609
C           -0.18621883492875        3.37445302016957       -4.33478361730027
C           -0.84593351373888        2.64634350830233       -3.36086052242693
C           -2.94940378688575        2.27719488712728       -1.32833202825699
C           -1.32727158471214        2.72781760142300        0.36304324254361
H            0.34052379851939       -0.49182737572762        0.94636019731252
H            2.02186196667304       -0.03654018549818        0.39530033030756
H            1.09441232430303        1.22727505988083       -1.47590646201246
H           -1.22723784373993        0.39519173696018       -2.03732197209609
H           -1.57955978683148        0.23802507067108       -0.30867469280412
H            0.05001410130236        4.49409572935906       -0.66293381735099
H            1.18065768104858        5.75722343191627       -2.38221264948081
H            1.05715996665829        5.06713148158264       -4.75072054864807
H           -0.24862981015285        3.05812088582780       -5.36357258895461
H           -1.40738921879758        1.77772773351476       -3.66777864018899
H           -3.51307058543375        1.71025333635909       -0.58941138718865
H           -3.28660946624717        3.31278803326473       -1.31467870056874
H           -3.14781982524238        1.86297156894002       -2.31307649620096
H           -1.89263602347690        2.09575828671174        1.04616907168353
H           -0.27723049249526        2.68301842846375        0.64430533088710
H           -1.69735908813330        3.74642135794024        0.45059653204588
28
 energy: -34.184937382642 gnorm: 0.000849227801 xtb: 6.7.1 (edcfbbe)
C            0.96830985062619        0.03230290978005        0.23296890299220
C            0.45710570724583        0.72711571139604       -0.76643532128674
C           -1.01450299989600        0.81604011270461       -1.04410015324888
N           -1.51098251061977        2.23172027389614       -1.01257494171857
C           -0.77946867419382        3.03720717724023       -2.02650490353217
C           -0.03226916780838        4.15233819550855       -1.67955332977413
C            0.62825413987376        4.87396087742172       -2.66343868981722
C            0.55305180870537        4.49175116642899       -3.98981917658607
C           -0.19217548827420        3.37671072781547       -4.33462162486168
C           -0.85727364229524        2.65291908803817       -3.36099908019909
C           -2.95408371298602        2.26950905353020       -1.32907628999764
C           -1.33716297444240        2.73703251987901        0.36197615833469
H            0.35300199603106       -0.51349296076618        0.93039459224598
H            2.03091668267024       -0.03724651853690        0.38257775029834
H            1.09622555956527        1.25044588008116       -1.46391694069871
H           -1.22236540191885        0.39847209603792       -2.03119484049669
H           -1.57431116443879        0.24302614976054       -0.30198683027997
H            0.06265295221244        4.48651082076417       -0.66113306941072
H            1.20417040964531        5.74019000837950       -2.37916070940191
H            1.06966324783417        5.05595992949954       -4.74911504349798
H           -0.26073331512367        3.06405793508438       -5.36425871855147
H           -1.42670819164826        1.78989144988996       -3.66884464488759
H           -3.51324609453967        1.69368775388453       -0.59334777177336
H           -3.30214293280438        3.30149954834482       -1.31194240204129
H           -3.14816920897730        1.85666981911449       -2.31546609780304
H           -1.90719394980241        2.11072377524519        1.04651118775020
H           -0.28826761804069        2.69153632918209        0.64867399834975
H           -1.70486530659936        3.75765017039563        0.44227798989375
28
 energy: -34.184941447028 gnorm: 0.001087471637 xtb: 6.7.1 (edcfbbe)
C            0.97023561444227        0.02926728047307        0.22993188781287
C            0.45865025084905        0.73002408764626       -0.76491838295118
C           -1.01314777611986        0.81839354329302       -1.04236981221773
N           -1.51211677040080        2.23296542963534       -1.01207063940761
C           -0.78066735401647        3.03829418458399       -2.02608697722952
C           -0.02881944979374        4.15023543498687       -1.67886234208687
C            0.63333584567056        4.87043062113743       -2.66259100152327
C            0.55476476859354        4.49054247650047       -3.98948160340941
C           -0.19545746285476        3.37926637829521       -4.33474204207367
C           -0.86147064020864        2.65633619442349       -3.36108413304561
C           -2.95500822714210        2.26523200346895       -1.32946490194693
C           -1.34130003905645        2.74158614003125        0.36146998263521
H            0.35621999221472       -0.51444078576160        0.92739513621678
H            2.03280928195594       -0.04413958965619        0.37655290770271
H            1.09800669177112        1.25582009102220       -1.46024359861655
H           -1.22074698481235        0.39933248208576       -2.02905388561304
H           -1.57169357327220        0.24539869021544       -0.29930420897386
H            0.06812381604839        4.48344657325387       -0.66034206178753
H            1.21383584989313        5.73321635689420       -2.37736058359145
H            1.07383221410364        5.05290982894329       -4.74848332300137
H           -0.26635653434371        3.06799089107871       -5.36460411353625
H           -1.43426379095908        1.79573534686554       -3.66930800854043
H           -3.51222621628721        1.68826931080796       -0.59324717930974
H           -3.30739586967218        3.29560169293326       -1.31437638626676
H           -3.14754297870930        1.84963258096466       -2.31511113209962
H           -1.91087051307773        2.11607977986051        1.04697396254898
H           -0.29263566589583        2.69879030533750        0.64971523678297
H           -1.71066447891953        3.76197267067952        0.43895720352887
28
 energy: -34.184944679890 gnorm: 0.000329892166 xtb: 6.7.1 (edcfbbe)
C            0.97087809513281        0.02903331808872        0.22922118266646
C            0.45955743140368        0.73171422287233       -0.76443968993828
C           -1.01254441443110        0.81935069383994       -1.04145692784881
N           -1.51244673588019        2.23325322868930       -1.01199035604565
C           -0.78090241482858        3.03845268834361       -2.02599145760024
C           -0.02713249899373        4.14903303073951       -1.67858996956556
C            0.63539572683474        4.86885228783026       -2.66233879141858
C            0.55512529419713        4.49007941288004       -3.98944132097296
C           -0.19689936431051        3.38009278251132       -4.33490108934047
C           -0.86302278622009        2.65735940064462       -3.36116210399402
C           -2.95524748393656        2.26429488701890       -1.32983211352487
C           -1.34262292682585        2.74257533486717        0.36143633120669
H            0.35550037571966       -0.51899984254793        0.92382059256616
H            2.03353677478789       -0.04307394112747        0.37712805748236
H            1.09853537267869        1.25941151684989       -1.45907826517873
H           -1.21979848441980        0.39971011128886       -2.02800621967537
H           -1.57036736571938        0.24587407202794       -0.29817585631682
H            0.07106513971944        4.48138536831338       -0.65988547272664
H            1.21739241648177        5.73043994617299       -2.37674713185349
H            1.07407889289837        5.05244155362298       -4.74851093145974
H           -0.26924882531720        3.06948208945183       -5.36486227934124
H           -1.43694658072437        1.79747755007673       -3.66927519290636
H           -3.51242974201638        1.68865028278720       -0.59252670691654
H           -3.30800840583498        3.29450552845375       -1.31722636919383
H           -3.14733158800953        1.84630968067651       -2.31458846093260
H           -1.91195622398459        2.11691842127920        1.04714993756477
H           -0.29396461701653        2.70076578643840        0.65013902762721
H           -1.71276506138437        3.76280058790998        0.43802157763714
