21
 energy: -32.469246541158 gnorm: 0.075997442912 xtb: 6.7.1 (edcfbbe)
N            0.57266000000000       -0.19694000000000        0.26390000000000
N            0.44497000000000        1.14193000000000       -0.13785000000000
C           -0.03158000000000        1.50997000000000       -1.37604000000000
O            0.03114000000000        2.68245000000000       -1.74628000000000
C           -0.56372000000000        0.43001000000000       -2.29233000000000
N            0.54442000000000       -0.20406000000000       -3.03660000000000
C            1.29467000000000        0.53948000000000       -3.88555000000000
C            2.35207000000000       -0.03514000000000       -4.58130000000000
C            2.62647000000000       -1.38577000000000       -4.41136000000000
C            1.84042000000000       -2.13717000000000       -3.54805000000000
C            0.79910000000000       -1.52143000000000       -2.86357000000000
H            1.54125000000000       -0.34543000000000        0.58189000000000
H            0.02164000000000       -0.32623000000000        1.12507000000000
H            0.81402000000000        1.90229000000000        0.44069000000000
H           -1.13087000000000       -0.32379000000000       -1.73882000000000
H           -1.23912000000000        0.87210000000000       -3.03359000000000
H            1.04699000000000        1.59299000000000       -3.99460000000000
H            2.95956000000000        0.56850000000000       -5.25243000000000
H            3.45028000000000       -1.85138000000000       -4.95100000000000
H            2.03970000000000       -3.19740000000000       -3.40713000000000
H            0.16785000000000       -2.07521000000000       -2.17408000000000
21
 energy: -32.474109251903 gnorm: 0.033042162517 xtb: 6.7.1 (edcfbbe)
N            0.56422107951561       -0.18782427081249        0.24997093776704
N            0.45426248154305        1.15118908972289       -0.16548907713707
C            0.00737882421841        1.51984100111453       -1.39090141426264
O            0.04480219374545        2.67508094555771       -1.75356244875870
C           -0.54373115686663        0.41853017386872       -2.29176336016928
N            0.54732367875307       -0.21577310937489       -3.03230781856495
C            1.28632868933696        0.52852967585531       -3.87245607635438
C            2.33915512387129       -0.03210969138861       -4.57055157931937
C            2.62254184000120       -1.38199885311546       -4.40809020720175
C            1.84088312567398       -2.13313362597947       -3.54087003434764
C            0.80867551481226       -1.51992400098329       -2.85777098175642
H            1.52638623442438       -0.36658657250364        0.55603223931533
H           -0.01235818595985       -0.33627239545369        1.08657016813758
H            0.79529739730780        1.90971968241929        0.42312787751223
H           -1.08782645904587       -0.33375468068596       -1.71672211433224
H           -1.22667929508688        0.88556543153242       -3.01038118395891
H            1.03225579040019        1.57705597689924       -3.96862482663315
H            2.93015619713454        0.57801506467298       -5.23932154249437
H            3.43881506453362       -1.84174713585688       -4.94945253623970
H            2.03149097426358       -3.18732931217149       -3.39884205752210
H            0.18254088742383       -2.06730339331722       -2.16762396367953
21
 energy: -32.475551337349 gnorm: 0.012056209315 xtb: 6.7.1 (edcfbbe)
N            0.54307417957924       -0.18319993176161        0.22956876454343
N            0.46828506324185        1.15762537606641       -0.18812563930763
C            0.02570419389957        1.53846958409554       -1.39489309304924
O            0.07528505345731        2.67677170535663       -1.77551507767454
C           -0.52870785748138        0.40776829142533       -2.28741702043323
N            0.54769326288540       -0.22512151265306       -3.02210865729659
C            1.27663034645251        0.52116529224135       -3.86025081981151
C            2.32676595066164       -0.02803751781777       -4.56423835118383
C            2.62032780819548       -1.37754748578990       -4.40738401672681
C            1.84664596768203       -2.13026570035928       -3.53276197680933
C            0.81855536828474       -1.52086486193105       -2.84665277170953
H            1.49948979266448       -0.39965309735062        0.51739147661062
H           -0.05022947200719       -0.33465981373441        1.04761787255449
H            0.80056246212729        1.90803563381016        0.41193555623616
H           -1.05435367403382       -0.33454320374795       -1.68593738349862
H           -1.21891997532805        0.88526920824983       -2.99019322883548
H            1.01296976534906        1.56589479225814       -3.94833922446403
H            2.90466304009718        0.59021788649258       -5.23106609475963
H            3.43167792779543       -1.83138899301949       -4.95233698108063
H            2.03633452985809       -3.18014136660885       -3.38631905261618
H            0.19946626661913       -2.06602428522200       -2.15200428068791
21
 energy: -32.475926215148 gnorm: 0.006726042261 xtb: 6.7.1 (edcfbbe)
N            0.52551961912246       -0.18308259922598        0.21781526939973
N            0.48285161687856        1.15974188364681       -0.19547259979960
C            0.04746148543283        1.54777790671556       -1.40094072816660
O            0.09917061316914        2.68189858105714       -1.79496325151066
C           -0.52408658744154        0.40393896381579       -2.28288437878206
N            0.54533143833735       -0.22800453775027       -3.01713208338053
C            1.26873111986163        0.51936359825667       -3.86011668137092
C            2.31906424854122       -0.02585606365376       -4.56669621051476
C            2.61933324908649       -1.37415251388911       -4.40871547891471
C            1.85354198800855       -2.12795742312207       -3.52748356857043
C            0.82529672559552       -1.52164536355676       -2.83755793969988
H            1.47498164726257       -0.42462660211056        0.50366013741079
H           -0.08190063301996       -0.32955416517079        1.02437861455805
H            0.80796630832295        1.90376343786848        0.41816473563620
H           -1.03902962389418       -0.32875886111817       -1.66098455310460
H           -1.22331422618975        0.87756186406181       -2.97797813352004
H            1.00003484151507        1.56309895823164       -3.94595254326224
H            2.89069335756626        0.59613439607482       -5.23535028349024
H            3.42891439688838       -1.82582005774991       -4.95780414212183
H            2.04806078565842       -3.17657748035370       -3.37679173593505
H            0.21329762929800       -2.06747392202765       -2.13622444486066
21
 energy: -32.476144637265 gnorm: 0.005244612400 xtb: 6.7.1 (edcfbbe)
N            0.49935628923041       -0.18370071805521        0.20979457094954
N            0.49821925738411        1.16096751694998       -0.19736154164023
C            0.06330514071003        1.55527675363926       -1.40230628742750
O            0.13402893767895        2.68243125627761       -1.81567538161558
C           -0.52105319064827        0.40257190620859       -2.27651187409187
N            0.54355540533387       -0.22902575541191       -3.01298321203360
C            1.25967533367292        0.51853444885526       -3.86534129900564
C            2.30984545966714       -0.02422481947380       -4.57466627433450
C            2.61842019798029       -1.36998563663743       -4.41168378210836
C            1.86383710962889       -2.12387416249512       -3.52112090746523
C            0.83451061740054       -1.52118295620316       -2.82736030857529
H            1.44062907858614       -0.45599045974965        0.49391224212068
H           -0.11859088164555       -0.31686179403626        1.00902691239794
H            0.82803073740578        1.89542539806757        0.42601519907822
H           -1.02682660599597       -0.32095515465661       -1.63800103879648
H           -1.22939450611681        0.86868135465957       -2.96608714160497
H            0.98355248220415        1.56059829792674       -3.95383090861602
H            2.87434455746084        0.59979029526581       -5.24861744036571
H            3.42748924293786       -1.81985017216585       -4.96461379397698
H            2.06741752198480       -3.17095845304495       -3.36416047491508
H            0.23156781513987       -2.06789714592048       -2.11745725797341
21
 energy: -32.476251930275 gnorm: 0.004810283411 xtb: 6.7.1 (edcfbbe)
N            0.48005385909236       -0.18451411541437        0.21214493754088
N            0.50780816185852        1.15931719087022       -0.19561973303676
C            0.07631611523847        1.55482584700794       -1.40310969131042
O            0.16096391820522        2.67788811656545       -1.82524647833436
C           -0.51918911862746        0.40290799583359       -2.27247532245107
N            0.54308996356113       -0.22838406266996       -3.01340453506116
C            1.25250057672897        0.51822274068208       -3.87397208388103
C            2.30226666688474       -0.02390406287362       -4.58475523795094
C            2.61785603650536       -1.36705563120975       -4.41517093205326
C            1.87154970078048       -2.11977759771388       -3.51717874894527
C            0.84153998496241       -1.51892518657502       -2.82201899515248
H            1.41385740716085       -0.47476254444150        0.50048455068820
H           -0.14464063259974       -0.30370568074514        1.00865345775365
H            0.84308764394911        1.88818166452359        0.43134168992196
H           -1.02017618916568       -0.31826454997209       -1.62890211075158
H           -1.23245676711289        0.86591500020347       -2.95880434538691
H            0.97119788584333        1.55885580949099       -3.96624347311702
H            2.86157969302719        0.59948472331073       -5.26432874102844
H            3.42727921675083       -1.81612154527933       -4.96935371772447
H            2.08249367402393       -3.16524347900920       -3.35512796644650
H            0.24494220293288       -2.06517063258425       -2.10594252327309
21
 energy: -32.476409325322 gnorm: 0.004522590726 xtb: 6.7.1 (edcfbbe)
N            0.45129789170876       -0.18567179984370        0.22344107011544
N            0.51965212816860        1.15441490494391       -0.19213936636991
C            0.09429301747868        1.54951944457519       -1.40376891535005
O            0.20282311523775        2.66708539571646       -1.83538532597362
C           -0.51623413716067        0.40372269702541       -2.26751017883483
N            0.54260954780941       -0.22717575043211       -3.01716481116235
C            1.24090914677030        0.51749117292874       -3.88951349641306
C            2.29045478676490       -0.02363401402904       -4.60156536746520
C            2.61757734653777       -1.36245155253520       -4.42073018895912
C            1.88273964045623       -2.11299654462668       -3.51210256216166
C            0.85162507315803       -1.51436012504234       -2.81655897962456
H            1.37415160446110       -0.50011917682407        0.51967101887882
H           -0.18036404012428       -0.28048497222837        1.01875812789135
H            0.86661244330701        1.87706546254075        0.43473160668101
H           -1.01226706279954       -0.31815893784193       -1.62247086656723
H           -1.23404718532274        0.86670787949924       -2.94903401105883
H            0.95200253938559        1.55566190465177       -3.98812960701166
H            2.84174600502148        0.59755422677766       -5.29022608926271
H            3.42843142868583       -1.81009266642225       -4.97477996552921
H            2.10439364248870       -3.15541704548475       -3.34235484676458
H            0.26351306796706       -2.05889050334875       -2.09219724505813
21
 energy: -32.476638711363 gnorm: 0.006425254889 xtb: 6.7.1 (edcfbbe)
N            0.40594774044921       -0.18740172145217        0.24757669949260
N            0.53523644062170        1.14399321750492       -0.18683223189033
C            0.12433306580766        1.53807444339424       -1.40505740122147
O            0.27243641280646        2.64739849619308       -1.84823086063933
C           -0.51026392557346        0.40477658157501       -2.26149797258672
N            0.54159056843311       -0.22588980279795       -3.02552535956455
C            1.22114427439443        0.51534802328617       -3.91566779909161
C            2.27073811926801       -0.02338966998154       -4.62942379776672
C            2.61762332401711       -1.35489129667250       -4.43021416725907
C            1.90031275015719       -2.10196794643331       -3.50483355624595
C            0.86745231001110       -1.50658679199139       -2.80966262631308
H            1.31180758787154       -0.53728537426938        0.55700847031489
H           -0.23497069638356       -0.24260939753841        1.04140200490608
H            0.90143533682539        1.85967569322754        0.43621482898017
H           -1.00060986300689       -0.32011040071235       -1.61625453773447
H           -1.23287859518170        0.87336629966148       -2.93417201343252
H            0.91993667124185        1.54915537763682       -4.02438479852785
H            2.80838284739521        0.59390908049788       -5.33263828569955
H            3.43130675169072       -1.79958917180242       -4.98262322291464
H            2.13850541679758       -3.13874674958637       -3.32202249999766
H            0.29245346235734       -2.04745888973944       -2.07219087280839
21
 energy: -32.476905974752 gnorm: 0.009454996494 xtb: 6.7.1 (edcfbbe)
N            0.35127471205386       -0.18881014513233        0.28211500785606
N            0.54768419133528        1.12770992645548       -0.17745731655270
C            0.16305854864456        1.52120549955668       -1.40482047468073
O            0.36203232278799        2.61994200466394       -1.85797121384315
C           -0.50076521037584        0.40672999387122       -2.25674346002432
N            0.54054553996507       -0.22465576303501       -3.03783393374960
C            1.19582068662824        0.51102958733903       -3.95005608179536
C            2.24541285841793       -0.02465779311243       -4.66602279288935
C            2.61783579479435       -1.34615560529446       -4.44349685948040
C            1.92234291100895       -2.08805259886971       -3.49666410622514
C            0.88771370496944       -1.49616942369592       -2.80217262268606
H            1.23576001150321       -0.57431804360385        0.60937748725639
H           -0.29868836795162       -0.19768454157100        1.07255516585784
H            0.93745052418564        1.83716934237366        0.43838262031107
H           -0.98751920050898       -0.32188073003723       -1.61300352324515
H           -1.22642862217632        0.88792398815173       -2.91725925568476
H            0.87917296155877        1.53880097553547       -4.07195573776761
H            2.76488228665915        0.58691810161773       -5.38793852187465
H            3.43480400248383       -1.78707912222986       -4.99354428829370
H            2.18050303385142       -3.11690898344124       -3.29652982668376
H            0.32902731016505       -2.03128666954203       -2.04799026580513
21
 energy: -32.477199010153 gnorm: 0.009549860257 xtb: 6.7.1 (edcfbbe)
N            0.29873496329587       -0.18700950977063        0.32002328441180
N            0.55089377992396        1.11018800829679       -0.16286539521241
C            0.20264634812387        1.50282738862005       -1.40078532384602
O            0.45141370666021        2.58956752719610       -1.85900075989858
C           -0.48772885599484        0.40937990054384       -2.25417593704667
N            0.54099624114223       -0.22381999207451       -3.05093425252645
C            1.17110265412777        0.50427094814535       -3.98553738307500
C            2.21975753751992       -0.02887534996115       -4.70484077438852
C            2.61758084988566       -1.33920864789800       -4.45998383856193
C            1.94456399689368       -2.07432197989481       -3.49077821014408
C            0.90970868112788       -1.48506549248404       -2.79558835313985
H            1.16202756473107       -0.59995993498205        0.66667167807879
H           -0.35853063335462       -0.15649823248657        1.10344244187448
H            0.96248759760171        1.81548284384875        0.44410623619456
H           -0.97515138898553       -0.32211179315223       -1.61347540101892
H           -1.21324712058546        0.90810181450187       -2.90173778720945
H            0.83916581468184        1.52523280985694       -4.12118023822500
H            2.71972523967430        0.57568889115652       -5.44605245463550
H            3.43656805287350       -1.77669654117422       -5.00880113719233
H            2.22157945049163       -3.09430354420357       -3.27314577190380
H            0.36762552016536       -2.01309911408461       -2.02439062253539
21
 energy: -32.477519869024 gnorm: 0.007687985403 xtb: 6.7.1 (edcfbbe)
N            0.23867287568917       -0.17966266294279        0.36076828939310
N            0.55023667892502        1.09481562241667       -0.14342740533195
C            0.24758532854918        1.48527983898984       -1.39229179750407
O            0.55131990696350        2.55528053656352       -1.85779804606469
C           -0.46945249341443        0.41061271400997       -2.25070171089652
N            0.54319901790947       -0.22467317580738       -3.06235564207683
C            1.14466167388202        0.49406138065931       -4.02166012078983
C            2.19084927647536       -0.03568685545784       -4.74749686074862
C            2.61632330854398       -1.33283127041075       -4.48217490862535
C            1.97012211740479       -2.05996958127030       -3.48784689684916
C            0.93724411514081       -1.47400612223570       -2.78785147920028
H            1.07965037580260       -0.62561604472270        0.72677380559386
H           -0.42891011349754       -0.11113085245498        1.13097817430779
H            0.98372997738759        1.79587594645446        0.45429460710814
H           -0.96044790013540       -0.32028036315350       -1.61052137366385
H           -1.19340761115241        0.92973922693919       -2.88336171201324
H            0.79532419668054        1.50669537235664       -4.17155212506150
H            2.66757703114440        0.56166996664622       -5.50916489170596
H            3.43507368433767       -1.76636856722164       -5.03352203158161
H            2.26729515327043       -3.06964957942705       -3.25261095197494
H            0.41527340009323       -1.99438552993145       -1.99750692231485
21
 energy: -32.477769473403 gnorm: 0.008950761904 xtb: 6.7.1 (edcfbbe)
N            0.18623653684474       -0.16589232368025        0.40162277425464
N            0.53667887303340        1.08267100886146       -0.11466522789904
C            0.29062241219217        1.46711546891361       -1.37604139620376
O            0.64009905307814        2.51803520573122       -1.84177587116842
C           -0.44522957426558        0.41164591519514       -2.24837535266907
N            0.55033474703837       -0.22602616180828       -3.07166251629018
C            1.12400414218564        0.48094029000951       -4.05420699742164
C            2.16387566037226       -0.04775218818345       -4.79086234021701
C            2.61305022499714       -1.33153753233485       -4.51107477982355
C            1.99397234055830       -2.04856794375338       -3.49266800598963
C            0.96735506003658       -1.46378866913964       -2.78324183306412
H            1.00503047349827       -0.62474122206192        0.79086624212032
H           -0.49337229029958       -0.07097969079149        1.15244429285080
H            0.98171821099770        1.78191522480231        0.47676523190516
H           -0.94624267357923       -0.31667652344585       -1.61130795068327
H           -1.16326878468750        0.95443127781465       -2.86693788923231
H            0.75925466330145        1.48479501930166       -4.21733727543004
H            2.61673577394916        0.54109499693619       -5.57212054513726
H            3.42730926348437       -1.76323065807140       -5.06991915677902
H            2.30801020975829       -3.04810852730230       -3.24366329941111
H            0.46574567750590       -1.97557296699329       -1.97486810371190
21
 energy: -32.477904678008 gnorm: 0.016520940091 xtb: 6.7.1 (edcfbbe)
N            0.09650126890176       -0.15080593590043        0.45369006224229
N            0.54052565354938        1.06923504723604       -0.08567157099995
C            0.35619913960952        1.44565396554818       -1.36094233594957
O            0.78623403991934        2.46791171282781       -1.84529673181125
C           -0.41701482083054        0.40947686813389       -2.23853654216009
N            0.55600722180129       -0.22907969984800       -3.08186570769949
C            1.08856318300111        0.46594296775152       -4.09889924282656
C            2.12187236367609       -0.05775588129016       -4.84960693304352
C            2.60918840322306       -1.32374659816927       -4.54718765523894
C            2.03144350586042       -2.03062183074976       -3.49436695703689
C            1.01013275687472       -1.45158223506150       -2.77268621710372
H            0.88173617190621       -0.65805820196348        0.87142731757915
H           -0.60604358663718        0.00185483753786        1.18120751634431
H            1.00951023230534        1.76032205671833        0.49989074855606
H           -0.92233609688267       -0.31379300434852       -1.59793798878377
H           -1.13467770259780        0.97557590316801       -2.83663523502002
H            0.69905945339344        1.45816357113511       -4.27894172346439
H            2.54066476474283        0.52341912290972       -5.65757689456724
H            3.41972287520634       -1.75042917522481       -5.11566167578636
H            2.37461240210310       -3.01698072879080       -3.22563349386636
H            0.54001877087417       -1.95493276162019       -1.93779873936422
21
 energy: -32.478114789608 gnorm: 0.007219522690 xtb: 6.7.1 (edcfbbe)
N            0.11107009958427       -0.14780493456395        0.44006914907014
N            0.54229356290751        1.07926463991400       -0.08896016793825
C            0.34389892121634        1.45149096958526       -1.35901721841283
O            0.74981729286301        2.47631397857554       -1.83863565927056
C           -0.41725059201132        0.40820598158833       -2.23621283663034
N            0.55948415587119       -0.22884815776527       -3.07687223184772
C            1.09912746739156        0.46796039975401       -4.08660597067030
C            2.12964724798592       -0.05842486530729       -4.83894674791912
C            2.60794130628904       -1.32841636583055       -4.54562635253861
C            2.02471142974954       -2.03636828145707       -3.50001650982681
C            1.00551046946420       -1.45524743907048       -2.77694734462329
H            0.90052370201690       -0.64605960788318        0.85710672335908
H           -0.59252230954841       -0.00620960559756        1.16656337328147
H            0.99763359370147        1.77095655228162        0.50472808539810
H           -0.92048731362581       -0.31568394397309       -1.59548247646875
H           -1.13624639308492        0.96668164242665       -2.83797847837216
H            0.71442322782761        1.46216429861306       -4.26174104531782
H            2.55362659134210        0.52405177654565       -5.64108404330094
H            3.41589727583513       -1.75767719093050       -5.11634206365016
H            2.36171817063220       -3.02600062214697       -3.23906472614817
H            0.53110209359243       -1.96057922475865       -1.94796345817348
21
 energy: -32.478275459209 gnorm: 0.007258770385 xtb: 6.7.1 (edcfbbe)
N            0.08829146903821       -0.13694351191630        0.45267823949737
N            0.52968726933309        1.08128293087441       -0.06951238922518
C            0.35985513793573        1.44393712206775       -1.34846580084851
O            0.79382287170845        2.45786537824474       -1.83295466447954
C           -0.40338393364890        0.40765163215770       -2.22958600272662
N            0.56896067339130       -0.22883516379624       -3.07667222544534
C            1.09545637786105        0.46343508704903       -4.09584063970085
C            2.11745553709677       -0.06531293406564       -4.85831517573447
C            2.60279117875647       -1.33161929632029       -4.56405340143941
C            2.03477806913994       -2.03448976585155       -3.50757772724333
C            1.02189196025192       -1.45238994986799       -2.77674471891718
H            0.86547339309786       -0.62642372359342        0.88717249195574
H           -0.62116088376628        0.00919751674093        1.16714677427751
H            0.98183846275610        1.76993503844564        0.52961414049767
H           -0.90937041638129       -0.31768779360514       -1.59355172733115
H           -1.11986946670148        0.97177574949065       -2.82820115365702
H            0.70501987509436        1.45443040740294       -4.27415181767164
H            2.52932618752520        0.51286119178293       -5.66993458222885
H            3.40506920775378       -1.76243592459481       -5.14215762500225
H            2.37804598852054       -3.02163026530258       -3.24684094844343
H            0.55794104123710       -1.95483372534329       -1.94108104613408
21
 energy: -32.478575078306 gnorm: 0.006248951654 xtb: 6.7.1 (edcfbbe)
N            0.02285146620626       -0.11401634398077        0.48681932065984
N            0.52492715814533        1.08365140718826       -0.03784709231581
C            0.41019750971493        1.42704129708573       -1.33154252683803
O            0.89092471153737        2.41534121589847       -1.82459656975177
C           -0.37202100598173        0.40439127801751       -2.21460308153455
N            0.58510202546018       -0.23055785509436       -3.08021653916300
C            1.07915662131206        0.45273975018626       -4.12291494629528
C            2.08633099158337       -0.07750450933759       -4.90496194939504
C            2.59294341706090       -1.33391627087522       -4.60469738561844
C            2.06122848316008       -2.02700794399354       -3.52156467563267
C            1.06014538179172       -1.44554599662967       -2.77399810878496
H            0.76839359264283       -0.62073592174437        0.96165819593850
H           -0.71159685029821        0.06629030069196        1.17225966007018
H            0.97546128999792        1.76524071735528        0.57004034897047
H           -0.87697087218883       -0.32191979891291       -1.57898895089437
H           -1.09147622614396        0.98033462872219       -2.79893429301697
H            0.67426809013480        1.43644257868267       -4.30696095833444
H            2.47077341893473        0.49322858790145       -5.73628227023318
H            3.38502415051121       -1.76529139599179       -5.19745421127459
H            2.42319963421809       -3.00679254664418       -3.25542153667218
H            0.62305701220080       -1.94164317852600       -1.91882242988435
21
 energy: -32.478750441203 gnorm: 0.014281245849 xtb: 6.7.1 (edcfbbe)
N           -0.05319072717512       -0.08118064060788        0.51895869457206
N            0.52059960087707        1.09505984771161       -0.00648778763303
C            0.45929327580291        1.40981480547047       -1.31106521659172
O            0.99657879013948        2.36544050690947       -1.81936185438763
C           -0.33547667319643        0.39499993938232       -2.19251206473051
N            0.60780637151738       -0.23427262416357       -3.07782469167488
C            1.06708602489491        0.44292282097040       -4.13995937316924
C            2.05362431864075       -0.08882984142031       -4.94839772853523
C            2.57908078662315       -1.33785805783687       -4.65251301118832
C            2.08799900432357       -2.02252353385579       -3.54526956420432
C            1.10462359537550       -1.44196736476300       -2.77316037586217
H            0.65612647474333       -0.60767520725043        1.03727006321823
H           -0.81471553844602        0.13929385106106        1.16903809272518
H            0.97211196155820        1.76874686875655        0.60946340994419
H           -0.83357178105444       -0.33457576246205       -1.55549992419788
H           -1.06176209517009        0.97706829611896       -2.76245505262661
H            0.64833324059379        1.42052676310152       -4.32263713335249
H            2.40772842705677        0.47592739094024       -5.79691560904603
H            3.35390444938698       -1.77098565889903       -5.26812005862858
H            2.46800215959233       -2.99628995489074       -3.28097628717066
H            0.69773833391578       -1.93387244427367       -1.90060452746110
21
 energy: -32.478926078558 gnorm: 0.008201661891 xtb: 6.7.1 (edcfbbe)
N           -0.06101584261596       -0.07064412242766        0.52047337710375
N            0.51453096950191        1.10421775434360       -0.00220507541987
C            0.46307936774705        1.40823049406604       -1.30920028695023
O            0.99720381092317        2.35928596034032       -1.81535342898870
C           -0.32745974690492        0.39057644842350       -2.18635977225198
N            0.61699939372590       -0.23544748823179       -3.07457688511043
C            1.07348236583342        0.44487059663354       -4.13383466860162
C            2.05239459614140       -0.08875200126514       -4.94949576837361
C            2.57284105143929       -1.34221992086580       -4.66357335241091
C            2.08758582311822       -2.02758017645465       -3.55580937954940
C            1.11124383153228       -1.44556374898518       -2.77645380769276
H            0.64364852304046       -0.59291930383009        1.04514905135034
H           -0.82522809499687        0.15148194374950        1.16308653809587
H            0.96375673474688        1.77814739287331        0.61456775116742
H           -0.81908237233249       -0.34291810873877       -1.54869710538981
H           -1.05957799001699        0.96694481719848       -2.75566431433171
H            0.65877834480534        1.42546829105069       -4.30702673911549
H            2.40412132876371        0.47705310585808       -5.79631314371678
H            3.34004563127729       -1.77788031707131       -5.28615693255915
H            2.46586588820489       -3.00374916822200       -3.29802063688341
H            0.70870638606581       -1.93883244844544       -1.90356542037226
21
 energy: -32.479171312991 gnorm: 0.008435639222 xtb: 6.7.1 (edcfbbe)
N           -0.10284808098830       -0.04255443964747        0.54848030005568
N            0.49232935527052        1.11340792149560        0.02069681771419
C            0.48995586792807        1.39295939849392       -1.29670399165381
O            1.05890203684854        2.32375652629166       -1.80355967412484
C           -0.30149914003919        0.38124128736550       -2.17366315946515
N            0.63779138001338       -0.23895023667587       -3.07271556248916
C            1.07504166690335        0.44277453984041       -4.13814460457350
C            2.03675641414300       -0.09236722075855       -4.97301252678296
C            2.55942974057394       -1.34795695327315       -4.69832589917194
C            2.09906382803004       -2.03066799225142       -3.57749597274029
C            1.13814028552921       -1.44764388641521       -2.78092097621373
H            0.58129930980875       -0.56213870729026        1.09605511664361
H           -0.87646038820718        0.19766315212515        1.16827201261019
H            0.94800825628150        1.78711863711918        0.63161468178915
H           -0.78702030208142       -0.35831050556111       -1.53792766312905
H           -1.03973974365370        0.95817324435539       -2.73595568545974
H            0.65838772580723        1.42477392192152       -4.30221299506230
H            2.36952564142266        0.47139013807895       -5.83000031742452
H            3.31002205699903       -1.78679504998731       -5.33760572847620
H            2.48217799126517       -3.00633964060399       -3.32552616948372
H            0.75265609814512       -1.93976413462382       -1.90037800256271
21
 energy: -32.479472400481 gnorm: 0.009878017324 xtb: 6.7.1 (edcfbbe)
N           -0.15588966811541        0.00214078623448        0.58087057289618
N            0.47160037833773        1.13190445816328        0.03966893896284
C            0.51799131697189        1.37371992621937       -1.27954784553596
O            1.13794366065569        2.27445370283132       -1.79183567543151
C           -0.26944577116199        0.36060441067686       -2.15317207712548
N            0.66440996236033       -0.24776935881675       -3.06641178337814
C            1.08071151949595        0.44202367591557       -4.13249063420566
C            2.01941934653204       -0.09170207987282       -4.99360511359301
C            2.53973315814078       -1.35437173890880       -4.74372674024503
C            2.10894414638678       -2.03936426875320       -3.61487898270232
C            1.17000985893183       -1.45739173049363       -2.79221948379825
H            0.49894792350512       -0.51751484320579        1.15974135857120
H           -0.94625699806747        0.27258831001057        1.16612003872510
H            0.93733299463644        1.80669951655900        0.64047806808357
H           -0.74158309182209       -0.38587261532769       -1.51464441691488
H           -1.02036883442306        0.93031224199519       -2.70622408960547
H            0.66622338048268        1.42914062090061       -4.27562913215063
H            2.33311563239127        0.47539431722118       -5.85243100759675
H            3.26633435968440       -1.79611025328974       -5.40716777269552
H            2.49588014062197       -3.01679986530748       -3.37663318722021
H            0.80686658445476       -1.95231521275251       -1.90529103504089
21
 energy: -32.479666259319 gnorm: 0.013042903018 xtb: 6.7.1 (edcfbbe)
N           -0.22800036797359        0.05512342048160        0.62785925345798
N            0.45234961876001        1.15010136097505        0.06670405390494
C            0.56771844145462        1.34849653881202       -1.25967920099219
O            1.23719751434509        2.21436959369576       -1.77254796897235
C           -0.22697279039780        0.33788811653583       -2.12949744904227
N            0.69315963287583       -0.25973246649123       -3.06442278012385
C            1.08164878004246        0.43722836952492       -4.13800132135846
C            1.99565658417598       -0.09290623094254       -5.02848082120922
C            2.51848473004339       -1.35998907922566       -4.80005147756450
C            2.12551906434304       -2.04709335951166       -3.65639883161692
C            1.20996991306777       -1.46799300344740       -2.80482451238263
H            0.38674494123203       -0.46940052529011        1.25379469500073
H           -1.04224631769910        0.36455016307221        1.16805391593086
H            0.92726687905978        1.82574150168783        0.65967037807916
H           -0.68543676063155       -0.41368509317544       -1.48587436686696
H           -0.99321658471062        0.90493581300704       -2.66599346172451
H            0.66591821904377        1.42742147932615       -4.26392693639853
H            2.28202783750686        0.47705146213263       -5.89773780154422
H            3.21987912777421       -1.80274015977502       -5.49028033221610
H            2.51975131391840       -3.02463460217637       -3.43035943908777
H            0.87450022376897       -1.96496329921671       -1.90703559527411
21
 energy: -32.479977754714 gnorm: 0.004164327840 xtb: 6.7.1 (edcfbbe)
N           -0.23229963244154        0.06683628097988        0.62699935989988
N            0.45771452246234        1.15088278928680        0.06593734795878
C            0.57298532157594        1.33866989876734       -1.25771423772740
O            1.24079774665831        2.19901977185811       -1.77201788946387
C           -0.22679832202121        0.32823667074712       -2.12558738602998
N            0.68620919462559       -0.26848858100507       -3.06631816683187
C            1.07838156716920        0.43452365998740       -4.13578191999031
C            1.99538172028970       -0.08868624954768       -5.02616339217273
C            2.52199766370712       -1.35324946682847       -4.80022005000045
C            2.12379505861861       -2.04935599081435       -3.66405843302128
C            1.20482937235925       -1.47735185716264       -2.81214865177910
H            0.37796385258945       -0.44992815440782        1.25875769321042
H           -1.03951589067546        0.38727018327117        1.16252560366959
H            0.93132436514116        1.82927125149817        0.65842704381078
H           -0.68359742841886       -0.42140350408420       -1.47937695131910
H           -0.99446342691765        0.89681429041358       -2.65591033929474
H            0.66031981551382        1.42260612351240       -4.26085476456657
H            2.28888383387208        0.48909595178188       -5.88795911569350
H            3.22904434122118       -1.78846643482073       -5.48880602050645
H            2.52108958907298       -3.02644841663279       -3.44099151768110
H            0.86787673559752       -1.98007821680115       -1.91776821247191
21
 energy: -32.480194846891 gnorm: 0.004114012617 xtb: 6.7.1 (edcfbbe)
N           -0.24117750557138        0.08856864262527        0.63298922676485
N            0.46735640319199        1.15382904655726        0.06345290650923
C            0.58133964072925        1.32553634024643       -1.25924634047731
O            1.25372260394161        2.17478399270757       -1.78198486673212
C           -0.22728299529875        0.31106052918391       -2.11923857832920
N            0.67657614128654       -0.28254206959211       -3.06811955980407
C            1.07269101850294        0.43108426946214       -4.13034761940447
C            1.99752236631344       -0.07904138136634       -5.01966577189951
C            2.52906825826460       -1.34192598373436       -4.80099229336176
C            2.12277438135355       -2.05312380690149       -3.67695443290760
C            1.19773788580900       -1.49295781731677       -2.82422983553390
H            0.35962762472324       -0.42553843685074        1.27286621706924
H           -1.04302547591109        0.42619017245691        1.16009956004055
H            0.94250154229837        1.83592386853101        0.65185673522228
H           -0.67951664742591       -0.43726263972796       -1.46880006941200
H           -0.99880647139003        0.88167767288134       -2.63997594304186
H            0.64944335649166        1.41638992096283       -4.25263697167694
H            2.29695004923214        0.50979348272075       -5.87212939361073
H            3.24563308221071       -1.76484128203202       -5.48728468535627
H            2.52221280627399       -3.03115844163138       -3.46143480514313
H            0.85657193497367       -2.00667607918322       -1.93725347891616
21
 energy: -32.480460641938 gnorm: 0.005545244991 xtb: 6.7.1 (edcfbbe)
N           -0.25607097538689        0.11983992423291        0.64513899262956
N            0.47972157421051        1.15841031705674        0.06028597448599
C            0.59439951129149        1.30719275767532       -1.26316424107762
O            1.27692409550854        2.13904093169526       -1.80097117252275
C           -0.22659733430441        0.28683191042065       -2.10990656576373
N            0.66647067929118       -0.30091329696021       -3.06964732943219
C            1.06532598011315        0.42745497830225       -4.12192653388564
C            2.00052063013164       -0.06477872343170       -5.01059719007637
C            2.53860193166406       -1.32654605726869       -4.80376134961040
C            2.12268273273845       -2.05815517895892       -3.69592024079957
C            1.19000810028432       -1.51405978572077       -2.84140053741601
H            0.32954582097927       -0.39400072639631        1.29828020933690
H           -1.05488961805545        0.48261208031962        1.15810182312724
H            0.95718429497405        1.84612169564127        0.64126457498439
H           -0.66899292780646       -0.46072611765013       -1.45216988183762
H           -1.00637516960643        0.85801848831344       -2.61728268133921
H            0.63504334594078        1.40994455748393       -4.23852509764346
H            2.30434398140769        0.53816492997823       -5.85179648920282
H            3.26677049853584       -1.73342352835560       -5.48786265319779
H            2.52335547208156       -3.03843297398636       -3.49248540566494
H            0.84394737600661       -2.04282618239177       -1.96468420509486
21
 energy: -32.480854852501 gnorm: 0.006664596901 xtb: 6.7.1 (edcfbbe)
N           -0.28318797001568        0.17106254750805        0.66676328085791
N            0.49571100594787        1.16651995741156        0.05606992648334
C            0.61548721489590        1.27733754140609       -1.27017654005193
O            1.31925513328193        2.07741545994221       -1.83367144211537
C           -0.22322834444773        0.24771255395056       -2.09390163879974
N            0.65486857676311       -0.32870919995041       -3.07121593179291
C            1.05485561152467        0.42315829995314       -4.10747122055606
C            2.00458104531451       -0.04160945578259       -4.99651430124870
C            2.55204244259055       -1.30282271609240       -4.81071321048568
C            2.12368670586351       -2.06572490008353       -3.72778351652597
C            1.18051243714060       -1.54660310744283       -2.86936617151397
H            0.27678859563915       -0.34239970264473        1.34400495781045
H           -1.07961855986120        0.57596433959807        1.15504261424366
H            0.97898872946509        1.86224151468206        0.62314547226768
H           -0.64577874026230       -0.50056253150104       -1.42377482987473
H           -1.01966427645877        0.81557886316480       -2.58040107011618
H            0.61475681141337        1.40270694121979       -4.21200488814885
H            2.31206428276188        0.58272117577805       -5.82096335073653
H            3.29621459262068       -1.68562114307636       -5.49231942390815
H            2.52508328933469       -3.05010716265164       -3.54507266127129
H            0.82850141648765       -2.09848927538948       -2.00870605451786
21
 energy: -32.481147209802 gnorm: 0.012071290038 xtb: 6.7.1 (edcfbbe)
N           -0.31854632165837        0.23560562752661        0.69237223769050
N            0.50860315255283        1.17828057021452        0.05154362616628
C            0.64102905461112        1.23919217746063       -1.27837974354832
O            1.37351759245615        1.99749428226254       -1.87095933235357
C           -0.21662847030314        0.19955248275932       -2.07294359835636
N            0.64442993189767       -0.36168408335125       -3.07291201949190
C            1.04356300209154        0.41910259063827       -4.08849646472996
C            2.00884516452145       -0.01332931761486       -4.97880049443021
C            2.56624290084256       -1.27459132991679       -4.82066404694422
C            2.12502163408292       -2.07451083285051       -3.76832348943076
C            1.17054184479924       -1.58545690022619       -2.90464034511859
H            0.21111157754768       -0.27337495671259        1.40039929815407
H           -1.11090424432870        0.69141523237549        1.15054638685850
H            1.00384025435745        1.88104069540406        0.59918480090240
H           -0.61134476392977       -0.55220559818059       -1.38876466355122
H           -1.03633260768481        0.75850000378503       -2.53426808697636
H            0.59295847185970        1.39617570736603       -4.17545698141682
H            2.31917393440762        0.63647354733561       -5.78275961339553
H            3.32763920811642       -1.62936305941244       -5.49942157533573
H            2.52664288194065       -3.06384325030646       -3.61227236712604
H            0.81251580181925       -2.16470358855683       -2.06401352756703
21
 energy: -32.481337764790 gnorm: 0.009546233829 xtb: 6.7.1 (edcfbbe)
N           -0.33209052591459        0.26083515839205        0.69970859680351
N            0.50450373378094        1.18666432636155        0.05118551514932
C            0.64909246908928        1.22606956509895       -1.27925678830771
O            1.39127777911304        1.96986729407052       -1.87752736125934
C           -0.20971222832768        0.18217242592718       -2.06340141164441
N            0.64566646512531       -0.37266703185672       -3.07270969911795
C            1.04257288675663        0.41849414067869       -4.07980990446416
C            2.01033733792019       -0.00400160225170       -4.97186747156828
C            2.56863751222938       -1.26634902079585       -4.82624325165113
C            2.12474886626743       -2.07845493745199       -3.78554099971297
C            1.16912475035614       -1.59904813579829       -2.91861554203210
H            0.18948204637721       -0.24137922189715        1.41865416975251
H           -1.12267458666660        0.72945887981717        1.14737324749081
H            1.00652342577975        1.89019695999394        0.59022653715438
H           -0.59099797265016       -0.57346056988715       -1.37585314705943
H           -1.04035225801490        0.73296650680932       -2.51570194070415
H            0.58909717460893        1.39518000611071       -4.15855663574384
H            2.32006328903268        0.65410860203268       -5.76833562882345
H            3.33286570834146       -1.61292067144207       -5.50480671990024
H            2.52440422085778       -3.07018945839223       -3.64160611140517
H            0.80934990593723       -2.18777321551991       -2.08634545295711
21
 energy: -32.481660420181 gnorm: 0.006139465573 xtb: 6.7.1 (edcfbbe)
N           -0.35699774701159        0.30485300292725        0.70921857295904
N            0.48483457450450        1.20750015448346        0.05295249705876
C            0.65981887634980        1.20660709980056       -1.27529239178453
O            1.41816635343953        1.92868875744983       -1.87297532300627
C           -0.19165019829228        0.15371974100926       -2.04375650596378
N            0.65484931950634       -0.38968664606134       -3.07048336863512
C            1.04616290568338        0.41799620085992       -4.06384327111731
C            2.01084039660090        0.00820204180611       -4.96376907538549
C            2.56755806749199       -1.25645530167346       -4.84105404769646
C            2.12237268161504       -2.08701393552093       -3.81856587334261
C            1.17105085371289       -1.62032233965099       -2.94134632330565
H            0.15455532018414       -0.18115694832297        1.44427690675720
H           -1.14536456387315        0.78550869800405        1.13958026748120
H            1.00211249083091        1.91087838680886        0.57567130648178
H           -0.54761607315732       -0.61119088628658       -1.35354600341975
H           -1.04218292471974        0.68390564812811       -2.48226164133615
H            0.59127456780693        1.39493387373500       -4.12618128476378
H            2.32025484817153        0.67986444533964       -5.74734279932448
H            3.33091352281639       -1.59261870900984       -5.52292285096644
H            2.51888455945904       -3.08203477554765       -3.69613959260796
H            0.81208216888017       -2.22240850827847       -2.12124919808318
21
 energy: -32.481839349708 gnorm: 0.009771803347 xtb: 6.7.1 (edcfbbe)
N           -0.39584953490788        0.36974631630200        0.72915854969332
N            0.47668405846930        1.22966016962416        0.05273447092040
C            0.68098642155115        1.17301930826606       -1.27301004393721
O            1.46789641387730        1.85885562592469       -1.88136272641854
C           -0.17414459357740        0.10816386641119       -2.01773982099019
N            0.65717523747089       -0.41901763137506       -3.06846463272039
C            1.04448698043956        0.41496144685592       -4.04309095981305
C            2.01181384547798        0.03006508263651       -4.95278986901292
C            2.57194809137044       -1.23590255324502       -4.86069657303428
C            2.12204031575342       -2.09771638901700       -3.86404449922980
C            1.17093301999897       -1.65437447925078       -2.97311456416324
H            0.09132679252018       -0.10293428163270        1.49153235985241
H           -1.18207321431457        0.88450078523003        1.12919767717060
H            1.00928662116911        1.93839018766581        0.55457990409049
H           -0.49928971935282       -0.66427957277201       -1.31915358519566
H           -1.04880156818045        0.61957878792769       -2.43372587854477
H            0.58402543537338        1.39039647661467       -4.08484604972031
H            2.32256723893504        0.72408922679441       -5.71762845600472
H            3.34074568981086       -1.55121633831971       -5.54738349506053
H            2.51802019000174       -3.09688386619368       -3.76998155145216
H            0.81214227811316       -2.27933216844719       -2.16920025643047
21
 energy: -32.482000749886 gnorm: 0.007624969057 xtb: 6.7.1 (edcfbbe)
N           -0.41628161684807        0.39652789731051        0.73378767649911
N            0.46766412447830        1.24151570080842        0.05460511343723
C            0.68869000253120        1.16164560467236       -1.26470102995618
O            1.48780599185763        1.83614426184647       -1.86799788378793
C           -0.16058590378240        0.09045880966623       -2.00466083895657
N            0.66535081705548       -0.42899818238506       -3.06425477204176
C            1.04840487871637        0.41325541562616       -4.03357846514308
C            2.00987236986528        0.03538544335932       -4.95245326272780
C            2.56775547813312       -1.23186700690121       -4.87528644422326
C            2.12322053127735       -2.10152376488193       -3.88445585979252
C            1.17916301989441       -1.66456639315104       -2.98259522725802
H            0.06027196655122       -0.06952942830428        1.50604868734314
H           -1.20310290200458        0.92097437724918        1.11906553296934
H            1.00235629940403        1.95334782750540        0.54959824204807
H           -0.47236758715482       -0.68602473898101       -1.30554831871909
H           -1.04393180617978        0.59151312340674       -2.41171125635051
H            0.58642497823595        1.38759512721968       -4.06672623358506
H            2.31716929533708        0.73505694515882       -5.71250548853834
H            3.33143390331484       -1.54242312526919       -5.56992181508483
H            2.51797257626054       -3.10197832413512       -3.80320846992345
H            0.82463358305617       -2.29673956982038       -2.18252988620956
21
 energy: -32.482239356986 gnorm: 0.005155461365 xtb: 6.7.1 (edcfbbe)
N           -0.45370800047567        0.44108248197305        0.73838293839881
N            0.45127282489401        1.26308962234967        0.06011105946624
C            0.70752885821237        1.14052278498316       -1.24680741673930
O            1.52941330432845        1.79532569468244       -1.84221559245534
C           -0.13443306264683        0.06021248684502       -1.98215426770753
N            0.68182151096576       -0.44558121381997       -3.05455651262686
C            1.05509032573206        0.40884660139173       -4.01765098226601
C            2.00269561473698        0.04251410423805       -4.95544338206559
C            2.55782926386137       -1.22671001414451       -4.90417771182077
C            2.12622937851528       -2.10804554541315       -3.91903230421892
C            1.19770030884349       -1.68096959739092       -2.99595688370474
H            0.00316090138775       -0.01179574029792        1.52876469042179
H           -1.24327310111299        0.97833497486309        1.09471120500249
H            0.97805024502840        1.98412231723580        0.54890389666315
H           -0.42582892879511       -0.72159762095191       -1.28195363518538
H           -1.02989268014947        0.54898836862091       -2.37256787784168
H            0.59157504028357        1.38211447966113       -4.03530005211080
H            2.30248813097837        0.75200173439365       -5.70889491647982
H            3.30819397618329       -1.53037669143541       -5.61723515058511
H            2.52022809273077       -3.10946608144872       -3.85765611341157
H            0.85577799649737       -2.32284314633503       -2.19830099073422
21
 energy: -32.482434248550 gnorm: 0.005861498910 xtb: 6.7.1 (edcfbbe)
N           -0.50161118163633        0.49393519910639        0.74121454431640
N            0.43464451131432        1.28729566720372        0.06709141840365
C            0.73563452904782        1.11433199900226       -1.22486573168942
O            1.58144552914449        1.74497217805419       -1.81415204233438
C           -0.09972274029755        0.02319676054264       -1.95380062712625
N            0.70314573370479       -0.46549537744276       -3.04225055701809
C            1.06193893590922        0.40327047705189       -3.99903191232701
C            1.99159791172603        0.05114334967684       -4.96035817533912
C            2.54449512970585       -1.22046642705425       -4.94066448472253
C            2.13192288785089       -2.11525582052731       -3.95930022503204
C            1.22252298763644       -1.70084497387005       -3.01107097117562
H           -0.07345227816603        0.05667095248131        1.55801534782014
H           -1.29618194094353        1.05078425534298        1.05807082399984
H            0.94761124396533        2.02074051315789        0.55219272353963
H           -0.36685789949673       -0.76555426472077       -1.25110396099064
H           -1.01101326188839        0.50086483990370       -2.32207440701432
H            0.59685410930853        1.37617522371168       -3.99659826961204
H            2.27906155516439        0.77216710662376       -5.70774821330172
H            3.27767839473064       -1.51539715728716       -5.67637641128503
H            2.52521568365333       -3.11827240046889       -3.92099707708458
H            0.89699015956565       -2.35449210048777       -2.21522179202822
21
 energy: -32.482568029247 gnorm: 0.006473441212 xtb: 6.7.1 (edcfbbe)
N           -0.54312218850997        0.52256334292577        0.72721508763469
N            0.41593731121460        1.30662160752525        0.07536059691144
C            0.75734280433180        1.10586174384363       -1.19784555755728
O            1.62004766696536        1.72264223155951       -1.77580540561339
C           -0.06352141683060        0.00326241826706       -1.93060815316956
N            0.73176998458899       -0.47283669004859       -3.02529171951558
C            1.07190814020629        0.39791780329315       -3.98654982311847
C            1.97414754901374        0.04838380338929       -4.97402617706752
C            2.52280468376663       -1.22492348215722       -4.97633866141595
C            2.13958476986814       -2.11823684074386       -3.98169559327486
C            1.25613629456141       -1.70589546939854       -3.00879856098716
H           -0.13746938975423        0.09461199594200        1.55664121165077
H           -1.34146372320457        1.08261804452512        1.01604649692191
H            0.90719531163924        2.04860729726105        0.57037731345902
H           -0.31881272104269       -0.79046528348513       -1.23012453105410
H           -0.98090464991350        0.47668743574433       -2.28614858361221
H            0.61108442192874        1.37294949559089       -3.96774542165376
H            2.24335484162971        0.77120678170064       -5.72624836027190
H            3.22936605822719       -1.52092390423968       -5.73854091788770
H            2.53340345232000       -3.12044083347318       -3.95452736299721
H            0.95313079899279       -2.36044149802122       -2.20437587738267
21
 energy: -32.482616021146 gnorm: 0.008327077813 xtb: 6.7.1 (edcfbbe)
N           -0.58598429706697        0.56551460370756        0.72288851185366
N            0.40095684977997        1.32664291296594        0.08039814121648
C            0.78361876848476        1.08774909940558       -1.18010907438838
O            1.66811051035958        1.68017752743753       -1.75532693057102
C           -0.03140067648809       -0.02605949287145       -1.90360486258726
N            0.75175769847086       -0.48844546684206       -3.01405306232544
C            1.07597592442486        0.39374445064155       -3.97113428123951
C            1.96072548811018        0.05491924100552       -4.97884396258048
C            2.50910551403145       -1.21900439106740       -5.00580156922443
C            2.14513643968893       -2.12332085342946       -4.01227442946065
C            1.27811338543379       -1.72195354035295       -3.01961521075530
H           -0.20880323401104        0.14871021568441        1.57503629017887
H           -1.38735435232333        1.14274001454291        0.97833415762780
H            0.88784722413823        2.07264373334020        0.57407809648037
H           -0.26666411055964       -0.82660963192473       -1.20178557113524
H           -0.96378554184923        0.43486290670934       -2.24298207754036
H            0.61539565810045        1.36910755758442       -3.93361506465813
H            2.21615338535456        0.78686713479593       -5.72814254087830
H            3.20136400823736       -1.50703440006132       -5.78389279372589
H            2.54110352765520       -3.12599878223299       -4.00225411575050
H            0.99054783002711       -2.38548283903815       -2.21632965053794
21
 energy: -32.482673874666 gnorm: 0.004715727719 xtb: 6.7.1 (edcfbbe)
N           -0.57993513475863        0.55358365342786        0.71550762697090
N            0.40585798026016        1.32030441880027        0.07877030347422
C            0.78345578315136        1.09455267278528       -1.18201396164205
O            1.65694299020127        1.69505985309741       -1.75698350337211
C           -0.03270197632739       -0.01779862251984       -1.90573331686354
N            0.75226288011628       -0.48321882245491       -3.01446329216769
C            1.07506266418087        0.39494044773817       -3.97473839521519
C            1.95838289690478        0.05165442612005       -4.98045166773710
C            2.50722749930580       -1.22121306324818       -5.00084675131912
C            2.14528338440593       -2.12127573182977       -4.00266375451183
C            1.27795610004229       -1.71661811294121       -3.01382063093340
H           -0.20534198298722        0.13284683926347        1.56695179067687
H           -1.38203910333391        1.12998785179430        0.97262100294988
H            0.89338817238802        2.06286386180365        0.57657757183121
H           -0.27113742872865       -0.81811250960437       -1.20465553987770
H           -0.96392605887414        0.44281725634194       -2.24970134668801
H            0.61711308248445        1.37112886482600       -3.93885371187884
H            2.21162311940680        0.77999841800988       -5.73400146445420
H            3.19932043635207       -1.51176558747741       -5.77519177976379
H            2.54270474624539       -3.12326935934143       -3.98680920814021
H            0.99041994956342       -2.37669675459080       -2.20852997133993
21
 energy: -32.482693373632 gnorm: 0.002953070115 xtb: 6.7.1 (edcfbbe)
N           -0.58498288710766        0.55498699159311        0.70959041644496
N            0.40240730684060        1.32222785547138        0.07936844573503
C            0.78379790018073        1.09787557109559       -1.17993822012977
O            1.66307031034068        1.69335428744306       -1.75464472565035
C           -0.02916364587334       -0.01686821800273       -1.90297905281534
N            0.75632822294610       -0.48267627356679       -3.01177554970839
C            1.07520363316740        0.39482039840792       -3.97329299519303
C            1.95454284818894        0.05067665862515       -4.98178058934879
C            2.50404550277990       -1.22155638077765       -5.00225591365076
C            2.14717147055242       -2.12049985113264       -4.00130113502557
C            1.28228534888630       -1.71575748463684       -3.01071593051158
H           -0.21405523331207        0.13129866769899        1.55716977386406
H           -1.38374767573974        1.13035551840172        0.96795383341135
H            0.89508118709913        2.05969697988434        0.57938621655391
H           -0.26731574819772       -0.81710616760099       -1.20280385339791
H           -0.96000389625085        0.44050246673178       -2.24939932648261
H            0.61796449256683        1.37093364706366       -3.93555127296013
H            2.20300544182318        0.77769983132307       -5.73805264474969
H            3.19347919929829       -1.51232883500842       -5.77796663367246
H            2.54603767067426       -3.12211912779197       -3.98513587749498
H            0.99676855113558       -2.37574653522142       -2.20490496521959
21
 energy: -32.482713897853 gnorm: 0.001873949669 xtb: 6.7.1 (edcfbbe)
N           -0.59927655825510        0.56679785201446        0.70471882364636
N            0.39874192633915        1.32719872493360        0.08225375249302
C            0.79376226930222        1.09299238971192       -1.17197049310824
O            1.67770805617137        1.68325749562762       -1.74328311819464
C           -0.01686542152876       -0.02404309211923       -1.89416392290546
N            0.76516716704644       -0.48647568824355       -3.00688754706947
C            1.07671444427067        0.39305886905521       -3.96869469633675
C            1.94767263341361        0.05082648091205       -4.98572554891504
C            2.49755025264388       -1.22128607321455       -5.01310022910541
C            2.15031041821262       -2.12134926230891       -4.00952469725361
C            1.29252447504742       -1.71886676494819       -3.01115957190020
H           -0.24199960304560        0.14603789495417        1.56106629354204
H           -1.40024039683658        1.14750459067279        0.94874203856072
H            0.88700104920573        2.06610297451710        0.58492276662439
H           -0.24890732731794       -0.82593658081491       -1.19422740570207
H           -0.95109927396254        0.42936971654003       -2.23604866977324
H            0.61972549912257        1.36909241677417       -3.92472437656046
H            2.18891182015641        0.77889696012633       -5.74345665838210
H            3.17999476800980       -1.51081093432979       -5.79631777737238
H            2.55083397252972       -3.12230012374434       -3.99736199492495
H            1.01368982947384       -2.38029784611564       -2.20408696736419
21
 energy: -32.482729077424 gnorm: 0.003052969950 xtb: 6.7.1 (edcfbbe)
N           -0.61703363859250        0.58195820789797        0.69743531343944
N            0.39799263649940        1.33034482109343        0.08577859793299
C            0.80480793303301        1.08692722414542       -1.16302458911472
O            1.69624084621385        1.67010089643730       -1.72951841591699
C           -0.00379947745857       -0.03208782704206       -1.88432177148086
N            0.77489505853765       -0.49065596220265       -3.00176891652288
C            1.07699535867173        0.39103428981334       -3.96426068850392
C            1.93860408855905        0.05116892374204       -4.99038873504179
C            2.49038665240691       -1.22025788702634       -5.02408373847190
C            2.15503164528331       -2.12131131758989       -4.01789594663278
C            1.30484091919286       -1.72162771441649       -3.01130127885830
H           -0.27999688457925        0.16248713103995        1.56346839255421
H           -1.41861257377102        1.17128720254912        0.92322960969583
H            0.88328558480573        2.06883984430489        0.59234151696275
H           -0.22581389158772       -0.83624404020658       -1.18306110836435
H           -0.94359445723799        0.41552447277288       -2.21973986938489
H            0.61944152770168        1.36633381489166       -3.91363287579269
H            2.17137721241935        0.78023605279370       -5.74983751439692
H            3.16484953679347       -1.50844387799245       -5.81558574586918
H            2.55802187079701       -3.12124451083180       -4.00997240831161
H            1.03400005231092       -2.38459974417307       -2.20288982792321
21
 energy: -32.482742427422 gnorm: 0.002316425173 xtb: 6.7.1 (edcfbbe)
N           -0.61857552582330        0.58407311403290        0.69524604253886
N            0.39995624914274        1.32856916893778        0.08724522649414
C            0.80668003512070        1.08487634208022       -1.16214589927929
O            1.69892432900213        1.66784905791858       -1.72675267413359
C           -0.00330971690959       -0.03233838409218       -1.88392229449447
N            0.77536150671742       -0.49098209580163       -3.00170370808712
C            1.07574724296036        0.39078881954267       -3.96460137593609
C            1.93652203239290        0.05121072736541       -4.99121852104760
C            2.48962264708160       -1.21984593322856       -5.02411871443721
C            2.15620609733385       -2.12072109622707       -4.01772230796275
C            1.30618878563239       -1.72135149220447       -3.01080352206805
H           -0.28715699170571        0.16491660735841        1.56287351111309
H           -1.41921606162726        1.17515355813295        0.91669846152191
H            0.88569786527151        2.06584402174116        0.59517503989232
H           -0.22383102909877       -0.83630345234743       -1.18264214459255
H           -0.94313465220008        0.41446553108395       -2.21846285813058
H            0.61738225205578        1.36559400138873       -3.91362734332497
H            2.16787598412580        0.77986297674493       -5.75129185260893
H            3.16376068298318       -1.50780587640143       -5.81593773044597
H            2.56050902544335       -3.12001834080595       -4.00937433913923
H            1.03670924209988       -2.38406725521861       -2.20194299587368
21
 energy: -32.482763201541 gnorm: 0.002780873473 xtb: 6.7.1 (edcfbbe)
N           -0.62272875457660        0.59014788127953        0.69089983996554
N            0.40874313203810        1.32115776621601        0.08920481411150
C            0.80880120077471        1.08010996449099       -1.16190384825511
O            1.70559663565800        1.65962992840812       -1.72428661222314
C           -0.00473106068414       -0.03403955656445       -1.88335203913304
N            0.77349295994463       -0.49231697946053       -3.00215409585763
C            1.07096875112442        0.39006303758335       -3.96563901601752
C            1.93243156454708        0.05264845992705       -4.99150156144676
C            2.48979376488837       -1.21691045157151       -5.02211767503842
C            2.15902035473555       -2.11859153706880       -4.01647129589371
C            1.30724921942752       -1.72117524919988       -3.01039082449824
H           -0.30466598459629        0.17101742692770        1.56243199472004
H           -1.41885240834641        1.18987733385839        0.90280704167154
H            0.89988711959453        2.05339103582007        0.59872797832820
H           -0.22248581582587       -0.83789411736337       -1.18206720724774
H           -0.94486317548331        0.41141671638459       -2.21574827274878
H            0.60970535638179        1.36347849192930       -3.91475688394943
H            2.16193144739534        0.78121008617279       -5.75195090445509
H            3.16588706589481       -1.50279480352494       -5.81233778545543
H            2.56670535014547       -3.11648709901997       -4.00722961832675
H            1.04003327696117       -2.38416833522405       -2.20119402825179
21
 energy: -32.482776519458 gnorm: 0.002415404535 xtb: 6.7.1 (edcfbbe)
N           -0.62955877852125        0.59885249862807        0.68832440167786
N            0.41343751330045        1.31716994434067        0.09145857502182
C            0.81369703716618        1.07347832049203       -1.16015616065724
O            1.71375343688342        1.64888040531007       -1.72151666683999
C           -0.00310560603696       -0.03857863934202       -1.88055161564044
N            0.77268719795197       -0.49494781013883       -3.00190313829016
C            1.06774847089077        0.38893084502063       -3.96511010607899
C            1.92900145381664        0.05441552395180       -4.99189317904356
C            2.48942727991051       -1.21387976155427       -5.02352604724914
C            2.16127210455286       -2.11734109840024       -4.01847132145632
C            1.30911861311790       -1.72259599852174       -3.01160071590860
H           -0.32209147953861        0.18253464937615        1.56442905205756
H           -1.42193935070872        1.20616232714239        0.89035918978076
H            0.90823115366475        2.04667122049467        0.60107395627466
H           -0.21818088688749       -0.84367116557785       -1.17960225756026
H           -0.94489505426066        0.40647157627346       -2.20929441392475
H            0.60459361027885        1.36157107342413       -3.91275649270605
H            2.15671654523902        0.78404716196628       -5.75194541471672
H            3.16630805609890       -1.49718747351189       -5.81376046096629
H            2.57128019183109       -3.11442240378893       -4.01025092909109
H            1.04441849124923       -2.38679119558416       -2.20233625468485
21
 energy: -32.482792075260 gnorm: 0.002203821315 xtb: 6.7.1 (edcfbbe)
N           -0.63533143912171        0.60820551345515        0.68594930113553
N            0.42182025750027        1.30896556547265        0.09433783435760
C            0.81891997156194        1.06429231473052       -1.15823688138407
O            1.72263616210326        1.63386938453940       -1.72007725669350
C           -0.00317635064479       -0.04404023469982       -1.87820190077544
N            0.76894621813112       -0.49824438729295       -3.00221684569062
C            1.06263675310594        0.38724242983960       -3.96465771253805
C            1.92546219383966        0.05673835579985       -4.99142175123382
C            2.49049874628074       -1.20942382985872       -5.02408055077848
C            2.16399705986073       -2.11502928289677       -4.01981476843414
C            1.30965446402522       -1.72412956606666       -3.01326639532060
H           -0.34090183441771        0.19837221318771        1.57029132047335
H           -1.42315535435217        1.22685703829176        0.87318597967200
H            0.92066786479957        2.03605078988178        0.60333533723043
H           -0.21856533669103       -0.85073030433945       -1.17916686403375
H           -0.94499423828123        0.40382222687832       -2.20287939584170
H            0.59635822921230        1.35853739790930       -3.91184020704676
H            2.15183859997863        0.78792466017373       -5.75058271713245
H            3.16989563616596       -1.48901069821633       -5.81358049410880
H            2.57756018021004       -3.11064989162942       -4.01195432257856
H            1.04715221673209       -2.38984969515920       -2.20415170927996
21
 energy: -32.482799948816 gnorm: 0.001288760645 xtb: 6.7.1 (edcfbbe)
N           -0.63534691102453        0.61097149886637        0.68742585186214
N            0.42755083638951        1.30283148095006        0.09523505161471
C            0.82062461571589        1.05914778999963       -1.15859462737089
O            1.72363640244845        1.62643330045531       -1.72315966753860
C           -0.00625003247162       -0.04584919873619       -1.87906673901701
N            0.76406165630290       -0.49958897704559       -3.00367752898124
C            1.05943538381078        0.38651452010736       -3.96492188220506
C            1.92561515796591        0.05794719201346       -4.98978414471306
C            2.49321996978564       -1.20681695673029       -5.02229225261423
C            2.16491555964918       -2.11337186760363       -4.01896877202920
C            1.30735172152149       -1.72458644880282       -3.01453114095941
H           -0.34402658312312        0.20444580622962        1.57359957808231
H           -1.41971288024617        1.23479780297219        0.86961647466745
H            0.92863092720323        2.03005612553755        0.60216046551325
H           -0.22529738353020       -0.85344368553866       -1.18156041710646
H           -0.94666066754919        0.40688324866534       -2.20262543793450
H            0.59125293622572        1.35699352472479       -3.91349843154139
H            2.15297519768029        0.79022451228876       -5.74772149069230
H            3.17571259984468       -1.48454824987931       -5.80998961267789
H            2.58032332507449       -3.10819192453210       -4.01039696860487
H            1.04390816832552       -2.39107949394137       -2.20627830775555
21
 energy: -32.482804486091 gnorm: 0.000528843574 xtb: 6.7.1 (edcfbbe)
N           -0.63413866942222        0.61067144031038        0.68816518275781
N            0.42759509439871        1.30320896360800        0.09490730879275
C            0.82224446799214        1.05711414797280       -1.15736088093921
O            1.72572817088830        1.62297693723645       -1.72255351899948
C           -0.00668794686604       -0.04618985529850       -1.87906546483052
N            0.76423823781425       -0.50026191384080       -3.00337947914314
C            1.05913131000380        0.38639669481268       -3.96395876629529
C            1.92524651367850        0.05823241724640       -4.98909372536108
C            2.49320059505334       -1.20621982624636       -5.02208931973611
C            2.16530249479565       -2.11321814076873       -4.01925703784491
C            1.30780138887249       -1.72517982062265       -3.01459981680451
H           -0.34333451101460        0.20629015399057        1.57584077094620
H           -1.41977973127533        1.23371413996630        0.86737212195093
H            0.92687817491637        2.03300198443776        0.59992464064790
H           -0.22900818742271       -0.85372399555557       -1.18216499125922
H           -0.94549162787047        0.40925695423314       -2.20433051469417
H            0.59030706786063        1.35647708728168       -3.91251673447290
H            2.15173834651724        0.79092993305354       -5.74670488796570
H            3.17540080446981       -1.48381175813887       -5.81006670705596
H            2.58137758669582       -3.10776472316507       -4.01099020160049
H            1.04417041991316       -2.39213082051268       -2.20710797809469
