29
 energy: -34.724330631221 gnorm: 0.062694839643 xtb: 6.7.1 (edcfbbe)
C            0.52773000000000       -0.18074000000000       -0.19230000000000
C            0.53670000000000       -0.08944000000000       -1.71166000000000
C            1.35950000000000       -1.20356000000000       -2.34721000000000
N            0.76260000000000       -2.52851000000000       -2.13470000000000
C           -0.32097000000000       -3.07227000000000       -2.72852000000000
N           -1.01408000000000       -2.58986000000000       -3.81744000000000
C           -0.66669000000000       -1.52794000000000       -4.75194000000000
C           -2.14281000000000       -3.49356000000000       -4.09911000000000
C           -2.02520000000000       -4.61590000000000       -3.06617000000000
N           -0.86189000000000       -4.25259000000000       -2.25521000000000
C           -0.43945000000000       -5.02295000000000       -1.09697000000000
H            0.06930000000000       -1.11523000000000        0.14618000000000
H           -0.04543000000000        0.64959000000000        0.23218000000000
H            1.54462000000000       -0.13045000000000        0.20998000000000
H           -0.49700000000000       -0.12039000000000       -2.06938000000000
H            0.95794000000000        0.87846000000000       -2.00565000000000
H            1.52450000000000       -1.04124000000000       -3.41333000000000
H            2.35875000000000       -1.22985000000000       -1.89645000000000
H            1.21734000000000       -3.11295000000000       -1.44590000000000
H           -1.33446000000000       -1.56966000000000       -5.61850000000000
H           -0.79127000000000       -0.55446000000000       -4.27619000000000
H            0.35315000000000       -1.67384000000000       -5.11421000000000
H           -2.06322000000000       -3.88028000000000       -5.11984000000000
H           -3.08053000000000       -2.94133000000000       -3.98519000000000
H           -1.84687000000000       -5.58369000000000       -3.54449000000000
H           -2.91527000000000       -4.67478000000000       -2.43261000000000
H           -0.45592000000000       -4.38484000000000       -0.20959000000000
H           -1.12328000000000       -5.86218000000000       -0.93966000000000
H            0.56617000000000       -5.41449000000000       -1.27007000000000
29
 energy: -34.730274804608 gnorm: 0.019594040271 xtb: 6.7.1 (edcfbbe)
C            0.52704849665955       -0.18701457190923       -0.18782563956779
C            0.53303754926661       -0.09918348064060       -1.70848020080843
C            1.35189103887142       -1.21528575281496       -2.35153231541444
N            0.75481881170489       -2.53605141443562       -2.15154796698136
C           -0.31810355476499       -3.07269543852197       -2.73693102869269
N           -1.00626009364560       -2.60756887894573       -3.79904006355642
C           -0.66170343338596       -1.55042601970201       -4.72957150457032
C           -2.13914554641625       -3.48891326524460       -4.09655500726270
C           -2.02081483846695       -4.61379585468540       -3.06542042740412
N           -0.85790470469196       -4.22369682043681       -2.27505528689345
C           -0.42897613354769       -4.98378758151532       -1.12000579300720
H            0.06867288303205       -1.11513858459690        0.15142937426268
H           -0.03990525078315        0.64080537594485        0.23284850044378
H            1.54003126080112       -0.13527619352423        0.20821648106544
H           -0.49587320363641       -0.12927870661839       -2.07381720836095
H            0.96371030007658        0.85827199885196       -2.01035262198333
H            1.50588482395308       -1.03186124087630       -3.41525324451378
H            2.34119036594085       -1.24611001398352       -1.88647576844605
H            1.18629349182414       -3.10622675101360       -1.43830317647492
H           -1.34657480006672       -1.60254762905026       -5.57590427985573
H           -0.77136916460612       -0.56832275701771       -4.26981847325213
H            0.34936974976471       -1.68024442602445       -5.11454260552511
H           -2.06170230711663       -3.86411010217033       -5.12000997050844
H           -3.07446872208891       -2.93200772901917       -3.99361460479063
H           -1.84737861820084       -5.58772163926653       -3.53231543097476
H           -2.90581982273423       -4.68002720041162       -2.42718053617766
H           -0.44417479197425       -4.36919040054365       -0.21757822538352
H           -1.11808462113038       -5.81412719102616       -0.97595086469392
H            0.57027083536204       -5.39739773080173       -1.27336211067202
29
 energy: -34.731208880415 gnorm: 0.007594133163 xtb: 6.7.1 (edcfbbe)
C            0.52628058523293       -0.19662191502139       -0.18263775872540
C            0.53008496277213       -0.10764071354673       -1.70348723375194
C            1.35081517357095       -1.22381874134527       -2.35269836391183
N            0.75343256691050       -2.54151946830756       -2.16623374693566
C           -0.31847982589680       -3.07184314201990       -2.74466389374308
N           -1.00225053182497       -2.61579977288716       -3.79582617312262
C           -0.66345346304497       -1.56400317507146       -4.72673479598773
C           -2.13492035044351       -3.48596534332236       -4.09649411671383
C           -2.01714852083467       -4.60951294048983       -3.06183597515041
N           -0.85722952661153       -4.20666971755103       -2.28277637791465
C           -0.42208653973203       -4.95973339415727       -1.13233834945722
H            0.06754747669825       -1.12253567669090        0.15623409479765
H           -0.03753604148042        0.63117777174665        0.23613707902551
H            1.53935706721405       -0.14499011711585        0.20702589898683
H           -0.49767553751283       -0.13746554317394       -2.06984730060567
H            0.96556969020131        0.84487336646382       -2.00760278109703
H            1.49657019323651       -1.02426925597178       -3.41346742086916
H            2.33525439475898       -1.26012207326122       -1.88343921694107
H            1.15409918717895       -3.09335017873078       -1.41971122395882
H           -1.36416555784940       -1.61446724934588       -5.55744779742537
H           -0.75201415994069       -0.57769392611166       -4.26986693052550
H            0.34064310758574       -1.69566708957053       -5.12821138192354
H           -2.05854637612191       -3.85735251090901       -5.12111942501086
H           -3.06815492761103       -2.92441004972525       -3.99950608097646
H           -1.84463614819903       -5.58750371708573       -3.52069657195805
H           -2.89849388572074       -4.67845052470617       -2.41912707126458
H           -0.43314150936573       -4.34904726590654       -0.22743662500693
H           -1.11206157023281       -5.78724230971022       -0.98888679859221
H            0.57630006706278       -5.37728532647509       -1.28125366124032
29
 energy: -34.731433447263 gnorm: 0.006919706148 xtb: 6.7.1 (edcfbbe)
C            0.52689302119787       -0.20502216279463       -0.17803235912532
C            0.52956758237761       -0.11160918339440       -1.69880455774198
C            1.35183736757916       -1.22497741138044       -2.35450377379361
N            0.75704853147467       -2.54274092614544       -2.17470630407953
C           -0.31872415997744       -3.07007320395975       -2.74894809795072
N           -1.00153320212102       -2.61685327483257       -3.80168662230596
C           -0.66472874869334       -1.56740578845500       -4.73418797211828
C           -2.13371016532981       -3.48644270536316       -4.09837572563554
C           -2.01705622602382       -4.60687562237565       -3.05912341585943
N           -0.85928346008540       -4.20137909061801       -2.28131189725223
C           -0.41860505579766       -4.95093080129901       -1.13247330250092
H            0.06749483037710       -1.13113282959533        0.15935322255648
H           -0.03614268727306        0.62218673972960        0.24282895851289
H            1.54041631959747       -0.15495159913151        0.21033172851400
H           -0.49816365684437       -0.14296502223712       -2.06491545333187
H            0.96416636804721        0.84142438992260       -2.00094594999931
H            1.49304596772117       -1.01859793702651       -3.41419013280580
H            2.33616682344801       -1.26305491372579       -1.88688454426150
H            1.13613393846472       -3.08052435605864       -1.40569735102668
H           -1.37633679396943       -1.61004340406597       -5.55556667096707
H           -0.73724185006853       -0.58066670624801       -4.27447191715801
H            0.33413255793389       -1.70735298880994       -5.14726335655829
H           -2.05850880072256       -3.86160007892836       -5.12183581816459
H           -3.06676544345348       -2.92377190662246       -4.00361894984560
H           -1.84473016363380       -5.58660561731745       -3.51468556838418
H           -2.89884104378372       -4.67403548180758       -2.41673776915755
H           -0.42623536926460       -4.33779379562315       -0.22889925781561
H           -1.10667680853156       -5.77878272872600       -0.98420175779833
H            0.58034032735469       -5.36635159311038       -1.28439538394540
29
 energy: -34.731826620286 gnorm: 0.010675120549 xtb: 6.7.1 (edcfbbe)
C            0.53072466118907       -0.23100166978243       -0.16482735143515
C            0.52869019058570       -0.12043581044429       -1.68475530255012
C            1.35304458594968       -1.22387435787280       -2.36228656728951
N            0.76935814077210       -2.54469662609004       -2.19839394613300
C           -0.32086218415924       -3.06277131430646       -2.75784650380345
N           -0.99978634217496       -2.61938925113696       -3.81954684062833
C           -0.66537389277584       -1.57500574355466       -4.75650084100655
C           -2.13068343531813       -3.49139031675198       -4.10608764165737
C           -2.01903537849503       -4.60014382503763       -3.05164629675352
N           -0.86824334554348       -4.18596593163161       -2.27256111822719
C           -0.40974222177338       -4.92870378877221       -1.12834641942945
H            0.06766934475008       -1.15804795355483        0.16653474417209
H           -0.02896395733933        0.59430347783220        0.26535385518376
H            1.54562752247166       -0.18806810410701        0.22140878069697
H           -0.50000230630319       -0.15506888022825       -2.04832495851591
H            0.95805462109066        0.83730766664392       -1.97744089142247
H            1.47781800307643       -1.00143011499260       -3.42040171698305
H            2.34205091717264       -1.26493970441309       -1.90679064913751
H            1.08637432516942       -3.03921946469876       -1.36795282132733
H           -1.40981507510065       -1.58801654626655       -5.55044922421461
H           -0.68838692846155       -0.58897167345317       -4.28623801607982
H            0.31593328876605       -1.74341664169299       -5.20671115345496
H           -2.05705900401810       -3.88139024933029       -5.12470628735720
H           -3.06424870905292       -2.92713788845500       -4.01888257315299
H           -1.84511012295709       -5.58450585863850       -3.49755249242060
H           -2.90555392167310       -4.66065396523966       -2.41460083859195
H           -0.40845206741506       -4.31002580173345       -0.22728962561815
H           -1.09100184813838       -5.75933289486572       -0.96526564995514
H            0.59093513970587       -5.33693676742536       -1.29184165290734
29
 energy: -34.731972581443 gnorm: 0.006829042937 xtb: 6.7.1 (edcfbbe)
C            0.53396863949469       -0.24410965699210       -0.15886568906969
C            0.52768599690211       -0.12226116444451       -1.67791909382766
C            1.35052060573834       -1.21949169395274       -2.36731892760344
N            0.77287336631408       -2.54302885511580       -2.20528129203368
C           -0.32325859734313       -3.05784984760476       -2.75868434781722
N           -0.99945629471119       -2.62056737938925       -3.82567873717623
C           -0.66405483482956       -1.57839099432847       -4.76514612843061
C           -2.12907939476892       -3.49570003251992       -4.11054786581715
C           -2.02060977276813       -4.59767468993121       -3.04845239663402
N           -0.87353070070145       -4.17764233039826       -2.26640444598339
C           -0.40821574150822       -4.91944801203663       -1.12385000470623
H            0.06866446336039       -1.17195685195637        0.16802086792564
H           -0.02249949993735        0.57987357189973        0.27874151309700
H            1.55000044080707       -0.20677277060731        0.22562115836992
H           -0.50225276908773       -0.15583901319345       -2.03876789102166
H            0.95437444240835        0.83871626921888       -1.96436640855317
H            1.46545953493286       -0.99278827982357       -3.42576898595329
H            2.34470692982804       -1.26040561266508       -1.92205580241994
H            1.07479680791488       -3.02293777717587       -1.36619899955695
H           -1.41958188251191       -1.57774295211302       -5.54841799662514
H           -0.66699373785711       -0.59396248476821       -4.29208807270252
H            0.30835124249088       -1.75951877861543       -5.22979577417495
H           -2.05250687500702       -3.89246631859101       -5.12638484673697
H           -3.06313364761058       -2.93122029358383       -4.02912135949834
H           -1.84349327833372       -5.58436703771188       -3.48807806937526
H           -2.91041209171345       -4.65503154478046       -2.41554370757454
H           -0.40442088238022       -4.29994731627111       -0.22316296566900
H           -1.08677874570255       -5.75155850254430       -0.95598117055005
H            0.59283627658048       -5.32483965000427       -1.29245255988126
29
 energy: -34.732104133735 gnorm: 0.003388571206 xtb: 6.7.1 (edcfbbe)
C            0.54022274263993       -0.26335497377695       -0.15288819030429
C            0.52591615850013       -0.12255738405701       -1.67042516978688
C            1.34465290130379       -1.21042729652272       -2.37627846697832
N            0.77512725775415       -2.53858571647276       -2.21128972225514
C           -0.32553543003799       -3.05149326612892       -2.75937872160486
N           -0.99798225960575       -2.62337638861906       -3.83203991892957
C           -0.66222039402124       -1.58257069795366       -4.77399454368317
C           -2.12563523863701       -3.50329032532675       -4.11733302779300
C           -2.02220077498646       -4.59514911535378       -3.04492703468033
N           -0.88085120469312       -4.16453086631186       -2.25760818800940
C           -0.40867653663141       -4.90745101741176       -1.11714173315311
H            0.07129957289071       -1.19239365033498        0.16603220837231
H           -0.00915926927822        0.55826221357455        0.29854798393888
H            1.55840911430135       -0.23647964308219        0.22742875087542
H           -0.50625405746185       -0.15117400165836       -2.02643671883360
H            0.95000557703481        0.84320235206217       -1.94601128995298
H            1.44726695973993       -0.98122817395145       -3.43547558814806
H            2.34621605691734       -1.24901487312929       -1.94482513861064
H            1.06164293656438       -2.99973978436802       -1.36123955460157
H           -1.43134358182610       -1.56494271903945       -5.54318517272654
H           -0.64136289413937       -0.60176807619749       -4.29774488176615
H            0.29741561869611       -1.77835248057787       -5.25716786182704
H           -2.04165107918494       -3.90796403566691       -5.12923024683500
H           -3.06059812732695       -2.93922618546576       -4.04581699434764
H           -1.83865370246679       -5.58533178758196       -3.47377710815700
H           -2.91670289888792       -4.64860937353844       -2.41834139208194
H           -0.40229609251523       -4.28934955365667       -0.21576335246066
H           -1.08504707836689       -5.74091659535934       -0.94622802461411
H            0.59195572372451       -5.31111658409362       -1.29141090104537
29
 energy: -34.732163971851 gnorm: 0.002507263981 xtb: 6.7.1 (edcfbbe)
C            0.54630614936482       -0.28057432734745       -0.14882329206803
C            0.52486331328743       -0.12139158725890       -1.66475206860419
C            1.33929793696256       -1.20177195494649       -2.38404515852663
N            0.77521201548667       -2.53302562415215       -2.21468366042456
C           -0.32692743480250       -3.04622827335166       -2.76009444337892
N           -0.99620682676687       -2.62587097959446       -3.83704505756268
C           -0.66238114812035       -1.58575270465875       -4.78109925874589
C           -2.12096235356777       -3.51041708296730       -4.12342281817170
C           -2.02216491122177       -4.59330130913186       -3.04216909782791
N           -0.88678972572491       -4.15282643148651       -2.24990249125437
C           -0.41054529895004       -4.89757938908360       -1.11147586524529
H            0.07341404342095       -1.21052110577662        0.16178494343987
H            0.00462535294617        0.53867624087665        0.31614086312196
H            1.56683923437991       -0.26462731941660        0.22623844933435
H           -0.50927413767546       -0.14390248647707       -2.01629304871886
H            0.94810905408852        0.84784606304340       -1.93025929850111
H            1.43127592436873       -0.97208745305055       -3.44398805419904
H            2.34625419678347       -1.23846466658084       -1.96347279548313
H            1.05038271432957       -2.97881391055912       -1.35235402643535
H           -1.44394069950211       -1.55580615624669       -5.53760239254850
H           -0.62223969920655       -0.60785763967528       -4.30174525603863
H            0.28643293399534       -1.79242258132483       -5.28050252994032
H           -2.02887497207168       -3.92149216934197       -5.13189731807092
H           -3.05686257090159       -2.94707798593401       -4.06191475831338
H           -1.83228121271017       -5.58641936808688       -3.46106165982874
H           -2.92031870663828       -4.64409349240162       -2.42081053875117
H           -0.40238088954431       -4.28111743534658       -0.20936545890218
H           -1.08644779440161       -5.73135430569060       -0.94005535359795
H            0.58954551239174       -5.30065456403201       -1.28927855475645
29
 energy: -34.732195574560 gnorm: 0.004095191055 xtb: 6.7.1 (edcfbbe)
C            0.55104247303982       -0.29120888313786       -0.14695636985336
C            0.52545860882664       -0.11813104268164       -1.66131562986214
C            1.33526613073599       -1.19494133119639       -2.38831628456914
N            0.77210885325631       -2.52683094431923       -2.21312493523120
C           -0.32811778565308       -3.04264639522364       -2.75940875537350
N           -0.99530995463367       -2.62711089486770       -3.83900632299236
C           -0.66485478649507       -1.58707036345568       -4.78465993923795
C           -2.11612174579812       -3.51624803794960       -4.12783383927904
C           -2.02067923833617       -4.59300585211651       -3.04108587291624
N           -0.89031178657548       -4.14555929256703       -2.24472879065379
C           -0.41425052943167       -4.89218886649292       -1.10715007400879
H            0.07384732291584       -1.22132426687236        0.15634574898356
H            0.01625694657597        0.52632967356565        0.32822725210265
H            1.57330352449595       -0.28506385682339        0.22365442755015
H           -0.50981374961991       -0.13422086693057       -2.01018249091156
H            0.95033774376014        0.85238168219052       -1.91947659826009
H            1.42000319242271       -0.96691756316329       -3.44898002342463
H            2.34518520869013       -1.23082115721773       -1.97477437550151
H            1.05003263592327       -2.96860327133110       -1.35146238903465
H           -1.45159830042733       -1.55358722164579       -5.53439353779898
H           -0.61762004807124       -0.61091817623169       -4.30502879479585
H            0.27809790512367       -1.79658628723325       -5.29163411517826
H           -2.01602268166407       -3.93125888428574       -5.13384908246684
H           -3.05336393189810       -2.95471244301570       -4.07490706234407
H           -1.82568012869442       -5.58769493341259       -3.45318642153823
H           -2.92121989904171       -4.64284336920302       -2.42344921909914
H           -0.40598314298767       -4.27695585070235       -0.20459574633242
H           -1.09138142875894       -5.72527941146829       -0.93758337970595
H            0.58534859232012       -5.29591189221150       -1.28508737826637
29
 energy: -34.732221150106 gnorm: 0.002541147978 xtb: 6.7.1 (edcfbbe)
C            0.55536731521786       -0.30125223799963       -0.14404851761194
C            0.52761069787091       -0.11465576162520       -1.65680364285751
C            1.33240147702786       -1.18944607492086       -2.39190172307929
N            0.76908960034443       -2.52093540894823       -2.21324967866355
C           -0.32942428521131       -3.03939024912773       -2.75974121538165
N           -0.99468943661136       -2.62841324818715       -3.84199818872864
C           -0.66901636803156       -1.58835064327823       -4.78913765117245
C           -2.11068888017768       -3.52254747162698       -4.13294597022897
C           -2.01856786994075       -4.59323045682621       -3.04033511568741
N           -0.89369763102352       -4.13889763126102       -2.24033686014436
C           -0.41747018152232       -4.88567115060961       -1.10307727192472
H            0.07199306919667       -1.23064790720768        0.15155809491263
H            0.02804666871745        0.51529254393963        0.34038889161359
H            1.57878643390790       -0.30622041683065        0.22324154748530
H           -0.50819799273975       -0.12395350262022       -2.00434415644382
H            0.95570374640014        0.85624692357629       -1.90759913940322
H            1.40942972452153       -0.96094928305406       -3.45296393733905
H            2.34467698965839       -1.22612487445821       -1.98494698670548
H            1.04719606327137       -2.95870526505131       -1.34748695078818
H           -1.46433760295377       -1.55061103691246       -5.53026386518689
H           -0.61249301618195       -0.61298045216945       -4.30797713487339
H            0.26806095749092       -1.80125482967973       -5.30669055501508
H           -2.00262004102556       -3.94242091713097       -5.13627450321441
H           -3.04992552975967       -2.96369050605221       -4.08924410957005
H           -1.81903092943414       -5.58949498463342       -3.44610928330574
H           -2.92182097174691       -4.64211054104645       -2.42668038988350
H           -0.40865052820725       -4.27044535489381       -0.20062649944319
H           -1.09564520623924       -5.71790899242873       -0.93373561588258
H            0.58187372718123       -5.29016026893615       -1.28061957147617
29
 energy: -34.732247227374 gnorm: 0.001785667777 xtb: 6.7.1 (edcfbbe)
C            0.55893157191951       -0.30697781878075       -0.14104036874538
C            0.53197780216725       -0.10967009697192       -1.65225185669458
C            1.33050508884344       -1.18553960893470       -2.39329945228743
N            0.76397976700806       -2.51490758956832       -2.21187637702442
C           -0.33151619543449       -3.03707185209692       -2.75975165289848
N           -0.99555183393031       -2.62930952530810       -3.84407514734566
C           -0.67537808120779       -1.58841965489834       -4.79177204113773
C           -2.10537588968230       -3.52941085831488       -4.13835081142445
C           -2.01579952994956       -4.59538688168954       -3.04114543034647
N           -0.89586279007315       -4.13553813397633       -2.23821518747080
C           -0.42139305274637       -4.88041330333971       -1.09931616298345
H            0.06729642486487       -1.23415860203092        0.14768174828452
H            0.03953890762438        0.51019188320705        0.35002058413061
H            1.58264615505951       -0.32395785889522        0.22475901097003
H           -0.50365470360126       -0.11084151575674       -2.00018819989557
H            0.96620464536357        0.85980075828782       -1.89708254034330
H            1.40127835000276       -0.95584784710836       -3.45447461288291
H            2.34438790707762       -1.22483242848729       -1.99174999918651
H            1.05090939365672       -2.95716924017211       -1.35072031192775
H           -1.47458787186875       -1.55094072163826       -5.52808523534165
H           -0.61725557725199       -0.61321113485874       -4.31058698574851
H            0.25902795137214       -1.79947126277540       -5.31449087084828
H           -1.98870633012130       -3.95314954467206       -5.13926608399065
H           -3.04744111126894       -2.97479001445135       -4.10368927350438
H           -1.81261535977557       -5.59270061749126       -3.44225195045404
H           -2.92151214106743       -4.64395061235506       -2.43105819069563
H           -0.41277037987497       -4.26337600292552       -0.19808364917325
H           -1.10106519090702       -5.71125994808524       -0.92925794253936
H            0.57776207380128       -5.28661996591221       -1.27433100849420
29
 energy: -34.732274117755 gnorm: 0.001755107985 xtb: 6.7.1 (edcfbbe)
C            0.56300069739909       -0.31147630186795       -0.13505995561339
C            0.54040790899580       -0.10249946606789       -1.64455561097237
C            1.32853817013172       -1.18229810847884       -2.39387701538553
N            0.75628399227445       -2.50790549541582       -2.21210012634031
C           -0.33569045390911       -3.03489021170216       -2.76101598088216
N           -0.99883541843162       -2.63110946171398       -3.84785703517168
C           -0.68548954012036       -1.58774952491553       -4.79435845876345
C           -2.09911911389253       -3.54056029833967       -4.14743060989045
C           -2.01210757373960       -4.60086538541272       -3.04406382813896
N           -0.89789132764242       -4.13433248838933       -2.23841403780246
C           -0.42573336650306       -4.87200375541867       -1.09428631786581
H            0.05651640929270       -1.23309820096580        0.14594853432816
H            0.05580022524521        0.50981861667518        0.36178765620443
H            1.58598453126590       -0.34704973827210        0.23166945691453
H           -0.49434256353484       -0.09045061503169       -1.99467008326744
H            0.98637146620938        0.86326940286994       -1.88231392704546
H            1.39139118533980       -0.94774266139592       -3.45454419245410
H            2.34493917164958       -1.22764074280790       -1.99995652420886
H            1.05637739861151       -2.96114725579808       -1.35973722061274
H           -1.48963985090410       -1.54969033262439       -5.52556965560839
H           -0.62646590167426       -0.61279492729095       -4.31111440869941
H            0.24689784562208       -1.79528629391738       -5.32324512449981
H           -1.97002892281636       -3.96917008187413       -5.14502472641049
H           -3.04595735457777       -2.99339561824923       -4.12503830386598
H           -1.80519935893289       -5.59973251010088       -3.43964673810550
H           -2.92120975295433       -4.64863582508730       -2.43860882768613
H           -0.41696902188922       -4.24853049423574       -0.19722714453314
H           -1.10696621680721       -5.70050078168761       -0.91871427850768
H            0.57309673629239       -5.28146144248392       -1.26492551511506
29
 energy: -34.732287304488 gnorm: 0.001384041335 xtb: 6.7.1 (edcfbbe)
C            0.56415376526792       -0.31220759424152       -0.13262023188065
C            0.54411658678679       -0.10098872058967       -1.64189792147604
C            1.32783264997678       -1.18204785502384       -2.39415674567139
N            0.75388394004412       -2.50678569147725       -2.21384116236286
C           -0.33780134644564       -3.03465601048306       -2.76253564772623
N           -1.00141840075705       -2.63244423611797       -3.84972940469984
C           -0.68898920887563       -1.58661938327914       -4.79377146642586
C           -2.09818829855704       -3.54572050708413       -4.15156267308595
C           -2.01118828679533       -4.60436179514749       -3.04627861297086
N           -0.89755899443106       -4.13586290457788       -2.24072846353700
C           -0.42622842816244       -4.86793265715593       -1.09249959164855
H            0.05123574291839       -1.23046953158068        0.14734998772337
H            0.06180340599039        0.51238908375426        0.36434257315821
H            1.58625129070532       -0.35484581191562        0.23580264162259
H           -0.49027913599467       -0.08307070399483       -1.99268696523272
H            0.99505298405467        0.86305460762485       -1.87761261362115
H            1.38935503573442       -0.94495404050192       -3.45426175842748
H            2.34532982257513       -1.23011929262914       -2.00267678943794
H            1.05528104526143       -2.96357373406533       -1.36399524843967
H           -1.49253516151349       -1.54659587635465       -5.52522477213650
H           -0.63086785427149       -0.61331789208239       -4.30792624992432
H            0.24344283476679       -1.79205952089338       -5.32288287221700
H           -1.96457791896409       -3.97502472784660       -5.14814443704628
H           -3.04676649183998       -3.00173697360139       -4.13253152795004
H           -1.80368036661152       -5.60387591743284       -3.44008917442979
H           -2.92095413609599       -4.65140349072507       -2.44168431932699
H           -0.41694439125085       -4.23933249510086       -0.19900309431301
H           -1.10794219394657       -5.69501220887100       -0.91184857069452
H            0.57214151043066       -5.27935411860600       -1.26125488782118
29
 energy: -34.732298795604 gnorm: 0.000892273052 xtb: 6.7.1 (edcfbbe)
C            0.56630709009273       -0.31497754171122       -0.12951137375199
C            0.54852782614248       -0.09926718773315       -1.63835490783392
C            1.32635713683227       -1.18083554059060       -2.39502581786999
N            0.75111538150210       -2.50516584127804       -2.21651620836573
C           -0.34007359945618       -3.03427553819988       -2.76529632450668
N           -1.00460331589926       -2.63447028707898       -3.85262907902360
C           -0.69355490839508       -1.58494892990318       -4.79322322179347
C           -2.09638172181598       -3.55317204760836       -4.15745850353087
C           -2.00942901985446       -4.60894939570579       -3.04922302075330
N           -0.89614361551377       -4.13785596346517       -2.24431103487810
C           -0.42697253542328       -4.86179164768127       -1.08987731837249
H            0.04402012739806       -1.22862469657186        0.14835973868875
H            0.07152980872584        0.51387453281068        0.36862806603291
H            1.58768827857373       -0.36826353788145        0.23987808453717
H           -0.48572180272315       -0.07308221351682       -1.98909749174905
H            1.00553130885206        0.86298595395385       -1.87028653923327
H            1.38569425714381       -0.94117198676670       -3.45465237858010
H            2.34535987731532       -1.23237777272954       -2.00703460050492
H            1.04992909546718       -2.96246358373426       -1.36674845419715
H           -1.49971406133468       -1.54013539940165       -5.52263672587038
H           -0.63233692551614       -0.61447396261900       -4.30177381198794
H            0.23737441870395       -1.78978677837012       -5.32632899745721
H           -1.95579523221354       -3.98400064738321       -5.15241314974557
H           -3.04742793388205       -3.01346388380296       -4.14397949792445
H           -1.80118144430305       -5.60944926349528       -3.43993347937020
H           -2.91960761644946       -4.65460044782231       -2.44515215830431
H           -0.41609597681715       -4.22532792138376       -0.20195736622159
H           -1.11066674077129       -5.68559804183971       -0.90177237116537
H            0.57023184361895       -5.27726042849071       -1.25562205626683
29
 energy: -34.732305065383 gnorm: 0.001035723365 xtb: 6.7.1 (edcfbbe)
C            0.56819261241549       -0.31650759661970       -0.12838754744839
C            0.55200902960859       -0.09746818136721       -1.63683406062248
C            1.32575691558263       -1.17985391469507       -2.39563878639366
N            0.74852382536159       -2.50340530400817       -2.21699036532576
C           -0.34130973011627       -3.03418339254639       -2.76690557822427
N           -1.00682066875910       -2.63550642006133       -3.85395069805169
C           -0.69817608593478       -1.58275184865545       -4.79185334080473
C           -2.09406901199106       -3.55868542303450       -4.16165442504234
C           -2.00725135243734       -4.61261807485330       -3.05175360565663
N           -0.89371461322980       -4.14042192667139       -2.24770742310455
C           -0.42838617783650       -4.85859759155474       -1.08810915574378
H            0.03944763967420       -1.22679376206854        0.14779526619362
H            0.07931443645487        0.51475063893030        0.37141571356131
H            1.58902670624794       -0.37772957870071        0.24089084845703
H           -0.48203922382637       -0.06564423317925       -1.98749330834841
H            1.01321136511470        0.86335954238073       -1.86628640967060
H            1.38445132030966       -0.93986899241149       -3.45515696403890
H            2.34515175503725       -1.23383933106423       -2.00903352444248
H            1.04562121521215       -2.96042091967888       -1.36611899770143
H           -1.50313102530379       -1.53726804572709       -5.52119337618344
H           -0.63902912259652       -0.61443304381906       -4.29795225888685
H            0.23263451942639       -1.78361883983248       -5.32503427681256
H           -1.94808238664058       -3.99020297393422       -5.15549585706015
H           -3.04708991081366       -3.02259446864386       -4.15245932197554
H           -1.79915254381307       -5.61365045535219       -3.44076046576927
H           -2.91735627052977       -4.65718304780050       -2.44744836052454
H           -0.41623540753429       -4.21639857895487       -0.20435305152734
H           -1.11507039371632       -5.67877635695714       -0.89532083371360
H            0.56753258463376       -5.27861787911974       -1.25015983513826
29
 energy: -34.732311581462 gnorm: 0.000683312901 xtb: 6.7.1 (edcfbbe)
C            0.57053470031078       -0.31914519850953       -0.12742953211319
C            0.55492740866659       -0.09501732011897       -1.63524487610269
C            1.32474095131679       -1.17809273279012       -2.39673148944945
N            0.74599954206766       -2.50090084527546       -2.21630447517899
C           -0.34189105480936       -3.03385007021294       -2.76781041891531
N           -1.00799756564215       -2.63611417226161       -3.85481975438289
C           -0.70298139117710       -1.58073558092716       -4.79100791051627
C           -2.09012866195808       -3.56406323484462       -4.16600459298024
C           -2.00434189464266       -4.61574352903521       -3.05397487551342
N           -0.89116417860008       -4.14231465561366       -2.25012418875797
C           -0.43076652829577       -4.85579552407514       -1.08580038947725
H            0.03526593045263       -1.22647469189165        0.14587918552220
H            0.08825560541331        0.51378272269801        0.37584460407772
H            1.59119500766641       -0.38929058336356        0.24073444679793
H           -0.47898689498459       -0.05806380904157       -1.98570765108604
H            1.01970906865431        0.86473916002328       -1.86177844094701
H            1.38108766460120       -0.93843183894420       -3.45655063734545
H            2.34508127710926       -1.23395589756670       -2.01269842160677
H            1.04169266717515       -2.95572212787416       -1.36421620847679
H           -1.51107519141432       -1.53373946774421       -5.51730759652369
H           -0.64256310716192       -0.61385873845531       -4.29407220377242
H            0.22629361621375       -1.77966000107149       -5.32822909165187
H           -1.93762563573432       -3.99680078828390       -5.15845565788274
H           -3.04528180761110       -3.03172923273943       -4.16255646747762
H           -1.79623023883888       -5.61764830910124       -3.44067218472056
H           -2.91484358449341       -4.65878577900713       -2.44998471112237
H           -0.41732220293999       -4.20882073876722       -0.20561135231325
H           -1.12130482710100       -5.67187354637840       -0.88963361528439
H            0.56368132575687       -5.28082346882719       -1.24368149279887
29
 energy: -34.732316539570 gnorm: 0.000339831254 xtb: 6.7.1 (edcfbbe)
C            0.57344170445713       -0.32146324782747       -0.12714265841643
C            0.55827344357077       -0.09200556516575       -1.63404513852553
C            1.32377033454905       -1.17665029488725       -2.39796976078821
N            0.74316659648183       -2.49815530718964       -2.21419342456073
C           -0.34208514351987       -3.03378364643163       -2.76795576240962
N           -1.00872805095124       -2.63622434665316       -3.85478033311246
C           -0.70919183524878       -1.57773942575865       -4.78912451220594
C           -2.08431759174821       -3.56986443291504       -4.17093491369473
C           -2.00053408097157       -4.61924955029022       -3.05671288101096
N           -0.88785238313723       -4.14509861023295       -2.25282467538069
C           -0.43413917014275       -4.85391514245792       -1.08321510562237
H            0.03063772861470       -1.22530969973335        0.14302858654283
H            0.09868509875929        0.51321704325186        0.37977712696822
H            1.59394150758184       -0.40154920537943        0.23931675511367
H           -0.47549236753845       -0.05010151091949       -1.98429263732709
H            1.02687626889510        0.86644594895644       -1.85785004335027
H            1.37672485511274       -0.93803349276613       -3.45823173444569
H            2.34523548050159       -1.23401438911250       -2.01726731699436
H            1.03730666699985       -2.94941367492450       -1.35956009244829
H           -1.52087650053238       -1.53038845009441       -5.51158819838859
H           -0.64855725290321       -0.61184064099669       -4.28961597766075
H            0.21827899116082       -1.77314939047669       -5.33122749072863
H           -1.92333324254308       -4.00378102510762       -5.16169032884586
H           -3.04205766876102       -3.04222469700461       -4.17477870825415
H           -1.79291173711135       -5.62209325664883       -3.44107231237690
H           -2.91169220748990       -4.66032302319228       -2.45342412704023
H           -0.41959565831575       -4.20216098732608       -0.20658604986948
H           -1.12957708545308       -5.66517339421816       -0.88436323587945
H            0.55856329968318       -5.28488658449833       -1.23562504928695
