30
 energy: -34.360835693728 gnorm: 0.058789492749 xtb: 6.7.1 (edcfbbe)
C            1.75339000000000        1.02153000000000       -0.58893000000000
C            0.59834000000000        0.29343000000000       -1.25853000000000
C            1.00210000000000       -1.12598000000000       -1.65887000000000
N           -0.22029000000000       -2.03869000000000       -1.66973000000000
C           -0.43946000000000       -2.65117000000000       -0.38800000000000
C           -0.15000000000000       -3.94968000000000       -0.42516000000000
C            0.29476000000000       -4.37197000000000       -1.77565000000000
N            0.08022000000000       -3.14853000000000       -2.59634000000000
C           -0.98549000000000       -3.25986000000000       -3.60178000000000
C           -0.38520000000000       -5.66952000000000       -2.20978000000000
C           -0.97052000000000       -1.91844000000000        0.80030000000000
H            2.03470000000000        0.52104000000000        0.34404000000000
H            1.46547000000000        2.04871000000000       -0.34494000000000
H            2.63227000000000        1.05547000000000       -1.23978000000000
H           -0.26105000000000        0.30728000000000       -0.58251000000000
H            0.29332000000000        0.84714000000000       -2.15482000000000
H            1.40927000000000       -1.10158000000000       -2.67813000000000
H            1.75566000000000       -1.56535000000000       -0.99342000000000
H           -1.04711000000000       -1.50389000000000       -1.98345000000000
H           -0.22287000000000       -4.62451000000000        0.41854000000000
H            1.37612000000000       -4.55520000000000       -1.73878000000000
H           -1.96213000000000       -3.47375000000000       -3.15327000000000
H           -1.07155000000000       -2.32078000000000       -4.16056000000000
H           -0.74972000000000       -4.03341000000000       -4.33942000000000
H           -0.06246000000000       -5.96706000000000       -3.21280000000000
H           -0.11636000000000       -6.48549000000000       -1.52829000000000
H           -1.47786000000000       -5.59152000000000       -2.20221000000000
H           -0.21762000000000       -1.23139000000000        1.19783000000000
H           -1.86225000000000       -1.34529000000000        0.52826000000000
H           -1.24929000000000       -2.60730000000000        1.60443000000000
30
 energy: -34.365733703085 gnorm: 0.026671413623 xtb: 6.7.1 (edcfbbe)
C            1.75797763394450        1.02295897569535       -0.59102463652482
C            0.59520298640736        0.30210438539360       -1.26105953113254
C            0.97636900052220       -1.12478254114204       -1.65725555790421
N           -0.20588135243443       -2.06578246312217       -1.66450093404697
C           -0.44717909049375       -2.67250510517484       -0.36663272728435
C           -0.14538210126018       -3.96175538791209       -0.40845349438335
C            0.29611444299670       -4.37926416364327       -1.77128643179127
N            0.06272911564227       -3.16708786774065       -2.59725630678640
C           -0.99388708870611       -3.25256432973841       -3.59426740352354
C           -0.38716453421996       -5.66381223182230       -2.22503249825718
C           -0.97302162134091       -1.90101619217343        0.79276359366222
H            2.04295088019915        0.52461008799721        0.33504552282413
H            1.47560573619303        2.04528540198333       -0.34995168011586
H            2.62681875851928        1.05568954723227       -1.24458242864760
H           -0.25313236319896        0.30035412839562       -0.57431847434939
H            0.28876684323000        0.85553952259572       -2.15282545693046
H            1.39371412619727       -1.13644048139027       -2.66732957235633
H            1.71438930780816       -1.55600243152342       -0.97866626211436
H           -1.02303435263745       -1.52513959457266       -1.98504217363710
H           -0.21422421414952       -4.63877276265537        0.42232514668971
H            1.38170314596739       -4.55409465089278       -1.76786809902077
H           -1.97406451832436       -3.47502946688551       -3.15911996186780
H           -1.04441341291519       -2.31057803059025       -4.14626250765546
H           -0.73662280204435       -4.02909322536252       -4.31078206286469
H           -0.06413830725919       -5.95665696711568       -3.22173901441175
H           -0.10393695286890       -6.46057077151773       -1.53827922193425
H           -1.47292311488621       -5.58172224855871       -2.20809766780451
H           -0.22364974042549       -1.21658598119716        1.19113368246997
H           -1.86156552554333       -1.32861733538091        0.52328623514917
H           -1.24373088491899       -2.59442781918089        1.58532992454973
30
 energy: -34.366864481218 gnorm: 0.011824269751 xtb: 6.7.1 (edcfbbe)
C            1.75824994018216        1.01569142621281       -0.60383397684090
C            0.58556289272366        0.29682563686677       -1.26357577683183
C            0.96723712787156       -1.13442849760388       -1.64586425866806
N           -0.20192650040643       -2.07503800346637       -1.65523692906216
C           -0.45549993008733       -2.68848312803440       -0.34621513605947
C           -0.14263561144761       -3.97232403563154       -0.39996859237204
C            0.30022208731699       -4.37847536311472       -1.77181600949190
N            0.04809694410946       -3.16637970178291       -2.58835202601608
C           -0.99720763834695       -3.24083596626400       -3.58541410063904
C           -0.38198738580091       -5.66065993409970       -2.23231655235676
C           -0.97624802800553       -1.88958195649951        0.79056788912549
H            2.04781918900339        0.52105393869410        0.31952574601393
H            1.47833240782174        2.03694463912245       -0.36714778295268
H            2.61932021826707        1.04472935869070       -1.26394941861814
H           -0.25457314641193        0.29406059358129       -0.56841896133359
H            0.27896194483821        0.84904550021227       -2.15320499018565
H            1.39367172140086       -1.16626605666050       -2.64983086048725
H            1.70176407888451       -1.54658982707490       -0.95253518434743
H           -1.01485304867599       -1.53107943492161       -1.97784889894640
H           -0.20783789748334       -4.66212530445603        0.41651435645470
H            1.38775325359676       -4.54460801209003       -1.78476537722424
H           -1.98643240730961       -3.46195653257477       -3.16966269978970
H           -1.02508236396597       -2.29856389742784       -4.13299098969486
H           -0.72744121884422       -4.01907655815064       -4.29176689373912
H           -0.05851559886185       -5.94271269814647       -3.22796986228923
H           -0.09558895158049       -6.45570948130099       -1.54996071945004
H           -1.46399609157592       -5.57374389890805       -2.21392657879483
H           -0.22580256602112       -1.20415620440795        1.18024187705206
H           -1.85890049722309       -1.31647533839344        0.51156595230046
H           -1.24807292396806       -2.57484126237007        1.58640675524467
30
 energy: -34.367251891159 gnorm: 0.005921311348 xtb: 6.7.1 (edcfbbe)
C            1.75902492230595        1.01451426985998       -0.61944681522455
C            0.58043408611294        0.29056593868438       -1.26515008501116
C            0.96332573893042       -1.14516662767020       -1.63041750563962
N           -0.20390473263599       -2.08016578163675       -1.64584615520056
C           -0.46076863915067       -2.70084267324092       -0.32983285093462
C           -0.14008153727190       -3.98133749450089       -0.39429155135018
C            0.30317734608723       -4.37627596988095       -1.77178663292810
N            0.03919465661928       -3.16236238118833       -2.57898792360180
C           -0.99755308218167       -3.23039381569201       -3.58220962935772
C           -0.37565614269389       -5.65845074470218       -2.23885157466348
C           -0.98056471820475       -1.88675495399053        0.79289282069716
H            2.05467890757461        0.52468816662676        0.30428524792056
H            1.48272640555356        2.03804085804968       -0.38828094782651
H            2.61355884265718        1.03544836194744       -1.28841289039432
H           -0.25507873382639        0.29475780571940       -0.56542330037109
H            0.27069823257945        0.83397560115168       -2.15826445705254
H            1.40349023628443       -1.18635752187928       -2.62815457019082
H            1.69248677670121       -1.54453450988876       -0.92280525280937
H           -1.01685264212946       -1.53419013588038       -1.96453312135996
H           -0.20234855295123       -4.68439136610951        0.41168652227230
H            1.39094465920766       -4.53572085652789       -1.78881424873561
H           -1.99412981591361       -3.44447802524191       -3.17894800448046
H           -1.01427365398261       -2.28785006671368       -4.12822125311918
H           -0.72696348318292       -4.00995576078589       -4.28657368489839
H           -0.05030211716601       -5.93225613075744       -3.23611818074833
H           -0.08891965051813       -6.45728915248703       -1.56172520852936
H           -1.45728979098443       -5.57036432798903       -2.22147139385862
H           -0.22748483438169       -1.19861644285700        1.17270133099886
H           -1.85858999553917       -1.31295103741073        0.50107787856775
H           -1.25858868789936       -2.55704522500794        1.60017343782956
30
 energy: -34.367502430725 gnorm: 0.004450032316 xtb: 6.7.1 (edcfbbe)
C            1.76150997525381        1.01835682746360       -0.64157124561037
C            0.57715019624916        0.28482972905562       -1.26624691235385
C            0.96146861112995       -1.15660424327414       -1.60770155322668
N           -0.20833029392771       -2.08478762979161       -1.63475763330459
C           -0.46605748325002       -2.71397360473796       -0.31407751775420
C           -0.13965890540362       -3.99171482792469       -0.38966202410548
C            0.30429548150612       -4.37449859333028       -1.77152033814294
N            0.03206446766211       -3.15770402363462       -2.56872236881178
C           -0.99708357110610       -3.21894632749987       -3.58074926241561
C           -0.36856086309741       -5.65682588199496       -2.24754793498211
C           -0.98627774785285       -1.88863417861488        0.79741171781310
H            2.06577661536973        0.53878715860727        0.28551317602421
H            1.48879991302779        2.04548194695622       -0.42010350564060
H            2.60934135445961        1.02859231904972       -1.32037021877534
H           -0.25429307565970        0.30187614749611       -0.56188559958069
H            0.26159239943654        0.81176059561132       -2.16767185911577
H            1.42168891572987       -1.20658282220274       -2.59685203876751
H            1.67878287416764       -1.54789218309959       -0.88242207549907
H           -1.02280131350210       -1.53561700130540       -1.94480561270998
H           -0.19658865187023       -4.70741095025745        0.40695850171223
H            1.39212053453634       -4.52768076366603       -1.78762520972377
H           -1.99996105062330       -3.42246205641561       -3.18629382553077
H           -1.00357204993410       -2.27558709319175       -4.12630015448209
H           -0.73098454040538       -4.00012408152438       -4.28565227580981
H           -0.03931237268452       -5.92184408930805       -3.24691649423757
H           -0.08236986481443       -6.46186220426184       -1.57674337622016
H           -1.45098175744373       -5.57055082650678       -2.23351871998736
H           -0.23041447462270       -1.19776768509428        1.16850492819732
H           -1.86034405801639       -1.31458179125675        0.49202536921918
H           -1.27260926431433       -2.54179186534603        1.61755406382179
30
 energy: -34.367647534426 gnorm: 0.005379140042 xtb: 6.7.1 (edcfbbe)
C            1.76469003675541        1.02605482823602       -0.66220342336588
C            0.57697795719023        0.28184162743044       -1.26663768455186
C            0.96220850622825       -1.16389434336302       -1.58649823637039
N           -0.21159824201323       -2.08791145264236       -1.62615155889686
C           -0.47023247438827       -2.72335696492941       -0.30518368602608
C           -0.14243925332571       -3.99990514342564       -0.38768993072785
C            0.30312683864281       -4.37430483394325       -1.77138440432588
N            0.02922161490970       -3.15487497105205       -2.56238116127482
C           -0.99668173800952       -3.21064636747997       -3.57968123037338
C           -0.36420524936969       -5.65605705381632       -2.25588076335803
C           -0.99137815796787       -1.89383917473842        0.80165744383252
H            2.07673706939276        0.55899977127048        0.26944014815361
H            1.49312960163718        2.05620025288495       -0.45197215831271
H            2.60764355971185        1.02737165432610       -1.34769716304234
H           -0.25100000310620        0.31110752707153       -0.55795178357319
H            0.25494756322322        0.79170057548489       -2.17652299985348
H            1.44060193342595       -1.22161030998840       -2.56726651427320
H            1.66558029026276       -1.55207189722171       -0.84559008793190
H           -1.02693831144691       -1.53520181822856       -1.92849537910195
H           -0.19542913839128       -4.72190001301879        0.40396212241468
H            1.39125563541148       -4.52431060344066       -1.78402195701598
H           -2.00225218841087       -3.40543044460203       -3.18763516714958
H           -0.99586450320431       -2.26675945504325       -4.12549743885048
H           -0.73624873832592       -3.99345334523436       -4.28534633068784
H           -0.03042077443804       -5.91493344967038       -3.25608001173199
H           -0.07895326737241       -6.46563836285250       -1.58934397654660
H           -1.44749147310259       -5.57309329346654       -2.24604003517769
H           -0.23436429645581       -1.20188331191260        1.16948977889389
H           -1.86357830521489       -1.32000021568924        0.48932076546939
H           -1.28265449224803       -2.53795941094471        1.62753282375548
30
 energy: -34.367801527350 gnorm: 0.005393524944 xtb: 6.7.1 (edcfbbe)
C            1.76805981049819        1.03719347658925       -0.68461470550708
C            0.57843434675330        0.27989314549651       -1.26698479440472
C            0.96553167342767       -1.16926216939208       -1.56362521690462
N           -0.21288915692847       -2.09040804886393       -1.61803894225102
C           -0.47440082385691       -2.73139046407883       -0.30024087064233
C           -0.14820247781474       -4.00782754036470       -0.38755286226979
C            0.30059786400294       -4.37529998300050       -1.77168859273780
N            0.02934383748047       -3.15275644354053       -2.55828394333771
C           -0.99652253660588       -3.20319813100368       -3.57764806377623
C           -0.36152953721486       -5.65565944709398       -2.26532973198204
C           -0.99642644826756       -1.90168377500895        0.80599381681028
H            2.08814041614009        0.58614703883110        0.25277086746545
H            1.49532191089595        2.07004379070193       -0.48856050272449
H            2.60667328936753        1.02979229624382       -1.37538070358210
H           -0.24526787030302        0.32121903327685       -0.55311636539519
H            0.24832873356526        0.77072442508497       -2.18531605735216
H            1.46366520307573       -1.23643693890290       -2.53424955752884
H            1.65142549615596       -1.55497075572887       -0.80513333422715
H           -1.02762676455304       -1.53327608107543       -1.91430321045487
H           -0.19981628579918       -4.73281687066080        0.40122175157748
H            1.38923393338656       -4.52407460486362       -1.77925272421308
H           -2.00281224321156       -3.38982947840142       -3.18424661344089
H           -0.98933871814640       -2.25942551836093       -4.12434425841324
H           -0.74280632865808       -3.98818973330624       -4.28354764954554
H           -0.02235161119002       -5.90942859272581       -3.26538671561810
H           -0.07787556324254       -6.46873155318264       -1.60179467880707
H           -1.44553174239599       -5.57629653297251       -2.26058233034685
H           -0.23916354509478       -1.20951990094110        1.17340578025862
H           -1.86778690129217       -1.32789825869035        0.49099877416294
H           -1.29001796017442       -2.54239238406430        1.63308143518766
30
 energy: -34.367997331132 gnorm: 0.004900571686 xtb: 6.7.1 (edcfbbe)
C            1.77192948762994        1.05315675137214       -0.71300082623846
C            0.58098985152284        0.27802980811036       -1.26758475872473
C            0.97187897478103       -1.17420759495642       -1.53578165144553
N           -0.21116886030865       -2.09292612342665       -1.60821879247102
C           -0.47975824919695       -2.74000324628447       -0.29730907876825
C           -0.15794135592077       -4.01730566603623       -0.38876816124469
C            0.29721189233944       -4.37758593102840       -1.77235401169570
N            0.03230500628188       -3.15057863868769       -2.55488633926381
C           -0.99630983888256       -3.19460526194238       -3.57317260657101
C           -0.35985991958984       -5.65538769263047       -2.27759635211383
C           -1.00271226288655       -1.91317045215383        0.81137390236451
H            2.10201981809516        0.62400272738183        0.23161789145487
H            1.49563769841137        2.08872426459319       -0.53630755610177
H            2.60528747861448        1.03542522688122       -1.40965741206380
H           -0.23615901884790        0.33183654285541       -0.54625888160938
H            0.23962584376258        0.74578316194786       -2.19449866424463
H            1.49389212147257       -1.25479830188622       -2.49276099567109
H            1.63539425230826       -1.55476529332755       -0.75504640814426
H           -1.02280265546079       -1.52982025867904       -1.90134350470756
H           -0.21275322095904       -4.74407700546512        0.39760521641004
H            1.38644531955294       -4.52648310470808       -1.77319521784188
H           -2.00221197091014       -3.37308425424790       -3.17588220394235
H           -0.98267674423141       -2.25153962828792       -4.12103286768095
H           -0.75056983070580       -3.98239955999991       -4.27870371082594
H           -0.01377776277694       -5.90369710290174       -3.27667383111204
H           -0.07907309777509       -6.47163590194518       -1.61652647669840
H           -1.44425653912017       -5.57903568960963       -2.27943485767033
H           -0.24591977404370       -1.22133603016184        1.18037005120638
H           -1.87384241062578       -1.33890221064948        0.49697656214433
H           -1.29643423253036       -2.55537353412540        1.63630154327064
30
 energy: -34.368222017710 gnorm: 0.004435860560 xtb: 6.7.1 (edcfbbe)
C            1.77625212953648        1.07297896053104       -0.74794278385132
C            0.58410000965072        0.27566023642929       -1.26850439454210
C            0.98080472182492       -1.17937088696375       -1.50380872343130
N           -0.20568591629224       -2.09556303494462       -1.59567041485069
C           -0.48666006195806       -2.74976889819410       -0.29466157519821
C           -0.17152918760378       -4.02867731053197       -0.39058557487660
C            0.29384877276188       -4.38096624956265       -1.77284353473457
N            0.03778087178112       -3.14796772869247       -2.55072873698198
C           -0.99532200463794       -3.18403971663064       -3.56543656382682
C           -0.35869897561036       -5.65500314932396       -2.29249779228988
C           -1.01095538927681       -1.92814333795112        0.81830252655242
H            2.11890953355200        0.67114865432052        0.20446700493820
H            1.49432588562819        2.11102411194568       -0.59544004005571
H            2.60255471957942        1.04291805454067       -1.45234687962359
H           -0.22377587749842        0.34163237597749       -0.53722587779719
H            0.22824409963049        0.71715667567664       -2.20315361360549
H            1.52908278365913       -1.27665971892550       -2.44405914903827
H            1.61937550422273       -1.54999113515291       -0.69798539295075
H           -1.01133378715726       -1.52513369800147       -1.89024636403343
H           -0.23575108659814       -4.75785418876796        0.39247276977862
H            1.38346195949763       -4.53074661025196       -1.76572366206730
H           -2.00040711784954       -3.35521156641088       -3.16330001162140
H           -0.97559193578951       -2.24167230781500       -4.11373562373796
H           -0.75800680309868       -3.97435706491870       -4.27071767817752
H           -0.00430726387288       -5.89677645097963       -3.29005226512872
H           -0.08238329810462       -6.47476415683932       -1.63401982291939
H           -1.44303540247597       -5.57998614478380       -2.30231547232724
H           -0.25532064425963       -1.23687453611633        1.19038915912800
H           -1.88234407758407       -1.35297460088525        0.50674342294530
H           -1.30324216165681       -2.57577657677674        1.63887706432411
30
 energy: -34.368429753888 gnorm: 0.003792626940 xtb: 6.7.1 (edcfbbe)
C            1.78040233257980        1.09196034309283       -0.78439370053219
C            0.58716072192996        0.27285096694041       -1.26960857514286
C            0.99003030948332       -1.18438559682897       -1.47358071304721
N           -0.19763398944316       -2.09794468320858       -1.58169162355117
C           -0.49403973404614       -2.75955801174210       -0.29091450202664
C           -0.18632815643325       -4.04018787647676       -0.39196323039499
C            0.29148934267741       -4.38451158841582       -1.77241577178081
N            0.04438887153211       -3.14513218420239       -2.54508179344130
C           -0.99296831428812       -3.17245867296585       -3.55551998084291
C           -0.35748001311836       -5.65420600933232       -2.30727044568565
C           -1.02049874711276       -1.94402988921672        0.82624206126693
H            2.13663232294083        0.71787681018174        0.17407446281951
H            1.49207685381839        2.13148609948480       -0.65631418789624
H            2.59836779226618        1.04930895862155       -1.49775676308689
H           -0.21036034975984        0.34941092780192       -0.52788477855181
H            0.21626733849674        0.68934985615687       -2.20960854229114
H            1.56113477766595       -1.29761012442623       -2.39736542248175
H            1.60680817641302       -1.54161521306184       -0.64582469820792
H           -0.99591541787373       -1.52042689150611       -1.88181572061949
H           -0.26452038804513       -4.77329025442487        0.38622942479294
H            1.38098698300492       -4.53527059024622       -1.75722617421715
H           -1.99736556008792       -3.33895362421818       -3.14959730448956
H           -0.96886012778181       -2.22975865224611       -4.10227495876381
H           -0.76261992852268       -3.96341982528189       -4.26197028730689
H            0.00536618130229       -5.88876124200441       -3.30326104540491
H           -0.08660522557642       -6.47801903266800       -1.65189886479739
H           -1.44138875503898       -5.57856504855486       -2.32528628603714
H           -0.26666170782893       -1.25306543898508        1.20211378220979
H           -1.89263059588571       -1.36832421315139        0.51806457805405
H           -1.31084499326796       -2.59850929911468        1.64205106145363
30
 energy: -34.368588006425 gnorm: 0.002904742196 xtb: 6.7.1 (edcfbbe)
C            1.78399018118729        1.10621003180073       -0.81746524070153
C            0.58963696665842        0.27000854442908       -1.27073059038390
C            0.99725591522520       -1.18905441845791       -1.44898755521634
N           -0.18979907960603       -2.09991142208266       -1.56820808711644
C           -0.50084361078612       -2.76833688531198       -0.28544974613851
C           -0.19950164291548       -4.05017444815631       -0.39229722782737
C            0.29027135805386       -4.38722852723019       -1.77092786934933
N            0.05027355700510       -3.14237966450423       -2.53818213009630
C           -0.98954046690573       -3.16116430232676       -3.54555013233847
C           -0.35560018921377       -5.65280813506444       -2.31973242231259
C           -1.03016205236170       -1.95808774872150        0.83426031405345
H            2.15327533568623        0.75603073454198        0.14431780758638
H            1.49034970505980        2.14623560559995       -0.71005708443563
H            2.59335567070714        1.05210430773291       -1.53983635791714
H           -0.19846271989260        0.35576515103148       -0.52009305229608
H            0.20569673682591        0.66557173202639       -2.21389422000948
H            1.58543261139622       -1.31488328578577       -2.35941006028326
H            1.59809957096098       -1.53269536923737       -0.60482370227643
H           -0.98160728151952       -1.51703384868773       -1.87491332825901
H           -0.29168150250345       -4.78839518511822        0.37976992887854
H            1.37928726313648       -4.53846477324082       -1.74846363371370
H           -1.99372057868507       -3.32636103122607       -3.13812959211273
H           -0.96322204110660       -2.21643591630350       -4.08821282447571
H           -0.76340402910183       -3.95002233468129       -4.25538911837150
H            0.01475585540001       -5.88004021260743       -3.31451624794946
H           -0.08991520947103       -6.48100746711810       -1.66806901529643
H           -1.43898737050309       -5.57568396585266       -2.34507741506473
H           -0.27853596436131       -1.26663985468456        1.21340211395130
H           -1.90339045617927       -1.38289339748270        0.52833068470410
H           -1.31891653219006       -2.61798391327945        1.64658580476713
30
 energy: -34.368696307432 gnorm: 0.002201104295 xtb: 6.7.1 (edcfbbe)
C            1.78725063310311        1.11524338575829       -0.84470044506479
C            0.59139539680791        0.26750021634607       -1.27120782214318
C            1.00158958139731       -1.19316550522742       -1.43029541474232
N           -0.18440409882110       -2.10154546059920       -1.55664961596166
C           -0.50644276787258       -2.77562830843568       -0.27902368872098
C           -0.20966917110430       -4.05802872276735       -0.39169893465437
C            0.28959966170221       -4.38878855262297       -1.76887302546988
N            0.05442337868257       -3.13995158610903       -2.53119010572070
C           -0.98577283179454       -3.15142780990395       -3.53753891343984
C           -0.35315588461486       -5.65100265776926       -2.32922590714826
C           -1.03888452860588       -1.96893656008307        0.84138839458575
H            2.16817430067880        0.78374995639982        0.11844876737933
H            1.49045114297325        2.15554761464403       -0.75307129044159
H            2.58867558551147        1.05119617739877       -1.57520743182747
H           -0.18913617379144        0.36141115600502       -0.51377915230026
H            0.19696012400062        0.64659337415780       -2.21638649423959
H            1.60130682414394       -1.32757677142558       -2.33142500490347
H            1.59214612071930       -1.52599866506047       -0.57521044160054
H           -0.97205765119918       -1.51546242170418       -1.86791800842806
H           -0.31218428061225       -4.80136197402033        0.37419802799231
H            1.37811942519311       -4.53995395872380       -1.74024440515195
H           -1.99016174972212       -3.31836488096920       -3.13083794002936
H           -0.95909865271795       -2.20327480111618       -4.07418255202430
H           -0.76080806603200       -3.93587816132396       -4.25255113975163
H            0.02324483348723       -5.87145507960941       -3.32324385948774
H           -0.09146008129529       -6.48335597511638       -1.68144389602469
H           -1.43616026252177       -5.57285559740841       -2.36048416994704
H           -0.28961501280982       -1.27603626127649        1.22250012761549
H           -1.91336203920336       -1.39528977745892        0.53598693615224
H           -1.32657375568240       -2.63166239197761        1.65211740549727
30
 energy: -34.368773297917 gnorm: 0.001857405367 xtb: 6.7.1 (edcfbbe)
C            1.79053608217576        1.12025031632775       -0.86602288299250
C            0.59257190901198        0.26569991470262       -1.27072839715313
C            1.00340435006226       -1.19622101630810       -1.41668488580726
N           -0.18186163954729       -2.10275489794509       -1.54740569355528
C           -0.51068639341577       -2.78127616815364       -0.27277490526909
C           -0.21690964499794       -4.06382987707526       -0.39052128538970
C            0.28901206007799       -4.38938337456619       -1.76668895963591
N            0.05694606836605       -3.13785064485381       -2.52497937183101
C           -0.98211469791455       -3.14387303406340       -3.53212733983694
C           -0.35056771611172       -5.64910609733126       -2.33601104773845
C           -1.04630918349658       -1.97674481077492        0.84721982277432
H            2.18129660566252        0.80236504544633        0.09723750315887
H            1.49267014745007        2.16093513079966       -0.78556243443433
H            2.58501858701764        1.04781073302988       -1.60341351868846
H           -0.18189791973102        0.36678079665436       -0.50801746318336
H            0.18969442643544        0.63263239504834       -2.21692768209619
H            1.60997459809229       -1.33582029913803       -2.31222645073551
H            1.58790957783579       -1.52227589275965       -0.55526213217880
H           -0.96771798695435       -1.51515601951921       -1.86033241602189
H           -0.32557231839117       -4.81139719673661        0.37024841461694
H            1.37722311757873       -4.54020904186023       -1.73302399215787
H           -1.98686640758570       -3.31500673940421       -3.12769315022161
H           -0.95660736921569       -2.19168501489340       -4.06190432880643
H           -0.75554810229411       -3.92259203212826       -4.25301293391147
H            0.03038552763764       -5.86375732804366       -3.32958659135742
H           -0.09142706530676       -6.48494449190554       -1.69178797849204
H           -1.43338686656462       -5.57091892001064       -2.37172758165590
H           -0.29946423119376       -1.28164871104013        1.22917683769231
H           -1.92213931429881       -1.40539064876923        0.54109722276575
H           -1.33317620038434       -2.64039207472742        1.65769362214098
30
 energy: -34.368864821391 gnorm: 0.001674163818 xtb: 6.7.1 (edcfbbe)
C            1.79609713452055        1.12440262006043       -0.89289267955480
C            0.59362594024433        0.26403316886762       -1.26848161539694
C            1.00357471541611       -1.19936333849879       -1.40054187513685
N           -0.18134729903098       -2.10410358957351       -1.53576101737379
C           -0.51592250358977       -2.78820709177966       -0.26401233710479
C           -0.22504435487594       -4.07066651291378       -0.38819783746172
C            0.28796063656170       -4.38937058362369       -1.76343618743743
N            0.05904854161894       -3.13487502799152       -2.51668419275727
C           -0.97674467332502       -3.13494719820470       -3.52703551154250
C           -0.34668328373041       -5.64626268158286       -2.34378860894974
C           -1.05634387248974       -1.98572334306808        0.85459047893701
H            2.20049545293276        0.82220873019031        0.06947954188791
H            1.49910174766665        2.16609452821104       -0.82496706780047
H            2.58055549103681        1.04038751810648       -1.63997590649543
H           -0.17210692175274        0.37510952818123       -0.49811926759936
H            0.17884404904697        0.61674903868108       -2.21500387192278
H            1.61647801892384       -1.34405501587835       -2.29127096827009
H            1.58232755738591       -1.51988680303278       -0.53317311022514
H           -0.96690525930232       -1.51556569881000       -1.84773989131099
H           -0.33856709857739       -4.82336904419113        0.36653699266484
H            1.37601905084208       -4.53943571568392       -1.72351542062543
H           -1.98212843209265       -3.31522330311416       -3.12777751749285
H           -0.95457923678040       -2.17635181147484       -4.04583600489025
H           -0.74430359881668       -3.90392306999057       -4.25684603806765
H            0.03961106051559       -5.85315112678092       -3.33699767510576
H           -0.08968416031339       -6.48647167274152       -1.70443048400634
H           -1.42944178157791       -5.56934954564607       -2.38468710568138
H           -0.31332891466815       -1.28648348167538        1.23663826137799
H           -1.93443640669393       -1.41868847370340        0.54639608476319
H           -1.34178159909482       -2.64927100233745        1.66578083257732
30
 energy: -34.368937189840 gnorm: 0.001446533045 xtb: 6.7.1 (edcfbbe)
C            1.80270658049005        1.12702762508238       -0.91559611901992
C            0.59434550422245        0.26386118598101       -1.26453946762065
C            1.00212378513431       -1.20043073637902       -1.38786292301369
N           -0.18322667043351       -2.10479761423859       -1.52631445631444
C           -0.52047259558294       -2.79348721255231       -0.25725682272794
C           -0.23110525628750       -4.07579217707824       -0.38586241699455
C            0.28676117123124       -4.38890257752064       -1.76056378231837
N            0.06017938782662       -3.13200103498490       -2.51002601331183
C           -0.97171255181315       -3.12863784748974       -3.52458538254055
C           -0.34327517000457       -5.64386176037303       -2.34947654219912
C           -1.06574530232927       -1.99322516205816        0.86052381580360
H            2.21986241491674        0.83583900942667        0.04466458514162
H            1.50822242702098        2.16992959043563       -0.85625230404814
H            2.57707274448106        1.03288135062133       -1.67207020786025
H           -0.16147399074048        0.38352149519080       -0.48537163233808
H            0.16710179356282        0.60652902622189       -2.20940815009534
H            1.61774061570156       -1.34822194666122       -2.27627364059755
H            1.57749176307622       -1.51953853276107       -0.51788462711666
H           -0.96967591143777       -1.51574046508857       -1.83538366858584
H           -0.34678895613221       -4.83172051844586        0.36530147618870
H            1.37492472519780       -4.53819616895105       -1.71592487058922
H           -1.97753923879902       -3.31904276422391       -3.13127506825188
H           -0.95364308819962       -2.16469275915263       -4.03366704083471
H           -0.73119901568798       -3.88860309280151       -4.26138008150977
H            0.04702931761098       -5.84442588132943       -3.34241817312528
H           -0.08697051342416       -6.48720644959225       -1.71393308133010
H           -1.42611122715234       -5.56922209950397       -2.39417861087692
H           -0.32675779022881       -1.28970074962272        1.24253630002637
H           -1.94634041707925       -1.43088257444699        0.55056947060509
H           -1.34913453514024       -2.65701915770272        1.67215943545384
30
 energy: -34.369000089784 gnorm: 0.001219296520 xtb: 6.7.1 (edcfbbe)
C            1.81013597748911        1.12833585000014       -0.93862097929366
C            0.59443310565611        0.26449709332625       -1.25923551123602
C            0.99957822960377       -1.20067851381181       -1.37590657984385
N           -0.18653731862355       -2.10508670933446       -1.51741552836642
C           -0.52562238999691       -2.79821118903092       -0.25121791025111
C           -0.23609108752522       -4.08008719214983       -0.38349916709541
C            0.28589080564077       -4.38792017072999       -1.75784984040993
N            0.06055009203276       -3.12873744001841       -2.50361322998565
C           -0.96664289797918       -3.12286928543797       -3.52311492976862
C           -0.33961734368465       -5.64130027759406       -2.35441868357930
C           -1.07596865088070       -2.00080481885791        0.86612531249802
H            2.24226104917940        0.84643288771431        0.01800436936830
H            1.51933365128571        2.17260714595494       -0.88602795291511
H            2.57207909836648        1.02403109840253       -1.70645036704481
H           -0.14868682632239        0.39310827674233       -0.46919690962694
H            0.15275199814437        0.59886702716121       -2.20057126216787
H            1.61899068639143       -1.35226496406753       -2.26247511282930
H            1.57097725470777       -1.51933687071217       -0.50171979410490
H           -0.97386262024069       -1.51553160819083       -1.82349205188048
H           -0.35259918750156       -4.83844769911569        0.36503465619170
H            1.37423151429128       -4.53602023689548       -1.70982397477793
H           -1.97313705374758       -3.32327551999278       -3.13681041303409
H           -0.95218916846295       -2.15413327218665       -4.02320601297598
H           -0.71690633722040       -3.87451362835202       -4.26542131292540
H            0.05400505116563       -5.83589919240831       -3.34718589282978
H           -0.08312037362933       -6.48723156096907       -1.72238968859392
H           -1.42250833206520       -5.56929085076295       -2.40210706941649
H           -0.34138633909371       -1.29275796745286        1.24814718037121
H           -1.95946712786203       -1.44372148597935        0.55484902303596
H           -1.35648545911853       -2.66551892524943        1.67785963348609
30
 energy: -34.369052523494 gnorm: 0.002291946994 xtb: 6.7.1 (edcfbbe)
C            1.82026911718547        1.12926810480088       -0.96390737427738
C            0.59508195904882        0.26568117921359       -1.25003511590151
C            0.99553747041776       -1.19964700642243       -1.36432926839497
N           -0.19089773002388       -2.10492468379782       -1.50809744053416
C           -0.53144037099658       -2.80237040624490       -0.24561203596968
C           -0.24074667138695       -4.08372316596684       -0.38083717220125
C            0.28557006339186       -4.38639245424975       -1.75452766864600
N            0.06134912400327       -3.12501036908816       -2.49703022681359
C           -0.96009103464489       -3.11755683707910       -3.52249557619443
C           -0.33550791650820       -5.63840463914628       -2.35809843094540
C           -1.08911933101188       -2.00984408490375        0.87194775344733
H            2.27131960872116        0.85505991032987       -0.01383224352895
H            1.53404785531992        2.17479986239636       -0.91570741819462
H            2.56600058287349        1.01481073387026       -1.74622501257195
H           -0.13101005682147        0.40236355558124       -0.44560021269586
H            0.13392561680527        0.59291306360383       -2.18496561675613
H            1.61161447439771       -1.35083999650909       -2.25063721624175
H            1.56743355172973       -1.51992025871667       -0.49393818013320
H           -0.97900806480869       -1.51513334540104       -1.81174729297911
H           -0.35865496204496       -4.84388231883538        0.36571423912994
H            1.37405923745044       -4.53331685237722       -1.70311526860452
H           -1.96730124006553       -3.32855037242284       -3.14421356018989
H           -0.94956457898436       -2.14441475246215       -4.01395954283530
H           -0.69975005374723       -3.86079282085214       -4.26969169653736
H            0.06136955187525       -5.82752289382680       -3.35054657375689
H           -0.07863172775624       -6.48653030781669       -1.72917015075114
H           -1.41848114266886       -5.56919411339781       -2.40871251167532
H           -0.36047782087122       -1.29657940042780        1.25549416361505
H           -1.97619817626337       -1.45897461923539        0.55955657057211
H           -1.36630733461579       -2.67713071061474        1.68257008056416
30
 energy: -34.369089261719 gnorm: 0.001455669636 xtb: 6.7.1 (edcfbbe)
C            1.82621219859522        1.12981018847020       -0.98303635982747
C            0.59497783802113        0.26640332047756       -1.24426595498776
C            0.99340311822264       -1.20007175042877       -1.35470370303232
N           -0.19371042497101       -2.10473620910744       -1.50174495079024
C           -0.53623468259474       -2.80563167157356       -0.24172452276906
C           -0.24360250880264       -4.08638408103957       -0.37928284109008
C            0.28582543480041       -4.38501792324923       -1.75272568621810
N            0.06144699508404       -3.12208908007789       -2.49248457146751
C           -0.95625707895546       -3.11294822885859       -3.52157453255502
C           -0.33226043473712       -5.63622840901582       -2.36108838939875
C           -1.09828476710212       -2.01630046017780        0.87589447136283
H            2.29162718225406        0.86072337233882       -0.03834576008242
H            1.54317017383360        2.17645516741273       -0.93762798060184
H            2.55930585955589        1.00827968697191       -1.77619628430624
H           -0.11825489704513        0.40951499691711       -0.42948274418973
H            0.12025975421446        0.58865403939821       -2.17433685917457
H            1.61328449862165       -1.35396648990750       -2.23954413440804
H            1.56182622230586       -1.52034172539410       -0.48031297393397
H           -0.98146833813805       -1.51418143729221       -1.80497389935102
H           -0.36195763244819       -4.84835739214682        0.36549671025604
H            1.37445886358447       -4.53059373398708       -1.69966478258371
H           -1.96421968743754       -3.32878838770002       -3.14852730066989
H           -0.94691771858041       -2.13761365834533       -4.00842151014866
H           -0.69047584266077       -3.85183107384143       -4.27099596031091
H            0.06666288338752       -5.82151652471224       -3.35346276222889
H           -0.07506492968174       -6.48588106728432       -1.73433596942686
H           -1.41524381550876       -5.56863626972479       -2.41342778558819
H           -0.37338429847598       -1.29979467844913        1.26035210126620
H           -1.98758331094107       -1.46936764487738        0.56293059568799
H           -1.37315065440014       -2.68532287479424        1.68586434056632
30
 energy: -34.369128620758 gnorm: 0.003030454301 xtb: 6.7.1 (edcfbbe)
C            1.84202762257140        1.13067640836026       -1.03434780525938
C            0.59598948421983        0.26778713026602       -1.22697639542716
C            0.98821826782261       -1.20081275079872       -1.33006591966595
N           -0.20009165839072       -2.10369174815309       -1.48502348623843
C           -0.54899147560366       -2.81370852592781       -0.23205118166265
C           -0.25120303272519       -4.09280547911504       -0.37554687016642
C            0.28713581488140       -4.38114624575438       -1.74784108019704
N            0.06253659590234       -3.11427525901588       -2.48056033535864
C           -0.94618337725429       -3.10066085900385       -3.51811637350324
C           -0.32320612080705       -5.63032432644249       -2.36851144176614
C           -1.12420103399507       -2.03433260510038        0.88597521494508
H            2.34961675837485        0.87517629537050       -0.10599658497284
H            1.56557743986558        2.17943220189295       -0.99446401387137
H            2.53829345849731        0.99296035005314       -1.85897616773525
H           -0.08160428312323        0.42725847467234       -0.38453881291985
H            0.08376702812892        0.57681219730353       -2.14245442983078
H            1.61552598985508       -1.35954592535980       -2.21116862406354
H            1.54894837064690       -1.52116196524110       -0.44835563721477
H           -0.98617881631946       -1.51106682136352       -1.78863849969824
H           -0.37160891953648       -4.85941870393689        0.36429894526711
H            1.37601130564158       -4.52331718701792       -1.68997483431754
H           -1.95627419510740       -3.32634947398906       -3.15740337929538
H           -0.93795268325172       -2.12019849246640       -3.99461138050021
H           -0.66832941264299       -3.82998841233206       -4.27240147263094
H            0.08132042754298       -5.80646595451103       -3.36035395800764
H           -0.06577634049180       -6.48364774131375       -1.74687495043925
H           -1.40615188075151       -5.56639522797441       -2.42579363260848
H           -0.40973713728490       -1.30993067996310        1.27498843973269
H           -2.01901054863579       -1.49740145206690        0.57120903502600
H           -1.39407764802943       -2.70921722106977        1.69282563237818
30
 energy: -34.369142081334 gnorm: 0.001493088617 xtb: 6.7.1 (edcfbbe)
C            1.84236131753399        1.13060532927311       -1.03848238663615
C            0.59761643938746        0.26835681799668       -1.22664135802230
C            0.98872173183122       -1.20094237278449       -1.32852991763085
N           -0.19968841384595       -2.10330026640704       -1.48366834468170
C           -0.54971980699153       -2.81404744938931       -0.23149195881733
C           -0.25162940270212       -4.09302897553111       -0.37544229517604
C            0.28772354977612       -4.38064105691891       -1.74745067300084
N            0.06303389110621       -3.11356721312193       -2.47972773514688
C           -0.94602637928988       -3.09939627312775       -3.51678215101329
C           -0.32210218986289       -5.62970769034373       -2.36885888615407
C           -1.12677736792265       -2.03637075177570        0.88670231460935
H            2.35181603473441        0.87358443455629       -0.11387579573518
H            1.56556145932625        2.17899730855502       -0.99695096608761
H            2.53548740991864        0.99336743142422       -1.86378999235388
H           -0.07717011051585        0.42894263149726       -0.38360267878929
H            0.08349635638154        0.57712007271798       -2.13987939816507
H            1.61553936672283       -1.36005695429904       -2.20943762813276
H            1.54932388335826       -1.52128571277136       -0.44729872319281
H           -0.98522485064792       -1.51037674963457       -1.78806910383625
H           -0.37290738107744       -4.86013536733875        0.36376788350504
H            1.37655156362370       -4.52260747374831       -1.68909063562324
H           -1.95610784197016       -3.32351037236240       -3.15547242911612
H           -0.93689825931038       -2.11938713617360       -3.99401630213084
H           -0.66953428874106       -3.82955168932452       -4.27054160264777
H            0.08308659618633       -5.80556962462149       -3.36047992398309
H           -0.06495919401036       -6.48314739230914       -1.74729657529064
H           -1.40500338057203       -5.56580026079937       -2.42681735578980
H           -0.41340077108303       -1.31201635519250        1.27758213056360
H           -2.02157420198567       -1.49972932015937        0.57159896148119
H           -1.39720575935792       -2.71255756788480        1.69229352699252
30
 energy: -34.369156947893 gnorm: 0.000923431179 xtb: 6.7.1 (edcfbbe)
C            1.84360803361585        1.13096079676409       -1.04795143680596
C            0.59867750565412        0.26688285678036       -1.22053396910247
C            0.98983195468469       -1.20192822673569       -1.32301699166339
N           -0.19825870946605       -2.10312891361639       -1.48133125135445
C           -0.55151823076049       -2.81519688026655       -0.23076149292017
C           -0.25308460155272       -4.09385482944268       -0.37577991363086
C            0.28891435094498       -4.37979275780002       -1.74710287186901
N            0.06447178328800       -3.11241401148152       -2.47860860018855
C           -0.94516811966049       -3.09689806316269       -3.51478576467341
C           -0.31998909463468       -5.62842865357465       -2.36996846050868
C           -1.13180924862347       -2.03920103859786        0.88668448059384
H            2.36539924771526        0.87626296264272       -0.12932669643553
H            1.56580672977564        2.17904685306678       -1.00387213490640
H            2.52601303227169        0.99414400577432       -1.88179823558333
H           -0.06802602416502        0.42903277631558       -0.37252477751455
H            0.07529454254630        0.57134520036728       -2.13031176708133
H            1.61607934805197       -1.35973862614776       -2.20291103410553
H            1.55043350305026       -1.52156389266244       -0.44335296871322
H           -0.98232313134638       -1.50918176907788       -1.78746449097684
H           -0.37650541360415       -4.86218441590215        0.36168036407813
H            1.37759807754578       -4.52135555569888       -1.68731012841936
H           -1.95577048373019       -3.31613772613678       -3.15203258550701
H           -0.93271748803673       -2.11818663015406       -3.99448914778277
H           -0.67249171484597       -3.82984767492524       -4.26700390432361
H            0.08690512532171       -5.80405589954602       -3.36085838224579
H           -0.06408219960379       -6.48201324799864       -1.74820734922417
H           -1.40272954380790       -5.56396943735322       -2.42974671191315
H           -0.42007165203734       -1.31513448115713        1.28077788604872
H           -2.02580411435054       -1.50241698870945        0.56976213973506
H           -1.40429346424023       -2.71680573156198        1.69039619699163
30
 energy: -34.369163784862 gnorm: 0.000332678165 xtb: 6.7.1 (edcfbbe)
C            1.84284020538189        1.13159265675169       -1.04798876678019
C            0.59823927153865        0.26599352817609       -1.21811442740605
C            0.99099521417561       -1.20256593650458       -1.32313954994049
N           -0.19696548064176       -2.10326997446948       -1.48203061587741
C           -0.55126141342244       -2.81482967921157       -0.23152454556854
C           -0.25341881512913       -4.09372824125440       -0.37628371848506
C            0.28912935633761       -4.38016116872178       -1.74736015160408
N            0.06525838143463       -3.11279354422879       -2.47916891662446
C           -0.94542483161966       -3.09730257998799       -3.51450030465493
C           -0.31998721737559       -5.62893227724027       -2.37006291774691
C           -1.13138909721079       -2.03784978533405        0.88529025396309
H            2.36780120434513        0.87665483752367       -0.13140939046052
H            1.56343313820609        2.17945740636982       -1.00022005792282
H            2.52286993604739        0.99712179708133       -1.88462557942187
H           -0.06732396249197        0.42661918114071       -0.36802146088622
H            0.07284541379281        0.57022722377988       -2.12659587211698
H            1.61798323415833       -1.35896401042703       -2.20322242225236
H            1.55099894469099       -1.52331678144835       -0.44311028360447
H           -0.98044024036367       -1.50894668477746       -1.78880852774593
H           -0.37768646069354       -4.86205197306700        0.36095171147903
H            1.37775520612066       -4.52187878502537       -1.68722539853742
H           -1.95629509727589       -3.31387397754174       -3.14968611205532
H           -0.93129551904866       -2.11945139766399       -3.99629662311185
H           -0.67536352011524       -3.83253740553956       -4.26600747854490
H            0.08734716491342       -5.80533566105637       -3.36074965116343
H           -0.06499027228158       -6.48246452367117       -1.74775225537975
H           -1.40265659806218       -5.56383851844313       -2.43034162231046
H           -0.41864799743043       -1.31490915604241        1.28001500333575
H           -2.02417520001747       -1.49945782954478        0.56738681347681
H           -1.40578494796311       -2.71496673962052        1.68885286794563
30
 energy: -34.369172982696 gnorm: 0.000848233324 xtb: 6.7.1 (edcfbbe)
C            1.84110161187277        1.13354125088764       -1.04790663603453
C            0.59836310183298        0.26416847390168       -1.21311259491769
C            0.99324311670182       -1.20384192012415       -1.32265268590015
N           -0.19428142745176       -2.10384376772451       -1.48380092999686
C           -0.55108671087559       -2.81437081321708       -0.23343620996398
C           -0.25463999725647       -4.09368808519036       -0.37743265085037
C            0.28947373855343       -4.38110592729531       -1.74778786007908
N            0.06699689406205       -3.11393982859905       -2.48060185814361
C           -0.94619120529764       -3.09826062976669       -3.51368075793824
C           -0.31976862727542       -5.63001555324231       -2.37028497993236
C           -1.13068223393494       -2.03525569848878        0.88211019101513
H            2.37387946340008        0.87659538674918       -0.13646467346531
H            1.55788297671926        2.18034719300704       -0.99258400345500
H            2.51497987658745        1.00543927104763       -1.89070021056501
H           -0.06329914055475        0.42127593766882       -0.35878561360436
H            0.06724212138340        0.56844318285284       -2.11807258385293
H            1.62077204382190       -1.35656339833102       -2.20319012089640
H            1.55355151667271       -1.52691616472952       -0.44335258777559
H           -0.97655027450042       -1.50876543105764       -1.79216829028606
H           -0.38078873815503       -4.86191263972987        0.35952379284964
H            1.37794117149201       -4.52322842516349       -1.68645952459742
H           -1.95731399125084       -3.30790856189768       -3.14457091973402
H           -0.92822479205860       -2.12281159891641       -4.00042510224351
H           -0.68265702775787       -3.83878858442190       -4.26266058402042
H            0.08913932727388       -5.80797711369932       -3.36011948303739
H           -0.06667604855861       -6.48316608471846       -1.74660464869019
H           -1.40227039080914       -5.56383948634736       -2.43235631360581
H           -0.41544035018332       -1.31574136641372        1.27890850781562
H           -2.02007548858477       -1.49246334638233        0.56196273721852
H           -1.41023051586848       -2.71116627065647        1.68495659468526
30
 energy: -34.369179079998 gnorm: 0.000638723987 xtb: 6.7.1 (edcfbbe)
C            1.83986702833023        1.13470851169872       -1.04837267840542
C            0.59840823129142        0.26277841519216       -1.20830382555463
C            0.99516598871965       -1.20444760577422       -1.32279995843469
N           -0.19223837289728       -2.10402792983780       -1.48517622021523
C           -0.55126339595332       -2.81387348392039       -0.23493426680936
C           -0.25608806508002       -4.09351900255250       -0.37824647822274
C            0.28957509218989       -4.38175016145541       -1.74787678184130
N            0.06824121265926       -3.11479823319588       -2.48157876819812
C           -0.94690056498323       -3.09910402102083       -3.51280827088351
C           -0.31900871995823       -5.63087212242098       -2.37052011183419
C           -1.13058381421115       -2.03339091251673        0.87973620960223
H            2.37999334685140        0.87508715050868       -0.14198678741685
H            1.55355644069175        2.18018479004293       -0.98615632067837
H            2.50822885617121        1.01317040672194       -1.89642492887564
H           -0.05910235098986        0.41730751042385       -0.35052946155002
H            0.06192579982308        0.56744397024199       -2.11006940181321
H            1.62192233439614       -1.35405646760834       -2.20436793354392
H            1.55662262658877       -1.52976115585063       -0.44518784234341
H           -0.97360220812371       -1.50837507626624       -1.79483536004387
H           -0.38391750763832       -4.86157642910550        0.35861363697434
H            1.37791909107012       -4.52402967932318       -1.68511845784330
H           -1.95806161681371       -3.30242739407739       -3.14041362765009
H           -0.92550537467752       -2.12591693471507       -4.00383896460108
H           -0.68874567866463       -3.84414329375483       -4.25895526346900
H            0.09177659999217       -5.80994492345384       -3.35936537638600
H           -0.06751563884616       -6.48357632126097       -1.74560088736715
H           -1.40136138702411       -5.56426661856757       -2.43471449074466
H           -0.41284884056489       -1.31806255489036        1.27957875741348
H           -2.01621979931254       -1.48575954310911        0.55749665494943
H           -1.41584931303633       -2.70876089015108        1.68100720578415
30
 energy: -34.369184035215 gnorm: 0.000331331709 xtb: 6.7.1 (edcfbbe)
C            1.83956491803730        1.13562503192932       -1.04905058992382
C            0.59884053021892        0.26211542731783       -1.20458121998279
C            0.99600557739838       -1.20452247973388       -1.32362732664473
N           -0.19142465370984       -2.10412044578003       -1.48608300656457
C           -0.55185345385555       -2.81339836108600       -0.23580630637960
C           -0.25767552089775       -4.09330076611940       -0.37863797546798
C            0.28955564411494       -4.38204000440224       -1.74755136624710
N            0.06874083362019       -3.11545143353092       -2.48209267277282
C           -0.94750874549820       -3.09992155108880       -3.51228037732710
C           -0.31766562242766       -5.63153099932223       -2.37059522001324
C           -1.13116153093601       -2.03232982264801        0.87847883845577
H            2.38637151985068        0.87273105727981       -0.14756283344908
H            1.55181110448937        2.18018549888790       -0.98040817468128
H            2.50234590551022        1.01911406732407       -1.90200391910520
H           -0.05417437486133        0.41440654354430       -0.34339600557688
H            0.05716743429705        0.56782203251235       -2.10308993892628
H            1.62060152475910       -1.35124284430841       -2.20707812722113
H            1.55970449073989       -1.53212416920532       -0.44843272316999
H           -0.97230336179254       -1.50821561518370       -1.79655385496111
H           -0.38691404724744       -4.86111794368496        0.35824618325131
H            1.37787920471255       -4.52391669756875       -1.68331510957918
H           -1.95868669633951       -3.29862162082254       -3.13782846781442
H           -0.92357244439097       -2.12844200835081       -4.00646452633125
H           -0.69282123742237       -3.84820840605707       -4.25603964464159
H            0.09517875882280       -5.81111145303571       -3.35847589202814
H           -0.06723283934533       -6.48378687887626       -1.74466265848117
H           -1.39991695660951       -5.56519999356218       -2.43699091791698
H           -0.41109895375152       -1.32165290120735        1.28236415045346
H           -2.01287268497594       -1.47955632084286        0.55442288666023
H           -1.42249432250982       -2.70794694237676        1.67734679638457
