24
 energy: -28.126242335421 gnorm: 0.031493521662 xtb: 6.7.1 (edcfbbe)
C            1.25606000000000       -0.23759000000000        0.12819000000000
C            0.32473000000000       -0.21095000000000        1.32332000000000
N            0.72260000000000        0.86671000000000        2.23490000000000
C            0.44881000000000        2.15901000000000        2.15570000000000
C           -0.34173000000000        2.76624000000000        1.07353000000000
N            0.97743000000000        2.86430000000000        3.14141000000000
C            0.89187000000000        4.30636000000000        3.34655000000000
C            1.71698000000000        1.98514000000000        4.06311000000000
C            1.53692000000000        0.59436000000000        3.43669000000000
H            1.20531000000000        0.69961000000000       -0.43425000000000
H            0.98820000000000       -1.05618000000000       -0.54650000000000
H            2.29423000000000       -0.37846000000000        0.44572000000000
H           -0.71473000000000       -0.06956000000000        1.01347000000000
H            0.37594000000000       -1.16478000000000        1.85983000000000
H            0.31696000000000        3.07277000000000        0.25527000000000
H           -1.08904000000000        2.07692000000000        0.67292000000000
H           -0.88709000000000        3.64875000000000        1.42101000000000
H            1.20130000000000        4.82692000000000        2.43603000000000
H           -0.13655000000000        4.57676000000000        3.60051000000000
H            1.55177000000000        4.60665000000000        4.16564000000000
H            1.27707000000000        2.04105000000000        5.06309000000000
H            2.76935000000000        2.28199000000000        4.09588000000000
H            2.49436000000000        0.15336000000000        3.14443000000000
H            0.99675000000000       -0.08360000000000        4.10402000000000
24
 energy: -28.128085740054 gnorm: 0.013814154496 xtb: 6.7.1 (edcfbbe)
C            1.26229474445361       -0.23657595745502        0.12378696024751
C            0.33664711317854       -0.19345570838137        1.32916559864202
N            0.71549850469358        0.87018610602229        2.24605365254634
C            0.44166287313272        2.15804526528736        2.15824420528077
C           -0.34935680348384        2.76944811152065        1.07351846875339
N            0.97523761143869        2.85711414002242        3.14178150285298
C            0.88769129460643        4.28821495934212        3.34066722205209
C            1.71377316127333        1.98772486911032        4.06011502355176
C            1.53117320293103        0.59570254273598        3.43390490178117
H            1.20805679442901        0.68851412964397       -0.44768529516168
H            0.98443695171063       -1.05704620745435       -0.53365139259506
H            2.29438105489634       -0.38793466254670        0.43594225877400
H           -0.70050173603766       -0.04702242361945        1.01772135110917
H            0.38920223444503       -1.13438265920242        1.88160833231062
H            0.30904080149038        3.07648696536065        0.25960306329385
H           -1.07903855257367        2.07028098493635        0.66811944179338
H           -0.88024284940943        3.65353003655728        1.42505180349038
H            1.19555582431608        4.81774487898935        2.43863396124545
H           -0.13165903188840        4.57716498315045        3.60242398011155
H            1.55028387669006        4.57125346483723        4.15545478360194
H            1.28402799292782        2.05645596916085        5.06189075804971
H            2.76117125165905        2.29515418982891        4.09931193981537
H            2.47934087669113        0.14306409928972        3.13641628183938
H            0.99882280842955       -0.09388807713660        4.09239119661390
24
 energy: -28.128377455072 gnorm: 0.003514554802 xtb: 6.7.1 (edcfbbe)
C            1.26830034399075       -0.23748710314810        0.12500313437570
C            0.34144877213144       -0.18517117134510        1.33357237448911
N            0.70855834199764        0.87195097455829        2.25168351455224
C            0.43935786427550        2.15941620083141        2.15519535905791
C           -0.35486999150737        2.77386724081369        1.07187759110300
N            0.97578525116304        2.85454848372644        3.13972908696197
C            0.88725682738362        4.27790431657811        3.34002276280050
C            1.71113906785385        1.98963096826122        4.05507697841214
C            1.52703290134862        0.59880131638306        3.42924332225821
H            1.21237093472243        0.68092345302673       -0.45250321398724
H            0.97911855286324       -1.06163571458286       -0.51926022905926
H            2.29804378856184       -0.39441462931966        0.43400314211924
H           -0.69258011091871       -0.03811838330356        1.01308908873070
H            0.39375604474643       -1.12339325023121        1.88789777092476
H            0.30385449774959        3.08517506146689        0.26086629747116
H           -1.07430498625367        2.06885351787793        0.66406040542063
H           -0.88098559122806        3.65463967367796        1.43043426245660
H            1.19177672579544        4.81420503021279        2.44165732009690
H           -0.12852134740348        4.57542772279988        3.60619518037365
H            1.55132399502217        4.55589113664793        4.15328470886385
H            1.28677626241399        2.05970698487643        5.05937211250695
H            2.75840113440183        2.29777131027796        4.09868788280543
H            2.47291569688553        0.14147078608265        3.13102841760968
H            1.00154502400434       -0.09418392616889        4.09025272965619
24
 energy: -28.128409714600 gnorm: 0.001307257504 xtb: 6.7.1 (edcfbbe)
C            1.27114730877173       -0.23970974459551        0.12680480168172
C            0.34093209435062       -0.18446683754131        1.33419465104680
N            0.70432070993251        0.87174907022779        2.25322854797008
C            0.43870740743327        2.16033689726542        2.15367880938752
C           -0.35674979813587        2.77617313101648        1.07184483445373
N            0.97715341449663        2.85505072223811        3.13827973155507
C            0.88830705845492        4.27708000331849        3.34080235511420
C            1.71083339868709        1.99020035862974        4.05267214892495
C            1.52554435274903        0.59950475778990        3.42719209858281
H            1.21697240874267        0.67719898712931       -0.45305818481456
H            0.97961734587758       -1.06564068822245       -0.51419707639145
H            2.30025528411944       -0.39771793080659        0.43706425486669
H           -0.69141975921752       -0.03810479505712        1.00777351378427
H            0.39105072230191       -1.12383484679650        1.88678991755010
H            0.30202043219015        3.09281339283509        0.26253328924933
H           -1.07315398850891        2.07003224858046        0.66129669439676
H           -0.88537084201750        3.65354346592647        1.43428423858884
H            1.18983699391174        4.81625590004297        2.44265760150872
H           -0.12713538442934        4.57457015103864        3.60998185322966
H            1.55383022644411        4.55592506164483        4.15317545188987
H            1.28716708054629        2.05987252049533        5.05778222656265
H            2.75898781273873        2.29689780999534        4.09735865597084
H            2.47148866647063        0.14221195182788        3.12741563167953
H            1.00315705409006       -0.09416158698280        4.09091395321187
24
 energy: -28.128446247038 gnorm: 0.003598322658 xtb: 6.7.1 (edcfbbe)
C            1.27831718603412       -0.24575400317399        0.13306225225024
C            0.33695994350000       -0.18396632722432        1.33405443801407
N            0.69306711360640        0.87090433198672        2.25590919706656
C            0.43665708004934        2.16218521607235        2.15072541672948
C           -0.36122793294800        2.78160051033544        1.07306118113436
N            0.98180438465075        2.85657321866621        3.13354045407557
C            0.89134607973347        4.27711324671135        3.34156977810734
C            1.71142253960430        1.99055517381617        4.04726637024200
C            1.52273708909708        0.59995009272553        3.42222277437160
H            1.23094386153024        0.66866714537970       -0.45165105283252
H            0.98646067995580       -1.07483626475181       -0.50409252712563
H            2.30519026258421       -0.40544291885243        0.45056700421303
H           -0.69122594528670       -0.03757906603130        0.99411137774828
H            0.37926860161039       -1.12551494859197        1.88438665807963
H            0.29740159237332        3.11626103913581        0.26986032269212
H           -1.06931632535013        2.07329452824980        0.65181019598545
H           -0.90084910997105        3.64850207785262        1.44541107141776
H            1.18358087570176        4.82178902908484        2.44271777111880
H           -0.12336705499314        4.57143033556717        3.62032751919296
H            1.56256971450866        4.55803464823011        4.14994494173560
H            1.28767382780605        2.05995160137294        5.05323667866839
H            2.76163496933433        2.29291985850379        4.09411846826792
H            2.46858636405109        0.14433384940478        3.11646861873577
H            1.00786420281774       -0.09519237446956        4.09184109011124
24
 energy: -28.128469526437 gnorm: 0.003288695626 xtb: 6.7.1 (edcfbbe)
C            1.28122126081808       -0.24790564408511        0.13686673538399
C            0.33428467698864       -0.18386731208262        1.33332797016139
N            0.68866086051756        0.87070298880030        2.25631139973858
C            0.43544547998132        2.16254860199572        2.15016712909837
C           -0.36322233581939        2.78356094380600        1.07429216648307
N            0.98431549955429        2.85685806342778        3.13096830810941
C            0.89266270903913        4.27731388493742        3.34066830795756
C            1.71228821171689        1.98991749560095        4.04541984266261
C            1.52225565571593        0.59947823661162        3.42012836384404
H            1.23762034028888        0.66613077988074       -0.44886182719136
H            0.99200692738884       -1.07730379986786       -0.50104838702306
H            2.30648513838351       -0.40814709650483        0.45960939553318
H           -0.69207516806009       -0.03558397144222        0.98900401582455
H            0.37206915987398       -1.12526011367731        1.88449826932550
H            0.29535837879343        3.12840505568902        0.27528350418687
H           -1.06613461203940        2.07412584936961        0.64603483788471
H           -0.90968097047700        3.64472149932838        1.45084649779767
H            1.17976941324467        4.82287703191484        2.44080416952255
H           -0.12127521564707        4.56949790599767        3.62455580602407
H            1.56753847428188        4.55846915733267        4.14595732230473
H            1.28751197392556        2.05986200428464        5.05090825687178
H            2.76282409816468        2.29079573620683        4.09314120632813
H            2.46750340059665        0.14501044605879        3.11079344983293
H            1.01006664276905       -0.09642774358309        4.09079325933875
24
 energy: -28.128551835438 gnorm: 0.003875845199 xtb: 6.7.1 (edcfbbe)
C            1.29724377747383       -0.25947045802684        0.15944606850174
C            0.31902495958042       -0.18300553736019        1.32936381862323
N            0.66530167889398        0.87005194357006        2.25798045267801
C            0.42814397782076        2.16420857618332        2.14776520474331
C           -0.37494232419533        2.79452759298795        1.08144777179838
N            0.99851257743936        2.85776892232556        3.11649245743890
C            0.90028981433589        4.27748640053448        3.33416270525110
C            1.71695651145801        1.98559444511801        4.03546296293144
C            1.52041534620786        0.59677245393981        3.40808667411191
H            1.27558090968762        0.65311417179367       -0.43058007174360
H            1.02310853690572       -1.08949473887474       -0.48432179997083
H            2.31275070196018       -0.42405010112995        0.51203141196102
H           -0.69676359711358       -0.02157681182944        0.96088007710914
H            0.32995515450676       -1.12248045582122        1.88625166850196
H            0.28450360611895        3.20158272056714        0.30986515207628
H           -1.04329921949105        2.07688021947145        0.60959975891185
H           -0.96341213617019        3.61969052908388        1.48300213676353
H            1.15567790033203        4.82649980014055        2.42710089623989
H           -0.10795461440858        4.55867851763807        3.64905454269527
H            1.59777548126487        4.56035202318026        4.11949407139547
H            1.28538016673455        2.05841796701606        5.03756187700384
H            2.76851300052023        2.27950805341595        4.08898673985308
H            2.46185916009510        0.14894845289897        3.07832619703936
H            1.02287863004265       -0.10422468682294        4.08300922608580
24
 energy: -28.128576948644 gnorm: 0.002399434607 xtb: 6.7.1 (edcfbbe)
C            1.30020244525799       -0.26180164594417        0.16428799530585
C            0.31643672006303       -0.18251353286561        1.32828805710903
N            0.66245621648504        0.87043628508896        2.25752679599978
C            0.42672495195414        2.16451407130629        2.14769089549779
C           -0.37764147916934        2.79660364237119        1.08326259903576
N            1.00096563182369        2.85763214025616        3.11398556717932
C            0.90194938754189        4.27713266102846        3.33225599599914
C            1.71750912288638        1.98436844691778        4.03398799843194
C            1.52054578484563        0.59632670576402        3.40562959505302
H            1.28403906680543        0.65113222718216       -0.42515479605555
H            1.02867320995706       -1.09089630939028       -0.48164118517957
H            2.31302001566539       -0.42864723205710        0.52258455539014
H           -0.69688265302208       -0.01733011715356        0.95558172267353
H            0.32129165672042       -1.12106946809915        1.88624750589163
H            0.28068515304457        3.21598700819546        0.31920665297829
H           -1.03729346294996        2.07867831730805        0.60227689356632
H           -0.97448347495995        3.61272293036930        1.48836693047681
H            1.14921954018806        4.82567122471108        2.42311431072040
H           -0.10399242773792        4.55679761605381        3.65445933921326
H            1.60490172115247        4.56117989645765        4.11171558145351
H            1.28400222973419        2.05729101399931        5.03509734167662
H            2.76884222533425        2.27773625961383        4.08922164620582
H            2.46111451522531        0.14996190815858        3.07239024245512
H            1.02521390315439       -0.10613404927236        4.08008775892213
24
 energy: -28.128608279817 gnorm: 0.001851476459 xtb: 6.7.1 (edcfbbe)
C            1.30667751121264       -0.26795949510919        0.17364406678450
C            0.31144065523315       -0.18111599126208        1.32612897490997
N            0.65723640848448        0.87139340773768        2.25628804274254
C            0.42374002569061        2.16546743923134        2.14719757895125
C           -0.38342029616152        2.80145379099115        1.08663395228227
N            1.00484862828595        2.85753316137205        3.10961816239042
C            0.90548425923533        4.27642808005292        3.32859440009528
C            1.71780166540681        1.98235524247504        4.03091671280626
C            1.52074533008257        0.59593459247618        3.40017270976915
H            1.30347886901422        0.64554406548259       -0.41513376460775
H            1.03738531745893       -1.09480101753502       -0.47590101085388
H            2.31391477743700       -0.44206204152975        0.54293413015007
H           -0.69655810328580       -0.00788828437565        0.94371259399227
H            0.30305264328182       -1.11792106102635        1.88629353708201
H            0.27391077164885        3.25175919081918        0.34050013750096
H           -1.02151118743928        2.08030313628028        0.58361874221208
H           -1.00144994445253        3.59545104497696        1.50280048403774
H            1.13403353765301        4.82392847728699        2.41420309729052
H           -0.09494279921576        4.55406800394799        3.66853924710980
H            1.62202094226254        4.56340394513559        4.09417789276423
H            1.28063254148654        2.05481188137014        5.03039998242125
H            2.76880269320573        2.27497144937999        4.09019316555681
H            2.46014615560236        0.15249372602083        3.06081536448353
H            1.03002959787239       -0.10977274419904        4.07412180012880
24
 energy: -28.128650455347 gnorm: 0.002147241121 xtb: 6.7.1 (edcfbbe)
C            1.31409741757202       -0.27917246231127        0.18287777459774
C            0.30715405357939       -0.17862086509763        1.32285739849450
N            0.65600877905267        0.87357807390662        2.25253403785039
C            0.42094518727956        2.16731419972559        2.14654163000948
C           -0.39017909162417        2.80812242969457        1.09075974998160
N            1.00600958553529        2.85767228450039        3.10734668010483
C            0.90966662804269        4.27610312006416        3.32450904919571
C            1.71595894146532        1.98069942407811        4.02884215976755
C            1.52203597287234        0.59658916287038        3.39345682288366
H            1.33200127237768        0.63616938646175       -0.40303746998878
H            1.04000999263451       -1.10016548346270       -0.47196364757253
H            2.31367697708716       -0.46987376576751        0.56317191667169
H           -0.69385024574439        0.00597593240461        0.92896002501762
H            0.28092396720178       -1.11297731817235        1.88558859675836
H            0.26436580086693        3.30552559296236        0.37370400795407
H           -0.99336520950064        2.08253146868439        0.55410389228057
H           -1.04174409267419        3.56564377981865        1.52269327682862
H            1.10837419797067        4.82008054556913        2.40097091462390
H           -0.08052521270887        4.55377248719720        3.69339636754150
H            1.64878436415617        4.56886913645254        4.06637689817731
H            1.27426288675171        2.05012780406685        5.02673450807963
H            2.76615939253513        2.27443224980247        4.09411810985369
H            2.46167138765360        0.15700993170574        3.05056047845532
H            1.03505704761771       -0.11362711515424        4.06536682243369
24
 energy: -28.128679214284 gnorm: 0.001981029959 xtb: 6.7.1 (edcfbbe)
C            1.31758895662459       -0.28840903951792        0.18575516268686
C            0.30562797693800       -0.17712957660553        1.32091282912222
N            0.65742754943966        0.87511140317598        2.24936108165572
C            0.42059290463366        2.16893353944390        2.14549849747860
C           -0.39249305656863        2.81240397578532        1.09267296627731
N            1.00453091668168        2.85841058608570        3.10795338072841
C            0.91108168266887        4.27699703333850        3.32371880280606
C            1.71421237717039        1.98085517696457        4.02859357246538
C            1.52329803588133        0.59762685687924        3.39003055229817
H            1.35011258819286        0.62807572529745       -0.39810915494525
H            1.03589028029447       -1.10448847999153       -0.47223687064303
H            2.31297368622687       -0.49284048145326        0.57052406339840
H           -0.69187264988536        0.01356406180532        0.92117615427615
H            0.26955671195443       -1.11013919061237        1.88567471446432
H            0.25882633466837        3.34180291200124        0.39488986541212
H           -0.97220484529717        2.08468787346971        0.53283831300844
H           -1.06752610286783        3.54470794776217        1.53388885420298
H            1.08964697856038        4.81882012339597        2.39463882104456
H           -0.07169178457806        4.55494617075759        3.71258784614013
H            1.66537129769848        4.57305067076607        4.04925305129312
H            1.27083936872948        2.04739140731692        5.02614045056952
H            2.76399342382961        2.27581876600815        4.09663089149114
H            2.46435498892406        0.16032417146910        3.04731003533842
H            1.03736238007992       -0.11474163354253        4.06076611943033
24
 energy: -28.128640474997 gnorm: 0.006563694526 xtb: 6.7.1 (edcfbbe)
C            1.31463929216761       -0.31579155804212        0.17372294355910
C            0.31437890310646       -0.17255686372397        1.31702721277662
N            0.68633299886847        0.88214759207857        2.23411327082381
C            0.42785479693888        2.17424537663417        2.14259457788063
C           -0.38750051267252        2.81895993953614        1.09236225366235
N            0.98430259343812        2.86132831761893        3.12464350867328
C            0.90726657187612        4.28187261217004        3.32913602316929
C            1.70358693346882        1.98661212122084        4.03755815081151
C            1.53049296446858        0.60455775852131        3.38875292332643
H            1.38556722380839        0.60641882388539       -0.39761742561918
H            0.98632516464242       -1.11035479160781       -0.49203545070042
H            2.30289220024127       -0.57274198696154        0.54679510237502
H           -0.68060613934822        0.02868169424236        0.91951523800321
H            0.26674095987008       -1.10146795235161        1.88636607075483
H            0.24798599104684        3.41592219530834        0.44524456801084
H           -0.90702318932937        2.09264863891533        0.48121462018907
H           -1.11619212449655        3.48491487864430        1.54412669301070
H            1.03345709856478        4.81294214911912        2.38601409521065
H           -0.05066442123173        4.56836861122189        3.77031847569193
H            1.70133803877314        4.58737166319411        4.00732102090822
H            1.26112432174440        2.03933565002166        5.03713031737560
H            2.75077269499213        2.29287256429040        4.10879856020908
H            2.48123150143354        0.16985485527772        3.06702049894526
H            1.03319613762839       -0.11036228921381        4.05034675095233
24
 energy: -28.128570336569 gnorm: 0.009623321945 xtb: 6.7.1 (edcfbbe)
C            1.32084132895584       -0.32927625464491        0.18226520653715
C            0.30898736466850       -0.17103889425593        1.31511846081415
N            0.68187686206609        0.88412137024005        2.23101990170270
C            0.42695275790635        2.17676370723107        2.13962580923622
C           -0.39061638250262        2.82671203203910        1.09472198448966
N            0.98692210274294        2.86265334144884        3.12069719972906
C            0.90915130318844        4.28275840542571        3.32838984826189
C            1.70398716525880        1.98628439478980        4.03394748689430
C            1.53121628385425        0.60535074551735        3.38232195367752
H            1.41234592407029        0.59255023163507       -0.38892401229019
H            0.98795227614995       -1.11873751279503       -0.48695999454690
H            2.30187484235927       -0.60158087053583        0.56633268115356
H           -0.68054735329738        0.03892427057699        0.90630156921529
H            0.24581107280425       -1.09754523465361        1.88927113699400
H            0.24141933351013        3.47804676608773        0.47784354458009
H           -0.87267144355125        2.09579294747253        0.44407868971965
H           -1.15803910069215        3.45376116539839        1.56233830088491
H            1.00348054331033        4.81469831814663        2.37901281998094
H           -0.03896706406366        4.56393792208837        3.80006022105144
H            1.72516660265475        4.59087135380669        3.98354367872276
H            1.25911432899484        2.03759601904736        5.03248833357290
H            2.75114833184912        2.29150824657397        4.10796219946885
H            2.48182315244398        0.17409503222207        3.05531828608582
H            1.03826976731899       -0.11246750286269        4.04369469406439
24
 energy: -28.128704879903 gnorm: 0.004015148569 xtb: 6.7.1 (edcfbbe)
C            1.31839722381928       -0.30426192014925        0.18702746977201
C            0.30405899321743       -0.17572962314891        1.32041270795562
N            0.66082249751907        0.87848875361678        2.24390798285520
C            0.42392978703799        2.17230595583963        2.14110500874007
C           -0.38937589903583        2.81886127886761        1.09150599777773
N            1.00256195385541        2.86071806156962        3.10806145819988
C            0.90852663765729        4.27908691490382        3.32802086587828
C            1.71404740509868        1.98310393298818        4.02736563068556
C            1.52549244360627        0.60017649503652        3.38643904683788
H            1.37155992984471        0.61088338097536       -0.39620135083584
H            1.02333379225353       -1.11177139114851       -0.47322016650348
H            2.30757958386549       -0.52926832364312        0.57419855810090
H           -0.69156677282440        0.02109083107364        0.91593025894199
H            0.25853517288247       -1.10568404662080        1.89204417766253
H            0.25496896084941        3.39946175184131        0.42475365556055
H           -0.93036503762833        2.08940983860914        0.49381224830591
H           -1.10184362083621        3.51094744402396        1.54251678465554
H            1.05356813746533        4.82333418767064        2.39559347484220
H           -0.06211000736071        4.55089889288860        3.74809780762857
H            1.68361043750992        4.57605083586652        4.02891974612924
H            1.27132937289905        2.04717686886815        5.02512640881111
H            2.76354494802532        2.27903581257448        4.09489755596086
H            2.46800301600367        0.16462912775971        3.04474420807353
H            1.03889104427523       -0.11316506026332        4.05541046396432
24
 energy: -28.128727830026 gnorm: 0.001634017743 xtb: 6.7.1 (edcfbbe)
C            1.31583923107823       -0.30848416500658        0.18165482156312
C            0.30802116922990       -0.17458385844404        1.31932443781488
N            0.67064284552164        0.88027100098445        2.24000058957737
C            0.42609270842630        2.17339658396442        2.14118558403343
C           -0.38670793591411        2.81896772882542        1.09025720421952
N            0.99661215153214        2.86138914969686        3.11350750549813
C            0.90658612910921        4.28016364309014        3.33022801812930
C            1.71109778082506        1.98481490065735        4.03059446953112
C            1.52701168349124        0.60203380979958        3.38768909676050
H            1.37521473610663        0.60975168514546       -0.39664550614951
H            1.00731525141729       -1.11165369767041       -0.48026175109482
H            2.30492609167749       -0.54572413318142        0.56356621009881
H           -0.68812898256332        0.02238233965748        0.91936105407386
H            0.26362652479488       -1.10387822397314        1.88997117694665
H            0.25432891322815        3.40349775496579        0.43186423081162
H           -0.91884294646010        2.09149249695574        0.48761579627102
H           -1.10514198869685        3.50129967793909        1.53925904123140
H            1.04043062229329        4.82098383893853        2.39354161991011
H           -0.05913403034067        4.55417823228584        3.76215474271530
H            1.69130909071700        4.58073527334039        4.02073473869495
H            1.26913916882811        2.04584710319233        5.02917495458157
H            2.75988918063301        2.28419732022503        4.09830307596917
H            2.47202787526318        0.16585541948529        3.05366821842920
H            1.03534472980236       -0.11115388087384        4.05372067038344
24
 energy: -28.128735494064 gnorm: 0.000775699711 xtb: 6.7.1 (edcfbbe)
C            1.31562601699129       -0.30807135738783        0.18333765264897
C            0.30651673376288       -0.17508363705439        1.32004519140190
N            0.66780193618529        0.87997586798946        2.24092102827224
C            0.42640997763342        2.17347391786810        2.14031588569451
C           -0.38583425027982        2.81937447158562        1.08920643968705
N            0.99949861744255        2.86164482296693        3.11097744583343
C            0.90604018811606        4.27981578271138        3.33098476630773
C            1.71289294729421        1.98471901556175        4.02886701293984
C            1.52638011990584        0.60170578251501        3.38730425949516
H            1.37346448892950        0.60949482163873       -0.39615800568338
H            1.00979970805946       -1.11273255977843       -0.47790857022809
H            2.30492956632322       -0.54242230454525        0.56646149899228
H           -0.68977052455107        0.02118601370873        0.91951896594617
H            0.26239766312337       -1.10429974899639        1.89121911490378
H            0.25669367514929        3.40704009598836        0.43184035112960
H           -0.91651217361965        2.09067120865346        0.48441416836451
H           -1.10647871757795        3.50119269209348        1.53907399356829
H            1.03903456107909        4.82314534764836        2.39598168641757
H           -0.06032954776395        4.55030989964389        3.76298466567356
H            1.68945427433309        4.58046985500902        4.02238986840996
H            1.27140909514966        2.04763178371781        5.02745463078667
H            2.76217232050208        2.28247651192621        4.09557569461379
H            2.47029549483708        0.16486152629705        3.05112197522939
H            1.03560782897511       -0.11079980976130        4.05454027959522
24
 energy: -28.128742155623 gnorm: 0.000894107528 xtb: 6.7.1 (edcfbbe)
C            1.31432026311643       -0.30935108755333        0.18311073754746
C            0.30620716902565       -0.17522492297610        1.32065037543506
N            0.66840292039837        0.88037202845607        2.24056375726690
C            0.42777408955929        2.17399515824883        2.13928201083904
C           -0.38341914460551        2.81990355042468        1.08726496589948
N            1.00081833433184        2.86224412051578        3.10998714375556
C            0.90435190357802        4.27973072478587        3.33282298748317
C            1.71406444570736        1.98536362780560        4.02801507766451
C            1.52605670987368        0.60204424022178        3.38761267678648
H            1.37317612260640        0.60828545217938       -0.39632475180998
H            1.00668085947952       -1.11349797533548       -0.47811779403607
H            2.30373327764276       -0.54534851385713        0.56520396799287
H           -0.69053508315577        0.02075895130130        0.92086897482683
H            0.26249728622124       -1.10403286948655        1.89264631424196
H            0.25909647353352        3.41358904700883        0.43511425987374
H           -0.90801795165475        2.09093619411387        0.47749779906081
H           -1.10935139954210        3.49646706339458        1.53693434918288
H            1.02944302229934        4.82507564993082        2.39768727038351
H           -0.06031221180797        4.54620769344129        3.77180952230794
H            1.69150284940917        4.58196691525597        4.01979731314428
H            1.27366243933848        2.04945438422909        5.02700590276462
H            2.76371040154351        2.28235642599839        4.09345442243907
H            2.46964222308591        0.16375795897490        3.05234197683391
H            1.03399500001566       -0.10927381707868        4.05524074011612
24
 energy: -28.128759115025 gnorm: 0.001599663393 xtb: 6.7.1 (edcfbbe)
C            1.30726747064650       -0.31472232428532        0.18020242463292
C            0.30612998591324       -0.17559571408907        1.32316182719759
N            0.67389031193858        0.88240304630129        2.23837720450734
C            0.43480855280276        2.17617663720949        2.13498369864592
C           -0.37205567083356        2.82151396322956        1.07887753706546
N            1.00568228204466        2.86478401049316        3.10682700518334
C            0.89695605155259        4.27939991523214        3.34065374590423
C            1.71861882073839        1.98845823377960        4.02552394673920
C            1.52490795054914        0.60368003689050        3.39006299570276
H            1.36942149497171        0.60346055249098       -0.39798211566390
H            0.99033888700889       -1.11578932967133       -0.48074147497604
H            2.29723249625855       -0.55816991661802        0.55643397829952
H           -0.69312812000657        0.01908738280789        0.92882955545343
H            0.26536006001528       -1.10266502133193        1.89813369403218
H            0.26899679100781        3.44300563106275        0.45106478967657
H           -0.86712512812351        2.09111251831161        0.44577363393381
H           -1.12341893342699        3.47227800880226        1.52716867929097
H            0.98753838128282        4.83195894877602        2.40601828201213
H           -0.05848950736190        4.52969184527049        3.80897745127407
H            1.69938148602959        4.58926222222456        4.00681099626760
H            1.28300504653720        2.05753775739854        5.02624413097366
H            2.76966299833345        2.28267932070839        4.08539117335502
H            2.46725455932629        0.15804319453978        3.06103341037068
H            1.02526373279510       -0.10181091953358        4.05864343012170
24
 energy: -28.128764118293 gnorm: 0.000676443933 xtb: 6.7.1 (edcfbbe)
C            1.30477130024240       -0.31388746786075        0.17886751341261
C            0.30603485244551       -0.17584634579380        1.32411180572864
N            0.67498425107735        0.88244871911775        2.23861033971616
C            0.43662397608555        2.17612426898940        2.13430817771673
C           -0.36817260657784        2.82085753847027        1.07630421816724
N            1.00750007312117        2.86515138587701        3.10575752505701
C            0.89466906553586        4.27897426274072        3.34247561626929
C            1.72029906154945        1.98911813923470        4.02508170303312
C            1.52435776390994        0.60373830185158        3.39166456560841
H            1.36481280293191        0.60402827702581       -0.40015965716845
H            0.98754166922568       -1.11545748164898       -0.48094550671809
H            2.29571440433363       -0.55604100273293        0.55317905637722
H           -0.69463319476242        0.01820642430779        0.93259228988911
H            0.26755134769790       -1.10276673820973        1.89967955032690
H            0.27237172699638        3.44504471070373        0.45201917847652
H           -0.85874940273677        2.09114911068510        0.44086386091118
H           -1.12214697801260        3.46843750064504        1.52197801140303
H            0.97667951181038        4.83316312498858        2.40806111585135
H           -0.05881003364282        4.52418916296484        3.81751308173532
H            1.70042014297492        4.59066051525835        4.00395659858258
H            1.28570656676575        2.06009076125202        5.02598708071936
H            2.77164145769264        2.28242770931216        4.08347428030252
H            2.46599606409214        0.15556491623565        3.06440053383299
H            1.02233617724392       -0.09959579341455        4.06068906076942
24
 energy: -28.128767094912 gnorm: 0.000326471060 xtb: 6.7.1 (edcfbbe)
C            1.30250610151779       -0.31422835398744        0.17731016632842
C            0.30635891955632       -0.17570536852095        1.32463608137829
N            0.67716935047182        0.88279355589085        2.23825111553198
C            0.43850506535359        2.17634254675492        2.13374240965674
C           -0.36511784166403        2.82060885702195        1.07460112454721
N            1.00818226135277        2.86556066884091        3.10573931095540
C            0.89351913162258        4.27891621537751        3.34361056395460
C            1.72068445291472        1.98971254407355        4.02553352347988
C            1.52417702345861        0.60401192600672        3.39299135632249
H            1.36117866016903        0.60349262792370       -0.40192956696388
H            0.98382268519614       -1.11595591687983       -0.48155413959540
H            2.29408875109883       -0.55604262856169        0.54968008329783
H           -0.69513558527178        0.01830175448530        0.93545449516936
H            0.26915203997496       -1.10249329048234        1.90024701217844
H            0.27420778103559        3.45175976430956        0.45683963403687
H           -0.84683582781757        2.09051918706615        0.43274074128049
H           -1.12626908969082        3.46055134620440        1.51912130103514
H            0.96602132878388        4.83312910728278        2.40900382962687
H           -0.05637250617641        4.52123236430636        3.82643465175721
H            1.70356890465609        4.59290362380058        3.99832672593329
H            1.28639555753777        2.06145555234170        5.02644960267794
H            2.77209521971161        2.28270551981930        4.08350144898364
H            2.46568004871994        0.15412603074626        3.06790888489968
H            1.01991756748858       -0.09791763382047        4.06182964352766
