30
 energy: -50.909819912369 gnorm: 0.070366967846 xtb: 6.7.1 (edcfbbe)
C            0.87768000000000        0.07231000000000       -0.64715000000000
C            0.78121000000000       -1.35090000000000       -0.13286000000000
O            1.28285000000000       -1.38510000000000        1.20801000000000
N            2.58759000000000       -1.88037000000000        1.24205000000000
C            3.61313000000000       -1.19596000000000        1.83908000000000
C            4.67867000000000       -2.05123000000000        1.83897000000000
N            4.23255000000000       -3.26553000000000        1.31760000000000
C            2.93602000000000       -3.14419000000000        0.97521000000000
C            5.01555000000000       -4.49753000000000        1.19256000000000
C            4.92863000000000       -5.26475000000000        2.48808000000000
C            5.84224000000000       -4.97323000000000        3.51949000000000
C            5.77467000000000       -5.63878000000000        4.74605000000000
C            4.79567000000000       -6.60483000000000        4.95712000000000
C            3.88353000000000       -6.91292000000000        3.95286000000000
C            3.94864000000000       -6.24427000000000        2.72695000000000
Cl           2.77548000000000       -6.66399000000000        1.53056000000000
Cl           4.70995000000000       -7.41663000000000        6.46924000000000
H            0.32895000000000        0.75621000000000        0.00921000000000
H            0.47106000000000        0.15198000000000       -1.65891000000000
H            1.91927000000000        0.40994000000000       -0.65710000000000
H           -0.26573000000000       -1.66773000000000       -0.10228000000000
H            1.32243000000000       -2.03792000000000       -0.79203000000000
H            3.44851000000000       -0.18557000000000        2.16608000000000
H            5.69784000000000       -1.96561000000000        2.17491000000000
H            2.29154000000000       -3.91736000000000        0.57596000000000
H            4.65797000000000       -5.07171000000000        0.33248000000000
H            6.05646000000000       -4.23163000000000        0.97165000000000
H            6.62268000000000       -4.22657000000000        3.38054000000000
H            6.48855000000000       -5.40233000000000        5.53316000000000
H            3.12414000000000       -7.67216000000000        4.12813000000000
30
 energy: -50.916529541894 gnorm: 0.033117003965 xtb: 6.7.1 (edcfbbe)
C            0.88085398822032        0.08738148453037       -0.65473216601631
C            0.77214537323933       -1.33609118752874       -0.13717714027756
O            1.28735336070096       -1.42022177161546        1.20078871170231
N            2.57144079338752       -1.90551856634536        1.27714769270006
C            3.61030255496664       -1.21434464391766        1.82742345737452
C            4.66466458839833       -2.07515447239431        1.84405934185978
N            4.23461148721663       -3.26934414184308        1.31358127458630
C            2.94675628886878       -3.15131670612346        0.98721534275100
C            5.01885269890324       -4.49356707431001        1.20457808310477
C            4.93800129484202       -5.26261147518376        2.49978830011956
C            5.83994796729164       -4.97995808257079        3.52530544277781
C            5.77567554642851       -5.63698147325230        4.74156745766290
C            4.79735867319748       -6.60079724692278        4.95086932727058
C            3.88782044906843       -6.90194763374318        3.94569927313433
C            3.95671790798497       -6.22795560936953        2.73332382191299
Cl           2.79503070435441       -6.62376299034474        1.51762386327617
Cl           4.70733873907129       -7.41862634568235        6.45789859362676
H            0.32887756877853        0.76026227814430       -0.00059785544516
H            0.46796279762870        0.15816893447677       -1.65724364148620
H            1.92147144616772        0.41261742008109       -0.68037920647023
H           -0.27276887484821       -1.65288862098466       -0.08128107714659
H            1.30518633153655       -2.03277004262308       -0.79074069997662
H            3.47123399288295       -0.19818122204031        2.14172228474321
H            5.67840233954840       -1.96819781896943        2.17585134856640
H            2.31857875526253       -3.92207159070182        0.57875514733336
H            4.63509622536329       -5.07874636377612        0.36474509472937
H            6.05654830239892       -4.22232334278783        0.98908615436577
H            6.61620928148373       -4.24262258210783        3.37611040420260
H            6.48525220180103       -5.40525052450161        5.52251545538620
H            3.13080721585536       -7.65553858759230        4.11211591363191
30
 energy: -50.918315102025 gnorm: 0.009296940893 xtb: 6.7.1 (edcfbbe)
C            0.88765321554647        0.09747422313963       -0.65473434590034
C            0.76641078172845       -1.32856681987692       -0.14503835017771
O            1.28738718680836       -1.45468444264614        1.19457021096954
N            2.55178497560701       -1.92625981207969        1.29681725486826
C            3.59863916613452       -1.23276219345663        1.82083893656481
C            4.65435144912918       -2.09022193147583        1.83291100774084
N            4.23517871710323       -3.27333975996457        1.30809046724621
C            2.95047962667438       -3.16111517944781        0.99508899072467
C            5.02436224306536       -4.48869793534847        1.21221143443715
C            4.94729679225548       -5.25317778797521        2.51085311500683
C            5.84645520213415       -4.98209733081421        3.53383905250790
C            5.78165734192926       -5.63954745804539        4.74364313884375
C            4.79790721419350       -6.59986999568881        4.94761774285845
C            3.88819688296844       -6.89181689311901        3.93956141713863
C            3.96216403470023       -6.21064877243282        2.73712392108547
Cl           2.80332096728192       -6.57807429931002        1.50711563577568
Cl           4.70121373992542       -7.42775623759645        6.44700282890798
H            0.34178669031933        0.77117279001171       -0.00209066241723
H            0.46464230554059        0.15981944645907       -1.65105319886096
H            1.92850240896422        0.41047124257602       -0.69890852674888
H           -0.28124612030280       -1.62793660993977       -0.06380313915912
H            1.28361737394874       -2.03400483849055       -0.80326634363964
H            3.48467601175270       -0.21505793749825        2.13690618041971
H            5.66409718859413       -1.95352700814054        2.16321702940763
H            2.33415316563205       -3.93713401503487        0.58575071823261
H            4.62513260024103       -5.09126976199927        0.39319889357097
H            6.05853705469193       -4.21371830883077        0.99852461718822
H            6.62226850956857       -4.25020546755598        3.37715976925894
H            6.48736665787683       -5.41517746951749        5.52460114410555
H            3.12973661598733       -7.64062943590096        4.09787106004406
30
 energy: -50.918622847878 gnorm: 0.005579756136 xtb: 6.7.1 (edcfbbe)
C            0.89628946822138        0.09779565248004       -0.65213655792835
C            0.75943067274309       -1.32861839146075       -0.14782358391541
O            1.27973636660825       -1.47359026969716        1.19388887349333
N            2.54128832008636       -1.93620753497473        1.29801104033216
C            3.58834049741548       -1.23779190734648        1.81551597571142
C            4.64968930781091       -2.09012731447960        1.82552822615402
N            4.23597770335254       -3.27497258617828        1.30434563595137
C            2.94894847487667       -3.16962544783802        0.99623008694131
C            5.03088825162284       -4.48564989568131        1.21318356258681
C            4.95284052137372       -5.24596369059983        2.51475940811913
C            5.85471651208328       -4.98252911526203        3.53849934094885
C            5.78646058655058       -5.64465393159557        4.74672903560357
C            4.79783171027530       -6.60171260420265        4.94639249416258
C            3.88475599315165       -6.88475715068103        3.93795483829471
C            3.96129142530860       -6.19862099346631        2.73889361532798
Cl           2.79809919978685       -6.55310674056094        1.50765068451399
Cl           4.69721221413157       -7.43686083020113        6.44074797861134
H            0.36175965885545        0.77748335470987        0.00383121476009
H            0.46548085124413        0.16388311755330       -1.64585238352470
H            1.93961792764689        0.40111469693430       -0.70574796783669
H           -0.29193752456900       -1.61064132423528       -0.05911066659744
H            1.26410768677209       -2.03761100513511       -0.81206489479015
H            3.48276800595897       -0.22050982809361        2.13437443069007
H            5.65741429750094       -1.93535847980073        2.15568698180969
H            2.33679003146558       -3.95233355541925        0.59123568957012
H            4.63392230210742       -5.09704620892572        0.40063810005521
H            6.06380272011739       -4.20766686865831        1.00000247014949
H            6.63415853616021       -4.25358530056905        3.38137802414548
H            6.49332382629498       -5.42824971938294        5.52951216860673
H            3.12272445504586       -7.63084612723167        4.09336617805328
30
 energy: -50.918931968074 gnorm: 0.007296552536 xtb: 6.7.1 (edcfbbe)
C            0.91471701219650        0.09478424699309       -0.64647407359331
C            0.74517859066987       -1.33121528513410       -0.15119495672303
O            1.26121777566867       -1.50446935497171        1.19308063577206
N            2.52574733340314       -1.95039196040277        1.29349645041516
C            3.56919049885724       -1.24181227984764        1.80535579662173
C            4.64100498835502       -2.08392261298175        1.81343392948641
N            4.23639682350803       -3.27550690152715        1.29940105829785
C            2.94574798249218       -3.18266930400166        0.99533544655953
C            5.04186180505413       -4.47917418238608        1.21538000635039
C            4.96154083651995       -5.23605530810352        2.51970951909279
C            5.86931261809370       -4.98627152600266        3.54371679274283
C            5.79514641522256       -5.65601225146502        4.74952901482614
C            4.79731573549712       -6.60485318024404        4.94470460109199
C            3.87724524226541       -6.87204044700552        3.93731023631208
C            3.95871302134122       -6.17974398884477        2.74217699192798
Cl           2.78589425841454       -6.51670336581363        1.51334392226718
Cl           4.69227013724825       -7.45165584684542        6.43135222979893
H            0.40455662447480        0.78718130728509        0.01762296236528
H            0.47178368538113        0.17456376615531       -1.63554368757785
H            1.96424616782603        0.37583545607161       -0.71377099075842
H           -0.31298499868760       -1.58224106460436       -0.05508872868891
H            1.22813062129334       -2.04839674466268       -0.82263429206367
H            3.47115719296392       -0.22573053837469        2.12864794021346
H            5.64504892379993       -1.90282191934860        2.14311913814572
H            2.33992020200091       -3.97680372625314        0.59954739013029
H            4.65541309980003       -5.10055317721524        0.40661772688774
H            6.07329922077762       -4.19424212183156        1.00478466850883
H            6.65564044705467       -4.26273301133698        3.38812313300345
H            6.50552101211040       -5.45288760748152        5.53430214310298
H            3.10749672639736       -7.61181706981886        4.09023499548436
30
 energy: -50.919135942495 gnorm: 0.007627393685 xtb: 6.7.1 (edcfbbe)
C            0.93195878755847        0.08982584082529       -0.64241189840539
C            0.73361542242053       -1.33406549486367       -0.15210984347911
O            1.24439886169116       -1.52652109336819        1.19249686572310
N            2.51545041175910       -1.95877442678791        1.28804840427253
C            3.55414474743151       -1.24202794124197        1.79778411662238
C            4.63261636240420       -2.07691538870857        1.80703888337569
N            4.23510024750741       -3.27389474481932        1.29760392749902
C            2.94312853088906       -3.18992022066189        0.99377954361201
C            5.04846047112562       -4.47283776282248        1.21785911413490
C            4.96625642957707       -5.23046579303235        2.52205334584277
C            5.87917294936982       -4.99134921871865        3.54462365479054
C            5.80230187980836       -5.66569414911469        4.74854608476692
C            4.79744410438806       -6.60684501034376        4.94338068061443
C            3.87135739062573       -6.86223635689294        3.93817390075149
C            3.95605876012491       -6.16707954828689        2.74493589015618
Cl           2.77731261272107       -6.49559580999063        1.51910038136857
Cl           4.69002107631713       -7.45955196634233        6.42611932396760
H            0.44273401451735        0.79201135604403        0.02856829387517
H            0.48158573591412        0.18377565647939       -1.62754421843480
H            1.98694185777861        0.34944040273420       -0.71829698893585
H           -0.32946551137773       -1.56143419626050       -0.05319159663048
H            1.19951984080917       -2.05949998466601       -0.82647666814302
H            3.45690171436925       -0.22655478687808        2.12270131908534
H            5.63377186025738       -1.88166946920972        2.13623841469554
H            2.34204527794481       -3.99106914921028        0.60387371629844
H            4.67259169118944       -5.09743073485637        0.40681065029740
H            6.07925464921222       -4.18123731404250        1.01181126519591
H            6.67132074628123       -4.27334844155548        3.39009205835070
H            6.51663098621108       -5.47171574913066        5.53271440240494
H            3.09509809117400       -7.59567850427706        4.09129697632708
30
 energy: -50.919423174362 gnorm: 0.006424077455 xtb: 6.7.1 (edcfbbe)
C            0.95818217041605        0.08069960569030       -0.63789031737791
C            0.71872576519878       -1.33813343623693       -0.15131130001366
O            1.22104858075713       -1.55317335418700        1.19161801963212
N            2.50279627315342       -1.96742993816355        1.28130328486694
C            3.53413152738190       -1.24026816357226        1.78961231524659
C            4.61956363829114       -2.06667053964018        1.80239450310661
N            4.23123687231984       -3.26991078298248        1.29775220402413
C            2.93901014957922       -3.19641280832616        0.99219343165388
C            5.05445461563471       -4.46308073134258        1.22176009595286
C            4.97019500958440       -5.22524985982976        2.52331468112234
C            5.89049877209912       -4.99993526489227        3.54222275494457
C            5.81229299015383       -5.67842191815263        4.74392028684646
C            4.79790123457211       -6.60801705229693        4.94177516385261
C            3.86413429697352       -6.84960794398079        3.94035682019508
C            3.95237971229711       -6.15308704868946        2.74819628691727
Cl           2.76809264515594       -6.47475727441687        1.52633742436579
Cl           4.68845071525635       -7.46487110858823        6.42173131318370
H            0.49778309799831        0.79546712373428        0.04143279763684
H            0.50067633589778        0.19488307041432       -1.61769676282593
H            2.02044206738798        0.30801389766472       -0.72341409304328
H           -0.35044270860596       -1.53416478207724       -0.05039718459972
H            1.16097155735512       -2.07656420067086       -0.82761791498954
H            3.43281866019284       -0.22498277335797        2.11399689954596
H            5.61762349644294       -1.85980456150368        2.13066165586039
H            2.34403741063134       -4.00417094674461        0.60711329496819
H            4.69297047918586       -5.08752027593355        0.40352984780414
H            6.08466960607718       -4.16172861394086        1.02427240225317
H            6.69007687489073       -4.29010099970080        3.38818423075634
H            6.53333399415943       -5.49533191280802        5.52472665962374
H            3.07967415956208       -7.57402740546794        4.09554119849032
30
 energy: -50.919776411999 gnorm: 0.007039219447 xtb: 6.7.1 (edcfbbe)
C            1.00026548071225        0.06582607492090       -0.63134476101421
C            0.69765814129404       -1.34361619464404       -0.14866885363597
O            1.18752667094203       -1.59042714898409        1.18986637708559
N            2.48269436457311       -1.98020171767029        1.27485774462217
C            3.50399965692696       -1.23771487128935        1.77923753909457
C            4.59855171372828       -2.05192896843959        1.79709176796271
N            4.22369311353202       -3.26316299670631        1.29951858810618
C            2.93162635308263       -3.20495752892363        0.99207604950412
C            5.06102982424517       -4.44767545130691        1.22794788292820
C            4.97428617222334       -5.21816562010223        2.52430898854006
C            5.90527009843513       -5.01228552363797        3.53703568499975
C            5.82733035763960       -5.69590172634677        4.73541754935051
C            4.79931855929624       -6.60874370246968        4.93923800623166
C            3.85512528168924       -6.83190914343878        3.94345256230675
C            3.94730942164201       -6.13430283255516        2.75226179850322
Cl           2.75721219806302       -6.44673784286183        1.53454318935080
Cl           4.68699466663445       -7.46861136888021        6.41712432981362
H            0.58243674982943        0.79818953014832        0.05846655813346
H            0.53619201498124        0.20957673076943       -1.60387179784386
H            2.07255591159409        0.24214694321679       -0.72887477036479
H           -0.38008208356009       -1.49242019290012       -0.04501617224179
H            1.10294442619434       -2.10186056420939       -0.82819619691401
H            3.39225488466030       -0.22172572107740        2.09873053655118
H            5.59411506771105       -1.83282576555917        2.12266007528408
H            2.34555069436372       -4.02041585532841        0.61106271384253
H            4.71789983125058       -5.06988186031435        0.39882380752061
H            6.09014116843401       -4.13227163604414        1.04413755104499
H            6.71476932887191       -4.31445337599383        3.38218151242245
H            6.55906581523818       -5.52819009579471        5.50954555182742
H            3.05999411577210       -7.54371157357707        4.10200618698800
30
 energy: -50.920061417782 gnorm: 0.008104552184 xtb: 6.7.1 (edcfbbe)
C            1.04688404550370        0.04898957725655       -0.62319542955750
C            0.67775660411448       -1.34785217226113       -0.14571032933811
O            1.15353008242131       -1.62769983859559        1.18719181150486
N            2.45877414131096       -1.99500168660406        1.27135173618103
C            3.47076778781977       -1.23560549103491        1.76852246885780
C            4.57478632963864       -2.03618433660829        1.79010355029725
N            4.21409693196073       -3.25564878059882        1.30161043221984
C            2.92186128867364       -3.21461356582155        0.99436102849599
C            5.06608539723935       -4.43074221510657        1.23472623441597
C            4.97738400734444       -5.21014664531665        2.52541105643358
C            5.91952303320778       -5.02412363322397        3.53129331369999
C            5.84331819296307       -5.71322686017483        4.72604621531320
C            4.80175446920854       -6.60912724263436        4.93647390008104
C            3.84749574607343       -6.81424412356395        3.94668231056908
C            3.94231701110565       -6.11547855092009        2.75642963452666
Cl           2.74731842249708       -6.41901807292180        1.54219627089672
Cl           4.68701123274226       -7.47130068937160        6.41295533046367
H            0.67195159416315        0.79584149095487        0.07581569646158
H            0.58256449110762        0.22439136718386       -1.58964894873741
H            2.12652696055579        0.17135263142148       -0.72836508399683
H           -0.40633043305403       -1.44786840451243       -0.04050692588127
H            1.04372977751526       -2.12270052041626       -0.83054431318921
H            3.34387547438564       -0.21815580108830        2.07883985369873
H            5.56959050627481       -1.80676679939917        2.11081153617141
H            2.34478257504519       -4.03751608798481        0.61682071785677
H            4.73963671569349       -5.05048421402385        0.39596006386237
H            6.09337048605441       -4.10146788972961        1.06483320181204
H            6.73816388332906       -4.33815132535865        3.37430161162841
H            6.58649769907700       -5.56185389248537        5.49233181147234
H            3.04270554602840       -7.51395622706019        4.10852124377998
30
 energy: -50.920269462972 gnorm: 0.006405703218 xtb: 6.7.1 (edcfbbe)
C            1.08569878691691        0.03508352609532       -0.61454255526462
C            0.66509048594281       -1.34871907931511       -0.14458008163718
O            1.12853523251244       -1.65411860248349        1.18332610957778
N            2.43682597068738       -2.00827681358536        1.27150449582614
C            3.44264715664015       -1.23484524790052        1.75995243642614
C            4.55399839102702       -2.02372425315191        1.78274796681211
N            4.20435063437543       -3.24966127215340        1.30319523433665
C            2.91158460599542       -3.22330338764105        0.99861743460942
C            5.06746848707295       -4.41704074796940        1.24011278737857
C            4.97852969062810       -5.20317335473585        2.52655682142344
C            5.92895103478280       -5.03137707509050        3.52677045577816
C            5.85570254557040       -5.72510408671713        4.71853635785610
C            4.80537937772380       -6.60926525698547        4.93427757237896
C            3.84424850339334       -6.80206834231175        3.94947008410411
C            3.93933489825221       -6.10245405249925        2.75982780414819
Cl           2.74181291308670       -6.40218327515692        1.54798833278023
Cl           4.68981703373179       -7.47269210897437        6.41023063181820
H            0.74295303839055        0.78895258990930        0.09056643353634
H            0.62830767916745        0.23600044005629       -1.57808556142604
H            2.16768240082575        0.11426249653759       -0.72142623885355
H           -0.42057638141958       -1.41149050846861       -0.03928267057563
H            1.00061648236303       -2.13072821740411       -0.83585910326103
H            3.29961388078311       -0.21592501684182        2.05944074379333
H            5.54968609031821       -1.78812183635699        2.09753070870993
H            2.34098514793932       -4.05171984469205        0.62405957707870
H            4.75177465454362       -5.03540057993053        0.39620943370814
H            6.09246996968190       -4.07767378776004        1.07995748083420
H            6.75304669549753       -4.35340580476910        3.36671054696791
H            6.60741202474656       -5.58626645002440        5.47812879670265
H            3.03378256882373       -7.49392004967943        4.11367796443263
30
 energy: -50.920395581251 gnorm: 0.004527091603 xtb: 6.7.1 (edcfbbe)
C            1.11969610568722        0.02599498438880       -0.60738398054024
C            0.65492519242552       -1.34601396495222       -0.14573046432473
O            1.10962131898515       -1.67333451848050        1.17913331143747
N            2.41626702475562       -2.02064683687146        1.27363909477852
C            3.41821002390722       -1.23656539041647        1.75432062312583
C            4.53550180661782       -2.01582580749435        1.77681186319983
N            4.19452918399867       -3.24636275026925        1.30394816067480
C            2.90098180346009       -3.23189878179311        1.00306445728560
C            5.06597843468383       -4.40734468724095        1.24335087303303
C            4.97912552939648       -5.19728199250626        2.52773240398387
C            5.93496276244823       -5.03332264623775        3.52386807286388
C            5.86509198821222       -5.73066845304874        4.71365116585547
C            4.81082685301007       -6.60896955547713        4.93280863297911
C            3.84572952872532       -6.79572786114590        3.95151867936980
C            3.93935396743240       -6.09552216411253        2.76217267398654
Cl           2.74108191667962       -6.39677205520899        1.55186860525376
Cl           4.69607478876672       -7.47332737687742        6.40848697572591
H            0.80672458345402        0.78777762136875        0.10356151902095
H            0.66725239856639        0.24737721786186       -1.56877615270773
H            2.20412978551631        0.06555254742644       -0.71918475415077
H           -0.43211064213969       -1.37471666591522       -0.03757175435799
H            0.96389143008095       -2.13346041767362       -0.84381662638581
H            3.26165268689584       -0.21736511767053        2.04577324346894
H            5.53182398623125       -1.77464483700453        2.08742586508410
H            2.33504802759031       -4.06503815022068        0.63175522824695
H            4.75666689669179       -5.02684509561473        0.39861655228895
H            6.08853746090442       -4.06042490752005        1.08840243037068
H            6.76086076608610       -4.35874443141039        3.36044952405770
H            6.62196659592550       -5.59976666340610        5.46872795967674
H            3.03332779500564       -7.48447124247709        4.11699581669878
30
 energy: -50.920474004376 gnorm: 0.003872530372 xtb: 6.7.1 (edcfbbe)
C            1.14629805366311        0.02226104052369       -0.60197022669203
C            0.65099821723636       -1.33882571420199       -0.14862486524157
O            1.09669350186452       -1.68332888722279        1.17615202789694
N            2.39885715703483       -2.03055483108874        1.27703299657191
C            3.39956636961779       -1.24027867976370        1.75184614074434
C            4.52035817061259       -2.01333186371229        1.77237102732930
N            4.18404545083219       -3.24651677821825        1.30404832946603
C            2.88984275086055       -3.23936543702104        1.00672987978879
C            5.05999875684423       -4.40346277134644        1.24397510863741
C            4.97782689566172       -5.19379292435290        2.52870103038760
C            5.93559788932368       -5.02888759248742        3.52259397791213
C            5.87066957673561       -5.72830423697498        4.71164503426119
C            4.81848908707711       -6.60821472102703        4.93270786405010
C            3.85243979919043       -6.79698729580804        3.95339617910168
C            3.94203541023336       -6.09685362413583        2.76359047322694
Cl           2.74477835266506       -6.40551405820386        1.55408502546307
Cl           4.70789976389060       -7.47287606760680        6.40878371386951
H            0.84970288716165        0.78451824564258        0.11081498999045
H            0.70351997688286        0.25879959298228       -1.56382168330619
H            2.22748476594541        0.03836762073802       -0.71216779394222
H           -0.43351665294964       -1.34597544573304       -0.04044852240056
H            0.94454449108245       -2.12494754328517       -0.85154927898524
H            3.23263604936641       -0.22144473552685        2.03763212084194
H            5.51754761088303       -1.76938699534524        2.07949816268921
H            2.32589906222753       -4.07546567985803        0.63866400449485
H            4.75175613771272       -5.02572296495157        0.40185395409070
H            6.08040779302186       -4.05262631769927        1.08848128024456
H            6.75914857013993       -4.35230986500770        3.35592477833020
H            6.62966028659159       -5.59903529125295        5.46418237295309
H            3.04254381859164       -7.48829617805481        4.11949189822582
30
 energy: -50.920534670478 gnorm: 0.006118896065 xtb: 6.7.1 (edcfbbe)
C            1.18966945615022        0.01611464221398       -0.59598095781700
C            0.63831022704512       -1.33049603502261       -0.15165813923591
O            1.07235513403199       -1.70348592711088        1.17245046288355
N            2.37365423986759       -2.04474694731472        1.27827674455917
C            3.37052125648640       -1.24535433302320        1.74810884657574
C            4.49725799946909       -2.00950232646686        1.76804566435606
N            4.16896066965254       -3.24698857730704        1.30450061529392
C            2.87396445199214       -3.25059212170672        1.01006300237369
C            5.05360318923131       -4.39719424459595        1.24487802529014
C            4.97783587727610       -5.18865057667345        2.52975935810862
C            5.93923068284442       -5.02382360244633        3.52060046979791
C            5.88005866162172       -5.72618169552986        4.70860402397826
C            4.82930739504129       -6.60734865229114        4.93203772479330
C            3.86063525384914       -6.79713486221561        3.95536741917814
C            3.94568595365201       -6.09635617751927        2.76545298580594
Cl           2.74830385605668       -6.41184625840125        1.55737270942525
Cl           4.72384130038299       -7.47333670753680        6.40787345590683
H            0.92970354926379        0.79008383752464        0.12355816010847
H            0.74979978596894        0.27747022725401       -1.55457177957135
H            2.27403235943729       -0.01488627091790       -0.71429362592373
H           -0.44823376659064       -1.29446886847666       -0.03902791777215
H            0.90069201648897       -2.12574916592152       -0.86023450368307
H            3.19303036297078       -0.22725974523067        2.02966114966887
H            5.49364866675508       -1.75770081211207        2.07259198381001
H            2.31438017981668       -4.09220209222948        0.64682313740981
H            4.75032532907660       -5.02324826948383        0.40391790836707
H            6.07139113572361       -4.03841909826972        1.08972546534949
H            6.76068235971742       -4.34504490921066        3.35101340117317
H            6.64239267637661       -5.59915832338027        5.45823440162874
H            3.05268974034562       -7.49085210659839        4.12246980816092
30
 energy: -50.920618952987 gnorm: 0.004448941074 xtb: 6.7.1 (edcfbbe)
C            1.19174942336820        0.01948803878547       -0.59719577602999
C            0.64062775408584       -1.32466158660845       -0.15428472197171
O            1.07235962907803       -1.69720746130503        1.17126032154215
N            2.37274553845081       -2.04368420399458        1.27794368632090
C            3.37058000360823       -1.24801033930939        1.75113416069608
C            4.49532032292503       -2.01498064707917        1.77098220044324
N            4.16434318521492       -3.25090476412505        1.30489356161564
C            2.86959685370858       -3.25104558507011        1.00969136251849
C            5.04748691148171       -4.40191972380564        1.24258317873716
C            4.97613629856058       -5.19072288096115        2.52939298993083
C            5.93471249865314       -5.01650223716780        3.52153100138760
C            5.87834182775435       -5.71742342877443        4.71061478127255
C            4.83448465114855       -6.60726091349803        4.93284739370416
C            3.86806893889170       -6.80554903119404        3.95511386636996
C            3.94912399341979       -6.10458699815399        2.76493395664229
Cl           2.75238411484424       -6.42481942359907        1.55671565427040
Cl           4.73418396608113       -7.47330781084213        6.40903775290610
H            0.93191523977944        0.79268707261798        0.12249958322795
H            0.75302895709979        0.28024916869781       -1.55577738211984
H            2.27486092829033       -0.01186604876244       -0.71572841372323
H           -0.44421509885854       -1.28778913947189       -0.04175194198207
H            0.90415951637059       -2.11919582358578       -0.86163595679770
H            3.19670752825623       -0.23040188663835        2.03551531594903
H            5.49108268285444       -1.76415025748684        2.07676005348696
H            2.30856970588610       -4.09157783024752        0.64635528078058
H            4.74027268237410       -5.02930946579743        0.40397699849715
H            6.06514217960394       -4.04456517676845        1.08141052631670
H            6.75112479532102       -4.33115002371986        3.35271791464657
H            6.63774772241717       -5.58266493708687        5.46209065877201
H            3.06508724933209       -7.50552665504802        4.12199199258994
30
 energy: -50.920783568498 gnorm: 0.003505517342 xtb: 6.7.1 (edcfbbe)
C            1.22523593934159        0.02474764238073       -0.59896191610024
C            0.63906035772877       -1.30402287491091       -0.16097131144252
O            1.05650665293900       -1.68988012442335        1.16731540068042
N            2.35629883027640       -2.04738761347990        1.27774809863045
C            3.35554708101950       -1.25806950624166        1.75792140706824
C            4.47719722850440       -2.02996279526180        1.77821999462300
N            4.14179375730281       -3.26305380825851        1.30652292171874
C            2.84733423769222       -3.25756359414820        1.00925544562342
C            5.02512303558515       -4.41318767550755        1.23622868854867
C            4.97063092823289       -5.19525192259707        2.52802493741085
C            5.92168671968053       -4.99147089864855        3.52261205345893
C            5.87725302357773       -5.68872626253699        4.71459213678770
C            4.85667734725325       -6.60706910750858        4.93437704135426
C            3.89611928793717       -6.83219495005908        3.95497955907998
C            3.96158991898164       -6.12947612553391        2.76468991970148
Cl           2.76554663797026       -6.46499535522825        1.55784709600684
Cl           4.77622287333229       -7.47432874897098        6.41129155905220
H            0.98242238214909        0.80029945570024        0.12183701832701
H            0.79322756669388        0.30038022437172       -1.55615961172215
H            2.30470326788679       -0.02952767496058       -0.71776172378165
H           -0.44329334650983       -1.23852053430609       -0.04879889025139
H            0.88648828000619       -2.10470863994363       -0.86634257752257
H            3.18962008204693       -0.24117408177428        2.04901808598376
H            5.47098918334277       -1.77835439312830        2.08652335350728
H            2.28472490726478       -4.09707024323495        0.64621030868218
H            4.70797005703522       -5.04516474612260        0.40436200735493
H            6.04089597606872       -4.05600295589425        1.05694430748340
H            6.72146482808051       -4.28502423505469        3.35536076520008
H            6.62874662471688       -5.52921122386965        5.47049441930467
H            3.10994633386435       -7.55238723084876        4.12223950523192
30
 energy: -50.920853932940 gnorm: 0.003965672232 xtb: 6.7.1 (edcfbbe)
C            1.26004056220805        0.02546828830245       -0.59804723041886
C            0.63495881468068       -1.28768494689749       -0.16453899111311
O            1.03906460878854       -1.68942000385477        1.16340417035077
N            2.33790787800145       -2.05292753772401        1.27837732518065
C            3.33724710140197       -1.26591597752820        1.76162629002886
C            4.45808032984106       -2.03912528623270        1.78187598997005
N            4.12173361938972       -3.27070847911693        1.30733655270706
C            2.82744238086125       -3.26358308381275        1.00871914341683
C            5.00703885233172       -4.41890098595680        1.23259261894344
C            4.96541910390947       -5.19713234839067        2.52690354805072
C            5.91122228727930       -4.97276196701009        3.52211900628131
C            5.87754613428037       -5.66767860274871        4.71577658799577
C            4.87557262067729       -6.60692509614013        4.93478941245828
C            3.91934055221233       -6.85110222644582        3.95545517423747
C            3.97125697884395       -6.14660005808811        2.76559016800128
Cl           2.77596189752827       -6.49472823145518        1.56098525241159
Cl           4.81187515943042       -7.47527182650071        6.41208818762795
H            1.04397141960002        0.80744482063577        0.12756343043804
H            0.83355859381456        0.31903849252560       -1.55291993993879
H            2.33983264445006       -0.06352207351093       -0.72064505376060
H           -0.44473529122364       -1.19237028521339       -0.05389978250948
H            0.86098479488331       -2.09325672459602       -0.87158667779083
H            3.17377636511353       -0.24929337258618        2.05580123281536
H            5.45111112305755       -1.78728421018701        2.09155111434509
H            2.26505091191578       -4.10258601419837        0.64447110838827
H            4.68387998608879       -5.05404919033435        0.40542198039884
H            6.02046224829539       -4.06002148708872        1.04249395973270
H            6.69807033718174       -4.25157221726247        3.35498904092867
H            6.62328790065579       -5.49004618513381        5.47372844620985
H            3.14677008450344       -7.58584318345000        4.12359793461270
30
 energy: -50.920890859676 gnorm: 0.002339455324 xtb: 6.7.1 (edcfbbe)
C            1.28352411713977        0.02544260367635       -0.59811221406127
C            0.63380958376792       -1.27740062055197       -0.16528478870201
O            1.02860366936287       -1.68783126487633        1.16100903782403
N            2.32656507633708       -2.05562753313847        1.27965975646833
C            3.32658711508852       -1.27094005252492        1.76480568028251
C            4.44636413540068       -2.04600394458498        1.78485027677460
N            4.10883102404640       -3.27561622006281        1.30729336302714
C            2.81461109988301       -3.26629051916157        1.00749035913594
C            4.99428056740382       -4.42351344174917        1.23020934682644
C            4.96044473749728       -5.19879716832453        2.52576734740221
C            5.90162430161137       -4.96001614633408        3.52138787676078
C            5.87609422555992       -5.65258324272992        4.71624582108526
C            4.88888822937338       -6.60698740574627        4.93474226207498
C            3.93643169016188       -6.86443847882874        3.95573524808525
C            3.97767168477673       -6.15846852793459        2.76660964883314
Cl           2.78276049339751       -6.51444372766098        1.56460833176702
Cl           4.83876513323863       -7.47636082724873        6.41193616963444
H            1.08025781342534        0.80855500917675        0.12809768799096
H            0.86344038651765        0.32926276708355       -1.55219991802494
H            2.36051116798917       -0.08019890613019       -0.71943747084022
H           -0.44587573689989       -1.16045815471954       -0.05724274881388
H            0.84350882098103       -2.08742966649051       -0.87405580603838
H            3.16589488420677       -0.25413624566678        2.06117380455334
H            5.43976511049292       -1.79656634890835        2.09614439181061
H            2.25206487339695       -4.10347380099306        0.63947390123615
H            4.66600969671197       -5.06026881116273        0.40632098310298
H            6.00606524455212       -4.06428493853225        1.03407457672549
H            6.67864907469990       -4.22900988148630        3.35426405932742
H            6.61690100903294       -5.46114726599614        5.47550061366955
H            3.17468077084871       -7.60932723839331        4.12455240208200
30
 energy: -50.920903593500 gnorm: 0.001479872304 xtb: 6.7.1 (edcfbbe)
C            1.29049719309941        0.02533998499414       -0.59805681136481
C            0.63462570920001       -1.27361435306643       -0.16482000177739
O            1.02537407142192       -1.68714479703045        1.15978696390331
N            2.32262865351375       -2.05598666472474        1.28059866712490
C            3.32296745454357       -1.27253582831756        1.76688063016283
C            4.44228798791687       -2.04837437119489        1.78631387250699
N            4.10447486246752       -3.27670371335211        1.30660044716797
C            2.81034568679854       -3.26625146764044        1.00623208851466
C            4.98922357123276       -4.42518541540981        1.22948007621251
C            4.95716036571050       -5.19898356763961        2.52540556045804
C            5.89665684224182       -4.95529886359897        3.52090108199137
C            5.87502621701748       -5.64697858975596        4.71608767654035
C            4.89409820468118       -6.60702109055780        4.93459583583633
C            3.94293608198031       -6.86894276345032        3.95614282317546
C            3.97911983531984       -6.16236362635606        2.76739376211571
Cl           2.78404123442126       -6.52068343617474        1.56739662224532
Cl           4.85077753765295       -7.47731142980864        6.41125184254127
H            1.09390204269331        0.80930589516610        0.12940901722776
H            0.87199301303704        0.33189505967086       -1.55156481422320
H            2.36702401258963       -0.08817838218701       -0.72051097761335
H           -0.44312894136834       -1.15332602530627       -0.05949421101942
H            0.83957398397027       -2.08209930523924       -0.87497731731271
H            3.16304961415059       -0.25577214489895        2.06407300065067
H            5.43651476407968       -1.80217771955978        2.09896226764625
H            2.24752376193325       -4.10168070102460        0.63451608709423
H            4.65867925938489       -5.06243252270276        0.40699167061228
H            6.00047760654170       -4.06630687716062        1.03247825567593
H            6.66969830267704       -4.22111968182282        3.35318673396472
H            6.61420938702237       -5.45071220529565        5.47518101484806
H            3.18597168407134       -7.61771539655548        4.12517813509383
30
 energy: -50.920908248781 gnorm: 0.001323696631 xtb: 6.7.1 (edcfbbe)
C            1.30198687060987        0.02386173418575       -0.59725918430261
C            0.63363907951453       -1.26992631612824       -0.16602127436730
O            1.01990875131206       -1.69134624326690        1.15711546295351
N            2.31645185152522       -2.05890942934884        1.28091903200384
C            3.31542196203235       -1.27478157971850        1.76876321855088
C            4.43564391429320       -2.04893349644297        1.78736080750463
N            4.09978285982815       -3.27716429238222        1.30605610522500
C            2.80588800436600       -3.26824901074273        1.00563453938670
C            4.98572902743192       -4.42475099365912        1.22925701197302
C            4.95516652791900       -5.19763512773458        2.52582036917604
C            5.89544135398779       -4.95204112446656        3.52027986919700
C            5.87725812112969       -5.64424196675540        4.71526431536143
C            4.89914408237242       -6.60696487952307        4.93447328581311
C            3.94694882526451       -6.87044967639598        3.95726855691980
C            3.97938785542224       -6.16346835200654        2.76851342533421
Cl           2.78327073748820       -6.52344663641309        1.57068327872175
Cl           4.86105913222404       -7.47876240479725        6.41020244195143
H            1.11501933380899        0.80897819693135        0.13175384955009
H            0.88425260174762        0.33520798636381       -1.54950964437497
H            2.37705904819184       -0.10063116118768       -0.72253308361045
H           -0.44434057735969       -1.13766733280009       -0.05966763758733
H            0.82905539131007       -2.07931610858823       -0.87871391491247
H            3.15348005627580       -0.25877251617358        2.06630769861109
H            5.42999239674012       -1.80390097433269        2.10111818138522
H            2.24363001399980       -4.10314889659240        0.63170496463547
H            4.65533656902594       -5.06307673166551        0.40767351896075
H            5.99644229895010       -4.06450733135192        1.03219140077480
H            6.66620268772274       -4.21575833136800        3.35122953473794
H            6.61722257009812       -5.44701399984060        5.47308529806742
H            3.19224865276990       -7.62154300379884        4.12664857235986
30
 energy: -50.920911846743 gnorm: 0.000790779840 xtb: 6.7.1 (edcfbbe)
C            1.29940627071722        0.02414804489800       -0.59790764013628
C            0.63412306614136       -1.27054899652566       -0.16666832024307
O            1.02092027794657       -1.69235765483848        1.15599003345582
N            2.31776355158018       -2.05866071202872        1.28032634158061
C            3.31609807591118       -1.27497744321602        1.77045065555859
C            4.43639900383935       -2.04896367313861        1.78912466451703
N            4.10115440505856       -3.27680129744996        1.30577779444786
C            2.80767446308383       -3.26769289070432        1.00413848511790
C            4.98685874832772       -4.42464360987699        1.22947411541975
C            4.95535599047946       -5.19736487125250        2.52629124769443
C            5.89683436041711       -4.95331063834817        3.52018296089867
C            5.87847779673166       -5.64587445635181        4.71495190522484
C            4.89884286970525       -6.60719306034368        4.93449616620342
C            3.94512226608866       -6.86863230753900        3.95798000555044
C            3.97780317274118       -6.16159752812603        2.76919833945955
Cl           2.78033348957908       -6.51923039095138        1.57236387903712
Cl           4.86074146642922       -7.47974267157951        6.40950157203990
H            1.11081982109722        0.80794945970262        0.13056591564197
H            0.88017335668009        0.33446537375602       -1.54994912361573
H            2.37344778988644       -0.09736832055501       -0.72408301930525
H           -0.44341712214660       -1.14102313385210       -0.05940861612733
H            0.83090473924099       -2.07852266139317       -0.87993095114880
H            3.15398324043335       -0.25939711738254        2.06919494089406
H            5.43057976653951       -1.80500368837712        2.10438609528115
H            2.24533301986438       -4.10169166709653        0.62827824610813
H            4.65692082392896       -5.06286899268223        0.40765569912506
H            5.99794118460803       -4.06482801668950        1.03284025821540
H            6.66847862804462       -4.21783651366670        3.35059532830573
H            6.61967200772712       -5.45030493930795        5.47214501094024
H            3.18898346932083       -7.61848562508357        4.12765800985862
