26
 energy: -26.289231652392 gnorm: 0.059346148474 xtb: 6.7.1 (edcfbbe)
C            0.87144000000000        0.11378000000000       -0.01942000000000
C            0.49326000000000       -1.34837000000000        0.11229000000000
P            1.04269000000000       -2.13775000000000        1.59888000000000
C            0.44438000000000       -1.27782000000000        3.03108000000000
C           -1.06285000000000       -1.15049000000000        3.12726000000000
C            0.45561000000000       -3.81151000000000        1.64708000000000
C            0.95887000000000       -4.70605000000000        0.53143000000000
C            2.80754000000000       -2.14065000000000        1.65934000000000
H            0.44114000000000        0.70349000000000        0.79499000000000
H            0.50688000000000        0.52088000000000       -0.96731000000000
H            1.95753000000000        0.23922000000000        0.01390000000000
H           -0.59616000000000       -1.43852000000000        0.04233000000000
H            0.90413000000000       -1.88917000000000       -0.74715000000000
H            0.81059000000000       -1.79458000000000        3.92531000000000
H            0.88457000000000       -0.27495000000000        3.05263000000000
H           -1.53646000000000       -2.13581000000000        3.15782000000000
H           -1.34502000000000       -0.60619000000000        4.03350000000000
H           -1.46500000000000       -0.61237000000000        2.26416000000000
H            0.74095000000000       -4.25471000000000        2.60761000000000
H           -0.63921000000000       -3.80441000000000        1.61802000000000
H            2.05021000000000       -4.77574000000000        0.54912000000000
H            0.54912000000000       -5.71536000000000        0.63445000000000
H            0.66358000000000       -4.31383000000000       -0.44590000000000
H            3.23392000000000       -2.59700000000000        0.76174000000000
H            3.19968000000000       -1.12249000000000        1.73496000000000
H            3.16576000000000       -2.70150000000000        2.52743000000000
26
 energy: -26.293516418483 gnorm: 0.026068141846 xtb: 6.7.1 (edcfbbe)
C            0.87562221705606        0.12125122168797       -0.01392618060152
C            0.48029011527298       -1.34860548724902        0.08895967328774
P            1.04273230256451       -2.13862741462421        1.60080486680655
C            0.44659370803228       -1.26375013755215        3.05410427250608
C           -1.07278348071683       -1.15057808785635        3.12387149648165
C            0.43990405230850       -3.83182108670727        1.65396473696686
C            0.96419012272938       -4.70865774330959        0.52154035340329
C            2.82955077974271       -2.13828448861662        1.65968565462830
H            0.44246653064804        0.71323689856484        0.79151571521090
H            0.51505102732667        0.52847245371229       -0.95555107045255
H            1.95727025841840        0.24884913545029        0.01024794927061
H           -0.60948960846961       -1.45032931323730        0.03182067965038
H            0.89885766549840       -1.90177119517969       -0.75936551201183
H            0.82382400043433       -1.78997809493373        3.93868865268062
H            0.89857062965661       -0.26546773835900        3.06099471049678
H           -1.54730975555106       -2.13026749558202        3.16369593376250
H           -1.35591168398858       -0.60918440282030        4.02342346277733
H           -1.47574862311035       -0.60912193842290        2.26865121304795
H            0.73112994775526       -4.25772755839792        2.62132998528535
H           -0.65504324417819       -3.80976963564827        1.62546841346562
H            2.05048041862338       -4.78648641189451        0.54324173561201
H            0.55821305672538       -5.71229086234379        0.62277587514371
H            0.66527270872277       -4.32672719009607       -0.45382327099582
H            3.24405084925849       -2.59395345048306        0.75854025158815
H            3.21170169560746       -1.11887431811768        1.73695570694092
H            3.17766430963299       -2.70143565798394        2.52793469504842
26
 energy: -26.294634069196 gnorm: 0.006376287678 xtb: 6.7.1 (edcfbbe)
C            0.87512889641923        0.12831039221613       -0.01634675060376
C            0.47314145880136       -1.34345158383565        0.07072569908857
P            1.04318422009322       -2.13973796398121        1.60239754008904
C            0.44401047031619       -1.25115870932721        3.07179859667354
C           -1.07917924587764       -1.14493289653747        3.12862021585626
C            0.43121168777740       -3.85179535720030        1.65646295388710
C            0.96607136037169       -4.71823911216070        0.51722868626749
C            2.84841548773065       -2.13775389755604        1.65835506462801
H            0.43883088765190        0.71035401276742        0.79106878384198
H            0.51859273310012        0.54246831177641       -0.95487305923562
H            1.95512434458690        0.24679659950053        0.00918751540318
H           -0.61514449031682       -1.45125027903213        0.02189194134673
H            0.90057566990489       -1.90113792195347       -0.76842794528819
H            0.82439352462361       -1.78439336208938        3.94934076325720
H            0.90009745228046       -0.25608128524875        3.06879376735628
H           -1.54504898240978       -2.12584417110308        3.16960864639202
H           -1.36910286373452       -0.60352784873263        4.02421844715714
H           -1.47275397969043       -0.60542210211576        2.27110979281648
H            0.72513627429500       -4.26953821555655        2.62544117535649
H           -0.66192437855831       -3.81957210742562        1.62309648838795
H            2.04984192372340       -4.79076583127308        0.54705621600742
H            0.56373656014982       -5.72232081357317        0.61261272924557
H            0.66447504043238       -4.33182794180847       -0.45252491801665
H            3.25296303960133       -2.58924856280045        0.75285994383636
H            3.21842161006101       -1.11640223420886        1.74063691822683
H            3.18695129866693       -2.70542711874051        2.52521078802260
26
 energy: -26.294705285777 gnorm: 0.002282891474 xtb: 6.7.1 (edcfbbe)
C            0.87364118758465        0.12985973076591       -0.01757550414775
C            0.47240624869137       -1.34105970715921        0.06625342381463
P            1.04267409242975       -2.14066618674376        1.60268951940471
C            0.44250532561995       -1.24821022424391        3.07585053876858
C           -1.07958098675586       -1.14130579272471        3.13147660862936
C            0.42958433264612       -3.85800021358598        1.65601550950955
C            0.96684033893058       -4.72259550917508        0.51780037009137
C            2.85219553786241       -2.13831046068606        1.65755445157784
H            0.43631378360610        0.70878156652304        0.79171428441985
H            0.51834670687310        0.54768992135737       -0.95574745029631
H            1.95391841712819        0.24682310492078        0.01014348115646
H           -0.61484826801016       -1.45050696333993        0.01762741612460
H            0.90336654958480       -1.89836186171849       -0.77030808528677
H            0.82263087699426       -1.78247605515588        3.95197995171365
H            0.89948293554001       -0.25438956385960        3.07016973367293
H           -1.54425602317481       -2.12293778556936        3.17298083937971
H           -1.37171405691303       -0.59801685640281        4.02607989776660
H           -1.47107052587050       -0.60350458943500        2.27173101466928
H            0.72244678154682       -4.27471757378978        2.62484680627321
H           -0.66267383432072       -3.82348659500821        1.61955664380404
H            2.05085844979535       -4.79263963606116        0.54992271647692
H            0.56582940224170       -5.72827248147446        0.61074329712238
H            0.66602467561231       -4.33418098394101       -0.45160017533215
H            3.25437466905386       -2.58507007317469        0.74926286381605
H            3.21841036889124       -1.11640293911143        1.74463383529465
H            3.18944301441253       -2.70994227120657        2.52174801157664
26
 energy: -26.294716152393 gnorm: 0.000777887342 xtb: 6.7.1 (edcfbbe)
C            0.87247525893305        0.13013206993579       -0.01718333971065
C            0.47264576659040       -1.34021456085367        0.06496601589046
P            1.04197545224983       -2.14141693328734        1.60254784312341
C            0.44195053539834       -1.24766747785033        3.07653870892812
C           -1.07904095726120       -1.13907643181784        3.13260385673178
C            0.42882536484345       -3.86012603923972        1.65519998428925
C            0.96793541128629       -4.72445338919638        0.51884964557728
C            2.85223559712229       -2.13897737848965        1.65692522286174
H            0.43434344882704        0.70832254346717        0.79259354724916
H            0.51769650286506        0.54941767919069       -0.95528448678204
H            1.95290852113530        0.24824831962329        0.01174832045887
H           -0.61414973924329       -1.45084455991706        0.01500631433133
H            0.90576531752269       -1.89682572031534       -0.77063127314941
H            0.82186037810980       -1.78201403852579        3.95242977232704
H            0.90007423742630       -0.25462313361831        3.06957862178225
H           -1.54507712907588       -2.12033369374567        3.17550281681764
H           -1.37105114617299       -0.59388203588363        4.02652182976735
H           -1.47067977690257       -0.60235219434462        2.27187395238890
H            0.71997563820109       -4.27630739803413        2.62446206671012
H           -0.66316110178622       -3.82495697753883        1.61654678868822
H            2.05226089498689       -4.79390187158803        0.55222416772964
H            0.56756720993647       -5.73086141185365        0.61102673619205
H            0.66872993550637       -4.33646423270339       -0.45157758705096
H            3.25376311149446       -2.58096408803944        0.74612116459865
H            3.21728020588361       -1.11710850977064        1.74884811817102
H            3.19004106212343       -2.71464853560346        2.51811119207878
26
 energy: -26.294726028681 gnorm: 0.001693988562 xtb: 6.7.1 (edcfbbe)
C            0.87013567513984        0.13053910422482       -0.01526383494558
C            0.47334801669937       -1.33944282999676        0.06351942833751
P            1.04045422738926       -2.14283207571929        1.60191698520717
C            0.44154801259700       -1.24751730035124        3.07638822739185
C           -1.07786040535468       -1.13507690942796        3.13389170546945
C            0.42700319651789       -3.86238079822070        1.65329515276872
C            0.97090107782654       -4.72719465943761        0.52117274906467
C            2.85075173004099       -2.14056021999800        1.65543315252921
H            0.42984632632865        0.70746799925112        0.79476792088456
H            0.51633936270754        0.55162455138586       -0.95329337306586
H            1.95058540281629        0.25171108510782        0.01594539249873
H           -0.61287217708570       -1.45261660229134        0.01005099177565
H            0.91053154990445       -1.89449906195134       -0.77087224574852
H            0.82127790302230       -1.78187243015728        3.95220299263997
H            0.90240665978505       -0.25584276492073        3.06742324371859
H           -1.54723177807526       -2.11500885753349        3.18057231862323
H           -1.36814793707510       -0.58584286169588        4.02632911573764
H           -1.47024903222861       -0.60047648119023        2.27168161657341
H            0.71381100661103       -4.27718653279153        2.62426487187516
H           -0.66476018648846       -3.82654399535881        1.60994267493780
H            2.05557675472512       -4.79593102424263        0.55804603526002
H            0.57147246369682       -5.73440941068110        0.61266270331399
H            0.67568156361077       -4.34127415667951       -0.45176330100005
H            3.25154821923017       -2.57145530361298        0.73892514388200
H            3.21478878956674       -1.11932035269669        1.75888595380110
H            3.19026357809202       -2.72595811101451        2.50942437846959
26
 energy: -26.294735764616 gnorm: 0.001742025570 xtb: 6.7.1 (edcfbbe)
C            0.86794909667841        0.13119697816735       -0.01296022667287
C            0.47374145928590       -1.33951536848925        0.06285948011303
P            1.03922739522013       -2.14377272011486        1.60105339458675
C            0.44202943740312       -1.24777673628362        3.07535835533041
C           -1.07699031898622       -1.13211867578897        3.13412203255986
C            0.42486021987573       -3.86267133937414        1.65164946524103
C            0.97417344407750       -4.72891207071517        0.52334481651824
C            2.84894252761920       -2.14230412066317        1.65384102593574
H            0.42497163518042        0.70640739957835        0.79684366767672
H            0.51524576983733        0.55295406895855       -0.95105378963851
H            1.94809833843955        0.25463388808283        0.02054377615409
H           -0.61220161539052       -1.45486845861354        0.00617456693901
H            0.91405656389450       -1.89293341951700       -0.77114802472183
H            0.82163823430608       -1.78226067901829        3.95127717846930
H            0.90513939205994       -0.25701729709519        3.06543229108329
H           -1.54859207985354       -2.11079887216318        3.18456260219098
H           -1.36499001831542       -0.57939930838404        4.02511696039552
H           -1.46954702534440       -0.59947023135140        2.27075998646679
H            0.70699944016452       -4.27611822291771        2.62472307881215
H           -0.66682931617763       -3.82668886028917        1.60350535335840
H            2.05875986362393       -4.79696205266272        0.56489747942245
H            0.57511268954011       -5.73621900669835        0.61475462167676
H            0.68300714665302       -4.34505177920256       -0.45164322501484
H            3.24936019028456       -2.56216494871609        0.73188300377253
H            3.21324222789996       -1.12229531380456        1.76916797576198
H            3.18974530202382       -2.73777285292409        2.50048415358305
26
 energy: -26.294749608514 gnorm: 0.001173899303 xtb: 6.7.1 (edcfbbe)
C            0.86260326141303        0.13322097894241       -0.00819439825063
C            0.47368867065481       -1.33985729332391        0.06130455889438
P            1.03700965410772       -2.14517442856122        1.59892241371272
C            0.44405613858941       -1.24771129956921        3.07316414249252
C           -1.07505256531743       -1.12649073025017        3.13384407018067
C            0.41943684022204       -3.86220566578552        1.64859803807786
C            0.98169618228638       -4.73219123882004        0.52868122060355
C            2.84620929183619       -2.14692715245974        1.64992793752929
H            0.41271469676705        0.70371247361807        0.80087138713320
H            0.51315606201860        0.55605263230304       -0.94680244236029
H            1.94194305006069        0.26034139478487        0.03161262642825
H           -0.61163891569557       -1.45947108744449       -0.00123923527941
H            0.92001173203831       -1.88919434850579       -0.77248352542223
H            0.82301092573687       -1.78290367928016        3.94913038265423
H            0.91078159823874       -0.25847034315858        3.06223687922209
H           -1.54948023366040       -2.10312777232106        3.19188722509440
H           -1.35887740119988       -0.56668304802233        4.02155725434857
H           -1.46694460906139       -0.59838508504569        2.26763235274491
H            0.69028217681601       -4.27300475511340        2.62631711095366
H           -0.67185117032636       -3.82575306371029        1.58835572871802
H            2.06572621015344       -4.79854962130493        0.58253570815973
H            0.58268391225663       -5.73933708919482        0.61952239567918
H            0.70040010064582       -4.35180787783914       -0.45038330863773
H            3.24548596176348       -2.54173408953805        0.71600535303641
H            3.21185341480696       -1.13049217524488        1.79287077146250
H            3.18824501484888       -2.76575563515492        2.47967535282422
26
 energy: -26.294753781081 gnorm: 0.000466230519 xtb: 6.7.1 (edcfbbe)
C            0.86040105239011        0.13430683553672       -0.00669304558326
C            0.47297594430019       -1.33968239650859        0.06098354376696
P            1.03671114545313       -2.14508400609993        1.59799555396832
C            0.44536968926001       -1.24724786175174        3.07229871918838
C           -1.07410828865284       -1.12566336575948        3.13299889329725
C            0.41728203450526       -3.86109931482580        1.64794403076593
C            0.98439341541293       -4.73282472294262        0.53137634462463
C            2.84613876873750       -2.14925517142354        1.64814858276005
H            0.40749350491686        0.70337485963577        0.80150975642693
H            0.51297643414671        0.55714039446793       -0.94592850554088
H            1.93940312244665        0.26232542274586        0.03631951619529
H           -0.61215442105247       -1.46020055344435       -0.00226600035406
H            0.92025162798772       -1.88741488621418       -0.77328394498552
H            0.82403376843696       -1.78280834702898        3.94815620431856
H            0.91218901708588       -0.25809195676355        3.06169141387666
H           -1.54830619509409       -2.10213345059984        3.19283667610078
H           -1.35752889208971       -0.56426927610518        4.01965167351574
H           -1.46579416311562       -0.59911310077328        2.26588602384486
H            0.68335704746642       -4.27118777180940        2.62718243072758
H           -0.67360265300163       -3.82420017859672        1.58244223875558
H            2.06797024082864       -4.79935951047081        0.59065556807760
H            0.58443772648491       -5.73954392800834        0.62153773606064
H            0.70786020665939       -4.35311030217784       -0.44914980506713
H            3.24478579868978       -2.53591077366609        0.71112369962072
H            3.21317352046609       -1.13515732045749        1.80028792668392
H            3.18744054733121       -2.77568931695850        2.47184476895454
