17
 energy: -17.191346546411 gnorm: 0.054906521738 xtb: 6.7.1 (edcfbbe)
C            1.08761000000000        0.01899000000000       -0.11759000000000
N            0.58030000000000        0.00819000000000        1.31726000000000
C            1.08761000000000        1.24540000000000        2.04403000000000
C           -0.94162000000000        0.00818000000000        1.31725000000000
C            1.08761000000000       -1.23983000000000        2.02532000000000
H            0.71390000000000        0.92142000000000       -0.61039000000000
H            0.71391000000000       -0.87592000000000       -0.62392000000000
H            2.18147000000000        0.01885000000000       -0.09831000000000
H            0.71390000000000        2.13135000000000        1.52219000000000
H            0.71390000000000        1.22096000000000        3.07196000000000
H            2.18146000000000        1.22878000000000        2.03427000000000
H           -1.28806000000000       -0.88658000000000        0.79164000000000
H           -1.28807000000000        0.00037000000000        2.35495000000000
H           -1.28807000000000        0.91076000000000        0.80517000000000
H            0.71391000000000       -2.11782000000000        1.49019000000000
H            2.18147000000000       -1.22306000000000        2.01581000000000
H            0.71390000000000       -1.23087000000000        3.05350000000000
17
 energy: -17.196185036243 gnorm: 0.026293786104 xtb: 6.7.1 (edcfbbe)
C            1.07839337495654        0.01879450803839       -0.09151796021977
N            0.58030113531041        0.00818733715311        1.31725507343371
C            1.07838791315975        1.22291446648132        2.03082594720992
C           -0.91396533169927        0.00818305761263        1.31725275522533
C            1.07839256722594       -1.21714817092747        2.01245516032614
H            0.71690528729900        0.91003433245962       -0.59939421801581
H            0.71691291613008       -0.86470048150819       -0.61275419415743
H            2.16601380572813        0.01881629735446       -0.09375217416088
H            0.71689916849621        2.11606530790507        1.52631959013054
H            0.71690146774837        1.21712765672293        3.05660267437286
H            2.16600589167742        1.22484384585426        2.03195993384734
H           -1.27861117812066       -0.87532617259659        0.79825132446206
H           -1.27861880595542        0.00047000083386        2.34189635194984
H           -1.27861826492447        0.89940790113976        0.81161383180565
H            0.71691132117145       -2.10260070248735        1.49455279080349
H            2.16601306713584       -1.21909048004953        2.01356167728381
H            0.71690566466067       -1.22680870398626        3.03820143570321
17
 energy: -17.197139107965 gnorm: 0.002658488854 xtb: 6.7.1 (edcfbbe)
C            1.07116781740794        0.01868039996863       -0.07107895076553
N            0.58030129861895        0.00821267288128        1.31725570735604
C            1.07125273765245        1.20530557689884        2.02045843724146
C           -0.89229264578924        0.00813178100538        1.31725195519936
C            1.07107937369126       -1.19936370120668        2.00238681415126
H            0.71606558972778        0.90593323737788       -0.59014169088382
H            0.71615705568432       -0.86068959751022       -0.60344855313700
H            2.15859271266101        0.01885880877212       -0.08681235298754
H            0.71616583138857        2.10602421447794        1.52511525785042
H            0.71620950261109        1.21120177401712        3.04839515755873
H            2.15867540487329        1.21887640498723        2.02839751241958
H           -1.26953617123449       -0.87137127771466        0.80062460050932
H           -1.26960517865720        0.00041472042747        2.33721063675092
H           -1.26967117017597        0.89525142079540        0.81391811911674
H            0.71605398442902       -2.09252409161557        1.49350512175935
H            2.15850748798026       -1.21304846545869        2.01018717188460
H            0.71600636913097       -1.22072387810349        3.03010505597610
17
 energy: -17.197154802100 gnorm: 0.000696049068 xtb: 6.7.1 (edcfbbe)
C            1.07172097412875        0.01864406895473       -0.07264412718239
N            0.58030180373262        0.00818035847367        1.31725436527479
C            1.07171080567798        1.20663775999706        2.02127019839740
C           -0.89395016567824        0.00820763756831        1.31725344401971
C            1.07172551698356       -1.20073704204802        2.00313967272245
H            0.71645720900119        0.90652736131339       -0.59231377545135
H            0.71652967425616       -0.86134970543929       -0.60561176934495
H            2.15999926906826        0.01880919841820       -0.08861851740914
H            0.71646428771137        2.10819404784860        1.52568508485114
H            0.71649845676599        1.21272239140025        3.05005345659839
H            2.15998566644194        1.22041205662197        2.02933716309128
H           -1.27176394114201       -0.87189330667364        0.80025571244847
H           -1.27177362313248        0.00051751434701        2.33793715438247
H           -1.27177915825313        0.89598374216963        0.81356578948305
H            0.71651708457513       -2.09472850502506        1.49401494187321
H            2.16000732239144       -1.21463374472770        2.01105128232251
H            0.71647881747145       -1.22232383319912        3.03169992392294
17
 energy: -17.197155222357 gnorm: 0.000257991825 xtb: 6.7.1 (edcfbbe)
C            1.07166547881920        0.01870993144360       -0.07248659630561
N            0.58030167109435        0.00822331374039        1.31725541911950
C            1.07178545758541        1.20652335508268        2.02116316214178
C           -0.89378508026436        0.00810090880023        1.31725196161150
C            1.07154128861642       -1.20058299211321        2.00309003076627
H            0.71621551945386        0.90688492747852       -0.59226324585717
H            0.71636322995962       -0.86160346585063       -0.60556555812339
H            2.16029437270805        0.01892465023390       -0.08839310773650
H            0.71636976468751        2.10833013672134        1.52538853130517
H            0.71644163183539        1.21255608321545        3.05027013649139
H            2.16041272573923        1.22024971913904        2.02917284988931
H           -1.27158666657961       -0.87233487172646        0.80007891481792
H           -1.27166190487900        0.00037094931275        2.33828832069624
H           -1.27173372864421        0.89615337032591        0.81338644475101
H            0.71620523666265       -2.09481889845854        1.49373550770586
H            2.16017174613088       -1.21441219720234        2.01099212720924
H            0.71612925707462       -1.22210492014264        3.03196510151747
