20
 energy: -26.081501356257 gnorm: 0.036934325200 xtb: 6.7.1 (edcfbbe)
C            0.63516000000000        0.26733000000000       -0.06213000000000
N            0.31551000000000        1.68139000000000       -0.16904000000000
C            1.17073000000000        2.75504000000000        0.10213000000000
C            0.46306000000000        3.91238000000000       -0.12127000000000
N           -0.78163000000000        3.50592000000000       -0.51079000000000
C           -0.86330000000000        2.18183000000000       -0.53576000000000
C           -2.19082000000000        1.68477000000000       -0.95238000000000
C           -3.01115000000000        2.98709000000000       -1.11282000000000
C           -2.01405000000000        4.16400000000000       -0.90408000000000
H            0.22493000000000       -0.26195000000000       -0.92630000000000
H            0.19261000000000       -0.12523000000000        0.85697000000000
H            1.71917000000000        0.12832000000000       -0.03757000000000
H            2.17912000000000        2.55081000000000        0.41977000000000
H            0.68704000000000        4.96183000000000       -0.05205000000000
H           -2.57242000000000        1.03325000000000       -0.16460000000000
H           -2.05715000000000        1.15118000000000       -1.89518000000000
H           -3.80400000000000        3.02846000000000       -0.35790000000000
H           -3.49265000000000        3.03994000000000       -2.09439000000000
H           -1.84790000000000        4.71625000000000       -1.83320000000000
H           -2.34700000000000        4.84082000000000       -0.11279000000000
20
 energy: -26.084263312042 gnorm: 0.016597616263 xtb: 6.7.1 (edcfbbe)
C            0.64025628180618        0.27924427036489       -0.05719117041410
N            0.31719317126970        1.68433333819586       -0.16996095066813
C            1.15823824038753        2.74953178980117        0.09556111438969
C            0.45865594009014        3.89927641583731       -0.12118006699513
N           -0.78730240238778        3.50943167188388       -0.51065930008891
C           -0.86010255538093        2.18421309451933       -0.53478317692847
C           -2.18624025846649        1.67866019304804       -0.95383553200980
C           -2.99852945316367        2.98635180221436       -1.10291729219043
C           -2.01369176738683        4.16838134756416       -0.90578265375606
H            0.23528493989642       -0.25851592569575       -0.91420104626290
H            0.20872444257000       -0.13005868612674        0.85747013396654
H            1.72019321610835        0.14958513505083       -0.03185781743314
H            2.16529676279015        2.56620007695784        0.41193444488241
H            0.71117866348934        4.93749868670679       -0.04231485869076
H           -2.60518395604482        1.01360810849447       -0.19791994289692
H           -2.10035105360951        1.13520293378320       -1.89661013653566
H           -3.78996967657558        3.02683044674756       -0.35484512133464
H           -3.47292201064982        3.04087833937472       -2.08099077346088
H           -1.85117905431325        4.72871944887946       -1.82882079895401
H           -2.34428947042912        4.85405751239861       -0.12447505461869
20
 energy: -26.084838210737 gnorm: 0.007590541504 xtb: 6.7.1 (edcfbbe)
C            0.64575175523186        0.28536457112986       -0.05466158909144
N            0.31756175737809        1.68265754404352       -0.17110070157092
C            1.14986393058743        2.74048399280542        0.09310914599519
C            0.45541003767757        3.88927100021663       -0.12210021611401
N           -0.79230667516591        3.51065466696896       -0.51026874490851
C           -0.85940256726905        2.18436214197972       -0.53409588047657
C           -2.18400090068621        1.68133313811796       -0.95546877511363
C           -3.00113821990066        2.98946730292732       -1.10148220162261
C           -2.01517603002003        4.16631439896544       -0.90620824298333
H            0.24496124600220       -0.26190529582662       -0.90655293186547
H            0.22178180013656       -0.13136953830241        0.86004879331668
H            1.72550029903502        0.16579518112102       -0.02753266057245
H            2.15958406275921        2.57980047248852        0.40983606386582
H            0.73780539881094        4.91855263030096       -0.03414021950469
H           -2.62010834688909        1.00560134942750       -0.21801675709061
H           -2.11997316955516        1.13189330133725       -1.89730659073780
H           -3.78742996411945        3.02949589314377       -0.35175276802337
H           -3.47544812857235        3.04479163693752       -2.07738310269009
H           -1.85421027055609        4.73069869429716       -1.82704817515333
H           -2.34376601488486        4.86016691792051       -0.13125444565885
20
 energy: -26.084921101340 gnorm: 0.004450286679 xtb: 6.7.1 (edcfbbe)
C            0.64693649523301        0.28515759745070       -0.05382822954102
N            0.31517083497848        1.68049534511949       -0.17187949772134
C            1.14698488396928        2.73693900069154        0.09206356794874
C            0.45288162694773        3.88796111116016       -0.12182673717275
N           -0.79480098387256        3.51117129146281       -0.51023230814610
C           -0.86197004436551        2.18366305185214       -0.53444135303252
C           -2.18534856475323        1.68167723396320       -0.95751008144747
C           -3.00248258571547        2.99104284663763       -1.10055969460455
C           -2.01572060347094        4.16682613824877       -0.90723878651611
H            0.24830104197972       -0.26702996506179       -0.90393108820049
H            0.22593451023039       -0.13205632827193        0.86252254734531
H            1.72775942644002        0.17003016347184       -0.02665210402641
H            2.15899159755325        2.58699053691806        0.40855583701587
H            0.74804877987402        4.91330006334946       -0.02920690664592
H           -2.62182033216256        1.00347783281271       -0.22263928772735
H           -2.12031823489493        1.13439910866210       -1.90044614464130
H           -3.78615451486913        3.02943818985268       -0.34773502508431
H           -3.47938528309479        3.04598764499155       -2.07535457518765
H           -1.85390083802906        4.73033739555151       -1.82920078777464
H           -2.34384721197771        4.86362174113737       -0.13383934483998
20
 energy: -26.084956906021 gnorm: 0.001581894003 xtb: 6.7.1 (edcfbbe)
C            0.64800461298869        0.28391847854093       -0.05288272286251
N            0.31296814774002        1.67839845878432       -0.17251197886375
C            1.14522355400848        2.73444374690408        0.09231552681583
C            0.45104488438750        3.88769183200674       -0.12161065126400
N           -0.79601862985257        3.51111012942747       -0.50991919428666
C           -0.86425723094854        2.18286241249139       -0.53485646077510
C           -2.18694610269860        1.68234303972609       -0.96058119821206
C           -3.00481999918978        2.99213090308090       -1.09904699753686
C           -2.01589487624766        4.16659289443978       -0.90878114877552
H            0.25087175704479       -0.27198906402440       -0.90152929543122
H            0.22917889716670       -0.13233793941008        0.86524164274377
H            1.72973287749789        0.17217383998745       -0.02634044477419
H            2.15869368149520        2.59390165987453        0.40915330724897
H            0.75664121823453        4.90921860182911       -0.02501654264433
H           -2.62213792879053        1.00191313815524       -0.22721261595636
H           -2.11778091623365        1.14041243059670       -1.90630253496900
H           -3.78458927366456        3.02955697635330       -0.34140394317341
H           -3.48732801491583        3.04770953946884       -2.07146781487622
H           -1.85326338299148        4.72693961954023       -1.83309205323635
H           -2.34406327503060        4.86643930222740       -0.13753487917103
20
 energy: -26.084966046055 gnorm: 0.001129384931 xtb: 6.7.1 (edcfbbe)
C            0.64817870092190        0.28323575297034       -0.05196549170827
N            0.31224516933066        1.67795231635140       -0.17238082651816
C            1.14476302500526        2.73417473072906        0.09321312150208
C            0.45026127323398        3.88784726613051       -0.12094010378303
N           -0.79601822082583        3.51084147539983       -0.50965678457407
C           -0.86480850380783        2.18263642892829       -0.53505986807583
C           -2.18722018537032        1.68244876847933       -0.96340510680892
C           -3.00567931730921        2.99204405085899       -1.09661207207874
C           -2.01565599724650        4.16653396044352       -0.91066825238141
H            0.25052443613114       -0.27317366688819       -0.89994804159401
H            0.23021579046874       -0.13185045308338        0.86701661334807
H            1.72997939663896        0.17214500974902       -0.02659264390986
H            2.15809272340061        2.59586315883836        0.41043979102357
H            0.75832144976671        4.90807234180622       -0.02294800540567
H           -2.62156378764534        0.99907742535815       -0.23234817505753
H           -2.11516547095054        1.14587931414612       -1.91203992669256
H           -3.78124327380948        3.02908537908792       -0.33434687393965
H           -3.49424307608413        3.04872355556051       -2.06606870519703
H           -1.85230936533634        4.72285386122123       -1.83726520417759
H           -2.34341476651243        4.86903932391277       -0.14180344397139
20
 energy: -26.084987106561 gnorm: 0.002731732757 xtb: 6.7.1 (edcfbbe)
C            0.64800768661645        0.28255980218514       -0.04978879105424
N            0.31152662248061        1.67786959486889       -0.17147588156982
C            1.14372418237450        2.73430194203111        0.09643944939425
C            0.44894256885516        3.88800348148756       -0.11890745737811
N           -0.79582686017851        3.51044483137515       -0.50929993318835
C           -0.86490305577288        2.18255097149777       -0.53563059069847
C           -2.18632217026646        1.68295323089271       -0.97079502716099
C           -3.00741989415545        2.99155974682089       -1.08928880011379
C           -2.01482126232994        4.16617655452169       -0.91604459700321
H            0.24787024707514       -0.27420632057258       -0.89615259758861
H            0.23210157910156       -0.13029922348946        0.87089124519713
H            1.72967782984070        0.17184573668124       -0.02737587468283
H            2.15613738473904        2.59717579417708        0.41535309401830
H            0.75901588086369        4.90696492410443       -0.01896277870667
H           -2.61960748773791        0.98991208527864       -0.24833964894606
H           -2.10939564425142        1.15951802358933       -1.92664690290674
H           -3.77058590380138        3.02721633135636       -0.31402300087937
H           -3.51247182709492        3.05065841747842       -2.05036467934192
H           -1.84977440804102        4.71147711598011       -1.84872737494305
H           -2.34061546831695        4.87674695973554       -0.15423985244744
20
 energy: -26.085027116365 gnorm: 0.005250728089 xtb: 6.7.1 (edcfbbe)
C            0.64713317384428        0.28191485120536       -0.04577485801607
N            0.31030171444292        1.67791789871975       -0.16942898254345
C            1.14145784398920        2.73460698033074        0.10290095986178
C            0.44657859489254        3.88826571848038       -0.11465867649696
N           -0.79582412908428        3.51010090982025       -0.50915323335470
C           -0.86482599836469        2.18247501130676       -0.53718343201494
C           -2.18374164728849        1.68405399317001       -0.98503929650822
C           -3.01028641139087        2.99086250386138       -1.07452371505162
C           -2.01305624478178        4.16537545225312       -0.92668507164549
H            0.24321272505069       -0.27554718771888       -0.88963775313177
H            0.23431174345398       -0.12781008506715        0.87742980773635
H            1.72865472550295        0.17135473001768       -0.02756184668765
H            2.15235384510270        2.59801164165576        0.42530916110531
H            0.75860206874925        4.90595183727475       -0.01189767434413
H           -2.61521720507870        0.97148514917781       -0.28046040684480
H           -2.09869190725870        1.18556465530841       -1.95442075260685
H           -3.74812579189926        3.02310843282315       -0.27334685863302
H           -3.54761148428832        3.05398922129669       -2.01874266461420
H           -1.84521805190766        4.68926017891521       -1.87136052396535
H           -2.33474756368575        4.89248810716885       -0.17914418224420
20
 energy: -26.085070928152 gnorm: 0.007668690237 xtb: 6.7.1 (edcfbbe)
C            0.64561551476866        0.28158394308750       -0.04105675618772
N            0.30895484827460        1.67820956105384       -0.16667301049584
C            1.13847156732685        2.73517253413529        0.11138782390797
C            0.44389014070084        3.88859233657889       -0.10917956328573
N           -0.79586084206345        3.50991228391663       -0.50945365060613
C           -0.86441512096271        2.18248239082097       -0.53951499351013
C           -2.17996361580201        1.68583219575261       -1.00273572909459
C           -3.01330258175285        2.98998997794983       -1.05526861064471
C           -2.01072579658720        4.16390768728505       -0.94029249771794
H            0.23796400232969       -0.27643700755913       -0.88251644424585
H            0.23554102927266       -0.12512330849597        0.88446416258127
H            1.72692577695990        0.17061203885384       -0.02665074734651
H            2.14733397597980        2.59778128690705        0.43868617911403
H            0.75637908229294        4.90558282869700       -0.00364344822546
H           -2.60934568438792        0.94860822828783       -0.32179876321545
H           -2.08599270835668        1.21895450971098       -1.98859927775253
H           -3.71779220514207        3.01755848608907       -0.22172936675682
H           -3.59115730277396        3.05755981642278       -1.97695475220833
H           -1.84014518667871        4.66018166533018       -1.90013733302367
H           -2.32711489339836        4.91246854517579       -0.21171322128584
20
 energy: -26.085118392397 gnorm: 0.007935051439 xtb: 6.7.1 (edcfbbe)
C            0.64408657310830        0.28180570739162       -0.03818156119651
N            0.30805366554699        1.67863713683196       -0.16452551628433
C            1.13596874948294        2.73575698240693        0.11803975975712
C            0.44191004133655        3.88883823157684       -0.10456011475314
N           -0.79603903332386        3.51003042292020       -0.51020006830152
C           -0.86390314447121        2.18257485333120       -0.54161252307340
C           -2.17685893944000        1.68772923613407       -1.01530852122882
C           -3.01448458124589        2.98929965500271       -1.04031060880998
C           -2.00898123550363        4.16219965938981       -0.95083383834378
H            0.23300229027210       -0.27653385559537       -0.87768061358749
H            0.23667268182957       -0.12332056195044        0.88916712270365
H            1.72526946760431        0.16990944081582       -0.02719499622495
H            2.14306497177921        2.59631741047782        0.44990146443456
H            0.75246795440973        4.90628213149825        0.00292545631029
H           -2.60468949715685        0.93280840756276       -0.35320207527962
H           -2.07802544920507        1.24460794091176       -2.01226731440156
H           -3.69257088824339        3.01331872741327       -0.18425644376529
H           -3.62107648361122        3.05918848793513       -1.94347358079057
H           -1.83731735219135        4.63670049585336       -1.92189432614520
H           -2.32128979097720        4.92727949009232       -0.23791170101942
20
 energy: -26.085212414240 gnorm: 0.004159657870 xtb: 6.7.1 (edcfbbe)
C            0.64158044468279        0.28314874687468       -0.03595680967339
N            0.30709275987703        1.67941821396436       -0.16181744235243
C            1.13198495531496        2.73653016026513        0.12735358745753
C            0.43952193770451        3.88900464173638       -0.09783377974369
N           -0.79658724966578        3.51076581527602       -0.51263294108571
C           -0.86277772844638        2.18274302473894       -0.54559584686798
C           -2.17244035588699        1.69122411225606       -1.02981478582779
C           -3.01408805060920        2.98861967867828       -1.02110649536571
C           -2.00674588848100        4.15872312010354       -0.96469163420942
H            0.22440436675352       -0.27604239895624       -0.87203693149970
H            0.23977643143170       -0.12139922973359        0.89438240594345
H            1.72277280066018        0.16900053658697       -0.03118866823054
H            2.13644790673056        2.59226786045804        0.46718713575491
H            0.74343304373212        4.90895697985273        0.01184772036140
H           -2.59834158642267        0.91621019899927       -0.39295124502414
H           -2.07215243391841        1.27716066673634       -2.03776131690366
H           -3.65595836520733        3.00798273586931       -0.13995555397485
H           -3.65332399296377        3.05944228040749       -1.89805288717193
H           -1.83585343723327        4.60473580054583       -1.94892678556444
H           -2.31348555805252        4.94493705534050       -0.27382772602185
20
 energy: -26.085238573409 gnorm: 0.002412302060 xtb: 6.7.1 (edcfbbe)
C            0.64027354130401        0.28404489220311       -0.03365136413334
N            0.30567559503154        1.67904456647425       -0.16046494208930
C            1.12781181482740        2.73582088896216        0.13515188470208
C            0.43738458112633        3.88870510838733       -0.09339589733024
N           -0.79706532898642        3.51138716169780       -0.51620546806337
C           -0.86212648286430        2.18235770906915       -0.55101102217647
C           -2.16933948948087        1.69353995211950       -1.04275524111658
C           -3.01490475293160        2.98891899341094       -1.00700517198626
C           -2.00477701886096        4.15616715146450       -0.97575339384763
H            0.21987447224200       -0.27793078252607       -0.86646969918598
H            0.24334699992649       -0.11998074524516        0.89940671953868
H            1.72183626679601        0.16944363731135       -0.03289788387220
H            2.13057635982358        2.59213359920332        0.48237081526485
H            0.73960465271230        4.90944656299560        0.01891384232158
H           -2.59288746740961        0.90339983297642       -0.42348147849264
H           -2.06946195001827        1.30146926344214       -2.05957571449181
H           -3.62684425521783        3.00408672822383       -0.10356361478093
H           -3.68184138139447        3.06121042595585       -1.86367611258107
H           -1.83542362374522        4.58267216725406       -1.96919052550929
H           -2.30645253288009        4.95749288661996       -0.30012573217000
20
 energy: -26.085238610935 gnorm: 0.003086320619 xtb: 6.7.1 (edcfbbe)
C            0.64023431773008        0.28467854796688       -0.03442277039536
N            0.30523007624959        1.67852086999869       -0.16096116368675
C            1.12640678910955        2.73497396861286        0.13630183630755
C            0.43726428668104        3.88833078030476       -0.09311481417804
N           -0.79709606267457        3.51180684535685       -0.51902763600771
C           -0.86175091335338        2.18200274404465       -0.55425116370185
C           -2.16937725127791        1.69384129638741       -1.04236427921168
C           -3.01357591798117        2.98963342154538       -1.00757130144684
C           -2.00457412817750        4.15555335265880       -0.97596779048507
H            0.21898585486222       -0.27898164385910       -0.86584067990008
H            0.24584663017544       -0.12015504984520        0.89968892671786
H            1.72215576778005        0.16990367530475       -0.03527391610517
H            2.12898676637341        2.59235494200065        0.48572907592347
H            0.73762887740356        4.90998819948751        0.01909427946462
H           -2.59198742517217        0.90659419184991       -0.42156872137691
H           -2.07488096949746        1.30031331190718       -2.05694366612681
H           -3.62288537948080        3.00441937044715       -0.10688709319482
H           -3.67754688085741        3.06066819583920       -1.86236042863552
H           -1.83832141831085        4.58376591606632       -1.96770071215783
H           -2.30548301958171        4.95521706392538       -0.29993798180298
20
 energy: -26.085249402189 gnorm: 0.001076740182 xtb: 6.7.1 (edcfbbe)
C            0.64010978911647        0.28431647852506       -0.03354968607986
N            0.30496583222519        1.67852826720440       -0.16056583026375
C            1.12615380110226        2.73510662419508        0.13753025826278
C            0.43682939528089        3.88843335177032       -0.09227880968611
N           -0.79677608623343        3.51158108760006       -0.51919555534258
C           -0.86162586127032        2.18200679512128       -0.55475066765014
C           -2.16898245171401        1.69385529398893       -1.04520726654575
C           -3.01419275127066        2.98938127121199       -1.00466199660286
C           -2.00415395013841        4.15573415075273       -0.97801628825337
H            0.21841226305512       -0.27915668719885       -0.86476323296322
H            0.24577807356052       -0.11961793725525        0.90085436300739
H            1.72193767633028        0.16961381289307       -0.03488269540784
H            2.12831324988800        2.59263497385655        0.48745666620229
H            0.73744982720774        4.90971436716591        0.02048354463539
H           -2.59101917316939        0.90281040360429       -0.42705149139840
H           -2.07251384499996        1.30519080999877       -2.06278376286498
H           -3.61911614128030        3.00350256235827       -0.09890295634796
H           -3.68460799881888        3.06133575748420       -1.85652226025036
H           -1.83741947802400        4.57991737895679       -1.97247155491981
H           -2.30428217084710        4.95854123776645       -0.30410077753075
20
 energy: -26.085251401519 gnorm: 0.000601186948 xtb: 6.7.1 (edcfbbe)
C            0.64019430404535        0.28408593564038       -0.03321337430591
N            0.30479081175474        1.67837528502345       -0.16078754711849
C            1.12576048088202        2.73494667111231        0.13847994472200
C            0.43668128369664        3.88835378726839       -0.09215196228383
N           -0.79610094425223        3.51138935703953       -0.52086489042562
C           -0.86110109581568        2.18194087762385       -0.55674680473257
C           -2.16892614045383        1.69390488932528       -1.04674550809315
C           -3.01425545352434        2.98934570213918       -1.00402544052650
C           -2.00392097656102        4.15574538586046       -0.97894723211578
H            0.21767354425772       -0.27975825133862       -0.86368556380827
H            0.24675747880883       -0.11905128975318        0.90185833592674
H            1.72198802621524        0.16947753159282       -0.03562195301411
H            2.12735442866085        2.59311860103245        0.48980857327965
H            0.73697700991360        4.90952866826499        0.02127126738451
H           -2.59013391818527        0.90258533715572       -0.42806913727869
H           -2.07321374189497        1.30624998248953       -2.06480916481242
H           -3.61668462548335        3.00319031781650       -0.09638905696274
H           -3.68706632277420        3.06179838606197       -1.85424549902141
H           -1.83815730414076        4.57958518729951       -1.97378754471997
H           -2.30335684514934        4.95861763834553       -0.30470744209336
