36
 energy: -40.231732596625 gnorm: 0.054169890117 xtb: 6.7.1 (edcfbbe)
C            0.62669000000000       -1.00533000000000       -1.50275000000000
C            0.14706000000000        0.41681000000000       -1.72881000000000
O            0.77089000000000        1.33461000000000       -0.82718000000000
C            2.11601000000000        1.65260000000000       -1.17038000000000
C            2.65959000000000        2.80657000000000       -0.30101000000000
N            2.51314000000000        2.62395000000000        1.24019000000000
C            2.97267000000000        1.19390000000000        1.68078000000000
C            4.43043000000000        0.88380000000000        1.37237000000000
C            3.41821000000000        3.64223000000000        1.98318000000000
C            3.00762000000000        5.09578000000000        1.85130000000000
C            1.03076000000000        2.73073000000000        1.72594000000000
C            0.16214000000000        3.77292000000000        1.03471000000000
H            0.03737000000000       -1.70920000000000       -2.09763000000000
H            0.54482000000000       -1.27757000000000       -0.44555000000000
H            1.67760000000000       -1.11904000000000       -1.78492000000000
H            0.30200000000000        0.73242000000000       -2.76646000000000
H           -0.92864000000000        0.46395000000000       -1.52986000000000
H            2.74611000000000        0.76527000000000       -1.06192000000000
H            2.16288000000000        1.96655000000000       -2.21988000000000
H            3.72651000000000        2.94285000000000       -0.50954000000000
H            2.15692000000000        3.74175000000000       -0.56077000000000
H            2.79895000000000        1.12650000000000        2.76187000000000
H            2.31762000000000        0.46647000000000        1.19155000000000
H            5.11392000000000        1.48977000000000        1.97356000000000
H            4.63717000000000       -0.16274000000000        1.62170000000000
H            4.67845000000000        1.02140000000000        0.31743000000000
H            3.43253000000000        3.35318000000000        3.04052000000000
H            4.42802000000000        3.52806000000000        1.57672000000000
H            2.11649000000000        5.31473000000000        2.44515000000000
H            3.80478000000000        5.73390000000000        2.24905000000000
H            2.84209000000000        5.39582000000000        0.81385000000000
H            0.56877000000000        1.74571000000000        1.59941000000000
H            1.07454000000000        2.92741000000000        2.80378000000000
H           -0.01294000000000        3.54362000000000       -0.01883000000000
H           -0.82284000000000        3.78826000000000        1.51498000000000
H            0.55715000000000        4.78582000000000        1.09364000000000
36
 energy: -40.239886807720 gnorm: 0.028370293347 xtb: 6.7.1 (edcfbbe)
C            0.63580641325566       -1.00978059271524       -1.50260944755809
C            0.15743980036864        0.41938590352192       -1.71287078782143
O            0.77323214890510        1.34404801114334       -0.81821520755690
C            2.11639722456124        1.65507098113116       -1.14018900399311
C            2.64230959951918        2.79937744958505       -0.26435886238123
N            2.50501172278845        2.61468620987147        1.23939798890988
C            2.97409512330327        1.22118741552264        1.66348515450797
C            4.42806097894027        0.89560107631801        1.36986268738775
C            3.39414556041664        3.62638869594719        1.95335775014016
C            2.99772581985239        5.08678188210965        1.84734345231374
C            1.05301614772823        2.74193568949970        1.71151506749341
C            0.17400629755448        3.76965059976505        1.02482610541359
H            0.03739370925212       -1.69533432836135       -2.09716796771656
H            0.53515639142837       -1.28549238120425       -0.45292104808949
H            1.67890989749461       -1.13239209132747       -1.79479920664188
H            0.32097779400029        0.73612477989465       -2.75023066609993
H           -0.91372574914390        0.48807347921863       -1.50240616076489
H            2.75081687970084        0.76645017803990       -1.04177165397705
H            2.17544300878332        1.99029394759582       -2.18605962001934
H            3.70508995176573        2.92783050752634       -0.48096823529526
H            2.12878618420627        3.72457905087045       -0.52304745501834
H            2.79483126664800        1.15224808681470        2.73927103490532
H            2.31778226129859        0.50634778137489        1.16637591122598
H            5.11466026820205        1.48713796269242        1.97199345985951
H            4.60581309929716       -0.15003994520247        1.62229873392828
H            4.67898548482060        1.02156025027717        0.31949851843569
H            3.40942587178628        3.33548871167747        3.00622234213469
H            4.40081206722062        3.50394634253677        1.55046475471579
H            2.11250454931862        5.31517421433019        2.43674241830654
H            3.80904825560943        5.69574151674744        2.24890504161913
H            2.84493596588310        5.39900952498994        0.81756760093030
H            0.59574282841815        1.76195874625746        1.56688474791018
H            1.10383974970190        2.94290085682845        2.78478142263596
H           -0.00556458655957        3.51337549062274       -0.01688797846033
H           -0.79604186139445        3.76142685396418        1.52388898265337
H            0.55860987506832        4.78271714213604        1.08601012596664
36
 energy: -40.241975125216 gnorm: 0.005292932914 xtb: 6.7.1 (edcfbbe)
C            0.64037064182598       -1.01185445734446       -1.49783573803530
C            0.16738978602236        0.42385806616937       -1.69552600570640
O            0.78154640627004        1.34987237338843       -0.80588549323936
C            2.11894495225008        1.65999111283293       -1.11721192209988
C            2.63650518560555        2.80028463924783       -0.23810910846693
N            2.50491546305480        2.61864802892611        1.23299611802988
C            2.95960712024822        1.25082868401786        1.64940165381484
C            4.41419196065811        0.91224138500904        1.36591843156091
C            3.38125530513479        3.61150424967450        1.93616792553251
C            2.99387123094104        5.07698896590867        1.83953149423758
C            1.07796794576810        2.73711546347495        1.70217772923631
C            0.18758959252539        3.75700913408099        1.01507342230971
H            0.03089904833763       -1.67676332612589       -2.09998628124471
H            0.53310825790366       -1.29998731637334       -0.45469954458111
H            1.67664940999007       -1.13864276854801       -1.80105563595745
H            0.33355359937850        0.74382176417120       -2.73252154745625
H           -0.89855217819589        0.50345583318502       -1.47070090879359
H            2.75675903850798        0.77078899153018       -1.02737656417367
H            2.18860123367288        2.00698207791655       -2.16116963685598
H            3.69411946018771        2.93087437444615       -0.47032159453351
H            2.10909984440795        3.71455009790616       -0.49999589153399
H            2.77957719327666        1.16620417017863        2.72284594430523
H            2.31231675880811        0.53497489241052        1.14451222317459
H            5.10536128626397        1.48951079852713        1.97184149307916
H            4.56559351569655       -0.13407137220791        1.62271670353565
H            4.67693208368662        1.02857654708696        0.31922112958346
H            3.40239930738805        3.32499968226158        2.98946883287440
H            4.38589154308229        3.49187456370128        1.53197778864801
H            2.11131830963851        5.30898060706031        2.42562410693633
H            3.81470928531233        5.66060723271752        2.25187339375179
H            2.85182866348970        5.40385474048769        0.81445940073884
H            0.61147209612039        1.76445071596191        1.54984531377669
H            1.12347524555300        2.94400475119658        2.77254550883473
H           -0.00305204736296        3.47984823926211       -0.01646392841043
H           -0.76975618967145        3.73467759037669        1.53176187994259
H            0.55901964422322        4.77339946748474        1.06508930718539
36
 energy: -40.242105450199 gnorm: 0.002296594545 xtb: 6.7.1 (edcfbbe)
C            0.63999576336693       -1.01127609028773       -1.49663485424157
C            0.16930395266885        0.42626812588834       -1.68653993171087
O            0.78928149607582        1.34899362885254       -0.79806902151787
C            2.12310863215031        1.66214917818865       -1.11648712944679
C            2.63707649365780        2.80612371431411       -0.23735400340678
N            2.50522387570105        2.61801326397757        1.23377507061484
C            2.95855280676426        1.24901685327003        1.64582782032701
C            4.41453582645863        0.90834797318826        1.36599927875959
C            3.38229045969438        3.61038817638580        1.93507179642703
C            2.99714578543114        5.07725503459207        1.83811009460186
C            1.07811725428369        2.73878777964688        1.70181954970158
C            0.18099920186173        3.75345504138802        1.01119099483942
H            0.02602765571379       -1.66945995785410       -2.10314521751409
H            0.53548518444800       -1.30727481483808       -0.45515630625563
H            1.67546121071751       -1.13946380880390       -1.80292422413301
H            0.33160232430033        0.74846221161941       -2.72308339821354
H           -0.89520484283660        0.50560958594357       -1.45619791182660
H            2.76446216954585        0.77534340130514       -1.02688124003105
H            2.19102961220044        2.00882684123820       -2.16023132373724
H            3.69351588378496        2.94381197176836       -0.47251394523280
H            2.10432484461713        3.71775598594167       -0.50071206619073
H            2.77542564390264        1.15962874101481        2.71886692440996
H            2.31362287418964        0.53255840120133        1.13741856154429
H            5.10384173995253        1.48478386530326        1.97554201974864
H            4.56206932187029       -0.13876723729284        1.62135141841483
H            4.68012878710280        1.02853830145349        0.32007947592471
H            3.40527637827890        3.32636408494871        2.98940731329660
H            4.38736628586134        3.49216474009330        1.52990878694807
H            2.11066589421424        5.30844916785204        2.41952359232653
H            3.81643659218582        5.65815880700541        2.25683155600219
H            2.86075444103420        5.40605823570112        0.81244864584460
H            0.61030647892451        1.76595673698530        1.55316372597893
H            1.12156949085904        2.94768190160815        2.77211709060203
H           -0.01383326720794        3.46587691000013       -0.01730280747368
H           -0.77330858306139        3.73441245522246        1.53344546244064
H            0.55282233128726        4.77046079317848        1.04752420217898
36
 energy: -40.242231505354 gnorm: 0.003159236997 xtb: 6.7.1 (edcfbbe)
C            0.63909623849908       -1.01156724540727       -1.49685044455416
C            0.17136348168713        0.42904548949523       -1.66965325902597
O            0.80523872166482        1.34395425527076       -0.78379435727717
C            2.13132036882491        1.66553242545686       -1.11879556348480
C            2.63768597543772        2.81495810673022       -0.23871959234335
N            2.50644883559174        2.62024133062628        1.23336401682319
C            2.95468312619962        1.24812495044329        1.63962927219849
C            4.41306086519555        0.90409013953555        1.36641707854602
C            3.38570542383212        3.60816139885102        1.93640033195950
C            3.00225276672043        5.07651098450611        1.83660795528960
C            1.07953489031511        2.74134875294511        1.70346522728435
C            0.17323700803868        3.74564545538790        1.00328169548457
H            0.01827179101928       -1.65840528550261       -2.10991457569582
H            0.54016843319432       -1.32203644908064       -0.45867865286380
H            1.67294392645506       -1.14033860042425       -1.80943984939266
H            0.32261669381050        0.75716059935482       -2.70549755265511
H           -0.88989005039814        0.50829272737144       -1.42530551997994
H            2.78254429787452        0.78536673861928       -1.03174535493306
H            2.19098788065301        2.01258464038606       -2.16216917400526
H            3.69193188958607        2.96834052295263       -0.47607362410839
H            2.09297809708813        3.72085521816089       -0.50069368920183
H            2.76508893521981        1.15085526342175        2.71154054536865
H            2.31214937620435        0.53367534665462        1.12370946531922
H            5.09964251467252        1.47614636295364        1.98409757825317
H            4.55401022991061       -0.14485964380940        1.61644441990389
H            4.68526763382266        1.03218551008794        0.32262602710371
H            3.40945042786706        3.32696289439592        2.99198970856958
H            4.39157157572947        3.49032772428126        1.53084849031718
H            2.10490093670340        5.30593732528840        2.40345945899624
H            3.81512454857069        5.65444357682555        2.27083233028412
H            2.88206327144568        5.40808304584989        0.80918805807332
H            0.61201992251086        1.76624035078746        1.56567961603597
H            1.12195369855226        2.95941322452204        2.77240774791656
H           -0.03356435220573        3.43525687256781       -0.01736968270364
H           -0.77370756798703        3.73755554329386        1.53878082727640
H            0.54732818769361        4.76337044720054        1.01012104122130
36
 energy: -40.242297343053 gnorm: 0.003663321431 xtb: 6.7.1 (edcfbbe)
C            0.63904194833127       -1.01347015894428       -1.49980689080718
C            0.17180789428901        0.42881193278207       -1.65831563283904
O            0.81602717527339        1.33672613316894       -0.77298677969348
C            2.13642235561368        1.66785182379786       -1.11953691497247
C            2.63739596195572        2.82021413765403       -0.23946352502712
N            2.50708220422022        2.62094255394638        1.23277530905348
C            2.95248008833064        1.24685943500607        1.63566146526746
C            4.41181660795648        0.90246193140314        1.36662746982055
C            3.38725574715959        3.60669938616852        1.93715923702909
C            3.00504698066067        5.07556441616532        1.83592299222159
C            1.08064894786720        2.74462992697916        1.70509101684979
C            0.17023908782919        3.74093010081306        0.99775054846983
H            0.01552152506289       -1.65416213773324       -2.11622859070657
H            0.54410120466317       -1.33331677198768       -0.46409470543188
H            1.67176913532557       -1.13957110906560       -1.81708115068338
H            0.31231465259448        0.76351717878633       -2.69356148332778
H           -0.88674132269976        0.50757719768601       -1.40187878002963
H            2.79650089473955        0.79335682021212       -1.03854614613773
H            2.18591467791504        2.01715757226083       -2.16248827044817
H            3.69022331704238        2.98326912789595       -0.47653992682698
H            2.08462888313979        3.72181820128697       -0.49936910641171
H            2.75878808640737        1.14575064320459        2.70646608067491
H            2.31085205382694        0.53544262113060        1.11440306580198
H            5.09612637608907        1.46967764508221        1.99137271203927
H            4.54979415933155       -0.14815246756579        1.61027725468389
H            4.68874887173276        1.03769103758894        0.32493422898903
H            3.40873513608647        3.32543598146340        2.99273286369740
H            4.39392751770570        3.48767441562547        1.53364171005375
H            2.09837983799377        5.30285721548503        2.38906516561824
H            3.81068562881635        5.65297500982184        2.28420965594447
H            2.90015703441073        5.40888481879357        0.80719020314824
H            0.61388238702833        1.76753077027721        1.57849303229960
H            1.12535360708889        2.97305299587776        2.77184224285934
H           -0.04694847495665        3.41374055418436       -0.01562113366833
H           -0.77095101290473        3.74566871012812        1.54325337847915
H            0.54845082407316        4.75736235062065        0.98283940401046
36
 energy: -40.242376635253 gnorm: 0.002459077073 xtb: 6.7.1 (edcfbbe)
C            0.64082856402882       -1.01809846520069       -1.50765204854491
C            0.17140085020058        0.42562063779726       -1.64322748416900
O            0.82919480314193        1.32256188161142       -0.75673046476202
C            2.14118046647592        1.67072740747375       -1.12034686993645
C            2.63560563547771        2.82524552349817       -0.24016558705246
N            2.50717047723466        2.62263124969171        1.23221544508491
C            2.94960178306713        1.24590120425263        1.63073680680501
C            4.40940147741920        0.90236777416834        1.36651999942625
C            3.38913907088417        3.60499418024152        1.93938257766065
C            3.00837778896036        5.07360303286884        1.83538261415852
C            1.08181112254753        2.75069761107757        1.70909648137005
C            0.16895659570993        3.73559775268709        0.99066129379889
H            0.01569555271756       -1.65190657237059       -2.12847923872850
H            0.55161412394560       -1.35099447878465       -0.47564521727130
H            1.67220296546927       -1.13692479632684       -1.83165728625716
H            0.29491964812582        0.77264139277309       -2.67695291736893
H           -0.88305563310300        0.50235398608467       -1.36877057401800
H            2.81457942468002        0.80487187277112       -1.05188054747716
H            2.17178364622237        2.02497814741868       -2.16258761100218
H            3.68671178245344        2.99779045147176       -0.47633380448936
H            2.07440513638152        3.72176148824745       -0.49693396052934
H            2.75124449921326        1.14101216965037        2.69992618110428
H            2.30840152764915        0.53968650256935        1.10272784443982
H            5.09059542772911        1.46056215720390        2.00257741683477
H            4.54474027630833       -0.15135882467788        1.59806815843828
H            4.69310579002482        1.04954862392397        0.32837264902602
H            3.40561777676679        3.32254417825996        2.99455078714593
H            4.39677091376754        3.48300710417726        1.53974234332775
H            2.08832715379786        5.29830258462974        2.36703713356163
H            3.80217203758634        5.65091681389677        2.30513011392247
H            2.92803322209462        5.40951925952645        0.80513462639455
H            0.61665743173899        1.77062144489555        1.60061709915240
H            1.13186010022703        2.99636195363139        2.77174740954470
H           -0.06382741302518        3.38540687864899       -0.01109514914614
H           -0.76432812464424        3.76237154685201        1.54924260572570
H            0.55458409872493        4.74853632535978        0.94577917383033
36
 energy: -40.242414428045 gnorm: 0.001188416661 xtb: 6.7.1 (edcfbbe)
C            0.64431709898939       -1.02216171111919       -1.51554131010733
C            0.17025679710808        0.42130885802450       -1.63501429070825
O            0.83359387402463        1.31173051464697       -0.74606927244357
C            2.14041361741853        1.67206535897510       -1.11925886947628
C            2.63356139255641        2.82663887142974       -0.23963960915160
N            2.50666294750117        2.62362613059789        1.23243790335759
C            2.94780108748998        1.24575058506939        1.62915940509740
C            4.40738254512500        0.90396179218160        1.36605845136614
C            3.38977786014595        3.60451890609414        1.94072273762002
C            3.01049458204036        5.07271840501327        1.83534905806724
C            1.08232186649891        2.75522079443265        1.71241445118995
C            0.17011581852655        3.73412075176798        0.98755634593828
H            0.01976675469249       -1.65287674172408       -2.13957361317331
H            0.55934573520242       -1.36399031192173       -0.48622073402615
H            1.67498502407024       -1.13361884360898       -1.84407281149041
H            0.28359544050790        0.77807588172682       -2.66674223065775
H           -0.88179522754041        0.49402079899130       -1.35061174920021
H            2.82090342199282        0.81115310418023       -1.06084757911325
H            2.15740663376095        2.03010240336049       -2.16073239403977
H            3.68423143055276        2.99985468533086       -0.47555416969403
H            2.07124166996813        3.72202277026376       -0.49518828911799
H            2.74804907930939        1.13932755729780        2.69763203685603
H            2.30635820130713        0.54264096108175        1.09808995900136
H            5.08709885561100        1.45504846517428        2.00956626262144
H            4.54227733959262       -0.15215246157946        1.58772306356907
H            4.69486566995147        1.06009145775116        0.33042894814371
H            3.40300124416008        3.32099555506493        2.99553529136327
H            4.39764874129912        3.48001500544163        1.54335714053856
H            2.08398792314693        5.29687968355808        2.35457712549854
H            3.79730277234612        5.64972154848463        2.31680459324395
H            2.94450610527882        5.41040661136013        0.80511854141680
H            0.61791292948956        1.77390952430138        1.61498552593819
H            1.13618409208904        3.01128696259816        2.77213422957356
H           -0.07108771679639        3.37229675881896       -0.00702481798668
H           -0.75935250941008        3.77480553575822        1.55130653732137
H            0.56034690199289        4.74394383117548        0.92732413266403
36
 energy: -40.242441504805 gnorm: 0.001800289316 xtb: 6.7.1 (edcfbbe)
C            0.65138879840295       -1.02671632726036       -1.52653376198746
C            0.16808780539609        0.41502558392801       -1.62734310531810
O            0.83310534173177        1.30015904213634       -0.73435825624010
C            2.13466184247798        1.67266120001780       -1.11662866646327
C            2.63046647854416        2.82615128103809       -0.23773490854257
N            2.50525467917026        2.62511499561904        1.23396414428414
C            2.94599864648341        1.24663362236918        1.62905803530634
C            4.40516815614768        0.90629325194784        1.36512396644422
C            3.39038756139800        3.60473812411898        1.94206172400294
C            3.01363510020942        5.07284023851087        1.83558508367897
C            1.08213522737300        2.76041456983980        1.71667285420656
C            0.17170425462378        3.73479746910472        0.98559389726347
H            0.02833180219272       -1.65480317898598       -2.15482652394754
H            0.57279674599632       -1.38014574337909       -0.50067694875605
H            1.68126865941283       -1.12789266095288       -1.86085593663772
H            0.27199797440725        0.78341096508636       -2.65587465590657
H           -0.88203555021618        0.47904577126424       -1.33465562821534
H            2.82037866190532        0.81590396288537       -1.06893681867702
H            2.13777350840985        2.03482737790802       -2.15678420786064
H            3.68160497259511        2.99447284394175       -0.47486242603956
H            2.07201475208375        3.72356545489143       -0.49310404484671
H            2.74655089688604        1.13920670286607        2.69734176137052
H            2.30374850120861        0.54551835595309        1.09683234515307
H            5.08405094357802        1.44899194510696        2.01632232280683
H            4.53984513370908       -0.15262873664553        1.57463906758949
H            4.69550271472668        1.07341087021303        0.33215243969890
H            3.40158295641824        3.32081483345825        2.99678410268865
H            4.39808515681389        3.47761850483882        1.54580942298969
H            2.08280792864567        5.29793696040653        2.34487849023570
H            3.79573609839962        5.64779084123273        2.32631974496132
H            2.95980541377136        5.41272272956177        0.80600516657183
H            0.61747925191261        1.77879036433807        1.62854260819464
H            1.13922074018219        3.02504094951044        2.77365521416823
H           -0.07625691772317        3.36279205882642       -0.00285093468474
H           -0.75509762698917        3.78738387322190        1.55235835522860
H            0.56629338971493        4.74157190308168        0.91251607727909
36
 energy: -40.242438573822 gnorm: 0.003518104552 xtb: 6.7.1 (edcfbbe)
C            0.65857457562072       -1.03132028155318       -1.53767466161613
C            0.16588582874467        0.40866313736848       -1.61955455963368
O            0.83260406218562        1.28844923989772       -0.72248258814020
C            2.12882392975765        1.67326591388316       -1.11396114549324
C            2.62733066929321        2.82567161647118       -0.23580692665336
N            2.50383034709187        2.62661852935380        1.23551292597833
C            2.94416699275343        1.24752323941362        1.62896533539369
C            4.40292382775052        0.90863792196772        1.36418077595194
C            3.39101032221251        3.60495965195297        1.94340870149950
C            3.01683461571793        5.07297415734917        1.83581984242514
C            1.08194477298936        2.76567084311889        1.72097947559062
C            0.17328901817701        3.73548332521638        0.98360578036569
H            0.03702136020903       -1.65673687686575       -2.17028525562721
H            0.58647797384029       -1.39652794599982       -0.51533294153378
H            1.68765075414390       -1.12206749330186       -1.87788539318272
H            0.26022438213772        0.78882257039846       -2.64484864195826
H           -0.88228488332734        0.46384599876438       -1.31846088086537
H            2.81983799262093        0.82071670795088       -1.07711315022285
H            2.11788907420521        2.03961119512650       -2.15277958749133
H            3.67894453683260        2.98904323426529       -0.47417389667287
H            2.07279726116142        3.72514976690904       -0.49099937692098
H            2.74503194992044        1.13907791745833        2.69706150684566
H            2.30109949581064        0.54841513664929        1.09557739832557
H            5.08096570353092        1.44284626973349        2.02316266657554
H            4.53736658158949       -0.15312488105241        1.56139573471658
H            4.69613953187141        1.08688587162400        0.33389819367847
H            3.40016867919043        3.32064358238691        2.99804406086024
H            4.39853208484299        3.47519556607447        1.54827247184297
H            2.08162866904626        5.29902031020548        2.33506473741803
H            3.79418423267528        5.64583385270024        2.33595127686567
H            2.97530776627623        5.41508092153125        0.80689299847900
H            0.61702950751210        1.78373138312259        1.64224981381619
H            1.14227771254341        3.03894909834127        2.77519839689276
H           -0.08150344793258        3.35316889785138        0.00136351587145
H           -0.75081409925134        3.80010320202867        1.55342827804425
H            0.57228821825625        4.73917841965768        0.89751511857435
36
 energy: -40.242456109933 gnorm: 0.002112404580 xtb: 6.7.1 (edcfbbe)
C            0.65920066642302       -1.02997570250343       -1.53652281161202
C            0.16578607836107        0.40944198856878       -1.62091162682617
O            0.83072909147601        1.29148703262362       -0.72464147366404
C            2.12798335911062        1.67287541511640       -1.11393916403581
C            2.62762226587231        2.82573284716683       -0.23597208862610
N            2.50407334562501        2.62615824989176        1.23556640204302
C            2.94424738059578        1.24742623372432        1.63008935589949
C            4.40321426157399        0.90767197125884        1.36445176680225
C            3.39102336217493        3.60508764631977        1.94263205669240
C            3.01705697123997        5.07369554286402        1.83562590721733
C            1.08189611854982        2.76440634427478        1.71996455009069
C            0.17229288868695        3.73614453057279        0.98462225492106
H            0.03721314685426       -1.65597953778980       -2.16822628144796
H            0.58794164887684       -1.39423016241939       -0.51392635896795
H            1.68809614101696       -1.12137705609793       -1.87692527014467
H            0.26138456998638        0.78762579850738       -2.64661595514919
H           -0.88301366864602        0.46359678068774       -1.32157202239916
H            2.81728303584572        0.81902935525306       -1.07411317886469
H            2.12099814335895        2.03823591375789       -2.15275034851580
H            3.67942632113344        2.98881877860833       -0.47479522964230
H            2.07372970409832        3.72604510718379       -0.49158389807446
H            2.74581046432969        1.13943882204152        2.69855223743624
H            2.30108062012941        0.54708302897594        1.09795480621268
H            5.08189764358761        1.44363344581192        2.02129761382946
H            4.53715403008772       -0.15330657356173        1.56411440608759
H            4.69511970835526        1.08383687813413        0.33347742035671
H            3.40171282186804        3.32154494954404        2.99750737567089
H            4.39841364283799        3.47600468490101        1.54639731861143
H            2.08344741539216        5.30007403293279        2.33869439440263
H            3.79691631545679        5.64617319226647        2.33251288734295
H            2.97121693726835        5.41531962788002        0.80646204835940
H            0.61640945313150        1.78288421463012        1.63755795883439
H            1.14065047368906        3.03428704286880        2.77531018000380
H           -0.07955308820740        3.35743964156604       -0.00007974309349
H           -0.75293078130744        3.79623568297769        1.55310423978072
H            0.56994951116710        4.74089425146137        0.90287027046839
36
 energy: -40.242474915558 gnorm: 0.000668014420 xtb: 6.7.1 (edcfbbe)
C            0.66422219794818       -1.02861515071859       -1.53855584110308
C            0.16472620470814        0.40879406895063       -1.62004592470891
O            0.82739706381000        1.29368941238243       -0.72454199544052
C            2.12472804238806        1.67214031321291       -1.11332027103743
C            2.62706112652691        2.82551598458073       -0.23564588152995
N            2.50368015730968        2.62615940375103        1.23633314926486
C            2.94364422181468        1.24789277918343        1.63187764000110
C            4.40280892691307        0.90562156511604        1.36483500667919
C            3.39155505931867        3.60534553584981        1.94133205138411
C            3.01863851229610        5.07508815811739        1.83481931268075
C            1.08124358314391        2.76358304359773        1.71927723839115
C            0.17045861833098        3.73832652070514        0.98648780350155
H            0.04139851495799       -1.65503110810879       -2.16918483688845
H            0.59886478353588       -1.39565618687284       -0.51669195760469
H            1.69203634162072       -1.11654703756564       -1.88319086086011
H            0.25710326052183        0.78783261590407       -2.64568318880221
H           -0.88427237788581        0.45708592006171       -1.31934172092426
H            2.81304420204066        0.81727215543414       -1.07061067873532
H            2.12113320499640        2.03689668202524       -2.15195085607520
H            3.67907494953227        2.98753290554020       -0.47595850811307
H            2.07487981057453        3.72763230542634       -0.49163023565227
H            2.74661937132223        1.14099627566358        2.70098293407710
H            2.29984234199826        0.54563821925524        1.10219585982291
H            5.08263815676757        1.44244048618396        2.01995786712615
H            4.53467872581439       -0.15484152378346        1.56589473890588
H            4.69298546075478        1.08085384041465        0.33317932031090
H            3.40506059466716        3.32348948101439        2.99670435378782
H            4.39849784174513        3.47671706643507        1.54283406182425
H            2.08736623807191        5.30250083012443        2.34342701163664
H            3.80238058651357        5.64645977146410        2.32720524259386
H            2.96676408615228        5.41601653218956        0.80522328493882
H            0.61436241848567        1.78276929698377        1.63172300957354
H            1.13767246085217        3.02884585854837        2.77630961162949
H           -0.07712607989789        3.36429278025566       -0.00178025739969
H           -0.75626146579345        3.79220853975548        1.55332645226302
H            0.56657285814359        4.74451265892176        0.91039706448175
36
 energy: -40.242486885422 gnorm: 0.001505206535 xtb: 6.7.1 (edcfbbe)
C            0.67212479276640       -1.02857699909591       -1.54449023587985
C            0.16289595628311        0.40588970718402       -1.61667392273218
O            0.82459388192254        1.29209866372900       -0.72153538327821
C            2.12066078655654        1.67147409788215       -1.11198134142357
C            2.62533270268349        2.82525140529156       -0.23536115531119
N            2.50294927941925        2.62642438147658        1.23687233077823
C            2.94207725856512        1.24838071490818        1.63381784909799
C            4.40095084598464        0.90438757690672        1.36507722779583
C            3.39191977573630        3.60558463344755        1.94027808393881
C            3.02045626209061        5.07602814837622        1.83380916943259
C            1.08075139812978        2.76443849321932        1.71962863459258
C            0.17011117133649        3.74144031490384        0.98867600196226
H            0.04890664897085       -1.65566542975678       -2.17400543342018
H            0.61600277330026       -1.40103837180366       -0.52413475184820
H            1.69820024745114       -1.10866512832682       -1.89640334870403
H            0.24725175888464        0.78963176921287       -2.64128633306829
H           -0.88497504329825        0.44575642415477       -1.31035234865226
H            2.80958243095022        0.81694148966925       -1.06966577163390
H            2.11594033416389        2.03612916872629       -2.15046989215275
H            3.67746679815702        2.98519690614246       -0.47681421686233
H            2.07506061758777        3.72876557794677       -0.49157440575844
H            2.74648206200862        1.14271265145334        2.70342229884777
H            2.29725683454297        0.54547701655968        1.10593688670621
H            5.08186519425530        1.43975383789005        2.02023337894757
H            4.53108237814216       -0.15629031040921        1.56472406916055
H            4.69043561939983        1.08064811889281        0.33342682054875
H            3.40708957150457        3.32472919169813        2.99590065204146
H            4.39826509726880        3.47615631984834        1.54021285502615
H            2.09125387792515        5.30478357376792        2.34591129440479
H            3.80667474937206        5.64670761174499        2.32283674284726
H            2.96481299074332        5.41624099114432        0.80414562057355
H            0.61278172246058        1.78429500695185        1.62929242959145
H            1.13644649906978        3.02705077210388        2.77747962388547
H           -0.07491370634810        3.37131473004063       -0.00167243713212
H           -0.75772882961799        3.79190001016727        1.55371442164666
H            0.56541526163142        4.74810693395120        0.91721458603115
36
 energy: -40.242505326369 gnorm: 0.001345714424 xtb: 6.7.1 (edcfbbe)
C            0.68253116868998       -1.02882589513939       -1.55279128818083
C            0.16091306543999        0.40195062388764       -1.61036547435069
O            0.82395013241343        1.28802843511038       -0.71605699273951
C            2.11779737816414        1.67070194772202       -1.11066366113396
C            2.62302786751379        2.82500323902604       -0.23523246049080
N            2.50147144284067        2.62734668697980        1.23717609485310
C            2.93959884242301        1.24902097056435        1.63435669756047
C            4.39783332521666        0.90287053841802        1.36515033368290
C            3.39236182065196        3.60560735924088        1.93930927423770
C            3.02231714858828        5.07628547733134        1.83225349564011
C            1.07971972426967        2.76642911113470        1.72065510307258
C            0.17014685800307        3.74530601424837        0.99117437434190
H            0.05821933869516       -1.65684171261187       -2.18023304189284
H            0.63978800569745       -1.40857591637301       -0.53435406126164
H            1.70570142188429       -1.09789431676735       -1.91567084065911
H            0.23187602956871        0.79313312632483       -2.63345171524282
H           -0.88412898138262        0.43180929965988       -1.29326795129418
H            2.80903045307662        0.81776488598034       -1.07042838647814
H            2.10894510216116        2.03533803044036       -2.14937158947434
H            3.67484795472367        2.98459666049640       -0.47765140247850
H            2.07267442878446        3.72833325393358       -0.49117892673194
H            2.74465515571602        1.14466656620853        2.70416399347857
H            2.29355257830124        0.54658880448102        1.10744876452411
H            5.07965700349294        1.43575261422098        2.02144172313822
H            4.52590229615611       -0.15852339411105        1.56271450976344
H            4.68771466662257        1.08052626219055        0.33381037393025
H            3.40805846871838        3.32527392190787        2.99501377982546
H            4.39816843177299        3.47454577134736        1.53845190815988
H            2.09494166339739        5.30650731215388        2.34695862611169
H            3.81057995555511        5.64669800193008        2.31834677077394
H            2.96401128896205        5.41545262271316        0.80233390771961
H            0.61064141293080        1.78686845862080        1.62921061120221
H            1.13622547798259        3.02776093114903        2.77883103732843
H           -0.07430990561083        3.37764527450038       -0.00054567436232
H           -0.75829533929042        3.79384057204477        1.55562805625478
H            0.56535431786992        4.75246846103480        0.92302403117178
36
 energy: -40.242534371887 gnorm: 0.001186807261 xtb: 6.7.1 (edcfbbe)
C            0.70240712671845       -1.02978468243716       -1.56996195759443
C            0.15758277119886        0.39373813719937       -1.59644612464885
O            0.82500409858895        1.27776632170923       -0.70364842658810
C            2.11381517551559        1.66952088014126       -1.10809416607239
C            2.61795018877163        2.82572508072633       -0.23551584574490
N            2.49906830621630        2.62862047673374        1.23710824874484
C            2.93403068939307        1.24918418857676        1.63481880807851
C            4.39099713864909        0.90059946502451        1.36517532419234
C            3.39283729092850        3.60523635447018        1.93801490727499
C            3.02622130506126        5.07623231331003        1.82926401634808
C            1.07836692921850        2.77136399872908        1.72315641722637
C            0.17037580286465        3.75192933969514        0.99549171139444
H            0.07506510910681       -1.65942023469106       -2.19267601014409
H            0.68715438594654       -1.42386136960295       -0.55563148958244
H            1.71889855212473       -1.07741520004906       -1.95550932383456
H            0.20120630042225        0.80022562291547       -2.61567527572794
H           -0.88078133834215        0.40422297600004       -1.25652444873672
H            2.81062144294007        0.82088475606252       -1.07381217110574
H            2.09393592406045        2.03417483420676       -2.14701382182378
H            3.66908801574873        2.98657837795960       -0.47906300630991
H            2.06545257266879        3.72741196873396       -0.49105667196413
H            2.73901658495219        1.14560399992456        2.70461204926750
H            2.28587651938288        0.54927639142716        1.10756665602191
H            5.07386801700991        1.42842748350016        2.02437233390161
H            4.51637989072242       -0.16216458104299        1.55823018326711
H            4.68271527428470        1.08134344805670        0.33486526037037
H            3.40807384543656        3.32542477291077        2.99381972601682
H            4.39781673618484        3.47024867080112        1.53684292624199
H            2.10141526109573        5.30979150195731        2.34656103860962
H            3.81733078722252        5.64643842829194        2.31104831096744
H            2.96525597585424        5.41326580403187        0.79891026862646
H            0.60762569550759        1.79263137084515        1.63286095917268
H            1.13789502579122        3.03298678063983        2.78103032462771
H           -0.07459291634319        3.38786865808053        0.00285453106414
H           -0.75857802649046        3.80024718818290        1.55924726316042
H            0.56608354158841        4.75913647697853        0.93096747530196
36
 energy: -40.242553065800 gnorm: 0.002240127442 xtb: 6.7.1 (edcfbbe)
C            0.72645573587254       -1.03074716375396       -1.59221893908834
C            0.15460602068236        0.38316070594341       -1.57828740684955
O            0.82762970933891        1.26400847776396       -0.68702057889385
C            2.10916016666360        1.66819862383665       -1.10482897335656
C            2.61159168896156        2.82665912973827       -0.23460409329006
N            2.49499420385794        2.63114788987224        1.23825800027691
C            2.92704736722351        1.25011462352907        1.63371860135737
C            4.38296832357054        0.89747983941754        1.36510552596206
C            3.39425064664552        3.60444065653714        1.93661772576005
C            3.03263645193162        5.07628783822673        1.82541646536134
C            1.07567852998473        2.77802187891207        1.72777987761840
C            0.16901855463371        3.75922272946197        0.99998515066291
H            0.09365652153626       -1.66122547452833       -2.20859572201457
H            0.74700960031729       -1.44273477607955       -0.58427229149322
H            1.73296640528707       -1.05252325453046       -2.00687734936172
H            0.16439298854256        0.80839119452597       -2.59141215402875
H           -0.87466647790544        0.36852399832961       -1.21084160063149
H            2.81351533199550        0.82561897617411       -1.07828877818486
H            2.07485468964452        2.03341108570309       -2.14327363743429
H            3.66162575553596        2.99138811308708       -0.48062715040160
H            2.05537385300223        3.72601713282617       -0.48938412250991
H            2.73117469293858        1.14651973711270        2.70322522965988
H            2.27670942990477        0.55292796787962        1.10575259980642
H            5.06658322969797        1.41978928751248        2.02793497974503
H            4.50477305695023       -0.16675147819752        1.55324523036507
H            4.67696067550056        1.08219797754881        0.33616371471314
H            3.40896199789454        3.32592209163754        2.99277576842795
H            4.39843423346432        3.46469442038588        1.53506140397025
H            2.11028394408487        5.31452864390125        2.34502401413060
H            3.82744499821716        5.64505724274397        2.30317135892707
H            2.96960544986159        5.41092527431452        0.79430476869651
H            0.60229280257405        1.80017819646810        1.64136027319672
H            1.13898438128124        3.04257529983587        2.78473172076656
H           -0.07856822760528        3.39433765558110        0.00755695545298
H           -0.75925420917076        3.80927908551261        1.56528150069736
H            0.56632747708457        4.76641637276933        0.93425193198329
36
 energy: -40.242562670517 gnorm: 0.001316789199 xtb: 6.7.1 (edcfbbe)
C            0.73125518038576       -1.03077475759242       -1.59803549997572
C            0.15464834340764        0.38007943033092       -1.57516115833393
O            0.82803459018861        1.26024948474905       -0.68374918501238
C            2.10773539481883        1.66783111385421       -1.10400435507298
C            2.60948869579563        2.82687770772780       -0.23429951589876
N            2.49431848566437        2.63148628286133        1.23865259365414
C            2.92545462566234        1.25018107272515        1.63423195827671
C            4.38111451572031        0.89719849980953        1.36529635126032
C            3.39441285724064        3.60429594923685        1.93653661844786
C            3.03429076344913        5.07637783442606        1.82446789060440
C            1.07550753490395        2.77979793415214        1.72933118555066
C            0.16887101882676        3.76066009070916        1.00132696151928
H            0.09698973608451       -1.66185630067882       -2.21214934359526
H            0.76007820424499       -1.44535043923268       -0.59236138718285
H            1.73436768606508       -1.04702380462050       -2.01886250029876
H            0.15775587620158        0.80892482798329       -2.58582161563006
H           -0.87196173060580        0.35954022495478       -1.20333931379676
H            2.81378269752556        0.82681294795665       -1.07948954029828
H            2.06997795037906        2.03340031155610       -2.14201744480918
H            3.65922904708611        2.99227836968222       -0.48086076667370
H            2.05259753484484        3.72574183036928       -0.48904515859212
H            2.72954035050014        1.14637477959131        2.70367887407533
H            2.27470101533644        0.55368957876022        1.10595903054352
H            5.06493767194183        1.41891180810104        2.02831262751184
H            4.50257771908694       -0.16715472967969        1.55304568374779
H            4.67518767876188        1.08209009288633        0.33645570361175
H            3.40903314655931        3.32617478985817        2.99280305624764
H            4.39830120712134        3.46325752258612        1.53486512709283
H            2.11284518761435        5.31609213399925        2.34475734296011
H            3.83013327983762        5.64473039286985        2.30083348221730
H            2.97060173465101        5.41019303944968        0.79322007774262
H            0.60171568213584        1.80209246253802        1.64467240165747
H            1.14000552886412        3.04573556817658        2.78577999980275
H           -0.07959552356651        3.39528087685524        0.00945742363077
H           -0.75907394405857        3.81180103001312        1.56694485861545
H            0.56662025732536        4.76746204303362        0.93475753639923
36
 energy: -40.242573440568 gnorm: 0.001018695321 xtb: 6.7.1 (edcfbbe)
C            0.74643864831360       -1.03076303437536       -1.61630453952280
C            0.15334332174226        0.37201692198705       -1.56314775799575
O            0.83091086609570        1.24816357063557       -0.67084585427650
C            2.10390694304609        1.66697122834280       -1.10129560513282
C            2.60434693227395        2.82828618151281       -0.23335285664465
N            2.49250130375130        2.63241811440566        1.23993281594723
C            2.92043411692810        1.25019876078792        1.63589749447088
C            4.37569195293903        0.89565373536319        1.36642166231399
C            3.39522679171008        3.60388823089742        1.93596126848068
C            3.03988736237216        5.07702728065869        1.82096701147938
C            1.07509894908154        2.78496241286029        1.73392407524190
C            0.16708561584018        3.76337949737637        1.00399925701187
H            0.10566342393554       -1.66150397685425       -2.22419934991187
H            0.80322240752668       -1.45849193375165       -0.61734844696182
H            1.73929621431933       -1.02990054162133       -2.06045463206861
H            0.13306763823232        0.81535878179882       -2.56713056206352
H           -0.86582262455967        0.33314619078391       -1.17345804837152
H            2.81651143532103        0.83132309170838       -1.08389960707845
H            2.05460649591021        2.03456052026561       -2.13779642573201
H            3.65326223292572        2.99608873166730       -0.48173104418546
H            2.04520603323659        3.72587789096499       -0.48790308764725
H            2.72411558613689        1.14561118329855        2.70522440863887
H            2.26850517604794        0.55557813916700        1.10653866475705
H            5.06006487836895        1.41500131988175        2.03079544848279
H            4.49522288993720       -0.16921367820582        1.55221012433515
H            4.67043928799526        1.08219369190756        0.33805749635281
H            3.40951109515880        3.32763367179234        2.99275766668029
H            4.39846822167823        3.45901845873008        1.53410855635529
H            2.11895415061328        5.32088386319866        2.34052371888366
H            3.83763376784694        5.64365550961225        2.29618595357800
H            2.97736011074465        5.40877230602439        0.78890140276787
H            0.60015609126539        1.80732892298659        1.65566914991633
H            1.14259316286733        3.05617435828932        2.78878183376951
H           -0.08537073999368        3.39364764054155        0.01503872829675
H           -0.75881590988670        3.81972290337794        1.57238372747434
H            0.56675617027895        4.76879005398247        0.93077735235721
36
 energy: -40.242579046460 gnorm: 0.000599102611 xtb: 6.7.1 (edcfbbe)
C            0.75123651195919       -1.02974473721148       -1.62617025902179
C            0.15220943021663        0.36951115442210       -1.55867190544209
O            0.83196692165940        1.24360851097416       -0.66556225088734
C            2.10200029911512        1.66599493749905       -1.09933068128722
C            2.60309451079659        2.82785977513208       -0.23173864263567
N            2.49153838195706        2.63305982806569        1.24173994487248
C            2.91947071502280        1.25077370567146        1.63724538135039
C            4.37462332993211        0.89465491355887        1.36774278414741
C            3.39610334487493        3.60429735933315        1.93565133524549
C            3.04226931786378        5.07782708355093        1.81871085183239
C            1.07453209252962        2.78647101618390        1.73656336593237
C            0.16563376144685        3.76320859621495        1.00490446103104
H            0.10599057524948       -1.66051198397864       -2.22949879834610
H            0.82182654021154       -1.46217975347275       -0.63072718305952
H            1.73841797801716       -1.02207334511202       -2.08198190041697
H            0.12314634061637        0.81908786210623       -2.55901450228497
H           -0.86389587862279        0.32293718600490       -1.16243395000067
H            2.81633988268874        0.83217139538196       -1.08453420129771
H            2.04893006501628        2.03406228441168       -2.13494775953563
H            3.65187966362123        2.99605246473155       -0.48109194854146
H            2.04371149709431        3.72548560526071       -0.48630590157823
H            2.72352111426929        1.14682226857203        2.70670615497483
H            2.26697204298373        0.55599126684993        1.10862350158171
H            5.05957581931485        1.41485242604909        2.03068849889503
H            4.49373034924062       -0.16974327316746        1.55514461406795
H            4.66851294037215        1.07971043410538        0.33900246072359
H            3.41056779175020        3.32976595373205        2.99290913752552
H            4.39919362282487        3.45819129901097        1.53363638810767
H            2.12132725139634        5.32342111785096        2.33760564915175
H            3.84048516356293        5.64403419992245        2.29341380718996
H            2.98016359753085        5.40824985784492        0.78625701826585
H            0.59913508079069        1.80884144891866        1.66134299586911
H            1.14276292883331        3.06042410845821        2.79060555918656
H           -0.08887877831396        3.38996175883083        0.01797516095434
H           -0.75882142876776        3.82264981993827        1.57493452235396
H            0.56620722294674        4.76773345435405        0.92679629107462
36
 energy: -40.242582999040 gnorm: 0.000866526840 xtb: 6.7.1 (edcfbbe)
C            0.75751735274397       -1.02812663860505       -1.64013939217265
C            0.14977432354819        0.36681122657575       -1.55193736145281
O            0.83312497582465        1.23697558696140       -0.65726918313557
C            2.09927278384958        1.66420154892083       -1.09679277749236
C            2.60122345860021        2.82691082270607       -0.23019587796661
N            2.49121375279807        2.63351810960514        1.24362825675484
C            2.91853210775629        1.25140172244282        1.64025142071577
C            4.37322759454128        0.89348094299523        1.36993859545150
C            3.39674041196316        3.60507188251813        1.93566110534286
C            3.04442090559107        5.07885294517602        1.81547902156390
C            1.07486803961215        2.78849506047438        1.73963989635735
C            0.16488584728300        3.76291368121044        1.00567138623474
H            0.10636131851304       -1.65865765498931       -2.23746688040491
H            0.84800931227489       -1.46802884398058       -0.64907041182760
H            1.73728343404597       -1.01005236540209       -2.11265861240020
H            0.10722752114019        0.82655568488022       -2.54785322681533
H           -0.86219351871497        0.30986485413787       -1.14524000657843
H            2.81685613505824        0.83289928184221       -1.08577847657304
H            2.04045672416197        2.03346502579077       -2.13170205429944
H            3.64985507512853        2.99458007321553       -0.48066729498401
H            2.04215187905809        3.72472775025928       -0.48510477521927
H            2.72342604873872        1.14863391143519        2.71003917437384
H            2.26518090105803        0.55642969799920        1.11277169622795
H            5.05931731516118        1.41442595807992        2.03126362235282
H            4.49109954418733       -0.17069188381818        1.55933816213868
H            4.66603430387864        1.07634971904466        0.34047290119431
H            3.41144217721083        3.33289105014154        2.99355117973953
H            4.39959376574973        3.45734019599060        1.53353540133450
H            2.12290015944894        5.32616220388268        2.33266899123829
H            3.84256708981197        5.64500379684019        2.29035771553105
H            2.98398478806319        5.40756096247521        0.78228875367286
H            0.59923290776952        1.81067278052953        1.66805197090705
H            1.14403745313355        3.06579142142270        2.79278743948295
H           -0.09310479417164        3.38411438759304        0.02138713709731
H           -0.75757517992871        3.82627016634771        1.57856111066779
H            0.56653408511241        4.76664493529979        0.92072139294080
