26
 energy: -35.113550662292 gnorm: 0.081340539022 xtb: 6.7.1 (edcfbbe)
C            1.05740000000000        0.28559000000000        0.42520000000000
C            0.51722000000000       -1.12480000000000        0.61435000000000
C            0.88443000000000       -1.65505000000000        1.99562000000000
C            0.09006000000000       -1.19041000000000        3.19909000000000
N            0.28525000000000       -2.15400000000000        4.31054000000000
C            1.27927000000000       -1.95658000000000        5.20909000000000
C            1.49370000000000       -2.86735000000000        6.23780000000000
C            0.68657000000000       -3.99346000000000        6.33221000000000
C           -0.31870000000000       -4.19073000000000        5.39580000000000
C           -0.50132000000000       -3.25461000000000        4.38554000000000
O            1.85961000000000       -2.39344000000000        2.14285000000000
C           -0.98036000000000       -1.19713000000000        0.33978000000000
H            0.59145000000000        0.99157000000000        1.12069000000000
H            0.87046000000000        0.63809000000000       -0.59475000000000
H            2.13840000000000        0.31483000000000        0.59985000000000
H            1.01290000000000       -1.78695000000000       -0.10778000000000
H            0.43160000000000       -0.20276000000000        3.52156000000000
H           -0.98236000000000       -1.15459000000000        2.99579000000000
H            1.90550000000000       -1.07724000000000        5.08864000000000
H            2.29624000000000       -2.70781000000000        6.95489000000000
H            0.84947000000000       -4.72223000000000        7.12534000000000
H           -0.94922000000000       -5.07596000000000        5.44662000000000
H           -1.26770000000000       -3.38384000000000        3.62653000000000
H           -1.18377000000000       -1.03702000000000       -0.72421000000000
H           -1.38503000000000       -2.17595000000000        0.61903000000000
H           -1.53251000000000       -0.43356000000000        0.89815000000000
26
 energy: -35.118108842012 gnorm: 0.032588452390 xtb: 6.7.1 (edcfbbe)
C            1.05918559018170        0.28195843643085        0.44552842407299
C            0.51591355307724       -1.13511812028886        0.62423363501956
C            0.90807702477028       -1.65405358781660        1.99431859477287
C            0.08600490955651       -1.21107290495411        3.20447981734749
N            0.27818570271290       -2.15053426672808        4.31566086336691
C            1.27357613596990       -1.96065406655969        5.19706335618625
C            1.49901074880881       -2.86491443204660        6.21792074736849
C            0.69390862020192       -3.99076063383000        6.32024327487931
C           -0.31182043756578       -4.18401603625922        5.38280425382605
C           -0.49476018572559       -3.24713391003529        4.38572604995160
O            1.84340891735726       -2.40013620744135        2.15680613138272
C           -0.98693025966426       -1.19569174428920        0.35666394849264
H            0.58229305128283        0.98590635056059        1.12805576446296
H            0.86583476425454        0.61706143633414       -0.57189966439331
H            2.13639029981425        0.31169553953650        0.60836201545288
H            1.02682157719952       -1.79122951133097       -0.08957265186222
H            0.42959501585697       -0.22063148954016        3.51306578463960
H           -0.97872040248266       -1.15877984278103        2.96972616272009
H            1.88857851077093       -1.07973986397420        5.07765947118288
H            2.29391940974999       -2.69130714085251        6.92963459642822
H            0.84974984878938       -4.70873269669830        7.11470464894350
H           -0.94914907388109       -5.05586665012350        5.42998126421192
H           -1.26294391436008       -3.36757226620794        3.63438809165440
H           -1.17106561306103       -1.03186873874002       -0.70319855500278
H           -1.39285797115462       -2.17502269113545        0.61179786914402
H           -1.53364582245982       -0.42717496122902        0.90406610575097
26
 energy: -35.119326261875 gnorm: 0.014072845872 xtb: 6.7.1 (edcfbbe)
C            1.05940557479155        0.27723275975176        0.47056110541190
C            0.51794142890990       -1.14814013005396        0.63992282560859
C            0.91393960434255       -1.68768540082242        1.99355300882454
C            0.07503024515071       -1.22364768939913        3.20715471936381
N            0.26765909566565       -2.14098021201549        4.31241785343612
C            1.26875768858495       -1.95665091304988        5.17886683861808
C            1.50403645264086       -2.85688976459781        6.19652756107197
C            0.70055100578142       -3.98370740838699        6.30843445596353
C           -0.31136127659569       -4.17367007184837        5.37493602108507
C           -0.49823964831205       -3.23554954408576        4.38536093076484
O            1.84561416147618       -2.41314204284235        2.17748782503532
C           -0.98584809989734       -1.19749037410990        0.36971303710883
H            0.57299546939387        0.97218267935491        1.15026274605351
H            0.86415923802598        0.60764539940316       -0.54518142938817
H            2.13303083822119        0.30652377719433        0.63209542711966
H            1.03598563391833       -1.79090677315945       -0.07871885371172
H            0.42129765857546       -0.22532897354883        3.49057579973747
H           -0.98311178523828       -1.16793845215414        2.94922626653751
H            1.87761514602467       -1.07442392719820        5.05771220747048
H            2.30475467470818       -2.67795155376110        6.89459158959510
H            0.86016189760811       -4.69873384578293        7.09879365955280
H           -0.94824509432405       -5.04135352259253        5.41599772330770
H           -1.27112540265197       -3.35061606318006        3.64124939985302
H           -1.15582259222752       -1.02008100832199       -0.68789753248854
H           -1.39740664742392       -2.17601084677602        0.60653053725750
H           -1.52321526714868       -0.42807609801688        0.91804627681108
26
 energy: -35.119682932032 gnorm: 0.006638499002 xtb: 6.7.1 (edcfbbe)
C            1.06218727026650        0.27072007918517        0.48933453651957
C            0.52266622351507       -1.15899195482710        0.64572038640865
C            0.92101855046354       -1.69595104331863        1.99570212720809
C            0.06282256823058       -1.22331772004803        3.20681297976520
N            0.25392391854707       -2.13047950227799        4.30917587101588
C            1.26342509658739       -1.94860429602977        5.16655737246538
C            1.51019211062755       -2.85172515823123        6.17972521615774
C            0.70935179424269       -3.98021407501798        6.29726349330552
C           -0.31155680889162       -4.16880507331347        5.37204505566835
C           -0.50913891995764       -3.22776054872967        4.38701872971821
O            1.84516716273733       -2.42866438767734        2.19474646574064
C           -0.98141655704531       -1.20100062611758        0.37441703734616
H            0.56887952950315        0.95736855370262        1.17215401975087
H            0.86796700311881        0.60458745219577       -0.52536168945506
H            2.13436343275606        0.30194967537564        0.65706250618537
H            1.03970903291701       -1.79434577126270       -0.08044373535761
H            0.40981763919759       -0.22155851254651        3.47644662588947
H           -0.99110482310904       -1.17159446136691        2.93373757188541
H            1.87149689680185       -1.06593521758374        5.04116455747295
H            2.31981371774020       -2.67209879703472        6.86745939022103
H            0.87617038527258       -4.69599455892966        7.08503648335726
H           -0.94726873440860       -5.03722887691340        5.41337127599839
H           -1.28858807549432       -3.34152174947497        3.64901010810316
H           -1.14895699610645       -1.01347810169719       -0.68211856217502
H           -1.39878231513593       -2.17835292552254        0.60399756353866
H           -1.51359910237596       -0.43239240253813        0.92818461326573
26
 energy: -35.119892396728 gnorm: 0.004562143020 xtb: 6.7.1 (edcfbbe)
C            1.06774962272525        0.26398996762687        0.51184930738682
C            0.52867733647589       -1.16900727469025        0.64864189266846
C            0.91528649080535       -1.70858842931226        1.99667834519575
C            0.04595065168635       -1.22068423775928        3.20438777158194
N            0.23662997424850       -2.11873183912142        4.30753176494218
C            1.25965661492119       -1.93984043200478        5.15237057117227
C            1.52083405473875       -2.84704852980880        6.15966254917116
C            0.72247678630480       -3.97620408250589        6.28467394085678
C           -0.31298503099126       -4.16221783903013        5.37456285259963
C           -0.52675534690973       -3.21791149123640        4.39506788772306
O            1.83713021053321       -2.44183129083405        2.21224324370974
C           -0.97434730819828       -1.20609952328251        0.37269173332662
H            0.56598711930785        0.94053457812509        1.19956873332037
H            0.88166842174165        0.60923682258860       -0.50099898346929
H            2.13843006875604        0.29675890810009        0.69217479893474
H            1.04635750759877       -1.79661952540328       -0.08439025915580
H            0.39226758211552       -0.21535683545317        3.45939705624391
H           -1.00405932605840       -1.17826150440502        2.91980185061584
H            1.86688727538877       -1.05653208866418        5.02055421508898
H            2.34290329038153       -2.66891056714923        6.83454169319156
H            0.90304803716320       -4.69644804121806        7.06657646902011
H           -0.94689255051316       -5.03284558495006        5.41981396207680
H           -1.31647775556727       -3.33040040160833        3.66641545399374
H           -1.13950017795418       -1.00827853261624       -0.68292751880660
H           -1.39649872402927       -2.18353236369333        0.59473358178575
H           -1.50586482467092       -0.44055986169408        0.93259708682550
26
 energy: -35.120010923316 gnorm: 0.005741725065 xtb: 6.7.1 (edcfbbe)
C            1.07253927010644        0.26066978901749        0.52760772142334
C            0.53157648955123       -1.17249594891070        0.64965201482590
C            0.90834641743563       -1.71363697307535        1.99817658505189
C            0.03278326663045       -1.22004466746328        3.20184980623737
N            0.22551544139784       -2.11365471633726        4.30765131203727
C            1.25859180224406       -1.93570090009977        5.14211904521251
C            1.53044330866032       -2.84466086617634        6.14535408418653
C            0.73381858801588       -3.97379057719094        6.27676253897009
C           -0.31451521818686       -4.15710681269100        5.38096656794623
C           -0.54016722202539       -3.21193193177531        4.40485565217979
O            1.82719430048998       -2.44904742849249        2.22117409822920
C           -0.96954915799525       -1.20869123719694        0.36480822462474
H            0.56524149738077        0.93174802416403        1.21722575691057
H            0.89697157501496        0.61593746380530       -0.48407034727983
H            2.14193272116865        0.29194581143374        0.71957879383509
H            1.05232482012666       -1.79637638219786       -0.08441715392909
H            0.37560925776706       -0.21316423763189        3.45135699517578
H           -1.01572668439492       -1.18620976296660        2.91274506985411
H            1.86487012504119       -1.05232438803813        5.00382527223306
H            2.36166022053192       -2.66836384138364        6.81033083853121
H            0.92618423127580       -4.69789938432523        7.05330345463991
H           -0.94847279839093       -5.02808820389381        5.43309054585927
H           -1.33964743107075       -3.32238584857027        3.68581535424769
H           -1.13200667525120       -1.00623272522474       -0.69053236215699
H           -1.39230110870689       -2.18728983599088        0.58203618667521
H           -1.50465703681644       -0.44659441878827        0.92695394447919
26
 energy: -35.120177879838 gnorm: 0.005589129245 xtb: 6.7.1 (edcfbbe)
C            1.07920468191964        0.25871966248706        0.54639760886858
C            0.53434159369779       -1.17314814531542        0.65047071824320
C            0.89673275867688       -1.71846207460438        2.00094032422813
C            0.01486674541009       -1.22220558298518        3.19802003449578
N            0.21255487898557       -2.11078537863564        4.30914634509436
C            1.25865273776851       -1.93310836152119        5.12841658515472
C            1.54477793849593       -2.84289909167839        6.12680008308169
C            0.74985665130014       -3.97144878374665        6.26832789395865
C           -0.31648660975951       -4.15085021055705        5.39334324267495
C           -0.55720376302253       -3.20565671684622        4.42113648438854
O            1.81186262784497       -2.45658827781127        2.22967148142578
C           -0.96370729030116       -1.20992869859018        0.35075962452870
H            0.56518596542860        0.92559576905912        1.23541897100784
H            0.91992149570370        0.62563469508994       -0.46427006258044
H            2.14662242058768        0.28574805126083        0.75391115415341
H            1.06166665679761       -1.79385834334478       -0.08138533678844
H            0.34915249804849       -0.21275372253675        3.44414157143859
H           -1.03292552058823       -1.20095103605876        2.90601575998926
H            1.86324727256508       -1.05008460038274        4.98001920588233
H            2.38649425412355       -2.66833234572931        6.77926332582911
H            0.95711883679840       -4.69935743245151        7.03825273989263
H           -0.95199965251375       -5.02051671344415        5.45799948023405
H           -1.36993953151941       -3.31318437061229        3.71627804488847
H           -1.11945987273822       -1.00357401183482       -0.70479572173645
H           -1.38548717572976       -2.19088174364968        0.56111809457992
H           -1.50649059797973       -0.45251253556078        0.91282234706674
26
 energy: -35.120416164239 gnorm: 0.005244098225 xtb: 6.7.1 (edcfbbe)
C            1.08945268903107        0.25811205647882        0.57350284128106
C            0.53887121113055       -1.17178584396998        0.65326594573002
C            0.87840733820957       -1.72534262597124        2.00732644756498
C           -0.01510801456928       -1.22956815360574        3.19278309636184
N            0.19231782952827       -2.10904095179936        4.31238793749756
C            1.25910997320143       -1.93178985095618        5.10543863567639
C            1.56845968994340       -2.84131385915910        6.09692139638059
C            0.77489193933051       -3.96807884204003        6.25771110562877
C           -0.31944873678036       -4.14171327519179        5.41586249706954
C           -0.58289114570817       -3.19737327351211        4.44905247259077
O            1.78765896547587       -2.46774601926398        2.24400133040754
C           -0.95400384843336       -1.20927523013366        0.32790876120916
H            0.56389525254828        0.92131743187802        1.25742272959922
H            0.95523190802791        0.63733542721920       -0.43669749476234
H            2.15305394667604        0.27852243665742        0.80419867014329
H            1.07867237132242       -1.78853966792204       -0.07264558664426
H            0.30180737468807       -0.21404511195869        3.43486845832785
H           -1.06228622659064       -1.22801272819533        2.89642681404891
H            1.86153651003860       -1.05045731859601        4.93923445373552
H            2.42724639361479       -2.66934922781550        6.72798611820629
H            1.00436976409122       -4.69991943918318        7.01801234902140
H           -0.95796093801955       -5.00777194399464        5.50188417939492
H           -1.41627607945209       -3.30057949559674        3.76760936203791
H           -1.09432230153841       -0.99724537667193       -0.72867693262110
H           -1.37498540513923       -2.19362825888623        0.52562969103750
H           -1.50914046062645       -0.45810085781031        0.88680472107680
26
 energy: -35.120689504786 gnorm: 0.005922099340 xtb: 6.7.1 (edcfbbe)
C            1.10297497740217        0.25917118544018        0.60850611793078
C            0.54665082925358       -1.16910508257061        0.65942569981278
C            0.85381095964164       -1.73421471140543        2.01835041322641
C           -0.05953413190088       -1.24337616145700        3.18701702318771
N            0.16294414147718       -2.10831570361369        4.31726164058269
C            1.25973047271474       -1.93289197794120        5.07040256663444
C            1.60191933020220       -2.84059393114492        6.05285388033524
C            0.80851427808218       -3.96311752159400        6.24526261890588
C           -0.32335851199729       -4.12954404501140        5.45022942901616
C           -0.61785943771524       -3.18731248622491        4.49025942038004
O            1.75572599947473       -2.48130404477231        2.26718177454198
C           -0.93837421132190       -1.20580189002021        0.29697159154961
H            0.55955453415477        0.91927367906946        1.28149917773039
H            1.00157825965783        0.64828379837767       -0.40212142527217
H            2.16008516262501        0.27284473673505        0.87044825957501
H            1.10485111940993       -1.78091354655147       -0.05683086148580
H            0.22940364126727       -0.21730084672852        3.42288215899233
H           -1.10540868381426       -1.26964758683270        2.88368065551271
H            1.86025835208478       -1.05551194028087        4.87734488860008
H            2.48572684183717       -2.67245530032569        6.65101101569411
H            1.06680683645855       -4.69764188619832        6.99377051888533
H           -0.96560295778931       -4.98963102067106        5.56690229594415
H           -1.47907434075215       -3.28582879071322        3.84245122579265
H           -1.05301105365938       -0.98502453801223       -0.76126752211452
H           -1.36051348057267       -2.19360801441599        0.47524012182315
H           -1.50923892621993       -0.46182237313706        0.84948731421911
26
 energy: -35.120933757768 gnorm: 0.006473783796 xtb: 6.7.1 (edcfbbe)
C            1.11437042555896        0.26234446838296        0.63899756370386
C            0.55546456944938       -1.16548272790561        0.66709503753516
C            0.83180238680390       -1.74092342056814        2.02972899720887
C           -0.10378724496211       -1.26098858827966        3.18245606196475
N            0.13510351256415       -2.11070040097349        4.32134323122911
C            1.26079848501290       -1.93843030671566        5.03249620942619
C            1.63274047234492       -2.84168442153023        6.00776251057024
C            0.83740336578753       -3.95696083001587        6.23671408102868
C           -0.32665379339603       -4.11790359625276        5.48744668836399
C           -0.64906044015623       -3.17996767643865        4.53250801288838
O            1.72923299889212       -2.48918408792522        2.29042420586740
C           -0.92072872875757       -1.19955669349330        0.26828274032631
H            0.55260487082912        0.92104388585634        1.29815564700876
H            1.04220742042041        0.65469439062839       -0.37244764819429
H            2.16369334339359        0.27264470384238        0.92992648738769
H            1.13165995752639       -1.77315821911783       -0.03852280377857
H            0.15393355158435       -0.22376228996070        3.41231658580401
H           -1.14756781920804       -1.31561975512321        2.87246200488469
H            1.86082781571321       -1.06719120896256        4.81102614542422
H            2.54068464990728       -2.67764419485985        6.57081797412354
H            1.12002149502099       -4.69060304566258        6.97621702341700
H           -0.97212182067695       -4.97073051149845        5.63570209912147
H           -1.53529293078011       -3.27556088515039        3.91862888863998
H           -1.00792317821117       -0.96916981130625       -0.79091314831842
H           -1.34568012549018       -2.18943483084226        0.42611922106484
H           -1.50517323916987       -0.46145994612800        0.81347618330247
26
 energy: -35.121177475403 gnorm: 0.005519271706 xtb: 6.7.1 (edcfbbe)
C            1.12091944764202        0.26783881120654        0.65759938774440
C            0.56361432245889       -1.16111297808545        0.67458860902391
C            0.81825393994314       -1.74280618999381        2.03840332546598
C           -0.13885113381058       -1.28087724423588        3.17933797048720
N            0.11474069772965       -2.11740787852405        4.32307742691180
C            1.26181671028174       -1.94941177550936        4.99761013842917
C            1.65400740251844       -2.84554400220832        5.96980903250276
C            0.85540706577421       -3.95102784652391        6.23479043766532
C           -0.32919683629050       -4.10848277837267        5.52237924448415
C           -0.66996726208743       -3.17720809864340        4.56838474579933
O            1.71768551825382       -2.48529212463380        2.30829177093328
C           -0.90408005055299       -1.19109220798340        0.24837530949137
H            0.54360781908841        0.92714784568142        1.30200743837541
H            1.06860084412311        0.65541841019226       -0.35509753027394
H            2.16230154417714        0.27981381061465        0.96989925805793
H            1.15376296483274       -1.76634100176151       -0.02119234476723
H            0.08931352041775       -0.23470928630112        3.40520769526052
H           -1.17960040601088       -1.35985388973140        2.86393517830979
H            1.86259613370727       -1.08597862507678        4.75101856769538
H            2.57907005480491       -2.68472024331774        6.50212861436642
H            1.15175867689567       -4.67886567864581        6.97175926671411
H           -0.97673831449881       -4.95330475150561        5.69802085361937
H           -1.57283167569597       -3.27235220692877        3.98256451939753
H           -0.96785215575987       -0.95146099393562       -0.81008440850874
H           -1.33278257195495       -2.18118911575979        0.38819416925969
H           -1.49699625598582       -0.45656996001741        0.78721132355549
26
 energy: -35.121369442032 gnorm: 0.005557653704 xtb: 6.7.1 (edcfbbe)
C            1.12905975334128        0.27453698340030        0.67914296866863
C            0.57417980166432       -1.15732256362627        0.68194123342589
C            0.80718775536558       -1.74364514120727        2.04605148493751
C           -0.17996409515595       -1.30532670199225        3.17335945639037
N            0.08906479571842       -2.12630413976823        4.32242188719071
C            1.26203683293081       -1.96360867903704        4.95430047302377
C            1.67870953405427       -2.85105271990861        5.92471862022464
C            0.87788890567614       -3.94471927161729        6.23270469739041
C           -0.33556876973529       -4.09603849809525        5.56569676903131
C           -0.69840685278912       -3.17382648874082        4.60988473731799
O            1.71527340481452       -2.47150315788415        2.33049380853608
C           -0.88434553535238       -1.18270922414210        0.22799528643247
H            0.53122946065253        0.93162476032337        1.30771673947263
H            1.10120588334122        0.65918700456216       -0.33607337267164
H            2.16166909706428        0.29155811990838        1.01972745801224
H            1.17954738413832       -1.75755200759615       -0.00523434784121
H            0.01441095443207       -0.25019316112678        3.39381027693372
H           -1.21543162230590       -1.41551553838087        2.84678189757312
H            1.86279223978631       -1.10889176585448        4.67837890593592
H            2.62496754518738       -2.69371472574453        6.42015049736947
H            1.19180859624058       -4.66530478212376        6.96973779914100
H           -0.98658667945226       -4.93088647096026        5.77447223472420
H           -1.62368163499673       -3.26757079955190        4.05800475654235
H           -0.92508476717040       -0.92893073965360       -0.82813680186599
H           -1.31726962637026       -2.17362336411118        0.34589251769023
H           -1.48613236107844       -0.45405692707230        0.76428001641466
26
 energy: -35.121513962024 gnorm: 0.007044270835 xtb: 6.7.1 (edcfbbe)
C            1.12965599756123        0.28390772001643        0.68129328734277
C            0.58145792911813       -1.15274996958586        0.68578745182001
C            0.81273688450938       -1.73497550244263        2.04710306082144
C           -0.20093543605958       -1.33080816277202        3.16777560999129
N            0.07856650650275       -2.14248546216045        4.31663782615869
C            1.26241757931437       -1.98549697371436        4.92101254628287
C            1.68587345231036       -2.86147809222419        5.89758534006804
C            0.88097325554052       -3.93890191030131        6.24215508722696
C           -0.34189700532740       -4.08682662337851        5.60173651239344
C           -0.71029282341527       -3.17731532556077        4.63649357566729
O            1.74462753047459       -2.43095869358551        2.34201599659412
C           -0.87058857973533       -1.17370674182342        0.22210620898505
H            0.51850148477093        0.94063930027855        1.29583983604477
H            1.11175918212028        0.65857821485625       -0.33672245938340
H            2.15504788949849        0.31200261485788        1.03674645413806
H            1.19351943985035       -1.74926068320507        0.00236271495358
H           -0.03403656414010       -0.27217368885130        3.38688956993053
H           -1.22893296927291       -1.46591123077448        2.83124017393532
H            1.86381175516190       -1.14010210174477        4.62553291048736
H            2.64209294770171       -2.70780260841006        6.36661569200803
H            1.19777891815328       -4.64795666198456        6.98858565584104
H           -0.99707941591936       -4.90962169941422        5.83646618973593
H           -1.64466443427151       -3.27157320606510        4.10624282536295
H           -0.90120730353007       -0.90622150179114       -0.82902378387354
H           -1.30591399640233       -2.16418745014116        0.32397894117032
H           -1.47471222451303       -0.45000356007913        0.76176277629765
26
 energy: -35.121587408082 gnorm: 0.006148311670 xtb: 6.7.1 (edcfbbe)
C            1.13505590507524        0.28861254038340        0.69496766823677
C            0.58698125785070       -1.14919978824702        0.68744091927715
C            0.80946750457540       -1.73140657424785        2.05033253506379
C           -0.22378988448076       -1.34691156885695        3.16143760074889
N            0.06517036240058       -2.15104286075273        4.31439311585745
C            1.26460355288081       -1.99649723554218        4.89506090676381
C            1.70193746510766       -2.86788718493782        5.87171771654079
C            0.89317417482501       -3.93429168851576        6.24294152243114
C           -0.34866240465941       -4.07717373702116        5.63041868063952
C           -0.72937368433719       -3.17560965285633        4.66159662158578
O            1.75282847617256       -2.40852925732715        2.35494903100912
C           -0.86095247625130       -1.17026597816486        0.20822711541836
H            0.51267252499746        0.94274858644918        1.30156309153142
H            1.13325995790270        0.66608971130564       -0.32359870438876
H            2.15587712285320        0.31818454993977        1.06714770762166
H            1.20732783416233       -1.74092683001292        0.00633283708102
H           -0.08035041546739       -0.28307965208415        3.37846933320401
H           -1.24671586216445       -1.50658856633346        2.81592021681391
H            1.86563593416559       -1.15578474967484        4.58296353130099
H            2.67172561248265       -2.71791219385544        6.31900762387574
H            1.22018526222443       -4.63900962275931        6.99059939399463
H           -1.00911059069769       -4.89117806671720        5.88893970928420
H           -1.67761448111160       -3.26759937512824        4.15140566737199
H           -0.88243259537706       -0.89183652106069       -0.84137935584773
H           -1.29471427154014       -2.16357013307768        0.29622613838229
H           -1.47362628158785       -0.45472415090520        0.75113937620269
26
 energy: -35.121681469960 gnorm: 0.002674859061 xtb: 6.7.1 (edcfbbe)
C            1.13325496848305        0.28909995021021        0.68943849657503
C            0.58394176703673       -1.14801175507966        0.68185766153933
C            0.81773818952073       -1.72590106778558        2.04594631357584
C           -0.21125586270850       -1.34527180290865        3.15871318662248
N            0.07384273608014       -2.15392701677302        4.31160688888277
C            1.26655003505198       -1.99740173259897        4.90465722533908
C            1.69731926956686       -2.87147954921087        5.88336936651691
C            0.88661302375506       -3.93538106096185        6.24674610461552
C           -0.35149595966035       -4.07644628910053        5.62537614803147
C           -0.72460982293650       -3.17692183680626        4.65222462462613
O            1.76629026321819       -2.39395909369413        2.34842111719748
C           -0.86779415344443       -1.17361027030106        0.21237874516060
H            0.51583137885922        0.94156290821386        1.30168406778355
H            1.12684796374722        0.67192947991411       -0.32751662031711
H            2.15669313013848        0.31646889219515        1.05519324962395
H            1.19934307163338       -1.73885530735581       -0.00464639738342
H           -0.06525093133481       -0.28412134585255        3.37879155801080
H           -1.23204444240174       -1.50453443487239        2.81202647655968
H            1.86701831323066       -1.15414832045807        4.60111760713580
H            2.66195179833282       -2.72222306106723        6.33994146265122
H            1.20707815099649       -4.63982223175846        6.99816979505531
H           -1.01386793806916       -4.88876870295253        5.88050754198795
H           -1.66801379219582       -3.26707630549724        4.13381694546440
H           -0.90061914230206       -0.89436215464575       -0.83698020669721
H           -1.29528145612453       -2.16958594108094        0.30350929716156
H           -1.48152055847168       -0.46264194977268        0.76186934428151
26
 energy: -35.121750117915 gnorm: 0.003385817616 xtb: 6.7.1 (edcfbbe)
C            1.13106874808529        0.29404402811121        0.68450192107443
C            0.58439057723983       -1.14374085541913        0.67667680970391
C            0.83263000813691       -1.71487551659458        2.04188260734215
C           -0.20573345025144       -1.35439442852057        3.15134315324617
N            0.08086657643000       -2.16484008212856        4.30412183982917
C            1.27131485089442       -2.00728891172205        4.90056669500271
C            1.69534598795363       -2.87883158108447        5.88505676851242
C            0.87657373195397       -3.93247770327899        6.25706147155756
C           -0.35877298344698       -4.07218059021140        5.63352346770819
C           -0.72344800775933       -3.18118529269849        4.65040220582234
O            1.79787668749624       -2.35777494496419        2.34731283780457
C           -0.87012057129652       -1.17411385298095        0.21710624488708
H            0.51493868303409        0.94425101236821        1.29993885032773
H            1.12165200345404        0.68039574617781       -0.33051007069612
H            2.15540742481078        0.32078012605746        1.04671508211052
H            1.19619694048821       -1.73295447552351       -0.01399040002142
H           -0.07371202555658       -0.29280302588058        3.37694191969821
H           -1.22138279112260       -1.52736834786912        2.79816721774707
H            1.87473287115462       -1.16620644554338        4.59671480863713
H            2.66080433401785       -2.73233530703152        6.34110730396499
H            1.19046801187645       -4.63295337445835        7.01535153172058
H           -1.02711817500329       -4.87637908000754        5.89744367024224
H           -1.66587257773490       -3.26870776433908        4.13090879220609
H           -0.91398725241044       -0.88878717109190       -0.83001862965480
H           -1.28959611138224       -2.17380313620403        0.30544803629068
H           -1.48596349106062       -0.47085902516320        0.77444586493702
26
 energy: -35.121773560631 gnorm: 0.002221034966 xtb: 6.7.1 (edcfbbe)
C            1.12908058738792        0.29826776390796        0.68033496590083
C            0.58556270125493       -1.14029424168838        0.67395143212663
C            0.84290713040023       -1.70839928714516        2.03924907865038
C           -0.20183811273556       -1.36162138318082        3.14661703491596
N            0.08496998127970       -2.17172877084568        4.29913074620481
C            1.27527407001236       -2.01408765622447        4.89682837140472
C            1.69474853235682       -2.88316118272079        5.88521249503121
C            0.87128430215220       -3.93181990816405        6.26290228770888
C           -0.36462903021136       -4.06978772401231        5.63890509985959
C           -0.72354036446415       -3.18360767642216        4.64933115899747
O            1.81688609552200       -2.33682317045380        2.34510501281408
C           -0.87088023093306       -1.17462548606908        0.22216845906692
H            0.51372743848200        0.94667937356462        1.29919164556991
H            1.11563917314645        0.68578574122788       -0.33365389186109
H            2.15442709887594        0.32546693508517        1.03943337225771
H            1.19523217304676       -1.72861383731622       -0.01910801518559
H           -0.08036388177412       -0.29951621522458        3.37641721987208
H           -1.21415973814127       -1.54189808502573        2.78938102386815
H            1.88165084423852       -1.17517682624840        4.59196394949802
H            2.65792639702312       -2.73608610080218        6.34372393852852
H            1.17854721633082       -4.62751242196213        7.02758825438292
H           -1.03686068453210       -4.86862821008428        5.90809440902308
H           -1.66393189974671       -3.27073694760798        4.12738278672330
H           -0.92083414373544       -0.88570797039399       -0.82387447636397
H           -1.28585118131588       -2.17635207281633        0.30848329089427
H           -1.48641447391876       -0.47540463937800        0.78346035011185
26
 energy: -35.121782804697 gnorm: 0.001723016931 xtb: 6.7.1 (edcfbbe)
C            1.12759308443790        0.30090895516369        0.67640135163240
C            0.58642920090368       -1.13822490863638        0.67277986336237
C            0.84830336033882       -1.70594954027201        2.03793847689884
C           -0.19823091007640       -1.36506571148995        3.14454158517540
N            0.08828047789457       -2.17484147948917        4.29666640908494
C            1.27695921376445       -2.01672445264540        4.89743596224924
C            1.69202197912264       -2.88350260939905        5.88908321680508
C            0.86634297289012       -3.93097981828097        6.26748102699395
C           -0.36676004366400       -4.06996182222674        5.63911453967998
C           -0.72150795061339       -3.18552096089314        4.64634909916167
O            1.82460330469503       -2.32971112575174        2.34305100832425
C           -0.87167043009678       -1.17490229949226        0.22610247823733
H            0.51444005878585        0.94846927405402        1.29890854281217
H            1.10881046838527        0.68861286923664       -0.33727389928294
H            2.15447525831484        0.32917505752512        1.03101071777674
H            1.19488279111843       -1.72630177801696       -0.02161601743882
H           -0.08197822314988       -0.30254562129289        3.37639073739033
H           -1.20945217720813       -1.54754247906831        2.78536000433232
H            1.88620119575655       -1.17976112528797        4.59211767066698
H            2.65656046833857       -2.73767132588705        6.34879783371353
H            1.17116962871882       -4.62536683570755        7.03434439700966
H           -1.04132612486994       -4.86623503615999        5.90949582819690
H           -1.66167976299193       -3.27216754765267        4.12207874763762
H           -0.92504763859527       -0.88581886458946       -0.81985172486411
H           -1.28493367417879       -2.17712914730367        0.31270550119056
H           -1.48592652801969       -0.47663166643698        0.78880664325425
26
 energy: -35.121790124619 gnorm: 0.001385425182 xtb: 6.7.1 (edcfbbe)
C            1.12647512611889        0.30372693280431        0.67225116324299
C            0.58770106337757       -1.13634924025755        0.67262336803806
C            0.85130183815084       -1.70511162151608        2.03736273816685
C           -0.19655443440108       -1.36867673908047        3.14326848368572
N            0.09040042967785       -2.17744698654022        4.29533699017824
C            1.27896017994114       -2.01994207696208        4.89731485890912
C            1.69162476703603       -2.88459553451578        5.89169035548604
C            0.86388869122885       -3.93095364678610        6.27121603612179
C           -0.36857282139868       -4.07044623447856        5.64045024669855
C           -0.72063981543217       -3.18679111078367        4.64568127077698
O            1.82947831548204       -2.32649864600316        2.34233367953610
C           -0.87156878469158       -1.17386051187471        0.22850838150762
H            0.51646222348957        0.95094074679174        1.29828351882291
H            1.10043217501752        0.69044781809196       -0.34175162370572
H            2.15532414075065        0.33461625742307        1.02062217640173
H            1.19584960572734       -1.72406085074765       -0.02251223275464
H           -0.08472380895850       -0.30554455444125        3.37532535158525
H           -1.20743692645845       -1.55299795721343        2.78289462279349
H            1.89002770367214       -1.18497937489767        4.59087268566283
H            2.65300680090486       -2.73743810343271        6.35576395471098
H            1.16672566825832       -4.62304894034295        7.04083525080838
H           -1.04473419817955       -4.86506113100418        5.91113880413709
H           -1.65916659097526       -3.27497384099062        4.11851696207724
H           -0.92642920153682       -0.88562186450687       -0.81762155066787
H           -1.28499337877700       -2.17571019340984        0.31590742541301
H           -1.48427876802323       -0.47501259532638        0.79190708236790
26
 energy: -35.121794482556 gnorm: 0.000896035253 xtb: 6.7.1 (edcfbbe)
C            1.12651117752581        0.30476897110972        0.67023019304176
C            0.58803699910787       -1.13568027219890        0.67268492413739
C            0.85138908388587       -1.70519589041107        2.03693217408871
C           -0.19560304978172       -1.36922435598665        3.14352661477654
N            0.09096185231232       -2.17811528689449        4.29570540244627
C            1.27846470582924       -2.02010421173649        4.89921506493078
C            1.69014619224119       -2.88361042986062        5.89525387328750
C            0.86314462877303       -3.93081139985361        6.27305229820035
C           -0.36829457839833       -4.07179074803331        5.64018004726270
C           -0.71995399269299       -3.18782305205942        4.64547241904990
O            1.82802450757920       -2.32998343729369        2.34021890035698
C           -0.87147791476120       -1.17273335227401        0.22867987000297
H            0.51905783519828        0.95179927339614        1.29890994395489
H            1.09452427291736        0.69080550490776       -0.34425073484384
H            2.15735865851219        0.33687466747211        1.01313384529120
H            1.19583414619443       -1.72340700139206       -0.02271202199730
H           -0.08346515202527       -0.30623211673479        3.37496235443451
H           -1.20704069740048       -1.55307590025837        2.78406287789111
H            1.88998114478437       -1.18587342700595        4.59179434589901
H            2.65167013456425       -2.73656870188658        6.36067165166133
H            1.16583071241035       -4.62205030410682        7.04350173401066
H           -1.04377378020088       -4.86759699220035        5.90889394260290
H           -1.65731520238109       -3.27772992177113        4.11656055652710
H           -0.92604396449969       -0.88602178242432       -0.81794560438528
H           -1.28617472677056       -2.17402607296593        0.31794043104556
H           -1.48323299292224       -0.47198375953802        0.79154489632697
