40
 energy: -60.190331614224 gnorm: 0.078028042616 xtb: 6.7.1 (edcfbbe)
C            1.52299000000000       -0.81170000000000       -0.09244000000000
C            0.49225000000000       -0.56315000000000       -1.14253000000000
O           -0.47503000000000       -1.28394000000000       -1.32187000000000
N            0.54376000000000        0.55904000000000       -2.01512000000000
C            1.50249000000000        1.52076000000000       -2.12983000000000
C            2.74572000000000        1.63077000000000       -1.57019000000000
N            3.27213000000000        2.85712000000000       -1.94360000000000
C            2.40983000000000        3.47801000000000       -2.78760000000000
N            1.35630000000000        2.62709000000000       -2.94428000000000
C            0.29610000000000        2.81979000000000       -3.94038000000000
C            2.58938000000000        4.80587000000000       -3.49384000000000
C            1.52456000000000        5.71262000000000       -3.54704000000000
C            1.69103000000000        6.94037000000000       -4.18786000000000
C            2.91373000000000        7.25995000000000       -4.77662000000000
C            3.97393000000000        6.35551000000000       -4.72668000000000
C            3.81564000000000        5.12663000000000       -4.08548000000000
C            4.50436000000000        3.42429000000000       -1.39277000000000
C            4.52104000000000        4.74237000000000       -0.94675000000000
C            5.69721000000000        5.25037000000000       -0.39492000000000
C            6.82842000000000        4.43860000000000       -0.28690000000000
C            6.78906000000000        3.11274000000000       -0.72276000000000
C            5.61725000000000        2.59406000000000       -1.27287000000000
H            1.19290000000000       -1.63908000000000        0.54345000000000
H            1.63578000000000        0.06969000000000        0.54279000000000
H            2.47041000000000       -1.09436000000000       -0.55530000000000
H           -0.27865000000000        0.62453000000000       -2.59801000000000
H            3.32221000000000        1.03348000000000       -0.88945000000000
H           -0.53247000000000        3.35997000000000       -3.47617000000000
H            0.67540000000000        3.36764000000000       -4.80591000000000
H           -0.05771000000000        1.85128000000000       -4.30390000000000
H            0.57462000000000        5.50165000000000       -3.06372000000000
H            0.87315000000000        7.65822000000000       -4.22364000000000
H            3.04222000000000        8.21957000000000       -5.27524000000000
H            4.92365000000000        6.61267000000000       -5.19301000000000
H            4.65042000000000        4.43011000000000       -4.07890000000000
H            3.64549000000000        5.38079000000000       -0.98685000000000
H            5.73648000000000        6.27922000000000       -0.04010000000000
H            7.74518000000000        4.84151000000000        0.14267000000000
H            7.67897000000000        2.49125000000000       -0.63581000000000
H            5.61237000000000        1.57023000000000       -1.62990000000000
40
 energy: -60.198586510617 gnorm: 0.034826048864 xtb: 6.7.1 (edcfbbe)
C            1.51945822873275       -0.79125115207017       -0.11235612252103
C            0.48438176353129       -0.55663623674584       -1.16066081983409
O           -0.47512860865506       -1.26556981694291       -1.33298700850793
N            0.57316667377905        0.56133240873801       -2.02101612564198
C            1.52805308656013        1.52986835117093       -2.13755726371014
C            2.75658742641642        1.67152089095687       -1.54799429826967
N            3.27945853540941        2.88189710597003       -1.94964677685965
C            2.42057250245518        3.47818607843171       -2.79668488544925
N            1.36180614059960        2.64071386022050       -2.94456034144164
C            0.29540372507335        2.82217985686118       -3.91749394036245
C            2.59102966196619        4.78175050977680       -3.48536057640498
C            1.53488964150733        5.69520721645343       -3.53609081618279
C            1.70048394979592        6.91600521262686       -4.17401887872219
C            2.91345477558725        7.23576975671265       -4.76490398818315
C            3.96534342741807        6.33278205493322       -4.71561557140954
C            3.81096029726337        5.11010982147853       -4.07838819284230
C            4.49761955584432        3.43048162128577       -1.40493881435834
C            4.52177363293731        4.74121697510807       -0.95295428861650
C            5.69310815239546        5.24167012916884       -0.40252746709034
C            6.81747977540252        4.43614282169615       -0.29516511298620
C            6.77544788512046        3.12082262762206       -0.73334411296605
C            5.61155160730729        2.60829630651782       -1.28830650884170
H            1.18038676282105       -1.61857769591730        0.51148623473036
H            1.64937738513250        0.08750743970114        0.51732353781419
H            2.46742187642054       -1.07495160078196       -0.56471200021997
H           -0.24787082968354        0.62773077585279       -2.61021924944905
H            3.31504925591784        1.07294257023486       -0.86034063969710
H           -0.54700419344089        3.35391003190617       -3.47446929250360
H            0.67820089376300        3.38455085535288       -4.76818299466358
H           -0.04282360968933        1.85184514101041       -4.28338224347032
H            0.58957814851327        5.48201245342337       -3.05826642697689
H            0.88366484270959        7.62426291095372       -4.21184815392496
H            3.03969736887437        8.18909423792922       -5.26143213380549
H            4.90965986309197        6.58638832425423       -5.17750140633698
H            4.64066558216765        4.41770641921606       -4.06254649441095
H            3.64740838824321        5.37256992628826       -1.00536125634074
H            5.72789441505084        6.26223291227377       -0.04784350452341
H            7.72660343070008        4.83288529385343        0.13614208348178
H            7.65267084656954        2.49537485582624       -0.63953169705614
H            5.59508773639076        1.58555874865218       -1.63607245144526
40
 energy: -60.201073810768 gnorm: 0.008097089915 xtb: 6.7.1 (edcfbbe)
C            1.51662554837868       -0.77419150469516       -0.13381631607025
C            0.47429087556693       -0.54953117073381       -1.18011895348794
O           -0.48347228307321       -1.24831176061934       -1.35046859770303
N            0.59846443986684        0.56726805000924       -2.02497620824225
C            1.54760756407858        1.54084402220947       -2.13403274770669
C            2.76362000247376        1.70730010042609       -1.52259308104811
N            3.28100333636208        2.90588363414304       -1.94532666671450
C            2.42622437189339        3.47817861277681       -2.79856454913520
N            1.36613941773127        2.64868479870003       -2.94185182689860
C            0.29864291411121        2.82105023764229       -3.89845683472619
C            2.59332176369998        4.75730885300620       -3.47568238105739
C            1.53979064269475        5.67357879011963       -3.52929070730417
C            1.70595031342023        6.89071990998200       -4.16315423005659
C            2.91609528237755        7.21100161005148       -4.75477287253780
C            3.96576783156903        6.30856127922562       -4.70379947887720
C            3.81313098202557        5.09103441115367       -4.06735308236794
C            4.48786179260310        3.44040636097741       -1.41482712124692
C            4.52238860707472        4.75052001559607       -0.96123285385109
C            5.69075724477584        5.24393421572047       -0.40860722237032
C            6.81016253665921        4.43700688839343       -0.30126856296340
C            6.76356710285117        3.12625913082326       -0.74373466073283
C            5.60275774512511        2.62046860567622       -1.30194795178967
H            1.17908357610586       -1.59967863748040        0.48864444336939
H            1.65509932159625        0.10783092036132        0.48588421115332
H            2.46472284411867       -1.05307845077565       -0.58639603421017
H           -0.21496777361534        0.63833354922785       -2.62802817578505
H            3.30475363534506        1.10178788824191       -0.83059457045631
H           -0.55778305230862        3.33183128626334       -3.45767578889510
H            0.66908761866287        3.41028828205761       -4.73690222353485
H           -0.02254134985056        1.85037471372120       -4.27455740695319
H            0.60086251493857        5.45778047501250       -3.04581593309400
H            0.88967388685638        7.59425761638339       -4.19298849004750
H            3.04094036061837        8.16025388726828       -5.25032013466887
H            4.90764045121783        6.55525508309337       -5.16558297189555
H            4.63548945658584        4.39410499923987       -4.04685655604177
H            3.64542771711464        5.37435777638280       -1.02251805100652
H            5.72095490196945        6.25965917110816       -0.05145769897808
H            7.71612005397194        4.82757958527076        0.13151241578478
H            7.63232016800173        2.49495899909706       -0.65400795811763
H            5.57498763640539        1.60166776494244       -1.65579216973487
40
 energy: -60.201495711984 gnorm: 0.006157601776 xtb: 6.7.1 (edcfbbe)
C            1.51418603855066       -0.77111857077068       -0.14462137871424
C            0.46837022847096       -0.54819380713672       -1.18930502893362
O           -0.49224269452001       -1.24318090248554       -1.36195082962318
N            0.60400811959326        0.56802850391410       -2.02864828816552
C            1.55116516033500        1.54232873049236       -2.12668077764124
C            2.76220391799746        1.71602357118301       -1.50785328998636
N            3.27809246630851        2.91233293134577       -1.93559418879819
C            2.42533124020477        3.47599020665514       -2.79473961714286
N            1.36665370937211        2.64605796258391       -2.93758412622816
C            0.29739191836559        2.81763637453330       -3.88926290695912
C            2.59506844262278        4.75016304545971       -3.47322290681235
C            1.54186814098369        5.66690048170777       -3.52564851372090
C            1.70977864073695        6.88339042710778       -4.15857615714299
C            2.92089432839357        7.20044268641080       -4.75178305904755
C            3.97062460725413        6.29659792619618       -4.70156519332468
C            3.81660344603705        5.08058182716756       -4.06449188174855
C            4.48405791374895        3.44836299632709       -1.41473318525484
C            4.52308041730197        4.76033008650638       -0.96252135397198
C            5.69233115412651        5.25152807545352       -0.41077602224631
C            6.81039333809773        4.44096678887748       -0.30501234283533
C            6.76219514697966        3.13120433056226       -0.75257448628757
C            5.59974030094700        2.62802692423662       -1.30873194082719
H            1.18393470140511       -1.59528225854192        0.48264569674156
H            1.65123646040111        0.11565928035082        0.46868512209900
H            2.46086049758072       -1.04505037953020       -0.60423319791389
H           -0.20139833341392        0.64391710983291       -2.64261846538602
H            3.29531261295073        1.11043500722876       -0.80955434004858
H           -0.56782890367808        3.30644730627845       -3.43754844533046
H            0.65488502797915        3.42964099165640       -4.71851941915371
H           -0.00899251158949        1.84839483431303       -4.28268538503626
H            0.60428776361823        5.44707218711856       -3.04008323661195
H            0.89244856786977        7.58590424272016       -4.18717503445799
H            3.04653512285936        8.14898486504220       -5.24798527017751
H            4.91428157268441        6.54048331383446       -5.16175035328507
H            4.63597768398708        4.37919534242617       -4.03891661981682
H            3.64492399301543        5.38292834389905       -1.02733952927485
H            5.72290240279677        6.26749941361347       -0.05315833737063
H            7.71677006478072        4.82795565769183        0.13067309918911
H            7.62874111971050        2.49604222482779       -0.66581136362153
H            5.56589617513430        1.61091192091023       -1.66807744513178
40
 energy: -60.201882904195 gnorm: 0.007028675001 xtb: 6.7.1 (edcfbbe)
C            1.50791520300268       -0.77223946029985       -0.15965116283565
C            0.45800133535290       -0.54931589008275       -1.20152342475225
O           -0.50645142285204       -1.23947813738879       -1.37941859729047
N            0.60695887321626        0.56590896785546       -2.03477072640265
C            1.55226399199716        1.54194822328178       -2.11292490275204
C            2.75731128159403        1.72428884308838       -1.48570326108878
N            3.27104670414114        2.91965846586186       -1.91703793873307
C            2.42214947987565        3.47225121676694       -2.78708049615039
N            1.36725283106809        2.63868961281529       -2.93101055829625
C            0.29314335199058        2.81019904620993       -3.87562090760596
C            2.59771560904606        4.74356918730636       -3.47031041376787
C            1.54561226140331        5.66135968654081       -3.52163268809157
C            1.71777611884093        6.87655487722179       -4.15567625039432
C            2.93142786970523        7.18668505881637       -4.74918981820097
C            3.98028677464131        6.28019195026802       -4.69895357684459
C            3.82224487365077        5.06572474935133       -4.06069376269511
C            4.47892285164009        3.46154066728470       -1.40989692816334
C            4.52373901947897        4.77607935585646       -0.96081339689833
C            5.69644426727591        5.26506838661463       -0.41463123830684
C            6.81294284121196        4.44963234596042       -0.31257585191879
C            6.76264106296094        3.14117526033983       -0.76603788945345
C            5.59614778797150        2.64074982532655       -1.31618557893251
H            1.19085626509454       -1.59653022626770        0.47349354007689
H            1.63958723621971        0.11979329542420        0.44766506062674
H            2.45221298687360       -1.03678064488164       -0.63130129419213
H           -0.18442827360445        0.65034295233269       -2.66617286956739
H            3.27993953428953        1.12234056268761       -0.77579449381297
H           -0.58763664633469        3.25407581801595       -3.40052417403953
H            0.62736881280368        3.46564641387941       -4.68408370058415
H            0.01672145727314        1.84561257246724       -4.30732071701797
H            0.60982791960548        5.43757892706059       -3.03234444168807
H            0.90147465455767        7.58115566000414       -4.18205652513785
H            3.06020051066561        8.13451754489671       -5.24669210189006
H            4.92598669320308        6.51897767715164       -5.15934263898187
H            4.63575277555708        4.35610898349070       -4.03033122272449
H            3.64422771787850        5.39788030488559       -1.02666099243319
H            5.73022145243920        6.28219034386076       -0.05783586834179
H            7.72142694883927        4.83273905994450        0.12409260264030
H            7.62920889649941        2.50358743073864       -0.68943834699341
H            5.55412809092654        1.62606108531331       -1.68334244636408
40
 energy: -60.202069641190 gnorm: 0.006989506542 xtb: 6.7.1 (edcfbbe)
C            1.50177462540004       -0.77793312038027       -0.16789940189855
C            0.45109427550050       -0.55306167971879       -1.20864190793510
O           -0.51479552328722       -1.24067217096841       -1.39043216930906
N            0.60605616351987        0.56269043544797       -2.03866366816825
C            1.55050421013856        1.54114564600174       -2.10352368036427
C            2.75260080469034        1.72803471868316       -1.47211007315075
N            3.26520709112618        2.92368564651810       -1.90422137534116
C            2.41957841803399        3.47080722543314       -2.78144247804021
N            1.36773868552548        2.63412301643172       -2.92705470507462
C            0.28934465323380        2.80478674296822       -3.86708457615514
C            2.59909212266059        4.74148150821338       -3.46803534583006
C            1.54944372116110        5.66188175437887       -3.51877157823200
C            1.72599539907512        6.87587145522917       -4.15479380669597
C            2.94101969563847        7.17962110325040       -4.74875990900016
C            3.98709710863097        6.26976722026295       -4.69884744374458
C            3.82488404773744        5.05625113999733       -4.05932661743818
C            4.47537251875473        3.46941538872235       -1.40336049113274
C            4.52248597862404        4.78474116108569       -0.95626621036248
C            5.69884917504817        5.27389756195589       -0.41767083888884
C            6.81589054711004        4.45803593392777       -0.32158155767078
C            6.76446686686018        3.15019431162083       -0.77653028689289
C            5.59417896744953        2.64942158068906       -1.31867393603051
H            1.19176989772131       -1.60550785925900        0.46401537600287
H            1.62845745010126        0.11337688454572        0.44145692675445
H            2.44559257010075       -1.03497505474486       -0.64492036090335
H           -0.17650911284653        0.65275598659979       -2.67962291993056
H            3.27043333895264        1.13121243378126       -0.75416450207430
H           -0.60152217998411        3.21328919091600       -3.37698959875968
H            0.60659640752275        3.49059345527409       -4.65702124875637
H            0.03631848162501        1.84613280954304       -4.32813886274255
H            0.61392258185607        5.43894547898396       -3.02819964480828
H            0.91202810548676        7.58341542971810       -4.18243442715030
H            3.07333998995694        8.12667826607677       -5.24751429177864
H            4.93374642639901        6.50522319281570       -5.15956297766424
H            4.63443069933495        4.34200056836755       -4.02756100235100
H            3.64257744281316        5.40659781894741       -1.01875502618802
H            5.73602674349815        6.29186956690956       -0.06270804637277
H            7.72648521229888        4.84074440486584        0.11177791028521
H            7.63255065856841        2.51340397447978       -0.70743226270095
H            5.54844573396317        1.63559687242884       -1.68786298350550
40
 energy: -60.202303373372 gnorm: 0.005763320163 xtb: 6.7.1 (edcfbbe)
C            1.49265165843317       -0.79036180747015       -0.17627732618302
C            0.44326863944418       -0.56014772701119       -1.21658958629667
O           -0.52305916123344       -1.24541877450005       -1.40392997320007
N            0.60298756728399        0.55814732884162       -2.04263125134765
C            1.54619783707103        1.54050627992653       -2.09227358815281
C            2.74514328091052        1.73183606363486       -1.45617468319085
N            3.25710543822890        2.92807591192471       -1.88854064938711
C            2.41620182434435        3.47051730008585       -2.77380681731404
N            1.36822046441634        2.63020475211330       -2.92238282883278
C            0.28436853925037        2.79840356310286       -3.85745864495025
C            2.60044643041158        4.74082609278016       -3.46418053184937
C            1.55582840704720        5.66668895766687       -3.51487812606883
C            1.73913336100353        6.87821691447131       -4.15511966693014
C            2.95554192107719        7.17267129224174       -4.75012308955684
C            3.99609135427371        6.25707178493898       -4.69998653477606
C            3.82706811555463        5.04511664406869       -4.05812509939438
C            4.47046935628791        3.47746211586632       -1.39256629957973
C            4.51855971673789        4.79282303262593       -0.94754531508671
C            5.70048519138793        5.28445261959316       -0.42231325624256
C            6.82020968345459        4.47135562704189       -0.33745343747347
C            6.76729179210971        3.16335838914062       -0.79069266992403
C            5.59169990355273        2.65973228174241       -1.31936040820393
H            1.18812018729323       -1.62662845998855        0.44663793954983
H            1.61157228410901        0.09474291555221        0.44343091278470
H            2.43807326077617       -1.03569701601884       -0.65584454745973
H           -0.17027427494692        0.65446323980321       -2.69232025652851
H            3.25924620632962        1.14374048510290       -0.72827847124753
H           -0.61839148102826        3.15795297140124       -3.35152754561948
H            0.57889438615621        3.52231746518846       -4.61980177046510
H            0.06401624908225        1.85004934031071       -4.35618395399949
H            0.61985202078566        5.44986489241899       -3.02266034137237
H            0.93025610257379        7.59158793295011       -4.18505727374144
H            3.09364490374698        8.11823309538205       -5.25084710947592
H            4.94298652084701        6.48707320375612       -5.16296486863607
H            4.63162745865191        4.32579464723932       -4.02733086582647
H            3.63811333342899        5.41467077702514       -1.00080499575049
H            5.74181340275499        6.30307858239652       -0.06953937010947
H            7.73469136364582        4.85676442369551        0.08556625278854
H            7.63879241762380        2.53011888362558       -0.73212597771179
H            5.54362433712242        1.64587397733260       -1.68726797323830
40
 energy: -60.202501667121 gnorm: 0.005054515776 xtb: 6.7.1 (edcfbbe)
C            1.48427004539769       -0.80591735051417       -0.18240081916313
C            0.43795627945902       -0.56771152255704       -1.22325082026742
O           -0.52777969216522       -1.25149501677972       -1.41622816488489
N            0.59956370439868        0.55525032360117       -2.04421564732014
C            1.54109234386388        1.54101583129993       -2.08349959365911
C            2.73706513427606        1.73519988280387       -1.44260677961276
N            3.24943120856744        2.93161269591481       -1.87515890556166
C            2.41288853959852        3.47186176442942       -2.76583702769621
N            1.36760398493449        2.62963489767428       -2.91760152532057
C            0.28033324983791        2.79406848007624       -3.85006400749245
C            2.60152911178087        4.74100631375144       -3.45912676654012
C            1.56359622937626        5.67422359277598       -3.51025001353498
C            1.75420900987942        6.88262726613108       -4.15504697976315
C            2.97124172355332        7.16736063761635       -4.75278801954167
C            4.00477975890963        6.24457334035659       -4.70240245908409
C            3.82822975986765        5.03507505495149       -4.05715354439654
C            4.46504456077301        3.48243599563037       -1.38152495112696
C            4.51232712919790        4.79728911347461       -0.93779208443262
C            5.69931715487999        5.29373012297160       -0.42758018738722
C            6.82363994574368        4.48633291771644       -0.35684924854817
C            6.76935589632459        3.17695070469009       -0.80512540206459
C            5.58897413958917        2.66810904868490       -1.31839072720234
H            1.18104596992148       -1.65462073938266        0.42482753464511
H            1.59473715512451        0.06874497700598        0.45381998592843
H            2.43389362620683       -1.03755658417817       -0.65985288798770
H           -0.16856218116391        0.65540891401583       -2.69794715772780
H            3.24939807728812        1.15533734870264       -0.70695076778029
H           -0.63299713902747        3.10579474672223       -3.33409986076552
H            0.55289686857361        3.55257770726265       -4.58416341808694
H            0.09266857042364        1.85721538487109       -4.38178244718151
H            0.62641011102497        5.46753637867612       -3.01628889239328
H            0.95129211656570        7.60243567579344       -4.18731454870538
H            3.11541832910806        8.11074371973790       -5.25597439355472
H            4.95161244711527        6.46780610623686       -5.16832234352402
H            4.62852643215126        4.31169160286378       -4.02843911771674
H            3.63071281018801        5.41811879033349       -0.97921902656542
H            5.74274346291731        6.31257380329761       -0.07647791383554
H            7.74257490440308        4.87720985948846        0.05123429220550
H            7.64451323792862        2.54834300933579       -0.75576603319592
H            5.54101598320791        1.65294520451687       -1.68171932915798
40
 energy: -60.202646609252 gnorm: 0.004492093062 xtb: 6.7.1 (edcfbbe)
C            1.47799786362090       -0.82196080059193       -0.18763799127710
C            0.43501745849116       -0.57409098332124       -1.22914995019610
O           -0.52979765144490       -1.25693656886321       -1.42802797730189
N            0.59654101765708        0.55510471142242       -2.04292732745944
C            1.53610001824233        1.54285270141204       -2.07680389384848
C            2.72893457772578        1.73849925540283       -1.43060413063118
N            3.24245446943589        2.93458588497997       -1.86338034418885
C            2.40932216312032        3.47422618823801       -2.75701040730212
N            1.36506604726657        2.63205027450214       -2.91155542141016
C            0.27747570160335        2.79212225588510       -3.84438627240847
C            2.60275689510023        4.74094277338779       -3.45278520346296
C            1.57234782618825        5.68238991263441       -3.50444986157304
C            1.77018225600070        6.88715067777008       -4.15374905165730
C            2.98729583654996        7.16203089503799       -4.75591350946420
C            4.01345431109416        6.23137641700322       -4.70509826239789
C            3.82931349647622        5.02533227756828       -4.05553370276088
C            4.45912128798881        3.48534818996833       -1.37207140164039
C            4.50495139186616        4.79995448146314       -0.92921757612341
C            5.69561976375611        5.30264339331433       -0.43359623333545
C            6.82512762168513        4.50184128096677       -0.37739623711839
C            6.76992704498173        3.19025592087758       -0.81927237895366
C            5.58591354210798        2.67499318685141       -1.31738602493949
H            1.17467188646173       -1.68451311491262        0.40083803871095
H            1.57924969314973        0.04050759870310        0.46717272651894
H            2.43342730386748       -1.03803962905745       -0.66063176269665
H           -0.17065986960220        0.65644510690062       -2.69726343731181
H            3.24015401859423        1.16362534989232       -0.69050760449827
H           -0.64638993018208        3.05836943064082       -3.32352795230742
H            0.52933804515439        3.58208224618176       -4.55117003694722
H            0.12220064279612        1.86688439906196       -4.40527098190559
H            0.63394776444718        5.48728782338739       -3.00791710102149
H            0.97324534203328        7.61332164275616       -4.18647973722867
H            3.13715301220904        8.10266279999092       -5.26211598569834
H            4.96026006999605        6.44596112338666       -5.17472801639269
H            4.62555189103087        4.29767315081859       -4.02856068075010
H            3.62101376414868        5.41794523217028       -0.95909260253596
H            5.73841217203369        6.32154865752358       -0.08348011734892
H            7.74831510573730        4.89930674484109        0.01416410625292
H            7.64827845501632        2.56595987365863       -0.77781052610294
H            5.53927769359542        1.65779923814628       -1.67499516928654
40
 energy: -60.202737071585 gnorm: 0.002992814348 xtb: 6.7.1 (edcfbbe)
C            1.47481735385530       -0.83601490035939       -0.19254880264744
C            0.43397245003903       -0.57875465201159       -1.23387662031053
O           -0.53004582472990       -1.26118414021292       -1.43826708794694
N            0.59305308508305        0.55731629392002       -2.03894459747626
C            1.53107375116618        1.54556055290042       -2.07135891494999
C            2.72150950058348        1.74075824653860       -1.42090272552008
N            3.23660851448488        2.93639852762112       -1.85343932123864
C            2.40561536288012        3.47667886951522       -2.74818027943245
N            1.36058549095990        2.63608668879594       -2.90426402434569
C            0.27572441501119        2.79218140226786       -3.84056707506157
C            2.60417405920461        4.74073575854348       -3.44614437610166
C            1.58091338303122        5.68991789303139       -3.49765672546186
C            1.78517085659092        6.89127200133199       -4.15082560863472
C            3.00191017007679        7.15667349355874       -4.75845859602373
C            4.02132944221610        6.21853907348342       -4.70770398490328
C            3.83057448996237        5.01625045157296       -4.05356467712841
C            4.45351223230319        3.48695882807746       -1.36516326292877
C            4.49787580081524        4.80193490597044       -0.92322153643781
C            5.69058183168836        5.31100909686646       -0.43969042491159
C            6.82454746420829        4.51594689383408       -0.39549533996753
C            6.76945996793583        3.20220806049675       -0.83161025230197
C            5.58312044793784        2.68048934681314       -1.31686284178795
H            1.17284439810713       -1.71065822145465        0.37894764527000
H            1.56697167906045        0.01533070468716        0.47831637707020
H            2.43548869806607       -1.03692544725971       -0.66163769815523
H           -0.17658660972605        0.65773447031013       -2.69129044570492
H            3.23201519026988        1.16618033359441       -0.68034126160750
H           -0.65627380411935        3.02296820606885       -3.32087495909221
H            0.51141090582349        3.60392032083584       -4.52526567026056
H            0.14677196433834        1.87786037899246       -4.42306148077666
H            0.64191067671700        5.50488336299204       -2.99794866487701
H            0.99324276263198        7.62284419820785       -4.18254674811815
H            3.15643521555591        8.09446261318311       -5.26803459464747
H            4.96836880249897        6.42408317595283       -5.18083625488029
H            4.62288382221256        4.28402687840971       -4.02706498906591
H            3.61086119085531        5.41576047715961       -0.94473477000266
H            5.73099386301741        6.33028619174489       -0.09066774830922
H            7.75070687758945        4.91921911310173       -0.01770258957457
H            7.65027890820003        2.58120642563393       -0.79614684530298
H            5.53816121359879        1.66139412528368       -1.66969222644678
40
 energy: -60.202752052360 gnorm: 0.005563631517 xtb: 6.7.1 (edcfbbe)
C            1.47185846255461       -0.84938080206705       -0.20029152357511
C            0.43136851821520       -0.58335380559868       -1.24002823717523
O           -0.53241367827585       -1.26473763907042       -1.45028016618722
N            0.58897385098998        0.55962775269919       -2.03485804640090
C            1.52603343688604        1.54804011951612       -2.06415831833669
C            2.71362595252634        1.74362629921204       -1.40852190686205
N            3.22971246316154        2.93891217370175       -1.84066225840959
C            2.40072147196989        3.47886150604866       -2.73717082775048
N            1.35524299630598        2.63940168583076       -2.89505183001212
C            0.27349302380940        2.79200932772644       -3.83504280431290
C            2.60593893939113        4.73964893012622       -3.43807790654396
C            1.59032588336172        5.69693214145809       -3.48902700424040
C            1.80201546732304        6.89440732080922       -4.14673570848824
C            3.01851966191226        7.14817425993004       -4.76040685091860
C            4.03069217860396        6.20193399755102       -4.70989055349714
C            3.83259727648665        5.00395377047767       -4.05054385874430
C            4.44701525057582        3.49051237359058       -1.35810886993227
C            4.49079768789982        4.80652265641635       -0.91799414790897
C            5.68565768869586        5.32173312743188       -0.44701114207276
C            6.82336409901995        4.53133684491458       -0.41387244417580
C            6.76874476633255        3.21596034173026       -0.84549413934670
C            5.57989840023263        2.68811311549452       -1.31772184217995
H            1.17515894111370       -1.73536349878869        0.35606935099314
H            1.55403870500360       -0.00791494529906        0.48434862786274
H            2.43641738595982       -1.03367199932224       -0.66849430977756
H           -0.18238528209080        0.66033780493155       -2.68627094697625
H            3.22175494934730        1.16763341280614       -0.66726207242526
H           -0.67205492454807        2.97654292201841       -3.31240575956803
H            0.48928920731291        3.63690697695184       -4.49265048412721
H            0.17975652077722        1.88886568472949       -4.44858699911410
H            0.65148577578755        5.52082641150492       -2.98526512615777
H            1.01551695871038        7.63194887018603       -4.17680257219752
H            3.17833497029223        8.08270573183552       -5.27412776121333
H            4.97807995030898        6.39692812001529       -5.18706572904798
H            4.61921785202296        4.26512082918267       -4.02354791280160
H            3.60019730117132        5.41543394586614       -0.93295709040678
H            5.72405340035644        6.34186368196432       -0.10010329530148
H            7.75221403037755        4.93948270728310       -0.04844173789626
H            7.65203425541900        2.59790418645620       -0.81737575364270
H            5.53527620470102        1.66775365974849       -1.66744004113161
40
 energy: -60.202797918939 gnorm: 0.002541835080 xtb: 6.7.1 (edcfbbe)
C            1.47473102452637       -0.85313889753396       -0.20276902217153
C            0.43247301680532       -0.58404188988414       -1.24009329722771
O           -0.53077052399229       -1.26624763086652       -1.45179101993263
N            0.58505596037954        0.56280903426484       -2.02963261240864
C            1.52279285486281        1.54980131417260       -2.06250878596633
C            2.71114773186574        1.74253841008372       -1.40746538664902
N            3.22841915804639        2.93757898848498       -1.83882242894286
C            2.39879529389900        3.47961840816123       -2.73369240957379
N            1.35098871303690        2.64236790700168       -2.89051548326667
C            0.27371507230974        2.79430346294075       -3.83574812581181
C            2.60658430274985        4.73969443007969       -3.43508943891953
C            1.59375870478628        5.69980312445989       -3.48471435946286
C            1.80767009519927        6.89615261504764       -4.14357238089534
C            3.02350049122781        7.14568811301338       -4.76024219014699
C            4.03322337182461        6.19672338166955       -4.71051891827837
C            3.83311677881002        5.00026240385475       -4.04947521102827
C            4.44520621169231        3.48986137106963       -1.35792050235375
C            4.48791383512590        4.80677705216808       -0.91893027210180
C            5.68183857409029        5.32485436279078       -0.45015537468791
C            6.82040687506725        4.53589605218446       -0.41777382103536
C            6.76749824249513        3.21989895190775       -0.84775875330360
C            5.57929660187221        2.68921655635593       -1.31769979857128
H            1.18166178115792       -1.74202330621137        0.34926504891054
H            1.55393176709144       -0.01492743359147        0.48518665548966
H            2.43948012400231       -1.03202565409512       -0.67178239061048
H           -0.19096735591031        0.66156728183815       -2.67663133321148
H            3.21969041572618        1.16120549382596       -0.67060285038066
H           -0.67009154939376        2.97958512320995       -3.32204602306503
H            0.48956233369127        3.63326464807814       -4.49174119529871
H            0.18080979262609        1.89551157604074       -4.44619980448846
H            0.65572791547915        5.52619222938035       -2.97862077205228
H            1.02288336380957        7.63564056412508       -4.17163227284852
H            3.18462579363815        8.07905905340977       -5.27559567203613
H            4.98058664008390        6.38769509202743       -5.18936217159639
H            4.61756009020362        4.25889375355808       -4.02194097721616
H            3.59537611488113        5.41271178936385       -0.93447643703007
H            5.71801220316682        6.34573120238705       -0.10478403131427
H            7.74888534360932        4.94573372267877       -0.05437184920101
H            7.65152101521354        2.60283223230434       -0.82036134975085
H            5.53595182424492        1.66847511024294       -1.66674298156460
40
 energy: -60.202808785898 gnorm: 0.001175008319 xtb: 6.7.1 (edcfbbe)
C            1.47518569760137       -0.85321316363520       -0.20450600836255
C            0.43142900169813       -0.58458540544917       -1.24043600297408
O           -0.53181394831671       -1.26679517454554       -1.45189882852185
N            0.58357067475195        0.56271106354778       -2.02932586842743
C            1.52199790367498        1.54961932576253       -2.06108059234792
C            2.71073563981062        1.74247674325279       -1.40652698192825
N            3.22780056814026        2.93753192399990       -1.83786069083285
C            2.39813792782442        3.47939098972156       -2.73297684713524
N            1.35061533203691        2.64184791037151       -2.88969618530801
C            0.27306747853184        2.79399457512833       -3.83480561384431
C            2.60647054410138        4.73949291121191       -3.43476757338400
C            1.59418247726114        5.70013847745432       -3.48381190733125
C            1.80895932790148        6.89634282878540       -4.14295046003056
C            3.02484486181736        7.14441983939662       -4.75979921560989
C            4.03389333578221        6.19479454215663       -4.71062055685390
C            3.83306677038072        4.99834966269663       -4.04957361477038
C            4.44490486431767        3.49071005289303       -1.35747640446684
C            4.48755151238537        4.80784265773661       -0.91931049312826
C            5.68175599632424        5.32588951447563       -0.45089613510564
C            6.82030055369308        4.53674728537547       -0.41781627428034
C            6.76757856635990        3.22089591823949       -0.84800775529681
C            5.57915411527619        2.69021482089651       -1.31780512481276
H            1.18409004784183       -1.74252702769346        0.34810483314197
H            1.55461512623526       -0.01472292512590        0.48323930075731
H            2.43886327689349       -1.03139458397651       -0.67595688177583
H           -0.19170392797516        0.66293032121554       -2.67659427860607
H            3.21886985876625        1.16110364118080       -0.66932938569439
H           -0.67201926949211        2.97632934966664       -3.32019452546851
H            0.48830590170823        3.63575157633057       -4.48905245870202
H            0.18283642155972        1.89565810585863       -4.44816278856575
H            0.65647137522002        5.52653949772897       -2.97720780947880
H            1.02484767519926        7.63654923262760       -4.17131913198159
H            3.18670488569730        8.07768933442845       -5.27528945718216
H            4.98114300318670        6.38542596304490       -5.18971348182077
H            4.61648853457699        4.25610671647791       -4.02220231540490
H            3.59508932692231        5.41395809644017       -0.93544471727380
H            5.71862834141343        6.34703247383770       -0.10639871305388
H            7.74873401204818        4.94644454371011       -0.05358857773949
H            7.65181842467181        2.60411356399190       -0.82090737672821
H            5.53539778417368        1.66973482078260       -1.66736309967097
40
 energy: -60.202818054702 gnorm: 0.001021646537 xtb: 6.7.1 (edcfbbe)
C            1.47823282042259       -0.85476021179151       -0.21003792917869
C            0.42937401477909       -0.58599014739772       -1.24084395897260
O           -0.53362987425626       -1.26861012168813       -1.45154825973758
N            0.57836727294591        0.56399809837381       -2.02635346120941
C            1.51905350052584        1.54967440439099       -2.05742775229727
C            2.70913200398662        1.74201376816177       -1.40440845383688
N            3.22613719562924        2.93675679057433       -1.83592426357973
C            2.39582614046414        3.47900345816069       -2.73051678782075
N            1.34818982599358        2.64166160191624       -2.88645677534804
C            0.27132407543370        2.79422756736031       -3.83279743239449
C            2.60613745831252        4.73875927542528       -3.43324429372196
C            1.59651585477140        5.70214640873789       -3.48003293831463
C            1.81436818501523        6.89759287262432       -4.14000855505147
C            3.03013537716465        7.14054305410013       -4.75852741919733
C            4.03634280234192        6.18796053936800       -4.71137190017123
C            3.83269437931488        4.99199940667173       -4.05009775931875
C            4.44361108737640        3.49221123890263       -1.35694707005184
C            4.48544235263595        4.81025712382483       -0.92153487557692
C            5.67963758370899        5.32927458678145       -0.45413434579030
C            6.81834745397749        4.54025959832667       -0.41867384451396
C            6.76680604603136        3.22434851189244       -0.84828838649675
C            5.57852291610002        2.69270062346780       -1.31779421054078
H            1.19295900003346       -1.74581046275141        0.34283084436433
H            1.55855763215588       -0.01688328004752        0.47837651959282
H            2.43907365303773       -1.02979813388698       -0.68817061874414
H           -0.19697024896492        0.66776189560459       -2.67239817218427
H            3.21652638086291        1.15924631591770       -0.66762331419791
H           -0.67607596716992        2.97009983325142       -3.31864106557881
H            0.48517156328052        3.64117395549189       -4.48247171615440
H            0.18723184973235        1.89837902459377       -4.45153035582231
H            0.65984792439703        5.53005008454987       -2.97116152954446
H            1.03300426512503        7.64073339786833       -4.16770807396652
H            3.19456663008405        8.07328442045150       -5.27443861071802
H            4.98313089799758        6.37606529582046       -5.19223010114104
H            4.61263059377011        4.24645663839949       -4.02374106801444
H            3.59266234859015        5.41595028146108       -0.93929134173178
H            5.71716444003261        6.35123668103687       -0.11213658108801
H            7.74629362326547        4.95047081489355       -0.05298543773716
H            7.65175032854761        2.60864002549913       -0.82136640191453
H            5.53447661254890        1.67245476366165       -1.66767230229899
40
 energy: -60.202822808767 gnorm: 0.000600129352 xtb: 6.7.1 (edcfbbe)
C            1.48058102078310       -0.85616889249620       -0.21225167390293
C            0.42945112178051       -0.58633425576001       -1.24047858267251
O           -0.53355818871111       -1.26913384185070       -1.45030567072346
N            0.57633332794495        0.56531168208630       -2.02419677949597
C            1.51781806327238        1.55004792057797       -2.05658580684054
C            2.70849646889161        1.74186533150923       -1.40441071623160
N            3.22570897696812        2.93629573210503       -1.83627899101652
C            2.39490271131699        3.47901398936836       -2.73005372600172
N            1.34671012880464        2.64233925577272       -2.88521408821616
C            0.27033926325482        2.79499531977484       -3.83214629269504
C            2.60589839416794        4.73832806238815       -3.43309520940558
C            1.59789815320859        5.70344091777134       -3.47856357126567
C            1.81713372275591        6.89866453378795       -4.13835980783207
C            3.03266310752467        7.13966122323525       -4.75818819884628
C            4.03721745154750        6.18522382976572       -4.71256205389161
C            3.83216362032482        4.98954188637573       -4.05133205874656
C            4.44292477456614        3.49203393813710       -1.35725627121037
C            4.48409979102574        4.81045705773059       -0.92290305337262
C            5.67786248425416        5.33027980514423       -0.45547806079099
C            6.81684335949717        4.54170244322367       -0.41896853905943
C            6.76589325849355        3.22537995684065       -0.84747790173808
C            5.57801413037185        2.69293944174520       -1.31706488323380
H            1.19666423828416       -1.74794350047922        0.34004806595627
H            1.56226533308099       -0.01926761227823        0.47715578099671
H            2.44047339020650       -1.03025587441431       -0.69255772975378
H           -0.20017696708657        0.67026096350583       -2.66868934241541
H            3.21617225164948        1.15869688194296       -0.66821965594954
H           -0.67723305869465        2.97020296352723       -3.31915116280003
H            0.48430202421520        3.64190052132467       -4.48090368249815
H            0.18728064344543        1.89995855328080       -4.45140066105451
H            0.66146597995941        5.53287146842247       -2.96871959491071
H            1.03714404597325        7.64323858764204       -4.16497220681677
H            3.19823280661971        8.07224583191080       -5.27393268806639
H            4.98379222031988        6.37182055620739       -5.19444168357025
H            4.61079258224396        4.24259356613231       -4.02595318101215
H            3.59121100742453        5.41589169619592       -0.94130767940004
H            5.71488033847169        6.35252079600524       -0.11427780250130
H            7.74440254282998        4.95258064154918       -0.05320483956181
H            7.65097390434911        2.60997070344108       -0.81951476307841
H            5.53453157466575        1.67236791885001       -1.66611523637525
