40
 energy: -50.122853523751 gnorm: 0.054581445895 xtb: 6.7.1 (edcfbbe)
C            2.68083000000000       -0.04867000000000       -0.30508000000000
C            1.18647000000000        0.00783000000000       -0.16894000000000
C            0.40769000000000       -1.11563000000000       -0.45215000000000
C           -0.98492000000000       -1.07143000000000       -0.31268000000000
C           -1.63284000000000        0.09470000000000        0.11909000000000
C           -0.83442000000000        1.19996000000000        0.45748000000000
C            0.55733000000000        1.15824000000000        0.30646000000000
N           -3.16093000000000        0.15300000000000        0.26844000000000
C           -3.51759000000000       -0.27102000000000        1.74137000000000
C           -3.13617000000000       -1.69730000000000        2.12979000000000
C           -1.94385000000000       -1.92633000000000        2.84098000000000
C           -1.56648000000000       -3.21874000000000        3.21160000000000
C           -2.37306000000000       -4.30356000000000        2.88154000000000
C           -3.56103000000000       -4.09812000000000        2.18706000000000
C           -3.94355000000000       -2.80633000000000        1.81854000000000
C           -4.99745000000000        0.01261000000000        2.06123000000000
C           -3.82035000000000       -0.72349000000000       -0.79718000000000
C           -3.63426000000000        1.58524000000000       -0.02780000000000
H            3.12641000000000       -0.44240000000000        0.61342000000000
H            2.96982000000000       -0.68960000000000       -1.14471000000000
H            3.09383000000000        0.94672000000000       -0.50021000000000
H            0.88254000000000       -2.03980000000000       -0.77984000000000
H           -1.51889000000000       -1.99235000000000       -0.52457000000000
H           -1.24860000000000        2.12255000000000        0.84832000000000
H            1.15045000000000        2.03571000000000        0.56491000000000
H           -2.94079000000000        0.41634000000000        2.37693000000000
H           -1.29000000000000       -1.10159000000000        3.12117000000000
H           -0.64399000000000       -3.38106000000000        3.76566000000000
H           -2.08078000000000       -5.30947000000000        3.17596000000000
H           -4.19530000000000       -4.94807000000000        1.94216000000000
H           -4.88812000000000       -2.69211000000000        1.29167000000000
H           -5.23993000000000       -0.31908000000000        3.07819000000000
H           -5.22028000000000        1.08342000000000        2.02556000000000
H           -5.68410000000000       -0.49787000000000        1.37975000000000
H           -4.90427000000000       -0.58707000000000       -0.74174000000000
H           -3.46471000000000       -0.40153000000000       -1.78219000000000
H           -3.58916000000000       -1.77605000000000       -0.63477000000000
H           -3.37955000000000        2.23486000000000        0.81437000000000
H           -3.17038000000000        1.92900000000000       -0.95852000000000
H           -4.72156000000000        1.57738000000000       -0.15470000000000
40
 energy: -50.132157029222 gnorm: 0.024665209191 xtb: 6.7.1 (edcfbbe)
C            2.66161387812237       -0.04564122952119       -0.30888617946221
C            1.17194900997755        0.00238960616406       -0.15634881280762
C            0.38646929322945       -1.10990985719487       -0.43956238296229
C           -0.99461016313739       -1.07457754365505       -0.29356474615740
C           -1.63278031888032        0.08267422351876        0.13923036208719
C           -0.84768088586447        1.18711932487188        0.46281785157864
C            0.53250887575744        1.14531228024306        0.30986922948832
N           -3.13817080117050        0.14044447655592        0.27817074888630
C           -3.51763970053261       -0.26710096551308        1.72961761628011
C           -3.11548555040408       -1.69242059767247        2.07750855083308
C           -1.94210451060812       -1.91726665722652        2.80210222180723
C           -1.57766660643830       -3.19776579348926        3.19549488750045
C           -2.37948924103413       -4.28062198275159        2.87433681187882
C           -3.56001270875485       -4.07272574663766        2.18025693056016
C           -3.92782608058670       -2.79193795244333        1.79015868174638
C           -4.99109022952081        0.01083710830134        2.04280889140627
C           -3.79954817207666       -0.71935469343791       -0.75811779087910
C           -3.61697330257341        1.54266673486104       -0.00348835198754
H            3.11321173538561       -0.43778105267714        0.60220065367731
H            2.95224818440984       -0.69455475068825       -1.13423181586430
H            3.07458076441587        0.94608277107593       -0.48974168493349
H            0.85555226829539       -2.02311736923964       -0.77935014483589
H           -1.53497460507789       -1.98013238755242       -0.52396874595176
H           -1.26869604255498        2.10677953608258        0.84000102373139
H            1.11729600935122        2.02022080582836        0.56143812767086
H           -2.91396443811689        0.40716597609776        2.34939195787000
H           -1.30513125066125       -1.08999202427862        3.08887824124038
H           -0.66428380893141       -3.35350654033136        3.75372117155656
H           -2.09029353216388       -5.28048008713947        3.17065286436782
H           -4.19667686285509       -4.91430422325252        1.94213946718544
H           -4.87457647151109       -2.67110567125296        1.28145338967392
H           -5.20136123203775       -0.33706632069857        3.05455361681803
H           -5.21653904534722        1.07608543863902        2.02189907030178
H           -5.67525768757508       -0.50689000327299        1.37396178811009
H           -4.87880126076049       -0.58008717341307       -0.71462996380435
H           -3.44528488450355       -0.41198025898641       -1.74179151371736
H           -3.57451810840830       -1.76849470043589       -0.59646434169410
H           -3.36854383176868        2.20935133696151        0.81798990634874
H           -3.15009479462593        1.89442355618805       -0.92211223515310
H           -4.69729389046282        1.54615240737295       -0.14182535239478
40
 energy: -50.134756227767 gnorm: 0.007162710144 xtb: 6.7.1 (edcfbbe)
C            2.63760295547946       -0.04619928698592       -0.30627821140463
C            1.15387407463698       -0.00501089939412       -0.14265896790509
C            0.36405785866932       -1.11238013900624       -0.42559667946818
C           -1.01125844519512       -1.08223751410333       -0.27867536522210
C           -1.64448906478234        0.07289410352138        0.15461617416658
C           -0.86530544390163        1.17621224304829        0.47569859059108
C            0.50837622729261        1.13385711074329        0.32188204179377
N           -3.12955871308620        0.13799760220337        0.28122753752037
C           -3.50664693092772       -0.25880533005313        1.71750424104537
C           -3.11032751859770       -1.68034757798279        2.05881167092826
C           -1.93761256120177       -1.90147969298209        2.77330607381371
C           -1.57423366288523       -3.17666653967614        3.16666175465512
C           -2.37852195137262       -4.25823858908432        2.85446495971318
C           -3.55549471967714       -4.04932975222606        2.15796506711349
C           -3.92229724590029       -2.77308054305639        1.76939372954710
C           -4.97460334413166        0.00396452429447        2.03240116080310
C           -3.77615639328698       -0.72431589341204       -0.72620833772240
C           -3.59495474805093        1.51695475446576        0.00677955912917
H            3.09574404854434       -0.43778318654665        0.60127807596519
H            2.92383240198084       -0.69833995530828       -1.12650427442510
H            3.04340616660829        0.94608736752581       -0.48077801848330
H            0.82994984376265       -2.01935017463470       -0.77522404138531
H           -1.55602559048264       -1.97959543624154       -0.51352891523367
H           -1.29209192960938        2.09383300602793        0.84325221724975
H            1.08735035184805        2.01073735756662        0.56367543974270
H           -2.89606663067772        0.40585215233212        2.33832525432917
H           -1.30352035587239       -1.07049625263429        3.04374043002869
H           -0.67073964047684       -3.32506819573364        3.73611086404531
H           -2.10142616131822       -5.25224636690842        3.16839449361648
H           -4.20192677603758       -4.88292654148445        1.93327831188967
H           -4.86250413994471       -2.64592924595896        1.25643285686450
H           -5.16442107054815       -0.35968566021293        3.03988778057671
H           -5.20955541031385        1.06380216004088        2.02306617053182
H           -5.65351864691398       -0.51834283332781        1.36707407378089
H           -4.85307493450554       -0.58322746012199       -0.69141453614612
H           -3.42115784349211       -0.44102820887292       -1.71546929262449
H           -3.55930033535070       -1.77206134164717       -0.55005900850662
H           -3.35397748433476        2.18835821479986        0.82421378612136
H           -3.12367754257222        1.87951830787314       -0.90423507016294
H           -4.67168869337407        1.52299371315329       -0.13624159687252
40
 energy: -50.135138930058 gnorm: 0.004324596276 xtb: 6.7.1 (edcfbbe)
C            2.62812992628583       -0.05012847176672       -0.30058749006300
C            1.14721683464997       -0.01134071869902       -0.13257536277118
C            0.35832959238205       -1.11995803924355       -0.41543816724811
C           -1.01668541591019       -1.08975735436985       -0.26962829931666
C           -1.64951285811530        0.06821224505215        0.16107256926078
C           -0.86975977422963        1.17100578369546        0.48675338440097
C            0.50346057893301        1.12816351120205        0.33412600381769
N           -3.13053398248935        0.13852233409835        0.28152342139256
C           -3.50322672507597       -0.25003262589170        1.71506906315099
C           -3.10233749846656       -1.67133176238441        2.04539759677430
C           -1.92467955208990       -1.89121873047688        2.75210936238374
C           -1.56599988989050       -3.16597557453778        3.15197126011194
C           -2.37719531970574       -4.24561161948249        2.84696767501573
C           -3.55375156556345       -4.03753177631855        2.14790414227515
C           -3.91741282991650       -2.76182381695140        1.75412118920907
C           -4.97115521571751        0.00399276966375        2.03623450226750
C           -3.77461437034499       -0.73262929054770       -0.71633266015047
C           -3.59382525522504        1.51340321768603        0.00346501266617
H            3.08976871065394       -0.44130830813760        0.60620195921074
H            2.91011679808269       -0.70150356754653       -1.12304722765029
H            3.02829840122819        0.94431887143049       -0.47643463602846
H            0.82353985418398       -2.02698289697276       -0.76759953112556
H           -1.56287217441504       -1.98628804122597       -0.50417345492361
H           -1.29844400148215        2.08697739670498        0.85567925257943
H            1.08179090114152        2.00601040706066        0.57594584411843
H           -2.89305698074849        0.41354472827179        2.33772382542649
H           -1.28997959631784       -1.05731019583602        3.01432755479000
H           -0.65867353544489       -3.31385215724197        3.71514425161917
H           -2.10150086202548       -5.23940666821281        3.16125073998600
H           -4.20102024632389       -4.86979553056638        1.92036973612524
H           -4.85887600092089       -2.63102269716848        1.24315348277681
H           -5.15587244853315       -0.36908637216618        3.04137440668198
H           -5.21552519178380        1.06198411400615        2.03288500156437
H           -5.64634198796160       -0.51987431233333        1.36779722031160
H           -4.85225621121363       -0.58904115602861       -0.69103406816439
H           -3.41087064317076       -0.46891246007682       -1.70918712434253
H           -3.56318041330165       -1.77944857137077       -0.52167034168844
H           -3.35770456933218        2.18372983841304        0.82477464031988
H           -3.11526139670745        1.87858989826454       -0.90404858010544
H           -4.67046508511697        1.52160760000461       -0.14501615465842
40
 energy: -50.135364735928 gnorm: 0.003512009947 xtb: 6.7.1 (edcfbbe)
C            2.61976035681507       -0.05673440926489       -0.29194630702830
C            1.14044945791518       -0.01965249884401       -0.11890679196691
C            0.35253107138686       -1.12898173069886       -0.40288928308006
C           -1.02304536771538       -1.09622715248541       -0.26221584562837
C           -1.65544268621652        0.06496067852226        0.16460435932743
C           -0.87395011683956        1.16492150754754        0.49989732640160
C            0.49975159163944        1.12034241173266        0.35151825272072
N           -3.13486465540785        0.13988343072870        0.28112480998921
C           -3.50271707789307       -0.24191901224996        1.71357043216156
C           -3.09797611962232       -1.66130250792096        2.04255572477415
C           -1.91014642476072       -1.88065146657593        2.73309324894346
C           -1.54941495086980       -3.15624374278847        3.12872089812358
C           -2.36711282265375       -4.23358658100845        2.83091333219767
C           -3.54702706324575       -4.02691162317064        2.13649559103277
C           -3.91468985072068       -2.75054219643256        1.74910166187517
C           -4.97081773672233        0.00608180934273        2.04106351311173
C           -3.77714453409357       -0.74153130490753       -0.71022525745452
C           -3.59646915233570        1.51391732087912       -0.00561829642254
H            3.08630393466154       -0.44762803321089        0.61279674918118
H            2.89825987838303       -0.70648208755044       -1.11735765337688
H            3.01600289967819        0.93929099995915       -0.46990174177882
H            0.81734528087187       -2.03785308067402       -0.75243702045762
H           -1.57054529917530       -1.99268921457586       -0.49539095795607
H           -1.30453400866324        2.07847431767368        0.87314514121802
H            1.07881375140366        1.99681349348170        0.59870674302858
H           -2.89406774923358        0.42442821214856        2.33518561737148
H           -1.27114461941605       -1.04462447551679        2.98074990883269
H           -0.63630325972651       -3.30433410154262        3.68304858861985
H           -2.09463831952333       -5.22690884578111        3.14993148115415
H           -4.19525556318314       -4.85851646720365        1.90749190850698
H           -4.85744994958321       -2.61722546764554        1.24017996253129
H           -5.15142179766311       -0.37400674326991        3.04426937502034
H           -5.22093280438843        1.06299944597572        2.04329411231865
H           -5.64471773417903       -0.51691063852825        1.36971365539374
H           -4.85475786797380       -0.59083062723759       -0.69821014350667
H           -3.39966056582502       -0.49963976155280       -1.70426745110660
H           -3.57465002491983       -1.78703514424264       -0.49309234465484
H           -3.36813481756965        2.18448392400497        0.81933975384274
H           -3.10953383598285        1.87946527907402       -0.90930346330559
H           -4.67259144665050        1.52179608380858       -0.16217958995467
40
 energy: -50.135503905349 gnorm: 0.003177126574 xtb: 6.7.1 (edcfbbe)
C            2.61483889661318       -0.06391121986526       -0.28218737084493
C            1.13556328604236       -0.02676389332842       -0.10697223029174
C            0.34775726789857       -1.13553610221125       -0.39321665733735
C           -1.02855933269623       -1.09982021367074       -0.25843509172343
C           -1.66030551033228        0.06290697102066        0.16599844268059
C           -0.87758150883500        1.15951708144572        0.51054703371663
C            0.49683959869866        1.11299442904739        0.36687159719474
N           -3.13995847897596        0.14004366882180        0.27998678296515
C           -3.50500984475003       -0.23585780476264        1.71353355967256
C           -3.09542205186921       -1.65388459049522        2.04285439321255
C           -1.89827745690464       -1.87287717459100        2.71803225480462
C           -1.53262932948703       -3.14915570073215        3.10774865295821
C           -2.35382743858137       -4.22572870804104        2.81714543073350
C           -3.53945251098665       -4.02062833499192        2.13227960267035
C           -3.91321702200994       -2.74349139194775        1.75271524631576
C           -4.97345094921788        0.01016633570282        2.04322863940134
C           -3.78126530746859       -0.74663337434360       -0.70952068513763
C           -3.60036440243280        1.51470477874979       -0.01392723562368
H            3.08475232699816       -0.45490747613140        0.62061682813782
H            2.89147266607149       -0.71252917815945       -1.10940393516227
H            3.01014351318612        0.93243714960924       -0.46155421735112
H            0.81252037584248       -2.04629847524706       -0.73837495310194
H           -1.57713552822044       -1.99560018936082       -0.49300378918980
H           -1.30968096145375        2.07129418831052        0.88730833220773
H            1.07730424099995        1.98654914366818        0.62170092918286
H           -2.89784601836279        0.43424666563551        2.33303729606235
H           -1.25707347298331       -1.03576149213983        2.95678009006659
H           -0.61191418041847       -3.29792435877129        3.64981571825330
H           -2.07826209429643       -5.21923484005627        3.13277482280769
H           -4.18685108293628       -4.85292273844215        1.90277832097613
H           -4.86099043278684       -2.60932514879871        1.25304646496179
H           -5.15301919669273       -0.37289216925550        3.04519675367112
H           -5.22378960782572        1.06698467601415        2.04848190323901
H           -5.64781751525180       -0.51020647971383        1.37000514847821
H           -4.85772934457221       -0.58707780145294       -0.70895984169536
H           -3.39184018780260       -0.51932847321681       -1.70182190988019
H           -3.58873088005940       -1.79096719931753       -0.47740849865996
H           -3.37833757613185        2.18724871781024        0.81159200373388
H           -3.10719896827206        1.87780240709922       -0.91501599198706
H           -4.67559397973485        1.52125831610878       -0.17770384011748
40
 energy: -50.135670368868 gnorm: 0.002996345381 xtb: 6.7.1 (edcfbbe)
C            2.61032958031295       -0.07407853901707       -0.26719249322699
C            1.13039277254121       -0.03546859480174       -0.09205126600892
C            0.34176913352852       -1.14209681289415       -0.38352353684796
C           -1.03539958479549       -1.10256429940610       -0.25663642417567
C           -1.66565512977545        0.06077631035088        0.16701733223235
C           -0.88207286184687        1.15306329186956        0.52236871747548
C            0.49309641550363        1.10364861621077        0.38524581495192
N           -3.14603760279736        0.14015243832153        0.27814839040182
C           -3.51022911703952       -0.23017090570755        1.71360004736416
C           -3.09456707800585       -1.64627101627353        2.04561119725712
C           -1.88589909517951       -1.86388018894531        2.70103414976593
C           -1.50977582996479       -3.14070466853556        3.07963430811991
C           -2.33179947723004       -4.21845104546126        2.79744818978286
C           -3.52883500629287       -4.01538872832300        2.13219029618457
C           -3.91341533810395       -2.73751935973170        1.76496018885073
C           -4.97892311485085        0.01641979460007        2.04253378680558
C           -3.78720906086930       -0.75031507850766       -0.71005960119160
C           -3.60484718274706        1.51550437731907       -0.02360331763564
H            3.08208088693546       -0.46551524710633        0.63400127748632
H            2.88565344528841       -0.72212193115724       -1.09543844770736
H            3.00635691372304        0.92192730600062       -0.44732783476254
H            0.80639309253784       -2.05434910834769       -0.72482115736320
H           -1.58549697597810       -1.99630625447184       -0.49623641493793
H           -1.31558209048338        2.06308911532748        0.90259356952391
H            1.07546520175899        1.97308571417527        0.64960103102771
H           -2.90450407357574        0.44464898205659        2.32965803514417
H           -1.24304300997073       -1.02592601479176        2.93123743729078
H           -0.57924534031296       -3.28953363366748        3.60539170560730
H           -2.04824355617977       -5.21230916686676        3.10532720403725
H           -4.17576713144067       -4.84928970005334        1.90712416263444
H           -4.86969179659839       -2.60390000773407        1.28142104044573
H           -5.15989403683742       -0.36828538836602        3.04327724680594
H           -5.22591388221795        1.07391340598767        2.04999182080322
H           -5.65416582249421       -0.49969608997527        1.36700775469470
H           -4.86147873265860       -0.57843329723777       -0.72340953467565
H           -3.38394403926386       -0.53757184855431       -1.69891171993823
H           -3.60878129271405       -1.79349777510519       -0.46387284727741
H           -3.38840860318793        2.19112059658554        0.80039519830777
H           -3.10581886544561        1.87425099873852       -0.92258299112023
H           -4.67883271326916        1.52093375349530       -0.19458231613152
40
 energy: -50.135869639419 gnorm: 0.003378242552 xtb: 6.7.1 (edcfbbe)
C            2.60491223834009       -0.08901738656727       -0.24334599889423
C            1.12390032722272       -0.04703945046123       -0.07253309786759
C            0.33323888546819       -1.14922781589462       -0.37463487918986
C           -1.04479988812815       -1.10509642526444       -0.25762078865434
C           -1.67251610967473        0.05777505569261        0.16861979788491
C           -0.88816962347563        1.14458858172895        0.53717106366374
C            0.48765782863403        1.09104371650297        0.40869507044599
N           -3.15346843774176        0.14007700051786        0.27604688441244
C           -3.51864738519011       -0.22317499507903        1.71436003300981
C           -3.09518449029715       -1.63685127944835        2.04910700045394
C           -1.87137492276906       -1.85102861453078        2.67767492128159
C           -1.47822165232697       -3.12792116641556        3.03938785567713
C           -2.29898089828847       -4.20935470386539        2.76915663714827
C           -3.51474885012266       -4.00921647415432        2.13663254901775
C           -3.91539512357644       -2.73124677499612        1.78572825471359
C           -4.98793162513775        0.02518928412456        2.03824059284955
C           -3.79487666523604       -0.75451579664653       -0.70942779395604
C           -3.60868421633185        1.51567920952432       -0.03471142384424
H            3.07515292876565       -0.48167089608659        0.65755827648788
H            2.88019139595761       -0.73699217796078       -1.07161255848494
H            3.00352388024463        0.90609513067909       -0.42259150317466
H            0.79731763496799       -2.06187614000672       -0.71507425768369
H           -1.59712827419959       -1.99485828581605       -0.50694567937837
H           -1.32251991674795        2.05280711155003        0.92115827241220
H            1.07231881312881        1.95529054838275        0.68431373908661
H           -2.91469034605799        0.45661713691781        2.32666370688664
H           -1.22768645674387       -1.01176949378524        2.89887142713469
H           -0.53399994319357       -3.27535088061452        3.54154466031144
H           -1.99965029482931       -5.20391490400319        3.06086586569338
H           -4.16198390082583       -4.84582902394655        1.92293303177832
H           -4.88463498012604       -2.59984345979548        1.32736650731643
H           -5.17382540766828       -0.36057182547505        3.03744076901583
H           -5.22958956713276        1.08389995059273        2.04705824704803
H           -5.66298063198931       -0.48569509638461        1.35885007831684
H           -4.86582497694433       -0.56631399180254       -0.74015259041652
H           -3.37537394933775       -0.56042093571136       -1.69473970160369
H           -3.63583655106245       -1.79648482628305       -0.44629368277607
H           -3.39594749459649        2.19577026185578        0.78558681491639
H           -3.10418199667360        1.86774997259926       -0.93269137587986
H           -4.68129935629999        1.52158986032544       -0.21208672515801
40
 energy: -50.136059321291 gnorm: 0.003687289552 xtb: 6.7.1 (edcfbbe)
C            2.59909109902983       -0.10777068656237       -0.21174781431997
C            1.11687451756179       -0.06043803293408       -0.05131258193468
C            0.32326878602303       -1.15596757773096       -0.36992091198717
C           -1.05539992556856       -1.10707665453321       -0.26293090740554
C           -1.68007917594639        0.05411311909379        0.17050686481266
C           -0.89467825347617        1.13471629741941        0.55368498856955
C            0.48156895075262        1.07628429700902        0.43460734216057
N           -3.16097033931601        0.14011837132945        0.27423141696716
C           -3.52930449142285       -0.21541689142427        1.71554436613031
C           -3.09743666012529       -1.62606849579231        2.05289126533342
C           -1.85636481488879       -1.83450271138562        2.64947676428589
C           -1.44165924674832       -3.11071649040939        2.98992634254510
C           -2.25959555557546       -4.19783560233490        2.73435820935897
C           -3.49856853101323       -4.00176291370653        2.14454283093444
C           -3.91870167676253       -2.72484123103614        1.81214415070549
C           -4.99958155427513        0.03467471015138        2.03091069091522
C           -3.80377975464099       -0.75963955677552       -0.70542298561838
C           -3.61111495522082        1.51495663738791       -0.04601647585812
H            3.06234536634088       -0.50278850542861        0.69148900079770
H            2.87701540230640       -0.75598465379001       -1.03875715197020
H            3.00235057022306        0.88606982690969       -0.38729296092095
H            0.78615661933670       -2.06737997046089       -0.71477706405278
H           -1.61035702258226       -1.99126872120128       -0.52563395028100
H           -1.32858860431235        2.04113956824726        0.94223887137642
H            1.06843971053267        1.93503719835676        0.72204807441985
H           -2.92774451768736        0.46891519740506        2.32471852174731
H           -1.21273281198962       -0.99297654620973        2.86101612602212
H           -0.48159910392107       -3.25460385419042        3.46326040851061
H           -1.93981465680522       -5.19284504401546        3.00444151823494
H           -4.14695654819690       -4.84193765786082        1.94868899568607
H           -4.90266595860268       -2.59750322442993        1.38402084365237
H           -5.19347487134516       -0.35114290709238        3.02860745819127
H           -5.23671978433684        1.09452273698222        2.03924069755982
H           -5.67215324783761       -0.47221208488709        1.34636220745589
H           -4.87082491066472       -0.55520155257219       -0.75385262663724
H           -3.36937174689041       -0.58688563629316       -1.68822574199111
H           -3.66502745864984       -1.79982009369325       -0.42400132633688
H           -3.39795352397592        2.20029153030543        0.76901558961851
H           -3.10294240812856        1.85872166863483       -0.94501731024916
H           -4.68288891119463        1.52391613751659       -0.22649373642658
40
 energy: -50.136200944336 gnorm: 0.003167554531 xtb: 6.7.1 (edcfbbe)
C            2.59465481461617       -0.12576912003991       -0.18009249556278
C            1.11122940205530       -0.07203485842875       -0.03503204294083
C            0.31473798359093       -1.16004274247771       -0.37259847434427
C           -1.06420152529903       -1.10728252751986       -0.27318801072493
C           -1.68662549319027        0.05105450804846        0.17094792324088
C           -0.89983394362380        1.12595717102631        0.56691976675014
C            0.47666014809909        1.06313025517228        0.45575816009063
N           -3.16687963417290        0.14016900745580        0.27305754056976
C           -3.53859112150397       -0.20871080112854        1.71697959095922
C           -3.09953076718959       -1.61657275198212        2.05563097129881
C           -1.84452925487779       -1.81862535736825        2.62405982864127
C           -1.41122008393422       -3.09336144249092        2.94571085989942
C           -2.22627845160947       -4.18600807404552        2.70416569783500
C           -3.48390173755668       -3.99463305856521        2.15314055452491
C           -3.92057860225454       -2.71976726085395        1.83563817251660
C           -5.01028877120173        0.04124342888853        2.02302092915347
C           -3.81207930973174       -0.76442874979036       -0.69940115859864
C           -3.61176498252449        1.51375935520386       -0.05452175412246
H            3.04574557817013       -0.52401939077826        0.72815600525321
H            2.87858036221086       -0.77432898767624       -1.00460141528009
H            3.00427391895261        0.86655782873968       -0.34925777600812
H            0.77610817596436       -2.06889924319244       -0.72613334411491
H           -1.62123873340838       -1.98591758880420       -0.54918471265990
H           -1.33199575208840        2.03083366937222        0.96062900584843
H            1.06506322577749        1.91723454365557        0.75357075406076
H           -2.93999701930396        0.47904339068027        2.32466946551843
H           -1.20217589998389       -0.97426484422556        2.82780507841026
H           -0.43809665734185       -3.23233191960307        3.39280530643987
H           -1.88902922782740       -5.18054972001516        2.95442865958856
H           -4.13314644661410       -4.83831337309429        1.97571123691610
H           -4.91610352594951       -2.59729166873635        1.43401576435188
H           -5.21192099149750       -0.34272622338824        3.02013310502128
H           -5.24643619622615        1.10147435564990        2.02828062035276
H           -5.67867268189223       -0.46559677287914        1.33444081899199
H           -4.87590025768191       -0.55001090347361       -0.75851678234907
H           -3.37065126020399       -0.60864702600793       -1.68167632311957
H           -3.68655909654636       -1.80223016651774       -0.40419827450993
H           -3.39301366681355        2.20392598217867        0.75484464793423
H           -3.10398624891220        1.84951107173184       -0.95703622252085
H           -4.68376626846870        1.52736000527775       -0.23251167730909
40
 energy: -50.136300536600 gnorm: 0.002058042904 xtb: 6.7.1 (edcfbbe)
C            2.59226449822763       -0.14079724195049       -0.15276748865686
C            1.10774394717371       -0.08041128719843       -0.02571127223852
C            0.30904347477190       -1.16095848222733       -0.38196359212511
C           -1.06992722380863       -1.10540751734031       -0.28722099656153
C           -1.69125700869991        0.04914494641135        0.16934322432512
C           -0.90280898808468        1.11912492704092        0.57560823201122
C            0.47384323505873        1.05300617214280        0.47007628391279
N           -3.17070076728203        0.14049916984960        0.27199625168683
C           -3.54516562030766       -0.20397939663634        1.71753718154843
C           -3.10051245632649       -1.60940198993995        2.05702824838021
C           -1.83642083632178       -1.80578892954897        2.60515626746360
C           -1.39069706637568       -3.07862976866703        2.91402892044287
C           -2.20378167469723       -4.17536360620659        2.68382827093893
C           -3.47257194261965       -3.98864137944878        2.16085387287622
C           -3.92031601173900       -2.71608536405236        1.85214570837104
C           -5.01827865816264        0.04327359919412        2.01666309067528
C           -3.81930717708868       -0.76775598889757       -0.69346641027461
C           -3.61183639220215        1.51283092726826       -0.06004645377704
H            3.02803043380193       -0.54267415453787        0.76201055714528
H            2.88459020004995       -0.78967194598554       -0.97399648010167
H            3.00913418051989        0.84988410740954       -0.31389793416253
H            0.76886374560580       -2.06649761710210       -0.74626563959972
H           -1.62827532964031       -1.97913480191374       -0.57537072493074
H           -1.33260154730075        2.02263696316909        0.97479069661608
H            1.06303942991390        1.90344179461841        0.77674505830887
H           -2.94969550272097        0.48646238696820        2.32483084889457
H           -1.19587270459494       -0.95851887415877        2.80295156976099
H           -0.40920614299605       -3.21243079964154        3.34169976006809
H           -1.85612786387752       -5.16846230941611        2.92147754165070
H           -4.12155276301523       -4.83517843490878        1.99779688486075
H           -4.92252410773955       -2.59810288810407        1.46877202986011
H           -5.22417143469267       -0.33683866241024        3.01463389654899
H           -5.25751666613047        1.10295650329881        2.01635200745623
H           -5.68203307289333       -0.46834374070241        1.32708078106745
H           -4.88171906835913       -0.54948925585992       -0.75482642163054
H           -3.37807540669723       -0.62205583987675       -1.67721125478387
H           -3.69836593179929       -1.80345786154127       -0.38979021103210
H           -3.38373298605714        2.20660483839958        0.74411529201866
H           -3.10833814699306        1.84188862352363       -0.96784854602917
H           -4.68510264589193        1.53121317897637       -0.23056905098237
40
 energy: -50.136360684233 gnorm: 0.001774128012 xtb: 6.7.1 (edcfbbe)
C            2.59069995110969       -0.15397730396480       -0.12864134912111
C            1.10522641513922       -0.08724128412040       -0.01892720135773
C            0.30492582724023       -1.16057233753264       -0.39294976204373
C           -1.07429192024588       -1.10231597904139       -0.30266472885758
C           -1.69511675598125        0.04810119877767        0.16607232592590
C           -0.90482362911532        1.11315653275839        0.58265929630024
C            0.47217726119714        1.04429481452723        0.48225272519576
N           -3.17407766504343        0.14099018450934        0.27025345451263
C           -3.54979828796224       -0.19990775844666        1.71692611316186
C           -3.10028527062298       -1.60316808811000        2.05758349418562
C           -1.82876091707359       -1.79521230273293        2.58992107629159
C           -1.37446669488243       -3.06647506502812        2.89061619930119
C           -2.18720303243573       -4.16578099889246        2.67027153587094
C           -3.46405329966469       -3.98305067966135        2.16790278565323
C           -3.91953787545883       -2.71211729774903        1.86390680890467
C           -5.02416879372093        0.04271877533349        2.01242046110604
C           -3.82584905720882       -0.77030162674171       -0.68982870487136
C           -3.61269145463877        1.51284085792937       -0.06510170721172
H            3.01149552993171       -0.55923764115889        0.79214495350666
H            2.89154926433618       -0.80305348764391       -0.94662433828740
H            3.01460786065538        0.83500492066194       -0.28195640397903
H            0.76339843290203       -2.06289365101319       -0.76707757026748
H           -1.63360149919458       -1.97157908551611       -0.60245301751528
H           -1.33270358273947        2.01496115106721        0.98794868162719
H            1.06199961304125        1.89113885149811        0.79807672423535
H           -2.95746471522796        0.49358449095097        2.32377451480150
H           -1.18937626502803       -0.94531411328616        2.78128439876185
H           -0.38617836228998       -3.19616372549797        3.30269629593153
H           -1.83314242404988       -5.15760405886601        2.90080183458629
H           -4.11236027152105       -4.83171366086905        2.01476095258747
H           -4.92681003462344       -2.59737856542823        1.49395669121626
H           -5.22995350844411       -0.33233061811645        3.01243476110896
H           -5.26887045881149        1.10123542800885        2.00524923309326
H           -5.68433467305223       -0.47660811008682        1.32494589933358
H           -4.88841375215134       -0.55084859490157       -0.74900308166848
H           -3.38748129043811       -0.63007363937893       -1.67584920604724
H           -3.70477901541336       -1.80463993153119       -0.38035733754443
H           -3.37520305169120        2.20943152109918        0.73446191878022
H           -3.11474663659034        1.83610651280939       -0.97836603192920
H           -4.68747596022282        1.53488436538188       -0.22695269527465
40
 energy: -50.136416277669 gnorm: 0.002542301567 xtb: 6.7.1 (edcfbbe)
C            2.58947368033497       -0.16859519524356       -0.10218357236445
C            1.10314210007322       -0.09394252450084       -0.01314650241473
C            0.30145430310032       -1.15804140431105       -0.40876020212335
C           -1.07815904167537       -1.09639395654005       -0.32431045542434
C           -1.69885301892634        0.04821714238907        0.15921729448702
C           -0.90648214115998        1.10685391101992        0.58912330289204
C            0.47093095508322        1.03498280937097        0.49494953089653
N           -3.17746818401609        0.14202361137632        0.26652056427998
C           -3.55214369336210       -0.19604095965866        1.71395255593245
C           -3.09724020595744       -1.59708647104535        2.05626170399189
C           -1.82079909020861       -1.78512544973685        2.57707817406217
C           -1.36099703661384       -3.05467992762761        2.87395093522924
C           -2.17416900012018       -4.15560909824426        2.66346221052693
C           -3.45518345173522       -3.97708294005905        2.17468610678906
C           -3.91573846417975       -2.70761955496617        1.87146593418210
C           -5.02753683414115        0.03940467158549        2.00998526426674
C           -3.83369002152935       -0.77134705912945       -0.68850535058430
C           -3.61524250091441        1.51357853640572       -0.07113520549573
H            2.99248678139890       -0.57751524762549        0.82512747262514
H            2.90032145915453       -0.81819851782170       -0.91593850523701
H            3.02171394602758        0.81805831133000       -0.24647754294345
H            0.75850807101860       -2.05635260907422       -0.79390599420517
H           -1.63798598588525       -1.96026538405609       -0.63843977225303
H           -1.33278870625013        2.00586792481160        1.00263823328166
H            1.06123771808773        1.87702286660130        0.82276025801943
H           -2.96347242465817        0.50143750921301        2.31994964184959
H           -1.18279119443492       -0.93252111611806        2.76091726047640
H           -0.36830031488900       -3.18060360974908        3.27401361896757
H           -1.81669603840593       -5.14621474042973        2.89177278358307
H           -4.10296490070175       -4.82726260517433        2.02953925847780
H           -4.92537789004113       -2.59598565051181        1.50954846312072
H           -5.22734547411152       -0.32648393839148        3.01462185234442
H           -5.28151389192482        1.09565783962024        1.99180840171993
H           -5.68544688762352       -0.49325233888907        1.33030317727974
H           -4.89815237463509       -0.55708645190297       -0.73658095829698
H           -3.40613391717861       -0.62848075359787       -1.67840379816330
H           -3.70415541184738       -1.80478197831561       -0.37996905265960
H           -3.36631852207437        2.21295416413686        0.72290170297517
H           -3.12607072343737        1.83095876846334       -0.99131031428353
H           -4.69199167163084        1.53844141639317       -0.22091847580396
40
 energy: -50.136452087732 gnorm: 0.001698120569 xtb: 6.7.1 (edcfbbe)
C            2.58784011836973       -0.17621612448729       -0.08839803842122
C            1.10124761709078       -0.09786526560815       -0.00785740184258
C            0.29901915578473       -1.15703989890969       -0.41495804004857
C           -1.08095136355115       -1.09326603521034       -0.33530588057174
C           -1.70132724050149        0.04836267145296        0.15509763952928
C           -0.90834188590308        1.10309182538332        0.59403619763982
C            0.46930299729663        1.02944278714328        0.50439168336839
N           -3.17996179007442        0.14276595066954        0.26328138523538
C           -3.55245299717591       -0.19386214250134        1.71113636836052
C           -3.09441016347352       -1.59399195962362        2.05418565730502
C           -1.81508368873066       -1.78040807379160        2.56994704458870
C           -1.35282455187734       -3.04938250352531        2.86665694647950
C           -2.16655998796004       -4.15093501890024        2.66129864738870
C           -3.45047959009720       -3.97409217812784        2.17756172323247
C           -3.91304773380853       -2.70517521976345        1.87349594721962
C           -5.02773394832846        0.03870727896989        2.01016810765195
C           -3.83820143921192       -0.77145300192213       -0.68973695422754
C           -3.61757710161624        1.51434222969547       -0.07600704192076
H            2.98411945106221       -0.58656545033413        0.84090385057656
H            2.90199190452538       -0.82614660889287       -0.90051685646796
H            3.02349891295617        0.80932746868741       -0.22937731807484
H            0.75562048386899       -2.05354369892354       -0.80459265224306
H           -1.64096764910794       -1.95387342212593       -0.65841256029909
H           -1.33489197652612        2.00006703711790        1.01195733607953
H            1.06002002584032        1.86817176755158        0.84008677762502
H           -2.96465114603684        0.50561499182008        2.31578186660458
H           -1.17723749038323       -0.92680072519324        2.74933159344692
H           -0.35770596177358       -3.17428166056273        3.26201761938671
H           -1.80758900499126       -5.14116516287708        2.89072278710749
H           -4.09852682507647       -4.82469130031773        2.03534880966784
H           -4.92448584416847       -2.59474871555842        1.51475946685250
H           -5.22241397158597       -0.32171158358185        3.01776434025578
H           -5.28543597477761        1.09382783946095        1.98630211876067
H           -5.68632900093894       -0.50035590983171        1.33627061476662
H           -4.90393162656788       -0.55941117718546       -0.73146642242965
H           -3.41560272375162       -0.62634513625653       -1.68204709560899
H           -3.70437469287072       -1.80529487623711       -0.38204881964937
H           -3.36542669897354        2.21525251629837        0.71543601961202
H           -3.13129307778149        1.82902537292162       -0.99849736742621
H           -4.69478351916344        1.53951311307335       -0.22214809950590
40
 energy: -50.136531176989 gnorm: 0.002626248184 xtb: 6.7.1 (edcfbbe)
C            2.58334022114063       -0.19308037396181       -0.05781406290750
C            1.09643160726105       -0.10574200225580        0.00329053195416
C            0.29360180220351       -1.15189947374820       -0.43360114862616
C           -1.08719002125153       -1.08291485568283       -0.36747776561654
C           -1.70697367647311        0.05041265628921        0.14018170095777
C           -0.91371638047503        1.09477491256811        0.60366616361441
C            0.46428144905174        1.01667377008153        0.52682654645252
N           -3.18569305741629        0.14504201624927        0.25217009717671
C           -3.54763801490899       -0.19051847377647        1.70112768943461
C           -3.08301843178246       -1.58940571021285        2.04480838981149
C           -1.80395701764254       -1.77260333045592        2.56128941328624
C           -1.34231084410646       -3.03989119282067        2.86740370901476
C           -2.15631267606397       -4.14227631832395        2.67077025420779
C           -3.43776162185274       -3.96931919833284        2.18021076400727
C           -3.89972018204709       -2.70204929629951        1.86709967506848
C           -5.02117830935335        0.03629819398803        2.01436694706428
C           -3.85040774346400       -0.76842546744056       -0.69706733616831
C           -3.62482947229403        1.51669180013503       -0.08841857259455
H            2.96486852452643       -0.60646753578501        0.87539381174574
H            2.90385621380335       -0.84410184494295       -0.86626429339065
H            3.02673677769669        0.78973764095368       -0.19184933441977
H            0.74976022719975       -2.04359204944348       -0.83401368519150
H           -1.64646299207283       -1.93489059741649       -0.71380967961029
H           -1.34226631879108        1.98545842939894        1.03331972161131
H            1.05563696905994        1.84604089225541        0.88395229417223
H           -2.95954040852964        0.51231811001029        2.30165144397728
H           -1.16664574074178       -0.91763483733941        2.73266643452367
H           -0.34761629401098       -3.16330130855412        3.26345949068596
H           -1.79867485370894       -5.13129870805101        2.91135309573951
H           -4.08604823894920       -4.82010917547848        2.04036348665913
H           -4.90964020714420       -2.59479438187729        1.50340990801249
H           -5.19743857775506       -0.30638528688725        3.03178359650860
H           -5.28787132256921        1.08842862105641        1.97393278594797
H           -5.68550123524078       -0.52107458709120        1.36113552544282
H           -4.92073489966884       -0.57129067607860       -0.71163061597763
H           -3.45149829269534       -0.60402540099535       -1.69696176022366
H           -3.69481052138404       -1.80435323715545       -0.40499657913926
H           -3.36644793333268        2.22060188791310        0.69735446461265
H           -3.14564862835195        1.82682240328377       -1.01563840893634
H           -4.70289987785417        1.54103398622065       -0.22687469888294
40
 energy: -50.136558252115 gnorm: 0.001717435169 xtb: 6.7.1 (edcfbbe)
C            2.58067629672112       -0.19999411317551       -0.04411124678911
C            1.09334988318125       -0.10949011569969        0.00870825423375
C            0.29051726475700       -1.15019902519977       -0.44166629213195
C           -1.09042658337506       -1.07949677580299       -0.38111191239137
C           -1.70985852083793        0.05031788981405        0.13456469278037
C           -0.91706988493703        1.09015324712091        0.60917598529619
C            0.46089938523192        1.01023983940470        0.53799568323491
N           -3.18848197989383        0.14553440942552        0.24735006811973
C           -3.54622389852256       -0.18938730754582        1.69747336998144
C           -3.07956834668456       -1.58778436485198        2.04100234502799
C           -1.79929384256958       -1.76880374872854        2.55661903934744
C           -1.33598357982898       -3.03500648151109        2.86567025357799
C           -2.14912101684265       -4.13881178441813        2.67265587228458
C           -3.43152379544745       -3.96801215346999        2.18121314322150
C           -3.89494359774190       -2.70198038405568        1.86541786326790
C           -5.01836559580438        0.03821669564773        2.01575224978672
C           -3.85640208974331       -0.76782920780398       -0.69932030453690
C           -3.62719869996680        1.51707505262430       -0.09410347469444
H            2.95634928890306       -0.61471530469299        0.89138042014468
H            2.90403609847463       -0.85112192497736       -0.85151750184654
H            3.02706052916637        0.78209470632644       -0.17523515468610
H            0.74689142593077       -2.03952832630765       -0.84762865266543
H           -1.64939745896969       -1.92722606318955       -0.73842841615741
H           -1.34653357468717        1.97814040180578        1.04354791276266
H            1.05240127594494        1.83530566682850        0.90489714227968
H           -2.95624357025664        0.51361314565860        2.29579939127646
H           -1.16189781170449       -0.91336722880154        2.72589025142462
H           -0.34085607908233       -3.15675860513889        3.26250578012936
H           -1.79057826487484       -5.12660653809393        2.91673907445293
H           -4.07902162823521       -4.81979744674792        2.04306403342214
H           -4.90505318891685       -2.59686698774173        1.50074041189106
H           -5.19005162932293       -0.29820804869397        3.03582118872137
H           -5.28571229553727        1.08995543262043        1.97020487682573
H           -5.68505457465201       -0.52345677754187        1.36909090120223
H           -4.92724381111825       -0.57537000535143       -0.70502119085709
H           -3.46648470194207       -0.59773844909495       -1.70170075169188
H           -3.69436924835939       -1.80407423412489       -0.41291067553340
H           -3.36779758535565        2.22204337747598        0.69044680074552
H           -3.14798140086723        1.82581169016480       -1.02194746910459
H           -4.70538319222181        1.54201984783982       -0.23245396234771
40
 energy: -50.136588872295 gnorm: 0.001597024180 xtb: 6.7.1 (edcfbbe)
C            2.57423558008025       -0.21255538709088       -0.01924587728238
C            1.08666860815070       -0.11680880003798        0.01819736038450
C            0.28453131147027       -1.14583819962850       -0.45993341130951
C           -1.09665834331221       -1.07201217116988       -0.41079103122568
C           -1.71582226633176        0.04986076991862        0.12177161571631
C           -0.92460997307258        1.08001331047034        0.61936522554749
C            0.45325883664659        0.99649286432732        0.55999688080675
N           -3.19381695430383        0.14627393022842        0.23702710337379
C           -3.54192447887811       -0.18772445229552        1.69028940426847
C           -3.07206920658699       -1.58554259895245        2.03214322497775
C           -1.79316947977101       -1.76180790207795        2.55242400884510
C           -1.32777503156053       -3.02529325262335        2.86971855855539
C           -2.13675801211626       -4.13244852410250        2.67993500646385
C           -3.41683006841650       -3.96649582756443        2.17936190267004
C           -3.88266281882426       -2.70339790594311        1.85720088967468
C           -5.01077419296295        0.04306592164936        2.01923582483005
C           -3.86844072323278       -0.76673240928535       -0.70385149311247
C           -3.63095181681811        1.51754170913595       -0.10515326244299
H            2.93926293426843       -0.62919942433357        0.92021179591381
H            2.90347539587949       -0.86359893236060       -0.82444036552570
H            3.02514668565513        0.76848053825563       -0.14443803784252
H            0.74194238598914       -2.02920111368651       -0.87846262835687
H           -1.65482548427097       -1.91034718452938       -0.79007022285434
H           -1.35602824542358        1.96170830938941        1.06460270424939
H            1.04455901348737        1.81239642919260        0.94695630733193
H           -2.94652855663262        0.51423808021400        2.28401121280588
H           -1.15627915670728       -0.90565335521789        2.72063140275393
H           -0.33382485489348       -3.14292910284873        3.27258691342996
H           -1.77656238113274       -5.11754747323139        2.93112265176244
H           -4.06135852437058       -4.82093359321504        2.04334009143713
H           -4.89230376459390       -2.60279999309214        1.48833079457311
H           -5.17382079235121       -0.28240800932069        3.04394787335689
H           -5.27708098202382        1.09473644815055        1.96555197193791
H           -5.68332511895678       -0.52456523612633        1.38478057069697
H           -4.94001529322867       -0.58118403718549       -0.69233535063507
H           -3.49538067418906       -0.58814968405659       -1.71198265816100
H           -3.69525913339707       -1.80382889425579       -0.42618524381334
H           -3.37229624908133        2.22310012566383        0.67918338073874
H           -3.14908039723399        1.82609476157277       -1.03197190412847
H           -4.70878777694037        1.54389026605859       -0.24649319040633
40
 energy: -50.136600332583 gnorm: 0.001014322326 xtb: 6.7.1 (edcfbbe)
C            2.57315237877813       -0.21388024161231       -0.01796276202419
C            1.08586158348162       -0.11798518262553        0.01769401588187
C            0.28403057319360       -1.14473449914640       -0.46434256229637
C           -1.09708277616305       -1.07080235895980       -0.41505985950118
C           -1.71632039944370        0.04913780058454        0.12110256356793
C           -0.92520073138745        1.07746696291152        0.62169912069661
C            0.45252150000933        0.99376865161384        0.56239415056705
N           -3.19415920121978        0.14584469671685        0.23616375009974
C           -3.54216900113822       -0.18766767485239        1.69010153138613
C           -3.07237280645473       -1.58506206853056        2.03273274761441
C           -1.79390081592254       -1.76012593407479        2.55463910558408
C           -1.32716404079684       -3.02312182349587        2.87159098985748
C           -2.13434145678936       -4.13123481541591        2.67951883345174
C           -3.41460818637972       -3.96637641344327        2.17867190983833
C           -3.88183108840089       -2.70372532671843        1.85702916489394
C           -5.01072330651570        0.04410255795029        2.01904418929412
C           -3.86945248144642       -0.76773038991887       -0.70354728620806
C           -3.63053547425874        1.51738139976604       -0.10569953763144
H            2.93692738140093       -0.63033448097192        0.92176578671784
H            2.90371557203490       -0.86476837534296       -0.82253460588442
H            3.02386027904809        0.76724545697185       -0.14224705384029
H            0.74171543844961       -2.02635501930413       -0.88559427645709
H           -1.65568329241991       -1.90693249739111       -0.79801425318901
H           -1.35661168758917        1.95819297337310        1.06852362803139
H            1.04354433231678        1.80819843878646        0.95195623786102
H           -2.94618367841490        0.51441556768897        2.28294246964679
H           -1.15851468625159       -0.90332428784968        2.72529594931965
H           -0.33460022359940       -3.13913130018405        3.27727981784482
H           -1.77319066122877       -5.11602187972177        2.93005612718326
H           -4.05695386200512       -4.82193806499742        2.04091822046466
H           -4.89029110125105       -2.60414685849247        1.48626196166525
H           -5.17404670664527       -0.28247068824254        3.04343634635477
H           -5.27585664855558        1.09626002434601        1.96641435243889
H           -5.68380450325461       -0.52218198331149        1.38379077153444
H           -4.94059596163220       -0.58118846673801       -0.69340919736605
H           -3.49593198159904       -0.59118606633273       -1.71091260837072
H           -3.69727412815559       -1.80403478308930       -0.42458707436230
H           -3.37390393527499        2.22206918253983        0.68021796387579
H           -3.14603223523325        1.82707427526887       -1.03078023444363
H           -4.70793197927325        1.54419349224086       -0.24998039409165
40
 energy: -50.136615601105 gnorm: 0.001134597785 xtb: 6.7.1 (edcfbbe)
C            2.57143025181242       -0.21813257497485       -0.01370841080569
C            1.08433583934568       -0.12147038259033        0.01760953500254
C            0.28231739550972       -1.14219313270890       -0.47657547395965
C           -1.09892488706557       -1.06759298326993       -0.42758987097842
C           -1.71777907374518        0.04735590460507        0.11931284465732
C           -0.92623361277522        1.07115051848545        0.62860923036039
C            0.45150478387089        0.98670366294980        0.57027457129504
N           -3.19525742188148        0.14485054141011        0.23514361291056
C           -3.54381868314118       -0.18654959673706        1.69043523498559
C           -3.07245724177950       -1.58271160189167        2.03449635135133
C           -1.79521067852138       -1.75447835720161        2.55989254526168
C           -1.32498566331610       -3.01631561782044        2.87534555904472
C           -2.12773009038202       -4.12670238861541        2.67757371132180
C           -3.40732157533773       -3.96510837345922        2.17578544540926
C           -3.87847720778173       -2.70342399200212        1.85629463288670
C           -5.01262615300970        0.04522860252487        2.01771729926689
C           -3.87146302254717       -0.77025957247107       -0.70247359598163
C           -3.62969859242523        1.51697582855968       -0.10753040752573
H            2.93121649178150       -0.63467004158428        0.92724299408038
H            2.90513955306367       -0.86887579581108       -0.81687961609858
H            3.02282742381160        0.76290686691853       -0.13586463260915
H            0.73991856848526       -2.01950605727469       -0.90655777079543
H           -1.65856225248180       -1.89879950296725       -0.81907120132262
H           -1.35733852344795        1.94906978772713        1.08143822995711
H            1.04250289722931        1.79742088691610        0.96737198847713
H           -2.94842741725125        0.51698305307231        2.28191769817156
H           -1.16297830977395       -0.89570299912778        2.73385145849177
H           -0.33203092394448       -3.12905440140913        3.28167261405908
H           -1.76333488941529       -5.11116169094411        2.92447625291872
H           -4.04676890034316       -4.82300524384775        2.03739541386160
H           -4.88853563205475       -2.60570797531127        1.48809362831278
H           -5.17748900728756       -0.28412538696698        3.04116355730887
H           -5.27672553686832        1.09801890474705        1.96730338028096
H           -5.68564440849044       -0.51881658581600        1.37982897535397
H           -4.94189012587586       -0.57982314060948       -0.69600084300948
H           -3.49517633391663       -0.60125049153538       -1.70930083471296
H           -3.70328484216097       -1.80499640891818       -0.41658458806972
H           -3.37675738389356        2.22020299834998        0.68121414747898
H           -3.13992850547949        1.82802294677552       -1.02941122258438
H           -4.70627630850297        1.54443379281956       -0.25734244404751
40
 energy: -50.136622993741 gnorm: 0.001057276362 xtb: 6.7.1 (edcfbbe)
C            2.57028855044052       -0.22241091433486       -0.01006206853335
C            1.08308153367966       -0.12395088669038        0.01742407002477
C            0.28088169570158       -1.13946292599881       -0.48682435405606
C           -1.10039704159243       -1.06450243506519       -0.43812470672422
C           -1.71901136987733        0.04581291753544        0.11833761616992
C           -0.92712111113531        1.06564295439752        0.63565514722380
C            0.45057221506309        0.98064424609236        0.57816106485633
N           -3.19640106884976        0.14437249817623        0.23421575329763
C           -3.54495415398091       -0.18534173026019        1.68971200413260
C           -3.07155293140932       -1.58030753664056        2.03565315344918
C           -1.79453391840667       -1.74961162125707        2.56295655734205
C           -1.32206940019984       -3.01063854785963        2.87814426224848
C           -2.12240589264058       -4.12251111150832        2.67781085692805
C           -3.40216010819961       -3.96334722282273        2.17540944128552
C           -3.87555400565930       -2.70234654977883        1.85633744216467
C           -5.01421448352743        0.04453730191942        2.01654592438834
C           -3.87361884575692       -0.77124593371673       -0.70211250951256
C           -3.62942808503095        1.51679186211869       -0.10960850961440
H            2.92659618752473       -0.63923961538870        0.93221745772047
H            2.90577829568511       -0.87348788622652       -0.81224771071844
H            3.02326996345779        0.75812590124630       -0.13074916030109
H            0.73801957161907       -2.01295092194950       -0.92552419591609
H           -1.66018072754093       -1.89187771880155       -0.83807251744231
H           -1.35836106863889        1.94052699983206        1.09465461019567
H            1.04192310817284        1.78782703340801        0.98239241845156
H           -2.95090408691877        0.51981436425477        2.28055678092927
H           -1.16531741150423       -0.88917337730352        2.73900868421899
H           -0.33107642061656       -3.12118086535324        3.28805050092906
H           -1.75655001843534       -5.10643188586493        2.92444058310257
H           -4.03865406801699       -4.82252196240881        2.03349097785591
H           -4.88385763121644       -2.60656923374315        1.48522625533824
H           -5.17927374135094       -0.28511724045815        3.03986558943712
H           -5.27965103387858        1.09690293087062        1.96601417726041
H           -5.68645043461946       -0.52023884187712        1.37837475572602
H           -4.94419617529640       -0.57923807405597       -0.69568966956052
H           -3.49700583087111       -0.60483687038892       -1.70982699105277
H           -3.70656149219388       -1.80583415406958       -0.41303593122503
H           -3.37731513712195        2.21994038388287        0.67949486450139
H           -3.13785273107925        1.82752427354022       -1.03049147948299
H           -4.70572069576559        1.54480239654352       -0.26121114503230
40
 energy: -50.136631305655 gnorm: 0.000690060178 xtb: 6.7.1 (edcfbbe)
C            2.56947754333186       -0.22607232805843       -0.00846337617410
C            1.08230886551226       -0.12581751019580        0.01726943022733
C            0.27984608431238       -1.13660430707366       -0.49512519373810
C           -1.10153052769576       -1.06132259492020       -0.44656904936920
C           -1.71988221890319        0.04471735194587        0.11799825731975
C           -0.92756735576747        1.06073470918463        0.64236875581531
C            0.45003489058672        0.97520346788147        0.58541804760608
N           -3.19735324164548        0.14418884188960        0.23383708132376
C           -3.54624813098596       -0.18443561171539        1.68879540357976
C           -3.07063550975659       -1.57832663306914        2.03650384201711
C           -1.79433609864584       -1.74536163274820        2.56650301730148
C           -1.32048664240354       -3.00563596683482        2.88264492947605
C           -2.11839946607480       -4.11884572194693        2.67980224223007
C           -3.39735018048545       -3.96200461421863        2.17456759190215
C           -3.87233645199701       -2.70158852281276        1.85504740603889
C           -5.01618065567841        0.04281347621026        2.01485250634930
C           -3.87512529217687       -0.77140062994448       -0.70206076848129
C           -3.62892430383105        1.51690469916577       -0.11112477344872
H            2.92392302122464       -0.64294362930522        0.93452218713360
H            2.90515175361478       -0.87774298924843       -0.81008546627023
H            3.02386128907178        0.75385324444488       -0.12869327893342
H            0.73649814946296       -2.00690455065044       -0.94011469450232
H           -1.66092340033276       -1.88585883670279       -0.85217317960531
H           -1.35903848366151        1.93255328523180        1.10698415409542
H            1.04182886315996        1.77915720194540        0.99511293986323
H           -2.95435049621164        0.52234888445509        2.27986622214960
H           -1.16700204755880       -0.88363732901993        2.74284994769199
H           -0.32962726803456       -3.11497232242819        3.29391833280244
H           -1.75124409395827       -5.10225355175028        2.92689529314592
H           -4.03256009448698       -4.82190270936370        2.03050634700466
H           -4.88082125682423       -2.60729395381654        1.48308057834828
H           -5.18116845278697       -0.28637214812443        3.03826988007521
H           -5.28384657042513        1.09442546688236        1.96333789404877
H           -5.68690731131963       -0.52383389919221        1.37694333048081
H           -4.94588064675967       -0.58035931472454       -0.69458312170598
H           -3.50009244491167       -0.60311675617942       -1.70992684568532
H           -3.70670515638045       -1.80604775798492       -0.41457875824096
H           -3.37549258520092        2.22073547176914        0.67687647398242
H           -3.13757151065045        1.82602426121453       -1.03256965233881
H           -4.70528256471327        1.54588545980361       -0.26213393350959
40
 energy: -50.136636459039 gnorm: 0.000261610891 xtb: 6.7.1 (edcfbbe)
C            2.56963226360359       -0.22581613134286       -0.01102917607837
C            1.08242726404925       -0.12615953232978        0.01761513768001
C            0.27951253609459       -1.13669574853966       -0.49483878220448
C           -1.10190567711045       -1.06126545048632       -0.44585174260664
C           -1.71971482344094        0.04470785015891        0.11910194099104
C           -0.92714331545268        1.05989853760475        0.64440180582598
C            0.45043102256407        0.97423716053630        0.58698774781684
N           -3.19723716389312        0.14441495110052        0.23455498754154
C           -3.54730549159662       -0.18450754867739        1.68906710449161
C           -3.07102643939999       -1.57831488557224        2.03660836560394
C           -1.79496225952522       -1.74472539922653        2.56707923971596
C           -1.32076224193782       -3.00472559823580        2.88390334399273
C           -2.11802913832795       -4.11836735733627        2.68158537497778
C           -3.39644484168481       -3.96222401660808        2.17471079208905
C           -3.87189998201422       -2.70209172554934        1.85481823850911
C           -5.01776891214844        0.04182646062340        2.01344625957764
C           -3.87443689023649       -0.77038325142560       -0.70260676442658
C           -3.62825371031388        1.51715246563696       -0.11065406353858
H            2.92629948386339       -0.64271054350419        0.93115283680490
H            2.90365636880712       -0.87733134668484       -0.81352514723859
H            3.02363521805843        0.75422893873260       -0.13226990492475
H            0.73587313443005       -2.00683436735455       -0.94035993196512
H           -1.66158368914480       -1.88555578990451       -0.85188679910934
H           -1.35842082381662        1.93102520053175        1.11017987343203
H            1.04256126096479        1.77745341175507        0.99755671985723
H           -2.95643791415186        0.52246319640056        2.28102522467388
H           -1.16785680519818       -0.88289517170752        2.74339017282177
H           -0.32967073550606       -3.11385243114843        3.29515552661366
H           -1.75020923514178       -5.10152406554996        2.92888046914329
H           -4.03166186535027       -4.82235125172835        2.03125758673376
H           -4.88062094100822       -2.60835386230911        1.48267661624128
H           -5.18327605148717       -0.28677859650044        3.03696754988651
H           -5.28609710575011        1.09324862547122        1.96099343483967
H           -5.68742083116203       -0.52578562307159        1.37540500157619
H           -4.94506093396786       -0.57984050409651       -0.69468954309418
H           -3.49959723580841       -0.60044298554871       -1.71044675050681
H           -3.70541607157873       -1.80549480474030       -0.41677579138721
H           -3.37316279268611        2.22125976807805        0.67639903587634
H           -3.13776992446036        1.82511433756092       -1.03305474563064
H           -4.70481470912114        1.54688708498280       -0.26036124459643
40
 energy: -50.136643501684 gnorm: 0.000489774124 xtb: 6.7.1 (edcfbbe)
C            2.56996516192960       -0.22550083813843       -0.01616588157062
C            1.08279967359882       -0.12678209621269        0.01796283809459
C            0.27928608847580       -1.13695130693887       -0.49448593843464
C           -1.10206370329772       -1.06148875292273       -0.44432025886953
C           -1.71924987411008        0.04413121640806        0.12184855291957
C           -0.92626030507154        1.05761824652945        0.64961051175017
C            0.45131022429925        0.97192625421537        0.59094016950035
N           -3.19700733454440        0.14485237974988        0.23562320818780
C           -3.54979180154014       -0.18475263997244        1.68907654529179
C           -3.07213322498526       -1.57811450623238        2.03712862624547
C           -1.79620880378474       -1.74302043348597        2.56815996634890
C           -1.32073451244731       -3.00248608458794        2.88531000635185
C           -2.11657804833043       -4.11714976933327        2.68352218945196
C           -3.39492688782722       -3.96240393847626        2.17589458996953
C           -3.87142118776887       -2.70295999674708        1.85509488298450
C           -5.02119284335702        0.03963063517381        2.01064864807550
C           -3.87394971002219       -0.76843428073223       -0.70328328564122
C           -3.62645275206981        1.51784306319882       -0.11010988455353
H            2.93130312400508       -0.64202927982052        0.92441892335485
H            2.90077054113549       -0.87678879713389       -0.82023975218248
H            3.02273827613556        0.75486494305083       -0.13968319790972
H            0.73515659264704       -2.00682937306035       -0.94094014625692
H           -1.66182519386954       -1.88535622748433       -0.85115634069556
H           -1.35721072481082        1.92758168592377        1.11771040113485
H            1.04401159344277        1.77389929931903        1.00312888003190
H           -2.96116238129442        0.52276579309481        2.28264350896037
H           -1.16971467100928       -0.88080892846654        2.74456058701110
H           -0.32969313660128       -3.11073712882528        3.29733114193460
H           -1.74787569652679       -5.09961292638339        2.93231407450309
H           -4.02926265731737       -4.82321069203103        2.03198201614901
H           -4.87982636642472       -2.61066495575810        1.48123089099628
H           -5.18781584325519       -0.28721694371359        3.03456677813986
H           -5.29112043612311        1.09053905534384        1.95578992866033
H           -5.68872501128440       -0.53037096516793        1.37265855735632
H           -4.94451023828180       -0.57861819641601       -0.69457212112148
H           -3.49929587730715       -0.59565190643809       -1.71084975406382
H           -3.70409113791154       -1.80423475458125       -0.42026217662775
H           -3.36713527969965        2.22283192712592        0.67464567718219
H           -3.13856114356009        1.82308937473524       -1.03488196280572
H           -4.70348449122251        1.54949184518672       -0.25628139984776
40
 energy: -50.136647892495 gnorm: 0.000357818061 xtb: 6.7.1 (edcfbbe)
C            2.57022534848421       -0.22519570212910       -0.02082991391045
C            1.08309568878222       -0.12765515305232        0.01777866819519
C            0.27911396346568       -1.13723883529612       -0.49505487935074
C           -1.10215644102695       -1.06164154393431       -0.44390105670393
C           -1.71891295930138        0.04327920830713        0.12422583617143
C           -0.92540167796083        1.05516088863578        0.65438361718084
C            0.45215247545708        0.96943898394645        0.59451762705367
N           -3.19680379155673        0.14515237501238        0.23651216296570
C           -3.55203248097666       -0.18489112609691        1.68911119001205
C           -3.07314838288961       -1.57781991700428        2.03746984980002
C           -1.79753250179530       -1.74114941852386        2.56983408110715
C           -1.32095957224206       -2.99998152970317        2.88773767788150
C           -2.11538411435018       -4.11562824690756        2.68547390949401
C           -3.39330786281734       -3.96247927718744        2.17629317359456
C           -3.87079196207765       -2.70367085985590        1.85444594535643
C           -5.02435716766540        0.03741897951782        2.00799629363642
C           -3.87354509126928       -0.76702984486530       -0.70360213329426
C           -3.62440008447033        1.51857395381999       -0.10961150690721
H            2.93528004995799       -0.64101726843711        0.91854864101775
H            2.89884946858355       -0.87635628850602       -0.82588683651266
H            3.02163742681899        0.75556369876269       -0.14624202567439
H            0.73458799047455       -2.00640067711838       -0.94333682043775
H           -1.66207369009120       -1.88496603188857       -0.85145342414833
H           -1.35582612476800        1.92379440519103        1.12561390527982
H            1.04525246464868        1.77028378501019        1.00841572596018
H           -2.96561355787783        0.52320747458813        2.28416578421125
H           -1.17212770137349       -0.87827340139270        2.74691921833853
H           -0.32985989311352       -3.10703493525052        3.29972851241290
H           -1.74560547969959       -5.09760890645593        2.93441355953666
H           -4.02667322409190       -4.82394633913997        2.03237623545688
H           -4.87896036408634       -2.61265549840800        1.47994831479800
H           -5.19189580860114       -0.28783528234915        3.03225922731215
H           -5.29613749021106        1.08773246505848        1.95090352147328
H           -5.69009488536720       -0.53500515202616        1.37022118531028
H           -4.94413566806438       -0.57699303781320       -0.69476938448404
H           -3.49878729409370       -0.59312573043480       -1.71087118087538
H           -3.70391246464391       -1.80309052792361       -0.42169162644083
H           -3.36117164405763        2.22419389387319        0.67331752026587
H           -3.13873110894369        1.82156800900602       -1.03626257410311
H           -4.70179438717568        1.55221241096601       -0.25252802097349
