34
 energy: -39.762233275160 gnorm: 0.049159110814 xtb: 6.7.1 (edcfbbe)
C            1.03685000000000        0.03925000000000        0.09485000000000
C            0.36216000000000        0.75161000000000       -1.07622000000000
C            0.70108000000000        0.10382000000000       -2.42498000000000
N            0.31126000000000       -1.30778000000000       -2.52930000000000
C           -0.89890000000000       -1.79079000000000       -3.00451000000000
C           -0.81508000000000       -3.15421000000000       -2.98835000000000
N            0.45366000000000       -3.47157000000000       -2.52958000000000
C            1.11769000000000       -2.34185000000000       -2.24235000000000
C            0.99891000000000       -4.82517000000000       -2.37194000000000
C            1.54003000000000       -5.38516000000000       -3.69415000000000
C            2.77051000000000       -4.61268000000000       -4.17206000000000
C            1.88209000000000       -6.86680000000000       -3.53778000000000
C           -1.14459000000000        0.85310000000000       -0.84402000000000
H            0.63443000000000       -0.96821000000000        0.24202000000000
H            0.88122000000000        0.59710000000000        1.02463000000000
H            2.11651000000000       -0.04269000000000       -0.06777000000000
H            0.75543000000000        1.77626000000000       -1.10886000000000
H            0.21747000000000        0.65085000000000       -3.24341000000000
H            1.78195000000000        0.16036000000000       -2.60448000000000
H           -1.66816000000000       -1.09526000000000       -3.29284000000000
H           -1.49153000000000       -3.94685000000000       -3.25826000000000
H            2.13098000000000       -2.27575000000000       -1.86237000000000
H            1.78250000000000       -4.79475000000000       -1.60540000000000
H            0.19214000000000       -5.46005000000000       -1.98564000000000
H            0.76355000000000       -5.29439000000000       -4.46395000000000
H            3.56891000000000       -4.63350000000000       -3.42247000000000
H            3.16519000000000       -5.04515000000000       -5.09773000000000
H            2.52539000000000       -3.56649000000000       -4.37933000000000
H            0.99797000000000       -7.44064000000000       -3.24064000000000
H            2.24686000000000       -7.28361000000000       -4.48267000000000
H            2.65685000000000       -7.01867000000000       -2.77861000000000
H           -1.35473000000000        1.44044000000000        0.05648000000000
H           -1.63693000000000        1.34976000000000       -1.68664000000000
H           -1.60239000000000       -0.13188000000000       -0.71020000000000
34
 energy: -39.765995658546 gnorm: 0.020945439426 xtb: 6.7.1 (edcfbbe)
C            1.04044365665605        0.02771232709723        0.08744367068772
C            0.35726209787825        0.74417747407273       -1.07386020643362
C            0.70297940961118        0.09805586871771       -2.42435243097459
N            0.32524529081383       -1.30447363717960       -2.53427882700153
C           -0.87307603065096       -1.78992310494320       -2.99167446535742
C           -0.78732667499976       -3.14760039775809       -2.98282227689060
N            0.46071174928835       -3.47187688329477       -2.51655658226176
C            1.11509878048408       -2.34128173608920       -2.25058946030566
C            0.99470644506611       -4.81997744630990       -2.37452430801000
C            1.53713050092055       -5.37845975581031       -3.69926730562331
C            2.76442730493628       -4.59922537386961       -4.16599784760982
C            1.87253826146364       -6.85850477028260       -3.52690439987368
C           -1.14975175216845        0.84043463133965       -0.85269240587952
H            0.63475779711988       -0.97333069394429        0.23470425182908
H            0.87935473700174        0.58657288460632        1.00683730723035
H            2.11611586695406       -0.04570603064960       -0.07072583179646
H            0.75585648156997        1.76358496853801       -1.12475338405388
H            0.20364320028375        0.64195340003599       -3.23147729970455
H            1.78219097256689        0.15714546726751       -2.59353117303306
H           -1.65434428384086       -1.11417637190844       -3.27831148666050
H           -1.47705443813755       -3.92140557464900       -3.25666831353878
H            2.11826789661452       -2.27617907896243       -1.87339850496182
H            1.78832242538223       -4.79154681022351       -1.62324175097591
H            0.19136053865015       -5.46130540910988       -1.99960430087371
H            0.75425808534888       -5.28713880335142       -4.46056635114717
H            3.55765530245305       -4.63649329959911       -3.41982968244179
H            3.15141600365048       -5.03771949831249       -5.08332879847869
H            2.52563196212650       -3.55585567113779       -4.37418898586616
H            0.99582053137453       -7.43298793520541       -3.23075262408290
H            2.23762730993790       -7.26676935109268       -4.46697304077421
H            2.64771108578776       -7.00044875232455       -2.77537125162210
H           -1.35134156212623        1.42289736525639        0.04405404342866
H           -1.63841795357474        1.34110973137553       -1.68783386640616
H           -1.59994099844211       -0.14260773229921       -0.71749211053643
34
 energy: -39.766905989705 gnorm: 0.007786395286 xtb: 6.7.1 (edcfbbe)
C            1.03915159172673        0.01691241592788        0.08247755721528
C            0.35628904320519        0.73527417127926       -1.07688736222444
C            0.71009284389304        0.09386475953525       -2.43241307091077
N            0.34130133361561       -1.30084838713330       -2.54240717460714
C           -0.85042665748125       -1.78647799660002       -2.98736240056470
C           -0.76945749184827       -3.14332831575576       -2.96783364891645
N            0.46754057114653       -3.47105161972372       -2.50185461671422
C            1.11925643996834       -2.33973463668813       -2.25389409996629
C            0.99111011846702       -4.81288865473359       -2.36881603741262
C            1.52924355576919       -5.36769011149035       -3.70090650124136
C            2.75732375579846       -4.59058992598129       -4.16387265366306
C            1.86658446557317       -6.84542791515796       -3.52101560400639
C           -1.15092967443226        0.82186980779349       -0.85903156163487
H            0.63529572425978       -0.98339477091029        0.22253724334548
H            0.87385783403959        0.57140725516884        1.00052846782199
H            2.11225844409480       -0.04940388720992       -0.07615089360141
H            0.75341862016210        1.75329638031881       -1.13344223285751
H            0.20012324755852        0.63616928724294       -3.23132718158372
H            1.78823700268904        0.16196301939617       -2.59134236919902
H           -1.64502478484924       -1.13161313095846       -3.28116791817483
H           -1.47881468018430       -3.89755083232377       -3.24189057180175
H            2.11951578718997       -2.27528058239623       -1.87810543702208
H            1.79418043141948       -4.79356194524882       -1.62952808282916
H            0.18838480316223       -5.45621296009244       -2.00240444168762
H            0.74292558325181       -5.27629436001454       -4.45778151735743
H            3.54566831259611       -4.63780998665016       -3.41687408933659
H            3.14134770721130       -5.02664607521088       -5.08033502050130
H            2.52089916622925       -3.54813186187719       -4.36586132299410
H            0.99191205903587       -7.41504179248654       -3.22140530128451
H            2.23136360251460       -7.25516585571634       -4.45734989940372
H            2.64022254253902       -6.97667761889598       -2.76984019548365
H           -1.35439713901962        1.39715545993672        0.03856829167000
H           -1.63622604393378        1.32484859517301       -1.69093145742803
H           -1.59294811536816       -0.16328792851675       -0.73060889564400
34
 energy: -39.767136684181 gnorm: 0.004854100305 xtb: 6.7.1 (edcfbbe)
C            1.04020196932086        0.00779229824390        0.07721972506176
C            0.35704684578421        0.73028831111782       -1.07955533682924
C            0.71728640633682        0.09486068387888       -2.43876047417640
N            0.35230508068627       -1.29749869989835       -2.54953443032498
C           -0.84070371983453       -1.78223793998835       -2.98798929049803
C           -0.76457033661766       -3.14059296689865       -2.95718868619387
N            0.47118483060120       -3.46886370102108       -2.49200682239545
C            1.12703382550598       -2.33728726400261       -2.25469053757396
C            0.99033731275313       -4.80865716716813       -2.36159595171105
C            1.52399154070381       -5.36073042118140       -3.69849806465734
C            2.75073907384319       -4.58197908042033       -4.16200011766842
C            1.86183859850680       -6.83803973549309       -3.51745186009288
C           -1.15158056135164        0.80575819626892       -0.86640222210966
H            0.63911185810094       -0.99474330977273        0.21012719639806
H            0.86948815271920        0.55646365951840        0.99797402221320
H            2.11403311915151       -0.05386612929773       -0.07885285036804
H            0.74911546987186        1.75005057833172       -1.13120455178954
H            0.20459565545267        0.63856710898997       -3.23433863402912
H            1.79522302968457        0.17116504345939       -2.59349169674505
H           -1.64196178243984       -1.13844516531074       -3.28847819859561
H           -1.48658616284605       -3.88426261196032       -3.22766086317746
H            2.12894504008528       -2.27329159865716       -1.88028657768532
H            1.79751527421585       -4.79759767330754       -1.62671768464151
H            0.18730639121618       -5.45232447289630       -1.99781307123066
H            0.73504467828936       -5.26797636911073       -4.45228211563302
H            3.54008942486724       -4.63439404390243       -3.41634683522894
H            3.13208442737346       -5.01452213038169       -5.08139917753959
H            2.51598654177285       -3.53801784684199       -4.35859761070000
H            0.98770375281305       -7.40681432163557       -3.21451166006287
H            2.22634010630289       -7.25003571041148       -4.45290128416744
H            2.63623009662533       -6.96443595598271       -2.76613204298626
H           -1.36112779895874        1.37285818016324        0.03526309174059
H           -1.63804094548936        1.31107846052080       -1.69628387149164
H           -1.58692719504695       -0.18361820495205       -0.74614151511029
34
 energy: -39.767309227943 gnorm: 0.003294674537 xtb: 6.7.1 (edcfbbe)
C            1.04195840856777       -0.00332171173113        0.07060128541225
C            0.35827514748434        0.72399951515072       -1.08293717458999
C            0.72729540627905        0.09927334597352       -2.44691098769516
N            0.36536053602747       -1.29203269234787       -2.56026655210050
C           -0.83157404589101       -1.77503796582210       -2.99111388013564
C           -0.76218034649129       -3.13530053057023       -2.94556732952079
N            0.47387282440386       -3.46410842624537       -2.48067921420209
C            1.13734016576022       -2.33282452834321       -2.25602143718762
C            0.98883918040182       -4.80359108788633       -2.35136693305629
C            1.51776292268310       -5.35338934855017       -3.69254931605814
C            2.74163514584712       -4.57228760778197       -4.15992917685956
C            1.85829491071593       -6.82996540953437       -3.51242937133726
C           -1.15204966047560        0.78284491451774       -0.87540522359164
H            0.64713174504780       -1.01035500103646        0.19362249336067
H            0.86403730627165        0.53606413714478        0.99642857424695
H            2.11735226534906       -0.05733838257095       -0.08171913944252
H            0.74142852009649        1.74757300250296       -1.12381748809552
H            0.21450678398880        0.64603222732868       -3.24027390770022
H            1.80528159883875        0.18398393239518       -2.59793117411179
H           -1.63736690432669       -1.14129267297188       -3.30050260339184
H           -1.49729889597959       -3.86868827449778       -3.20884281922791
H            2.14167952891327       -2.26990006091115       -1.88414452953706
H            1.79832159887148       -4.80096767316784       -1.61882365098669
H            0.18483254586584       -5.44674652494770       -1.98856739787557
H            0.72545307232599       -5.25983141040679       -4.44269353734331
H            3.53570496526585       -4.62786257807940       -3.41875103999808
H            3.11828304864689       -4.99913039373299       -5.08483671489384
H            2.50610874947168       -3.52666028359974       -4.34968564814918
H            0.98474911038445       -7.39891194504939       -3.20588450035716
H            2.22156353412225       -7.24468405162829       -4.44773158913947
H            2.63423830208816       -6.95365477297233       -2.76139330045237
H           -1.37251957240491        1.33786358113050        0.03224497937250
H           -1.64063764793118        1.29170438248452       -1.70261061054305
H           -1.57840025021918       -0.21280570424336       -0.76804108481211
34
 energy: -39.767384300006 gnorm: 0.003456813896 xtb: 6.7.1 (edcfbbe)
C            1.04405967256315       -0.01074414346583        0.06603089206774
C            0.35867161615823        0.71932668599073       -1.08465239567140
C            0.73387369205099        0.10362481899495       -2.45119633887778
N            0.37284022406190       -1.28777552037749       -2.56816859373712
C           -0.82659927257021       -1.76935626957836       -2.99478922779371
C           -0.76153261695047       -3.13009423911034       -2.94050872794806
N            0.47458192875505       -3.45955518437973       -2.47516024805255
C            1.14286522845567       -2.32901367462439       -2.25797154893772
C            0.98760035489901       -4.79998861791284       -2.34442983736180
C            1.51417251126877       -5.34964441509515       -3.68667938955702
C            2.73474696262828       -4.56608031162793       -4.15855197699556
C            1.85718664869134       -6.82558907173316       -3.50784602161171
C           -1.15257381117729        0.76582076660361       -0.88115068150520
H            0.65528490413756       -1.02129453297894        0.18235948893827
H            0.86099712607214        0.52163017112274        0.99527236048712
H            2.12044273233268       -0.05784861523366       -0.08389715413260
H            0.73476069561369        1.74597507293568       -1.11734664611290
H            0.22289660647157        0.65299987934266       -3.24416913868435
H            1.81210519080009        0.19123008444201       -2.59986842958337
H           -1.63199182098633       -1.13818268699495       -3.30950450260596
H           -1.50207387846287       -3.85992008312829       -3.19715724584331
H            2.14815510689164       -2.26705301832740       -1.88794171068628
H            1.79672775908557       -4.79948458751876       -1.61148007550861
H            0.18242704902369       -5.44172835341401       -1.98094307820063
H            0.71949165924532       -5.25710077284014       -4.43450636001144
H            3.53353023249318       -4.62202675246245       -3.42209544018576
H            3.10696371040047       -4.98950254589808       -5.08720814258957
H            2.49693506663886       -3.51993376827192       -4.34437926194659
H            0.98469369708805       -7.39587973578844       -3.19952589012958
H            2.21898238416275       -7.24028996904985       -4.44400213964910
H            2.63490572458028       -6.94911543966713       -2.75820387183471
H           -1.38078639921248        1.31192392386291        0.03032596916710
H           -1.64276052359847        1.27727344712710       -1.70617887404763
H           -1.57230016161227       -0.23395254094340       -0.78300576085821
34
 energy: -39.767453922169 gnorm: 0.002873530617 xtb: 6.7.1 (edcfbbe)
C            1.04699013777078       -0.01813958065506        0.06146075254492
C            0.35857596333839        0.71398671014354       -1.08597253108754
C            0.74031963008112        0.10862997393181       -2.45453330058006
N            0.37932060098282       -1.28303922840712       -2.57680062460556
C           -0.82218900024908       -1.76301625064979       -2.99997881197043
C           -0.76114303708029       -3.12351164058214       -2.93849946667208
N            0.47444837228097       -3.45396653693512       -2.47174548337358
C            1.14685627119244       -2.32459446011719       -2.26110586310325
C            0.98591362815301       -4.79581744920545       -2.33774307530059
C            1.51051467365152       -5.34664259672546       -3.67966952195970
C            2.72697906662103       -4.56025808195112       -4.15740557855853
C            1.85722343767614       -6.82164484568938       -3.50162267321756
C           -1.15334830973214        0.74717992564318       -0.88607103072923
H            0.66591595070553       -1.03253536323182        0.17091488007150
H            0.85840883552766        0.50662809567699        0.99394251446847
H            2.12411531847443       -0.05643528157690       -0.08655406027366
H            0.72674418098323        1.74389106731129       -1.11051932043806
H            0.23233874421466        0.66105291481513       -3.24761498771234
H            1.81903068093194        0.19684930549029       -2.60009582130179
H           -1.62447561167973       -1.13062941104475       -3.31929226551590
H           -1.50410543854449       -3.85278031388298       -3.18801809372344
H            2.15255908806830       -2.26376018055018       -1.89274547672921
H            1.79397129233733       -4.79436304317590       -1.60359109871188
H            0.17937387663937       -5.43527016395992       -1.97254133783323
H            0.71322672046970       -5.25690041256362       -4.42519059407838
H            3.53098447699245       -4.61535956688144       -3.42646173456048
H            3.09399704175818       -4.98108993489587       -5.08935536217571
H            2.48577567172490       -3.51420398257040       -4.34014415847840
H            0.98655805658335       -7.39400189133089       -3.19144003400099
H            2.21713953488648       -7.23525952594558       -4.43910989292077
H            2.63728306036781       -6.94493880615753       -2.75420880654061
H           -1.38900388810790        1.28388945966416        0.02897960579803
H           -1.64529061479026        1.26126134703307       -1.70853300864152
H           -1.56572841223019       -0.25656025102422       -0.79726373808845
34
 energy: -39.767515572649 gnorm: 0.002043079248 xtb: 6.7.1 (edcfbbe)
C            1.05130451946661       -0.02783975677892        0.05555466878221
C            0.35809769716913        0.70673946191798       -1.08744738278002
C            0.74822308209899        0.11475037607951       -2.45841564744983
N            0.38709879152017       -1.27673674808879       -2.58812873627837
C           -0.81625853133362       -1.75482060546113       -3.00793024491882
C           -0.76013976239032       -3.11464717017322       -2.93799561225459
N            0.47414997564450       -3.44650631819928       -2.46883416271836
C            1.15081547191171       -2.31866271156220       -2.26588791907686
C            0.98354016602644       -4.78961183165682       -2.32969896105788
C            1.50522863287709       -5.34286342486164       -3.67082801914673
C            2.71640745809117       -4.55298886375209       -4.15624298563979
C            1.85739898033163       -6.81639844762615       -3.49221659358636
C           -1.15459731581924        0.72250957141899       -0.89141775678118
H            0.68088659730024       -1.04720630647699        0.15557538608540
H            0.85512301093886        0.48664476785694        0.99202942382493
H            2.12906512159405       -0.05351973596363       -0.09038278563316
H            0.71594010103623        1.74053388251538       -1.10258111972757
H            0.24418762558068        0.67129591715528       -3.25129453296219
H            1.82769309395217        0.20283021590895       -2.59864407457223
H           -1.61354475000994       -1.11868890317881       -3.33225018680120
H           -1.50431166987080       -3.84512319798121       -3.17955073316119
H            2.15677145382462       -2.25917231389106       -1.89913467189078
H            1.79126097828167       -4.78531070398409       -1.59506860411551
H            0.17579668139646       -5.42592482331960       -1.96146015962877
H            0.70438893281550       -5.25783278129970       -4.41325300404440
H            3.52612160868147       -4.60691689077852       -3.43167317420462
H            3.07703059924655       -4.97161614356434       -5.09144127376589
H            2.47109958656358       -3.50737817568434       -4.33586801660221
H            0.98975140732714       -7.39132944659586       -3.17858616035754
H            2.21470208003171       -7.22884923596549       -4.43117133521657
H            2.64082925153312       -6.93746853603905       -2.74806958920994
H           -1.39872191375867        1.24713531435128        0.02810970254942
H           -1.64911788964487        1.23981166005996       -1.71021127025211
H           -1.55694107241467       -0.28618809438182       -0.81411446740727
34
 energy: -39.767540716632 gnorm: 0.001426163012 xtb: 6.7.1 (edcfbbe)
C            1.05524339345807       -0.03604444312066        0.05060898824558
C            0.35748890898826        0.70050471390360       -1.08851748439393
C            0.75436002599293        0.11940713424378       -2.46179011926361
N            0.39350197180242       -1.27136078102234       -2.59767601816360
C           -0.81086102261718       -1.74810244641734       -3.01578692169332
C           -0.75865494448275       -3.10728801476806       -2.93899636032042
N            0.47418049374391       -3.44022356171836       -2.46700990342051
C            1.15375131223301       -2.31355332006969       -2.26983253943299
C            0.98158597192925       -4.78357788891759       -2.32333111318445
C            1.50013169672068       -5.33954709020105       -3.66406231070343
C            2.70721597962210       -4.54721824338825       -4.15571999825077
C            1.85715193864566       -6.81164988106266       -3.48335136528986
C           -1.15569560552045        0.70155896043733       -0.89505149588744
H            0.69430897893654       -1.05958003227440        0.14197120485304
H            0.85213873980839        0.46916143954270        0.99046406924880
H            2.13334333072347       -0.05030073402576       -0.09347722823385
H            0.70659312065571        1.73723314047069       -1.09654403533861
H            0.25323487098419        0.67961866645100       -3.25382191662786
H            1.83442718355696        0.20785520286875       -2.59673742821405
H           -1.60409729094366       -1.10850566008286       -3.34372169133341
H           -1.50295220256253       -3.83925304181266       -3.17593399079814
H            2.15979388732623       -2.25501540866911       -1.90357269300779
H            1.79045609995531       -4.77680743732391       -1.58989340201164
H            0.17364268724824       -5.41750361641109       -1.95176435166430
H            0.69624486336995       -5.25879450159819       -4.40372408593712
H            3.52060283979798       -4.60007587750464       -3.43545545339570
H            3.06325435906651       -4.96485103232012       -5.09283303086936
H            2.45903301625376       -3.50210672091305       -4.33357187842922
H            0.99238158595174       -7.38819012722554       -3.16531578315423
H            2.21194141722652       -7.22444373959010       -4.42297156081397
H            2.64371643784746       -6.92881119258781       -2.74209348739588
H           -1.40599348662140        1.21615014991433        0.02819297320135
H           -1.65305171582359        1.22113642702793       -1.71050238565015
H           -1.54913884327443       -0.31117104183546       -0.82670720266913
34
 energy: -39.767550311949 gnorm: 0.000718736315 xtb: 6.7.1 (edcfbbe)
C            1.05787631764784       -0.04013086668454        0.04813556699326
C            0.35677985186830        0.69722029233032       -1.08853041478910
C            0.75668470879603        0.12175359604493       -2.46346891873544
N            0.39659961108948       -1.26819220425754       -2.60288446221964
C           -0.80749015000517       -1.74456832070033       -3.02235854153298
C           -0.75699055752984       -3.10329407878206       -2.94231278969911
N            0.47459972133025       -3.43655227180142       -2.46719924535904
C            1.15484638041099       -2.31039068315163       -2.27156660700436
C            0.98077604516610       -4.77926624542045       -2.32048979791189
C            1.49682436780973       -5.33807509718947       -3.66109217658454
C            2.70191564266790       -4.54506591084855       -4.15645866835323
C            1.85661248456938       -6.80909450327781       -3.47701783001707
C           -1.15632447635093        0.68993452780927       -0.89537611820337
H            0.70335075818133       -1.06612448549520        0.13393132990805
H            0.85023260498967        0.45904340759963        0.98992123636302
H            2.13598049393094       -0.04670310430061       -0.09466715543076
H            0.70087125871735        1.73526075723737       -1.09342798888498
H            0.25657419238028        0.68427580126584       -3.25423129468978
H            1.83693013890238        0.21121425529584       -2.59526351889159
H           -1.59860146876739       -1.10293204956882       -3.35182353194825
H           -1.50007223669905       -3.83657131840163       -3.17957266800923
H            2.16051519038046       -2.25213022107148       -1.90401249503421
H            1.79166471334349       -4.77094206980573       -1.58932224650687
H            0.17362384511146       -5.41208235895022       -1.94580905596273
H            0.69122837325784       -5.26018517105953       -4.39907540952318
H            3.51636097045004       -4.59641993730212       -3.43751633990840
H            3.05640693319796       -4.96357325793132       -5.09356088400682
H            2.45249417301387       -3.50049320450426       -4.33502269057645
H            0.99381758602611       -7.38575404751440       -3.15436019222895
H            2.20921515180603       -7.22409264323327       -4.41635553859278
H            2.64553732047654       -6.92197087957225       -2.73779517135931
H           -1.40893667839192        1.19933852200737        0.02973859708848
H           -1.65627122978341        1.21003267684544       -1.70873712170130
H           -1.54435203799484       -0.32481890561201       -0.83094785668740
34
 energy: -39.767558955888 gnorm: 0.000741627387 xtb: 6.7.1 (edcfbbe)
C            1.05938168475583       -0.04011617233042        0.04804322734718
C            0.35607060293452        0.69701046868152       -1.08742935058329
C            0.75576884120061        0.12279479957836       -2.46339831504280
N            0.39669885200035       -1.26675653679931       -2.60410502263085
C           -0.80607299493021       -1.74360895507154       -3.02742928528580
C           -0.75526131854477       -3.10220384032969       -2.94765354716946
N            0.47528025360409       -3.43512915645938       -2.46919081478229
C            1.15439844357285       -2.30879994378098       -2.27120308663545
C            0.98109428573867       -4.77707189249531       -2.32071077641074
C            1.49565022043420       -5.33874941108925       -3.66104347514537
C            2.70035675392132       -4.54645190568060       -4.15843159549092
C            1.85611693811362       -6.80909173192401       -3.47320697533063
C           -1.15672570929456        0.68674957217683       -0.89272151760950
H            0.70865520635479       -1.06747357936514        0.13125254970613
H            0.84921332063790        0.45617811068710        0.99067041068447
H            2.13748444531819       -0.04218765714600       -0.09415043556252
H            0.69840743464018        1.73539621268524       -1.09219065450365
H            0.25489515134964        0.68613313537763       -3.25292862494986
H            1.83584721970671        0.21359594069602       -2.59489381794508
H           -1.59668981363011       -1.10152378907461       -3.35735051116645
H           -1.49649065578792       -3.83634521461614       -3.18862262261287
H            2.15919216452340       -2.25026430400480       -1.90095621385358
H            1.79370894524669       -4.76780204248587       -1.59155970609499
H            0.17495374824913       -5.40959009127485       -1.94351514118093
H            0.68949712381405       -5.26250982872461       -4.39843793609102
H            3.51440157380714       -4.59548819396862       -3.43886283479912
H            3.05552844099748       -4.96739358323778       -5.09418599286932
H            2.45057066479187       -3.50247700784322       -4.33991821776665
H            0.99427683623471       -7.38474712614584       -3.14636612248127
H            2.20667932146675       -7.22732639235356       -4.41183378542427
H            2.64675609224867       -6.91875120773571       -2.73540748512341
H           -1.40913553793215        1.19515856675237        0.03293266693801
H           -1.65865083988955        1.20623770079805       -1.70523910734929
H           -1.54257769565492       -0.32874494349660       -0.82848588278435
34
 energy: -39.767572296148 gnorm: 0.001290451609 xtb: 6.7.1 (edcfbbe)
C            1.06275206883019       -0.03901332561042        0.04843734989086
C            0.35461746586178        0.69707228802701       -1.08470716104056
C            0.75348649163429        0.12574846219867       -2.46268904476964
N            0.39645437225487       -1.26368418747990       -2.60597721529870
C           -0.80329591080989       -1.74151964418165       -3.03757859067656
C           -0.75149469768082       -3.10011328967818       -2.95918030570202
N            0.47669360120654       -3.43227342354878       -2.47356584792874
C            1.15327802774971       -2.30540672744622       -2.26982619621118
C            0.98203203620744       -4.77347335850377       -2.32129118576260
C            1.49407597117629       -5.34099088032684       -3.66049577029129
C            2.69769134208328       -4.55001168643747       -4.16270473738731
C            1.85555640513719       -6.81012193787269       -3.46599609869246
C           -1.15780368517797        0.68100481153985       -0.88708090778124
H            0.71988348172554       -1.06943169715319        0.12725362544396
H            0.84772185334906        0.45196056457207        0.99282777102234
H            2.14102263756986       -0.03206466715692       -0.09283070997366
H            0.69343203561374        1.73662767063550       -1.08908814284300
H            0.25060798770507        0.69018651762026       -3.25011012312271
H            1.83322408227548        0.21912514111980       -2.59504476138279
H           -1.59292292204488       -1.09936769977944       -3.36997861549879
H           -1.48963468549077       -3.83535869212983       -3.20701439514409
H            2.15604034181268       -2.24625000464274       -1.89393262938246
H            1.79674912249302       -4.76196240310578       -1.59462101499852
H            0.17700178833860       -5.40481752149205       -1.93960599519849
H            0.68678628988702       -5.26818062830876       -4.39689952100348
H            3.51166623101624       -4.59344585354922       -3.44251248113641
H            3.05393286177565       -4.97611353681332       -5.09583699540608
H            2.44644315763051       -3.50741662248569       -4.35049660872007
H            0.99538679421239       -7.38381432371675       -3.13124307607234
H            2.20151607395158       -7.23422854654194       -4.40373215313378
H            2.64985833066849       -6.91503900447971       -2.73144042018219
H           -1.41026944353265        1.18769389242948        0.03967442249806
H           -1.66344625419095        1.19943590635438       -1.69804517301396
H           -1.53976325323944       -0.33610559205657       -0.82319729110000
34
 energy: -39.767584634458 gnorm: 0.001299380555 xtb: 6.7.1 (edcfbbe)
C            1.06691296582307       -0.03727908830232        0.04912323249477
C            0.35257294932211        0.69691870934303       -1.08118992754713
C            0.75079109686884        0.13014722287294       -2.46140913993020
N            0.39655135025639       -1.25960000689036       -2.60869270597928
C           -0.79936213338650       -1.73836314604947       -3.05000921469698
C           -0.74640371853223       -3.09706734429619       -2.97342200915759
N            0.47856970653138       -3.42837387136069       -2.47911137483283
C            1.15230183977220       -2.30090904042847       -2.26862569188925
C            0.98313049929075       -4.76935742746318       -2.32183054464886
C            1.49248833673474       -5.34401726431110       -3.65902434784332
C            2.69433188033034       -4.55467814534696       -4.16808846115171
C            1.85534328149877       -6.81175182865254       -3.45709736040833
C           -1.15931948075639        0.67317284758133       -0.88025806484182
H            0.73346981861808       -1.07104370339351        0.12398532075385
H            0.84723003392047        0.44789179466033        0.99535567194685
H            2.14507609992476       -0.02000039764151       -0.09171197715800
H            0.68638619952019        1.73819759127883       -1.08452880238509
H            0.24525718540272        0.69572971185334       -3.24631205807904
H            1.83009803448587        0.22674319821489       -2.59538624491787
H           -1.58776209573194       -1.09706060303626       -3.38690373214856
H           -1.48189587927885       -3.83263095932132       -3.22821966845354
H            2.15253763067719       -2.24107749276823       -1.88610469703164
H            1.79918092678556       -4.75496020167139       -1.59675206382513
H            0.17841537326027       -5.39839208589261       -1.93544551379400
H            0.68364429614248       -5.27583070726770       -4.39415737449850
H            3.50896158940221       -4.59086147135724       -3.44812589510227
H            3.05093026476802       -4.98717771669277       -5.09821376197383
H            2.44083349888126       -3.51398610851972       -4.36353921573460
H            0.99722092434730       -7.38332023490889       -3.11337298334276
H            2.19566782162944       -7.24220694230377       -4.39405172932856
H            2.65405292089149       -6.91192913404865       -2.72662062373025
H           -1.41237894822880        1.17727789432823        0.04781663789288
H           -1.66921846005311        1.19034916129818       -1.68934649641615
H           -1.53633580911902       -0.34590320950718       -0.81725918224115
34
 energy: -39.767593251775 gnorm: 0.000714724847 xtb: 6.7.1 (edcfbbe)
C            1.07079147740305       -0.03547901250436        0.04992647114528
C            0.35051770252589        0.69655499266363       -1.07794796527049
C            0.74882210766829        0.13487039236352       -2.46000826613673
N            0.39726331736886       -1.25545385373933       -2.61162493375665
C           -0.79538012044355       -1.73467900649373       -3.06070712408898
C           -0.74164054166912       -3.09357906842036       -2.98572971566359
N            0.48039774634617       -3.42438071545835       -2.48429839390088
C            1.15192607213712       -2.29656268956453       -2.26827821795524
C            0.98387067265898       -4.76573245590985       -2.32240465455260
C            1.49110618221131       -5.34688899262393       -3.65725449447277
C            2.69107117005026       -4.55908525772857       -4.17315427950491
C            1.85555973442232       -6.81334161770320       -3.44870853743970
C           -1.16100248284856        0.66475139060000       -0.87457899613737
H            0.74502714978581       -1.07189805404139        0.12229323489022
H            0.84798194108254        0.44556047949331        0.99760213951407
H            2.14874011025048       -0.00972659461422       -0.09148409914217
H            0.67891704314864        1.73968855898075       -1.07978683994331
H            0.24102428644646        0.70142084420127       -3.24279537349691
H            1.82778185528512        0.23435550557366       -2.59522464097747
H           -1.58255811459286       -1.09454272231375       -3.40245890377231
H           -1.47567526165203       -3.82867947109223       -3.24552835757322
H            2.15001924458198       -2.23637510987376       -1.88047649871099
H            1.80021969460257       -4.74887875170766       -1.59768603136203
H            0.17857913221231       -5.39200174553196       -1.93253636533014
H            0.68075811587050       -5.28341094195251       -4.39119182107285
H            3.50688457405241       -4.58897615207696       -3.45423468585936
H            3.04702387003793       -4.99736244345876       -5.10081622085768
H            2.43550761777258       -3.52016530847025       -4.37521239673787
H            0.99933221050980       -7.38336707052616       -3.09775956228877
H            2.19149539106122       -7.24884629153114       -4.38489902202319
H            2.65784211066559       -6.90948334605931       -2.72158467545193
H           -1.41517979982344        1.16569303532614        0.05498389733974
H           -1.67483253405515        1.18107229748277       -1.68175984318965
H           -1.53291167507445       -0.35642082328984       -0.81320482621941
34
 energy: -39.767598045918 gnorm: 0.000278829459 xtb: 6.7.1 (edcfbbe)
C            1.07335316212135       -0.03399075109835        0.05058024014793
C            0.34871702474376        0.69611450378020       -1.07572086444177
C            0.74802017520568        0.13866038334044       -2.45887744582662
N            0.39841685577402       -1.25212072738053       -2.61408356825454
C           -0.79224507427927       -1.73130937593462       -3.06784407716699
C           -0.73825766320915       -3.09036734707561       -2.99403696652461
N            0.48183353464547       -3.42112387051342       -2.48827715474000
C            1.15228450166975       -2.29325854787935       -2.26895195195598
C            0.98405894746198       -4.76303800747832       -2.32300283299713
C            1.49003089484270       -5.34895242697917       -3.65585995389253
C            2.68853121452178       -4.56244506874692       -4.17713721456801
C            1.85602871649287       -6.81436355778128       -3.44222279630169
C           -1.16246878226738        0.65743100723692       -0.87085763427596
H            0.75197742759687       -1.07166730714989        0.12280959076706
H            0.85011557173056        0.44539579573781        0.99889733074174
H            2.15087440552142       -0.00378271362238       -0.09220148027455
H            0.67242390628080        1.74078556753732       -1.07611522695862
H            0.23905258513415        0.70594743010789       -3.24038557999850
H            1.82679577231708        0.24015753142889       -2.59437773334588
H           -1.57848684201280       -1.09189477178215       -3.41283718219141
H           -1.47184952328615       -3.82481772432838       -3.25646341153728
H            2.14910346092074       -2.23308605674907       -1.87808056168643
H            1.80017793774679       -4.74469285308919       -1.59800183610532
H            0.17779107554740       -5.38686443245753       -1.93109485849573
H            0.67861656329220       -5.28936186007762       -4.38896611663833
H            3.50556689313819       -4.58822041767653       -3.45950883692765
H            3.04334598761675       -5.00468052227586       -5.10332744308968
H            2.43159031099108       -3.52475958360473       -4.38348478174516
H            1.00110698848009       -7.38356484517081       -3.08686333019646
H            2.18982961763336       -7.25333452987773       -4.37754493754813
H            2.66024049991245       -6.90731151795975       -2.71681441753245
H           -1.41797337958889        1.15531889129500        0.05995912709700
H           -1.67917707252824        1.17320953629419       -1.67649047161331
H           -1.53014569416847       -0.36536183007064       -0.81134562192284
