21
 energy: -32.869260497757 gnorm: 0.063858194538 xtb: 6.7.1 (edcfbbe)
C            0.67419000000000       -0.33343000000000       -0.11524000000000
O            0.16146000000000       -0.97353000000000        1.05832000000000
C            1.05266000000000       -1.75723000000000        1.70027000000000
O            2.21215000000000       -1.97071000000000        1.38889000000000
C            0.45591000000000       -2.35313000000000        2.91241000000000
C           -0.89365000000000       -2.25017000000000        3.24488000000000
C           -1.35387000000000       -2.85027000000000        4.41363000000000
C           -0.46218000000000       -3.53958000000000        5.23063000000000
N            0.84473000000000       -3.63087000000000        4.89374000000000
C            1.31137000000000       -3.05759000000000        3.75770000000000
C            1.78886000000000       -4.35644000000000        5.76278000000000
H           -0.05234000000000        0.41902000000000       -0.43397000000000
H            0.79346000000000       -1.06868000000000       -0.91637000000000
H            1.62334000000000        0.17091000000000        0.09290000000000
H           -1.59261000000000       -1.71167000000000        2.60562000000000
H           -2.40555000000000       -2.77974000000000        4.68665000000000
H           -0.78622000000000       -4.01801000000000        6.15105000000000
H            2.37259000000000       -3.17200000000000        3.54794000000000
H            2.22091000000000       -5.17314000000000        5.17871000000000
H            2.55937000000000       -3.64946000000000        6.08165000000000
H            1.26483000000000       -4.75562000000000        6.63418000000000
21
 energy: -32.873111538677 gnorm: 0.023764087645 xtb: 6.7.1 (edcfbbe)
C            0.67717146308324       -0.33163800539265       -0.12310901529704
O            0.18461512550769       -0.97314100629622        1.05389673231823
C            1.05612716048181       -1.74731909028802        1.69925136384244
O            2.19837212901679       -1.95471060874405        1.38405987061385
C            0.45255021462749       -2.35699076093230        2.92302951859580
C           -0.89691300456288       -2.25324247884011        3.25178212162452
C           -1.35102397822652       -2.85473620353259        4.41755144574309
C           -0.46005104184073       -3.53784024438056        5.22557115471396
N            0.83613004224488       -3.62894989811367        4.89352206116640
C            1.29680456362266       -3.06021836750915        3.76971161778450
C            1.77662861580223       -4.34699443560334        5.74977882422652
H           -0.06756864205618        0.40809991561030       -0.41775684418544
H            0.80837599478390       -1.06681677730160       -0.91860318983575
H            1.63022029531017        0.15792117707327        0.08386167427927
H           -1.58095096502893       -1.71318281808221        2.61064381568287
H           -2.39325967500486       -2.78991287982014        4.69681739177014
H           -0.77910965834066       -4.01497822093883        6.14188246303588
H            2.35176136569087       -3.16852630205039        3.54827049341975
H            2.22630649886892       -5.16513548579568        5.18764809383591
H            2.55987137120250       -3.66414894075717        6.07853429063993
H            1.26335212481762       -4.74887856830488        6.62002611602515
21
 energy: -32.873722568834 gnorm: 0.007579261017 xtb: 6.7.1 (edcfbbe)
C            0.67964369214001       -0.33231039207492       -0.12694695309501
O            0.19872457271623       -0.97721172094835        1.05277699313594
C            1.05992580775876       -1.74399926353808        1.69645209331636
O            2.19983023958651       -1.94470632698858        1.38416500585601
C            0.44976024401011       -2.35655952902296        2.93171938289918
C           -0.90097432749421       -2.25168209629418        3.25675145174634
C           -1.35129443079092       -2.85717227997333        4.42138910389995
C           -0.45829567902999       -3.53854756458830        5.22443638870502
N            0.83368825153738       -3.62925494284417        4.89512712460412
C            1.28970890362856       -3.05994597508681        3.77778793524401
C            1.76764842866975       -4.34232727273858        5.74234948012458
H           -0.07701086229848        0.39722214327189       -0.40520582642703
H            0.81591747870483       -1.06501692674749       -0.92298881092274
H            1.63460709645336        0.15445512331079        0.07352092247150
H           -1.57461988771044       -1.71047264805372        2.61115617355439
H           -2.38929775154407       -2.79866324562460        4.70592988864932
H           -0.77551708606902       -4.01616258934161        6.13923852030521
H            2.34128706006185       -3.16069321301602        3.54234369301183
H            2.22701857941068       -5.16037101679623        5.18768539232921
H            2.55852153844177       -3.67007967758746        6.07510769529882
H            1.26013813181734       -4.74784058531730        6.61357434529297
21
 energy: -32.873779433694 gnorm: 0.003255676816 xtb: 6.7.1 (edcfbbe)
C            0.67947671104673       -0.33359054720203       -0.12934489142835
O            0.20162510329317       -0.97898886778102        1.05231707581110
C            1.06291142414700       -1.73967678879790        1.69853938705530
O            2.20482849936130       -1.94217847499061        1.39033769625028
C            0.44868717302728       -2.35484828283218        2.93444745924625
C           -0.90266951920039       -2.24965592129448        3.25775408473675
C           -1.35220017420374       -2.85709255129854        4.42206873229690
C           -0.45833757373432       -3.53931400307327        5.22432476653952
N            0.83449224575670       -3.63018252950897        4.89625981070783
C            1.28913476150022       -3.05916854382065        3.77911256103011
C            1.76613048113277       -4.34323026960518        5.74153175909373
H           -0.08041785019723        0.39209455991783       -0.40554275687045
H            0.81709935025215       -1.06665981682802       -0.92517246105388
H            1.63359888996824        0.15632232867275        0.06865690598482
H           -1.57366115650546       -1.70638140118416        2.61107987233919
H           -2.39008111220588       -2.80101210243971        4.70853596654524
H           -0.77660820159869       -4.01834236648980        6.13846115121646
H            2.34021713398156       -3.15548888358784        3.53807164377136
H            2.22684329573279       -5.16096072241480        5.18639516825758
H            2.55850582108659       -3.67234382411094        6.07533015813849
H            1.25983469735922       -4.75064099133049        6.61320591033175
21
 energy: -32.873804901316 gnorm: 0.001444248881 xtb: 6.7.1 (edcfbbe)
C            0.67910531564066       -0.33557868285201       -0.13247055811885
O            0.20339945303716       -0.98233627158001        1.05049051381212
C            1.06501204594580       -1.73702881258477        1.70018170326785
O            2.21091932622556       -1.93758011757197        1.40206447760678
C            0.44766734997370       -2.35139893888868        2.93762912575751
C           -0.90405234991895       -2.24607312846746        3.25933763634367
C           -1.35292269766446       -2.85649877783106        4.42252040323534
C           -0.45853073335942       -3.54033664943283        5.22365888847924
N            0.83569080775258       -3.63088657106483        4.89728938076041
C            1.28930304280197       -3.05655170907859        3.78067201249783
C            1.76557698707737       -4.34544429400140        5.74090691302025
H           -0.08362990136274        0.38658484314947       -0.40848865431946
H            0.81821414076988       -1.06926092680663       -0.92778777365836
H            1.63154534359463        0.15860534211585        0.06414806438046
H           -1.57350626035400       -1.70137818044210        2.61187157570660
H           -2.39088856775899       -2.80287837132898        4.71089184057150
H           -0.77826483034416       -4.02122441834023        6.13680054709536
H            2.33976094102267       -3.14902671027957        3.53395646447702
H            2.22671583733152       -5.16245689515265        5.18405354679680
H            2.55871442113718       -3.67549857880367        6.07639351401989
H            1.25958032845201       -4.75509215075794        6.61225037826800
21
 energy: -32.873813067155 gnorm: 0.001292981177 xtb: 6.7.1 (edcfbbe)
C            0.67852411108777       -0.33848455093829       -0.13535626199650
O            0.20358849669784       -0.98448413692284        1.04886261498409
C            1.06718056215153       -1.73151171286734        1.70410919247958
O            2.21500332580851       -1.93030182458211        1.41261962712719
C            0.44739997977147       -2.34845431197346        2.93954988728153
C           -0.90427878948253       -2.24337592754493        3.26076432892145
C           -1.35296067621161       -2.85584239630655        4.42286148121305
C           -0.45872707232758       -3.54120489269009        5.22281821034873
N            0.83599429725470       -3.63135248851585        4.89717471873805
C            1.28938994241409       -3.05495569278858        3.78130151311150
C            1.76571823575446       -4.34781172498709        5.74005867438072
H           -0.08597415640623        0.38118550282433       -0.41375330843578
H            0.81972954280356       -1.07336420301047       -0.92916483339282
H            1.62892818985970        0.15943690329059        0.06141313593365
H           -1.57371543002691       -1.69727658566874        2.61431440523515
H           -2.39093274541943       -2.80339859971616        4.71188817781700
H           -0.77925905106027       -4.02411407262726        6.13468147559323
H            2.33974701097485       -3.14494179779291        3.53345785811438
H            2.22626144435077       -5.16407079829432        5.18156181433617
H            2.55876117876117       -3.67838472008866        6.07676313380440
H            1.25903160324412       -4.75863196879936        6.61044415440518
21
 energy: -32.873821625458 gnorm: 0.000910894122 xtb: 6.7.1 (edcfbbe)
C            0.67816123771898       -0.34168924158408       -0.13785080916186
O            0.20251361877625       -0.98783694504462        1.04606867367786
C            1.06803906210317       -1.72800362066150        1.70647421449035
O            2.21881412404970       -1.91912188081194        1.42248403107777
C            0.44745314679967       -2.34535626963380        2.94115984438374
C           -0.90404114837517       -2.24081478963263        3.26262099204518
C           -1.35283536878580       -2.85528300865298        4.42356920684361
C           -0.45893380528939       -3.54217649684382        5.22221360502637
N            0.83569856620215       -3.63147423868147        4.89662745673847
C            1.28936006956576       -3.05292095881049        3.78221771516850
C            1.76582385960725       -4.34998205939418        5.73867711237277
H           -0.08759207722016        0.37601768654572       -0.41898720458231
H            0.82233470305683       -1.07711717194704       -0.93041826081630
H            1.62665820409583        0.15893764503784        0.06044908194789
H           -1.57417865963150       -1.69395716665266        2.61762199390754
H           -2.39066554403997       -2.80306464594358        4.71275652331358
H           -0.77954484995724       -4.02682876467724        6.13298630669992
H            2.33967820351391       -3.14242963038535        3.53473349278928
H            2.22560676416956       -5.16534458031078        5.17862684724610
H            2.55863218094773       -3.68115496249720        6.07633827562297
H            1.25842771269242       -4.76173889941828        6.60800090120851
21
 energy: -32.873834785559 gnorm: 0.001346335952 xtb: 6.7.1 (edcfbbe)
C            0.67729015737757       -0.34797445006419       -0.14237650350212
O            0.19989418970215       -0.99413621733639        1.04067320053659
C            1.07007213122077       -1.71913628105630        1.71212472035544
O            2.22568373503939       -1.89520864293645        1.43858295803669
C            0.44782356908629       -2.34053088842857        2.94374859645619
C           -0.90342198446126       -2.23667050891743        3.26596691289203
C           -1.35272863943220       -2.85416430831842        4.42524695317559
C           -0.45945174642573       -3.54402321217636        5.22175467526691
N            0.83478646231393       -3.63219662579985        4.89557657086924
C            1.28906524869410       -3.05056802163490        3.78354546625124
C            1.76541933559680       -4.35372689551505        5.73577196690051
H           -0.09078711951431        0.36554151533269       -0.42863144242738
H            0.82830152984275       -1.08424344680190       -0.93274653594591
H            1.62244484908848        0.15746679833154        0.05917225865312
H           -1.57444367786439       -1.68801862641830        2.62350703392434
H           -2.39045924208624       -2.80181762222065        4.71411383220274
H           -0.77993747289453       -4.03170089589134        6.13079283191298
H            2.33978162805463       -3.13926866186666        3.53784201232380
H            2.22399747975130       -5.16777172956118        5.17327668991874
H            2.55841965417715       -3.68612872527896        6.07450372627459
H            1.25765991273331       -4.76706255344144        6.60392407592457
21
 energy: -32.873848001408 gnorm: 0.001480770475 xtb: 6.7.1 (edcfbbe)
C            0.67566675575691       -0.35662754549022       -0.14867592946147
O            0.19640043655290       -1.00439551980231        1.03270722972251
C            1.07266887181132       -1.70756811859526        1.71955935268319
O            2.23569197860854       -1.86048231655754        1.46142247042785
C            0.44856237564259       -2.33379937875268        2.94803480219052
C           -0.90267091738945       -2.23060719576835        3.27040568389932
C           -1.35271682843343       -2.85236244313745        4.42731944341160
C           -0.46020457098121       -3.54634287001292        5.22126206337522
N            0.83409825732013       -3.63349982366076        4.89491878761854
C            1.28913145807479       -3.04703647318474        3.78589950903458
C            1.76416168917265       -4.35914140771231        5.73177102622293
H           -0.09627463939928        0.35005895012178       -0.44106650325986
H            0.83688060748543       -1.09354123339360       -0.93659468040121
H            1.61611186463160        0.15611688063888        0.05710052083572
H           -1.57354565731530       -1.67918633940846        2.63011333592811
H           -2.39050056101542       -2.79989094595018        4.71600531673423
H           -0.78109747995262       -4.03793007157262        6.12808257033834
H            2.34023608014770       -3.13437730122507        3.54081049192581
H            2.22158703300485       -5.17172558676087        5.16606626736437
H            2.55841780641699       -3.69382162781097        6.07230243519782
H            1.25680543986027       -4.77517963196450        6.59892580621173
21
 energy: -32.873855830260 gnorm: 0.000563733536 xtb: 6.7.1 (edcfbbe)
C            0.67378923272464       -0.36344462116041       -0.15311138497802
O            0.19425087807132       -1.01158024078421        1.02783340506268
C            1.07498042568946       -1.69748296134929        1.72633626781482
O            2.24145981522294       -1.83407543466711        1.47689189228033
C            0.45019947238583       -2.32849113141502        2.95163522735319
C           -0.90128695324543       -2.22570358527809        3.27345677800074
C           -1.35230369316869       -2.85068187593792        4.42825488710079
C           -0.46066516663173       -3.54781534906654        5.22051478237663
N            0.83387659706355       -3.63461755323744        4.89466056384431
C            1.28992208606322       -3.04449886373146        3.78789155607847
C            1.76276508005822       -4.36353698095193        5.72896653119237
H           -0.10139957649944        0.33745353665033       -0.45020523612587
H            0.84253785297563       -1.10116743593552       -0.93878470377484
H            1.61051781142065        0.15526494476496        0.05491458541858
H           -1.57126885216604       -1.67241430559552        2.63384219389160
H           -2.39036479912001       -2.79843357801548        4.71617646959577
H           -0.78233387110240       -4.04233535619124        6.12550100394821
H            2.34147183226412       -3.13053264405967        3.54397888322792
H            2.21938676247649       -5.17519912398751        5.16103745380935
H            2.55831763803059       -3.70040288882852        6.07127824042375
H            1.25555742748701       -4.78164455122261        6.59530060345903
21
 energy: -32.873858395251 gnorm: 0.000554455434 xtb: 6.7.1 (edcfbbe)
C            0.67203493114901       -0.36751762069088       -0.15561715245846
O            0.19335052467299       -1.01626028934998        1.02535513674629
C            1.07683415675125       -1.69205886529880        1.73004955340992
O            2.24601227686703       -1.81854036629299        1.48662307459324
C            0.45161550562599       -2.32539092465278        2.95377204035178
C           -0.90027796789636       -2.22313607764443        3.27451555400206
C           -1.35187039647448       -2.84941388977643        4.42827396394844
C           -0.46074746046303       -3.54813029270364        5.21978120040396
N            0.83413424107467       -3.63492005631171        4.89482413081656
C            1.29095387326027       -3.04247352971027        3.78936290820950
C            1.76177825345178       -4.36657786958143        5.72765773948714
H           -0.10577534154944        0.32943511447110       -0.45500661902660
H            0.84511036215149       -1.10571820580215       -0.93991262952497
H            1.60609623444764        0.15567840985028        0.05313080516925
H           -1.56904443310989       -1.66799694482950        2.63518079211012
H           -2.39003943706235       -2.79732709636642        4.71609219827201
H           -0.78330146955622       -4.04438170273038        6.12356247260884
H            2.34267718121759       -3.12762080611148        3.54584593634081
H            2.21748031267755       -5.17780656816922        5.15823135314906
H            2.55833688711754       -3.70529964749639        6.07147178081921
H            1.25405176564689       -4.78588277080272        6.59317576057163
