28
 energy: -34.797966799023 gnorm: 0.061263742953 xtb: 6.7.1 (edcfbbe)
O            2.14631000000000       -1.44462000000000       -1.40739000000000
C            2.02929000000000       -0.58633000000000       -2.54333000000000
C            1.03175000000000        0.53745000000000       -2.25053000000000
O            1.54683000000000        1.58782000000000       -1.41453000000000
C            1.96593000000000        1.13775000000000       -0.12602000000000
C            2.07429000000000        2.32327000000000        0.84571000000000
N            0.71511000000000        2.95195000000000        1.26325000000000
C           -0.19358000000000        1.92622000000000        1.92283000000000
C            1.00763000000000        4.06489000000000        2.26781000000000
C            0.00274000000000        3.56489000000000        0.06116000000000
H            2.67717000000000       -2.21157000000000       -1.68966000000000
H            3.02051000000000       -0.18483000000000       -2.77249000000000
H            1.67071000000000       -1.19169000000000       -3.38133000000000
H            0.74889000000000        1.01559000000000       -3.19375000000000
H            0.12053000000000        0.14368000000000       -1.78576000000000
H            1.29048000000000        0.37240000000000        0.26646000000000
H            2.96503000000000        0.70021000000000       -0.22906000000000
H            2.56013000000000        1.99774000000000        1.77256000000000
H            2.66097000000000        3.13348000000000        0.39693000000000
H            0.36202000000000        1.43962000000000        2.72949000000000
H           -1.07029000000000        2.44592000000000        2.32110000000000
H           -0.51175000000000        1.19558000000000        1.17495000000000
H            1.64708000000000        4.80919000000000        1.78428000000000
H            0.05948000000000        4.51760000000000        2.57364000000000
H            1.51335000000000        3.62552000000000        3.13284000000000
H            0.70922000000000        4.20389000000000       -0.47589000000000
H           -0.38062000000000        2.76629000000000       -0.57697000000000
H           -0.83947000000000        4.15893000000000        0.43019000000000
28
 energy: -34.805030701523 gnorm: 0.031039748136 xtb: 6.7.1 (edcfbbe)
O            2.14322895422235       -1.43562484461962       -1.39888294134776
C            2.03217192738654       -0.58239066621771       -2.53528441957488
C            1.03686509057907        0.53665384207842       -2.24086552456055
O            1.53104993760935        1.58216874144859       -1.40493572489187
C            1.95463567533275        1.14395514717038       -0.12261129577427
C            2.04152790508107        2.32715991426624        0.84033797073858
N            0.71639538199943        2.95195939477632        1.25774524012681
C           -0.17357705642235        1.94411779503975        1.90956762213981
C            1.00865496641907        4.04072341700760        2.24641080889898
C            0.01314891206592        3.55400724880171        0.08176579179892
H            2.66475850868302       -2.20561138257639       -1.66196307631884
H            3.01158468870977       -0.15565882356869       -2.77947738414538
H            1.66233945613341       -1.15733118211134       -3.39134323063242
H            0.76345287198661        1.02886263254019       -3.17715137430504
H            0.13568497052276        0.10691302275331       -1.78358419552725
H            1.28824910614125        0.36420387975770        0.25734508147493
H            2.95926581736816        0.71089513334575       -0.19967905350933
H            2.53811981582576        1.99535796247180        1.75440932647476
H            2.63265376519358        3.12162947821783        0.38086479625618
H            0.36178991814498        1.44938015830500        2.71731531524973
H           -1.05090624211011        2.44759541467380        2.31164867331154
H           -0.49814699850873        1.20640000031302        1.18023955188454
H            1.64303953890772        4.79375260788859        1.78427422507182
H            0.07579482291312        4.50374500445428        2.56227802876619
H            1.51242586498302        3.62446192264048        3.11641052113903
H            0.70338983359362        4.18932310795220       -0.46588626167808
H           -0.34663674991540        2.76796831622423       -0.57581112732505
H           -0.83122068284574        4.14622275696655        0.43335265625888
28
 energy: -34.806893375870 gnorm: 0.005767921908 xtb: 6.7.1 (edcfbbe)
O            2.14233671972122       -1.41600866357642       -1.39748111532260
C            2.03847512407662       -0.57027920774382       -2.52976075702813
C            1.03267876214472        0.53882950784931       -2.23071181283728
O            1.50829622981944        1.57515587773087       -1.39063305701855
C            1.93533545207439        1.14590073276684       -0.11453249991925
C            2.01589820705559        2.33242794481777        0.84145597917522
N            0.71833327190634        2.94926137244848        1.25382072796402
C           -0.15844804331199        1.95862921357894        1.89829108661970
C            1.01287652905174        4.01920765886250        2.22447735123936
C            0.02590347371590        3.54083208923402        0.09709134793675
H            2.65467137179278       -2.19345663786771       -1.63990446605186
H            3.01310985164948       -0.13215195887265       -2.78085085880038
H            1.66767077730491       -1.13049964525687       -3.39584458457473
H            0.76298079393406        1.04284877888018       -3.15950195277832
H            0.13926310845966        0.07799800924176       -1.78238288669837
H            1.27900378852903        0.35054613924825        0.25688588579466
H            2.94564445085338        0.71954422829182       -0.17488762154730
H            2.52740344940617        1.99872841905511        1.74541384042349
H            2.61230520916633        3.11125625065905        0.36367882604036
H            0.36510743315537        1.46087769747435        2.71120687935897
H           -1.04062114564627        2.45121569334421        2.30110676610719
H           -0.48477970851874        1.21098689957147        1.18110293462572
H            1.64812663945892        4.77785191739441        1.77409529343362
H            0.08879007715603        4.49282616138338        2.54889440529388
H            1.51706704652335        3.61527336205955        3.09915947291280
H            0.70165776573239        4.18872769131501       -0.45356547496675
H           -0.30889220797628        2.76279527707538       -0.58351026798288
H           -0.83045442723448        4.12151519103485        0.43337655860060
28
 energy: -34.807039785986 gnorm: 0.003176426021 xtb: 6.7.1 (edcfbbe)
O            2.14441526820533       -1.40747488661324       -1.39810453747639
C            2.04147147085859       -0.56419311342872       -2.52990258167128
C            1.02810114023099        0.53917165058101       -2.23008853923055
O            1.49911629862535        1.57190335550781       -1.38510731347518
C            1.93002948376660        1.13859964465110       -0.11237223449506
C            2.01390633491858        2.32868899996105        0.84120377185054
N            0.71905620245283        2.94936765352492        1.25384320608305
C           -0.15890292324063        1.95945041384371        1.89938650899651
C            1.01675041014560        4.02009868807772        2.22317140359218
C            0.02662502242859        3.53965818976760        0.09536534222646
H            2.65674398302486       -2.18743520814520       -1.63443842526348
H            3.01469380418098       -0.12007810506267       -2.77666775897800
H            1.67723844932871       -1.12479604047844       -3.39836647540933
H            0.75479648750656        1.04517643081539       -3.15659913508175
H            0.13769611548264        0.06995964239631       -1.78469257911800
H            1.27448161052314        0.34394247069515        0.26232793136576
H            2.94018085723660        0.71276221358040       -0.17521223479365
H            2.53010632782016        1.99874019680866        1.74433610856796
H            2.61023655482117        3.10377531951322        0.35571305303322
H            0.36428759219350        1.46394482757491        2.71520949158613
H           -1.04298010995093        2.45277733190086        2.29914321471098
H           -0.48328001827834        1.20915390984251        1.18280169564052
H            1.65499471283807        4.77580734414290        1.77003284740415
H            0.09399338822000        4.49784320767969        2.54848704531900
H            1.52171275639849        3.61464440367425        3.09785771298300
H            0.69877650482923        4.20078804605404       -0.44689106428910
H           -0.29426570765451        2.76093785666209       -0.59299935713448
H           -0.84024201691205        4.10762555647307        0.42905290305670
28
 energy: -34.807216483489 gnorm: 0.004767517003 xtb: 6.7.1 (edcfbbe)
O            2.15311693800405       -1.39431727757359       -1.40270441672177
C            2.05022990614285       -0.55271865942339       -2.53136335413731
C            1.01701173004971        0.53435173515087       -2.22966626550593
O            1.47508766301105        1.56174189429479       -1.37459657720559
C            1.91511878121451        1.12383446923048       -0.10766666271402
C            2.01113083636450        2.32171515377368        0.83920257835148
N            0.72101669211146        2.94897502698722        1.25402563153645
C           -0.16157287644836        1.96316301432951        1.90369943756818
C            1.02736887672801        4.02206923526262        2.21977910210216
C            0.02684738498558        3.54017045845324        0.09480728312967
H            2.66703277085049       -2.17676224571776       -1.62898065547520
H            3.01865067188465       -0.09015879995389       -2.76611624380719
H            1.70444203036082       -1.11333274610480       -3.40733970029274
H            0.73579211235410        1.04412548188118       -3.15159746364333
H            0.13344043374860        0.04644751829471       -1.79145059083011
H            1.26068002086903        0.33227972179378        0.27579277907073
H            2.92335805118181        0.69589722833670       -0.17732151108016
H            2.53594423537723        2.00061001393533        1.74108514766825
H            2.60622467845499        3.08826916426682        0.33675469865624
H            0.36026453035850        1.47311317750761        2.72519709212539
H           -1.04809601420771        2.45961495095349        2.29639323987154
H           -0.48223083728415        1.20817223605398        1.18896498504740
H            1.67288939504324        4.77005251587479        1.76117047238546
H            0.10818318575828        4.50911104669838        2.54423747699005
H            1.53151267055611        3.61399118730351        3.09515000098553
H            0.68769170973877        4.23661094768419       -0.42227938745608
H           -0.25531743347707        2.76191277763330       -0.61405382593354
H           -0.86607814373073        4.07190077307335        0.42536672931430
28
 energy: -34.807297664501 gnorm: 0.004974395005 xtb: 6.7.1 (edcfbbe)
O            2.16231970990992       -1.39407138668185       -1.40799678298563
C            2.05683138192143       -0.54957384737718       -2.53328670028280
C            1.01200548497108        0.52654215944333       -2.23039889341638
O            1.46066803349183        1.55457324681198       -1.37159914905781
C            1.90570633033528        1.11741659901543       -0.10625814232400
C            2.00794907206865        2.31867433503831        0.83625727120308
N            0.72142343150093        2.95080812940984        1.25509540244049
C           -0.16278403168617        1.96735372814584        1.90718610131739
C            1.03364303361303        4.02378423845151        2.21979279681430
C            0.02532631807846        3.54363605045066        0.09730531145109
H            2.67837405258416       -2.17476948627100       -1.63424217503041
H            3.02154754462130       -0.07521696063110       -2.76126862145197
H            1.72169650809302       -1.10927998499274       -3.41394850924534
H            0.72684034425180        1.03713953788178       -3.15065977670595
H            0.13238657901967        0.02918317343561       -1.79528612839268
H            1.25124949801974        0.32834168819687        0.28235390659894
H            2.91249247086257        0.68686811736744       -0.17963634981034
H            2.53682703807745        2.00090128438179        1.73686532460015
H            2.60138880615418        3.08178632518249        0.32709791949334
H            0.35830830729664        1.47871105051585        2.72990943261582
H           -1.04832970902311        2.46652782984581        2.29820447879679
H           -0.48436659757636        1.21159204094971        1.19377752248587
H            1.68353588337367        4.76697270140342        1.75944987415079
H            0.11695093960670        4.51636260055171        2.54253165495868
H            1.53555440860284        3.61429657017181        3.09574579019000
H            0.67778700657707        4.25823622513893       -0.40559894955881
H           -0.23656128408167        2.76882225814129       -0.62256340227593
H           -0.87903056066372        4.05522177602253        0.42766079342114
28
 energy: -34.807485830247 gnorm: 0.003906528752 xtb: 6.7.1 (edcfbbe)
O            2.18831862021448       -1.40215598294522       -1.42150730542853
C            2.07350983471891       -0.54718911755046       -2.53817907453083
C            1.00279955124378        0.50255926607446       -2.23325165817480
O            1.42652089743602        1.53799916521884       -1.36935776790026
C            1.88246696948990        1.10795494448852       -0.10490450788893
C            2.00041266578698        2.31542975978882        0.82704794667204
N            0.72134334257418        2.95652873436611        1.25807614572374
C           -0.16563404776504        1.97867506799329        1.91540774153215
C            1.04761440355038        4.02668921824142        2.22210244285503
C            0.02012643752468        3.55636155238832        0.10659319729277
H            2.70968298440394       -2.17621010500787       -1.65552424378611
H            3.02897845255934       -0.04675594106298       -2.75187673112050
H            1.76080079244733       -1.10409177236803       -3.42872658990784
H            0.70897832991996        1.01183204480928       -3.15159326417998
H            0.13288105617463       -0.01481535539593       -1.80285625605221
H            1.22786360601291        0.32458024266033        0.29553720587635
H            2.88580562530363        0.67065309488413       -0.18610892166851
H            2.53792382210892        2.00224837038405        1.72377686191953
H            2.58932407405865        3.07263482913468        0.30569367798859
H            0.35542487357258        1.48926402198456        2.73664536707609
H           -1.04605610136163        2.48392547249716        2.30847442292305
H           -0.49400126912106        1.22472698244836        1.20417865303650
H            1.70845916778252        4.75946383402105        1.76147367568063
H            0.13703791970681        4.53218268534682        2.54010852604097
H            1.54158196646689        3.61263929060752        3.09959601427830
H            0.65214998221826        4.30950465566566       -0.36420948819608
H           -0.19796137972816        2.79257261894667       -0.63789035676717
H           -0.90661257729903        4.02363242238044        0.43776428670574
28
 energy: -34.807651824925 gnorm: 0.003081460573 xtb: 6.7.1 (edcfbbe)
O            2.22489855192371       -1.41414068330659       -1.43716299162298
C            2.09405158681285       -0.54649847686467       -2.54406796206004
C            0.99347116054860        0.47094640565592       -2.23661100779612
O            1.38549024254331        1.51904776354153       -1.36982194241737
C            1.85389114261918        1.10024531829559       -0.10507344571112
C            1.98968914267818        2.31397566108517        0.81475375116315
N            0.71997571120451        2.96478967062400        1.26207653972307
C           -0.16892603323803        1.99321034064572        1.92476851248704
C            1.06335183149126        4.02884890901212        2.22680537336888
C            0.01371699206174        3.57369560801851        0.11877435242063
H            2.75263868207738       -2.17915763472557       -1.68603548175090
H            3.03796660745033       -0.01847999830958       -2.74460666070352
H            1.80337258094625       -1.10050105668594       -3.44355829166867
H            0.68788757905722        0.97521267495264       -3.15407226233931
H            0.13706340720354       -0.07027957491840       -1.80809361973263
H            1.19939268325096        0.32325668466573        0.30888878727149
H            2.85346229678363        0.65559090033434       -0.19446842555082
H            2.53814294388978        2.00425189474713        1.70591141921474
H            2.57308276867689        3.06579850054198        0.28046258684608
H            0.35500518562250        1.49685979040133        2.73917444415908
H           -1.04002704530088        2.50561374263429        2.32843290643206
H           -0.51190942147347        1.24547619432159        1.21451874098943
H            1.73895902245981        4.74945010280230        1.76899628260911
H            0.16078588621842        4.55105290001803        2.53997710964124
H            1.54586533559033        3.60710817600392        3.10634876224421
H            0.62273265424630        4.36586685642370       -0.31694844937932
H           -0.15949965712972        2.82487009049887       -0.65234757310164
H           -0.93479183821339        3.99472923958628        0.44946854526379
28
 energy: -34.807754066024 gnorm: 0.002673703563 xtb: 6.7.1 (edcfbbe)
O            2.25935734719155       -1.42165489273452       -1.44802417939081
C            2.10980969160339       -0.54612094341197       -2.54836595214440
C            0.98723532128579        0.44509961771725       -2.23807043991831
O            1.35431902464675        1.50452509545387       -1.37183280495794
C            1.83112921172978        1.09612694388542       -0.10602451283028
C            1.98036399456233        2.31431312556173        0.80454133572974
N            0.71798813678500        2.97154204325284        1.26477109700327
C           -0.17179272184209        2.00447908044525        1.93119727643274
C            1.07500075029198        4.02888909988061        2.23123021809233
C            0.00881444609650        3.58812132055066        0.12775130263779
H            2.79233176403744       -2.17864255134183       -1.71170026543230
H            3.04339081089272        0.00094548779401       -2.74322135974358
H            1.83177252748765       -1.09902941349919       -3.45166523053321
H            0.66970844888158        0.94211006869481       -3.15559993311826
H            0.14408618974212       -0.11455285535728       -1.80721103036481
H            1.17652915199446        0.32454353039988        0.31825577280685
H            2.82778830973779        0.64615699317630       -0.20064382503746
H            2.53808280641979        2.00653004850952        1.69065431092979
H            2.55919430833446        3.06300026284207        0.26087669274946
H            0.35766671377994        1.49557463440013        2.73440664782106
H           -1.03162217591347        2.52290009147807        2.35202060978150
H           -0.53343121199769        1.26665908321823        1.21952523332364
H            1.76388108005556        4.73953314827948        1.77787763971826
H            0.17949048124711        4.56525749035888        2.54108182584917
H            1.54660652033066        3.59909520667481        3.11276806738515
H            0.60204329864621        4.40041352598471       -0.28567827901515
H           -0.14040990192730        2.85279452829764       -0.65817596989520
H           -0.94959432409850        3.98223022948851        0.45574575212043
28
 energy: -34.807810169724 gnorm: 0.003906581835 xtb: 6.7.1 (edcfbbe)
O            2.29693067240479       -1.42255857360181       -1.45767377195261
C            2.12530521755245       -0.54259164945804       -2.55223564001274
C            0.97844888363713        0.41940943241523       -2.23671304496446
O            1.31990086325837        1.48856812539868       -1.37107949546652
C            1.80617556231194        1.08966230482142       -0.10558635421129
C            1.97097245469980        2.31417029970465        0.79415137189779
N            0.71677417884233        2.97758116836709        1.26639452322376
C           -0.17475303133664        2.01526955593927        1.93590716651257
C            1.08772339922579        4.02805919364116        2.23409002264133
C            0.00548215797145        3.60200482110580        0.13520412478813
H            2.83545307651230       -2.17197582869808       -1.73318469400203
H            3.04662374628643        0.02658347073742       -2.74292537636833
H            1.86011424643608       -1.09573649147498       -3.45893182388628
H            0.64516681497926        0.90837712342699       -3.15323617772563
H            0.15174364605917       -0.16258380755631       -1.80254895046719
H            1.15126005521260        0.32462116558657        0.33062303287651
H            2.79946091548822        0.63385994240184       -0.20552111150555
H            2.53976858451274        2.01014416766756        1.67480489019729
H            2.54533869058334        3.05782263677378        0.23747412499347
H            0.36158603982336        1.48930670338643        2.72458347257472
H           -1.02061632495409        2.54037369387063        2.37871254961198
H           -0.55932698290215        1.29073645218130        1.22148231362564
H            1.79192837337784        4.72707068566075        1.78522331681853
H            0.20043736004265        4.58066043067263        2.54077127206370
H            1.54764832620509        3.58928434866471        3.11792434811364
H            0.58202465214056        4.44376198803855       -0.24938833200023
H           -0.11071594858121        2.87817578477750       -0.67177906308012
H           -0.97111562978772        3.96078285554903        0.45994730570327
28
 energy: -34.807884296828 gnorm: 0.003363811053 xtb: 6.7.1 (edcfbbe)
O            2.32052085048064       -1.41660927005190       -1.45975172322970
C            2.13022194422841       -0.53940313583629       -2.55373903882650
C            0.97435362864739        0.40814779422669       -2.23239331468766
O            1.30703277959839        1.48145477281339       -1.37065047208825
C            1.79629593815048        1.08733792246511       -0.10517301114488
C            1.96660412760176        2.31461484905084        0.78959096237522
N            0.71590051041484        2.97985366351330        1.26591111534071
C           -0.17650390257799        2.01857471528737        1.93527591889473
C            1.09233935086454        4.02605441808875        2.23525354387246
C            0.00493156695340        3.60785650057681        0.13633521039767
H            2.86296448242858       -2.16108030845467       -1.74099631677734
H            3.04342260616437        0.03902789022393       -2.74983918474717
H            1.86518579487966       -1.09554636490900       -3.45790034895953
H            0.62925149648583        0.88998729828018       -3.14832521570602
H            0.15880529755927       -0.18348386412450       -1.79183493263740
H            1.14050395716739        0.32651164691846        0.33647908932031
H            2.78781838218380        0.62874487274334       -0.20606979512493
H            2.54044115607228        2.01252855824485        1.66752952801777
H            2.53870618921361        3.05658425938361        0.22784172812003
H            0.36612054652319        1.47481159447936        2.70886300589298
H           -1.00979499107528        2.54726610941186        2.39902387684336
H           -0.58063644325788        1.30819178140247        1.21641034143750
H            1.80433068434474        4.71903725236819        1.78982237967298
H            0.20946036982697        4.58609034559716        2.54065869244039
H            1.54546093504324        3.58197124080521        3.12032071395540
H            0.57841848086351        4.44939306914974       -0.24302908326232
H           -0.11169373363232        2.88930567729933       -0.67148819193736
H           -0.97072200515080        3.96361671104617        0.45836452254688
28
 energy: -34.807952815189 gnorm: 0.003840379097 xtb: 6.7.1 (edcfbbe)
O            2.34912862659478       -1.40613463509913       -1.46236776862549
C            2.13489469038118       -0.53396675683436       -2.55589504100670
C            0.96591945410002        0.39461448272929       -2.22506879612208
O            1.28911413620570        1.47197471758809       -1.36699766004418
C            1.78546861578899        1.08258880987246       -0.10302432466641
C            1.96324099882807        2.31405410065900        0.78481665520969
N            0.71606052873490        2.98200286542334        1.26478829016623
C           -0.17875832644744        2.02113682925171        1.93251426309265
C            1.09806391352163        4.02419567499424        2.23633785623935
C            0.00542617860265        3.61484670289236        0.13677219215159
H            2.89835403344981       -2.14417732999438       -1.74675875885640
H            3.03673063463245        0.06001458164020       -2.75982872974950
H            1.87174872590379       -1.09577117683688       -3.45725753224181
H            0.60426674111297        0.86908768757440       -3.13861990329835
H            0.16464351023932       -0.21068230075985       -1.77722333089462
H            1.12957126001963        0.32665518399847        0.34681171582743
H            2.77476728886402        0.62057002697654       -0.20717752481336
H            2.54299739998048        2.01600090054549        1.66012740921902
H            2.53235479917883        3.05274901823733        0.21559249034484
H            0.36900604145198        1.45670883780587        2.68810462843649
H           -0.99695365467116        2.55318436028003        2.41870033622162
H           -0.60399065389550        1.32875274364177        1.20810762017147
H            1.81861458227564        4.70993264084980        1.79387529515965
H            0.21970098880921        4.59222869109486        2.53895478095208
H            1.54365941235247        3.57462957009390        3.12268831278677
H            0.57537251061765        4.46120839213813       -0.23463517279379
H           -0.10749867041872        2.90080516837773       -0.67482308484007
H           -0.97216376621119        3.96363021285927        0.45797578197313
28
 energy: -34.808033876235 gnorm: 0.003466474080 xtb: 6.7.1 (edcfbbe)
O            2.37875432421564       -1.38968003324875       -1.46444756779368
C            2.13485128950409       -0.52712680759591       -2.55867974017284
C            0.95467403707640        0.38267456302542       -2.21379251908603
O            1.27284831732768        1.46250760320753       -1.35940962615966
C            1.77925954602209        1.07730020889319       -0.09828387614429
C            1.96299737454122        2.31314071564585        0.78209220435024
N            0.71746435032685        2.98283400728941        1.26257667348777
C           -0.18128306462232        2.02108727986140        1.92592194886291
C            1.10153560362176        4.02219618316303        2.23693022689738
C            0.00820959835747        3.62029143177350        0.13523632681522
H            2.93766331369847       -2.11994801868997       -1.74867083913986
H            3.02268018743336        0.08322524009549       -2.77762864016533
H            1.86983835910644       -1.09750131965575       -3.45458827311695
H            0.57354226347029        0.85047701229341       -3.12278585374356
H            0.16901834201937       -0.23568547856960       -1.75697574460355
H            1.12536515887553        0.32482555277917        0.36026382413432
H            2.76675112364893        0.61315881669970       -0.20750803927548
H            2.54682973327232        2.02030430638233        1.65613105560374
H            2.52935657410170        3.04791993430903        0.20579302578072
H            0.36892042032244        1.43545333350650        2.66212716418989
H           -0.98370438674401        2.55466457729836        2.43309923201514
H           -0.62562495038645        1.34925678701082        1.19512646731674
H            1.82867805271952        4.70205197268013        1.79706955198477
H            0.22610307056654        4.59583523926001        2.53553200973361
H            1.54041757325317        3.56875684868378        3.12443628705029
H            0.57969117932008        4.46660899051199       -0.23342794407187
H           -0.10626484215381        2.90721930948341       -0.67751617505926
H           -0.96883254889247        3.96899174390615        0.45786884030882
28
 energy: -34.808098697137 gnorm: 0.003046861295 xtb: 6.7.1 (edcfbbe)
O            2.41207108131421       -1.37560583459559       -1.46991149230162
C            2.13481268462543       -0.52152428981198       -2.56311045807667
C            0.94203749088765        0.36683468589267       -2.20216122950012
O            1.25294489247695        1.45110914182906       -1.35048874756324
C            1.77302554284901        1.07210098956360       -0.09258406156685
C            1.96267009708866        2.31254772248910        0.77924712689134
N            0.71858129612698        2.98445192952251        1.26092301104844
C           -0.18441877104941        2.02244370242037        1.91987023020074
C            1.10479625115523        4.02068782719331        2.23845953797049
C            0.01129570772536        3.62706977615060        0.13483606588114
H            2.98266982825603       -2.09566596472628       -1.75733946095824
H            3.00684021223084        0.10651942142559       -2.79829144823231
H            1.86749771757191       -1.10026344086777       -3.45340233350772
H            0.54088535980004        0.82905631213055       -3.10555026302074
H            0.17286848510034       -0.26612342617740       -1.73649462240709
H            1.12396793607864        0.32124027699185        0.37595735288446
H            2.75949649992827        0.60780850757676       -0.20943164758377
H            2.55027196551810        2.02506015449785        1.65245440348725
H            2.52605292006585        3.04341030528437        0.19577104400335
H            0.36777255840813        1.41664512333991        2.63736980685475
H           -0.97165566568418        2.55821174467458        2.44734900363239
H           -0.64750017845433        1.37069321004520        1.18260063283963
H            1.83922854818995        4.69523740808001        1.80229656461537
H            0.23175996528231        4.60055615223399        2.53185264455252
H            1.53571711966923        3.56327591509751        3.12770404027624
H            0.58521025607329        4.47390317974986       -0.23131900362487
H           -0.10369132061242        2.91492576123249       -0.67978932498625
H           -0.96546848061969        3.97623370875686        0.45967262819048
28
 energy: -34.808159160986 gnorm: 0.002712888044 xtb: 6.7.1 (edcfbbe)
O            2.44075181222106       -1.36258614321474       -1.47643232120524
C            2.13075585020814       -0.51815802261368       -2.56806331618341
C            0.93050780687501        0.35241213838020       -2.19005622020582
O            1.23781288214824        1.44053196665305       -1.34096061740182
C            1.77217620162018        1.06858328010653       -0.08645724584900
C            1.96375494845872        2.31285907852535        0.77822280781913
N            0.71957457484117        2.98581123363314        1.25927108265777
C           -0.18709690003425        2.02299060383532        1.91281146854976
C            1.10495203875023        4.01910603328302        2.24045743003161
C            0.01550146512725        3.63274680808285        0.13402280130230
H            3.02333850815698       -2.07136532211345       -1.76833881662031
H            2.98780239813435        0.12274809641310       -2.82154504200241
H            1.85716678388578       -1.10511111135609       -3.45134474067181
H            0.51211784835235        0.81054986914141       -3.08727729579969
H            0.17571280234417       -0.29046213615793       -1.71567060206815
H            1.13105773800913        0.31619920896939        0.39082107779288
H            2.75940143376687        0.60799462985473       -0.21165031826747
H            2.55300035720904        2.02984211927155        1.65180906844210
H            2.52504304258452        3.04110966254223        0.19027652982848
H            0.36370297756748        1.40303600388222        2.61690120630037
H           -0.96443227384232        2.55790155633632        2.45298922963768
H           -0.66103734811698        1.38660167988615        1.17081876740069
H            1.84353813574470        4.69178800883084        1.80861334562200
H            0.23247921131239        4.60183005545517        2.52965857608126
H            1.52971679939755        3.55923001369847        3.13100750666254
H            0.59680646438534        4.47398539551324       -0.23590246520253
H           -0.10690166747146        2.91929408150799       -0.67919247152443
H           -0.95746389163318        3.99137121165316        0.46170057487257
28
 energy: -34.808220660303 gnorm: 0.002855198616 xtb: 6.7.1 (edcfbbe)
O            2.48063394858643       -1.35035388853981       -1.48850506634148
C            2.12836911439711       -0.51458036827055       -2.57499054762177
C            0.91583750295937        0.32998681702886       -2.17535637896504
O            1.21399187753239        1.42506535111786       -1.32933446502004
C            1.76821965488458        1.06387472790139       -0.07951517862595
C            1.96309203548469        2.31345431338349        0.77590519325240
N            0.71992058738314        2.98868262843224        1.25818762471080
C           -0.19123640953211        2.02640582588857        1.90624561337556
C            1.10656674066857        4.01746335164770        2.24354964009449
C            0.02014082257558        3.64161588130231        0.13453254794361
H            3.07755446531031       -2.04310277188538       -1.79162557690355
H            2.96563319516878        0.14492100697943       -2.84835027096112
H            1.84913294073018       -1.11020306299936       -3.45103968463136
H            0.47453313586978        0.78252811138741       -3.06491776808377
H            0.18102135880727       -0.32883750779878       -1.68975134053218
H            1.13859000288914        0.30921752908700        0.41016917408258
H            2.75701955430066        0.60942063862129       -0.21628526455329
H            2.55546333835949        2.03562260916297        1.64930160987517
H            2.52166477037006        3.03881967459342        0.18195327363726
H            0.35930441564248        1.38975352906657        2.59550610879250
H           -0.95741391451289        2.56227845298219        2.46228281580020
H           -0.67957195291485        1.40690157381193        1.15859972215830
H            1.85197624853584        4.68702853824274        1.81779585383447
H            0.23566905884645        4.60554585294175        2.52811916279490
H            1.52246452352996        3.55322355928785        3.13598210931069
H            0.60941574045334        4.47770825295061       -0.23745570725784
H           -0.10888200459449        2.92837701083999       -0.67859051564830
H           -0.94937075172866        4.01002236283577        0.46407731548174
28
 energy: -34.808287673684 gnorm: 0.004610919815 xtb: 6.7.1 (edcfbbe)
O            2.52557009853753       -1.33484887979740       -1.50457871338137
C            2.12196595891434       -0.51148542175379       -2.58316274057813
C            0.89875237064259        0.30308866046547       -2.15560237163597
O            1.18818851104836        1.40632809544299       -1.31467475333449
C            1.76784966450188        1.05948617547582       -0.07178157125737
C            1.96302616797538        2.31506494022083        0.77421010832651
N            0.72002567072218        2.99191423764383        1.25655887965122
C           -0.19618227472396        2.02969378165625        1.89673492750442
C            1.10634667727815        4.01464045598052        2.24799780947007
C            0.02708750005183        3.65240339792518        0.13425174927773
H            3.13902470920680       -2.00660954172597       -1.82329094543265
H            2.93490759509948        0.16718695210077       -2.88122317688754
H            1.83366048032258       -1.11759609739759       -3.44942233648742
H            0.42985636857758        0.74735872833565       -3.03547370042399
H            0.18836102798960       -0.37159393762229       -1.65555368098070
H            1.15560398671280        0.29972361297152        0.43259630164297
H            2.76013931812273        0.61646813178062       -0.22342687033992
H            2.55790094869266        2.04251324152428        1.64785157647237
H            2.51911475904065        3.03837397894860        0.17545309535579
H            0.35016018472799        1.38158682748796        2.57660538719087
H           -0.95649566265097        2.56370011044424        2.46080316185842
H           -0.69086089549043        1.42304691817628        1.14445008124825
H            1.85685646537577        4.68341586406457        1.82991198927120
H            0.23633302879845        4.60575286740517        2.52991250604711
H            1.51427924006950        3.54536281136590        3.14125029837347
H            0.63038598510770        4.47711918637641       -0.24490697820127
H           -0.11733951482312        2.93797882578264       -0.67580171586393
H           -0.93477836982538        4.04076607672092        0.46680168311317
28
 energy: -34.808355630087 gnorm: 0.004546249279 xtb: 6.7.1 (edcfbbe)
O            2.55431130023349       -1.32520186947130       -1.51746881993344
C            2.11845702894881       -0.50935437442181       -2.58791359892413
C            0.88848202264361        0.28370117231064       -2.14199276411445
O            1.16963553620028        1.39305438952892       -1.30519910938136
C            1.76694041644077        1.05688255117510       -0.06816549230538
C            1.96200578821426        2.31625589672263        0.77258881219133
N            0.71972789469571        2.99437167088539        1.25568612547104
C           -0.19983858421712        2.03296739285691        1.89098377962123
C            1.10692651766342        4.01230405623857        2.25129177214549
C            0.03133966904295        3.66034019174890        0.13450542507460
H            3.17621082640012       -1.98234813040628       -1.84913317538499
H            2.91437379237116        0.18221932539279       -2.89849371226249
H            1.82679827410590       -1.12097079124335       -3.44899568525943
H            0.40055634208004        0.71969103496641       -3.01553593972350
H            0.19625002678033       -0.40216332550143       -1.63229287217319
H            1.16776607509376        0.29356174892517        0.44627126750486
H            2.76162742769974        0.62262841136799       -0.23016087102021
H            2.55885124537813        2.04614947113802        1.64574451876893
H            2.51680793696744        3.03881578405344        0.17134743285198
H            0.34339432852381        1.38263292771033        2.57125893479805
H           -0.96132768506341        2.56686470561649        2.45421851781478
H           -0.69348850534813        1.42872962562567        1.13605740049198
H            1.85997883545182        4.68099650291208        1.83776253435566
H            0.23793581433898        4.60480908393029        2.53409224444413
H            1.51133225238988        3.53876013118249        3.14387696381027
H            0.64328385061777        4.47758526289306       -0.24826161852144
H           -0.12324341591649        2.94602821870330       -0.67399445255327
H           -0.92535501173430        4.06152893515890        0.46841238221170
28
 energy: -34.808501899542 gnorm: 0.004570793112 xtb: 6.7.1 (edcfbbe)
O            2.61244767504580       -1.30563965763961       -1.54300544219642
C            2.11319318740949       -0.50214926813554       -2.59536762730293
C            0.86685012982854        0.24560147813831       -2.11483955740077
O            1.12951687527759        1.36641196208383       -1.28700282245276
C            1.76178447010254        1.05052478097574       -0.06286977707196
C            1.95912486921923        2.31667995521384        0.76907250879018
N            0.71967879941874        2.99887566664364        1.25388768751737
C           -0.20731695585460        2.04041965509894        1.88083584987814
C            1.11096310656882        4.00752137428862        2.25684674593654
C            0.03994760415236        3.67551136192168        0.13421084296395
H            3.24774914007053       -1.93534291610169       -1.90082248748828
H            2.87402151849596        0.22068279382425       -2.92666259659748
H            1.81973767360254       -1.12166540583914       -3.44954695412834
H            0.33947513784999        0.66230822444719       -2.97610854223504
H            0.21355162536900       -0.46472470506655       -1.58539689230659
H            1.18735388457633        0.28216185332248        0.47221904788124
H            2.75982717328112        0.63161376428762       -0.24491424031126
H            2.56020381074443        2.04979184779026        1.64030093238764
H            2.51229701831740        3.03736619470064        0.16306199009427
H            0.32723912247866        1.39545150633065        2.57375291679497
H           -0.97900296296351        2.57584955219541        2.42959701503025
H           -0.68880657434081        1.43048470513143        1.12244149960974
H            1.86873018872360        4.67504274983133        1.84999148029888
H            0.24495946502329        4.60288103338662        2.54392828413777
H            1.51090022434970        3.52475442047107        3.14690158215180
H            0.66463488139294        4.48149291780642       -0.25107675720322
H           -0.13103973996901        2.96344748719269       -0.67238476914865
H           -0.90828134816779        4.09548666769911        0.46944008236954
28
 energy: -34.808601183537 gnorm: 0.007044243704 xtb: 6.7.1 (edcfbbe)
O            2.64853853079527       -1.28578782810690       -1.57012401728448
C            2.10425038881581       -0.49340283804161       -2.59809492020304
C            0.85072594919521        0.21352755380596       -2.08758205274642
O            1.09521760348904        1.34292326190173       -1.26961005762550
C            1.76160580340005        1.04627450627870       -0.06276417329567
C            1.95720337648558        2.31590135195308        0.76721033786757
N            0.72022027203082        3.00143988174922        1.25164867256401
C           -0.21390080104123        2.04689814312649        1.87071468222480
C            1.11476326293816        4.00139610078274        2.26139627268475
C            0.04898895215170        3.68742569726159        0.13213609672754
H            3.28819795367947       -1.89064250977592       -1.95340061662575
H            2.83233482367251        0.25325446974168       -2.93380637914400
H            1.81622576768683       -1.11298470263124       -3.45206643336908
H            0.29096840071359        0.60416594486610       -2.93728642845840
H            0.23627970233934       -0.51318920444610       -1.54220051736253
H            1.21591439534952        0.27099826301221        0.49011788961046
H            2.76297082370639        0.64613298471428       -0.26508723473749
H            2.55913236535096        2.04632659890495        1.63641108982743
H            2.51222524226994        3.03754217943353        0.16313938124778
H            0.30411317735216        1.44202208386566        2.61563953480970
H           -1.02586778590829        2.58573494910682        2.36208393270266
H           -0.64505351950651        1.39582588690506        1.11304198530868
H            1.86732635911002        4.67425575902111        1.85597204643975
H            0.24996412577704        4.59027921947140        2.56379754429389
H            1.52318717849704        3.51057423298304        3.14326419545183
H            0.68513618842719        4.48035669307034       -0.25605469585756
H           -0.14162010504664        2.97736269802089       -0.67026828447363
H           -0.88930843172801        4.12622862302439        0.46826214942113
28
 energy: -34.808643652800 gnorm: 0.010465750697 xtb: 6.7.1 (edcfbbe)
O            2.72946129397478       -1.24878629281577       -1.60071472551403
C            2.09467491717285       -0.47722449666812       -2.60945216077601
C            0.81749412454695        0.16547426105406       -2.04768046716628
O            1.03917147472223        1.30743750632272       -1.24017136159211
C            1.75393848889421        1.03454252625484       -0.05115622878488
C            1.95631363367324        2.31348929094955        0.76386148473415
N            0.72275508399333        3.00553351507133        1.24763590675769
C           -0.22355891966562        2.05417562114203        1.85401770231527
C            1.12112929978525        3.99549872498094        2.26616348086177
C            0.06228188883925        3.70473872016805        0.12897890326968
H            3.39252234841449       -1.81844488379968       -2.00986166380774
H            2.77338271445053        0.31356396742150       -2.97743257864447
H            1.80209011720932       -1.10926304583470       -3.45374458823283
H            0.20215508480428        0.53077971645777       -2.87857860412726
H            0.25807310458128       -0.59601173089510       -1.47555452132495
H            1.23877554529800        0.25462365331234        0.53000491411622
H            2.75681087197870        0.64963950683631       -0.28218387419495
H            2.56287607240889        2.04976670239223        1.63160196439774
H            2.50928371984288        3.02958643546307        0.15126094850576
H            0.28162925930094        1.45193289829919        2.61204833504425
H           -1.04410259410521        2.59741080371557        2.32841920928085
H           -0.64177081022650        1.40027529568334        1.08950589079877
H            1.88009839621704        4.66546128003292        1.86760941415645
H            0.25976429192370        4.58803232212446        2.57049642360097
H            1.52356651808934        3.49483048226634        3.14570800174314
H            0.71365127684725        4.48506754730825       -0.26032554422964
H           -0.14568003957954        2.99619579630471       -0.67138029808370
H           -0.86704716338869        4.16251387645097        0.46741403689435
28
 energy: -34.808860567500 gnorm: 0.003638800293 xtb: 6.7.1 (edcfbbe)
O            2.72352671946916       -1.23456994684281       -1.60243588939471
C            2.09105961161819       -0.47012387624925       -2.61245381136443
C            0.81930899884545        0.16614149630055       -2.04427100653882
O            1.03879757475524        1.30516260385877       -1.23254243289577
C            1.75476231419828        1.03193745526924       -0.04562265991311
C            1.95906917443873        2.31136518347319        0.76545541162799
N            0.72473557427090        3.00421131096712        1.24667693382566
C           -0.22270768545528        2.05288437164388        1.85195194239595
C            1.12053516328610        3.99657393243407        2.26426353622411
C            0.06491406187933        3.70156053970638        0.12643220141100
H            3.38351769182070       -1.80842401444053       -2.00667789898989
H            2.76448953398056        0.31944474493604       -2.97835757552937
H            1.80011816918978       -1.10551392331142       -3.45507368327872
H            0.20036551757662        0.52737027435609       -2.86839390044442
H            0.26979186403639       -0.59816101015345       -1.47564151295063
H            1.23975679867989        0.25302811056207        0.53383519851564
H            2.75350949735541        0.64293881180742       -0.28061110496963
H            2.56455849131866        2.04939323011781        1.63477176275234
H            2.51221991784523        3.02443529361366        0.15091060891099
H            0.27849120521598        1.45011923961774        2.60848780544795
H           -1.04095160163681        2.59555908443372        2.32441946948428
H           -0.64016020398533        1.40033557481776        1.08843907315499
H            1.87865344350204        4.66749598416758        1.86455889361099
H            0.25759136891332        4.58828727817783        2.56560197851388
H            1.52359584355485        3.49845232659064        3.14475609110207
H            0.71374079923070        4.48466794987685       -0.26075481597370
H           -0.13703806410573        2.99299093339120       -0.67501298412217
H           -0.86651177979519        4.15327704087697        0.46377836938566
28
 energy: -34.808915714976 gnorm: 0.001154302676 xtb: 6.7.1 (edcfbbe)
O            2.72362375403651       -1.22343565855854       -1.60615932520075
C            2.08829959953623       -0.46182211269423       -2.61344268841663
C            0.81716434708320        0.16577762324502       -2.03998976570051
O            1.03708137872928        1.30210224382382       -1.22475350153408
C            1.75538371566225        1.02818317536775       -0.03956533265202
C            1.96204256405122        2.30842780926869        0.76765302415553
N            0.72686791983624        3.00259207541938        1.24533370395319
C           -0.22216185654113        2.05182251628027        1.84971671856932
C            1.11973108946303        3.99761595702139        2.26167717000259
C            0.06823991235241        3.69800454602543        0.12294650439209
H            3.38043384360278       -1.80053403708360       -2.00870556688216
H            2.75632205854767        0.32839190491960       -2.98095611555180
H            1.79686348822382       -1.09795400599832       -3.45571040664769
H            0.19183122896998        0.52670212502152       -2.85691066280987
H            0.27736968096550       -0.60216832367487       -1.47120386121593
H            1.24040330963834        0.25116068432527        0.54114840503941
H            2.75180326441679        0.63659794384988       -0.27690142588635
H            2.56646991381016        2.04919676117520        1.63875190472415
H            2.51556723215871        3.01872997222367        0.15104278749722
H            0.27705784902631        1.44814962528526        2.60534942887649
H           -1.03903539709486        2.59529853033048        2.32082211716258
H           -0.63885374254973        1.40073701235110        1.08542364034346
H            1.87701499620483        4.66918823975657        1.86085912172325
H            0.25516859799568        4.58852289584572        2.55978317380500
H            1.52300806174965        3.50240223469820        3.14351032341040
H            0.71454136485971        4.48484342530844       -0.26059771289922
H           -0.12577288030351        2.98915850104815       -0.68013767522353
H           -0.86672529442793        4.14314833541790        0.45750601696395
28
 energy: -34.808954175095 gnorm: 0.002143644498 xtb: 6.7.1 (edcfbbe)
O            2.72959534545967       -1.21166334888338       -1.61521733386798
C            2.08453287179575       -0.45241289406704       -2.61635462379756
C            0.81296182941047        0.16266344488043       -2.03179444304809
O            1.03289955773145        1.29662135783657       -1.21276827632085
C            1.75599281161066        1.02242077578561       -0.03027224376102
C            1.96537440287590        2.30476444011305        0.77156813303343
N            0.72926455385541        3.00129887772508        1.24382429079112
C           -0.22218672454974        2.05161581184517        1.84710970632925
C            1.11861687583075        3.99967595340961        2.25821200599876
C            0.07335283932572        3.69416344501029        0.11782735978109
H            3.38243647025345       -1.79138738303221       -2.01935409621204
H            2.74367823093000        0.34357392092929       -2.98580662007332
H            1.79230626366461       -1.08743201402208       -3.45983803939270
H            0.17750561182052        0.52443370569685       -2.83987126076454
H            0.28506179058950       -0.61160374512663       -1.46147240002237
H            1.24175231989916        0.24764016869044        0.55382872155696
H            2.75039970834640        0.62850784247670       -0.27090748590625
H            2.56842842297716        2.04960829629440        1.64492535976668
H            2.51987408582281        3.01162819239348        0.15219237028404
H            0.27548839216899        1.44622975679647        2.60210090304665
H           -1.03797573810167        2.59658204314846        2.31751118210935
H           -0.63871514451076        1.40250486429773        1.08108171234756
H            1.87531103073755        4.67135087936134        1.85616495289327
H            0.25223852110390        4.58991422484826        2.55210721865380
H            1.52139143607839        3.50809206415688        3.14212854070618
H            0.71621609514418        4.48698802808796       -0.25912039548643
H           -0.10833034857304        2.98501596355010       -0.68801217973759
H           -0.86773151169400        4.13004532779638        0.44669694109052
28
 energy: -34.808981578744 gnorm: 0.001543536785 xtb: 6.7.1 (edcfbbe)
O            2.73749749469402       -1.20692753200518       -1.62337560672871
C            2.08263221276217       -0.44834851967907       -2.61894803965741
C            0.81011504882430        0.15794075654879       -2.02589228988157
O            1.02912602358072        1.29134976073688       -1.20564382289561
C            1.75592860852977        1.01874824642257       -0.02476983504054
C            1.96629033942620        2.30300604892553        0.77404950546724
N            0.73008005381242        3.00147615192079        1.24329349863736
C           -0.22294461470016        2.05288673404675        1.84612236253266
C            1.11818877471847        4.00126027131600        2.25658726364473
C            0.07641389182342        3.69343642482953        0.11517838676880
H            3.38779518214067       -1.78661353542865       -2.03205962717862
H            2.73530494126909        0.35372899306860       -2.98904896821198
H            1.79010238329511       -1.08161621019091       -3.46366890925106
H            0.16819445805825        0.51939196536059       -2.82965768618579
H            0.28876192981027       -0.62050233063279       -1.45425696663406
H            1.24309743675428        0.24502594644326        0.56237417665015
H            2.74973819623201        0.62436415503785       -0.26757143845103
H            2.56866629832302        2.05012495903748        1.64848820275584
H            2.52171614575892        3.00799807829374        0.15318365841297
H            0.27415439800711        1.44621251397456        2.60087731185487
H           -1.03813884370285        2.59880353779529        2.31709136704396
H           -0.64034180839913        1.40498549930593        1.07923736443799
H            1.87525821034147        4.67227168599087        1.85426370589908
H            0.25133976918192        4.59182301819376        2.54835996651040
H            1.51989826125343        3.51121830462250        3.14182289179945
H            0.71729115124315        4.49018838709724       -0.25687144089701
H           -0.09781961711810        2.98464699785072       -0.69262489674534
H           -0.86860632591675        4.12395969111660        0.43994986534111
28
 energy: -34.809028980440 gnorm: 0.001453712579 xtb: 6.7.1 (edcfbbe)
O            2.76001162221848       -1.19682818903220       -1.64428333471737
C            2.07879937298438       -0.44027560152072       -2.62524903385008
C            0.80394003421087        0.14350778435598       -2.01140746998054
O            1.01789447556208        1.27685701608258       -1.18970969209634
C            1.75447374278639        1.01038644122041       -0.01292988225989
C            1.96696661009173        2.29959580699610        0.77882930233259
N            0.73127850443681        3.00288195341935        1.24232110962710
C           -0.22557331987930        2.05746834458898        1.84415408603918
C            1.11785951747995        4.00468641084217        2.25379747482177
C            0.08323584907668        3.69399497119157        0.10998023072671
H            3.40372163054982       -1.77446906257577       -2.06758091673244
H            2.71475472190996        0.37716309885017       -2.99635259716301
H            1.78617995719627       -1.06966588199298       -3.47239693882471
H            0.14660394090313        0.50087249064881       -2.80611814927497
H            0.29902089895462       -0.64505221515138       -1.43661517174006
H            1.24667535469049        0.23883672400399        0.58240839375978
H            2.74739805658769        0.61638134938292       -0.26137923911486
H            2.56814614739048        2.05107034145086        1.65521286336329
H            2.52459640986684        3.00041231837532        0.15470299007709
H            0.26997098535531        1.44757001856775        2.59818971636878
H           -1.03885393724311        2.60574771017306        2.31720156826946
H           -0.64594630015365        1.41255362637063        1.07581155100662
H            1.87717497836718        4.67323566973043        1.85192885052364
H            0.25087559205824        4.59734315689642        2.54099986535654
H            1.51577422986006        3.51693644356823        3.14206806698562
H            0.71976973979867        4.49990787258977       -0.24987357872415
H           -0.07457657074852        2.98701604821904       -0.70281209558936
H           -0.87043224430830        4.11270535274780        0.42559203080728
28
 energy: -34.809060344847 gnorm: 0.001825534044 xtb: 6.7.1 (edcfbbe)
O            2.77801766783279       -1.18722074279886       -1.65936119765770
C            2.07617975226084       -0.43443673946701       -2.62942307729875
C            0.79997589350060        0.13080232760812       -2.00050325392487
O            1.00747392321347        1.26513870178800       -1.17883328284779
C            1.75232577445257        1.00486237367051       -0.00573019833341
C            1.96666333029926        2.29746850499917        0.78093257677628
N            0.73188033889626        3.00419066787472        1.24159833530476
C           -0.22811699486356        2.06151916385714        1.84237932782887
C            1.11837691354747        4.00620900793562        2.25280702152949
C            0.08803569936893        3.69584010325254        0.10701401032903
H            3.41749428794337       -1.76100603231014       -2.09454375203705
H            2.69847496820933        0.39312817415071       -3.00205137426139
H            1.78344025126212       -1.06294266610819       -3.47670254102148
H            0.13054488609846        0.48119981603829       -2.78858756429986
H            0.30995605698229       -0.66537264081511       -1.42288173931158
H            1.24969676314355        0.23469216496416        0.59596700010799
H            2.74456087000434        0.61202486691971       -0.25918600112780
H            2.56756947098660        2.05118447483480        1.65812317226876
H            2.52535303397979        2.99541581008718        0.15447333833860
H            0.26529307583987        1.44954550101981        2.59621594250611
H           -1.03980116462222        2.61184528819192        2.31604827059750
H           -0.65032725501395        1.41857838335734        1.07335579155212
H            1.88089623920656        4.67206305142968        1.85256135409352
H            0.25215024612954        4.60178252360769        2.53652152785210
H            1.51197971126927        3.51864747809511        3.14316299351485
H            0.72243695317027        4.50665601686483       -0.24523220395517
H           -0.06077784379988        2.99068298263039       -0.70882101334787
H           -0.87001284929462        4.10834143832118        0.41718653682224
28
 energy: -34.809109109307 gnorm: 0.002159927169 xtb: 6.7.1 (edcfbbe)
O            2.80436769375786       -1.17041983069167       -1.67882106575888
C            2.07239138676818       -0.42642880325859       -2.63429862782680
C            0.79438029099821        0.11103493912720       -1.98488589737162
O            0.98998072946528        1.24816863785386       -1.16446356225148
C            1.74809017547937        0.99801332550265        0.00242538403523
C            1.96567248699801        2.29504166184109        0.78178578192287
N            0.73262044724604        3.00614471048528        1.24027953397545
C           -0.23227811665042        2.06730653494839        1.83864597708370
C            1.12021103564826        4.00656304018937        2.25271949984115
C            0.09452597028857        3.70016240127360        0.10381037054475
H            3.44079608067908       -1.73529900405619       -2.12969928666389
H            2.67334090076364        0.41472073233532       -3.01098360265695
H            1.77968340911718       -1.05650725197402       -3.47999196664439
H            0.10638288481496        0.44771672564335       -2.76313696733591
H            0.32904009189373       -0.69612930139845       -1.40202271823558
H            1.25433293895639        0.22949046829597        0.61364274959685
H            2.73925423115417        0.60773343037731       -0.25933364649524
H            2.56709142570135        2.05113093959692        1.65930829230444
H            2.52503817774242        2.98932279960788        0.15197264040409
H            0.25698774857165        1.45296801619173        2.59312664898625
H           -1.04233349708671        2.62073262673997        2.31140991351281
H           -0.65568112921535        1.42662880791418        1.06846865245258
H            1.88921245455247        4.66738656320450        1.85640186601831
H            0.25618931984646        4.60786888809360        2.53139164229915
H            1.50576569937429        3.51711302050666        3.14564769729130
H            0.72827179914854        4.51472209566470       -0.24034973603140
H           -0.04667019918185        2.99747679818901       -0.71512890882726
H           -0.86692443682837        4.10817702779572        0.40856933582783
28
 energy: -34.809159159746 gnorm: 0.002611419845 xtb: 6.7.1 (edcfbbe)
O            2.83049610960106       -1.14988724100218       -1.69778948295712
C            2.06766557044904       -0.41737198724894       -2.63888113343984
C            0.78794860619853        0.09017688948411       -1.96824770968923
O            0.97084286293680        1.23040513130855       -1.14913482568454
C            1.74357596079369        0.99090481131335        0.01057263951175
C            1.96486365866272        2.29230260436648        0.78197943469376
N            0.73362381560544        3.00779946026525        1.23860183078890
C           -0.23666791743470        2.07271055267495        1.83381386826713
C            1.12257904415361        4.00599547372841        2.25283406332566
C            0.10140616629580        3.70462994048898        0.10048040738565
H            3.46735400903848       -1.70292092466514       -2.16243947801544
H            2.64539922464141        0.43753269608901       -3.02080557608632
H            1.77565480326787       -1.05053241898519       -3.48232225548217
H            0.08050597788920        0.41174897203043       -2.73558027577927
H            0.34966056296069       -0.72799407031009       -1.37956681971471
H            1.25954079898996        0.22409233899035        0.63181406183541
H            2.73319684823503        0.60311686333781       -0.26062183398239
H            2.56741192694860        2.05129945039038        1.65958952351824
H            2.52435586830283        2.98273785061806        0.14816242203208
H            0.24755921642277        1.45678842612364        2.59011158278935
H           -1.04606288164066        2.62933968550930        2.30377803780602
H           -0.65961152412928        1.43361014682740        1.06213671226355
H            1.89907433502942        4.66087085820648        1.86106065573965
H            0.26136690100999        4.61396275901214        2.52597608244756
H            1.49893495098020        3.51393709972508        3.14834353352525
H            0.73656696209495        4.52037372025945       -0.23796939223482
H           -0.03578625259297        3.00360443853452       -0.72041502129424
H           -0.86171560470694        4.11160647292683        0.40100894842725
28
 energy: -34.809230135353 gnorm: 0.004507637015 xtb: 6.7.1 (edcfbbe)
O            2.87622682466876       -1.10931758497842       -1.73113148742492
C            2.05756980871295       -0.40065598123636       -2.64637633171279
C            0.77601242494053        0.05227753240850       -1.93783062996819
O            0.93554258499981        1.19769342571994       -1.12045183510862
C            1.73536407976480        0.97758291701895        0.02550467058601
C            1.96358176015666        2.28698387100322        0.78168006237231
N            0.73562428544772        3.01028861644786        1.23513642441384
C           -0.24468686391521        2.08183479701645        1.82406128577011
C            1.12728746786085        4.00398001734952        2.25295506632750
C            0.11411481978332        3.71261228735974        0.09435915351659
H            3.51858720038456       -1.63666884137484       -2.21851702080728
H            2.59154794624220        0.47896650492274       -3.03813989994493
H            1.76767721426075       -1.04049974229219       -3.48533417459249
H            0.03382474458828        0.34565358268858       -2.68468946891628
H            0.38791946036037       -0.78520697767785       -1.33921740489171
H            1.26962924008272        0.21390087651364        0.66508756965343
H            2.72184882721654        0.59440424750377       -0.26342877299273
H            2.56873575018733        2.05199443640681        1.65922437143405
H            2.52279346687378        2.97027582469574        0.13998344142775
H            0.22972509684526        1.46419365834031        2.58503723891493
H           -1.05413003450235        2.64420069422270        2.28693445172409
H           -0.66489798144883        1.44452841771574        1.04945208856947
H            1.91770829495056        4.64758626189748        1.86973946014102
H            0.27164552916689        4.62437863572022        2.51611677375786
H            1.48647489398653        3.50680948827965        3.15294719537086
H            0.75443036307826        4.52697295204424       -0.23722434424703
H           -0.02097361154514        3.01356456055059       -0.72828311751882
H           -0.84944359314416        4.12250552173276        0.38889523414270
28
 energy: -34.809296867173 gnorm: 0.003870967046 xtb: 6.7.1 (edcfbbe)
O            2.89885018370313       -1.08112932339283       -1.74883176851158
C            2.04983051963992       -0.39082655813834       -2.64964319512076
C            0.76969446001474        0.02988299626794       -1.92020554566095
O            0.91468363144499        1.17766653601965       -1.10313533640496
C            1.73048413184173        0.96939212812173        0.03390565868181
C            1.96269156164070        2.28350895256536        0.78034278795073
N            0.73683082408147        3.01114823202480        1.23267642822652
C           -0.24942463860019        2.08645033307942        1.81743241701663
C            1.13069930957343        4.00140921077726        2.25310335272690
C            0.12138380889810        3.71716851897619        0.09101249997583
H            3.55094812719030       -1.58681975246564       -2.24649660044784
H            2.55707960659078        0.50130366468201       -3.04671266806845
H            1.76269444162816       -1.03628953965409       -3.48522042215427
H            0.00987180432018        0.30515437590762       -2.65499956900727
H            0.41098064116965       -0.81659075954791       -1.31754212384807
H            1.27632041305033        0.20771580158687        0.68411405933380
H            2.71464162144071        0.58898303471597       -0.26597443707731
H            2.57038007652920        2.05284116446802        1.65730144872167
H            2.52083568913670        2.96250040563376        0.13321653301739
H            0.21848734941184        1.46955272626777        2.58300525248342
H           -1.06045731115464        2.65210652381189        2.27357337156596
H           -0.66566530755631        1.44853585478539        1.04112115335159
H            1.92958078250333        4.63774147907699        1.87534297683564
H            0.27921875727729        4.62958356379627        2.51096317519641
H            1.47938830458645        3.50060807044947        3.15518674399563
H            0.76835934718698        4.52572659073595       -0.24153523097722
H           -0.01995382536449        3.01782788885992       -0.73014274184323
H           -0.83869431018057        4.13568788058810        0.38463178003854
28
 energy: -34.809375369695 gnorm: 0.001654186738 xtb: 6.7.1 (edcfbbe)
O            2.91605898034950       -1.04683242462951       -1.76367140958306
C            2.03994027957985       -0.37987854512206       -2.65110736510428
C            0.76385480818795        0.00938295316463       -1.90321608602569
O            0.89561052846660        1.15747172824050       -1.08433256582384
C            1.72611284689969        0.96001585418356        0.04320725596590
C            1.96246771125691        2.27884624153545        0.77860614144217
N            0.73848129111043        3.01070061891090        1.22945123203064
C           -0.25376707964137        2.08944972399403        1.80945365273020
C            1.13431534019026        3.99763984297353        2.25229956726282
C            0.12901751171277        3.72009890922008        0.08705145219441
H            3.58418686082488       -1.52420946340921       -2.26751797486872
H            2.51799985937421        0.52289456551764       -3.05509151459928
H            1.75637871268721       -1.03278068626985       -3.48246468996545
H           -0.01198093027743        0.26724042012465       -2.62451245821810
H            0.43557741903058       -0.84452377743476       -1.29816071469755
H            1.28297372721503        0.20126010510953        0.70332244670974
H            2.70705830474742        0.58111781517090       -0.26690659852197
H            2.57317314177084        2.05400468826160        1.65495858000333
H            2.51899775240400        2.95271631171081        0.12486832505306
H            0.20662527292612        1.47543601733425        2.58164475880991
H           -1.06816543200668        2.65799395152152        2.25561676572492
H           -0.66316781991767        1.44890650141785        1.03166016587814
H            1.93998119702033        4.62733772301958        1.87907499093996
H            0.28698998891650        4.63237396849800        2.50609137330940
H            1.47413009015964        3.49383332961766        3.15562308982107
H            0.78748389935202        4.51673154381220       -0.25292269718590
H           -0.02733114654049        3.01802397575156       -0.72963723353719
H           -0.82326311579507        4.15558810777456        0.38310151025172
28
 energy: -34.809102950745 gnorm: 0.013754764228 xtb: 6.7.1 (edcfbbe)
O            2.99630221680291       -0.93967698232932       -1.82751776348872
C            2.01088672421108       -0.33963762424497       -2.66289606874647
C            0.73956466281442       -0.06438808545554       -1.83916340014744
O            0.82786554018016        1.08724928861998       -1.01619110295638
C            1.71130369375972        0.92651971621745        0.08067823690012
C            1.96287480771896        2.26281847516113        0.77885169363176
N            0.74458659360953        3.01141831147445        1.21953817124170
C           -0.26915184588091        2.10334183820240        1.78457736148862
C            1.14397262773439        3.99073844040470        2.24818912596056
C            0.15810042423459        3.73022623458207        0.07080889320751
H            3.69346025785362       -1.34350134597843       -2.36694870725850
H            2.38815059505346        0.60985697197863       -3.09315265745240
H            1.73445547964451       -1.01216998941455       -3.48233172868431
H           -0.10378808821918        0.13889348219626       -2.51195473455304
H            0.51880770101548       -0.95412497487879       -1.22005256462284
H            1.30402731829653        0.17793316788740        0.77780857941343
H            2.68286026471815        0.55248661539326       -0.26414271263983
H            2.57975312594023        2.05668162717545        1.65584579753300
H            2.51780768023790        2.91812767777862        0.10440199230842
H            0.16765423272110        1.49209454125192        2.57282038607883
H           -1.08920136734646        2.68291776816283        2.20584194910263
H           -0.66398303926084        1.46049873968519        1.00092740941540
H            1.97148525525996        4.60054970051121        1.88850201428990
H            0.30688892214685        4.64564160628021        2.48542508442761
H            1.45515351955892        3.47975155748001        3.15826925878730
H            0.84199115000686        4.50465018909020       -0.27520432068564
H           -0.02024254399440        3.02441321398019       -0.73974152483170
H           -0.78184590881304        4.19752983878788        0.36330133227602
28
 energy: -34.809444650363 gnorm: 0.003192766811 xtb: 6.7.1 (edcfbbe)
O            2.96380236775502       -0.97026189422178       -1.80503062386425
C            2.01901602029037       -0.35122449425978       -2.65882976515353
C            0.74880955128123       -0.03625530192419       -1.86081302041104
O            0.85443092864142        1.11141689854120       -1.03618656463104
C            1.71770590688908        0.93596452440087        0.07120411616674
C            1.96413828472536        2.26668992684374        0.78030533148860
N            0.74315390428130        3.00970533604666        1.22231431374363
C           -0.26312729707422        2.09701463393561        1.79252262047913
C            1.13987071781333        3.99326350515586        2.24771872471121
C            0.14890474026634        3.72353090879058        0.07479488129530
H            3.65124171775355       -1.39694572814972       -2.32967417586860
H            2.42997035563353        0.57923117031147       -3.08115205556152
H            1.74070539168690       -1.01803348866882       -3.48192975624462
H           -0.06845745345862        0.18890277538875       -2.54902067320384
H            0.48923721587086       -0.91204842692491       -1.25010734190098
H            1.29655605988507        0.18518821865971        0.75526549989632
H            2.69190371352014        0.55854018302303       -0.26035347642235
H            2.57872309315396        2.05627862288772        1.65759353984780
H            2.51950838483695        2.92701307780128        0.11172587347008
H            0.18124405544676        1.48671237293666        2.57685901330405
H           -1.08256431264148        2.67263843903681        2.21965140725138
H           -0.66079013868582        1.45309700548575        1.01126695193550
H            1.95667110329843        4.61217056657609        1.88119778160150
H            0.29780191138222        4.63835197679200        2.49206622346789
H            1.46435511195997        3.48657647257488        3.15488130965751
H            0.82702787516620        4.50023846424113       -0.27523546804287
H           -0.02850061718950        3.01681109799069       -0.73469447702119
H           -0.79159859248402        4.18627315672850        0.37014981000502
28
 energy: -34.809476412826 gnorm: 0.001205305949 xtb: 6.7.1 (edcfbbe)
O            2.96289905957185       -0.96629779147079       -1.80752799324716
C            2.01678010583140       -0.34980613995256       -2.65919699180471
C            0.74963793794469       -0.03442981572245       -1.86011651746514
O            0.85721378171515        1.11105482659790       -1.03296710125049
C            1.71897186351951        0.93408777603774        0.07480691356285
C            1.96535812335681        2.26516824177917        0.78285394296890
N            0.74369235559841        3.00878879057638        1.22211956319437
C           -0.26279647727155        2.09664761349536        1.79284086425254
C            1.13868952692062        3.99446474977658        2.24603260927378
C            0.15019716092924        3.72050963762261        0.07296473709984
H            3.64815368933227       -1.39149118195428       -2.33417868465731
H            2.42577601220018        0.57949824090883       -3.08152693658454
H            1.73850965926829       -1.01698368087409       -3.48192342537886
H           -0.06613281231058        0.19267834518210       -2.54738756879497
H            0.48921834985462       -0.90985339302788       -1.25252089961005
H            1.29619810789291        0.18451944473680        0.75876794356040
H            2.69283414099372        0.55502586250843       -0.25553581646836
H            2.57893198818153        2.05614166943496        1.66102827737635
H            2.52151119420407        2.92425301694436        0.11398571097412
H            0.18125707651644        1.48757565208359        2.57828756286144
H           -1.08272232597850        2.67265082479545        2.21844862825754
H           -0.65959229825162        1.45149418006425        1.01211571590130
H            1.95253004842551        4.61601190893891        1.87750406216716
H            0.29475563559343        4.63668067858604        2.49142775496615
H            1.46657478630674        3.48973440319933        3.15302679199346
H            0.82939297047956        4.49435034816809       -0.28009506170070
H           -0.02940299404134        3.01231984517268       -0.73432379288742
H           -0.78869666677904        4.18604594639229        0.36757971143527
28
 energy: -34.809503624713 gnorm: 0.001647339895 xtb: 6.7.1 (edcfbbe)
O            2.96918858852478       -0.95152622861450       -1.82011428314898
C            2.01140267479019       -0.34320542805801       -2.66244022670717
C            0.74969655555308       -0.03785837086113       -1.85346929720119
O            0.85784104736116        1.10421720689216       -1.02200087868572
C            1.72032496223745        0.92752906738537        0.08500288211571
C            1.96743862959268        2.26079760331929        0.78888820501943
N            0.74501814737762        3.00745748619978        1.22133568540765
C           -0.26363387512616        2.09812810355495        1.79275737643765
C            1.13669870211847        3.99747229021811        2.24220264053872
C            0.15536533821737        3.71525094661881        0.06775519787604
H            3.64896810737702       -1.37133725629237       -2.35566549911336
H            2.40897171689909        0.58849186787253       -3.08641905945803
H            1.73206695348466       -1.01235769778387       -3.48292284501474
H           -0.07010153318609        0.18905769593898       -2.53506397767602
H            0.49610700213039       -0.91638724930110       -1.24961680250277
H            1.29665400413077        0.18086899632190        0.77128162005483
H            2.69315766134358        0.54581955179022       -0.24520412032794
H            2.57824314380098        2.05492454976868        1.66953647122315
H            2.52630520388176        2.91621920891440        0.11903906744761
H            0.17823747326202        1.49118768876394        2.58099892409740
H           -1.08388029374722        2.67613166527388        2.21478580829880
H           -0.65924611699680        1.45085685556294        1.01322412971182
H            1.94549203531856        4.62375068767499        1.87025508658541
H            0.28923223206318        4.63475631030029        2.48866469055468
H            1.47025893862824        3.49679942932398        3.14946511596366
H            0.83718484099071        4.48466753365504       -0.28827999505277
H           -0.02531024433323        3.00417127129888       -0.73604923880619
H           -0.78194189568991        4.18495621426172        0.35854332235795
28
 energy: -34.809535797218 gnorm: 0.001199901132 xtb: 6.7.1 (edcfbbe)
O            2.98585287000215       -0.92553107791219       -1.84254384179880
C            2.00242518716630       -0.33227120462948       -2.66769272157780
C            0.74772254084890       -0.04945201503910       -1.83961618271291
O            0.85152782355226        1.08962877751913       -1.00353556713765
C            1.71981065646656        0.91679491598455        0.09990981360052
C            1.96927595950824        2.25379297256870        0.79667608713793
N            0.74690245178846        3.00610282811982        1.21995844597360
C           -0.26646161866340        2.10213227862456        1.79161065994541
C            1.13547446059437        4.00093737887706        2.23723678736624
C            0.16440584217681        3.70967804201363        0.06001064304141
H            3.66321332227603       -1.33142603565043       -2.39279742891142
H            2.37640689651798        0.60777464849120       -3.09618097808097
H            1.72155734810213       -1.00482883490329       -3.48474336859112
H           -0.08316869170824        0.17162290107591       -2.51018138065834
H            0.51182821114213       -0.93474020285833       -1.23841239885016
H            1.29864278971246        0.17383137119231        0.79184910065644
H            2.69097608860992        0.53348247342559       -0.23356275441967
H            2.57656421782540        2.05181621861957        1.68061756376447
H            2.53222680780828        2.90358516294293        0.12483811290859
H            0.17049203605210        1.49838864059381        2.58506114614693
H           -1.08732015095473        2.68413429924047        2.20696808606397
H           -0.65982200861847        1.45173158307119        1.01357422929206
H            1.94032532345650        4.63066315352615        1.86210285576162
H            0.28491304385213        4.63455124616992        2.48318596382999
H            1.47315782210422        3.50483626767973        3.14561884536114
H            0.85140238417533        4.47333617731294       -0.29853982404057
H           -0.01715162222525        2.99437662485072       -0.73973542341904
H           -0.77143999156412        4.18589140909289        0.34481352934353
28
 energy: -34.809534816083 gnorm: 0.004596250395 xtb: 6.7.1 (edcfbbe)
O            3.02145172461322       -0.85852248152227       -1.89340728471692
C            1.98271970542508       -0.30451694963590       -2.68136100619257
C            0.74254372779732       -0.08039407460280       -1.80751114288448
O            0.83139785100166        1.05343301423667       -0.96197859363607
C            1.71658530751574        0.89220219398902        0.13126838799377
C            1.97190195637461        2.23716833362109        0.81258109768942
N            0.75104606860151        3.00309679792392        1.21664822814411
C           -0.27406000347948        2.11212079237619        1.78818214739107
C            1.13517259797517        4.00703175481968        2.22650483053906
C            0.18525819650774        3.69870775879390        0.04331012110409
H            3.69974027168139       -1.22853768755606       -2.47004240735835
H            2.30118304287562        0.65403076027198       -3.12000997173313
H            1.70063013103784       -0.98731095918386       -3.48977096954204
H           -0.12016759678935        0.12042917283453       -2.44998973535309
H            0.55673417639829       -0.98399297453157       -1.20798687143355
H            1.30472968714262        0.15651457709475        0.83746640532567
H            2.68381444470564        0.50736392501158       -0.21263130773674
H            2.57167500708810        2.04265274032431        1.70341660814861
H            2.54437100660298        2.87458469576650        0.13673453789953
H            0.15014408329935        1.51711104405735        2.59548939578876
H           -1.09735332060388        2.70372507342621        2.18568262194542
H           -0.66079403766154        1.45320473603145        1.01385639614535
H            1.93466921274134        4.64051834516709        1.84550450107114
H            0.28016296971962        4.63612741746846        2.46983012707005
H            1.47812537408139        3.51961895359116        3.13787990354706
H            0.88608100937622        4.44728631866916       -0.32255303358448
H           -0.00261212628928        2.97389137837685       -0.74683595911049
H           -0.74541046773428        4.19329534318078        0.31621297347366
28
 energy: -34.809563240029 gnorm: 0.001769007273 xtb: 6.7.1 (edcfbbe)
O            3.00962423775450       -0.87911895340376       -1.87692004417441
C            1.98894042644693       -0.31359677482451       -2.67672891976800
C            0.74448327485961       -0.07058616280773       -1.81870254410592
O            0.83774502359696        1.06517025139253       -0.97654486988164
C            1.71702362793430        0.90014731566480        0.12035940460336
C            1.97054860298963        2.24198033649667        0.80782850258289
N            0.74962598553068        3.00389785392030        1.21791949783959
C           -0.27174972847647        2.10932714883468        1.79013528773663
C            1.13582692941316        4.00521249306365        2.22962743835729
C            0.17853146624168        3.70162316001946        0.04874406389718
H            3.68927620134062       -1.25919334187519       -2.44409855776975
H            2.32448016336366        0.63910635044242       -3.11220284653644
H            1.70751210541480       -0.99330592524315       -3.48790681583074
H           -0.10729598978015        0.13593372797868       -2.47054625215352
H            0.54219965898281       -0.96755188267612       -1.21877986786440
H            1.30213610017250        0.16160661554091        0.82141969171257
H            2.68579318532769        0.51633773695201       -0.21999518136778
H            2.57189517823305        2.04378724665632        1.69674079717866
H            2.54095734902880        2.88369076620782        0.13444440519934
H            0.15638469785632        1.51245955642690        2.59366492801686
H           -1.09430118824122        2.69815399434628        2.19260914870113
H           -0.66057580402738        1.45226112641694        1.01539615084986
H            1.93702920940412        4.63722356843711        1.84992563560499
H            0.28239690322325        4.63597657994715        2.47388560759543
H            1.47738599601829        3.51527989737688        3.14009638486641
H            0.87508764230588        4.45482411825746       -0.31495732925252
H           -0.00753420508711        2.97957763488648       -0.74426151519897
H           -0.75368704982231        4.19061556156509        0.32533779915694
28
 energy: -34.809571732491 gnorm: 0.000904374603 xtb: 6.7.1 (edcfbbe)
O            3.01094814591007       -0.87530359597333       -1.87698212114304
C            1.98851473354522       -0.31359165695043       -2.67663573315784
C            0.74477820285772       -0.07182988251061       -1.81913550350181
O            0.83657440480151        1.06449624842912       -0.97761767055997
C            1.71544289181379        0.89976688575508        0.11939443972970
C            1.96944323720091        2.24087207262073        0.80815089134208
N            0.74945416017884        3.00378504453327        1.21811411647224
C           -0.27213546398346        2.11023614859245        1.79130628509735
C            1.13724891131204        4.00523488157099        2.22909047416826
C            0.17830151183738        3.70111189000084        0.04894332174067
H            3.69271241555748       -1.25273247713923       -2.44289981237280
H            2.32134590351859        0.63934789113512       -3.11320484189020
H            1.70839525263072       -0.99410763446460       -3.48775581044975
H           -0.10610190004749        0.13225167136555       -2.47096245992231
H            0.54327414297788       -0.96736037067613       -1.21938872827914
H            1.30058234058681        0.16064869003056        0.81963352041855
H            2.68422021751737        0.51641440037839       -0.22119633510857
H            2.56963846378583        2.04057429535194        1.69740121135084
H            2.54151224803130        2.88279037364016        0.13632271659903
H            0.15551561310565        1.51496559014260        2.59616527345852
H           -1.09495895409912        2.69975912777913        2.19199810753756
H           -0.66042628532373        1.45163659168595        1.01759555659828
H            1.93949249475072        4.63552012814563        1.84885127038304
H            0.28494794170600        4.63758511057325        2.47298450927502
H            1.47810841607198        3.51542848561264        3.13982806362617
H            0.87489350889727        4.45371553428369       -0.31536113630920
H           -0.00854844788618        2.97897559165192       -0.74368941441319
H           -0.75343410725044        4.19064896443545        0.32553980930553
28
 energy: -34.809582125350 gnorm: 0.000942720566 xtb: 6.7.1 (edcfbbe)
O            3.01584942157993       -0.86017866809728       -1.88391875746016
C            1.98651788582159       -0.30884143286997       -2.67927802506359
C            0.74498805232945       -0.07779752491322       -1.81654125054617
O            0.83133476694142        1.05876875734586       -0.97448812272504
C            1.71188842114097        0.89596474054989        0.12143883225660
C            1.96752276151885        2.23663815159871        0.81073831690671
N            0.74954115315779        3.00329425333510        1.21820546487487
C           -0.27392255951325        2.11345566209494        1.79358172913608
C            1.13999385217549        4.00635035896938        2.22659735689612
C            0.18019380726193        3.69887100880046        0.04729780128878
H            3.69977228450461       -1.23011019837979       -2.45128470520698
H            2.30918564747841        0.64580781786177       -3.11701911288415
H            1.71008472337189       -0.99222393589940       -3.48934667296740
H           -0.11101512556318        0.11845756674250       -2.46402561113912
H            0.55460425029452       -0.97550620521543       -1.21585455325868
H            1.29817874650526        0.15691588255737        0.82245935908230
H            2.68021267015356        0.51310749401369       -0.22078191171509
H            2.56480715722573        2.03350289674011        1.70142121405309
H            2.54375179899167        2.87726798043070        0.14111762802071
H            0.15152595500711        1.52180973266064        2.60215092917431
H           -1.09710219167409        2.70554230892047        2.18947748269635
H           -0.66108339441924        1.45134799320551        1.02230755527291
H            1.94399656645092        4.63331169820894        1.84467840812393
H            0.28952635354699        4.64169194609302        2.46898125035887
H            1.47964631817867        3.51801215634082        3.13854281660048
H            0.87790180268850        4.44954729826238       -0.31803789751295
H           -0.00730006914039        2.97559615538001       -0.74393072764993
H           -0.75086105601042        4.19023610526297        0.32200120338211
28
 energy: -34.809594758503 gnorm: 0.001202023138 xtb: 6.7.1 (edcfbbe)
O            3.03703062877191       -0.81555148226570       -1.90728977034752
C            1.97797095895969       -0.29431542379173       -2.68627091563638
C            0.74372447137472       -0.09691570828942       -1.80347575647708
O            0.81747923762645        1.03877855787856       -0.95869517293820
C            1.70428670951805        0.88276899478735        0.13323888179917
C            1.96484802689507        2.22525791201049        0.81804406980711
N            0.75077670243576        3.00166059897578        1.21732648938230
C           -0.27897354322184        2.12132049221936        1.79619924787750
C            1.14523519016945        4.00917506536759        2.21978013463162
C            0.18825358332618        3.69288392913270        0.04058088830104
H            3.72434864951134       -1.16310657051730       -2.48522546818101
H            2.26601126313052        0.66986849820857       -3.13122852062283
H            1.70677705260667       -0.98633917506663       -3.49116503842952
H           -0.12629288435798        0.08088651934536       -2.43730768816840
H            0.58290052687564       -1.00015599499059       -1.20288765607271
H            1.29430833282786        0.14670451559060        0.83979987532115
H            2.67045559175659        0.49920772322898       -0.21360062384852
H            2.55633299338651        2.02041612880980        1.71245380768758
H            2.54938235600920        2.86008171772961        0.14984130369840
H            0.13960266483492        1.53741344847864        2.61404122945521
H           -1.10302870712795        2.72020747156531        2.18002187653347
H           -0.66286452925428        1.45175160515915        1.02963737178298
H            1.95261825107911        4.62970232567723        1.83448517325027
H            0.29773490551371        4.65017390083693        2.45764022885617
H            1.48193842671941        3.52496950230857        3.13503617193356
H            0.89163803461902        4.43645300709548       -0.32862294339005
H           -0.00263113217075        2.96529905703696       -0.74590491531713
H           -0.74012376181012        4.19224338347864        0.31003771910648
28
 energy: -34.809600526193 gnorm: 0.000795644470 xtb: 6.7.1 (edcfbbe)
O            3.04126998941527       -0.80515213403746       -1.91327642793630
C            1.97677602081601       -0.28992771964319       -2.68839276532718
C            0.74407784111865       -0.10092782105623       -1.80091491339204
O            0.81395933243984        1.03375045916411       -0.95424657456808
C            1.70171481019578        0.87881201058409        0.13726866048013
C            1.96412049556744        2.22236743019174        0.81954008900719
N            0.75103595737100        3.00120329357072        1.21722105095389
C           -0.28010150091302        2.12346172659219        1.79759007669971
C            1.14680504133969        4.01012726715253        2.21773364838926
C            0.18966976437272        3.69093959029564        0.03886892451264
H            3.72800026525355       -1.14806293562808       -2.49506449964820
H            2.25760906734198        0.67538745693891       -3.13342651834119
H            1.70777972266461       -0.98337611415787       -3.49240625227544
H           -0.12935767997428        0.07291707799055       -2.43143361433563
H            0.59120045600006       -1.00649114932262       -1.20121832573557
H            1.29157944331276        0.14438370633568        0.84571395943354
H            2.66746345910219        0.49412748948019       -0.20973298673950
H            2.55515186244415        2.01856136405923        1.71448084371931
H            2.54944328528400        2.85517561374468        0.15017621598370
H            0.13746802003492        1.54062050015485        2.61655280116200
H           -1.10326444184424        2.72416808141112        2.18012499103499
H           -0.66483813546762        1.45303676394132        1.03233592140820
H            1.95589626766683        4.62803140339722        1.83179491333417
H            0.30043112469445        4.65348755325521        2.45322878092015
H            1.48162995786908        3.52728905274902        3.13444229351102
H            0.89385800371961        4.43379160371479       -0.33075938749806
H           -0.00078566050555        2.96204010241457       -0.74667115355177
H           -0.73885276931493        4.19109832670741        0.30696024879366
28
 energy: -34.809604453604 gnorm: 0.000236219057 xtb: 6.7.1 (edcfbbe)
O            3.04121760694646       -0.80382613670828       -1.91311164932144
C            1.97702295624626       -0.28907983007634       -2.68830738587386
C            0.74477720524514       -0.10115704293369       -1.80124748381340
O            0.81410768448187        1.03266037486589       -0.95365285612340
C            1.70104951907475        0.87781534731866        0.13861450769225
C            1.96405577261680        2.22197504751395        0.81885366796567
N            0.75111059830553        3.00104338010903        1.21703925349520
C           -0.28004018290319        2.12370285572135        1.79789742989970
C            1.14717971278006        4.01003741618383        2.21733414807188
C            0.18936515973702        3.69067957781598        0.03878729616430
H            3.72738167639913       -1.14617668217695       -2.49514683045575
H            2.25684915852723        0.67650851424819       -3.13218568500378
H            1.70858124811291       -0.98252107510413       -3.49237967523217
H           -0.12816853493800        0.07269762709644       -2.43234368409941
H            0.59263839293596       -1.00714294872705       -1.20288994253709
H            1.28973718258159        0.14481035974394        0.84759109157513
H            2.66666225074513        0.49156444722343       -0.20726548149618
H            2.55636859340872        2.01983048702200        1.71314768926474
H            2.54809951568622        2.85368544955949        0.14766142729504
H            0.13807819817861        1.53980276720761        2.61590811112150
H           -1.10222249213224        2.72486198431741        2.18208621614282
H           -0.66629990932091        1.45430262880742        1.03247030545650
H            1.95712117913423        4.62693307355358        1.83185222189737
H            0.30139417418409        4.65432210439833        2.45184230190977
H            1.48075635606709        3.52739402321627        3.13445986223041
H            0.89314953388024        4.43377250612095       -0.33092321277300
H           -0.00105277609458        2.96181026741227       -0.74665092571013
H           -0.73917977988116        4.19053347627076        0.30704928225195
